Galois Benchmark Suite v2.2.1 (r0)
Copyright (C) 2014 The University of Texas at Austin
http://iss.ices.utexas.edu/galois/

application: Boruvka's Minimum Spanning Tree Algorithm
Computes the minimum spanning forest of a graph
http://iss.ices.utexas.edu/?p=projects/galois/benchmarks/mst

INFO: CommandLine /home/users/norris/research/easy-parallel-graph/autoperf/mst/lib/Galois-2.2.1/build/power/apps/boruvka/boruvka -t=4 /home/users/norris/research/easy-parallel-graph/experiment/datasets/rmat248_ER_75i_1000000.gr
INFO: Hostname arya
Found rapl component at cid 2
Found: rapl:::THERMAL_SPEC_CNT:PACKAGE0
Found: rapl:::THERMAL_SPEC_CNT:PACKAGE1
Found: rapl:::MINIMUM_POWER_CNT:PACKAGE0
Found: rapl:::MINIMUM_POWER_CNT:PACKAGE1
Found: rapl:::MAXIMUM_POWER_CNT:PACKAGE0
Found: rapl:::MAXIMUM_POWER_CNT:PACKAGE1
Found: rapl:::MAXIMUM_TIME_WINDOW_CNT:PACKAGE0
Found: rapl:::MAXIMUM_TIME_WINDOW_CNT:PACKAGE1
Found: rapl:::PACKAGE_ENERGY_CNT:PACKAGE0
Found: rapl:::PACKAGE_ENERGY_CNT:PACKAGE1
Found: rapl:::DRAM_ENERGY_CNT:PACKAGE0
Found: rapl:::DRAM_ENERGY_CNT:PACKAGE1
Found: rapl:::PP0_ENERGY_CNT:PACKAGE0
Found: rapl:::PP0_ENERGY_CNT:PACKAGE1
Found: rapl:::THERMAL_SPEC:PACKAGE0
Found: rapl:::THERMAL_SPEC:PACKAGE1
Found: rapl:::MINIMUM_POWER:PACKAGE0
Found: rapl:::MINIMUM_POWER:PACKAGE1
Found: rapl:::MAXIMUM_POWER:PACKAGE0
Found: rapl:::MAXIMUM_POWER:PACKAGE1
Found: rapl:::MAXIMUM_TIME_WINDOW:PACKAGE0
Found: rapl:::MAXIMUM_TIME_WINDOW:PACKAGE1
Found: rapl:::PACKAGE_ENERGY:PACKAGE0
Found: rapl:::PACKAGE_ENERGY:PACKAGE1
Found: rapl:::DRAM_ENERGY:PACKAGE0
Found: rapl:::DRAM_ENERGY:PACKAGE1
Found: rapl:::PP0_ENERGY:PACKAGE0
Found: rapl:::PP0_ENERGY:PACKAGE1
Nodes: 16777214 edges: 18470946 heaviest edge: 99
1.3848 s 0.0000 (* Average Power for rapl:::THERMAL_SPEC_CNT:PACKAGE0 *)
1.3848 s 0.0000 (* Average Power for rapl:::THERMAL_SPEC_CNT:PACKAGE1 *)
1.3848 s 0.0000 (* Average Power for rapl:::MINIMUM_POWER_CNT:PACKAGE0 *)
1.3848 s 0.0000 (* Average Power for rapl:::MINIMUM_POWER_CNT:PACKAGE1 *)
1.3848 s 0.0000 (* Average Power for rapl:::MAXIMUM_POWER_CNT:PACKAGE0 *)
1.3848 s 0.0000 (* Average Power for rapl:::MAXIMUM_POWER_CNT:PACKAGE1 *)
1.3848 s 0.0000 (* Average Power for rapl:::MAXIMUM_TIME_WINDOW_CNT:PACKAGE0 *)
1.3848 s 0.0000 (* Average Power for rapl:::MAXIMUM_TIME_WINDOW_CNT:PACKAGE1 *)
1.3848 s 0.0012 (* Average Power for rapl:::PACKAGE_ENERGY_CNT:PACKAGE0 *)
1.3848 s 0.0008 (* Average Power for rapl:::PACKAGE_ENERGY_CNT:PACKAGE1 *)
1.3848 s 0.0011 (* Average Power for rapl:::DRAM_ENERGY_CNT:PACKAGE0 *)
1.3848 s 0.0009 (* Average Power for rapl:::DRAM_ENERGY_CNT:PACKAGE1 *)
1.3848 s 0.0000 (* Average Power for rapl:::PP0_ENERGY_CNT:PACKAGE0 *)
1.3848 s 0.0000 (* Average Power for rapl:::PP0_ENERGY_CNT:PACKAGE1 *)
1.3848 s 3350139372.4038 (* Average Power for rapl:::THERMAL_SPEC:PACKAGE0 *)
1.3848 s 3350139372.4038 (* Average Power for rapl:::THERMAL_SPEC:PACKAGE1 *)
1.3848 s 3346709377.6726 (* Average Power for rapl:::MINIMUM_POWER:PACKAGE0 *)
1.3848 s 3346709377.6726 (* Average Power for rapl:::MINIMUM_POWER:PACKAGE1 *)
1.3848 s 3353391515.5563 (* Average Power for rapl:::MAXIMUM_POWER:PACKAGE0 *)
1.3848 s 3353391515.5563 (* Average Power for rapl:::MAXIMUM_POWER:PACKAGE1 *)
1.3848 s 3312206171.4133 (* Average Power for rapl:::MAXIMUM_TIME_WINDOW:PACKAGE0 *)
1.3848 s 3312206171.4133 (* Average Power for rapl:::MAXIMUM_TIME_WINDOW:PACKAGE1 *)
1.3848 s 101.2621 (* Total Energy for rapl:::PACKAGE_ENERGY:PACKAGE0 *)
1.3848 s 73.1235 (* Average Power for rapl:::PACKAGE_ENERGY:PACKAGE0 *)
1.3848 s 67.6243 (* Total Energy for rapl:::PACKAGE_ENERGY:PACKAGE1 *)
1.3848 s 48.8329 (* Average Power for rapl:::PACKAGE_ENERGY:PACKAGE1 *)
1.3848 s 16.9526 (* Average Power for rapl:::DRAM_ENERGY:PACKAGE0 *)
1.3848 s 14.1184 (* Average Power for rapl:::DRAM_ENERGY:PACKAGE1 *)
1.3848 s 0.0000 (* Average Power for rapl:::PP0_ENERGY:PACKAGE0 *)
1.3848 s 0.0000 (* Average Power for rapl:::PP0_ENERGY:PACKAGE1 *)
MST weight: 2.24449e+08 (224448578)
Num trees: 12024891
Tree edges: 4752323
STATTYPE,LOOP,CATEGORY,n,sum,T0,T1,T2,T3
STAT,(NULL),InitializeSortTime,4,307,307,0,0,0
STAT,(NULL),InitializeTime,4,2233,2233,0,0,0
STAT,(NULL),LoopTime,4,1695,1695,0,0,0
STAT,(NULL),MeminfoPost,4,153,27,42,42,42
STAT,(NULL),MeminfoPre,4,0,0,0,0,0
STAT,(NULL),Rounds,4,26,26,0,0,0
STAT,(NULL),Threads,4,4,4,0,0,0
STAT,(NULL),Time,4,1384,1384,0,0,0
STAT,map_reduce,LoopTime,4,31,31,0,0,0
Galois Benchmark Suite v2.2.1 (r0)
Copyright (C) 2014 The University of Texas at Austin
http://iss.ices.utexas.edu/galois/

application: Boruvka's Minimum Spanning Tree Algorithm
Computes the minimum spanning forest of a graph
http://iss.ices.utexas.edu/?p=projects/galois/benchmarks/mst

INFO: CommandLine /home/users/norris/research/easy-parallel-graph/autoperf/mst/lib/Galois-2.2.1/build/power/apps/boruvka/boruvka -t=4 /home/users/norris/research/easy-parallel-graph/experiment/datasets/rmat248_ER_75i_1000000.gr
INFO: Hostname arya
Found rapl component at cid 2
Found: rapl:::THERMAL_SPEC_CNT:PACKAGE0
Found: rapl:::THERMAL_SPEC_CNT:PACKAGE1
Found: rapl:::MINIMUM_POWER_CNT:PACKAGE0
Found: rapl:::MINIMUM_POWER_CNT:PACKAGE1
Found: rapl:::MAXIMUM_POWER_CNT:PACKAGE0
Found: rapl:::MAXIMUM_POWER_CNT:PACKAGE1
Found: rapl:::MAXIMUM_TIME_WINDOW_CNT:PACKAGE0
Found: rapl:::MAXIMUM_TIME_WINDOW_CNT:PACKAGE1
Found: rapl:::PACKAGE_ENERGY_CNT:PACKAGE0
Found: rapl:::PACKAGE_ENERGY_CNT:PACKAGE1
Found: rapl:::DRAM_ENERGY_CNT:PACKAGE0
Found: rapl:::DRAM_ENERGY_CNT:PACKAGE1
Found: rapl:::PP0_ENERGY_CNT:PACKAGE0
Found: rapl:::PP0_ENERGY_CNT:PACKAGE1
Found: rapl:::THERMAL_SPEC:PACKAGE0
Found: rapl:::THERMAL_SPEC:PACKAGE1
Found: rapl:::MINIMUM_POWER:PACKAGE0
Found: rapl:::MINIMUM_POWER:PACKAGE1
Found: rapl:::MAXIMUM_POWER:PACKAGE0
Found: rapl:::MAXIMUM_POWER:PACKAGE1
Found: rapl:::MAXIMUM_TIME_WINDOW:PACKAGE0
Found: rapl:::MAXIMUM_TIME_WINDOW:PACKAGE1
Found: rapl:::PACKAGE_ENERGY:PACKAGE0
Found: rapl:::PACKAGE_ENERGY:PACKAGE1
Found: rapl:::DRAM_ENERGY:PACKAGE0
Found: rapl:::DRAM_ENERGY:PACKAGE1
Found: rapl:::PP0_ENERGY:PACKAGE0
Found: rapl:::PP0_ENERGY:PACKAGE1
Nodes: 16777214 edges: 18470946 heaviest edge: 99
1.4178 s 0.0000 (* Average Power for rapl:::THERMAL_SPEC_CNT:PACKAGE0 *)
1.4178 s 0.0000 (* Average Power for rapl:::THERMAL_SPEC_CNT:PACKAGE1 *)
1.4178 s 0.0000 (* Average Power for rapl:::MINIMUM_POWER_CNT:PACKAGE0 *)
1.4178 s 0.0000 (* Average Power for rapl:::MINIMUM_POWER_CNT:PACKAGE1 *)
1.4178 s 0.0000 (* Average Power for rapl:::MAXIMUM_POWER_CNT:PACKAGE0 *)
1.4178 s 0.0000 (* Average Power for rapl:::MAXIMUM_POWER_CNT:PACKAGE1 *)
1.4178 s 0.0000 (* Average Power for rapl:::MAXIMUM_TIME_WINDOW_CNT:PACKAGE0 *)
1.4178 s 0.0000 (* Average Power for rapl:::MAXIMUM_TIME_WINDOW_CNT:PACKAGE1 *)
1.4178 s 0.0011 (* Average Power for rapl:::PACKAGE_ENERGY_CNT:PACKAGE0 *)
1.4178 s 0.0009 (* Average Power for rapl:::PACKAGE_ENERGY_CNT:PACKAGE1 *)
1.4178 s 0.0011 (* Average Power for rapl:::DRAM_ENERGY_CNT:PACKAGE0 *)
1.4178 s 0.0009 (* Average Power for rapl:::DRAM_ENERGY_CNT:PACKAGE1 *)
1.4178 s 0.0000 (* Average Power for rapl:::PP0_ENERGY_CNT:PACKAGE0 *)
1.4178 s 0.0000 (* Average Power for rapl:::PP0_ENERGY_CNT:PACKAGE1 *)
1.4178 s 3272269000.8258 (* Average Power for rapl:::THERMAL_SPEC:PACKAGE0 *)
1.4178 s 3272269000.8258 (* Average Power for rapl:::THERMAL_SPEC:PACKAGE1 *)
1.4178 s 3268918732.6178 (* Average Power for rapl:::MINIMUM_POWER:PACKAGE0 *)
1.4178 s 3268918732.6178 (* Average Power for rapl:::MINIMUM_POWER:PACKAGE1 *)
1.4178 s 3275445551.4231 (* Average Power for rapl:::MAXIMUM_POWER:PACKAGE0 *)
1.4178 s 3275445551.4231 (* Average Power for rapl:::MAXIMUM_POWER:PACKAGE1 *)
1.4178 s 3235217516.1247 (* Average Power for rapl:::MAXIMUM_TIME_WINDOW:PACKAGE0 *)
1.4178 s 3235217516.1247 (* Average Power for rapl:::MAXIMUM_TIME_WINDOW:PACKAGE1 *)
1.4178 s 91.3285 (* Total Energy for rapl:::PACKAGE_ENERGY:PACKAGE0 *)
1.4178 s 64.4173 (* Average Power for rapl:::PACKAGE_ENERGY:PACKAGE0 *)
1.4178 s 74.5703 (* Total Energy for rapl:::PACKAGE_ENERGY:PACKAGE1 *)
1.4178 s 52.5971 (* Average Power for rapl:::PACKAGE_ENERGY:PACKAGE1 *)
1.4178 s 16.7273 (* Average Power for rapl:::DRAM_ENERGY:PACKAGE0 *)
1.4178 s 13.9867 (* Average Power for rapl:::DRAM_ENERGY:PACKAGE1 *)
1.4178 s 0.0000 (* Average Power for rapl:::PP0_ENERGY:PACKAGE0 *)
1.4178 s 0.0000 (* Average Power for rapl:::PP0_ENERGY:PACKAGE1 *)
MST weight: 2.24449e+08 (224448578)
Num trees: 12024891
Tree edges: 4752323
STATTYPE,LOOP,CATEGORY,n,sum,T0,T1,T2,T3
STAT,(NULL),InitializeSortTime,4,263,263,0,0,0
STAT,(NULL),InitializeTime,4,2169,2169,0,0,0
STAT,(NULL),LoopTime,4,1678,1678,0,0,0
STAT,(NULL),MeminfoPost,4,153,27,42,42,42
STAT,(NULL),MeminfoPre,4,0,0,0,0,0
STAT,(NULL),Rounds,4,25,25,0,0,0
STAT,(NULL),Threads,4,4,4,0,0,0
STAT,(NULL),Time,4,1417,1417,0,0,0
STAT,map_reduce,LoopTime,4,28,28,0,0,0
Galois Benchmark Suite v2.2.1 (r0)
Copyright (C) 2014 The University of Texas at Austin
http://iss.ices.utexas.edu/galois/

application: Boruvka's Minimum Spanning Tree Algorithm
Computes the minimum spanning forest of a graph
http://iss.ices.utexas.edu/?p=projects/galois/benchmarks/mst

INFO: CommandLine /home/users/norris/research/easy-parallel-graph/autoperf/mst/lib/Galois-2.2.1/build/power/apps/boruvka/boruvka -t=4 /home/users/norris/research/easy-parallel-graph/experiment/datasets/rmat248_ER_75i_1000000.gr
INFO: Hostname arya
Found rapl component at cid 2
Found: rapl:::THERMAL_SPEC_CNT:PACKAGE0
Found: rapl:::THERMAL_SPEC_CNT:PACKAGE1
Found: rapl:::MINIMUM_POWER_CNT:PACKAGE0
Found: rapl:::MINIMUM_POWER_CNT:PACKAGE1
Found: rapl:::MAXIMUM_POWER_CNT:PACKAGE0
Found: rapl:::MAXIMUM_POWER_CNT:PACKAGE1
Found: rapl:::MAXIMUM_TIME_WINDOW_CNT:PACKAGE0
Found: rapl:::MAXIMUM_TIME_WINDOW_CNT:PACKAGE1
Found: rapl:::PACKAGE_ENERGY_CNT:PACKAGE0
Found: rapl:::PACKAGE_ENERGY_CNT:PACKAGE1
Found: rapl:::DRAM_ENERGY_CNT:PACKAGE0
Found: rapl:::DRAM_ENERGY_CNT:PACKAGE1
Found: rapl:::PP0_ENERGY_CNT:PACKAGE0
Found: rapl:::PP0_ENERGY_CNT:PACKAGE1
Found: rapl:::THERMAL_SPEC:PACKAGE0
Found: rapl:::THERMAL_SPEC:PACKAGE1
Found: rapl:::MINIMUM_POWER:PACKAGE0
Found: rapl:::MINIMUM_POWER:PACKAGE1
Found: rapl:::MAXIMUM_POWER:PACKAGE0
Found: rapl:::MAXIMUM_POWER:PACKAGE1
Found: rapl:::MAXIMUM_TIME_WINDOW:PACKAGE0
Found: rapl:::MAXIMUM_TIME_WINDOW:PACKAGE1
Found: rapl:::PACKAGE_ENERGY:PACKAGE0
Found: rapl:::PACKAGE_ENERGY:PACKAGE1
Found: rapl:::DRAM_ENERGY:PACKAGE0
Found: rapl:::DRAM_ENERGY:PACKAGE1
Found: rapl:::PP0_ENERGY:PACKAGE0
Found: rapl:::PP0_ENERGY:PACKAGE1
Nodes: 16777214 edges: 18470946 heaviest edge: 99
1.4555 s 0.0000 (* Average Power for rapl:::THERMAL_SPEC_CNT:PACKAGE0 *)
1.4555 s 0.0000 (* Average Power for rapl:::THERMAL_SPEC_CNT:PACKAGE1 *)
1.4555 s 0.0000 (* Average Power for rapl:::MINIMUM_POWER_CNT:PACKAGE0 *)
1.4555 s 0.0000 (* Average Power for rapl:::MINIMUM_POWER_CNT:PACKAGE1 *)
1.4555 s 0.0000 (* Average Power for rapl:::MAXIMUM_POWER_CNT:PACKAGE0 *)
1.4555 s 0.0000 (* Average Power for rapl:::MAXIMUM_POWER_CNT:PACKAGE1 *)
1.4555 s 0.0000 (* Average Power for rapl:::MAXIMUM_TIME_WINDOW_CNT:PACKAGE0 *)
1.4555 s 0.0000 (* Average Power for rapl:::MAXIMUM_TIME_WINDOW_CNT:PACKAGE1 *)
1.4555 s 0.0013 (* Average Power for rapl:::PACKAGE_ENERGY_CNT:PACKAGE0 *)
1.4555 s 0.0009 (* Average Power for rapl:::PACKAGE_ENERGY_CNT:PACKAGE1 *)
1.4555 s 0.0011 (* Average Power for rapl:::DRAM_ENERGY_CNT:PACKAGE0 *)
1.4555 s 0.0009 (* Average Power for rapl:::DRAM_ENERGY_CNT:PACKAGE1 *)
1.4555 s 0.0000 (* Average Power for rapl:::PP0_ENERGY_CNT:PACKAGE0 *)
1.4555 s 0.0000 (* Average Power for rapl:::PP0_ENERGY_CNT:PACKAGE1 *)
1.4555 s 3187468730.7044 (* Average Power for rapl:::THERMAL_SPEC:PACKAGE0 *)
1.4555 s 3187468730.7044 (* Average Power for rapl:::THERMAL_SPEC:PACKAGE1 *)
1.4555 s 3184205284.1020 (* Average Power for rapl:::MINIMUM_POWER:PACKAGE0 *)
1.4555 s 3184205284.1020 (* Average Power for rapl:::MINIMUM_POWER:PACKAGE1 *)
1.4555 s 3190562961.5570 (* Average Power for rapl:::MAXIMUM_POWER:PACKAGE0 *)
1.4555 s 3190562961.5570 (* Average Power for rapl:::MAXIMUM_POWER:PACKAGE1 *)
1.4555 s 3151377428.6503 (* Average Power for rapl:::MAXIMUM_TIME_WINDOW:PACKAGE0 *)
1.4555 s 3151377428.6503 (* Average Power for rapl:::MAXIMUM_TIME_WINDOW:PACKAGE1 *)
1.4555 s 118.8910 (* Total Energy for rapl:::PACKAGE_ENERGY:PACKAGE0 *)
1.4555 s 81.6849 (* Average Power for rapl:::PACKAGE_ENERGY:PACKAGE0 *)
1.4555 s 77.9139 (* Total Energy for rapl:::PACKAGE_ENERGY:PACKAGE1 *)
1.4555 s 53.5313 (* Average Power for rapl:::PACKAGE_ENERGY:PACKAGE1 *)
1.4555 s 16.7258 (* Average Power for rapl:::DRAM_ENERGY:PACKAGE0 *)
1.4555 s 13.8871 (* Average Power for rapl:::DRAM_ENERGY:PACKAGE1 *)
1.4555 s 0.0000 (* Average Power for rapl:::PP0_ENERGY:PACKAGE0 *)
1.4555 s 0.0000 (* Average Power for rapl:::PP0_ENERGY:PACKAGE1 *)
MST weight: 2.24449e+08 (224448578)
Num trees: 12024891
Tree edges: 4752323
STATTYPE,LOOP,CATEGORY,n,sum,T0,T1,T2,T3
STAT,(NULL),InitializeSortTime,4,315,315,0,0,0
STAT,(NULL),InitializeTime,4,2242,2242,0,0,0
STAT,(NULL),LoopTime,4,1774,1774,0,0,0
STAT,(NULL),MeminfoPost,4,152,27,42,42,41
STAT,(NULL),MeminfoPre,4,0,0,0,0,0
STAT,(NULL),Rounds,4,26,26,0,0,0
STAT,(NULL),Threads,4,4,4,0,0,0
STAT,(NULL),Time,4,1455,1455,0,0,0
STAT,map_reduce,LoopTime,4,31,31,0,0,0
Galois Benchmark Suite v2.2.1 (r0)
Copyright (C) 2014 The University of Texas at Austin
http://iss.ices.utexas.edu/galois/

application: Boruvka's Minimum Spanning Tree Algorithm
Computes the minimum spanning forest of a graph
http://iss.ices.utexas.edu/?p=projects/galois/benchmarks/mst

INFO: CommandLine /home/users/norris/research/easy-parallel-graph/autoperf/mst/lib/Galois-2.2.1/build/power/apps/boruvka/boruvka -t=4 /home/users/norris/research/easy-parallel-graph/experiment/datasets/rmat248_ER_75i_1000000.gr
INFO: Hostname arya
Found rapl component at cid 2
Found: rapl:::THERMAL_SPEC_CNT:PACKAGE0
Found: rapl:::THERMAL_SPEC_CNT:PACKAGE1
Found: rapl:::MINIMUM_POWER_CNT:PACKAGE0
Found: rapl:::MINIMUM_POWER_CNT:PACKAGE1
Found: rapl:::MAXIMUM_POWER_CNT:PACKAGE0
Found: rapl:::MAXIMUM_POWER_CNT:PACKAGE1
Found: rapl:::MAXIMUM_TIME_WINDOW_CNT:PACKAGE0
Found: rapl:::MAXIMUM_TIME_WINDOW_CNT:PACKAGE1
Found: rapl:::PACKAGE_ENERGY_CNT:PACKAGE0
Found: rapl:::PACKAGE_ENERGY_CNT:PACKAGE1
Found: rapl:::DRAM_ENERGY_CNT:PACKAGE0
Found: rapl:::DRAM_ENERGY_CNT:PACKAGE1
Found: rapl:::PP0_ENERGY_CNT:PACKAGE0
Found: rapl:::PP0_ENERGY_CNT:PACKAGE1
Found: rapl:::THERMAL_SPEC:PACKAGE0
Found: rapl:::THERMAL_SPEC:PACKAGE1
Found: rapl:::MINIMUM_POWER:PACKAGE0
Found: rapl:::MINIMUM_POWER:PACKAGE1
Found: rapl:::MAXIMUM_POWER:PACKAGE0
Found: rapl:::MAXIMUM_POWER:PACKAGE1
Found: rapl:::MAXIMUM_TIME_WINDOW:PACKAGE0
Found: rapl:::MAXIMUM_TIME_WINDOW:PACKAGE1
Found: rapl:::PACKAGE_ENERGY:PACKAGE0
Found: rapl:::PACKAGE_ENERGY:PACKAGE1
Found: rapl:::DRAM_ENERGY:PACKAGE0
Found: rapl:::DRAM_ENERGY:PACKAGE1
Found: rapl:::PP0_ENERGY:PACKAGE0
Found: rapl:::PP0_ENERGY:PACKAGE1
Nodes: 16777214 edges: 18470946 heaviest edge: 99
1.5714 s 0.0000 (* Average Power for rapl:::THERMAL_SPEC_CNT:PACKAGE0 *)
1.5714 s 0.0000 (* Average Power for rapl:::THERMAL_SPEC_CNT:PACKAGE1 *)
1.5714 s 0.0000 (* Average Power for rapl:::MINIMUM_POWER_CNT:PACKAGE0 *)
1.5714 s 0.0000 (* Average Power for rapl:::MINIMUM_POWER_CNT:PACKAGE1 *)
1.5714 s 0.0000 (* Average Power for rapl:::MAXIMUM_POWER_CNT:PACKAGE0 *)
1.5714 s 0.0000 (* Average Power for rapl:::MAXIMUM_POWER_CNT:PACKAGE1 *)
1.5714 s 0.0000 (* Average Power for rapl:::MAXIMUM_TIME_WINDOW_CNT:PACKAGE0 *)
1.5714 s 0.0000 (* Average Power for rapl:::MAXIMUM_TIME_WINDOW_CNT:PACKAGE1 *)
1.5714 s 0.0012 (* Average Power for rapl:::PACKAGE_ENERGY_CNT:PACKAGE0 *)
1.5714 s 0.0006 (* Average Power for rapl:::PACKAGE_ENERGY_CNT:PACKAGE1 *)
1.5714 s 0.0011 (* Average Power for rapl:::DRAM_ENERGY_CNT:PACKAGE0 *)
1.5714 s 0.0009 (* Average Power for rapl:::DRAM_ENERGY_CNT:PACKAGE1 *)
1.5714 s 0.0000 (* Average Power for rapl:::PP0_ENERGY_CNT:PACKAGE0 *)
1.5714 s 0.0000 (* Average Power for rapl:::PP0_ENERGY_CNT:PACKAGE1 *)
1.5714 s 2952425031.2178 (* Average Power for rapl:::THERMAL_SPEC:PACKAGE0 *)
1.5714 s 2952425031.2178 (* Average Power for rapl:::THERMAL_SPEC:PACKAGE1 *)
1.5714 s 2949402230.9173 (* Average Power for rapl:::MINIMUM_POWER:PACKAGE0 *)
1.5714 s 2949402230.9173 (* Average Power for rapl:::MINIMUM_POWER:PACKAGE1 *)
1.5714 s 2955291093.7248 (* Average Power for rapl:::MAXIMUM_POWER:PACKAGE0 *)
1.5714 s 2955291093.7248 (* Average Power for rapl:::MAXIMUM_POWER:PACKAGE1 *)
1.5714 s 2918995099.0063 (* Average Power for rapl:::MAXIMUM_TIME_WINDOW:PACKAGE0 *)
1.5714 s 2918995099.0063 (* Average Power for rapl:::MAXIMUM_TIME_WINDOW:PACKAGE1 *)
1.5714 s 118.9371 (* Total Energy for rapl:::PACKAGE_ENERGY:PACKAGE0 *)
1.5714 s 75.6908 (* Average Power for rapl:::PACKAGE_ENERGY:PACKAGE0 *)
1.5714 s 53.9506 (* Total Energy for rapl:::PACKAGE_ENERGY:PACKAGE1 *)
1.5714 s 34.3338 (* Average Power for rapl:::PACKAGE_ENERGY:PACKAGE1 *)
1.5714 s 16.6622 (* Average Power for rapl:::DRAM_ENERGY:PACKAGE0 *)
1.5714 s 14.2317 (* Average Power for rapl:::DRAM_ENERGY:PACKAGE1 *)
1.5714 s 0.0000 (* Average Power for rapl:::PP0_ENERGY:PACKAGE0 *)
1.5714 s 0.0000 (* Average Power for rapl:::PP0_ENERGY:PACKAGE1 *)
MST weight: 2.24449e+08 (224448578)
Num trees: 12024891
Tree edges: 4752323
STATTYPE,LOOP,CATEGORY,n,sum,T0,T1,T2,T3
STAT,(NULL),InitializeSortTime,4,307,307,0,0,0
STAT,(NULL),InitializeTime,4,2293,2293,0,0,0
STAT,(NULL),LoopTime,4,1877,1877,0,0,0
STAT,(NULL),MeminfoPost,4,153,27,42,42,42
STAT,(NULL),MeminfoPre,4,0,0,0,0,0
STAT,(NULL),Rounds,4,26,26,0,0,0
STAT,(NULL),Threads,4,4,4,0,0,0
STAT,(NULL),Time,4,1571,1571,0,0,0
STAT,map_reduce,LoopTime,4,33,33,0,0,0
