Galois Benchmark Suite v2.2.1 (r0)
Copyright (C) 2014 The University of Texas at Austin
http://iss.ices.utexas.edu/galois/

application: Boruvka's Minimum Spanning Tree Algorithm
Computes the minimum spanning forest of a graph
http://iss.ices.utexas.edu/?p=projects/galois/benchmarks/mst

INFO: CommandLine /home/users/norris/research/easy-parallel-graph/autoperf/mst/lib/Galois-2.2.1/build/power/apps/boruvka/boruvka -t=48 /home/users/norris/research/easy-parallel-graph/experiment/datasets/rmat248_G_100i_1000000.gr
INFO: Hostname arya
Found rapl component at cid 2
Found: rapl:::THERMAL_SPEC_CNT:PACKAGE0
Found: rapl:::THERMAL_SPEC_CNT:PACKAGE1
Found: rapl:::MINIMUM_POWER_CNT:PACKAGE0
Found: rapl:::MINIMUM_POWER_CNT:PACKAGE1
Found: rapl:::MAXIMUM_POWER_CNT:PACKAGE0
Found: rapl:::MAXIMUM_POWER_CNT:PACKAGE1
Found: rapl:::MAXIMUM_TIME_WINDOW_CNT:PACKAGE0
Found: rapl:::MAXIMUM_TIME_WINDOW_CNT:PACKAGE1
Found: rapl:::PACKAGE_ENERGY_CNT:PACKAGE0
Found: rapl:::PACKAGE_ENERGY_CNT:PACKAGE1
Found: rapl:::DRAM_ENERGY_CNT:PACKAGE0
Found: rapl:::DRAM_ENERGY_CNT:PACKAGE1
Found: rapl:::PP0_ENERGY_CNT:PACKAGE0
Found: rapl:::PP0_ENERGY_CNT:PACKAGE1
Found: rapl:::THERMAL_SPEC:PACKAGE0
Found: rapl:::THERMAL_SPEC:PACKAGE1
Found: rapl:::MINIMUM_POWER:PACKAGE0
Found: rapl:::MINIMUM_POWER:PACKAGE1
Found: rapl:::MAXIMUM_POWER:PACKAGE0
Found: rapl:::MAXIMUM_POWER:PACKAGE1
Found: rapl:::MAXIMUM_TIME_WINDOW:PACKAGE0
Found: rapl:::MAXIMUM_TIME_WINDOW:PACKAGE1
Found: rapl:::PACKAGE_ENERGY:PACKAGE0
Found: rapl:::PACKAGE_ENERGY:PACKAGE1
Found: rapl:::DRAM_ENERGY:PACKAGE0
Found: rapl:::DRAM_ENERGY:PACKAGE1
Found: rapl:::PP0_ENERGY:PACKAGE0
Found: rapl:::PP0_ENERGY:PACKAGE1
Nodes: 16777216 edges: 538752488 heaviest edge: 99
2.5138 s 0.0000 (* Average Power for rapl:::THERMAL_SPEC_CNT:PACKAGE0 *)
2.5138 s 0.0000 (* Average Power for rapl:::THERMAL_SPEC_CNT:PACKAGE1 *)
2.5138 s 0.0000 (* Average Power for rapl:::MINIMUM_POWER_CNT:PACKAGE0 *)
2.5138 s 0.0000 (* Average Power for rapl:::MINIMUM_POWER_CNT:PACKAGE1 *)
2.5138 s 0.0000 (* Average Power for rapl:::MAXIMUM_POWER_CNT:PACKAGE0 *)
2.5138 s 0.0000 (* Average Power for rapl:::MAXIMUM_POWER_CNT:PACKAGE1 *)
2.5138 s 0.0000 (* Average Power for rapl:::MAXIMUM_TIME_WINDOW_CNT:PACKAGE0 *)
2.5138 s 0.0000 (* Average Power for rapl:::MAXIMUM_TIME_WINDOW_CNT:PACKAGE1 *)
2.5138 s 0.0021 (* Average Power for rapl:::PACKAGE_ENERGY_CNT:PACKAGE0 *)
2.5138 s 0.0020 (* Average Power for rapl:::PACKAGE_ENERGY_CNT:PACKAGE1 *)
2.5138 s 0.0015 (* Average Power for rapl:::DRAM_ENERGY_CNT:PACKAGE0 *)
2.5138 s 0.0014 (* Average Power for rapl:::DRAM_ENERGY_CNT:PACKAGE1 *)
2.5138 s 0.0000 (* Average Power for rapl:::PP0_ENERGY_CNT:PACKAGE0 *)
2.5138 s 0.0000 (* Average Power for rapl:::PP0_ENERGY_CNT:PACKAGE1 *)
2.5138 s 1845507683.1483 (* Average Power for rapl:::THERMAL_SPEC:PACKAGE0 *)
2.5138 s 1845507683.1483 (* Average Power for rapl:::THERMAL_SPEC:PACKAGE1 *)
2.5138 s 1843618185.1526 (* Average Power for rapl:::MINIMUM_POWER:PACKAGE0 *)
2.5138 s 1843618185.1526 (* Average Power for rapl:::MINIMUM_POWER:PACKAGE1 *)
2.5138 s 1847299207.1739 (* Average Power for rapl:::MAXIMUM_POWER:PACKAGE0 *)
2.5138 s 1847299207.1739 (* Average Power for rapl:::MAXIMUM_POWER:PACKAGE1 *)
2.5138 s 1824611234.9435 (* Average Power for rapl:::MAXIMUM_TIME_WINDOW:PACKAGE0 *)
2.5138 s 1824611234.9435 (* Average Power for rapl:::MAXIMUM_TIME_WINDOW:PACKAGE1 *)
2.5138 s 315.3223 (* Total Energy for rapl:::PACKAGE_ENERGY:PACKAGE0 *)
2.5138 s 125.4346 (* Average Power for rapl:::PACKAGE_ENERGY:PACKAGE0 *)
2.5138 s 310.0166 (* Total Energy for rapl:::PACKAGE_ENERGY:PACKAGE1 *)
2.5138 s 123.3241 (* Average Power for rapl:::PACKAGE_ENERGY:PACKAGE1 *)
2.5138 s 23.4590 (* Average Power for rapl:::DRAM_ENERGY:PACKAGE0 *)
2.5138 s 20.8418 (* Average Power for rapl:::DRAM_ENERGY:PACKAGE1 *)
2.5138 s 0.0000 (* Average Power for rapl:::PP0_ENERGY:PACKAGE0 *)
2.5138 s 0.0000 (* Average Power for rapl:::PP0_ENERGY:PACKAGE1 *)
MST weight: 2.16283e+08 (216283071)
Num trees: 281104
Tree edges: 16496112
STATTYPE,LOOP,CATEGORY,n,sum,T0,T1,T2,T3,T4,T5,T6,T7,T8,T9,T10,T11,T12,T13,T14,T15,T16,T17,T18,T19,T20,T21,T22,T23,T24,T25,T26,T27,T28,T29,T30,T31,T32,T33,T34,T35,T36,T37,T38,T39,T40,T41,T42,T43,T44,T45,T46,T47
STAT,(NULL),InitializeSortTime,48,543,543,0,0,0,0,0,0,0,0,0,0,0,0,0,0,0,0,0,0,0,0,0,0,0,0,0,0,0,0,0,0,0,0,0,0,0,0,0,0,0,0,0,0,0,0,0,0,0
STAT,(NULL),InitializeTime,48,56159,56159,0,0,0,0,0,0,0,0,0,0,0,0,0,0,0,0,0,0,0,0,0,0,0,0,0,0,0,0,0,0,0,0,0,0,0,0,0,0,0,0,0,0,0,0,0,0,0
STAT,(NULL),LoopTime,48,3035,3035,0,0,0,0,0,0,0,0,0,0,0,0,0,0,0,0,0,0,0,0,0,0,0,0,0,0,0,0,0,0,0,0,0,0,0,0,0,0,0,0,0,0,0,0,0,0,0
STAT,(NULL),MeminfoPost,48,585,12,12,12,12,12,12,12,12,12,12,12,12,12,12,12,12,12,12,12,12,12,12,12,12,12,12,12,12,12,12,12,12,12,12,12,12,13,12,12,13,12,13,13,13,13,13,13,13
STAT,(NULL),MeminfoPre,48,0,0,0,0,0,0,0,0,0,0,0,0,0,0,0,0,0,0,0,0,0,0,0,0,0,0,0,0,0,0,0,0,0,0,0,0,0,0,0,0,0,0,0,0,0,0,0,0,0
STAT,(NULL),Rounds,48,24,24,0,0,0,0,0,0,0,0,0,0,0,0,0,0,0,0,0,0,0,0,0,0,0,0,0,0,0,0,0,0,0,0,0,0,0,0,0,0,0,0,0,0,0,0,0,0,0
STAT,(NULL),Threads,48,48,48,0,0,0,0,0,0,0,0,0,0,0,0,0,0,0,0,0,0,0,0,0,0,0,0,0,0,0,0,0,0,0,0,0,0,0,0,0,0,0,0,0,0,0,0,0,0,0
STAT,(NULL),Time,48,2513,2513,0,0,0,0,0,0,0,0,0,0,0,0,0,0,0,0,0,0,0,0,0,0,0,0,0,0,0,0,0,0,0,0,0,0,0,0,0,0,0,0,0,0,0,0,0,0,0
STAT,map_reduce,LoopTime,48,176,176,0,0,0,0,0,0,0,0,0,0,0,0,0,0,0,0,0,0,0,0,0,0,0,0,0,0,0,0,0,0,0,0,0,0,0,0,0,0,0,0,0,0,0,0,0,0,0
Galois Benchmark Suite v2.2.1 (r0)
Copyright (C) 2014 The University of Texas at Austin
http://iss.ices.utexas.edu/galois/

application: Boruvka's Minimum Spanning Tree Algorithm
Computes the minimum spanning forest of a graph
http://iss.ices.utexas.edu/?p=projects/galois/benchmarks/mst

INFO: CommandLine /home/users/norris/research/easy-parallel-graph/autoperf/mst/lib/Galois-2.2.1/build/power/apps/boruvka/boruvka -t=48 /home/users/norris/research/easy-parallel-graph/experiment/datasets/rmat248_G_100i_1000000.gr
INFO: Hostname arya
Found rapl component at cid 2
Found: rapl:::THERMAL_SPEC_CNT:PACKAGE0
Found: rapl:::THERMAL_SPEC_CNT:PACKAGE1
Found: rapl:::MINIMUM_POWER_CNT:PACKAGE0
Found: rapl:::MINIMUM_POWER_CNT:PACKAGE1
Found: rapl:::MAXIMUM_POWER_CNT:PACKAGE0
Found: rapl:::MAXIMUM_POWER_CNT:PACKAGE1
Found: rapl:::MAXIMUM_TIME_WINDOW_CNT:PACKAGE0
Found: rapl:::MAXIMUM_TIME_WINDOW_CNT:PACKAGE1
Found: rapl:::PACKAGE_ENERGY_CNT:PACKAGE0
Found: rapl:::PACKAGE_ENERGY_CNT:PACKAGE1
Found: rapl:::DRAM_ENERGY_CNT:PACKAGE0
Found: rapl:::DRAM_ENERGY_CNT:PACKAGE1
Found: rapl:::PP0_ENERGY_CNT:PACKAGE0
Found: rapl:::PP0_ENERGY_CNT:PACKAGE1
Found: rapl:::THERMAL_SPEC:PACKAGE0
Found: rapl:::THERMAL_SPEC:PACKAGE1
Found: rapl:::MINIMUM_POWER:PACKAGE0
Found: rapl:::MINIMUM_POWER:PACKAGE1
Found: rapl:::MAXIMUM_POWER:PACKAGE0
Found: rapl:::MAXIMUM_POWER:PACKAGE1
Found: rapl:::MAXIMUM_TIME_WINDOW:PACKAGE0
Found: rapl:::MAXIMUM_TIME_WINDOW:PACKAGE1
Found: rapl:::PACKAGE_ENERGY:PACKAGE0
Found: rapl:::PACKAGE_ENERGY:PACKAGE1
Found: rapl:::DRAM_ENERGY:PACKAGE0
Found: rapl:::DRAM_ENERGY:PACKAGE1
Found: rapl:::PP0_ENERGY:PACKAGE0
Found: rapl:::PP0_ENERGY:PACKAGE1
Nodes: 16777216 edges: 538752488 heaviest edge: 99
2.4760 s 0.0000 (* Average Power for rapl:::THERMAL_SPEC_CNT:PACKAGE0 *)
2.4760 s 0.0000 (* Average Power for rapl:::THERMAL_SPEC_CNT:PACKAGE1 *)
2.4760 s 0.0000 (* Average Power for rapl:::MINIMUM_POWER_CNT:PACKAGE0 *)
2.4760 s 0.0000 (* Average Power for rapl:::MINIMUM_POWER_CNT:PACKAGE1 *)
2.4760 s 0.0000 (* Average Power for rapl:::MAXIMUM_POWER_CNT:PACKAGE0 *)
2.4760 s 0.0000 (* Average Power for rapl:::MAXIMUM_POWER_CNT:PACKAGE1 *)
2.4760 s 0.0000 (* Average Power for rapl:::MAXIMUM_TIME_WINDOW_CNT:PACKAGE0 *)
2.4760 s 0.0000 (* Average Power for rapl:::MAXIMUM_TIME_WINDOW_CNT:PACKAGE1 *)
2.4760 s 0.0020 (* Average Power for rapl:::PACKAGE_ENERGY_CNT:PACKAGE0 *)
2.4760 s 0.0020 (* Average Power for rapl:::PACKAGE_ENERGY_CNT:PACKAGE1 *)
2.4760 s 0.0015 (* Average Power for rapl:::DRAM_ENERGY_CNT:PACKAGE0 *)
2.4760 s 0.0013 (* Average Power for rapl:::DRAM_ENERGY_CNT:PACKAGE1 *)
2.4760 s 0.0000 (* Average Power for rapl:::PP0_ENERGY_CNT:PACKAGE0 *)
2.4760 s 0.0000 (* Average Power for rapl:::PP0_ENERGY_CNT:PACKAGE1 *)
2.4760 s 1873724540.4352 (* Average Power for rapl:::THERMAL_SPEC:PACKAGE0 *)
2.4760 s 1873724540.4352 (* Average Power for rapl:::THERMAL_SPEC:PACKAGE1 *)
2.4760 s 1871806152.9931 (* Average Power for rapl:::MINIMUM_POWER:PACKAGE0 *)
2.4760 s 1871806152.9931 (* Average Power for rapl:::MINIMUM_POWER:PACKAGE1 *)
2.4760 s 1875543455.9359 (* Average Power for rapl:::MAXIMUM_POWER:PACKAGE0 *)
2.4760 s 1875543455.9359 (* Average Power for rapl:::MAXIMUM_POWER:PACKAGE1 *)
2.4760 s 1852508596.3528 (* Average Power for rapl:::MAXIMUM_TIME_WINDOW:PACKAGE0 *)
2.4760 s 1852508596.3528 (* Average Power for rapl:::MAXIMUM_TIME_WINDOW:PACKAGE1 *)
2.4760 s 308.6841 (* Total Energy for rapl:::PACKAGE_ENERGY:PACKAGE0 *)
2.4760 s 124.6715 (* Average Power for rapl:::PACKAGE_ENERGY:PACKAGE0 *)
2.4760 s 301.6267 (* Total Energy for rapl:::PACKAGE_ENERGY:PACKAGE1 *)
2.4760 s 121.8211 (* Average Power for rapl:::PACKAGE_ENERGY:PACKAGE1 *)
2.4760 s 23.5758 (* Average Power for rapl:::DRAM_ENERGY:PACKAGE0 *)
2.4760 s 20.2517 (* Average Power for rapl:::DRAM_ENERGY:PACKAGE1 *)
2.4760 s 0.0000 (* Average Power for rapl:::PP0_ENERGY:PACKAGE0 *)
2.4760 s 0.0000 (* Average Power for rapl:::PP0_ENERGY:PACKAGE1 *)
MST weight: 2.16283e+08 (216283071)
Num trees: 281104
Tree edges: 16496112
STATTYPE,LOOP,CATEGORY,n,sum,T0,T1,T2,T3,T4,T5,T6,T7,T8,T9,T10,T11,T12,T13,T14,T15,T16,T17,T18,T19,T20,T21,T22,T23,T24,T25,T26,T27,T28,T29,T30,T31,T32,T33,T34,T35,T36,T37,T38,T39,T40,T41,T42,T43,T44,T45,T46,T47
STAT,(NULL),InitializeSortTime,48,543,543,0,0,0,0,0,0,0,0,0,0,0,0,0,0,0,0,0,0,0,0,0,0,0,0,0,0,0,0,0,0,0,0,0,0,0,0,0,0,0,0,0,0,0,0,0,0,0
STAT,(NULL),InitializeTime,48,56567,56567,0,0,0,0,0,0,0,0,0,0,0,0,0,0,0,0,0,0,0,0,0,0,0,0,0,0,0,0,0,0,0,0,0,0,0,0,0,0,0,0,0,0,0,0,0,0,0
STAT,(NULL),LoopTime,48,2967,2967,0,0,0,0,0,0,0,0,0,0,0,0,0,0,0,0,0,0,0,0,0,0,0,0,0,0,0,0,0,0,0,0,0,0,0,0,0,0,0,0,0,0,0,0,0,0,0
STAT,(NULL),MeminfoPost,48,584,12,12,12,12,12,12,12,12,12,12,12,12,12,12,12,12,12,12,12,12,12,12,12,12,12,12,12,12,12,12,12,12,12,12,12,12,13,12,12,12,12,13,13,13,13,13,13,13
STAT,(NULL),MeminfoPre,48,0,0,0,0,0,0,0,0,0,0,0,0,0,0,0,0,0,0,0,0,0,0,0,0,0,0,0,0,0,0,0,0,0,0,0,0,0,0,0,0,0,0,0,0,0,0,0,0,0
STAT,(NULL),Rounds,48,23,23,0,0,0,0,0,0,0,0,0,0,0,0,0,0,0,0,0,0,0,0,0,0,0,0,0,0,0,0,0,0,0,0,0,0,0,0,0,0,0,0,0,0,0,0,0,0,0
STAT,(NULL),Threads,48,48,48,0,0,0,0,0,0,0,0,0,0,0,0,0,0,0,0,0,0,0,0,0,0,0,0,0,0,0,0,0,0,0,0,0,0,0,0,0,0,0,0,0,0,0,0,0,0,0
STAT,(NULL),Time,48,2475,2475,0,0,0,0,0,0,0,0,0,0,0,0,0,0,0,0,0,0,0,0,0,0,0,0,0,0,0,0,0,0,0,0,0,0,0,0,0,0,0,0,0,0,0,0,0,0,0
STAT,map_reduce,LoopTime,48,176,176,0,0,0,0,0,0,0,0,0,0,0,0,0,0,0,0,0,0,0,0,0,0,0,0,0,0,0,0,0,0,0,0,0,0,0,0,0,0,0,0,0,0,0,0,0,0,0
Galois Benchmark Suite v2.2.1 (r0)
Copyright (C) 2014 The University of Texas at Austin
http://iss.ices.utexas.edu/galois/

application: Boruvka's Minimum Spanning Tree Algorithm
Computes the minimum spanning forest of a graph
http://iss.ices.utexas.edu/?p=projects/galois/benchmarks/mst

INFO: CommandLine /home/users/norris/research/easy-parallel-graph/autoperf/mst/lib/Galois-2.2.1/build/power/apps/boruvka/boruvka -t=48 /home/users/norris/research/easy-parallel-graph/experiment/datasets/rmat248_G_100i_1000000.gr
INFO: Hostname arya
Found rapl component at cid 2
Found: rapl:::THERMAL_SPEC_CNT:PACKAGE0
Found: rapl:::THERMAL_SPEC_CNT:PACKAGE1
Found: rapl:::MINIMUM_POWER_CNT:PACKAGE0
Found: rapl:::MINIMUM_POWER_CNT:PACKAGE1
Found: rapl:::MAXIMUM_POWER_CNT:PACKAGE0
Found: rapl:::MAXIMUM_POWER_CNT:PACKAGE1
Found: rapl:::MAXIMUM_TIME_WINDOW_CNT:PACKAGE0
Found: rapl:::MAXIMUM_TIME_WINDOW_CNT:PACKAGE1
Found: rapl:::PACKAGE_ENERGY_CNT:PACKAGE0
Found: rapl:::PACKAGE_ENERGY_CNT:PACKAGE1
Found: rapl:::DRAM_ENERGY_CNT:PACKAGE0
Found: rapl:::DRAM_ENERGY_CNT:PACKAGE1
Found: rapl:::PP0_ENERGY_CNT:PACKAGE0
Found: rapl:::PP0_ENERGY_CNT:PACKAGE1
Found: rapl:::THERMAL_SPEC:PACKAGE0
Found: rapl:::THERMAL_SPEC:PACKAGE1
Found: rapl:::MINIMUM_POWER:PACKAGE0
Found: rapl:::MINIMUM_POWER:PACKAGE1
Found: rapl:::MAXIMUM_POWER:PACKAGE0
Found: rapl:::MAXIMUM_POWER:PACKAGE1
Found: rapl:::MAXIMUM_TIME_WINDOW:PACKAGE0
Found: rapl:::MAXIMUM_TIME_WINDOW:PACKAGE1
Found: rapl:::PACKAGE_ENERGY:PACKAGE0
Found: rapl:::PACKAGE_ENERGY:PACKAGE1
Found: rapl:::DRAM_ENERGY:PACKAGE0
Found: rapl:::DRAM_ENERGY:PACKAGE1
Found: rapl:::PP0_ENERGY:PACKAGE0
Found: rapl:::PP0_ENERGY:PACKAGE1
Nodes: 16777216 edges: 538752488 heaviest edge: 99
2.4125 s 0.0000 (* Average Power for rapl:::THERMAL_SPEC_CNT:PACKAGE0 *)
2.4125 s 0.0000 (* Average Power for rapl:::THERMAL_SPEC_CNT:PACKAGE1 *)
2.4125 s 0.0000 (* Average Power for rapl:::MINIMUM_POWER_CNT:PACKAGE0 *)
2.4125 s 0.0000 (* Average Power for rapl:::MINIMUM_POWER_CNT:PACKAGE1 *)
2.4125 s 0.0000 (* Average Power for rapl:::MAXIMUM_POWER_CNT:PACKAGE0 *)
2.4125 s 0.0000 (* Average Power for rapl:::MAXIMUM_POWER_CNT:PACKAGE1 *)
2.4125 s 0.0000 (* Average Power for rapl:::MAXIMUM_TIME_WINDOW_CNT:PACKAGE0 *)
2.4125 s 0.0000 (* Average Power for rapl:::MAXIMUM_TIME_WINDOW_CNT:PACKAGE1 *)
2.4125 s 0.0021 (* Average Power for rapl:::PACKAGE_ENERGY_CNT:PACKAGE0 *)
2.4125 s 0.0020 (* Average Power for rapl:::PACKAGE_ENERGY_CNT:PACKAGE1 *)
2.4125 s 0.0016 (* Average Power for rapl:::DRAM_ENERGY_CNT:PACKAGE0 *)
2.4125 s 0.0014 (* Average Power for rapl:::DRAM_ENERGY_CNT:PACKAGE1 *)
2.4125 s 0.0000 (* Average Power for rapl:::PP0_ENERGY_CNT:PACKAGE0 *)
2.4125 s 0.0000 (* Average Power for rapl:::PP0_ENERGY_CNT:PACKAGE1 *)
2.4125 s 1923044483.7993 (* Average Power for rapl:::THERMAL_SPEC:PACKAGE0 *)
2.4125 s 1923044483.7993 (* Average Power for rapl:::THERMAL_SPEC:PACKAGE1 *)
2.4125 s 1921075600.8025 (* Average Power for rapl:::MINIMUM_POWER:PACKAGE0 *)
2.4125 s 1921075600.8025 (* Average Power for rapl:::MINIMUM_POWER:PACKAGE1 *)
2.4125 s 1924911276.5667 (* Average Power for rapl:::MAXIMUM_POWER:PACKAGE0 *)
2.4125 s 1924911276.5667 (* Average Power for rapl:::MAXIMUM_POWER:PACKAGE1 *)
2.4125 s 1901270096.2862 (* Average Power for rapl:::MAXIMUM_TIME_WINDOW:PACKAGE0 *)
2.4125 s 1901270096.2862 (* Average Power for rapl:::MAXIMUM_TIME_WINDOW:PACKAGE1 *)
2.4125 s 304.2026 (* Total Energy for rapl:::PACKAGE_ENERGY:PACKAGE0 *)
2.4125 s 126.0954 (* Average Power for rapl:::PACKAGE_ENERGY:PACKAGE0 *)
2.4125 s 298.0743 (* Total Energy for rapl:::PACKAGE_ENERGY:PACKAGE1 *)
2.4125 s 123.5552 (* Average Power for rapl:::PACKAGE_ENERGY:PACKAGE1 *)
2.4125 s 23.9274 (* Average Power for rapl:::DRAM_ENERGY:PACKAGE0 *)
2.4125 s 20.7377 (* Average Power for rapl:::DRAM_ENERGY:PACKAGE1 *)
2.4125 s 0.0000 (* Average Power for rapl:::PP0_ENERGY:PACKAGE0 *)
2.4125 s 0.0000 (* Average Power for rapl:::PP0_ENERGY:PACKAGE1 *)
MST weight: 2.16283e+08 (216283071)
Num trees: 281104
Tree edges: 16496112
STATTYPE,LOOP,CATEGORY,n,sum,T0,T1,T2,T3,T4,T5,T6,T7,T8,T9,T10,T11,T12,T13,T14,T15,T16,T17,T18,T19,T20,T21,T22,T23,T24,T25,T26,T27,T28,T29,T30,T31,T32,T33,T34,T35,T36,T37,T38,T39,T40,T41,T42,T43,T44,T45,T46,T47
STAT,(NULL),InitializeSortTime,48,543,543,0,0,0,0,0,0,0,0,0,0,0,0,0,0,0,0,0,0,0,0,0,0,0,0,0,0,0,0,0,0,0,0,0,0,0,0,0,0,0,0,0,0,0,0,0,0,0
STAT,(NULL),InitializeTime,48,56564,56564,0,0,0,0,0,0,0,0,0,0,0,0,0,0,0,0,0,0,0,0,0,0,0,0,0,0,0,0,0,0,0,0,0,0,0,0,0,0,0,0,0,0,0,0,0,0,0
STAT,(NULL),LoopTime,48,2936,2936,0,0,0,0,0,0,0,0,0,0,0,0,0,0,0,0,0,0,0,0,0,0,0,0,0,0,0,0,0,0,0,0,0,0,0,0,0,0,0,0,0,0,0,0,0,0,0
STAT,(NULL),MeminfoPost,48,584,12,12,12,12,12,12,12,12,12,12,12,12,12,12,12,12,12,12,12,12,12,12,12,12,12,12,12,12,12,12,12,12,12,12,12,12,12,12,12,13,12,13,13,13,13,13,13,13
STAT,(NULL),MeminfoPre,48,0,0,0,0,0,0,0,0,0,0,0,0,0,0,0,0,0,0,0,0,0,0,0,0,0,0,0,0,0,0,0,0,0,0,0,0,0,0,0,0,0,0,0,0,0,0,0,0,0
STAT,(NULL),Rounds,48,23,23,0,0,0,0,0,0,0,0,0,0,0,0,0,0,0,0,0,0,0,0,0,0,0,0,0,0,0,0,0,0,0,0,0,0,0,0,0,0,0,0,0,0,0,0,0,0,0
STAT,(NULL),Threads,48,48,48,0,0,0,0,0,0,0,0,0,0,0,0,0,0,0,0,0,0,0,0,0,0,0,0,0,0,0,0,0,0,0,0,0,0,0,0,0,0,0,0,0,0,0,0,0,0,0
STAT,(NULL),Time,48,2412,2412,0,0,0,0,0,0,0,0,0,0,0,0,0,0,0,0,0,0,0,0,0,0,0,0,0,0,0,0,0,0,0,0,0,0,0,0,0,0,0,0,0,0,0,0,0,0,0
STAT,map_reduce,LoopTime,48,180,180,0,0,0,0,0,0,0,0,0,0,0,0,0,0,0,0,0,0,0,0,0,0,0,0,0,0,0,0,0,0,0,0,0,0,0,0,0,0,0,0,0,0,0,0,0,0,0
Galois Benchmark Suite v2.2.1 (r0)
Copyright (C) 2014 The University of Texas at Austin
http://iss.ices.utexas.edu/galois/

application: Boruvka's Minimum Spanning Tree Algorithm
Computes the minimum spanning forest of a graph
http://iss.ices.utexas.edu/?p=projects/galois/benchmarks/mst

INFO: CommandLine /home/users/norris/research/easy-parallel-graph/autoperf/mst/lib/Galois-2.2.1/build/power/apps/boruvka/boruvka -t=48 /home/users/norris/research/easy-parallel-graph/experiment/datasets/rmat248_G_100i_1000000.gr
INFO: Hostname arya
Found rapl component at cid 2
Found: rapl:::THERMAL_SPEC_CNT:PACKAGE0
Found: rapl:::THERMAL_SPEC_CNT:PACKAGE1
Found: rapl:::MINIMUM_POWER_CNT:PACKAGE0
Found: rapl:::MINIMUM_POWER_CNT:PACKAGE1
Found: rapl:::MAXIMUM_POWER_CNT:PACKAGE0
Found: rapl:::MAXIMUM_POWER_CNT:PACKAGE1
Found: rapl:::MAXIMUM_TIME_WINDOW_CNT:PACKAGE0
Found: rapl:::MAXIMUM_TIME_WINDOW_CNT:PACKAGE1
Found: rapl:::PACKAGE_ENERGY_CNT:PACKAGE0
Found: rapl:::PACKAGE_ENERGY_CNT:PACKAGE1
Found: rapl:::DRAM_ENERGY_CNT:PACKAGE0
Found: rapl:::DRAM_ENERGY_CNT:PACKAGE1
Found: rapl:::PP0_ENERGY_CNT:PACKAGE0
Found: rapl:::PP0_ENERGY_CNT:PACKAGE1
Found: rapl:::THERMAL_SPEC:PACKAGE0
Found: rapl:::THERMAL_SPEC:PACKAGE1
Found: rapl:::MINIMUM_POWER:PACKAGE0
Found: rapl:::MINIMUM_POWER:PACKAGE1
Found: rapl:::MAXIMUM_POWER:PACKAGE0
Found: rapl:::MAXIMUM_POWER:PACKAGE1
Found: rapl:::MAXIMUM_TIME_WINDOW:PACKAGE0
Found: rapl:::MAXIMUM_TIME_WINDOW:PACKAGE1
Found: rapl:::PACKAGE_ENERGY:PACKAGE0
Found: rapl:::PACKAGE_ENERGY:PACKAGE1
Found: rapl:::DRAM_ENERGY:PACKAGE0
Found: rapl:::DRAM_ENERGY:PACKAGE1
Found: rapl:::PP0_ENERGY:PACKAGE0
Found: rapl:::PP0_ENERGY:PACKAGE1
Nodes: 16777216 edges: 538752488 heaviest edge: 99
2.4308 s 0.0000 (* Average Power for rapl:::THERMAL_SPEC_CNT:PACKAGE0 *)
2.4308 s 0.0000 (* Average Power for rapl:::THERMAL_SPEC_CNT:PACKAGE1 *)
2.4308 s 0.0000 (* Average Power for rapl:::MINIMUM_POWER_CNT:PACKAGE0 *)
2.4308 s 0.0000 (* Average Power for rapl:::MINIMUM_POWER_CNT:PACKAGE1 *)
2.4308 s 0.0000 (* Average Power for rapl:::MAXIMUM_POWER_CNT:PACKAGE0 *)
2.4308 s 0.0000 (* Average Power for rapl:::MAXIMUM_POWER_CNT:PACKAGE1 *)
2.4308 s 0.0000 (* Average Power for rapl:::MAXIMUM_TIME_WINDOW_CNT:PACKAGE0 *)
2.4308 s 0.0000 (* Average Power for rapl:::MAXIMUM_TIME_WINDOW_CNT:PACKAGE1 *)
2.4308 s 0.0021 (* Average Power for rapl:::PACKAGE_ENERGY_CNT:PACKAGE0 *)
2.4308 s 0.0020 (* Average Power for rapl:::PACKAGE_ENERGY_CNT:PACKAGE1 *)
2.4308 s 0.0015 (* Average Power for rapl:::DRAM_ENERGY_CNT:PACKAGE0 *)
2.4308 s 0.0014 (* Average Power for rapl:::DRAM_ENERGY_CNT:PACKAGE1 *)
2.4308 s 0.0000 (* Average Power for rapl:::PP0_ENERGY_CNT:PACKAGE0 *)
2.4308 s 0.0000 (* Average Power for rapl:::PP0_ENERGY_CNT:PACKAGE1 *)
2.4308 s 1908575813.0345 (* Average Power for rapl:::THERMAL_SPEC:PACKAGE0 *)
2.4308 s 1908575813.0345 (* Average Power for rapl:::THERMAL_SPEC:PACKAGE1 *)
2.4308 s 1906621743.5899 (* Average Power for rapl:::MINIMUM_POWER:PACKAGE0 *)
2.4308 s 1906621743.5899 (* Average Power for rapl:::MINIMUM_POWER:PACKAGE1 *)
2.4308 s 1910428560.3598 (* Average Power for rapl:::MAXIMUM_POWER:PACKAGE0 *)
2.4308 s 1910428560.3598 (* Average Power for rapl:::MAXIMUM_POWER:PACKAGE1 *)
2.4308 s 1886965252.4358 (* Average Power for rapl:::MAXIMUM_TIME_WINDOW:PACKAGE0 *)
2.4308 s 1886965252.4358 (* Average Power for rapl:::MAXIMUM_TIME_WINDOW:PACKAGE1 *)
2.4308 s 304.6426 (* Total Energy for rapl:::PACKAGE_ENERGY:PACKAGE0 *)
2.4308 s 125.3277 (* Average Power for rapl:::PACKAGE_ENERGY:PACKAGE0 *)
2.4308 s 298.1364 (* Total Energy for rapl:::PACKAGE_ENERGY:PACKAGE1 *)
2.4308 s 122.6511 (* Average Power for rapl:::PACKAGE_ENERGY:PACKAGE1 *)
2.4308 s 23.5830 (* Average Power for rapl:::DRAM_ENERGY:PACKAGE0 *)
2.4308 s 20.8382 (* Average Power for rapl:::DRAM_ENERGY:PACKAGE1 *)
2.4308 s 0.0000 (* Average Power for rapl:::PP0_ENERGY:PACKAGE0 *)
2.4308 s 0.0000 (* Average Power for rapl:::PP0_ENERGY:PACKAGE1 *)
MST weight: 2.16283e+08 (216283071)
Num trees: 281104
Tree edges: 16496112
STATTYPE,LOOP,CATEGORY,n,sum,T0,T1,T2,T3,T4,T5,T6,T7,T8,T9,T10,T11,T12,T13,T14,T15,T16,T17,T18,T19,T20,T21,T22,T23,T24,T25,T26,T27,T28,T29,T30,T31,T32,T33,T34,T35,T36,T37,T38,T39,T40,T41,T42,T43,T44,T45,T46,T47
STAT,(NULL),InitializeSortTime,48,544,544,0,0,0,0,0,0,0,0,0,0,0,0,0,0,0,0,0,0,0,0,0,0,0,0,0,0,0,0,0,0,0,0,0,0,0,0,0,0,0,0,0,0,0,0,0,0,0
STAT,(NULL),InitializeTime,48,56700,56700,0,0,0,0,0,0,0,0,0,0,0,0,0,0,0,0,0,0,0,0,0,0,0,0,0,0,0,0,0,0,0,0,0,0,0,0,0,0,0,0,0,0,0,0,0,0,0
STAT,(NULL),LoopTime,48,2921,2921,0,0,0,0,0,0,0,0,0,0,0,0,0,0,0,0,0,0,0,0,0,0,0,0,0,0,0,0,0,0,0,0,0,0,0,0,0,0,0,0,0,0,0,0,0,0,0
STAT,(NULL),MeminfoPost,48,585,12,12,12,12,12,12,12,12,12,12,12,12,12,12,12,12,12,12,12,12,12,12,12,12,12,12,12,12,12,12,12,12,12,12,12,12,13,12,12,13,12,13,13,13,13,13,13,13
STAT,(NULL),MeminfoPre,48,0,0,0,0,0,0,0,0,0,0,0,0,0,0,0,0,0,0,0,0,0,0,0,0,0,0,0,0,0,0,0,0,0,0,0,0,0,0,0,0,0,0,0,0,0,0,0,0,0
STAT,(NULL),Rounds,48,23,23,0,0,0,0,0,0,0,0,0,0,0,0,0,0,0,0,0,0,0,0,0,0,0,0,0,0,0,0,0,0,0,0,0,0,0,0,0,0,0,0,0,0,0,0,0,0,0
STAT,(NULL),Threads,48,48,48,0,0,0,0,0,0,0,0,0,0,0,0,0,0,0,0,0,0,0,0,0,0,0,0,0,0,0,0,0,0,0,0,0,0,0,0,0,0,0,0,0,0,0,0,0,0,0
STAT,(NULL),Time,48,2430,2430,0,0,0,0,0,0,0,0,0,0,0,0,0,0,0,0,0,0,0,0,0,0,0,0,0,0,0,0,0,0,0,0,0,0,0,0,0,0,0,0,0,0,0,0,0,0,0
STAT,map_reduce,LoopTime,48,177,177,0,0,0,0,0,0,0,0,0,0,0,0,0,0,0,0,0,0,0,0,0,0,0,0,0,0,0,0,0,0,0,0,0,0,0,0,0,0,0,0,0,0,0,0,0,0,0
