Galois Benchmark Suite v2.2.1 (r0)
Copyright (C) 2014 The University of Texas at Austin
http://iss.ices.utexas.edu/galois/

application: Boruvka's Minimum Spanning Tree Algorithm
Computes the minimum spanning forest of a graph
http://iss.ices.utexas.edu/?p=projects/galois/benchmarks/mst

INFO: CommandLine /home/users/norris/research/easy-parallel-graph/autoperf/mst/lib/Galois-2.2.1/build/power/apps/boruvka/boruvka -t=8 /home/users/norris/research/easy-parallel-graph/experiment/datasets/rmat248_ER_75i_1000000.gr
INFO: Hostname arya
Found rapl component at cid 2
Found: rapl:::THERMAL_SPEC_CNT:PACKAGE0
Found: rapl:::THERMAL_SPEC_CNT:PACKAGE1
Found: rapl:::MINIMUM_POWER_CNT:PACKAGE0
Found: rapl:::MINIMUM_POWER_CNT:PACKAGE1
Found: rapl:::MAXIMUM_POWER_CNT:PACKAGE0
Found: rapl:::MAXIMUM_POWER_CNT:PACKAGE1
Found: rapl:::MAXIMUM_TIME_WINDOW_CNT:PACKAGE0
Found: rapl:::MAXIMUM_TIME_WINDOW_CNT:PACKAGE1
Found: rapl:::PACKAGE_ENERGY_CNT:PACKAGE0
Found: rapl:::PACKAGE_ENERGY_CNT:PACKAGE1
Found: rapl:::DRAM_ENERGY_CNT:PACKAGE0
Found: rapl:::DRAM_ENERGY_CNT:PACKAGE1
Found: rapl:::PP0_ENERGY_CNT:PACKAGE0
Found: rapl:::PP0_ENERGY_CNT:PACKAGE1
Found: rapl:::THERMAL_SPEC:PACKAGE0
Found: rapl:::THERMAL_SPEC:PACKAGE1
Found: rapl:::MINIMUM_POWER:PACKAGE0
Found: rapl:::MINIMUM_POWER:PACKAGE1
Found: rapl:::MAXIMUM_POWER:PACKAGE0
Found: rapl:::MAXIMUM_POWER:PACKAGE1
Found: rapl:::MAXIMUM_TIME_WINDOW:PACKAGE0
Found: rapl:::MAXIMUM_TIME_WINDOW:PACKAGE1
Found: rapl:::PACKAGE_ENERGY:PACKAGE0
Found: rapl:::PACKAGE_ENERGY:PACKAGE1
Found: rapl:::DRAM_ENERGY:PACKAGE0
Found: rapl:::DRAM_ENERGY:PACKAGE1
Found: rapl:::PP0_ENERGY:PACKAGE0
Found: rapl:::PP0_ENERGY:PACKAGE1
Nodes: 16777214 edges: 18470946 heaviest edge: 99
0.9523 s 0.0000 (* Average Power for rapl:::THERMAL_SPEC_CNT:PACKAGE0 *)
0.9523 s 0.0000 (* Average Power for rapl:::THERMAL_SPEC_CNT:PACKAGE1 *)
0.9523 s 0.0000 (* Average Power for rapl:::MINIMUM_POWER_CNT:PACKAGE0 *)
0.9523 s 0.0000 (* Average Power for rapl:::MINIMUM_POWER_CNT:PACKAGE1 *)
0.9523 s 0.0000 (* Average Power for rapl:::MAXIMUM_POWER_CNT:PACKAGE0 *)
0.9523 s 0.0000 (* Average Power for rapl:::MAXIMUM_POWER_CNT:PACKAGE1 *)
0.9523 s 0.0000 (* Average Power for rapl:::MAXIMUM_TIME_WINDOW_CNT:PACKAGE0 *)
0.9523 s 0.0000 (* Average Power for rapl:::MAXIMUM_TIME_WINDOW_CNT:PACKAGE1 *)
0.9523 s 0.0014 (* Average Power for rapl:::PACKAGE_ENERGY_CNT:PACKAGE0 *)
0.9523 s 0.0006 (* Average Power for rapl:::PACKAGE_ENERGY_CNT:PACKAGE1 *)
0.9523 s 0.0012 (* Average Power for rapl:::DRAM_ENERGY_CNT:PACKAGE0 *)
0.9523 s 0.0009 (* Average Power for rapl:::DRAM_ENERGY_CNT:PACKAGE1 *)
0.9523 s 0.0000 (* Average Power for rapl:::PP0_ENERGY_CNT:PACKAGE0 *)
0.9523 s 0.0000 (* Average Power for rapl:::PP0_ENERGY_CNT:PACKAGE1 *)
0.9523 s 4871592528.5616 (* Average Power for rapl:::THERMAL_SPEC:PACKAGE0 *)
0.9523 s 4871592528.5616 (* Average Power for rapl:::THERMAL_SPEC:PACKAGE1 *)
0.9523 s 4866604814.6643 (* Average Power for rapl:::MINIMUM_POWER:PACKAGE0 *)
0.9523 s 4866604814.6643 (* Average Power for rapl:::MINIMUM_POWER:PACKAGE1 *)
0.9523 s 4876321620.2568 (* Average Power for rapl:::MAXIMUM_POWER:PACKAGE0 *)
0.9523 s 4876321620.2568 (* Average Power for rapl:::MAXIMUM_POWER:PACKAGE1 *)
0.9523 s 4816432107.4603 (* Average Power for rapl:::MAXIMUM_TIME_WINDOW:PACKAGE0 *)
0.9523 s 4816432107.4603 (* Average Power for rapl:::MAXIMUM_TIME_WINDOW:PACKAGE1 *)
0.9523 s 81.8375 (* Total Energy for rapl:::PACKAGE_ENERGY:PACKAGE0 *)
0.9523 s 85.9351 (* Average Power for rapl:::PACKAGE_ENERGY:PACKAGE0 *)
0.9523 s 35.7740 (* Total Energy for rapl:::PACKAGE_ENERGY:PACKAGE1 *)
0.9523 s 37.5652 (* Average Power for rapl:::PACKAGE_ENERGY:PACKAGE1 *)
0.9523 s 17.6001 (* Average Power for rapl:::DRAM_ENERGY:PACKAGE0 *)
0.9523 s 14.1571 (* Average Power for rapl:::DRAM_ENERGY:PACKAGE1 *)
0.9523 s 0.0000 (* Average Power for rapl:::PP0_ENERGY:PACKAGE0 *)
0.9523 s 0.0000 (* Average Power for rapl:::PP0_ENERGY:PACKAGE1 *)
MST weight: 2.24449e+08 (224448578)
Num trees: 12024891
Tree edges: 4752323
STATTYPE,LOOP,CATEGORY,n,sum,T0,T1,T2,T3,T4,T5,T6,T7
STAT,(NULL),InitializeSortTime,8,254,254,0,0,0,0,0,0,0
STAT,(NULL),InitializeTime,8,2157,2157,0,0,0,0,0,0,0
STAT,(NULL),LoopTime,8,1198,1198,0,0,0,0,0,0,0
STAT,(NULL),MeminfoPost,8,162,9,21,22,22,22,22,22,22
STAT,(NULL),MeminfoPre,8,0,0,0,0,0,0,0,0,0
STAT,(NULL),Rounds,8,25,25,0,0,0,0,0,0,0
STAT,(NULL),Threads,8,8,8,0,0,0,0,0,0,0
STAT,(NULL),Time,8,952,952,0,0,0,0,0,0,0
STAT,map_reduce,LoopTime,8,28,28,0,0,0,0,0,0,0
Galois Benchmark Suite v2.2.1 (r0)
Copyright (C) 2014 The University of Texas at Austin
http://iss.ices.utexas.edu/galois/

application: Boruvka's Minimum Spanning Tree Algorithm
Computes the minimum spanning forest of a graph
http://iss.ices.utexas.edu/?p=projects/galois/benchmarks/mst

INFO: CommandLine /home/users/norris/research/easy-parallel-graph/autoperf/mst/lib/Galois-2.2.1/build/power/apps/boruvka/boruvka -t=8 /home/users/norris/research/easy-parallel-graph/experiment/datasets/rmat248_ER_75i_1000000.gr
INFO: Hostname arya
Found rapl component at cid 2
Found: rapl:::THERMAL_SPEC_CNT:PACKAGE0
Found: rapl:::THERMAL_SPEC_CNT:PACKAGE1
Found: rapl:::MINIMUM_POWER_CNT:PACKAGE0
Found: rapl:::MINIMUM_POWER_CNT:PACKAGE1
Found: rapl:::MAXIMUM_POWER_CNT:PACKAGE0
Found: rapl:::MAXIMUM_POWER_CNT:PACKAGE1
Found: rapl:::MAXIMUM_TIME_WINDOW_CNT:PACKAGE0
Found: rapl:::MAXIMUM_TIME_WINDOW_CNT:PACKAGE1
Found: rapl:::PACKAGE_ENERGY_CNT:PACKAGE0
Found: rapl:::PACKAGE_ENERGY_CNT:PACKAGE1
Found: rapl:::DRAM_ENERGY_CNT:PACKAGE0
Found: rapl:::DRAM_ENERGY_CNT:PACKAGE1
Found: rapl:::PP0_ENERGY_CNT:PACKAGE0
Found: rapl:::PP0_ENERGY_CNT:PACKAGE1
Found: rapl:::THERMAL_SPEC:PACKAGE0
Found: rapl:::THERMAL_SPEC:PACKAGE1
Found: rapl:::MINIMUM_POWER:PACKAGE0
Found: rapl:::MINIMUM_POWER:PACKAGE1
Found: rapl:::MAXIMUM_POWER:PACKAGE0
Found: rapl:::MAXIMUM_POWER:PACKAGE1
Found: rapl:::MAXIMUM_TIME_WINDOW:PACKAGE0
Found: rapl:::MAXIMUM_TIME_WINDOW:PACKAGE1
Found: rapl:::PACKAGE_ENERGY:PACKAGE0
Found: rapl:::PACKAGE_ENERGY:PACKAGE1
Found: rapl:::DRAM_ENERGY:PACKAGE0
Found: rapl:::DRAM_ENERGY:PACKAGE1
Found: rapl:::PP0_ENERGY:PACKAGE0
Found: rapl:::PP0_ENERGY:PACKAGE1
Nodes: 16777214 edges: 18470946 heaviest edge: 99
0.9112 s 0.0000 (* Average Power for rapl:::THERMAL_SPEC_CNT:PACKAGE0 *)
0.9112 s 0.0000 (* Average Power for rapl:::THERMAL_SPEC_CNT:PACKAGE1 *)
0.9112 s 0.0000 (* Average Power for rapl:::MINIMUM_POWER_CNT:PACKAGE0 *)
0.9112 s 0.0000 (* Average Power for rapl:::MINIMUM_POWER_CNT:PACKAGE1 *)
0.9112 s 0.0000 (* Average Power for rapl:::MAXIMUM_POWER_CNT:PACKAGE0 *)
0.9112 s 0.0000 (* Average Power for rapl:::MAXIMUM_POWER_CNT:PACKAGE1 *)
0.9112 s 0.0000 (* Average Power for rapl:::MAXIMUM_TIME_WINDOW_CNT:PACKAGE0 *)
0.9112 s 0.0000 (* Average Power for rapl:::MAXIMUM_TIME_WINDOW_CNT:PACKAGE1 *)
0.9112 s 0.0013 (* Average Power for rapl:::PACKAGE_ENERGY_CNT:PACKAGE0 *)
0.9112 s 0.0009 (* Average Power for rapl:::PACKAGE_ENERGY_CNT:PACKAGE1 *)
0.9112 s 0.0012 (* Average Power for rapl:::DRAM_ENERGY_CNT:PACKAGE0 *)
0.9112 s 0.0009 (* Average Power for rapl:::DRAM_ENERGY_CNT:PACKAGE1 *)
0.9112 s 0.0000 (* Average Power for rapl:::PP0_ENERGY_CNT:PACKAGE0 *)
0.9112 s 0.0000 (* Average Power for rapl:::PP0_ENERGY_CNT:PACKAGE1 *)
0.9112 s 5091191513.9176 (* Average Power for rapl:::THERMAL_SPEC:PACKAGE0 *)
0.9112 s 5091191513.9176 (* Average Power for rapl:::THERMAL_SPEC:PACKAGE1 *)
0.9112 s 5085978966.5794 (* Average Power for rapl:::MINIMUM_POWER:PACKAGE0 *)
0.9112 s 5085978966.5794 (* Average Power for rapl:::MINIMUM_POWER:PACKAGE1 *)
0.9112 s 5096133781.0235 (* Average Power for rapl:::MAXIMUM_POWER:PACKAGE0 *)
0.9112 s 5096133781.0235 (* Average Power for rapl:::MAXIMUM_POWER:PACKAGE1 *)
0.9112 s 5033544601.5028 (* Average Power for rapl:::MAXIMUM_TIME_WINDOW:PACKAGE0 *)
0.9112 s 5033544601.5028 (* Average Power for rapl:::MAXIMUM_TIME_WINDOW:PACKAGE1 *)
0.9112 s 71.7183 (* Total Energy for rapl:::PACKAGE_ENERGY:PACKAGE0 *)
0.9112 s 78.7040 (* Average Power for rapl:::PACKAGE_ENERGY:PACKAGE0 *)
0.9112 s 49.7460 (* Total Energy for rapl:::PACKAGE_ENERGY:PACKAGE1 *)
0.9112 s 54.5914 (* Average Power for rapl:::PACKAGE_ENERGY:PACKAGE1 *)
0.9112 s 17.6260 (* Average Power for rapl:::DRAM_ENERGY:PACKAGE0 *)
0.9112 s 14.2015 (* Average Power for rapl:::DRAM_ENERGY:PACKAGE1 *)
0.9112 s 0.0000 (* Average Power for rapl:::PP0_ENERGY:PACKAGE0 *)
0.9112 s 0.0000 (* Average Power for rapl:::PP0_ENERGY:PACKAGE1 *)
MST weight: 2.24449e+08 (224448578)
Num trees: 12024891
Tree edges: 4752323
STATTYPE,LOOP,CATEGORY,n,sum,T0,T1,T2,T3,T4,T5,T6,T7
STAT,(NULL),InitializeSortTime,8,254,254,0,0,0,0,0,0,0
STAT,(NULL),InitializeTime,8,2111,2111,0,0,0,0,0,0,0
STAT,(NULL),LoopTime,8,1154,1154,0,0,0,0,0,0,0
STAT,(NULL),MeminfoPost,8,162,9,21,22,22,22,22,22,22
STAT,(NULL),MeminfoPre,8,0,0,0,0,0,0,0,0,0
STAT,(NULL),Rounds,8,25,25,0,0,0,0,0,0,0
STAT,(NULL),Threads,8,8,8,0,0,0,0,0,0,0
STAT,(NULL),Time,8,911,911,0,0,0,0,0,0,0
STAT,map_reduce,LoopTime,8,28,28,0,0,0,0,0,0,0
Galois Benchmark Suite v2.2.1 (r0)
Copyright (C) 2014 The University of Texas at Austin
http://iss.ices.utexas.edu/galois/

application: Boruvka's Minimum Spanning Tree Algorithm
Computes the minimum spanning forest of a graph
http://iss.ices.utexas.edu/?p=projects/galois/benchmarks/mst

INFO: CommandLine /home/users/norris/research/easy-parallel-graph/autoperf/mst/lib/Galois-2.2.1/build/power/apps/boruvka/boruvka -t=8 /home/users/norris/research/easy-parallel-graph/experiment/datasets/rmat248_ER_75i_1000000.gr
INFO: Hostname arya
Found rapl component at cid 2
Found: rapl:::THERMAL_SPEC_CNT:PACKAGE0
Found: rapl:::THERMAL_SPEC_CNT:PACKAGE1
Found: rapl:::MINIMUM_POWER_CNT:PACKAGE0
Found: rapl:::MINIMUM_POWER_CNT:PACKAGE1
Found: rapl:::MAXIMUM_POWER_CNT:PACKAGE0
Found: rapl:::MAXIMUM_POWER_CNT:PACKAGE1
Found: rapl:::MAXIMUM_TIME_WINDOW_CNT:PACKAGE0
Found: rapl:::MAXIMUM_TIME_WINDOW_CNT:PACKAGE1
Found: rapl:::PACKAGE_ENERGY_CNT:PACKAGE0
Found: rapl:::PACKAGE_ENERGY_CNT:PACKAGE1
Found: rapl:::DRAM_ENERGY_CNT:PACKAGE0
Found: rapl:::DRAM_ENERGY_CNT:PACKAGE1
Found: rapl:::PP0_ENERGY_CNT:PACKAGE0
Found: rapl:::PP0_ENERGY_CNT:PACKAGE1
Found: rapl:::THERMAL_SPEC:PACKAGE0
Found: rapl:::THERMAL_SPEC:PACKAGE1
Found: rapl:::MINIMUM_POWER:PACKAGE0
Found: rapl:::MINIMUM_POWER:PACKAGE1
Found: rapl:::MAXIMUM_POWER:PACKAGE0
Found: rapl:::MAXIMUM_POWER:PACKAGE1
Found: rapl:::MAXIMUM_TIME_WINDOW:PACKAGE0
Found: rapl:::MAXIMUM_TIME_WINDOW:PACKAGE1
Found: rapl:::PACKAGE_ENERGY:PACKAGE0
Found: rapl:::PACKAGE_ENERGY:PACKAGE1
Found: rapl:::DRAM_ENERGY:PACKAGE0
Found: rapl:::DRAM_ENERGY:PACKAGE1
Found: rapl:::PP0_ENERGY:PACKAGE0
Found: rapl:::PP0_ENERGY:PACKAGE1
Nodes: 16777214 edges: 18470946 heaviest edge: 99
0.9069 s 0.0000 (* Average Power for rapl:::THERMAL_SPEC_CNT:PACKAGE0 *)
0.9069 s 0.0000 (* Average Power for rapl:::THERMAL_SPEC_CNT:PACKAGE1 *)
0.9069 s 0.0000 (* Average Power for rapl:::MINIMUM_POWER_CNT:PACKAGE0 *)
0.9069 s 0.0000 (* Average Power for rapl:::MINIMUM_POWER_CNT:PACKAGE1 *)
0.9069 s 0.0000 (* Average Power for rapl:::MAXIMUM_POWER_CNT:PACKAGE0 *)
0.9069 s 0.0000 (* Average Power for rapl:::MAXIMUM_POWER_CNT:PACKAGE1 *)
0.9069 s 0.0000 (* Average Power for rapl:::MAXIMUM_TIME_WINDOW_CNT:PACKAGE0 *)
0.9069 s 0.0000 (* Average Power for rapl:::MAXIMUM_TIME_WINDOW_CNT:PACKAGE1 *)
0.9069 s 0.0014 (* Average Power for rapl:::PACKAGE_ENERGY_CNT:PACKAGE0 *)
0.9069 s 0.0009 (* Average Power for rapl:::PACKAGE_ENERGY_CNT:PACKAGE1 *)
0.9069 s 0.0012 (* Average Power for rapl:::DRAM_ENERGY_CNT:PACKAGE0 *)
0.9069 s 0.0009 (* Average Power for rapl:::DRAM_ENERGY_CNT:PACKAGE1 *)
0.9069 s 0.0000 (* Average Power for rapl:::PP0_ENERGY_CNT:PACKAGE0 *)
0.9069 s 0.0000 (* Average Power for rapl:::PP0_ENERGY_CNT:PACKAGE1 *)
0.9069 s 5115568277.6643 (* Average Power for rapl:::THERMAL_SPEC:PACKAGE0 *)
0.9069 s 5115568277.6643 (* Average Power for rapl:::THERMAL_SPEC:PACKAGE1 *)
0.9069 s 5110330772.5073 (* Average Power for rapl:::MINIMUM_POWER:PACKAGE0 *)
0.9069 s 5110330772.5073 (* Average Power for rapl:::MINIMUM_POWER:PACKAGE1 *)
0.9069 s 5120534208.4798 (* Average Power for rapl:::MAXIMUM_POWER:PACKAGE0 *)
0.9069 s 5120534208.4798 (* Average Power for rapl:::MAXIMUM_POWER:PACKAGE1 *)
0.9069 s 5057645350.2615 (* Average Power for rapl:::MAXIMUM_TIME_WINDOW:PACKAGE0 *)
0.9069 s 5057645350.2615 (* Average Power for rapl:::MAXIMUM_TIME_WINDOW:PACKAGE1 *)
0.9069 s 76.4382 (* Total Energy for rapl:::PACKAGE_ENERGY:PACKAGE0 *)
0.9069 s 84.2852 (* Average Power for rapl:::PACKAGE_ENERGY:PACKAGE0 *)
0.9069 s 50.4296 (* Total Energy for rapl:::PACKAGE_ENERGY:PACKAGE1 *)
0.9069 s 55.6066 (* Average Power for rapl:::PACKAGE_ENERGY:PACKAGE1 *)
0.9069 s 17.8198 (* Average Power for rapl:::DRAM_ENERGY:PACKAGE0 *)
0.9069 s 14.3386 (* Average Power for rapl:::DRAM_ENERGY:PACKAGE1 *)
0.9069 s 0.0000 (* Average Power for rapl:::PP0_ENERGY:PACKAGE0 *)
0.9069 s 0.0000 (* Average Power for rapl:::PP0_ENERGY:PACKAGE1 *)
MST weight: 2.24449e+08 (224448578)
Num trees: 12024891
Tree edges: 4752323
STATTYPE,LOOP,CATEGORY,n,sum,T0,T1,T2,T3,T4,T5,T6,T7
STAT,(NULL),InitializeSortTime,8,253,253,0,0,0,0,0,0,0
STAT,(NULL),InitializeTime,8,2128,2128,0,0,0,0,0,0,0
STAT,(NULL),LoopTime,8,1149,1149,0,0,0,0,0,0,0
STAT,(NULL),MeminfoPost,8,162,9,21,22,22,22,22,22,22
STAT,(NULL),MeminfoPre,8,0,0,0,0,0,0,0,0,0
STAT,(NULL),Rounds,8,25,25,0,0,0,0,0,0,0
STAT,(NULL),Threads,8,8,8,0,0,0,0,0,0,0
STAT,(NULL),Time,8,906,906,0,0,0,0,0,0,0
STAT,map_reduce,LoopTime,8,28,28,0,0,0,0,0,0,0
Galois Benchmark Suite v2.2.1 (r0)
Copyright (C) 2014 The University of Texas at Austin
http://iss.ices.utexas.edu/galois/

application: Boruvka's Minimum Spanning Tree Algorithm
Computes the minimum spanning forest of a graph
http://iss.ices.utexas.edu/?p=projects/galois/benchmarks/mst

INFO: CommandLine /home/users/norris/research/easy-parallel-graph/autoperf/mst/lib/Galois-2.2.1/build/power/apps/boruvka/boruvka -t=8 /home/users/norris/research/easy-parallel-graph/experiment/datasets/rmat248_ER_75i_1000000.gr
INFO: Hostname arya
Found rapl component at cid 2
Found: rapl:::THERMAL_SPEC_CNT:PACKAGE0
Found: rapl:::THERMAL_SPEC_CNT:PACKAGE1
Found: rapl:::MINIMUM_POWER_CNT:PACKAGE0
Found: rapl:::MINIMUM_POWER_CNT:PACKAGE1
Found: rapl:::MAXIMUM_POWER_CNT:PACKAGE0
Found: rapl:::MAXIMUM_POWER_CNT:PACKAGE1
Found: rapl:::MAXIMUM_TIME_WINDOW_CNT:PACKAGE0
Found: rapl:::MAXIMUM_TIME_WINDOW_CNT:PACKAGE1
Found: rapl:::PACKAGE_ENERGY_CNT:PACKAGE0
Found: rapl:::PACKAGE_ENERGY_CNT:PACKAGE1
Found: rapl:::DRAM_ENERGY_CNT:PACKAGE0
Found: rapl:::DRAM_ENERGY_CNT:PACKAGE1
Found: rapl:::PP0_ENERGY_CNT:PACKAGE0
Found: rapl:::PP0_ENERGY_CNT:PACKAGE1
Found: rapl:::THERMAL_SPEC:PACKAGE0
Found: rapl:::THERMAL_SPEC:PACKAGE1
Found: rapl:::MINIMUM_POWER:PACKAGE0
Found: rapl:::MINIMUM_POWER:PACKAGE1
Found: rapl:::MAXIMUM_POWER:PACKAGE0
Found: rapl:::MAXIMUM_POWER:PACKAGE1
Found: rapl:::MAXIMUM_TIME_WINDOW:PACKAGE0
Found: rapl:::MAXIMUM_TIME_WINDOW:PACKAGE1
Found: rapl:::PACKAGE_ENERGY:PACKAGE0
Found: rapl:::PACKAGE_ENERGY:PACKAGE1
Found: rapl:::DRAM_ENERGY:PACKAGE0
Found: rapl:::DRAM_ENERGY:PACKAGE1
Found: rapl:::PP0_ENERGY:PACKAGE0
Found: rapl:::PP0_ENERGY:PACKAGE1
Nodes: 16777214 edges: 18470946 heaviest edge: 99
0.9218 s 0.0000 (* Average Power for rapl:::THERMAL_SPEC_CNT:PACKAGE0 *)
0.9218 s 0.0000 (* Average Power for rapl:::THERMAL_SPEC_CNT:PACKAGE1 *)
0.9218 s 0.0000 (* Average Power for rapl:::MINIMUM_POWER_CNT:PACKAGE0 *)
0.9218 s 0.0000 (* Average Power for rapl:::MINIMUM_POWER_CNT:PACKAGE1 *)
0.9218 s 0.0000 (* Average Power for rapl:::MAXIMUM_POWER_CNT:PACKAGE0 *)
0.9218 s 0.0000 (* Average Power for rapl:::MAXIMUM_POWER_CNT:PACKAGE1 *)
0.9218 s 0.0000 (* Average Power for rapl:::MAXIMUM_TIME_WINDOW_CNT:PACKAGE0 *)
0.9218 s 0.0000 (* Average Power for rapl:::MAXIMUM_TIME_WINDOW_CNT:PACKAGE1 *)
0.9218 s 0.0016 (* Average Power for rapl:::PACKAGE_ENERGY_CNT:PACKAGE0 *)
0.9218 s 0.0009 (* Average Power for rapl:::PACKAGE_ENERGY_CNT:PACKAGE1 *)
0.9218 s 0.0012 (* Average Power for rapl:::DRAM_ENERGY_CNT:PACKAGE0 *)
0.9218 s 0.0009 (* Average Power for rapl:::DRAM_ENERGY_CNT:PACKAGE1 *)
0.9218 s 0.0000 (* Average Power for rapl:::PP0_ENERGY_CNT:PACKAGE0 *)
0.9218 s 0.0000 (* Average Power for rapl:::PP0_ENERGY_CNT:PACKAGE1 *)
0.9218 s 5032622020.7202 (* Average Power for rapl:::THERMAL_SPEC:PACKAGE0 *)
0.9218 s 5032622020.7202 (* Average Power for rapl:::THERMAL_SPEC:PACKAGE1 *)
0.9218 s 5027469438.9627 (* Average Power for rapl:::MINIMUM_POWER:PACKAGE0 *)
0.9218 s 5027469438.9627 (* Average Power for rapl:::MINIMUM_POWER:PACKAGE1 *)
0.9218 s 5037507431.5717 (* Average Power for rapl:::MAXIMUM_POWER:PACKAGE0 *)
0.9218 s 5037507431.5717 (* Average Power for rapl:::MAXIMUM_POWER:PACKAGE1 *)
0.9218 s 4975638283.2096 (* Average Power for rapl:::MAXIMUM_TIME_WINDOW:PACKAGE0 *)
0.9218 s 4975638283.2096 (* Average Power for rapl:::MAXIMUM_TIME_WINDOW:PACKAGE1 *)
0.9218 s 89.1072 (* Total Energy for rapl:::PACKAGE_ENERGY:PACKAGE0 *)
0.9218 s 96.6616 (* Average Power for rapl:::PACKAGE_ENERGY:PACKAGE0 *)
0.9218 s 51.5765 (* Total Energy for rapl:::PACKAGE_ENERGY:PACKAGE1 *)
0.9218 s 55.9492 (* Average Power for rapl:::PACKAGE_ENERGY:PACKAGE1 *)
0.9218 s 17.6862 (* Average Power for rapl:::DRAM_ENERGY:PACKAGE0 *)
0.9218 s 14.4535 (* Average Power for rapl:::DRAM_ENERGY:PACKAGE1 *)
0.9218 s 0.0000 (* Average Power for rapl:::PP0_ENERGY:PACKAGE0 *)
0.9218 s 0.0000 (* Average Power for rapl:::PP0_ENERGY:PACKAGE1 *)
MST weight: 2.24449e+08 (224448578)
Num trees: 12024891
Tree edges: 4752323
STATTYPE,LOOP,CATEGORY,n,sum,T0,T1,T2,T3,T4,T5,T6,T7
STAT,(NULL),InitializeSortTime,8,253,253,0,0,0,0,0,0,0
STAT,(NULL),InitializeTime,8,2154,2154,0,0,0,0,0,0,0
STAT,(NULL),LoopTime,8,1166,1166,0,0,0,0,0,0,0
STAT,(NULL),MeminfoPost,8,162,9,21,22,22,22,22,22,22
STAT,(NULL),MeminfoPre,8,0,0,0,0,0,0,0,0,0
STAT,(NULL),Rounds,8,25,25,0,0,0,0,0,0,0
STAT,(NULL),Threads,8,8,8,0,0,0,0,0,0,0
STAT,(NULL),Time,8,921,921,0,0,0,0,0,0,0
STAT,map_reduce,LoopTime,8,29,29,0,0,0,0,0,0,0
