Galois Benchmark Suite v2.2.1 (r0)
Copyright (C) 2014 The University of Texas at Austin
http://iss.ices.utexas.edu/galois/

application: Boruvka's Minimum Spanning Tree Algorithm
Computes the minimum spanning forest of a graph
http://iss.ices.utexas.edu/?p=projects/galois/benchmarks/mst

INFO: CommandLine /home/users/norris/research/easy-parallel-graph/autoperf/mst/lib/Galois-2.2.1/build/power/apps/boruvka/boruvka -t=16 /home/users/norris/research/easy-parallel-graph/experiment/datasets/rmat248_G_100i_1000000.gr
INFO: Hostname arya
Found rapl component at cid 2
Found: rapl:::THERMAL_SPEC_CNT:PACKAGE0
Found: rapl:::THERMAL_SPEC_CNT:PACKAGE1
Found: rapl:::MINIMUM_POWER_CNT:PACKAGE0
Found: rapl:::MINIMUM_POWER_CNT:PACKAGE1
Found: rapl:::MAXIMUM_POWER_CNT:PACKAGE0
Found: rapl:::MAXIMUM_POWER_CNT:PACKAGE1
Found: rapl:::MAXIMUM_TIME_WINDOW_CNT:PACKAGE0
Found: rapl:::MAXIMUM_TIME_WINDOW_CNT:PACKAGE1
Found: rapl:::PACKAGE_ENERGY_CNT:PACKAGE0
Found: rapl:::PACKAGE_ENERGY_CNT:PACKAGE1
Found: rapl:::DRAM_ENERGY_CNT:PACKAGE0
Found: rapl:::DRAM_ENERGY_CNT:PACKAGE1
Found: rapl:::PP0_ENERGY_CNT:PACKAGE0
Found: rapl:::PP0_ENERGY_CNT:PACKAGE1
Found: rapl:::THERMAL_SPEC:PACKAGE0
Found: rapl:::THERMAL_SPEC:PACKAGE1
Found: rapl:::MINIMUM_POWER:PACKAGE0
Found: rapl:::MINIMUM_POWER:PACKAGE1
Found: rapl:::MAXIMUM_POWER:PACKAGE0
Found: rapl:::MAXIMUM_POWER:PACKAGE1
Found: rapl:::MAXIMUM_TIME_WINDOW:PACKAGE0
Found: rapl:::MAXIMUM_TIME_WINDOW:PACKAGE1
Found: rapl:::PACKAGE_ENERGY:PACKAGE0
Found: rapl:::PACKAGE_ENERGY:PACKAGE1
Found: rapl:::DRAM_ENERGY:PACKAGE0
Found: rapl:::DRAM_ENERGY:PACKAGE1
Found: rapl:::PP0_ENERGY:PACKAGE0
Found: rapl:::PP0_ENERGY:PACKAGE1
Nodes: 16777216 edges: 538752488 heaviest edge: 99
4.6006 s 0.0000 (* Average Power for rapl:::THERMAL_SPEC_CNT:PACKAGE0 *)
4.6006 s 0.0000 (* Average Power for rapl:::THERMAL_SPEC_CNT:PACKAGE1 *)
4.6006 s 0.0000 (* Average Power for rapl:::MINIMUM_POWER_CNT:PACKAGE0 *)
4.6006 s 0.0000 (* Average Power for rapl:::MINIMUM_POWER_CNT:PACKAGE1 *)
4.6006 s 0.0000 (* Average Power for rapl:::MAXIMUM_POWER_CNT:PACKAGE0 *)
4.6006 s 0.0000 (* Average Power for rapl:::MAXIMUM_POWER_CNT:PACKAGE1 *)
4.6006 s 0.0000 (* Average Power for rapl:::MAXIMUM_TIME_WINDOW_CNT:PACKAGE0 *)
4.6006 s 0.0000 (* Average Power for rapl:::MAXIMUM_TIME_WINDOW_CNT:PACKAGE1 *)
4.6006 s 0.0019 (* Average Power for rapl:::PACKAGE_ENERGY_CNT:PACKAGE0 *)
4.6006 s 0.0004 (* Average Power for rapl:::PACKAGE_ENERGY_CNT:PACKAGE1 *)
4.6006 s 0.0014 (* Average Power for rapl:::DRAM_ENERGY_CNT:PACKAGE0 *)
4.6006 s 0.0007 (* Average Power for rapl:::DRAM_ENERGY_CNT:PACKAGE1 *)
4.6006 s 0.0000 (* Average Power for rapl:::PP0_ENERGY_CNT:PACKAGE0 *)
4.6006 s 0.0000 (* Average Power for rapl:::PP0_ENERGY_CNT:PACKAGE1 *)
4.6006 s 1008411351.2843 (* Average Power for rapl:::THERMAL_SPEC:PACKAGE0 *)
4.6006 s 1008411351.2843 (* Average Power for rapl:::THERMAL_SPEC:PACKAGE1 *)
4.6006 s 1007378903.0076 (* Average Power for rapl:::MINIMUM_POWER:PACKAGE0 *)
4.6006 s 1007378903.0076 (* Average Power for rapl:::MINIMUM_POWER:PACKAGE1 *)
4.6006 s 1009390265.2060 (* Average Power for rapl:::MAXIMUM_POWER:PACKAGE0 *)
4.6006 s 1009390265.2060 (* Average Power for rapl:::MAXIMUM_POWER:PACKAGE1 *)
4.6006 s 996993238.1203 (* Average Power for rapl:::MAXIMUM_TIME_WINDOW:PACKAGE0 *)
4.6006 s 996993238.1203 (* Average Power for rapl:::MAXIMUM_TIME_WINDOW:PACKAGE1 *)
4.6006 s 530.4962 (* Total Energy for rapl:::PACKAGE_ENERGY:PACKAGE0 *)
4.6006 s 115.3100 (* Average Power for rapl:::PACKAGE_ENERGY:PACKAGE0 *)
4.6006 s 103.3157 (* Total Energy for rapl:::PACKAGE_ENERGY:PACKAGE1 *)
4.6006 s 22.4570 (* Average Power for rapl:::PACKAGE_ENERGY:PACKAGE1 *)
4.6006 s 22.0900 (* Average Power for rapl:::DRAM_ENERGY:PACKAGE0 *)
4.6006 s 10.3430 (* Average Power for rapl:::DRAM_ENERGY:PACKAGE1 *)
4.6006 s 0.0000 (* Average Power for rapl:::PP0_ENERGY:PACKAGE0 *)
4.6006 s 0.0000 (* Average Power for rapl:::PP0_ENERGY:PACKAGE1 *)
MST weight: 2.16283e+08 (216283071)
Num trees: 281104
Tree edges: 16496112
STATTYPE,LOOP,CATEGORY,n,sum,T0,T1,T2,T3,T4,T5,T6,T7,T8,T9,T10,T11,T12,T13,T14,T15
STAT,(NULL),InitializeSortTime,16,1222,1222,0,0,0,0,0,0,0,0,0,0,0,0,0,0,0
STAT,(NULL),InitializeTime,16,57046,57046,0,0,0,0,0,0,0,0,0,0,0,0,0,0,0
STAT,(NULL),LoopTime,16,5804,5804,0,0,0,0,0,0,0,0,0,0,0,0,0,0,0
STAT,(NULL),MeminfoPost,16,530,33,33,33,33,33,33,33,33,33,33,33,33,33,33,34,34
STAT,(NULL),MeminfoPre,16,0,0,0,0,0,0,0,0,0,0,0,0,0,0,0,0,0
STAT,(NULL),Rounds,16,23,23,0,0,0,0,0,0,0,0,0,0,0,0,0,0,0
STAT,(NULL),Threads,16,16,16,0,0,0,0,0,0,0,0,0,0,0,0,0,0,0
STAT,(NULL),Time,16,4600,4600,0,0,0,0,0,0,0,0,0,0,0,0,0,0,0
STAT,map_reduce,LoopTime,16,133,133,0,0,0,0,0,0,0,0,0,0,0,0,0,0,0
Galois Benchmark Suite v2.2.1 (r0)
Copyright (C) 2014 The University of Texas at Austin
http://iss.ices.utexas.edu/galois/

application: Boruvka's Minimum Spanning Tree Algorithm
Computes the minimum spanning forest of a graph
http://iss.ices.utexas.edu/?p=projects/galois/benchmarks/mst

INFO: CommandLine /home/users/norris/research/easy-parallel-graph/autoperf/mst/lib/Galois-2.2.1/build/power/apps/boruvka/boruvka -t=16 /home/users/norris/research/easy-parallel-graph/experiment/datasets/rmat248_G_100i_1000000.gr
INFO: Hostname arya
Found rapl component at cid 2
Found: rapl:::THERMAL_SPEC_CNT:PACKAGE0
Found: rapl:::THERMAL_SPEC_CNT:PACKAGE1
Found: rapl:::MINIMUM_POWER_CNT:PACKAGE0
Found: rapl:::MINIMUM_POWER_CNT:PACKAGE1
Found: rapl:::MAXIMUM_POWER_CNT:PACKAGE0
Found: rapl:::MAXIMUM_POWER_CNT:PACKAGE1
Found: rapl:::MAXIMUM_TIME_WINDOW_CNT:PACKAGE0
Found: rapl:::MAXIMUM_TIME_WINDOW_CNT:PACKAGE1
Found: rapl:::PACKAGE_ENERGY_CNT:PACKAGE0
Found: rapl:::PACKAGE_ENERGY_CNT:PACKAGE1
Found: rapl:::DRAM_ENERGY_CNT:PACKAGE0
Found: rapl:::DRAM_ENERGY_CNT:PACKAGE1
Found: rapl:::PP0_ENERGY_CNT:PACKAGE0
Found: rapl:::PP0_ENERGY_CNT:PACKAGE1
Found: rapl:::THERMAL_SPEC:PACKAGE0
Found: rapl:::THERMAL_SPEC:PACKAGE1
Found: rapl:::MINIMUM_POWER:PACKAGE0
Found: rapl:::MINIMUM_POWER:PACKAGE1
Found: rapl:::MAXIMUM_POWER:PACKAGE0
Found: rapl:::MAXIMUM_POWER:PACKAGE1
Found: rapl:::MAXIMUM_TIME_WINDOW:PACKAGE0
Found: rapl:::MAXIMUM_TIME_WINDOW:PACKAGE1
Found: rapl:::PACKAGE_ENERGY:PACKAGE0
Found: rapl:::PACKAGE_ENERGY:PACKAGE1
Found: rapl:::DRAM_ENERGY:PACKAGE0
Found: rapl:::DRAM_ENERGY:PACKAGE1
Found: rapl:::PP0_ENERGY:PACKAGE0
Found: rapl:::PP0_ENERGY:PACKAGE1
Nodes: 16777216 edges: 538752488 heaviest edge: 99
4.3729 s 0.0000 (* Average Power for rapl:::THERMAL_SPEC_CNT:PACKAGE0 *)
4.3729 s 0.0000 (* Average Power for rapl:::THERMAL_SPEC_CNT:PACKAGE1 *)
4.3729 s 0.0000 (* Average Power for rapl:::MINIMUM_POWER_CNT:PACKAGE0 *)
4.3729 s 0.0000 (* Average Power for rapl:::MINIMUM_POWER_CNT:PACKAGE1 *)
4.3729 s 0.0000 (* Average Power for rapl:::MAXIMUM_POWER_CNT:PACKAGE0 *)
4.3729 s 0.0000 (* Average Power for rapl:::MAXIMUM_POWER_CNT:PACKAGE1 *)
4.3729 s 0.0000 (* Average Power for rapl:::MAXIMUM_TIME_WINDOW_CNT:PACKAGE0 *)
4.3729 s 0.0000 (* Average Power for rapl:::MAXIMUM_TIME_WINDOW_CNT:PACKAGE1 *)
4.3729 s 0.0019 (* Average Power for rapl:::PACKAGE_ENERGY_CNT:PACKAGE0 *)
4.3729 s 0.0004 (* Average Power for rapl:::PACKAGE_ENERGY_CNT:PACKAGE1 *)
4.3729 s 0.0015 (* Average Power for rapl:::DRAM_ENERGY_CNT:PACKAGE0 *)
4.3729 s 0.0007 (* Average Power for rapl:::DRAM_ENERGY_CNT:PACKAGE1 *)
4.3729 s 0.0000 (* Average Power for rapl:::PP0_ENERGY_CNT:PACKAGE0 *)
4.3729 s 0.0000 (* Average Power for rapl:::PP0_ENERGY_CNT:PACKAGE1 *)
4.3729 s 1060933829.7802 (* Average Power for rapl:::THERMAL_SPEC:PACKAGE0 *)
4.3729 s 1060933829.7802 (* Average Power for rapl:::THERMAL_SPEC:PACKAGE1 *)
4.3729 s 1059847607.0766 (* Average Power for rapl:::MINIMUM_POWER:PACKAGE0 *)
4.3729 s 1059847607.0766 (* Average Power for rapl:::MINIMUM_POWER:PACKAGE1 *)
4.3729 s 1061963729.8250 (* Average Power for rapl:::MAXIMUM_POWER:PACKAGE0 *)
4.3729 s 1061963729.8250 (* Average Power for rapl:::MAXIMUM_POWER:PACKAGE1 *)
4.3729 s 1048921011.2885 (* Average Power for rapl:::MAXIMUM_TIME_WINDOW:PACKAGE0 *)
4.3729 s 1048921011.2885 (* Average Power for rapl:::MAXIMUM_TIME_WINDOW:PACKAGE1 *)
4.3729 s 509.5562 (* Total Energy for rapl:::PACKAGE_ENERGY:PACKAGE0 *)
4.3729 s 116.5272 (* Average Power for rapl:::PACKAGE_ENERGY:PACKAGE0 *)
4.3729 s 100.1823 (* Total Energy for rapl:::PACKAGE_ENERGY:PACKAGE1 *)
4.3729 s 22.9101 (* Average Power for rapl:::PACKAGE_ENERGY:PACKAGE1 *)
4.3729 s 22.6978 (* Average Power for rapl:::DRAM_ENERGY:PACKAGE0 *)
4.3729 s 10.5372 (* Average Power for rapl:::DRAM_ENERGY:PACKAGE1 *)
4.3729 s 0.0000 (* Average Power for rapl:::PP0_ENERGY:PACKAGE0 *)
4.3729 s 0.0000 (* Average Power for rapl:::PP0_ENERGY:PACKAGE1 *)
MST weight: 2.16283e+08 (216283071)
Num trees: 281104
Tree edges: 16496112
STATTYPE,LOOP,CATEGORY,n,sum,T0,T1,T2,T3,T4,T5,T6,T7,T8,T9,T10,T11,T12,T13,T14,T15
STAT,(NULL),InitializeSortTime,16,1229,1229,0,0,0,0,0,0,0,0,0,0,0,0,0,0,0
STAT,(NULL),InitializeTime,16,57194,57194,0,0,0,0,0,0,0,0,0,0,0,0,0,0,0
STAT,(NULL),LoopTime,16,5584,5584,0,0,0,0,0,0,0,0,0,0,0,0,0,0,0
STAT,(NULL),MeminfoPost,16,530,33,33,33,33,33,33,33,33,33,33,33,33,33,33,34,34
STAT,(NULL),MeminfoPre,16,0,0,0,0,0,0,0,0,0,0,0,0,0,0,0,0,0
STAT,(NULL),Rounds,16,23,23,0,0,0,0,0,0,0,0,0,0,0,0,0,0,0
STAT,(NULL),Threads,16,16,16,0,0,0,0,0,0,0,0,0,0,0,0,0,0,0
STAT,(NULL),Time,16,4372,4372,0,0,0,0,0,0,0,0,0,0,0,0,0,0,0
STAT,map_reduce,LoopTime,16,133,133,0,0,0,0,0,0,0,0,0,0,0,0,0,0,0
Galois Benchmark Suite v2.2.1 (r0)
Copyright (C) 2014 The University of Texas at Austin
http://iss.ices.utexas.edu/galois/

application: Boruvka's Minimum Spanning Tree Algorithm
Computes the minimum spanning forest of a graph
http://iss.ices.utexas.edu/?p=projects/galois/benchmarks/mst

INFO: CommandLine /home/users/norris/research/easy-parallel-graph/autoperf/mst/lib/Galois-2.2.1/build/power/apps/boruvka/boruvka -t=16 /home/users/norris/research/easy-parallel-graph/experiment/datasets/rmat248_G_100i_1000000.gr
INFO: Hostname arya
Found rapl component at cid 2
Found: rapl:::THERMAL_SPEC_CNT:PACKAGE0
Found: rapl:::THERMAL_SPEC_CNT:PACKAGE1
Found: rapl:::MINIMUM_POWER_CNT:PACKAGE0
Found: rapl:::MINIMUM_POWER_CNT:PACKAGE1
Found: rapl:::MAXIMUM_POWER_CNT:PACKAGE0
Found: rapl:::MAXIMUM_POWER_CNT:PACKAGE1
Found: rapl:::MAXIMUM_TIME_WINDOW_CNT:PACKAGE0
Found: rapl:::MAXIMUM_TIME_WINDOW_CNT:PACKAGE1
Found: rapl:::PACKAGE_ENERGY_CNT:PACKAGE0
Found: rapl:::PACKAGE_ENERGY_CNT:PACKAGE1
Found: rapl:::DRAM_ENERGY_CNT:PACKAGE0
Found: rapl:::DRAM_ENERGY_CNT:PACKAGE1
Found: rapl:::PP0_ENERGY_CNT:PACKAGE0
Found: rapl:::PP0_ENERGY_CNT:PACKAGE1
Found: rapl:::THERMAL_SPEC:PACKAGE0
Found: rapl:::THERMAL_SPEC:PACKAGE1
Found: rapl:::MINIMUM_POWER:PACKAGE0
Found: rapl:::MINIMUM_POWER:PACKAGE1
Found: rapl:::MAXIMUM_POWER:PACKAGE0
Found: rapl:::MAXIMUM_POWER:PACKAGE1
Found: rapl:::MAXIMUM_TIME_WINDOW:PACKAGE0
Found: rapl:::MAXIMUM_TIME_WINDOW:PACKAGE1
Found: rapl:::PACKAGE_ENERGY:PACKAGE0
Found: rapl:::PACKAGE_ENERGY:PACKAGE1
Found: rapl:::DRAM_ENERGY:PACKAGE0
Found: rapl:::DRAM_ENERGY:PACKAGE1
Found: rapl:::PP0_ENERGY:PACKAGE0
Found: rapl:::PP0_ENERGY:PACKAGE1
Nodes: 16777216 edges: 538752488 heaviest edge: 99
4.2383 s 0.0000 (* Average Power for rapl:::THERMAL_SPEC_CNT:PACKAGE0 *)
4.2383 s 0.0000 (* Average Power for rapl:::THERMAL_SPEC_CNT:PACKAGE1 *)
4.2383 s 0.0000 (* Average Power for rapl:::MINIMUM_POWER_CNT:PACKAGE0 *)
4.2383 s 0.0000 (* Average Power for rapl:::MINIMUM_POWER_CNT:PACKAGE1 *)
4.2383 s 0.0000 (* Average Power for rapl:::MAXIMUM_POWER_CNT:PACKAGE0 *)
4.2383 s 0.0000 (* Average Power for rapl:::MAXIMUM_POWER_CNT:PACKAGE1 *)
4.2383 s 0.0000 (* Average Power for rapl:::MAXIMUM_TIME_WINDOW_CNT:PACKAGE0 *)
4.2383 s 0.0000 (* Average Power for rapl:::MAXIMUM_TIME_WINDOW_CNT:PACKAGE1 *)
4.2383 s 0.0019 (* Average Power for rapl:::PACKAGE_ENERGY_CNT:PACKAGE0 *)
4.2383 s 0.0004 (* Average Power for rapl:::PACKAGE_ENERGY_CNT:PACKAGE1 *)
4.2383 s 0.0015 (* Average Power for rapl:::DRAM_ENERGY_CNT:PACKAGE0 *)
4.2383 s 0.0007 (* Average Power for rapl:::DRAM_ENERGY_CNT:PACKAGE1 *)
4.2383 s 0.0000 (* Average Power for rapl:::PP0_ENERGY_CNT:PACKAGE0 *)
4.2383 s 0.0000 (* Average Power for rapl:::PP0_ENERGY_CNT:PACKAGE1 *)
4.2383 s 1094620704.5906 (* Average Power for rapl:::THERMAL_SPEC:PACKAGE0 *)
4.2383 s 1094620704.5906 (* Average Power for rapl:::THERMAL_SPEC:PACKAGE1 *)
4.2383 s 1093499992.0375 (* Average Power for rapl:::MINIMUM_POWER:PACKAGE0 *)
4.2383 s 1093499992.0375 (* Average Power for rapl:::MINIMUM_POWER:PACKAGE1 *)
4.2383 s 1095683306.1225 (* Average Power for rapl:::MAXIMUM_POWER:PACKAGE0 *)
4.2383 s 1095683306.1225 (* Average Power for rapl:::MAXIMUM_POWER:PACKAGE1 *)
4.2383 s 1082226453.9103 (* Average Power for rapl:::MAXIMUM_TIME_WINDOW:PACKAGE0 *)
4.2383 s 1082226453.9103 (* Average Power for rapl:::MAXIMUM_TIME_WINDOW:PACKAGE1 *)
4.2383 s 496.6713 (* Total Energy for rapl:::PACKAGE_ENERGY:PACKAGE0 *)
4.2383 s 117.1871 (* Average Power for rapl:::PACKAGE_ENERGY:PACKAGE0 *)
4.2383 s 98.4146 (* Total Energy for rapl:::PACKAGE_ENERGY:PACKAGE1 *)
4.2383 s 23.2204 (* Average Power for rapl:::PACKAGE_ENERGY:PACKAGE1 *)
4.2383 s 23.1183 (* Average Power for rapl:::DRAM_ENERGY:PACKAGE0 *)
4.2383 s 10.5260 (* Average Power for rapl:::DRAM_ENERGY:PACKAGE1 *)
4.2383 s 0.0000 (* Average Power for rapl:::PP0_ENERGY:PACKAGE0 *)
4.2383 s 0.0000 (* Average Power for rapl:::PP0_ENERGY:PACKAGE1 *)
MST weight: 2.16283e+08 (216283071)
Num trees: 281104
Tree edges: 16496112
STATTYPE,LOOP,CATEGORY,n,sum,T0,T1,T2,T3,T4,T5,T6,T7,T8,T9,T10,T11,T12,T13,T14,T15
STAT,(NULL),InitializeSortTime,16,1231,1231,0,0,0,0,0,0,0,0,0,0,0,0,0,0,0
STAT,(NULL),InitializeTime,16,55868,55868,0,0,0,0,0,0,0,0,0,0,0,0,0,0,0
STAT,(NULL),LoopTime,16,5451,5451,0,0,0,0,0,0,0,0,0,0,0,0,0,0,0
STAT,(NULL),MeminfoPost,16,530,33,33,33,33,33,33,33,33,33,33,33,33,33,33,34,34
STAT,(NULL),MeminfoPre,16,0,0,0,0,0,0,0,0,0,0,0,0,0,0,0,0,0
STAT,(NULL),Rounds,16,23,23,0,0,0,0,0,0,0,0,0,0,0,0,0,0,0
STAT,(NULL),Threads,16,16,16,0,0,0,0,0,0,0,0,0,0,0,0,0,0,0
STAT,(NULL),Time,16,4238,4238,0,0,0,0,0,0,0,0,0,0,0,0,0,0,0
STAT,map_reduce,LoopTime,16,132,132,0,0,0,0,0,0,0,0,0,0,0,0,0,0,0
Galois Benchmark Suite v2.2.1 (r0)
Copyright (C) 2014 The University of Texas at Austin
http://iss.ices.utexas.edu/galois/

application: Boruvka's Minimum Spanning Tree Algorithm
Computes the minimum spanning forest of a graph
http://iss.ices.utexas.edu/?p=projects/galois/benchmarks/mst

INFO: CommandLine /home/users/norris/research/easy-parallel-graph/autoperf/mst/lib/Galois-2.2.1/build/power/apps/boruvka/boruvka -t=16 /home/users/norris/research/easy-parallel-graph/experiment/datasets/rmat248_G_100i_1000000.gr
INFO: Hostname arya
Found rapl component at cid 2
Found: rapl:::THERMAL_SPEC_CNT:PACKAGE0
Found: rapl:::THERMAL_SPEC_CNT:PACKAGE1
Found: rapl:::MINIMUM_POWER_CNT:PACKAGE0
Found: rapl:::MINIMUM_POWER_CNT:PACKAGE1
Found: rapl:::MAXIMUM_POWER_CNT:PACKAGE0
Found: rapl:::MAXIMUM_POWER_CNT:PACKAGE1
Found: rapl:::MAXIMUM_TIME_WINDOW_CNT:PACKAGE0
Found: rapl:::MAXIMUM_TIME_WINDOW_CNT:PACKAGE1
Found: rapl:::PACKAGE_ENERGY_CNT:PACKAGE0
Found: rapl:::PACKAGE_ENERGY_CNT:PACKAGE1
Found: rapl:::DRAM_ENERGY_CNT:PACKAGE0
Found: rapl:::DRAM_ENERGY_CNT:PACKAGE1
Found: rapl:::PP0_ENERGY_CNT:PACKAGE0
Found: rapl:::PP0_ENERGY_CNT:PACKAGE1
Found: rapl:::THERMAL_SPEC:PACKAGE0
Found: rapl:::THERMAL_SPEC:PACKAGE1
Found: rapl:::MINIMUM_POWER:PACKAGE0
Found: rapl:::MINIMUM_POWER:PACKAGE1
Found: rapl:::MAXIMUM_POWER:PACKAGE0
Found: rapl:::MAXIMUM_POWER:PACKAGE1
Found: rapl:::MAXIMUM_TIME_WINDOW:PACKAGE0
Found: rapl:::MAXIMUM_TIME_WINDOW:PACKAGE1
Found: rapl:::PACKAGE_ENERGY:PACKAGE0
Found: rapl:::PACKAGE_ENERGY:PACKAGE1
Found: rapl:::DRAM_ENERGY:PACKAGE0
Found: rapl:::DRAM_ENERGY:PACKAGE1
Found: rapl:::PP0_ENERGY:PACKAGE0
Found: rapl:::PP0_ENERGY:PACKAGE1
Nodes: 16777216 edges: 538752488 heaviest edge: 99
4.6531 s 0.0000 (* Average Power for rapl:::THERMAL_SPEC_CNT:PACKAGE0 *)
4.6531 s 0.0000 (* Average Power for rapl:::THERMAL_SPEC_CNT:PACKAGE1 *)
4.6531 s 0.0000 (* Average Power for rapl:::MINIMUM_POWER_CNT:PACKAGE0 *)
4.6531 s 0.0000 (* Average Power for rapl:::MINIMUM_POWER_CNT:PACKAGE1 *)
4.6531 s 0.0000 (* Average Power for rapl:::MAXIMUM_POWER_CNT:PACKAGE0 *)
4.6531 s 0.0000 (* Average Power for rapl:::MAXIMUM_POWER_CNT:PACKAGE1 *)
4.6531 s 0.0000 (* Average Power for rapl:::MAXIMUM_TIME_WINDOW_CNT:PACKAGE0 *)
4.6531 s 0.0000 (* Average Power for rapl:::MAXIMUM_TIME_WINDOW_CNT:PACKAGE1 *)
4.6531 s 0.0019 (* Average Power for rapl:::PACKAGE_ENERGY_CNT:PACKAGE0 *)
4.6531 s 0.0004 (* Average Power for rapl:::PACKAGE_ENERGY_CNT:PACKAGE1 *)
4.6531 s 0.0014 (* Average Power for rapl:::DRAM_ENERGY_CNT:PACKAGE0 *)
4.6531 s 0.0007 (* Average Power for rapl:::DRAM_ENERGY_CNT:PACKAGE1 *)
4.6531 s 0.0000 (* Average Power for rapl:::PP0_ENERGY_CNT:PACKAGE0 *)
4.6531 s 0.0000 (* Average Power for rapl:::PP0_ENERGY_CNT:PACKAGE1 *)
4.6531 s 997029352.9772 (* Average Power for rapl:::THERMAL_SPEC:PACKAGE0 *)
4.6531 s 997029352.9772 (* Average Power for rapl:::THERMAL_SPEC:PACKAGE1 *)
4.6531 s 996008558.0049 (* Average Power for rapl:::MINIMUM_POWER:PACKAGE0 *)
4.6531 s 996008558.0049 (* Average Power for rapl:::MINIMUM_POWER:PACKAGE1 *)
4.6531 s 997997217.8397 (* Average Power for rapl:::MAXIMUM_POWER:PACKAGE0 *)
4.6531 s 997997217.8397 (* Average Power for rapl:::MAXIMUM_POWER:PACKAGE1 *)
4.6531 s 985740116.7288 (* Average Power for rapl:::MAXIMUM_TIME_WINDOW:PACKAGE0 *)
4.6531 s 985740116.7288 (* Average Power for rapl:::MAXIMUM_TIME_WINDOW:PACKAGE1 *)
4.6531 s 536.4543 (* Total Energy for rapl:::PACKAGE_ENERGY:PACKAGE0 *)
4.6531 s 115.2889 (* Average Power for rapl:::PACKAGE_ENERGY:PACKAGE0 *)
4.6531 s 104.2119 (* Total Energy for rapl:::PACKAGE_ENERGY:PACKAGE1 *)
4.6531 s 22.3961 (* Average Power for rapl:::PACKAGE_ENERGY:PACKAGE1 *)
4.6531 s 22.0785 (* Average Power for rapl:::DRAM_ENERGY:PACKAGE0 *)
4.6531 s 10.4827 (* Average Power for rapl:::DRAM_ENERGY:PACKAGE1 *)
4.6531 s 0.0000 (* Average Power for rapl:::PP0_ENERGY:PACKAGE0 *)
4.6531 s 0.0000 (* Average Power for rapl:::PP0_ENERGY:PACKAGE1 *)
MST weight: 2.16283e+08 (216283071)
Num trees: 281104
Tree edges: 16496112
STATTYPE,LOOP,CATEGORY,n,sum,T0,T1,T2,T3,T4,T5,T6,T7,T8,T9,T10,T11,T12,T13,T14,T15
STAT,(NULL),InitializeSortTime,16,1219,1219,0,0,0,0,0,0,0,0,0,0,0,0,0,0,0
STAT,(NULL),InitializeTime,16,57398,57398,0,0,0,0,0,0,0,0,0,0,0,0,0,0,0
STAT,(NULL),LoopTime,16,5852,5852,0,0,0,0,0,0,0,0,0,0,0,0,0,0,0
STAT,(NULL),MeminfoPost,16,531,33,33,33,33,33,33,33,33,33,33,33,33,34,33,34,34
STAT,(NULL),MeminfoPre,16,0,0,0,0,0,0,0,0,0,0,0,0,0,0,0,0,0
STAT,(NULL),Rounds,16,24,24,0,0,0,0,0,0,0,0,0,0,0,0,0,0,0
STAT,(NULL),Threads,16,16,16,0,0,0,0,0,0,0,0,0,0,0,0,0,0,0
STAT,(NULL),Time,16,4653,4653,0,0,0,0,0,0,0,0,0,0,0,0,0,0,0
STAT,map_reduce,LoopTime,16,134,134,0,0,0,0,0,0,0,0,0,0,0,0,0,0,0
