Time Taken for Initializing Memory 0.378322 
Highest Edge Value 10 --
Total Time for Reading Remainder Edges 0.216938 
Total Time for Reading Certificate Network 7.318981 
Total Time for Reading Update List 0.415003 
==Update Starts =======
Time Taken for Initializing Memory 0.359177 
Highest Edge Value 10 --
Total Time for Reading Remainder Edges 0.216688 
Total Time for Reading Certificate Network 7.226591 
Total Time for Reading Update List 0.412080 
==Update Starts =======
Time Taken for Initializing Memory 0.378031 
Highest Edge Value 10 --
Total Time for Reading Remainder Edges 0.217856 
Total Time for Reading Certificate Network 7.240478 
Total Time for Reading Update List 0.414721 
==Update Starts =======
Time Taken for Initializing Memory 0.376213 
Highest Edge Value 10 --
Total Time for Reading Remainder Edges 0.216921 
Total Time for Reading Certificate Network 7.269007 
Total Time for Reading Update List 0.415182 
==Update Starts =======
