Time Taken for Initializing Memory 0.382613 
Highest Edge Value 10 --
Total Time for Reading Remainder Edges 78.948605 
Total Time for Reading Certificate Network 18.766403 
Total Time for Reading Update List 0.427330 
==Update Starts =======
Total Time for Initial Tree Creation  9.348447 
Found rapl component at cid 2
Found: rapl:::THERMAL_SPEC_CNT:PACKAGE0
Found: rapl:::THERMAL_SPEC_CNT:PACKAGE1
Found: rapl:::MINIMUM_POWER_CNT:PACKAGE0
Found: rapl:::MINIMUM_POWER_CNT:PACKAGE1
Found: rapl:::MAXIMUM_POWER_CNT:PACKAGE0
Found: rapl:::MAXIMUM_POWER_CNT:PACKAGE1
Found: rapl:::MAXIMUM_TIME_WINDOW_CNT:PACKAGE0
Found: rapl:::MAXIMUM_TIME_WINDOW_CNT:PACKAGE1
Found: rapl:::PACKAGE_ENERGY_CNT:PACKAGE0
Found: rapl:::PACKAGE_ENERGY_CNT:PACKAGE1
Found: rapl:::DRAM_ENERGY_CNT:PACKAGE0
Found: rapl:::DRAM_ENERGY_CNT:PACKAGE1
Found: rapl:::PP0_ENERGY_CNT:PACKAGE0
Found: rapl:::PP0_ENERGY_CNT:PACKAGE1
Found: rapl:::THERMAL_SPEC:PACKAGE0
Found: rapl:::THERMAL_SPEC:PACKAGE1
Found: rapl:::MINIMUM_POWER:PACKAGE0
Found: rapl:::MINIMUM_POWER:PACKAGE1
Found: rapl:::MAXIMUM_POWER:PACKAGE0
Found: rapl:::MAXIMUM_POWER:PACKAGE1
Found: rapl:::MAXIMUM_TIME_WINDOW:PACKAGE0
Found: rapl:::MAXIMUM_TIME_WINDOW:PACKAGE1
Found: rapl:::PACKAGE_ENERGY:PACKAGE0
Found: rapl:::PACKAGE_ENERGY:PACKAGE1
Found: rapl:::DRAM_ENERGY:PACKAGE0
Found: rapl:::DRAM_ENERGY:PACKAGE1
Found: rapl:::PP0_ENERGY:PACKAGE0
Found: rapl:::PP0_ENERGY:PACKAGE1
Starting Classify and Insert
Classify 999999 999999  
Deleted Edges: 30804 
Processed Inserts: 160254
 Unprocessed Inserts: 193
 0.6074 s 0.0000 (* Average Power for rapl:::THERMAL_SPEC_CNT:PACKAGE0 *)
0.6074 s 0.0000 (* Average Power for rapl:::THERMAL_SPEC_CNT:PACKAGE1 *)
0.6074 s 0.0000 (* Average Power for rapl:::MINIMUM_POWER_CNT:PACKAGE0 *)
0.6074 s 0.0000 (* Average Power for rapl:::MINIMUM_POWER_CNT:PACKAGE1 *)
0.6074 s 0.0000 (* Average Power for rapl:::MAXIMUM_POWER_CNT:PACKAGE0 *)
0.6074 s 0.0000 (* Average Power for rapl:::MAXIMUM_POWER_CNT:PACKAGE1 *)
0.6074 s 0.0000 (* Average Power for rapl:::MAXIMUM_TIME_WINDOW_CNT:PACKAGE0 *)
0.6074 s 0.0000 (* Average Power for rapl:::MAXIMUM_TIME_WINDOW_CNT:PACKAGE1 *)
0.6074 s 0.0009 (* Average Power for rapl:::PACKAGE_ENERGY_CNT:PACKAGE0 *)
0.6074 s 0.0012 (* Average Power for rapl:::PACKAGE_ENERGY_CNT:PACKAGE1 *)
0.6074 s 0.0010 (* Average Power for rapl:::DRAM_ENERGY_CNT:PACKAGE0 *)
0.6074 s 0.0010 (* Average Power for rapl:::DRAM_ENERGY_CNT:PACKAGE1 *)
0.6074 s 0.0000 (* Average Power for rapl:::PP0_ENERGY_CNT:PACKAGE0 *)
0.6074 s 0.0000 (* Average Power for rapl:::PP0_ENERGY_CNT:PACKAGE1 *)
0.6074 s 7638189135.5587 (* Average Power for rapl:::THERMAL_SPEC:PACKAGE0 *)
0.6074 s 7638189135.5587 (* Average Power for rapl:::THERMAL_SPEC:PACKAGE1 *)
0.6074 s 7630368879.2712 (* Average Power for rapl:::MINIMUM_POWER:PACKAGE0 *)
0.6074 s 7630368879.2712 (* Average Power for rapl:::MINIMUM_POWER:PACKAGE1 *)
0.6074 s 7645603897.0757 (* Average Power for rapl:::MAXIMUM_POWER:PACKAGE0 *)
0.6074 s 7645603897.0757 (* Average Power for rapl:::MAXIMUM_POWER:PACKAGE1 *)
0.6074 s 7551702893.8014 (* Average Power for rapl:::MAXIMUM_TIME_WINDOW:PACKAGE0 *)
0.6074 s 7551702893.8014 (* Average Power for rapl:::MAXIMUM_TIME_WINDOW:PACKAGE1 *)
0.6074 s 33.8361 (* Total Energy for rapl:::PACKAGE_ENERGY:PACKAGE0 *)
0.6074 s 55.7081 (* Average Power for rapl:::PACKAGE_ENERGY:PACKAGE0 *)
0.6074 s 44.9973 (* Total Energy for rapl:::PACKAGE_ENERGY:PACKAGE1 *)
0.6074 s 74.0838 (* Average Power for rapl:::PACKAGE_ENERGY:PACKAGE1 *)
0.6074 s 14.8617 (* Average Power for rapl:::DRAM_ENERGY:PACKAGE0 *)
0.6074 s 14.9762 (* Average Power for rapl:::DRAM_ENERGY:PACKAGE1 *)
0.6074 s 0.0000 (* Average Power for rapl:::PP0_ENERGY:PACKAGE0 *)
0.6074 s 0.0000 (* Average Power for rapl:::PP0_ENERGY:PACKAGE1 *)
Time for Classify and insert  0.607323 
Found rapl component at cid 2
Found: rapl:::THERMAL_SPEC_CNT:PACKAGE0
Found: rapl:::THERMAL_SPEC_CNT:PACKAGE1
Found: rapl:::MINIMUM_POWER_CNT:PACKAGE0
Found: rapl:::MINIMUM_POWER_CNT:PACKAGE1
Found: rapl:::MAXIMUM_POWER_CNT:PACKAGE0
Found: rapl:::MAXIMUM_POWER_CNT:PACKAGE1
Found: rapl:::MAXIMUM_TIME_WINDOW_CNT:PACKAGE0
Found: rapl:::MAXIMUM_TIME_WINDOW_CNT:PACKAGE1
Found: rapl:::PACKAGE_ENERGY_CNT:PACKAGE0
Found: rapl:::PACKAGE_ENERGY_CNT:PACKAGE1
Found: rapl:::DRAM_ENERGY_CNT:PACKAGE0
Found: rapl:::DRAM_ENERGY_CNT:PACKAGE1
Found: rapl:::PP0_ENERGY_CNT:PACKAGE0
Found: rapl:::PP0_ENERGY_CNT:PACKAGE1
Found: rapl:::THERMAL_SPEC:PACKAGE0
Found: rapl:::THERMAL_SPEC:PACKAGE1
Found: rapl:::MINIMUM_POWER:PACKAGE0
Found: rapl:::MINIMUM_POWER:PACKAGE1
Found: rapl:::MAXIMUM_POWER:PACKAGE0
Found: rapl:::MAXIMUM_POWER:PACKAGE1
Found: rapl:::MAXIMUM_TIME_WINDOW:PACKAGE0
Found: rapl:::MAXIMUM_TIME_WINDOW:PACKAGE1
Found: rapl:::PACKAGE_ENERGY:PACKAGE0
Found: rapl:::PACKAGE_ENERGY:PACKAGE1
Found: rapl:::DRAM_ENERGY:PACKAGE0
Found: rapl:::DRAM_ENERGY:PACKAGE1
Found: rapl:::PP0_ENERGY:PACKAGE0
Found: rapl:::PP0_ENERGY:PACKAGE1
Starting process_deletions
1.4631 s 0.0000 (* Average Power for rapl:::THERMAL_SPEC_CNT:PACKAGE0 *)
1.4631 s 0.0000 (* Average Power for rapl:::THERMAL_SPEC_CNT:PACKAGE1 *)
1.4631 s 0.0000 (* Average Power for rapl:::MINIMUM_POWER_CNT:PACKAGE0 *)
1.4631 s 0.0000 (* Average Power for rapl:::MINIMUM_POWER_CNT:PACKAGE1 *)
1.4631 s 0.0000 (* Average Power for rapl:::MAXIMUM_POWER_CNT:PACKAGE0 *)
1.4631 s 0.0000 (* Average Power for rapl:::MAXIMUM_POWER_CNT:PACKAGE1 *)
1.4631 s 0.0000 (* Average Power for rapl:::MAXIMUM_TIME_WINDOW_CNT:PACKAGE0 *)
1.4631 s 0.0000 (* Average Power for rapl:::MAXIMUM_TIME_WINDOW_CNT:PACKAGE1 *)
1.4631 s 0.0018 (* Average Power for rapl:::PACKAGE_ENERGY_CNT:PACKAGE0 *)
1.4631 s 0.0015 (* Average Power for rapl:::PACKAGE_ENERGY_CNT:PACKAGE1 *)
1.4631 s 0.0010 (* Average Power for rapl:::DRAM_ENERGY_CNT:PACKAGE0 *)
1.4631 s 0.0010 (* Average Power for rapl:::DRAM_ENERGY_CNT:PACKAGE1 *)
1.4631 s 0.0000 (* Average Power for rapl:::PP0_ENERGY_CNT:PACKAGE0 *)
1.4631 s 0.0000 (* Average Power for rapl:::PP0_ENERGY_CNT:PACKAGE1 *)
1.4631 s 3170973631.4503 (* Average Power for rapl:::THERMAL_SPEC:PACKAGE0 *)
1.4631 s 3170973631.4503 (* Average Power for rapl:::THERMAL_SPEC:PACKAGE1 *)
1.4631 s 3167727073.1315 (* Average Power for rapl:::MINIMUM_POWER:PACKAGE0 *)
1.4631 s 3167727073.1315 (* Average Power for rapl:::MINIMUM_POWER:PACKAGE1 *)
1.4631 s 3174051849.7082 (* Average Power for rapl:::MAXIMUM_POWER:PACKAGE0 *)
1.4631 s 3174051849.7082 (* Average Power for rapl:::MAXIMUM_POWER:PACKAGE1 *)
1.4631 s 3135069101.3021 (* Average Power for rapl:::MAXIMUM_TIME_WINDOW:PACKAGE0 *)
1.4631 s 3135069101.3021 (* Average Power for rapl:::MAXIMUM_TIME_WINDOW:PACKAGE1 *)
1.4631 s 157.0374 (* Total Energy for rapl:::PACKAGE_ENERGY:PACKAGE0 *)
1.4631 s 107.3353 (* Average Power for rapl:::PACKAGE_ENERGY:PACKAGE0 *)
1.4631 s 130.7660 (* Total Energy for rapl:::PACKAGE_ENERGY:PACKAGE1 *)
1.4631 s 89.3788 (* Average Power for rapl:::PACKAGE_ENERGY:PACKAGE1 *)
1.4631 s 15.2293 (* Average Power for rapl:::DRAM_ENERGY:PACKAGE0 *)
1.4631 s 15.1794 (* Average Power for rapl:::DRAM_ENERGY:PACKAGE1 *)
1.4631 s 0.0000 (* Average Power for rapl:::PP0_ENERGY:PACKAGE0 *)
1.4631 s 0.0000 (* Average Power for rapl:::PP0_ENERGY:PACKAGE1 *)
Time for Deletion  1.463019 
Total Time for Updating at Batch 1 is 2.189402 
Total Time for Updating Rooted Tree at iter 1 is 1.986640 with Rewire:0
Total Time for Updating  4.180449 
Time Taken for Initializing Memory 0.390434 
Highest Edge Value 10 --
Total Time for Reading Remainder Edges 78.903118 
Total Time for Reading Certificate Network 18.761159 
Total Time for Reading Update List 0.428389 
==Update Starts =======
Total Time for Initial Tree Creation  10.381568 
Found rapl component at cid 2
Found: rapl:::THERMAL_SPEC_CNT:PACKAGE0
Found: rapl:::THERMAL_SPEC_CNT:PACKAGE1
Found: rapl:::MINIMUM_POWER_CNT:PACKAGE0
Found: rapl:::MINIMUM_POWER_CNT:PACKAGE1
Found: rapl:::MAXIMUM_POWER_CNT:PACKAGE0
Found: rapl:::MAXIMUM_POWER_CNT:PACKAGE1
Found: rapl:::MAXIMUM_TIME_WINDOW_CNT:PACKAGE0
Found: rapl:::MAXIMUM_TIME_WINDOW_CNT:PACKAGE1
Found: rapl:::PACKAGE_ENERGY_CNT:PACKAGE0
Found: rapl:::PACKAGE_ENERGY_CNT:PACKAGE1
Found: rapl:::DRAM_ENERGY_CNT:PACKAGE0
Found: rapl:::DRAM_ENERGY_CNT:PACKAGE1
Found: rapl:::PP0_ENERGY_CNT:PACKAGE0
Found: rapl:::PP0_ENERGY_CNT:PACKAGE1
Found: rapl:::THERMAL_SPEC:PACKAGE0
Found: rapl:::THERMAL_SPEC:PACKAGE1
Found: rapl:::MINIMUM_POWER:PACKAGE0
Found: rapl:::MINIMUM_POWER:PACKAGE1
Found: rapl:::MAXIMUM_POWER:PACKAGE0
Found: rapl:::MAXIMUM_POWER:PACKAGE1
Found: rapl:::MAXIMUM_TIME_WINDOW:PACKAGE0
Found: rapl:::MAXIMUM_TIME_WINDOW:PACKAGE1
Found: rapl:::PACKAGE_ENERGY:PACKAGE0
Found: rapl:::PACKAGE_ENERGY:PACKAGE1
Found: rapl:::DRAM_ENERGY:PACKAGE0
Found: rapl:::DRAM_ENERGY:PACKAGE1
Found: rapl:::PP0_ENERGY:PACKAGE0
Found: rapl:::PP0_ENERGY:PACKAGE1
Starting Classify and Insert
Classify 999999 999999  
Deleted Edges: 30804 
Processed Inserts: 160301
 Unprocessed Inserts: 198
 0.5847 s 0.0000 (* Average Power for rapl:::THERMAL_SPEC_CNT:PACKAGE0 *)
0.5847 s 0.0000 (* Average Power for rapl:::THERMAL_SPEC_CNT:PACKAGE1 *)
0.5847 s 0.0000 (* Average Power for rapl:::MINIMUM_POWER_CNT:PACKAGE0 *)
0.5847 s 0.0000 (* Average Power for rapl:::MINIMUM_POWER_CNT:PACKAGE1 *)
0.5847 s 0.0000 (* Average Power for rapl:::MAXIMUM_POWER_CNT:PACKAGE0 *)
0.5847 s 0.0000 (* Average Power for rapl:::MAXIMUM_POWER_CNT:PACKAGE1 *)
0.5847 s 0.0000 (* Average Power for rapl:::MAXIMUM_TIME_WINDOW_CNT:PACKAGE0 *)
0.5847 s 0.0000 (* Average Power for rapl:::MAXIMUM_TIME_WINDOW_CNT:PACKAGE1 *)
0.5847 s 0.0005 (* Average Power for rapl:::PACKAGE_ENERGY_CNT:PACKAGE0 *)
0.5847 s 0.0013 (* Average Power for rapl:::PACKAGE_ENERGY_CNT:PACKAGE1 *)
0.5847 s 0.0010 (* Average Power for rapl:::DRAM_ENERGY_CNT:PACKAGE0 *)
0.5847 s 0.0010 (* Average Power for rapl:::DRAM_ENERGY_CNT:PACKAGE1 *)
0.5847 s 0.0000 (* Average Power for rapl:::PP0_ENERGY_CNT:PACKAGE0 *)
0.5847 s 0.0000 (* Average Power for rapl:::PP0_ENERGY_CNT:PACKAGE1 *)
0.5847 s 7934040672.4575 (* Average Power for rapl:::THERMAL_SPEC:PACKAGE0 *)
0.5847 s 7934040672.4575 (* Average Power for rapl:::THERMAL_SPEC:PACKAGE1 *)
0.5847 s 7925917512.5890 (* Average Power for rapl:::MINIMUM_POWER:PACKAGE0 *)
0.5847 s 7925917512.5890 (* Average Power for rapl:::MINIMUM_POWER:PACKAGE1 *)
0.5847 s 7941742631.4439 (* Average Power for rapl:::MAXIMUM_POWER:PACKAGE0 *)
0.5847 s 7941742631.4439 (* Average Power for rapl:::MAXIMUM_POWER:PACKAGE1 *)
0.5847 s 7844204541.4673 (* Average Power for rapl:::MAXIMUM_TIME_WINDOW:PACKAGE0 *)
0.5847 s 7844204541.4673 (* Average Power for rapl:::MAXIMUM_TIME_WINDOW:PACKAGE1 *)
0.5847 s 19.5973 (* Total Energy for rapl:::PACKAGE_ENERGY:PACKAGE0 *)
0.5847 s 33.5149 (* Average Power for rapl:::PACKAGE_ENERGY:PACKAGE0 *)
0.5847 s 47.7751 (* Total Energy for rapl:::PACKAGE_ENERGY:PACKAGE1 *)
0.5847 s 81.7040 (* Average Power for rapl:::PACKAGE_ENERGY:PACKAGE1 *)
0.5847 s 14.7850 (* Average Power for rapl:::DRAM_ENERGY:PACKAGE0 *)
0.5847 s 14.9724 (* Average Power for rapl:::DRAM_ENERGY:PACKAGE1 *)
0.5847 s 0.0000 (* Average Power for rapl:::PP0_ENERGY:PACKAGE0 *)
0.5847 s 0.0000 (* Average Power for rapl:::PP0_ENERGY:PACKAGE1 *)
Time for Classify and insert  0.584671 
Found rapl component at cid 2
Found: rapl:::THERMAL_SPEC_CNT:PACKAGE0
Found: rapl:::THERMAL_SPEC_CNT:PACKAGE1
Found: rapl:::MINIMUM_POWER_CNT:PACKAGE0
Found: rapl:::MINIMUM_POWER_CNT:PACKAGE1
Found: rapl:::MAXIMUM_POWER_CNT:PACKAGE0
Found: rapl:::MAXIMUM_POWER_CNT:PACKAGE1
Found: rapl:::MAXIMUM_TIME_WINDOW_CNT:PACKAGE0
Found: rapl:::MAXIMUM_TIME_WINDOW_CNT:PACKAGE1
Found: rapl:::PACKAGE_ENERGY_CNT:PACKAGE0
Found: rapl:::PACKAGE_ENERGY_CNT:PACKAGE1
Found: rapl:::DRAM_ENERGY_CNT:PACKAGE0
Found: rapl:::DRAM_ENERGY_CNT:PACKAGE1
Found: rapl:::PP0_ENERGY_CNT:PACKAGE0
Found: rapl:::PP0_ENERGY_CNT:PACKAGE1
Found: rapl:::THERMAL_SPEC:PACKAGE0
Found: rapl:::THERMAL_SPEC:PACKAGE1
Found: rapl:::MINIMUM_POWER:PACKAGE0
Found: rapl:::MINIMUM_POWER:PACKAGE1
Found: rapl:::MAXIMUM_POWER:PACKAGE0
Found: rapl:::MAXIMUM_POWER:PACKAGE1
Found: rapl:::MAXIMUM_TIME_WINDOW:PACKAGE0
Found: rapl:::MAXIMUM_TIME_WINDOW:PACKAGE1
Found: rapl:::PACKAGE_ENERGY:PACKAGE0
Found: rapl:::PACKAGE_ENERGY:PACKAGE1
Found: rapl:::DRAM_ENERGY:PACKAGE0
Found: rapl:::DRAM_ENERGY:PACKAGE1
Found: rapl:::PP0_ENERGY:PACKAGE0
Found: rapl:::PP0_ENERGY:PACKAGE1
Starting process_deletions
1.1542 s 0.0000 (* Average Power for rapl:::THERMAL_SPEC_CNT:PACKAGE0 *)
1.1542 s 0.0000 (* Average Power for rapl:::THERMAL_SPEC_CNT:PACKAGE1 *)
1.1542 s 0.0000 (* Average Power for rapl:::MINIMUM_POWER_CNT:PACKAGE0 *)
1.1542 s 0.0000 (* Average Power for rapl:::MINIMUM_POWER_CNT:PACKAGE1 *)
1.1542 s 0.0000 (* Average Power for rapl:::MAXIMUM_POWER_CNT:PACKAGE0 *)
1.1542 s 0.0000 (* Average Power for rapl:::MAXIMUM_POWER_CNT:PACKAGE1 *)
1.1542 s 0.0000 (* Average Power for rapl:::MAXIMUM_TIME_WINDOW_CNT:PACKAGE0 *)
1.1542 s 0.0000 (* Average Power for rapl:::MAXIMUM_TIME_WINDOW_CNT:PACKAGE1 *)
1.1542 s 0.0014 (* Average Power for rapl:::PACKAGE_ENERGY_CNT:PACKAGE0 *)
1.1542 s 0.0018 (* Average Power for rapl:::PACKAGE_ENERGY_CNT:PACKAGE1 *)
1.1542 s 0.0010 (* Average Power for rapl:::DRAM_ENERGY_CNT:PACKAGE0 *)
1.1542 s 0.0010 (* Average Power for rapl:::DRAM_ENERGY_CNT:PACKAGE1 *)
1.1542 s 0.0000 (* Average Power for rapl:::PP0_ENERGY_CNT:PACKAGE0 *)
1.1542 s 0.0000 (* Average Power for rapl:::PP0_ENERGY_CNT:PACKAGE1 *)
1.1542 s 4019478736.0517 (* Average Power for rapl:::THERMAL_SPEC:PACKAGE0 *)
1.1542 s 4019478736.0517 (* Average Power for rapl:::THERMAL_SPEC:PACKAGE1 *)
1.1542 s 4015363447.2967 (* Average Power for rapl:::MINIMUM_POWER:PACKAGE0 *)
1.1542 s 4015363447.2967 (* Average Power for rapl:::MINIMUM_POWER:PACKAGE1 *)
1.1542 s 4023380639.4638 (* Average Power for rapl:::MAXIMUM_POWER:PACKAGE0 *)
1.1542 s 4023380639.4638 (* Average Power for rapl:::MAXIMUM_POWER:PACKAGE1 *)
1.1542 s 3973966690.7835 (* Average Power for rapl:::MAXIMUM_TIME_WINDOW:PACKAGE0 *)
1.1542 s 3973966690.7835 (* Average Power for rapl:::MAXIMUM_TIME_WINDOW:PACKAGE1 *)
1.1542 s 95.2520 (* Total Energy for rapl:::PACKAGE_ENERGY:PACKAGE0 *)
1.1542 s 82.5260 (* Average Power for rapl:::PACKAGE_ENERGY:PACKAGE0 *)
1.1542 s 125.5816 (* Total Energy for rapl:::PACKAGE_ENERGY:PACKAGE1 *)
1.1542 s 108.8035 (* Average Power for rapl:::PACKAGE_ENERGY:PACKAGE1 *)
1.1542 s 15.4128 (* Average Power for rapl:::DRAM_ENERGY:PACKAGE0 *)
1.1542 s 14.7991 (* Average Power for rapl:::DRAM_ENERGY:PACKAGE1 *)
1.1542 s 0.0000 (* Average Power for rapl:::PP0_ENERGY:PACKAGE0 *)
1.1542 s 0.0000 (* Average Power for rapl:::PP0_ENERGY:PACKAGE1 *)
Time for Deletion  1.154172 
Total Time for Updating at Batch 1 is 1.863436 
Total Time for Updating Rooted Tree at iter 1 is 2.250627 with Rewire:0
Total Time for Updating  4.118298 
Time Taken for Initializing Memory 0.361543 
Highest Edge Value 10 --
Total Time for Reading Remainder Edges 78.867797 
Total Time for Reading Certificate Network 18.776922 
Total Time for Reading Update List 0.427599 
==Update Starts =======
Total Time for Initial Tree Creation  9.491239 
Found rapl component at cid 2
Found: rapl:::THERMAL_SPEC_CNT:PACKAGE0
Found: rapl:::THERMAL_SPEC_CNT:PACKAGE1
Found: rapl:::MINIMUM_POWER_CNT:PACKAGE0
Found: rapl:::MINIMUM_POWER_CNT:PACKAGE1
Found: rapl:::MAXIMUM_POWER_CNT:PACKAGE0
Found: rapl:::MAXIMUM_POWER_CNT:PACKAGE1
Found: rapl:::MAXIMUM_TIME_WINDOW_CNT:PACKAGE0
Found: rapl:::MAXIMUM_TIME_WINDOW_CNT:PACKAGE1
Found: rapl:::PACKAGE_ENERGY_CNT:PACKAGE0
Found: rapl:::PACKAGE_ENERGY_CNT:PACKAGE1
Found: rapl:::DRAM_ENERGY_CNT:PACKAGE0
Found: rapl:::DRAM_ENERGY_CNT:PACKAGE1
Found: rapl:::PP0_ENERGY_CNT:PACKAGE0
Found: rapl:::PP0_ENERGY_CNT:PACKAGE1
Found: rapl:::THERMAL_SPEC:PACKAGE0
Found: rapl:::THERMAL_SPEC:PACKAGE1
Found: rapl:::MINIMUM_POWER:PACKAGE0
Found: rapl:::MINIMUM_POWER:PACKAGE1
Found: rapl:::MAXIMUM_POWER:PACKAGE0
Found: rapl:::MAXIMUM_POWER:PACKAGE1
Found: rapl:::MAXIMUM_TIME_WINDOW:PACKAGE0
Found: rapl:::MAXIMUM_TIME_WINDOW:PACKAGE1
Found: rapl:::PACKAGE_ENERGY:PACKAGE0
Found: rapl:::PACKAGE_ENERGY:PACKAGE1
Found: rapl:::DRAM_ENERGY:PACKAGE0
Found: rapl:::DRAM_ENERGY:PACKAGE1
Found: rapl:::PP0_ENERGY:PACKAGE0
Found: rapl:::PP0_ENERGY:PACKAGE1
Starting Classify and Insert
Classify 999999 999999  
Deleted Edges: 30804 
Processed Inserts: 160323
 Unprocessed Inserts: 192
 0.5412 s 0.0000 (* Average Power for rapl:::THERMAL_SPEC_CNT:PACKAGE0 *)
0.5412 s 0.0000 (* Average Power for rapl:::THERMAL_SPEC_CNT:PACKAGE1 *)
0.5412 s 0.0000 (* Average Power for rapl:::MINIMUM_POWER_CNT:PACKAGE0 *)
0.5412 s 0.0000 (* Average Power for rapl:::MINIMUM_POWER_CNT:PACKAGE1 *)
0.5412 s 0.0000 (* Average Power for rapl:::MAXIMUM_POWER_CNT:PACKAGE0 *)
0.5412 s 0.0000 (* Average Power for rapl:::MAXIMUM_POWER_CNT:PACKAGE1 *)
0.5412 s 0.0000 (* Average Power for rapl:::MAXIMUM_TIME_WINDOW_CNT:PACKAGE0 *)
0.5412 s 0.0000 (* Average Power for rapl:::MAXIMUM_TIME_WINDOW_CNT:PACKAGE1 *)
0.5412 s 0.0009 (* Average Power for rapl:::PACKAGE_ENERGY_CNT:PACKAGE0 *)
0.5412 s 0.0011 (* Average Power for rapl:::PACKAGE_ENERGY_CNT:PACKAGE1 *)
0.5412 s 0.0010 (* Average Power for rapl:::DRAM_ENERGY_CNT:PACKAGE0 *)
0.5412 s 0.0010 (* Average Power for rapl:::DRAM_ENERGY_CNT:PACKAGE1 *)
0.5412 s 0.0000 (* Average Power for rapl:::PP0_ENERGY_CNT:PACKAGE0 *)
0.5412 s 0.0000 (* Average Power for rapl:::PP0_ENERGY_CNT:PACKAGE1 *)
0.5412 s 8572549809.5415 (* Average Power for rapl:::THERMAL_SPEC:PACKAGE0 *)
0.5412 s 8572549809.5415 (* Average Power for rapl:::THERMAL_SPEC:PACKAGE1 *)
0.5412 s 8563772920.7583 (* Average Power for rapl:::MINIMUM_POWER:PACKAGE0 *)
0.5412 s 8563772920.7583 (* Average Power for rapl:::MINIMUM_POWER:PACKAGE1 *)
0.5412 s 8580871600.3878 (* Average Power for rapl:::MAXIMUM_POWER:PACKAGE0 *)
0.5412 s 8580871600.3878 (* Average Power for rapl:::MAXIMUM_POWER:PACKAGE1 *)
0.5412 s 8475483920.9983 (* Average Power for rapl:::MAXIMUM_TIME_WINDOW:PACKAGE0 *)
0.5412 s 8475483920.9983 (* Average Power for rapl:::MAXIMUM_TIME_WINDOW:PACKAGE1 *)
0.5412 s 29.5478 (* Total Energy for rapl:::PACKAGE_ENERGY:PACKAGE0 *)
0.5412 s 54.5987 (* Average Power for rapl:::PACKAGE_ENERGY:PACKAGE0 *)
0.5412 s 35.7107 (* Total Energy for rapl:::PACKAGE_ENERGY:PACKAGE1 *)
0.5412 s 65.9865 (* Average Power for rapl:::PACKAGE_ENERGY:PACKAGE1 *)
0.5412 s 14.8607 (* Average Power for rapl:::DRAM_ENERGY:PACKAGE0 *)
0.5412 s 14.8494 (* Average Power for rapl:::DRAM_ENERGY:PACKAGE1 *)
0.5412 s 0.0000 (* Average Power for rapl:::PP0_ENERGY:PACKAGE0 *)
0.5412 s 0.0000 (* Average Power for rapl:::PP0_ENERGY:PACKAGE1 *)
Time for Classify and insert  0.541147 
Found rapl component at cid 2
Found: rapl:::THERMAL_SPEC_CNT:PACKAGE0
Found: rapl:::THERMAL_SPEC_CNT:PACKAGE1
Found: rapl:::MINIMUM_POWER_CNT:PACKAGE0
Found: rapl:::MINIMUM_POWER_CNT:PACKAGE1
Found: rapl:::MAXIMUM_POWER_CNT:PACKAGE0
Found: rapl:::MAXIMUM_POWER_CNT:PACKAGE1
Found: rapl:::MAXIMUM_TIME_WINDOW_CNT:PACKAGE0
Found: rapl:::MAXIMUM_TIME_WINDOW_CNT:PACKAGE1
Found: rapl:::PACKAGE_ENERGY_CNT:PACKAGE0
Found: rapl:::PACKAGE_ENERGY_CNT:PACKAGE1
Found: rapl:::DRAM_ENERGY_CNT:PACKAGE0
Found: rapl:::DRAM_ENERGY_CNT:PACKAGE1
Found: rapl:::PP0_ENERGY_CNT:PACKAGE0
Found: rapl:::PP0_ENERGY_CNT:PACKAGE1
Found: rapl:::THERMAL_SPEC:PACKAGE0
Found: rapl:::THERMAL_SPEC:PACKAGE1
Found: rapl:::MINIMUM_POWER:PACKAGE0
Found: rapl:::MINIMUM_POWER:PACKAGE1
Found: rapl:::MAXIMUM_POWER:PACKAGE0
Found: rapl:::MAXIMUM_POWER:PACKAGE1
Found: rapl:::MAXIMUM_TIME_WINDOW:PACKAGE0
Found: rapl:::MAXIMUM_TIME_WINDOW:PACKAGE1
Found: rapl:::PACKAGE_ENERGY:PACKAGE0
Found: rapl:::PACKAGE_ENERGY:PACKAGE1
Found: rapl:::DRAM_ENERGY:PACKAGE0
Found: rapl:::DRAM_ENERGY:PACKAGE1
Found: rapl:::PP0_ENERGY:PACKAGE0
Found: rapl:::PP0_ENERGY:PACKAGE1
Starting process_deletions
0.8286 s 0.0000 (* Average Power for rapl:::THERMAL_SPEC_CNT:PACKAGE0 *)
0.8286 s 0.0000 (* Average Power for rapl:::THERMAL_SPEC_CNT:PACKAGE1 *)
0.8286 s 0.0000 (* Average Power for rapl:::MINIMUM_POWER_CNT:PACKAGE0 *)
0.8286 s 0.0000 (* Average Power for rapl:::MINIMUM_POWER_CNT:PACKAGE1 *)
0.8286 s 0.0000 (* Average Power for rapl:::MAXIMUM_POWER_CNT:PACKAGE0 *)
0.8286 s 0.0000 (* Average Power for rapl:::MAXIMUM_POWER_CNT:PACKAGE1 *)
0.8286 s 0.0000 (* Average Power for rapl:::MAXIMUM_TIME_WINDOW_CNT:PACKAGE0 *)
0.8286 s 0.0000 (* Average Power for rapl:::MAXIMUM_TIME_WINDOW_CNT:PACKAGE1 *)
0.8286 s 0.0013 (* Average Power for rapl:::PACKAGE_ENERGY_CNT:PACKAGE0 *)
0.8286 s 0.0019 (* Average Power for rapl:::PACKAGE_ENERGY_CNT:PACKAGE1 *)
0.8286 s 0.0010 (* Average Power for rapl:::DRAM_ENERGY_CNT:PACKAGE0 *)
0.8286 s 0.0010 (* Average Power for rapl:::DRAM_ENERGY_CNT:PACKAGE1 *)
0.8286 s 0.0000 (* Average Power for rapl:::PP0_ENERGY_CNT:PACKAGE0 *)
0.8286 s 0.0000 (* Average Power for rapl:::PP0_ENERGY_CNT:PACKAGE1 *)
0.8286 s 5598982025.2976 (* Average Power for rapl:::THERMAL_SPEC:PACKAGE0 *)
0.8286 s 5598982025.2976 (* Average Power for rapl:::THERMAL_SPEC:PACKAGE1 *)
0.8286 s 5593249583.5356 (* Average Power for rapl:::MINIMUM_POWER:PACKAGE0 *)
0.8286 s 5593249583.5356 (* Average Power for rapl:::MINIMUM_POWER:PACKAGE1 *)
0.8286 s 5604417229.3386 (* Average Power for rapl:::MAXIMUM_POWER:PACKAGE0 *)
0.8286 s 5604417229.3386 (* Average Power for rapl:::MAXIMUM_POWER:PACKAGE1 *)
0.8286 s 5535585465.6628 (* Average Power for rapl:::MAXIMUM_TIME_WINDOW:PACKAGE0 *)
0.8286 s 5535585465.6628 (* Average Power for rapl:::MAXIMUM_TIME_WINDOW:PACKAGE1 *)
0.8286 s 67.3566 (* Total Energy for rapl:::PACKAGE_ENERGY:PACKAGE0 *)
0.8286 s 81.2898 (* Average Power for rapl:::PACKAGE_ENERGY:PACKAGE0 *)
0.8286 s 95.6449 (* Total Energy for rapl:::PACKAGE_ENERGY:PACKAGE1 *)
0.8286 s 115.4298 (* Average Power for rapl:::PACKAGE_ENERGY:PACKAGE1 *)
0.8286 s 15.8739 (* Average Power for rapl:::DRAM_ENERGY:PACKAGE0 *)
0.8286 s 15.0464 (* Average Power for rapl:::DRAM_ENERGY:PACKAGE1 *)
0.8286 s 0.0000 (* Average Power for rapl:::PP0_ENERGY:PACKAGE0 *)
0.8286 s 0.0000 (* Average Power for rapl:::PP0_ENERGY:PACKAGE1 *)
Time for Deletion  0.828567 
Total Time for Updating at Batch 1 is 1.492762 
Total Time for Updating Rooted Tree at iter 1 is 2.060626 with Rewire:0
Total Time for Updating  3.559347 
Time Taken for Initializing Memory 0.387147 
Highest Edge Value 10 --
Total Time for Reading Remainder Edges 78.876753 
Total Time for Reading Certificate Network 18.780458 
Total Time for Reading Update List 0.427545 
==Update Starts =======
Total Time for Initial Tree Creation  9.464639 
Found rapl component at cid 2
Found: rapl:::THERMAL_SPEC_CNT:PACKAGE0
Found: rapl:::THERMAL_SPEC_CNT:PACKAGE1
Found: rapl:::MINIMUM_POWER_CNT:PACKAGE0
Found: rapl:::MINIMUM_POWER_CNT:PACKAGE1
Found: rapl:::MAXIMUM_POWER_CNT:PACKAGE0
Found: rapl:::MAXIMUM_POWER_CNT:PACKAGE1
Found: rapl:::MAXIMUM_TIME_WINDOW_CNT:PACKAGE0
Found: rapl:::MAXIMUM_TIME_WINDOW_CNT:PACKAGE1
Found: rapl:::PACKAGE_ENERGY_CNT:PACKAGE0
Found: rapl:::PACKAGE_ENERGY_CNT:PACKAGE1
Found: rapl:::DRAM_ENERGY_CNT:PACKAGE0
Found: rapl:::DRAM_ENERGY_CNT:PACKAGE1
Found: rapl:::PP0_ENERGY_CNT:PACKAGE0
Found: rapl:::PP0_ENERGY_CNT:PACKAGE1
Found: rapl:::THERMAL_SPEC:PACKAGE0
Found: rapl:::THERMAL_SPEC:PACKAGE1
Found: rapl:::MINIMUM_POWER:PACKAGE0
Found: rapl:::MINIMUM_POWER:PACKAGE1
Found: rapl:::MAXIMUM_POWER:PACKAGE0
Found: rapl:::MAXIMUM_POWER:PACKAGE1
Found: rapl:::MAXIMUM_TIME_WINDOW:PACKAGE0
Found: rapl:::MAXIMUM_TIME_WINDOW:PACKAGE1
Found: rapl:::PACKAGE_ENERGY:PACKAGE0
Found: rapl:::PACKAGE_ENERGY:PACKAGE1
Found: rapl:::DRAM_ENERGY:PACKAGE0
Found: rapl:::DRAM_ENERGY:PACKAGE1
Found: rapl:::PP0_ENERGY:PACKAGE0
Found: rapl:::PP0_ENERGY:PACKAGE1
Starting Classify and Insert
Classify 999999 999999  
Deleted Edges: 30804 
Processed Inserts: 160234
 Unprocessed Inserts: 164
 0.5871 s 0.0000 (* Average Power for rapl:::THERMAL_SPEC_CNT:PACKAGE0 *)
0.5871 s 0.0000 (* Average Power for rapl:::THERMAL_SPEC_CNT:PACKAGE1 *)
0.5871 s 0.0000 (* Average Power for rapl:::MINIMUM_POWER_CNT:PACKAGE0 *)
0.5871 s 0.0000 (* Average Power for rapl:::MINIMUM_POWER_CNT:PACKAGE1 *)
0.5871 s 0.0000 (* Average Power for rapl:::MAXIMUM_POWER_CNT:PACKAGE0 *)
0.5871 s 0.0000 (* Average Power for rapl:::MAXIMUM_POWER_CNT:PACKAGE1 *)
0.5871 s 0.0000 (* Average Power for rapl:::MAXIMUM_TIME_WINDOW_CNT:PACKAGE0 *)
0.5871 s 0.0000 (* Average Power for rapl:::MAXIMUM_TIME_WINDOW_CNT:PACKAGE1 *)
0.5871 s 0.0011 (* Average Power for rapl:::PACKAGE_ENERGY_CNT:PACKAGE0 *)
0.5871 s 0.0008 (* Average Power for rapl:::PACKAGE_ENERGY_CNT:PACKAGE1 *)
0.5871 s 0.0010 (* Average Power for rapl:::DRAM_ENERGY_CNT:PACKAGE0 *)
0.5871 s 0.0010 (* Average Power for rapl:::DRAM_ENERGY_CNT:PACKAGE1 *)
0.5871 s 0.0000 (* Average Power for rapl:::PP0_ENERGY_CNT:PACKAGE0 *)
0.5871 s 0.0000 (* Average Power for rapl:::PP0_ENERGY_CNT:PACKAGE1 *)
0.5871 s 7901620389.5289 (* Average Power for rapl:::THERMAL_SPEC:PACKAGE0 *)
0.5871 s 7901620389.5289 (* Average Power for rapl:::THERMAL_SPEC:PACKAGE1 *)
0.5871 s 7893530422.7271 (* Average Power for rapl:::MINIMUM_POWER:PACKAGE0 *)
0.5871 s 7893530422.7271 (* Average Power for rapl:::MINIMUM_POWER:PACKAGE1 *)
0.5871 s 7909290876.5706 (* Average Power for rapl:::MAXIMUM_POWER:PACKAGE0 *)
0.5871 s 7909290876.5706 (* Average Power for rapl:::MAXIMUM_POWER:PACKAGE1 *)
0.5871 s 7812151349.2689 (* Average Power for rapl:::MAXIMUM_TIME_WINDOW:PACKAGE0 *)
0.5871 s 7812151349.2689 (* Average Power for rapl:::MAXIMUM_TIME_WINDOW:PACKAGE1 *)
0.5871 s 40.8953 (* Total Energy for rapl:::PACKAGE_ENERGY:PACKAGE0 *)
0.5871 s 69.6524 (* Average Power for rapl:::PACKAGE_ENERGY:PACKAGE0 *)
0.5871 s 28.6504 (* Total Energy for rapl:::PACKAGE_ENERGY:PACKAGE1 *)
0.5871 s 48.7971 (* Average Power for rapl:::PACKAGE_ENERGY:PACKAGE1 *)
0.5871 s 14.8591 (* Average Power for rapl:::DRAM_ENERGY:PACKAGE0 *)
0.5871 s 14.9786 (* Average Power for rapl:::DRAM_ENERGY:PACKAGE1 *)
0.5871 s 0.0000 (* Average Power for rapl:::PP0_ENERGY:PACKAGE0 *)
0.5871 s 0.0000 (* Average Power for rapl:::PP0_ENERGY:PACKAGE1 *)
Time for Classify and insert  0.587097 
Found rapl component at cid 2
Found: rapl:::THERMAL_SPEC_CNT:PACKAGE0
Found: rapl:::THERMAL_SPEC_CNT:PACKAGE1
Found: rapl:::MINIMUM_POWER_CNT:PACKAGE0
Found: rapl:::MINIMUM_POWER_CNT:PACKAGE1
Found: rapl:::MAXIMUM_POWER_CNT:PACKAGE0
Found: rapl:::MAXIMUM_POWER_CNT:PACKAGE1
Found: rapl:::MAXIMUM_TIME_WINDOW_CNT:PACKAGE0
Found: rapl:::MAXIMUM_TIME_WINDOW_CNT:PACKAGE1
Found: rapl:::PACKAGE_ENERGY_CNT:PACKAGE0
Found: rapl:::PACKAGE_ENERGY_CNT:PACKAGE1
Found: rapl:::DRAM_ENERGY_CNT:PACKAGE0
Found: rapl:::DRAM_ENERGY_CNT:PACKAGE1
Found: rapl:::PP0_ENERGY_CNT:PACKAGE0
Found: rapl:::PP0_ENERGY_CNT:PACKAGE1
Found: rapl:::THERMAL_SPEC:PACKAGE0
Found: rapl:::THERMAL_SPEC:PACKAGE1
Found: rapl:::MINIMUM_POWER:PACKAGE0
Found: rapl:::MINIMUM_POWER:PACKAGE1
Found: rapl:::MAXIMUM_POWER:PACKAGE0
Found: rapl:::MAXIMUM_POWER:PACKAGE1
Found: rapl:::MAXIMUM_TIME_WINDOW:PACKAGE0
Found: rapl:::MAXIMUM_TIME_WINDOW:PACKAGE1
Found: rapl:::PACKAGE_ENERGY:PACKAGE0
Found: rapl:::PACKAGE_ENERGY:PACKAGE1
Found: rapl:::DRAM_ENERGY:PACKAGE0
Found: rapl:::DRAM_ENERGY:PACKAGE1
Found: rapl:::PP0_ENERGY:PACKAGE0
Found: rapl:::PP0_ENERGY:PACKAGE1
Starting process_deletions
1.7799 s 0.0000 (* Average Power for rapl:::THERMAL_SPEC_CNT:PACKAGE0 *)
1.7799 s 0.0000 (* Average Power for rapl:::THERMAL_SPEC_CNT:PACKAGE1 *)
1.7799 s 0.0000 (* Average Power for rapl:::MINIMUM_POWER_CNT:PACKAGE0 *)
1.7799 s 0.0000 (* Average Power for rapl:::MINIMUM_POWER_CNT:PACKAGE1 *)
1.7799 s 0.0000 (* Average Power for rapl:::MAXIMUM_POWER_CNT:PACKAGE0 *)
1.7799 s 0.0000 (* Average Power for rapl:::MAXIMUM_POWER_CNT:PACKAGE1 *)
1.7799 s 0.0000 (* Average Power for rapl:::MAXIMUM_TIME_WINDOW_CNT:PACKAGE0 *)
1.7799 s 0.0000 (* Average Power for rapl:::MAXIMUM_TIME_WINDOW_CNT:PACKAGE1 *)
1.7799 s 0.0015 (* Average Power for rapl:::PACKAGE_ENERGY_CNT:PACKAGE0 *)
1.7799 s 0.0018 (* Average Power for rapl:::PACKAGE_ENERGY_CNT:PACKAGE1 *)
1.7799 s 0.0010 (* Average Power for rapl:::DRAM_ENERGY_CNT:PACKAGE0 *)
1.7799 s 0.0010 (* Average Power for rapl:::DRAM_ENERGY_CNT:PACKAGE1 *)
1.7799 s 0.0000 (* Average Power for rapl:::PP0_ENERGY_CNT:PACKAGE0 *)
1.7799 s 0.0000 (* Average Power for rapl:::PP0_ENERGY_CNT:PACKAGE1 *)
1.7799 s 2606530785.2274 (* Average Power for rapl:::THERMAL_SPEC:PACKAGE0 *)
1.7799 s 2606530785.2274 (* Average Power for rapl:::THERMAL_SPEC:PACKAGE1 *)
1.7799 s 2603862124.0566 (* Average Power for rapl:::MINIMUM_POWER:PACKAGE0 *)
1.7799 s 2603862124.0566 (* Average Power for rapl:::MINIMUM_POWER:PACKAGE1 *)
1.7799 s 2609061071.3746 (* Average Power for rapl:::MAXIMUM_POWER:PACKAGE0 *)
1.7799 s 2609061071.3746 (* Average Power for rapl:::MAXIMUM_POWER:PACKAGE1 *)
1.7799 s 2577017369.4638 (* Average Power for rapl:::MAXIMUM_TIME_WINDOW:PACKAGE0 *)
1.7799 s 2577017369.4638 (* Average Power for rapl:::MAXIMUM_TIME_WINDOW:PACKAGE1 *)
1.7799 s 165.3709 (* Total Energy for rapl:::PACKAGE_ENERGY:PACKAGE0 *)
1.7799 s 92.9114 (* Average Power for rapl:::PACKAGE_ENERGY:PACKAGE0 *)
1.7799 s 190.7150 (* Total Energy for rapl:::PACKAGE_ENERGY:PACKAGE1 *)
1.7799 s 107.1506 (* Average Power for rapl:::PACKAGE_ENERGY:PACKAGE1 *)
1.7799 s 15.0820 (* Average Power for rapl:::DRAM_ENERGY:PACKAGE0 *)
1.7799 s 15.3365 (* Average Power for rapl:::DRAM_ENERGY:PACKAGE1 *)
1.7799 s 0.0000 (* Average Power for rapl:::PP0_ENERGY:PACKAGE0 *)
1.7799 s 0.0000 (* Average Power for rapl:::PP0_ENERGY:PACKAGE1 *)
Time for Deletion  1.779849 
Total Time for Updating at Batch 1 is 2.478508 
Total Time for Updating Rooted Tree at iter 1 is 1.966566 with Rewire:0
Total Time for Updating  4.449390 
