Time Taken for Initializing Memory 0.357876 
Highest Edge Value 10 --
Total Time for Reading Remainder Edges 0.216821 
Total Time for Reading Certificate Network 7.305912 
Total Time for Reading Update List 0.416211 
==Update Starts =======
Time Taken for Initializing Memory 0.360328 
Highest Edge Value 10 --
Total Time for Reading Remainder Edges 0.219782 
Total Time for Reading Certificate Network 7.250704 
Total Time for Reading Update List 0.419179 
==Update Starts =======
Time Taken for Initializing Memory 0.358245 
Highest Edge Value 10 --
Total Time for Reading Remainder Edges 0.217049 
Total Time for Reading Certificate Network 7.271266 
Total Time for Reading Update List 0.411245 
==Update Starts =======
Time Taken for Initializing Memory 0.360253 
Highest Edge Value 10 --
Total Time for Reading Remainder Edges 0.216793 
Total Time for Reading Certificate Network 7.280033 
Total Time for Reading Update List 0.415134 
==Update Starts =======
