Time Taken for Initializing Memory 0.356646 
Highest Edge Value 10 --
Total Time for Reading Remainder Edges 0.217131 
Total Time for Reading Certificate Network 7.232836 
Total Time for Reading Update List 0.411438 
==Update Starts =======
Time Taken for Initializing Memory 0.369707 
Highest Edge Value 10 --
Total Time for Reading Remainder Edges 0.217652 
Total Time for Reading Certificate Network 7.234848 
Total Time for Reading Update List 0.414885 
==Update Starts =======
Time Taken for Initializing Memory 0.357511 
Highest Edge Value 10 --
Total Time for Reading Remainder Edges 0.216774 
Total Time for Reading Certificate Network 7.261277 
Total Time for Reading Update List 0.411358 
==Update Starts =======
Time Taken for Initializing Memory 0.381625 
Highest Edge Value 10 --
Total Time for Reading Remainder Edges 0.216770 
Total Time for Reading Certificate Network 7.268031 
Total Time for Reading Update List 0.414746 
==Update Starts =======
