Time Taken for Initializing Memory 0.359494 
Highest Edge Value 10 --
Total Time for Reading Remainder Edges 0.216674 
Total Time for Reading Certificate Network 7.231977 
Total Time for Reading Update List 0.409604 
==Update Starts =======
Time Taken for Initializing Memory 0.360362 
Highest Edge Value 10 --
Total Time for Reading Remainder Edges 0.217219 
Total Time for Reading Certificate Network 7.257407 
Total Time for Reading Update List 0.413348 
==Update Starts =======
Time Taken for Initializing Memory 0.358287 
Highest Edge Value 10 --
Total Time for Reading Remainder Edges 0.216942 
Total Time for Reading Certificate Network 7.285239 
Total Time for Reading Update List 0.413997 
==Update Starts =======
Time Taken for Initializing Memory 0.360352 
Highest Edge Value 10 --
Total Time for Reading Remainder Edges 0.216875 
Total Time for Reading Certificate Network 7.264603 
Total Time for Reading Update List 0.409443 
==Update Starts =======
