Time Taken for Initializing Memory 0.356500 
Highest Edge Value 10 --
Total Time for Reading Remainder Edges 0.216949 
Total Time for Reading Certificate Network 7.376739 
Total Time for Reading Update List 0.425355 
==Update Starts =======
Time Taken for Initializing Memory 0.359333 
Highest Edge Value 10 --
Total Time for Reading Remainder Edges 0.216803 
Total Time for Reading Certificate Network 7.280360 
Total Time for Reading Update List 0.409039 
==Update Starts =======
Time Taken for Initializing Memory 0.360494 
Highest Edge Value 10 --
Total Time for Reading Remainder Edges 0.216804 
Total Time for Reading Certificate Network 7.269937 
Total Time for Reading Update List 0.409345 
==Update Starts =======
Time Taken for Initializing Memory 0.360227 
Highest Edge Value 10 --
Total Time for Reading Remainder Edges 0.217661 
Total Time for Reading Certificate Network 7.270565 
Total Time for Reading Update List 0.413078 
==Update Starts =======
