Time Taken for Initializing Memory 0.343647 
Highest Edge Value 10 --
Total Time for Reading Remainder Edges 78.983103 
Total Time for Reading Certificate Network 18.754996 
Total Time for Reading Update List 0.427420 
==Update Starts =======
Total Time for Initial Tree Creation  8.865703 
Found rapl component at cid 2
Found: rapl:::THERMAL_SPEC_CNT:PACKAGE0
Found: rapl:::THERMAL_SPEC_CNT:PACKAGE1
Found: rapl:::MINIMUM_POWER_CNT:PACKAGE0
Found: rapl:::MINIMUM_POWER_CNT:PACKAGE1
Found: rapl:::MAXIMUM_POWER_CNT:PACKAGE0
Found: rapl:::MAXIMUM_POWER_CNT:PACKAGE1
Found: rapl:::MAXIMUM_TIME_WINDOW_CNT:PACKAGE0
Found: rapl:::MAXIMUM_TIME_WINDOW_CNT:PACKAGE1
Found: rapl:::PACKAGE_ENERGY_CNT:PACKAGE0
Found: rapl:::PACKAGE_ENERGY_CNT:PACKAGE1
Found: rapl:::DRAM_ENERGY_CNT:PACKAGE0
Found: rapl:::DRAM_ENERGY_CNT:PACKAGE1
Found: rapl:::PP0_ENERGY_CNT:PACKAGE0
Found: rapl:::PP0_ENERGY_CNT:PACKAGE1
Found: rapl:::THERMAL_SPEC:PACKAGE0
Found: rapl:::THERMAL_SPEC:PACKAGE1
Found: rapl:::MINIMUM_POWER:PACKAGE0
Found: rapl:::MINIMUM_POWER:PACKAGE1
Found: rapl:::MAXIMUM_POWER:PACKAGE0
Found: rapl:::MAXIMUM_POWER:PACKAGE1
Found: rapl:::MAXIMUM_TIME_WINDOW:PACKAGE0
Found: rapl:::MAXIMUM_TIME_WINDOW:PACKAGE1
Found: rapl:::PACKAGE_ENERGY:PACKAGE0
Found: rapl:::PACKAGE_ENERGY:PACKAGE1
Found: rapl:::DRAM_ENERGY:PACKAGE0
Found: rapl:::DRAM_ENERGY:PACKAGE1
Found: rapl:::PP0_ENERGY:PACKAGE0
Found: rapl:::PP0_ENERGY:PACKAGE1
Starting Classify and Insert
Classify 999999 999999  
Deleted Edges: 30804 
Processed Inserts: 160307
 Unprocessed Inserts: 172
 0.6636 s 0.0000 (* Average Power for rapl:::THERMAL_SPEC_CNT:PACKAGE0 *)
0.6636 s 0.0000 (* Average Power for rapl:::THERMAL_SPEC_CNT:PACKAGE1 *)
0.6636 s 0.0000 (* Average Power for rapl:::MINIMUM_POWER_CNT:PACKAGE0 *)
0.6636 s 0.0000 (* Average Power for rapl:::MINIMUM_POWER_CNT:PACKAGE1 *)
0.6636 s 0.0000 (* Average Power for rapl:::MAXIMUM_POWER_CNT:PACKAGE0 *)
0.6636 s 0.0000 (* Average Power for rapl:::MAXIMUM_POWER_CNT:PACKAGE1 *)
0.6636 s 0.0000 (* Average Power for rapl:::MAXIMUM_TIME_WINDOW_CNT:PACKAGE0 *)
0.6636 s 0.0000 (* Average Power for rapl:::MAXIMUM_TIME_WINDOW_CNT:PACKAGE1 *)
0.6636 s 0.0009 (* Average Power for rapl:::PACKAGE_ENERGY_CNT:PACKAGE0 *)
0.6636 s 0.0011 (* Average Power for rapl:::PACKAGE_ENERGY_CNT:PACKAGE1 *)
0.6636 s 0.0009 (* Average Power for rapl:::DRAM_ENERGY_CNT:PACKAGE0 *)
0.6636 s 0.0010 (* Average Power for rapl:::DRAM_ENERGY_CNT:PACKAGE1 *)
0.6636 s 0.0000 (* Average Power for rapl:::PP0_ENERGY_CNT:PACKAGE0 *)
0.6636 s 0.0000 (* Average Power for rapl:::PP0_ENERGY_CNT:PACKAGE1 *)
0.6636 s 6991500045.3658 (* Average Power for rapl:::THERMAL_SPEC:PACKAGE0 *)
0.6636 s 6991500045.3658 (* Average Power for rapl:::THERMAL_SPEC:PACKAGE1 *)
0.6636 s 6984341892.9270 (* Average Power for rapl:::MINIMUM_POWER:PACKAGE0 *)
0.6636 s 6984341892.9270 (* Average Power for rapl:::MINIMUM_POWER:PACKAGE1 *)
0.6636 s 6998287034.3449 (* Average Power for rapl:::MAXIMUM_POWER:PACKAGE0 *)
0.6636 s 6998287034.3449 (* Average Power for rapl:::MAXIMUM_POWER:PACKAGE1 *)
0.6636 s 6912336181.7277 (* Average Power for rapl:::MAXIMUM_TIME_WINDOW:PACKAGE0 *)
0.6636 s 6912336181.7277 (* Average Power for rapl:::MAXIMUM_TIME_WINDOW:PACKAGE1 *)
0.6636 s 34.7411 (* Total Energy for rapl:::PACKAGE_ENERGY:PACKAGE0 *)
0.6636 s 52.3553 (* Average Power for rapl:::PACKAGE_ENERGY:PACKAGE0 *)
0.6636 s 46.3418 (* Total Energy for rapl:::PACKAGE_ENERGY:PACKAGE1 *)
0.6636 s 69.8377 (* Average Power for rapl:::PACKAGE_ENERGY:PACKAGE1 *)
0.6636 s 13.0314 (* Average Power for rapl:::DRAM_ENERGY:PACKAGE0 *)
0.6636 s 15.5888 (* Average Power for rapl:::DRAM_ENERGY:PACKAGE1 *)
0.6636 s 0.0000 (* Average Power for rapl:::PP0_ENERGY:PACKAGE0 *)
0.6636 s 0.0000 (* Average Power for rapl:::PP0_ENERGY:PACKAGE1 *)
Time for Classify and insert  0.663510 
Found rapl component at cid 2
Found: rapl:::THERMAL_SPEC_CNT:PACKAGE0
Found: rapl:::THERMAL_SPEC_CNT:PACKAGE1
Found: rapl:::MINIMUM_POWER_CNT:PACKAGE0
Found: rapl:::MINIMUM_POWER_CNT:PACKAGE1
Found: rapl:::MAXIMUM_POWER_CNT:PACKAGE0
Found: rapl:::MAXIMUM_POWER_CNT:PACKAGE1
Found: rapl:::MAXIMUM_TIME_WINDOW_CNT:PACKAGE0
Found: rapl:::MAXIMUM_TIME_WINDOW_CNT:PACKAGE1
Found: rapl:::PACKAGE_ENERGY_CNT:PACKAGE0
Found: rapl:::PACKAGE_ENERGY_CNT:PACKAGE1
Found: rapl:::DRAM_ENERGY_CNT:PACKAGE0
Found: rapl:::DRAM_ENERGY_CNT:PACKAGE1
Found: rapl:::PP0_ENERGY_CNT:PACKAGE0
Found: rapl:::PP0_ENERGY_CNT:PACKAGE1
Found: rapl:::THERMAL_SPEC:PACKAGE0
Found: rapl:::THERMAL_SPEC:PACKAGE1
Found: rapl:::MINIMUM_POWER:PACKAGE0
Found: rapl:::MINIMUM_POWER:PACKAGE1
Found: rapl:::MAXIMUM_POWER:PACKAGE0
Found: rapl:::MAXIMUM_POWER:PACKAGE1
Found: rapl:::MAXIMUM_TIME_WINDOW:PACKAGE0
Found: rapl:::MAXIMUM_TIME_WINDOW:PACKAGE1
Found: rapl:::PACKAGE_ENERGY:PACKAGE0
Found: rapl:::PACKAGE_ENERGY:PACKAGE1
Found: rapl:::DRAM_ENERGY:PACKAGE0
Found: rapl:::DRAM_ENERGY:PACKAGE1
Found: rapl:::PP0_ENERGY:PACKAGE0
Found: rapl:::PP0_ENERGY:PACKAGE1
Starting process_deletions
2.4096 s 0.0000 (* Average Power for rapl:::THERMAL_SPEC_CNT:PACKAGE0 *)
2.4096 s 0.0000 (* Average Power for rapl:::THERMAL_SPEC_CNT:PACKAGE1 *)
2.4096 s 0.0000 (* Average Power for rapl:::MINIMUM_POWER_CNT:PACKAGE0 *)
2.4096 s 0.0000 (* Average Power for rapl:::MINIMUM_POWER_CNT:PACKAGE1 *)
2.4096 s 0.0000 (* Average Power for rapl:::MAXIMUM_POWER_CNT:PACKAGE0 *)
2.4096 s 0.0000 (* Average Power for rapl:::MAXIMUM_POWER_CNT:PACKAGE1 *)
2.4096 s 0.0000 (* Average Power for rapl:::MAXIMUM_TIME_WINDOW_CNT:PACKAGE0 *)
2.4096 s 0.0000 (* Average Power for rapl:::MAXIMUM_TIME_WINDOW_CNT:PACKAGE1 *)
2.4096 s 0.0010 (* Average Power for rapl:::PACKAGE_ENERGY_CNT:PACKAGE0 *)
2.4096 s 0.0011 (* Average Power for rapl:::PACKAGE_ENERGY_CNT:PACKAGE1 *)
2.4096 s 0.0009 (* Average Power for rapl:::DRAM_ENERGY_CNT:PACKAGE0 *)
2.4096 s 0.0010 (* Average Power for rapl:::DRAM_ENERGY_CNT:PACKAGE1 *)
2.4096 s 0.0000 (* Average Power for rapl:::PP0_ENERGY_CNT:PACKAGE0 *)
2.4096 s 0.0000 (* Average Power for rapl:::PP0_ENERGY_CNT:PACKAGE1 *)
2.4096 s 1925316794.9346 (* Average Power for rapl:::THERMAL_SPEC:PACKAGE0 *)
2.4096 s 1925316794.9346 (* Average Power for rapl:::THERMAL_SPEC:PACKAGE1 *)
2.4096 s 1923345585.4629 (* Average Power for rapl:::MINIMUM_POWER:PACKAGE0 *)
2.4096 s 1923345585.4629 (* Average Power for rapl:::MINIMUM_POWER:PACKAGE1 *)
2.4096 s 1927185793.5449 (* Average Power for rapl:::MAXIMUM_POWER:PACKAGE0 *)
2.4096 s 1927185793.5449 (* Average Power for rapl:::MAXIMUM_POWER:PACKAGE1 *)
2.4096 s 1903516678.3323 (* Average Power for rapl:::MAXIMUM_TIME_WINDOW:PACKAGE0 *)
2.4096 s 1903516678.3323 (* Average Power for rapl:::MAXIMUM_TIME_WINDOW:PACKAGE1 *)
2.4096 s 139.9446 (* Total Energy for rapl:::PACKAGE_ENERGY:PACKAGE0 *)
2.4096 s 58.0772 (* Average Power for rapl:::PACKAGE_ENERGY:PACKAGE0 *)
2.4096 s 166.7985 (* Total Energy for rapl:::PACKAGE_ENERGY:PACKAGE1 *)
2.4096 s 69.2216 (* Average Power for rapl:::PACKAGE_ENERGY:PACKAGE1 *)
2.4096 s 14.0419 (* Average Power for rapl:::DRAM_ENERGY:PACKAGE0 *)
2.4096 s 15.5654 (* Average Power for rapl:::DRAM_ENERGY:PACKAGE1 *)
2.4096 s 0.0000 (* Average Power for rapl:::PP0_ENERGY:PACKAGE0 *)
2.4096 s 0.0000 (* Average Power for rapl:::PP0_ENERGY:PACKAGE1 *)
Time for Deletion  2.409595 
Total Time for Updating at Batch 1 is 3.231234 
Total Time for Updating Rooted Tree at iter 1 is 4.008248 with Rewire:0
Total Time for Updating  7.243163 
Time Taken for Initializing Memory 0.380160 
Highest Edge Value 10 --
Total Time for Reading Remainder Edges 78.898766 
Total Time for Reading Certificate Network 18.811710 
Total Time for Reading Update List 0.427667 
==Update Starts =======
Total Time for Initial Tree Creation  9.821896 
Found rapl component at cid 2
Found: rapl:::THERMAL_SPEC_CNT:PACKAGE0
Found: rapl:::THERMAL_SPEC_CNT:PACKAGE1
Found: rapl:::MINIMUM_POWER_CNT:PACKAGE0
Found: rapl:::MINIMUM_POWER_CNT:PACKAGE1
Found: rapl:::MAXIMUM_POWER_CNT:PACKAGE0
Found: rapl:::MAXIMUM_POWER_CNT:PACKAGE1
Found: rapl:::MAXIMUM_TIME_WINDOW_CNT:PACKAGE0
Found: rapl:::MAXIMUM_TIME_WINDOW_CNT:PACKAGE1
Found: rapl:::PACKAGE_ENERGY_CNT:PACKAGE0
Found: rapl:::PACKAGE_ENERGY_CNT:PACKAGE1
Found: rapl:::DRAM_ENERGY_CNT:PACKAGE0
Found: rapl:::DRAM_ENERGY_CNT:PACKAGE1
Found: rapl:::PP0_ENERGY_CNT:PACKAGE0
Found: rapl:::PP0_ENERGY_CNT:PACKAGE1
Found: rapl:::THERMAL_SPEC:PACKAGE0
Found: rapl:::THERMAL_SPEC:PACKAGE1
Found: rapl:::MINIMUM_POWER:PACKAGE0
Found: rapl:::MINIMUM_POWER:PACKAGE1
Found: rapl:::MAXIMUM_POWER:PACKAGE0
Found: rapl:::MAXIMUM_POWER:PACKAGE1
Found: rapl:::MAXIMUM_TIME_WINDOW:PACKAGE0
Found: rapl:::MAXIMUM_TIME_WINDOW:PACKAGE1
Found: rapl:::PACKAGE_ENERGY:PACKAGE0
Found: rapl:::PACKAGE_ENERGY:PACKAGE1
Found: rapl:::DRAM_ENERGY:PACKAGE0
Found: rapl:::DRAM_ENERGY:PACKAGE1
Found: rapl:::PP0_ENERGY:PACKAGE0
Found: rapl:::PP0_ENERGY:PACKAGE1
Starting Classify and Insert
Classify 999999 999999  
Deleted Edges: 30804 
Processed Inserts: 160325
 Unprocessed Inserts: 171
 0.6947 s 0.0000 (* Average Power for rapl:::THERMAL_SPEC_CNT:PACKAGE0 *)
0.6947 s 0.0000 (* Average Power for rapl:::THERMAL_SPEC_CNT:PACKAGE1 *)
0.6947 s 0.0000 (* Average Power for rapl:::MINIMUM_POWER_CNT:PACKAGE0 *)
0.6947 s 0.0000 (* Average Power for rapl:::MINIMUM_POWER_CNT:PACKAGE1 *)
0.6947 s 0.0000 (* Average Power for rapl:::MAXIMUM_POWER_CNT:PACKAGE0 *)
0.6947 s 0.0000 (* Average Power for rapl:::MAXIMUM_POWER_CNT:PACKAGE1 *)
0.6947 s 0.0000 (* Average Power for rapl:::MAXIMUM_TIME_WINDOW_CNT:PACKAGE0 *)
0.6947 s 0.0000 (* Average Power for rapl:::MAXIMUM_TIME_WINDOW_CNT:PACKAGE1 *)
0.6947 s 0.0007 (* Average Power for rapl:::PACKAGE_ENERGY_CNT:PACKAGE0 *)
0.6947 s 0.0011 (* Average Power for rapl:::PACKAGE_ENERGY_CNT:PACKAGE1 *)
0.6947 s 0.0010 (* Average Power for rapl:::DRAM_ENERGY_CNT:PACKAGE0 *)
0.6947 s 0.0010 (* Average Power for rapl:::DRAM_ENERGY_CNT:PACKAGE1 *)
0.6947 s 0.0000 (* Average Power for rapl:::PP0_ENERGY_CNT:PACKAGE0 *)
0.6947 s 0.0000 (* Average Power for rapl:::PP0_ENERGY_CNT:PACKAGE1 *)
0.6947 s 6678546994.0626 (* Average Power for rapl:::THERMAL_SPEC:PACKAGE0 *)
0.6947 s 6678546994.0626 (* Average Power for rapl:::THERMAL_SPEC:PACKAGE1 *)
0.6947 s 6671709254.3583 (* Average Power for rapl:::MINIMUM_POWER:PACKAGE0 *)
0.6947 s 6671709254.3583 (* Average Power for rapl:::MINIMUM_POWER:PACKAGE1 *)
0.6947 s 6685030184.3009 (* Average Power for rapl:::MAXIMUM_POWER:PACKAGE0 *)
0.6947 s 6685030184.3009 (* Average Power for rapl:::MAXIMUM_POWER:PACKAGE1 *)
0.6947 s 6602926657.9247 (* Average Power for rapl:::MAXIMUM_TIME_WINDOW:PACKAGE0 *)
0.6947 s 6602926657.9247 (* Average Power for rapl:::MAXIMUM_TIME_WINDOW:PACKAGE1 *)
0.6947 s 29.8041 (* Total Energy for rapl:::PACKAGE_ENERGY:PACKAGE0 *)
0.6947 s 42.9048 (* Average Power for rapl:::PACKAGE_ENERGY:PACKAGE0 *)
0.6947 s 47.5364 (* Total Energy for rapl:::PACKAGE_ENERGY:PACKAGE1 *)
0.6947 s 68.4314 (* Average Power for rapl:::PACKAGE_ENERGY:PACKAGE1 *)
0.6947 s 14.7703 (* Average Power for rapl:::DRAM_ENERGY:PACKAGE0 *)
0.6947 s 14.9865 (* Average Power for rapl:::DRAM_ENERGY:PACKAGE1 *)
0.6947 s 0.0000 (* Average Power for rapl:::PP0_ENERGY:PACKAGE0 *)
0.6947 s 0.0000 (* Average Power for rapl:::PP0_ENERGY:PACKAGE1 *)
Time for Classify and insert  0.694599 
Found rapl component at cid 2
Found: rapl:::THERMAL_SPEC_CNT:PACKAGE0
Found: rapl:::THERMAL_SPEC_CNT:PACKAGE1
Found: rapl:::MINIMUM_POWER_CNT:PACKAGE0
Found: rapl:::MINIMUM_POWER_CNT:PACKAGE1
Found: rapl:::MAXIMUM_POWER_CNT:PACKAGE0
Found: rapl:::MAXIMUM_POWER_CNT:PACKAGE1
Found: rapl:::MAXIMUM_TIME_WINDOW_CNT:PACKAGE0
Found: rapl:::MAXIMUM_TIME_WINDOW_CNT:PACKAGE1
Found: rapl:::PACKAGE_ENERGY_CNT:PACKAGE0
Found: rapl:::PACKAGE_ENERGY_CNT:PACKAGE1
Found: rapl:::DRAM_ENERGY_CNT:PACKAGE0
Found: rapl:::DRAM_ENERGY_CNT:PACKAGE1
Found: rapl:::PP0_ENERGY_CNT:PACKAGE0
Found: rapl:::PP0_ENERGY_CNT:PACKAGE1
Found: rapl:::THERMAL_SPEC:PACKAGE0
Found: rapl:::THERMAL_SPEC:PACKAGE1
Found: rapl:::MINIMUM_POWER:PACKAGE0
Found: rapl:::MINIMUM_POWER:PACKAGE1
Found: rapl:::MAXIMUM_POWER:PACKAGE0
Found: rapl:::MAXIMUM_POWER:PACKAGE1
Found: rapl:::MAXIMUM_TIME_WINDOW:PACKAGE0
Found: rapl:::MAXIMUM_TIME_WINDOW:PACKAGE1
Found: rapl:::PACKAGE_ENERGY:PACKAGE0
Found: rapl:::PACKAGE_ENERGY:PACKAGE1
Found: rapl:::DRAM_ENERGY:PACKAGE0
Found: rapl:::DRAM_ENERGY:PACKAGE1
Found: rapl:::PP0_ENERGY:PACKAGE0
Found: rapl:::PP0_ENERGY:PACKAGE1
Starting process_deletions
2.5963 s 0.0000 (* Average Power for rapl:::THERMAL_SPEC_CNT:PACKAGE0 *)
2.5963 s 0.0000 (* Average Power for rapl:::THERMAL_SPEC_CNT:PACKAGE1 *)
2.5963 s 0.0000 (* Average Power for rapl:::MINIMUM_POWER_CNT:PACKAGE0 *)
2.5963 s 0.0000 (* Average Power for rapl:::MINIMUM_POWER_CNT:PACKAGE1 *)
2.5963 s 0.0000 (* Average Power for rapl:::MAXIMUM_POWER_CNT:PACKAGE0 *)
2.5963 s 0.0000 (* Average Power for rapl:::MAXIMUM_POWER_CNT:PACKAGE1 *)
2.5963 s 0.0000 (* Average Power for rapl:::MAXIMUM_TIME_WINDOW_CNT:PACKAGE0 *)
2.5963 s 0.0000 (* Average Power for rapl:::MAXIMUM_TIME_WINDOW_CNT:PACKAGE1 *)
2.5963 s 0.0014 (* Average Power for rapl:::PACKAGE_ENERGY_CNT:PACKAGE0 *)
2.5963 s 0.0013 (* Average Power for rapl:::PACKAGE_ENERGY_CNT:PACKAGE1 *)
2.5963 s 0.0010 (* Average Power for rapl:::DRAM_ENERGY_CNT:PACKAGE0 *)
2.5963 s 0.0010 (* Average Power for rapl:::DRAM_ENERGY_CNT:PACKAGE1 *)
2.5963 s 0.0000 (* Average Power for rapl:::PP0_ENERGY_CNT:PACKAGE0 *)
2.5963 s 0.0000 (* Average Power for rapl:::PP0_ENERGY_CNT:PACKAGE1 *)
2.5963 s 1786907166.4750 (* Average Power for rapl:::THERMAL_SPEC:PACKAGE0 *)
2.5963 s 1786907166.4750 (* Average Power for rapl:::THERMAL_SPEC:PACKAGE1 *)
2.5963 s 1785077665.8230 (* Average Power for rapl:::MINIMUM_POWER:PACKAGE0 *)
2.5963 s 1785077665.8230 (* Average Power for rapl:::MINIMUM_POWER:PACKAGE1 *)
2.5963 s 1788641804.1303 (* Average Power for rapl:::MAXIMUM_POWER:PACKAGE0 *)
2.5963 s 1788641804.1303 (* Average Power for rapl:::MAXIMUM_POWER:PACKAGE1 *)
2.5963 s 1766674244.4493 (* Average Power for rapl:::MAXIMUM_TIME_WINDOW:PACKAGE0 *)
2.5963 s 1766674244.4493 (* Average Power for rapl:::MAXIMUM_TIME_WINDOW:PACKAGE1 *)
2.5963 s 215.2182 (* Total Energy for rapl:::PACKAGE_ENERGY:PACKAGE0 *)
2.5963 s 82.8949 (* Average Power for rapl:::PACKAGE_ENERGY:PACKAGE0 *)
2.5963 s 210.2488 (* Total Energy for rapl:::PACKAGE_ENERGY:PACKAGE1 *)
2.5963 s 80.9809 (* Average Power for rapl:::PACKAGE_ENERGY:PACKAGE1 *)
2.5963 s 14.8610 (* Average Power for rapl:::DRAM_ENERGY:PACKAGE0 *)
2.5963 s 15.0585 (* Average Power for rapl:::DRAM_ENERGY:PACKAGE1 *)
2.5963 s 0.0000 (* Average Power for rapl:::PP0_ENERGY:PACKAGE0 *)
2.5963 s 0.0000 (* Average Power for rapl:::PP0_ENERGY:PACKAGE1 *)
Time for Deletion  2.596242 
Total Time for Updating at Batch 1 is 3.440436 
Total Time for Updating Rooted Tree at iter 1 is 4.207060 with Rewire:0
Total Time for Updating  7.651051 
Time Taken for Initializing Memory 0.381619 
Highest Edge Value 10 --
Total Time for Reading Remainder Edges 78.910320 
Total Time for Reading Certificate Network 18.784271 
Total Time for Reading Update List 0.427721 
==Update Starts =======
Total Time for Initial Tree Creation  9.102118 
Found rapl component at cid 2
Found: rapl:::THERMAL_SPEC_CNT:PACKAGE0
Found: rapl:::THERMAL_SPEC_CNT:PACKAGE1
Found: rapl:::MINIMUM_POWER_CNT:PACKAGE0
Found: rapl:::MINIMUM_POWER_CNT:PACKAGE1
Found: rapl:::MAXIMUM_POWER_CNT:PACKAGE0
Found: rapl:::MAXIMUM_POWER_CNT:PACKAGE1
Found: rapl:::MAXIMUM_TIME_WINDOW_CNT:PACKAGE0
Found: rapl:::MAXIMUM_TIME_WINDOW_CNT:PACKAGE1
Found: rapl:::PACKAGE_ENERGY_CNT:PACKAGE0
Found: rapl:::PACKAGE_ENERGY_CNT:PACKAGE1
Found: rapl:::DRAM_ENERGY_CNT:PACKAGE0
Found: rapl:::DRAM_ENERGY_CNT:PACKAGE1
Found: rapl:::PP0_ENERGY_CNT:PACKAGE0
Found: rapl:::PP0_ENERGY_CNT:PACKAGE1
Found: rapl:::THERMAL_SPEC:PACKAGE0
Found: rapl:::THERMAL_SPEC:PACKAGE1
Found: rapl:::MINIMUM_POWER:PACKAGE0
Found: rapl:::MINIMUM_POWER:PACKAGE1
Found: rapl:::MAXIMUM_POWER:PACKAGE0
Found: rapl:::MAXIMUM_POWER:PACKAGE1
Found: rapl:::MAXIMUM_TIME_WINDOW:PACKAGE0
Found: rapl:::MAXIMUM_TIME_WINDOW:PACKAGE1
Found: rapl:::PACKAGE_ENERGY:PACKAGE0
Found: rapl:::PACKAGE_ENERGY:PACKAGE1
Found: rapl:::DRAM_ENERGY:PACKAGE0
Found: rapl:::DRAM_ENERGY:PACKAGE1
Found: rapl:::PP0_ENERGY:PACKAGE0
Found: rapl:::PP0_ENERGY:PACKAGE1
Starting Classify and Insert
Classify 999999 999999  
Deleted Edges: 30804 
Processed Inserts: 160316
 Unprocessed Inserts: 164
 0.5923 s 0.0000 (* Average Power for rapl:::THERMAL_SPEC_CNT:PACKAGE0 *)
0.5923 s 0.0000 (* Average Power for rapl:::THERMAL_SPEC_CNT:PACKAGE1 *)
0.5923 s 0.0000 (* Average Power for rapl:::MINIMUM_POWER_CNT:PACKAGE0 *)
0.5923 s 0.0000 (* Average Power for rapl:::MINIMUM_POWER_CNT:PACKAGE1 *)
0.5923 s 0.0000 (* Average Power for rapl:::MAXIMUM_POWER_CNT:PACKAGE0 *)
0.5923 s 0.0000 (* Average Power for rapl:::MAXIMUM_POWER_CNT:PACKAGE1 *)
0.5923 s 0.0000 (* Average Power for rapl:::MAXIMUM_TIME_WINDOW_CNT:PACKAGE0 *)
0.5923 s 0.0000 (* Average Power for rapl:::MAXIMUM_TIME_WINDOW_CNT:PACKAGE1 *)
0.5923 s 0.0008 (* Average Power for rapl:::PACKAGE_ENERGY_CNT:PACKAGE0 *)
0.5923 s 0.0012 (* Average Power for rapl:::PACKAGE_ENERGY_CNT:PACKAGE1 *)
0.5923 s 0.0009 (* Average Power for rapl:::DRAM_ENERGY_CNT:PACKAGE0 *)
0.5923 s 0.0010 (* Average Power for rapl:::DRAM_ENERGY_CNT:PACKAGE1 *)
0.5923 s 0.0000 (* Average Power for rapl:::PP0_ENERGY_CNT:PACKAGE0 *)
0.5923 s 0.0000 (* Average Power for rapl:::PP0_ENERGY_CNT:PACKAGE1 *)
0.5923 s 7833029944.8803 (* Average Power for rapl:::THERMAL_SPEC:PACKAGE0 *)
0.5923 s 7833029944.8803 (* Average Power for rapl:::THERMAL_SPEC:PACKAGE1 *)
0.5923 s 7825010203.4744 (* Average Power for rapl:::MINIMUM_POWER:PACKAGE0 *)
0.5923 s 7825010203.4744 (* Average Power for rapl:::MINIMUM_POWER:PACKAGE1 *)
0.5923 s 7840633847.8430 (* Average Power for rapl:::MAXIMUM_POWER:PACKAGE0 *)
0.5923 s 7840633847.8430 (* Average Power for rapl:::MAXIMUM_POWER:PACKAGE1 *)
0.5923 s 7744337545.4802 (* Average Power for rapl:::MAXIMUM_TIME_WINDOW:PACKAGE0 *)
0.5923 s 7744337545.4802 (* Average Power for rapl:::MAXIMUM_TIME_WINDOW:PACKAGE1 *)
0.5923 s 30.0239 (* Total Energy for rapl:::PACKAGE_ENERGY:PACKAGE0 *)
0.5923 s 50.6925 (* Average Power for rapl:::PACKAGE_ENERGY:PACKAGE0 *)
0.5923 s 43.7374 (* Total Energy for rapl:::PACKAGE_ENERGY:PACKAGE1 *)
0.5923 s 73.8464 (* Average Power for rapl:::PACKAGE_ENERGY:PACKAGE1 *)
0.5923 s 13.0237 (* Average Power for rapl:::DRAM_ENERGY:PACKAGE0 *)
0.5923 s 15.6642 (* Average Power for rapl:::DRAM_ENERGY:PACKAGE1 *)
0.5923 s 0.0000 (* Average Power for rapl:::PP0_ENERGY:PACKAGE0 *)
0.5923 s 0.0000 (* Average Power for rapl:::PP0_ENERGY:PACKAGE1 *)
Time for Classify and insert  0.592221 
Found rapl component at cid 2
Found: rapl:::THERMAL_SPEC_CNT:PACKAGE0
Found: rapl:::THERMAL_SPEC_CNT:PACKAGE1
Found: rapl:::MINIMUM_POWER_CNT:PACKAGE0
Found: rapl:::MINIMUM_POWER_CNT:PACKAGE1
Found: rapl:::MAXIMUM_POWER_CNT:PACKAGE0
Found: rapl:::MAXIMUM_POWER_CNT:PACKAGE1
Found: rapl:::MAXIMUM_TIME_WINDOW_CNT:PACKAGE0
Found: rapl:::MAXIMUM_TIME_WINDOW_CNT:PACKAGE1
Found: rapl:::PACKAGE_ENERGY_CNT:PACKAGE0
Found: rapl:::PACKAGE_ENERGY_CNT:PACKAGE1
Found: rapl:::DRAM_ENERGY_CNT:PACKAGE0
Found: rapl:::DRAM_ENERGY_CNT:PACKAGE1
Found: rapl:::PP0_ENERGY_CNT:PACKAGE0
Found: rapl:::PP0_ENERGY_CNT:PACKAGE1
Found: rapl:::THERMAL_SPEC:PACKAGE0
Found: rapl:::THERMAL_SPEC:PACKAGE1
Found: rapl:::MINIMUM_POWER:PACKAGE0
Found: rapl:::MINIMUM_POWER:PACKAGE1
Found: rapl:::MAXIMUM_POWER:PACKAGE0
Found: rapl:::MAXIMUM_POWER:PACKAGE1
Found: rapl:::MAXIMUM_TIME_WINDOW:PACKAGE0
Found: rapl:::MAXIMUM_TIME_WINDOW:PACKAGE1
Found: rapl:::PACKAGE_ENERGY:PACKAGE0
Found: rapl:::PACKAGE_ENERGY:PACKAGE1
Found: rapl:::DRAM_ENERGY:PACKAGE0
Found: rapl:::DRAM_ENERGY:PACKAGE1
Found: rapl:::PP0_ENERGY:PACKAGE0
Found: rapl:::PP0_ENERGY:PACKAGE1
Starting process_deletions
2.4964 s 0.0000 (* Average Power for rapl:::THERMAL_SPEC_CNT:PACKAGE0 *)
2.4964 s 0.0000 (* Average Power for rapl:::THERMAL_SPEC_CNT:PACKAGE1 *)
2.4964 s 0.0000 (* Average Power for rapl:::MINIMUM_POWER_CNT:PACKAGE0 *)
2.4964 s 0.0000 (* Average Power for rapl:::MINIMUM_POWER_CNT:PACKAGE1 *)
2.4964 s 0.0000 (* Average Power for rapl:::MAXIMUM_POWER_CNT:PACKAGE0 *)
2.4964 s 0.0000 (* Average Power for rapl:::MAXIMUM_POWER_CNT:PACKAGE1 *)
2.4964 s 0.0000 (* Average Power for rapl:::MAXIMUM_TIME_WINDOW_CNT:PACKAGE0 *)
2.4964 s 0.0000 (* Average Power for rapl:::MAXIMUM_TIME_WINDOW_CNT:PACKAGE1 *)
2.4964 s 0.0010 (* Average Power for rapl:::PACKAGE_ENERGY_CNT:PACKAGE0 *)
2.4964 s 0.0011 (* Average Power for rapl:::PACKAGE_ENERGY_CNT:PACKAGE1 *)
2.4964 s 0.0009 (* Average Power for rapl:::DRAM_ENERGY_CNT:PACKAGE0 *)
2.4964 s 0.0010 (* Average Power for rapl:::DRAM_ENERGY_CNT:PACKAGE1 *)
2.4964 s 0.0000 (* Average Power for rapl:::PP0_ENERGY_CNT:PACKAGE0 *)
2.4964 s 0.0000 (* Average Power for rapl:::PP0_ENERGY_CNT:PACKAGE1 *)
2.4964 s 1858394871.2516 (* Average Power for rapl:::THERMAL_SPEC:PACKAGE0 *)
2.4964 s 1858394871.2516 (* Average Power for rapl:::THERMAL_SPEC:PACKAGE1 *)
2.4964 s 1856492178.8832 (* Average Power for rapl:::MINIMUM_POWER:PACKAGE0 *)
2.4964 s 1856492178.8832 (* Average Power for rapl:::MINIMUM_POWER:PACKAGE1 *)
2.4964 s 1860198905.4972 (* Average Power for rapl:::MAXIMUM_POWER:PACKAGE0 *)
2.4964 s 1860198905.4972 (* Average Power for rapl:::MAXIMUM_POWER:PACKAGE1 *)
2.4964 s 1837352503.0590 (* Average Power for rapl:::MAXIMUM_TIME_WINDOW:PACKAGE0 *)
2.4964 s 1837352503.0590 (* Average Power for rapl:::MAXIMUM_TIME_WINDOW:PACKAGE1 *)
2.4964 s 157.4417 (* Total Energy for rapl:::PACKAGE_ENERGY:PACKAGE0 *)
2.4964 s 63.0674 (* Average Power for rapl:::PACKAGE_ENERGY:PACKAGE0 *)
2.4964 s 164.8831 (* Total Energy for rapl:::PACKAGE_ENERGY:PACKAGE1 *)
2.4964 s 66.0482 (* Average Power for rapl:::PACKAGE_ENERGY:PACKAGE1 *)
2.4964 s 13.7650 (* Average Power for rapl:::DRAM_ENERGY:PACKAGE0 *)
2.4964 s 15.6658 (* Average Power for rapl:::DRAM_ENERGY:PACKAGE1 *)
2.4964 s 0.0000 (* Average Power for rapl:::PP0_ENERGY:PACKAGE0 *)
2.4964 s 0.0000 (* Average Power for rapl:::PP0_ENERGY:PACKAGE1 *)
Time for Deletion  2.496352 
Total Time for Updating at Batch 1 is 3.246390 
Total Time for Updating Rooted Tree at iter 1 is 3.947391 with Rewire:0
Total Time for Updating  7.197719 
Time Taken for Initializing Memory 0.384061 
Highest Edge Value 10 --
Total Time for Reading Remainder Edges 78.881053 
Total Time for Reading Certificate Network 18.834792 
Total Time for Reading Update List 0.427791 
==Update Starts =======
Total Time for Initial Tree Creation  9.661676 
Found rapl component at cid 2
Found: rapl:::THERMAL_SPEC_CNT:PACKAGE0
Found: rapl:::THERMAL_SPEC_CNT:PACKAGE1
Found: rapl:::MINIMUM_POWER_CNT:PACKAGE0
Found: rapl:::MINIMUM_POWER_CNT:PACKAGE1
Found: rapl:::MAXIMUM_POWER_CNT:PACKAGE0
Found: rapl:::MAXIMUM_POWER_CNT:PACKAGE1
Found: rapl:::MAXIMUM_TIME_WINDOW_CNT:PACKAGE0
Found: rapl:::MAXIMUM_TIME_WINDOW_CNT:PACKAGE1
Found: rapl:::PACKAGE_ENERGY_CNT:PACKAGE0
Found: rapl:::PACKAGE_ENERGY_CNT:PACKAGE1
Found: rapl:::DRAM_ENERGY_CNT:PACKAGE0
Found: rapl:::DRAM_ENERGY_CNT:PACKAGE1
Found: rapl:::PP0_ENERGY_CNT:PACKAGE0
Found: rapl:::PP0_ENERGY_CNT:PACKAGE1
Found: rapl:::THERMAL_SPEC:PACKAGE0
Found: rapl:::THERMAL_SPEC:PACKAGE1
Found: rapl:::MINIMUM_POWER:PACKAGE0
Found: rapl:::MINIMUM_POWER:PACKAGE1
Found: rapl:::MAXIMUM_POWER:PACKAGE0
Found: rapl:::MAXIMUM_POWER:PACKAGE1
Found: rapl:::MAXIMUM_TIME_WINDOW:PACKAGE0
Found: rapl:::MAXIMUM_TIME_WINDOW:PACKAGE1
Found: rapl:::PACKAGE_ENERGY:PACKAGE0
Found: rapl:::PACKAGE_ENERGY:PACKAGE1
Found: rapl:::DRAM_ENERGY:PACKAGE0
Found: rapl:::DRAM_ENERGY:PACKAGE1
Found: rapl:::PP0_ENERGY:PACKAGE0
Found: rapl:::PP0_ENERGY:PACKAGE1
Starting Classify and Insert
Classify 999999 999999  
Deleted Edges: 30804 
Processed Inserts: 160336
 Unprocessed Inserts: 184
 0.5855 s 0.0000 (* Average Power for rapl:::THERMAL_SPEC_CNT:PACKAGE0 *)
0.5855 s 0.0000 (* Average Power for rapl:::THERMAL_SPEC_CNT:PACKAGE1 *)
0.5855 s 0.0000 (* Average Power for rapl:::MINIMUM_POWER_CNT:PACKAGE0 *)
0.5855 s 0.0000 (* Average Power for rapl:::MINIMUM_POWER_CNT:PACKAGE1 *)
0.5855 s 0.0000 (* Average Power for rapl:::MAXIMUM_POWER_CNT:PACKAGE0 *)
0.5855 s 0.0000 (* Average Power for rapl:::MAXIMUM_POWER_CNT:PACKAGE1 *)
0.5855 s 0.0000 (* Average Power for rapl:::MAXIMUM_TIME_WINDOW_CNT:PACKAGE0 *)
0.5855 s 0.0000 (* Average Power for rapl:::MAXIMUM_TIME_WINDOW_CNT:PACKAGE1 *)
0.5855 s 0.0011 (* Average Power for rapl:::PACKAGE_ENERGY_CNT:PACKAGE0 *)
0.5855 s 0.0012 (* Average Power for rapl:::PACKAGE_ENERGY_CNT:PACKAGE1 *)
0.5855 s 0.0009 (* Average Power for rapl:::DRAM_ENERGY_CNT:PACKAGE0 *)
0.5855 s 0.0010 (* Average Power for rapl:::DRAM_ENERGY_CNT:PACKAGE1 *)
0.5855 s 0.0000 (* Average Power for rapl:::PP0_ENERGY_CNT:PACKAGE0 *)
0.5855 s 0.0000 (* Average Power for rapl:::PP0_ENERGY_CNT:PACKAGE1 *)
0.5855 s 7923327558.2369 (* Average Power for rapl:::THERMAL_SPEC:PACKAGE0 *)
0.5855 s 7923327558.2369 (* Average Power for rapl:::THERMAL_SPEC:PACKAGE1 *)
0.5855 s 7915215366.8450 (* Average Power for rapl:::MINIMUM_POWER:PACKAGE0 *)
0.5855 s 7915215366.8450 (* Average Power for rapl:::MINIMUM_POWER:PACKAGE1 *)
0.5855 s 7931019117.4826 (* Average Power for rapl:::MAXIMUM_POWER:PACKAGE0 *)
0.5855 s 7931019117.4826 (* Average Power for rapl:::MAXIMUM_POWER:PACKAGE1 *)
0.5855 s 7833612730.4731 (* Average Power for rapl:::MAXIMUM_TIME_WINDOW:PACKAGE0 *)
0.5855 s 7833612730.4731 (* Average Power for rapl:::MAXIMUM_TIME_WINDOW:PACKAGE1 *)
0.5855 s 39.8557 (* Total Energy for rapl:::PACKAGE_ENERGY:PACKAGE0 *)
0.5855 s 68.0683 (* Average Power for rapl:::PACKAGE_ENERGY:PACKAGE0 *)
0.5855 s 42.0631 (* Total Energy for rapl:::PACKAGE_ENERGY:PACKAGE1 *)
0.5855 s 71.8383 (* Average Power for rapl:::PACKAGE_ENERGY:PACKAGE1 *)
0.5855 s 14.3178 (* Average Power for rapl:::DRAM_ENERGY:PACKAGE0 *)
0.5855 s 15.6526 (* Average Power for rapl:::DRAM_ENERGY:PACKAGE1 *)
0.5855 s 0.0000 (* Average Power for rapl:::PP0_ENERGY:PACKAGE0 *)
0.5855 s 0.0000 (* Average Power for rapl:::PP0_ENERGY:PACKAGE1 *)
Time for Classify and insert  0.585470 
Found rapl component at cid 2
Found: rapl:::THERMAL_SPEC_CNT:PACKAGE0
Found: rapl:::THERMAL_SPEC_CNT:PACKAGE1
Found: rapl:::MINIMUM_POWER_CNT:PACKAGE0
Found: rapl:::MINIMUM_POWER_CNT:PACKAGE1
Found: rapl:::MAXIMUM_POWER_CNT:PACKAGE0
Found: rapl:::MAXIMUM_POWER_CNT:PACKAGE1
Found: rapl:::MAXIMUM_TIME_WINDOW_CNT:PACKAGE0
Found: rapl:::MAXIMUM_TIME_WINDOW_CNT:PACKAGE1
Found: rapl:::PACKAGE_ENERGY_CNT:PACKAGE0
Found: rapl:::PACKAGE_ENERGY_CNT:PACKAGE1
Found: rapl:::DRAM_ENERGY_CNT:PACKAGE0
Found: rapl:::DRAM_ENERGY_CNT:PACKAGE1
Found: rapl:::PP0_ENERGY_CNT:PACKAGE0
Found: rapl:::PP0_ENERGY_CNT:PACKAGE1
Found: rapl:::THERMAL_SPEC:PACKAGE0
Found: rapl:::THERMAL_SPEC:PACKAGE1
Found: rapl:::MINIMUM_POWER:PACKAGE0
Found: rapl:::MINIMUM_POWER:PACKAGE1
Found: rapl:::MAXIMUM_POWER:PACKAGE0
Found: rapl:::MAXIMUM_POWER:PACKAGE1
Found: rapl:::MAXIMUM_TIME_WINDOW:PACKAGE0
Found: rapl:::MAXIMUM_TIME_WINDOW:PACKAGE1
Found: rapl:::PACKAGE_ENERGY:PACKAGE0
Found: rapl:::PACKAGE_ENERGY:PACKAGE1
Found: rapl:::DRAM_ENERGY:PACKAGE0
Found: rapl:::DRAM_ENERGY:PACKAGE1
Found: rapl:::PP0_ENERGY:PACKAGE0
Found: rapl:::PP0_ENERGY:PACKAGE1
Starting process_deletions
2.6143 s 0.0000 (* Average Power for rapl:::THERMAL_SPEC_CNT:PACKAGE0 *)
2.6143 s 0.0000 (* Average Power for rapl:::THERMAL_SPEC_CNT:PACKAGE1 *)
2.6143 s 0.0000 (* Average Power for rapl:::MINIMUM_POWER_CNT:PACKAGE0 *)
2.6143 s 0.0000 (* Average Power for rapl:::MINIMUM_POWER_CNT:PACKAGE1 *)
2.6143 s 0.0000 (* Average Power for rapl:::MAXIMUM_POWER_CNT:PACKAGE0 *)
2.6143 s 0.0000 (* Average Power for rapl:::MAXIMUM_POWER_CNT:PACKAGE1 *)
2.6143 s 0.0000 (* Average Power for rapl:::MAXIMUM_TIME_WINDOW_CNT:PACKAGE0 *)
2.6143 s 0.0000 (* Average Power for rapl:::MAXIMUM_TIME_WINDOW_CNT:PACKAGE1 *)
2.6143 s 0.0013 (* Average Power for rapl:::PACKAGE_ENERGY_CNT:PACKAGE0 *)
2.6143 s 0.0014 (* Average Power for rapl:::PACKAGE_ENERGY_CNT:PACKAGE1 *)
2.6143 s 0.0009 (* Average Power for rapl:::DRAM_ENERGY_CNT:PACKAGE0 *)
2.6143 s 0.0010 (* Average Power for rapl:::DRAM_ENERGY_CNT:PACKAGE1 *)
2.6143 s 0.0000 (* Average Power for rapl:::PP0_ENERGY_CNT:PACKAGE0 *)
2.6143 s 0.0000 (* Average Power for rapl:::PP0_ENERGY_CNT:PACKAGE1 *)
2.6143 s 1774585061.3332 (* Average Power for rapl:::THERMAL_SPEC:PACKAGE0 *)
2.6143 s 1774585061.3332 (* Average Power for rapl:::THERMAL_SPEC:PACKAGE1 *)
2.6143 s 1772768176.5013 (* Average Power for rapl:::MINIMUM_POWER:PACKAGE0 *)
2.6143 s 1772768176.5013 (* Average Power for rapl:::MINIMUM_POWER:PACKAGE1 *)
2.6143 s 1776307737.3220 (* Average Power for rapl:::MAXIMUM_POWER:PACKAGE0 *)
2.6143 s 1776307737.3220 (* Average Power for rapl:::MAXIMUM_POWER:PACKAGE1 *)
2.6143 s 1754491660.9330 (* Average Power for rapl:::MAXIMUM_TIME_WINDOW:PACKAGE0 *)
2.6143 s 1754491660.9330 (* Average Power for rapl:::MAXIMUM_TIME_WINDOW:PACKAGE1 *)
2.6143 s 214.3038 (* Total Energy for rapl:::PACKAGE_ENERGY:PACKAGE0 *)
2.6143 s 81.9736 (* Average Power for rapl:::PACKAGE_ENERGY:PACKAGE0 *)
2.6143 s 219.0392 (* Total Energy for rapl:::PACKAGE_ENERGY:PACKAGE1 *)
2.6143 s 83.7849 (* Average Power for rapl:::PACKAGE_ENERGY:PACKAGE1 *)
2.6143 s 14.3477 (* Average Power for rapl:::DRAM_ENERGY:PACKAGE0 *)
2.6143 s 15.6236 (* Average Power for rapl:::DRAM_ENERGY:PACKAGE1 *)
2.6143 s 0.0000 (* Average Power for rapl:::PP0_ENERGY:PACKAGE0 *)
2.6143 s 0.0000 (* Average Power for rapl:::PP0_ENERGY:PACKAGE1 *)
Time for Deletion  2.614276 
Total Time for Updating at Batch 1 is 3.344330 
Total Time for Updating Rooted Tree at iter 1 is 4.208082 with Rewire:0
Total Time for Updating  7.556062 
