Time Taken for Initializing Memory 0.361080 
Highest Edge Value 10 --
Total Time for Reading Remainder Edges 78.921823 
Total Time for Reading Certificate Network 18.794298 
Total Time for Reading Update List 0.427689 
==Update Starts =======
Total Time for Initial Tree Creation  8.519841 
Found rapl component at cid 2
Found: rapl:::THERMAL_SPEC_CNT:PACKAGE0
Found: rapl:::THERMAL_SPEC_CNT:PACKAGE1
Found: rapl:::MINIMUM_POWER_CNT:PACKAGE0
Found: rapl:::MINIMUM_POWER_CNT:PACKAGE1
Found: rapl:::MAXIMUM_POWER_CNT:PACKAGE0
Found: rapl:::MAXIMUM_POWER_CNT:PACKAGE1
Found: rapl:::MAXIMUM_TIME_WINDOW_CNT:PACKAGE0
Found: rapl:::MAXIMUM_TIME_WINDOW_CNT:PACKAGE1
Found: rapl:::PACKAGE_ENERGY_CNT:PACKAGE0
Found: rapl:::PACKAGE_ENERGY_CNT:PACKAGE1
Found: rapl:::DRAM_ENERGY_CNT:PACKAGE0
Found: rapl:::DRAM_ENERGY_CNT:PACKAGE1
Found: rapl:::PP0_ENERGY_CNT:PACKAGE0
Found: rapl:::PP0_ENERGY_CNT:PACKAGE1
Found: rapl:::THERMAL_SPEC:PACKAGE0
Found: rapl:::THERMAL_SPEC:PACKAGE1
Found: rapl:::MINIMUM_POWER:PACKAGE0
Found: rapl:::MINIMUM_POWER:PACKAGE1
Found: rapl:::MAXIMUM_POWER:PACKAGE0
Found: rapl:::MAXIMUM_POWER:PACKAGE1
Found: rapl:::MAXIMUM_TIME_WINDOW:PACKAGE0
Found: rapl:::MAXIMUM_TIME_WINDOW:PACKAGE1
Found: rapl:::PACKAGE_ENERGY:PACKAGE0
Found: rapl:::PACKAGE_ENERGY:PACKAGE1
Found: rapl:::DRAM_ENERGY:PACKAGE0
Found: rapl:::DRAM_ENERGY:PACKAGE1
Found: rapl:::PP0_ENERGY:PACKAGE0
Found: rapl:::PP0_ENERGY:PACKAGE1
Starting Classify and Insert
Classify 999999 999999  
Deleted Edges: 30804 
Processed Inserts: 160299
 Unprocessed Inserts: 174
 0.4949 s 0.0000 (* Average Power for rapl:::THERMAL_SPEC_CNT:PACKAGE0 *)
0.4949 s 0.0000 (* Average Power for rapl:::THERMAL_SPEC_CNT:PACKAGE1 *)
0.4949 s 0.0000 (* Average Power for rapl:::MINIMUM_POWER_CNT:PACKAGE0 *)
0.4949 s 0.0000 (* Average Power for rapl:::MINIMUM_POWER_CNT:PACKAGE1 *)
0.4949 s 0.0000 (* Average Power for rapl:::MAXIMUM_POWER_CNT:PACKAGE0 *)
0.4949 s 0.0000 (* Average Power for rapl:::MAXIMUM_POWER_CNT:PACKAGE1 *)
0.4949 s 0.0000 (* Average Power for rapl:::MAXIMUM_TIME_WINDOW_CNT:PACKAGE0 *)
0.4949 s 0.0000 (* Average Power for rapl:::MAXIMUM_TIME_WINDOW_CNT:PACKAGE1 *)
0.4949 s 0.0013 (* Average Power for rapl:::PACKAGE_ENERGY_CNT:PACKAGE0 *)
0.4949 s 0.0014 (* Average Power for rapl:::PACKAGE_ENERGY_CNT:PACKAGE1 *)
0.4949 s 0.0009 (* Average Power for rapl:::DRAM_ENERGY_CNT:PACKAGE0 *)
0.4949 s 0.0010 (* Average Power for rapl:::DRAM_ENERGY_CNT:PACKAGE1 *)
0.4949 s 0.0000 (* Average Power for rapl:::PP0_ENERGY_CNT:PACKAGE0 *)
0.4949 s 0.0000 (* Average Power for rapl:::PP0_ENERGY_CNT:PACKAGE1 *)
0.4949 s 9375138205.2496 (* Average Power for rapl:::THERMAL_SPEC:PACKAGE0 *)
0.4949 s 9375138205.2496 (* Average Power for rapl:::THERMAL_SPEC:PACKAGE1 *)
0.4949 s 9365539597.2295 (* Average Power for rapl:::MINIMUM_POWER:PACKAGE0 *)
0.4949 s 9365539597.2295 (* Average Power for rapl:::MINIMUM_POWER:PACKAGE1 *)
0.4949 s 9384239107.6687 (* Average Power for rapl:::MAXIMUM_POWER:PACKAGE0 *)
0.4949 s 9384239107.6687 (* Average Power for rapl:::MAXIMUM_POWER:PACKAGE1 *)
0.4949 s 9268984710.6271 (* Average Power for rapl:::MAXIMUM_TIME_WINDOW:PACKAGE0 *)
0.4949 s 9268984710.6271 (* Average Power for rapl:::MAXIMUM_TIME_WINDOW:PACKAGE1 *)
0.4949 s 39.8111 (* Total Energy for rapl:::PACKAGE_ENERGY:PACKAGE0 *)
0.4949 s 80.4505 (* Average Power for rapl:::PACKAGE_ENERGY:PACKAGE0 *)
0.4949 s 42.8918 (* Total Energy for rapl:::PACKAGE_ENERGY:PACKAGE1 *)
0.4949 s 86.6760 (* Average Power for rapl:::PACKAGE_ENERGY:PACKAGE1 *)
0.4949 s 14.3828 (* Average Power for rapl:::DRAM_ENERGY:PACKAGE0 *)
0.4949 s 15.6596 (* Average Power for rapl:::DRAM_ENERGY:PACKAGE1 *)
0.4949 s 0.0000 (* Average Power for rapl:::PP0_ENERGY:PACKAGE0 *)
0.4949 s 0.0000 (* Average Power for rapl:::PP0_ENERGY:PACKAGE1 *)
Time for Classify and insert  0.494816 
Found rapl component at cid 2
Found: rapl:::THERMAL_SPEC_CNT:PACKAGE0
Found: rapl:::THERMAL_SPEC_CNT:PACKAGE1
Found: rapl:::MINIMUM_POWER_CNT:PACKAGE0
Found: rapl:::MINIMUM_POWER_CNT:PACKAGE1
Found: rapl:::MAXIMUM_POWER_CNT:PACKAGE0
Found: rapl:::MAXIMUM_POWER_CNT:PACKAGE1
Found: rapl:::MAXIMUM_TIME_WINDOW_CNT:PACKAGE0
Found: rapl:::MAXIMUM_TIME_WINDOW_CNT:PACKAGE1
Found: rapl:::PACKAGE_ENERGY_CNT:PACKAGE0
Found: rapl:::PACKAGE_ENERGY_CNT:PACKAGE1
Found: rapl:::DRAM_ENERGY_CNT:PACKAGE0
Found: rapl:::DRAM_ENERGY_CNT:PACKAGE1
Found: rapl:::PP0_ENERGY_CNT:PACKAGE0
Found: rapl:::PP0_ENERGY_CNT:PACKAGE1
Found: rapl:::THERMAL_SPEC:PACKAGE0
Found: rapl:::THERMAL_SPEC:PACKAGE1
Found: rapl:::MINIMUM_POWER:PACKAGE0
Found: rapl:::MINIMUM_POWER:PACKAGE1
Found: rapl:::MAXIMUM_POWER:PACKAGE0
Found: rapl:::MAXIMUM_POWER:PACKAGE1
Found: rapl:::MAXIMUM_TIME_WINDOW:PACKAGE0
Found: rapl:::MAXIMUM_TIME_WINDOW:PACKAGE1
Found: rapl:::PACKAGE_ENERGY:PACKAGE0
Found: rapl:::PACKAGE_ENERGY:PACKAGE1
Found: rapl:::DRAM_ENERGY:PACKAGE0
Found: rapl:::DRAM_ENERGY:PACKAGE1
Found: rapl:::PP0_ENERGY:PACKAGE0
Found: rapl:::PP0_ENERGY:PACKAGE1
Starting process_deletions
0.9113 s 0.0000 (* Average Power for rapl:::THERMAL_SPEC_CNT:PACKAGE0 *)
0.9113 s 0.0000 (* Average Power for rapl:::THERMAL_SPEC_CNT:PACKAGE1 *)
0.9113 s 0.0000 (* Average Power for rapl:::MINIMUM_POWER_CNT:PACKAGE0 *)
0.9113 s 0.0000 (* Average Power for rapl:::MINIMUM_POWER_CNT:PACKAGE1 *)
0.9113 s 0.0000 (* Average Power for rapl:::MAXIMUM_POWER_CNT:PACKAGE0 *)
0.9113 s 0.0000 (* Average Power for rapl:::MAXIMUM_POWER_CNT:PACKAGE1 *)
0.9113 s 0.0000 (* Average Power for rapl:::MAXIMUM_TIME_WINDOW_CNT:PACKAGE0 *)
0.9113 s 0.0000 (* Average Power for rapl:::MAXIMUM_TIME_WINDOW_CNT:PACKAGE1 *)
0.9113 s 0.0018 (* Average Power for rapl:::PACKAGE_ENERGY_CNT:PACKAGE0 *)
0.9113 s 0.0018 (* Average Power for rapl:::PACKAGE_ENERGY_CNT:PACKAGE1 *)
0.9113 s 0.0010 (* Average Power for rapl:::DRAM_ENERGY_CNT:PACKAGE0 *)
0.9113 s 0.0011 (* Average Power for rapl:::DRAM_ENERGY_CNT:PACKAGE1 *)
0.9113 s 0.0000 (* Average Power for rapl:::PP0_ENERGY_CNT:PACKAGE0 *)
0.9113 s 0.0000 (* Average Power for rapl:::PP0_ENERGY_CNT:PACKAGE1 *)
0.9113 s 5090806279.5090 (* Average Power for rapl:::THERMAL_SPEC:PACKAGE0 *)
0.9113 s 5090806279.5090 (* Average Power for rapl:::THERMAL_SPEC:PACKAGE1 *)
0.9113 s 5085594126.5877 (* Average Power for rapl:::MINIMUM_POWER:PACKAGE0 *)
0.9113 s 5085594126.5877 (* Average Power for rapl:::MINIMUM_POWER:PACKAGE1 *)
0.9113 s 5095748172.6491 (* Average Power for rapl:::MAXIMUM_POWER:PACKAGE0 *)
0.9113 s 5095748172.6491 (* Average Power for rapl:::MAXIMUM_POWER:PACKAGE1 *)
0.9113 s 5033163729.0543 (* Average Power for rapl:::MAXIMUM_TIME_WINDOW:PACKAGE0 *)
0.9113 s 5033163729.0543 (* Average Power for rapl:::MAXIMUM_TIME_WINDOW:PACKAGE1 *)
0.9113 s 98.1753 (* Total Energy for rapl:::PACKAGE_ENERGY:PACKAGE0 *)
0.9113 s 107.7298 (* Average Power for rapl:::PACKAGE_ENERGY:PACKAGE0 *)
0.9113 s 100.9372 (* Total Energy for rapl:::PACKAGE_ENERGY:PACKAGE1 *)
0.9113 s 110.7605 (* Average Power for rapl:::PACKAGE_ENERGY:PACKAGE1 *)
0.9113 s 14.6500 (* Average Power for rapl:::DRAM_ENERGY:PACKAGE0 *)
0.9113 s 16.2184 (* Average Power for rapl:::DRAM_ENERGY:PACKAGE1 *)
0.9113 s 0.0000 (* Average Power for rapl:::PP0_ENERGY:PACKAGE0 *)
0.9113 s 0.0000 (* Average Power for rapl:::PP0_ENERGY:PACKAGE1 *)
Time for Deletion  0.911283 
Total Time for Updating at Batch 1 is 1.500470 
Total Time for Updating Rooted Tree at iter 1 is 2.013035 with Rewire:0
Total Time for Updating  3.517991 
Time Taken for Initializing Memory 0.388760 
Highest Edge Value 10 --
Total Time for Reading Remainder Edges 79.326144 
Total Time for Reading Certificate Network 18.772417 
Total Time for Reading Update List 0.432823 
==Update Starts =======
Total Time for Initial Tree Creation  7.933652 
Found rapl component at cid 2
Found: rapl:::THERMAL_SPEC_CNT:PACKAGE0
Found: rapl:::THERMAL_SPEC_CNT:PACKAGE1
Found: rapl:::MINIMUM_POWER_CNT:PACKAGE0
Found: rapl:::MINIMUM_POWER_CNT:PACKAGE1
Found: rapl:::MAXIMUM_POWER_CNT:PACKAGE0
Found: rapl:::MAXIMUM_POWER_CNT:PACKAGE1
Found: rapl:::MAXIMUM_TIME_WINDOW_CNT:PACKAGE0
Found: rapl:::MAXIMUM_TIME_WINDOW_CNT:PACKAGE1
Found: rapl:::PACKAGE_ENERGY_CNT:PACKAGE0
Found: rapl:::PACKAGE_ENERGY_CNT:PACKAGE1
Found: rapl:::DRAM_ENERGY_CNT:PACKAGE0
Found: rapl:::DRAM_ENERGY_CNT:PACKAGE1
Found: rapl:::PP0_ENERGY_CNT:PACKAGE0
Found: rapl:::PP0_ENERGY_CNT:PACKAGE1
Found: rapl:::THERMAL_SPEC:PACKAGE0
Found: rapl:::THERMAL_SPEC:PACKAGE1
Found: rapl:::MINIMUM_POWER:PACKAGE0
Found: rapl:::MINIMUM_POWER:PACKAGE1
Found: rapl:::MAXIMUM_POWER:PACKAGE0
Found: rapl:::MAXIMUM_POWER:PACKAGE1
Found: rapl:::MAXIMUM_TIME_WINDOW:PACKAGE0
Found: rapl:::MAXIMUM_TIME_WINDOW:PACKAGE1
Found: rapl:::PACKAGE_ENERGY:PACKAGE0
Found: rapl:::PACKAGE_ENERGY:PACKAGE1
Found: rapl:::DRAM_ENERGY:PACKAGE0
Found: rapl:::DRAM_ENERGY:PACKAGE1
Found: rapl:::PP0_ENERGY:PACKAGE0
Found: rapl:::PP0_ENERGY:PACKAGE1
Starting Classify and Insert
Classify 999999 999999  
Deleted Edges: 30804 
Processed Inserts: 160307
 Unprocessed Inserts: 189
 0.4962 s 0.0000 (* Average Power for rapl:::THERMAL_SPEC_CNT:PACKAGE0 *)
0.4962 s 0.0000 (* Average Power for rapl:::THERMAL_SPEC_CNT:PACKAGE1 *)
0.4962 s 0.0000 (* Average Power for rapl:::MINIMUM_POWER_CNT:PACKAGE0 *)
0.4962 s 0.0000 (* Average Power for rapl:::MINIMUM_POWER_CNT:PACKAGE1 *)
0.4962 s 0.0000 (* Average Power for rapl:::MAXIMUM_POWER_CNT:PACKAGE0 *)
0.4962 s 0.0000 (* Average Power for rapl:::MAXIMUM_POWER_CNT:PACKAGE1 *)
0.4962 s 0.0000 (* Average Power for rapl:::MAXIMUM_TIME_WINDOW_CNT:PACKAGE0 *)
0.4962 s 0.0000 (* Average Power for rapl:::MAXIMUM_TIME_WINDOW_CNT:PACKAGE1 *)
0.4962 s 0.0014 (* Average Power for rapl:::PACKAGE_ENERGY_CNT:PACKAGE0 *)
0.4962 s 0.0014 (* Average Power for rapl:::PACKAGE_ENERGY_CNT:PACKAGE1 *)
0.4962 s 0.0009 (* Average Power for rapl:::DRAM_ENERGY_CNT:PACKAGE0 *)
0.4962 s 0.0010 (* Average Power for rapl:::DRAM_ENERGY_CNT:PACKAGE1 *)
0.4962 s 0.0000 (* Average Power for rapl:::PP0_ENERGY_CNT:PACKAGE0 *)
0.4962 s 0.0000 (* Average Power for rapl:::PP0_ENERGY_CNT:PACKAGE1 *)
0.4962 s 9348936293.9994 (* Average Power for rapl:::THERMAL_SPEC:PACKAGE0 *)
0.4962 s 9348936293.9994 (* Average Power for rapl:::THERMAL_SPEC:PACKAGE1 *)
0.4962 s 9339364512.4506 (* Average Power for rapl:::MINIMUM_POWER:PACKAGE0 *)
0.4962 s 9339364512.4506 (* Average Power for rapl:::MINIMUM_POWER:PACKAGE1 *)
0.4962 s 9358011760.9495 (* Average Power for rapl:::MAXIMUM_POWER:PACKAGE0 *)
0.4962 s 9358011760.9495 (* Average Power for rapl:::MAXIMUM_POWER:PACKAGE1 *)
0.4962 s 9243079480.2774 (* Average Power for rapl:::MAXIMUM_TIME_WINDOW:PACKAGE0 *)
0.4962 s 9243079480.2774 (* Average Power for rapl:::MAXIMUM_TIME_WINDOW:PACKAGE1 *)
0.4962 s 42.4563 (* Total Energy for rapl:::PACKAGE_ENERGY:PACKAGE0 *)
0.4962 s 85.5562 (* Average Power for rapl:::PACKAGE_ENERGY:PACKAGE0 *)
0.4962 s 41.3231 (* Total Energy for rapl:::PACKAGE_ENERGY:PACKAGE1 *)
0.4962 s 83.2726 (* Average Power for rapl:::PACKAGE_ENERGY:PACKAGE1 *)
0.4962 s 14.3750 (* Average Power for rapl:::DRAM_ENERGY:PACKAGE0 *)
0.4962 s 15.6969 (* Average Power for rapl:::DRAM_ENERGY:PACKAGE1 *)
0.4962 s 0.0000 (* Average Power for rapl:::PP0_ENERGY:PACKAGE0 *)
0.4962 s 0.0000 (* Average Power for rapl:::PP0_ENERGY:PACKAGE1 *)
Time for Classify and insert  0.496187 
Found rapl component at cid 2
Found: rapl:::THERMAL_SPEC_CNT:PACKAGE0
Found: rapl:::THERMAL_SPEC_CNT:PACKAGE1
Found: rapl:::MINIMUM_POWER_CNT:PACKAGE0
Found: rapl:::MINIMUM_POWER_CNT:PACKAGE1
Found: rapl:::MAXIMUM_POWER_CNT:PACKAGE0
Found: rapl:::MAXIMUM_POWER_CNT:PACKAGE1
Found: rapl:::MAXIMUM_TIME_WINDOW_CNT:PACKAGE0
Found: rapl:::MAXIMUM_TIME_WINDOW_CNT:PACKAGE1
Found: rapl:::PACKAGE_ENERGY_CNT:PACKAGE0
Found: rapl:::PACKAGE_ENERGY_CNT:PACKAGE1
Found: rapl:::DRAM_ENERGY_CNT:PACKAGE0
Found: rapl:::DRAM_ENERGY_CNT:PACKAGE1
Found: rapl:::PP0_ENERGY_CNT:PACKAGE0
Found: rapl:::PP0_ENERGY_CNT:PACKAGE1
Found: rapl:::THERMAL_SPEC:PACKAGE0
Found: rapl:::THERMAL_SPEC:PACKAGE1
Found: rapl:::MINIMUM_POWER:PACKAGE0
Found: rapl:::MINIMUM_POWER:PACKAGE1
Found: rapl:::MAXIMUM_POWER:PACKAGE0
Found: rapl:::MAXIMUM_POWER:PACKAGE1
Found: rapl:::MAXIMUM_TIME_WINDOW:PACKAGE0
Found: rapl:::MAXIMUM_TIME_WINDOW:PACKAGE1
Found: rapl:::PACKAGE_ENERGY:PACKAGE0
Found: rapl:::PACKAGE_ENERGY:PACKAGE1
Found: rapl:::DRAM_ENERGY:PACKAGE0
Found: rapl:::DRAM_ENERGY:PACKAGE1
Found: rapl:::PP0_ENERGY:PACKAGE0
Found: rapl:::PP0_ENERGY:PACKAGE1
Starting process_deletions
0.9286 s 0.0000 (* Average Power for rapl:::THERMAL_SPEC_CNT:PACKAGE0 *)
0.9286 s 0.0000 (* Average Power for rapl:::THERMAL_SPEC_CNT:PACKAGE1 *)
0.9286 s 0.0000 (* Average Power for rapl:::MINIMUM_POWER_CNT:PACKAGE0 *)
0.9286 s 0.0000 (* Average Power for rapl:::MINIMUM_POWER_CNT:PACKAGE1 *)
0.9286 s 0.0000 (* Average Power for rapl:::MAXIMUM_POWER_CNT:PACKAGE0 *)
0.9286 s 0.0000 (* Average Power for rapl:::MAXIMUM_POWER_CNT:PACKAGE1 *)
0.9286 s 0.0000 (* Average Power for rapl:::MAXIMUM_TIME_WINDOW_CNT:PACKAGE0 *)
0.9286 s 0.0000 (* Average Power for rapl:::MAXIMUM_TIME_WINDOW_CNT:PACKAGE1 *)
0.9286 s 0.0018 (* Average Power for rapl:::PACKAGE_ENERGY_CNT:PACKAGE0 *)
0.9286 s 0.0018 (* Average Power for rapl:::PACKAGE_ENERGY_CNT:PACKAGE1 *)
0.9286 s 0.0009 (* Average Power for rapl:::DRAM_ENERGY_CNT:PACKAGE0 *)
0.9286 s 0.0011 (* Average Power for rapl:::DRAM_ENERGY_CNT:PACKAGE1 *)
0.9286 s 0.0000 (* Average Power for rapl:::PP0_ENERGY_CNT:PACKAGE0 *)
0.9286 s 0.0000 (* Average Power for rapl:::PP0_ENERGY_CNT:PACKAGE1 *)
0.9286 s 4996105917.0397 (* Average Power for rapl:::THERMAL_SPEC:PACKAGE0 *)
0.9286 s 4996105917.0397 (* Average Power for rapl:::THERMAL_SPEC:PACKAGE1 *)
0.9286 s 4990990721.7994 (* Average Power for rapl:::MINIMUM_POWER:PACKAGE0 *)
0.9286 s 4990990721.7994 (* Average Power for rapl:::MINIMUM_POWER:PACKAGE1 *)
0.9286 s 5000955879.9342 (* Average Power for rapl:::MAXIMUM_POWER:PACKAGE0 *)
0.9286 s 5000955879.9342 (* Average Power for rapl:::MAXIMUM_POWER:PACKAGE1 *)
0.9286 s 4939535646.7155 (* Average Power for rapl:::MAXIMUM_TIME_WINDOW:PACKAGE0 *)
0.9286 s 4939535646.7155 (* Average Power for rapl:::MAXIMUM_TIME_WINDOW:PACKAGE1 *)
0.9286 s 99.5538 (* Total Energy for rapl:::PACKAGE_ENERGY:PACKAGE0 *)
0.9286 s 107.2103 (* Average Power for rapl:::PACKAGE_ENERGY:PACKAGE0 *)
0.9286 s 103.1782 (* Total Energy for rapl:::PACKAGE_ENERGY:PACKAGE1 *)
0.9286 s 111.1135 (* Average Power for rapl:::PACKAGE_ENERGY:PACKAGE1 *)
0.9286 s 14.4844 (* Average Power for rapl:::DRAM_ENERGY:PACKAGE0 *)
0.9286 s 16.3481 (* Average Power for rapl:::DRAM_ENERGY:PACKAGE1 *)
0.9286 s 0.0000 (* Average Power for rapl:::PP0_ENERGY:PACKAGE0 *)
0.9286 s 0.0000 (* Average Power for rapl:::PP0_ENERGY:PACKAGE1 *)
Time for Deletion  0.928559 
Total Time for Updating at Batch 1 is 1.519090 
Total Time for Updating Rooted Tree at iter 1 is 2.085741 with Rewire:0
Total Time for Updating  3.609315 
Time Taken for Initializing Memory 0.360745 
Highest Edge Value 10 --
Total Time for Reading Remainder Edges 78.923924 
Total Time for Reading Certificate Network 18.788876 
Total Time for Reading Update List 0.427886 
==Update Starts =======
Total Time for Initial Tree Creation  8.082848 
Found rapl component at cid 2
Found: rapl:::THERMAL_SPEC_CNT:PACKAGE0
Found: rapl:::THERMAL_SPEC_CNT:PACKAGE1
Found: rapl:::MINIMUM_POWER_CNT:PACKAGE0
Found: rapl:::MINIMUM_POWER_CNT:PACKAGE1
Found: rapl:::MAXIMUM_POWER_CNT:PACKAGE0
Found: rapl:::MAXIMUM_POWER_CNT:PACKAGE1
Found: rapl:::MAXIMUM_TIME_WINDOW_CNT:PACKAGE0
Found: rapl:::MAXIMUM_TIME_WINDOW_CNT:PACKAGE1
Found: rapl:::PACKAGE_ENERGY_CNT:PACKAGE0
Found: rapl:::PACKAGE_ENERGY_CNT:PACKAGE1
Found: rapl:::DRAM_ENERGY_CNT:PACKAGE0
Found: rapl:::DRAM_ENERGY_CNT:PACKAGE1
Found: rapl:::PP0_ENERGY_CNT:PACKAGE0
Found: rapl:::PP0_ENERGY_CNT:PACKAGE1
Found: rapl:::THERMAL_SPEC:PACKAGE0
Found: rapl:::THERMAL_SPEC:PACKAGE1
Found: rapl:::MINIMUM_POWER:PACKAGE0
Found: rapl:::MINIMUM_POWER:PACKAGE1
Found: rapl:::MAXIMUM_POWER:PACKAGE0
Found: rapl:::MAXIMUM_POWER:PACKAGE1
Found: rapl:::MAXIMUM_TIME_WINDOW:PACKAGE0
Found: rapl:::MAXIMUM_TIME_WINDOW:PACKAGE1
Found: rapl:::PACKAGE_ENERGY:PACKAGE0
Found: rapl:::PACKAGE_ENERGY:PACKAGE1
Found: rapl:::DRAM_ENERGY:PACKAGE0
Found: rapl:::DRAM_ENERGY:PACKAGE1
Found: rapl:::PP0_ENERGY:PACKAGE0
Found: rapl:::PP0_ENERGY:PACKAGE1
Starting Classify and Insert
Classify 999999 999999  
Deleted Edges: 30804 
Processed Inserts: 160299
 Unprocessed Inserts: 208
 0.4884 s 0.0000 (* Average Power for rapl:::THERMAL_SPEC_CNT:PACKAGE0 *)
0.4884 s 0.0000 (* Average Power for rapl:::THERMAL_SPEC_CNT:PACKAGE1 *)
0.4884 s 0.0000 (* Average Power for rapl:::MINIMUM_POWER_CNT:PACKAGE0 *)
0.4884 s 0.0000 (* Average Power for rapl:::MINIMUM_POWER_CNT:PACKAGE1 *)
0.4884 s 0.0000 (* Average Power for rapl:::MAXIMUM_POWER_CNT:PACKAGE0 *)
0.4884 s 0.0000 (* Average Power for rapl:::MAXIMUM_POWER_CNT:PACKAGE1 *)
0.4884 s 0.0000 (* Average Power for rapl:::MAXIMUM_TIME_WINDOW_CNT:PACKAGE0 *)
0.4884 s 0.0000 (* Average Power for rapl:::MAXIMUM_TIME_WINDOW_CNT:PACKAGE1 *)
0.4884 s 0.0012 (* Average Power for rapl:::PACKAGE_ENERGY_CNT:PACKAGE0 *)
0.4884 s 0.0013 (* Average Power for rapl:::PACKAGE_ENERGY_CNT:PACKAGE1 *)
0.4884 s 0.0009 (* Average Power for rapl:::DRAM_ENERGY_CNT:PACKAGE0 *)
0.4884 s 0.0010 (* Average Power for rapl:::DRAM_ENERGY_CNT:PACKAGE1 *)
0.4884 s 0.0000 (* Average Power for rapl:::PP0_ENERGY_CNT:PACKAGE0 *)
0.4884 s 0.0000 (* Average Power for rapl:::PP0_ENERGY_CNT:PACKAGE1 *)
0.4884 s 9498342489.8339 (* Average Power for rapl:::THERMAL_SPEC:PACKAGE0 *)
0.4884 s 9498342489.8339 (* Average Power for rapl:::THERMAL_SPEC:PACKAGE1 *)
0.4884 s 9488617740.7790 (* Average Power for rapl:::MINIMUM_POWER:PACKAGE0 *)
0.4884 s 9488617740.7790 (* Average Power for rapl:::MINIMUM_POWER:PACKAGE1 *)
0.4884 s 9507562992.6414 (* Average Power for rapl:::MAXIMUM_POWER:PACKAGE0 *)
0.4884 s 9507562992.6414 (* Average Power for rapl:::MAXIMUM_POWER:PACKAGE1 *)
0.4884 s 9390793968.8048 (* Average Power for rapl:::MAXIMUM_TIME_WINDOW:PACKAGE0 *)
0.4884 s 9390793968.8048 (* Average Power for rapl:::MAXIMUM_TIME_WINDOW:PACKAGE1 *)
0.4884 s 36.2633 (* Total Energy for rapl:::PACKAGE_ENERGY:PACKAGE0 *)
0.4884 s 74.2441 (* Average Power for rapl:::PACKAGE_ENERGY:PACKAGE0 *)
0.4884 s 38.9376 (* Total Energy for rapl:::PACKAGE_ENERGY:PACKAGE1 *)
0.4884 s 79.7193 (* Average Power for rapl:::PACKAGE_ENERGY:PACKAGE1 *)
0.4884 s 14.3591 (* Average Power for rapl:::DRAM_ENERGY:PACKAGE0 *)
0.4884 s 15.6941 (* Average Power for rapl:::DRAM_ENERGY:PACKAGE1 *)
0.4884 s 0.0000 (* Average Power for rapl:::PP0_ENERGY:PACKAGE0 *)
0.4884 s 0.0000 (* Average Power for rapl:::PP0_ENERGY:PACKAGE1 *)
Time for Classify and insert  0.488375 
Found rapl component at cid 2
Found: rapl:::THERMAL_SPEC_CNT:PACKAGE0
Found: rapl:::THERMAL_SPEC_CNT:PACKAGE1
Found: rapl:::MINIMUM_POWER_CNT:PACKAGE0
Found: rapl:::MINIMUM_POWER_CNT:PACKAGE1
Found: rapl:::MAXIMUM_POWER_CNT:PACKAGE0
Found: rapl:::MAXIMUM_POWER_CNT:PACKAGE1
Found: rapl:::MAXIMUM_TIME_WINDOW_CNT:PACKAGE0
Found: rapl:::MAXIMUM_TIME_WINDOW_CNT:PACKAGE1
Found: rapl:::PACKAGE_ENERGY_CNT:PACKAGE0
Found: rapl:::PACKAGE_ENERGY_CNT:PACKAGE1
Found: rapl:::DRAM_ENERGY_CNT:PACKAGE0
Found: rapl:::DRAM_ENERGY_CNT:PACKAGE1
Found: rapl:::PP0_ENERGY_CNT:PACKAGE0
Found: rapl:::PP0_ENERGY_CNT:PACKAGE1
Found: rapl:::THERMAL_SPEC:PACKAGE0
Found: rapl:::THERMAL_SPEC:PACKAGE1
Found: rapl:::MINIMUM_POWER:PACKAGE0
Found: rapl:::MINIMUM_POWER:PACKAGE1
Found: rapl:::MAXIMUM_POWER:PACKAGE0
Found: rapl:::MAXIMUM_POWER:PACKAGE1
Found: rapl:::MAXIMUM_TIME_WINDOW:PACKAGE0
Found: rapl:::MAXIMUM_TIME_WINDOW:PACKAGE1
Found: rapl:::PACKAGE_ENERGY:PACKAGE0
Found: rapl:::PACKAGE_ENERGY:PACKAGE1
Found: rapl:::DRAM_ENERGY:PACKAGE0
Found: rapl:::DRAM_ENERGY:PACKAGE1
Found: rapl:::PP0_ENERGY:PACKAGE0
Found: rapl:::PP0_ENERGY:PACKAGE1
Starting process_deletions
0.9474 s 0.0000 (* Average Power for rapl:::THERMAL_SPEC_CNT:PACKAGE0 *)
0.9474 s 0.0000 (* Average Power for rapl:::THERMAL_SPEC_CNT:PACKAGE1 *)
0.9474 s 0.0000 (* Average Power for rapl:::MINIMUM_POWER_CNT:PACKAGE0 *)
0.9474 s 0.0000 (* Average Power for rapl:::MINIMUM_POWER_CNT:PACKAGE1 *)
0.9474 s 0.0000 (* Average Power for rapl:::MAXIMUM_POWER_CNT:PACKAGE0 *)
0.9474 s 0.0000 (* Average Power for rapl:::MAXIMUM_POWER_CNT:PACKAGE1 *)
0.9474 s 0.0000 (* Average Power for rapl:::MAXIMUM_TIME_WINDOW_CNT:PACKAGE0 *)
0.9474 s 0.0000 (* Average Power for rapl:::MAXIMUM_TIME_WINDOW_CNT:PACKAGE1 *)
0.9474 s 0.0018 (* Average Power for rapl:::PACKAGE_ENERGY_CNT:PACKAGE0 *)
0.9474 s 0.0018 (* Average Power for rapl:::PACKAGE_ENERGY_CNT:PACKAGE1 *)
0.9474 s 0.0009 (* Average Power for rapl:::DRAM_ENERGY_CNT:PACKAGE0 *)
0.9474 s 0.0011 (* Average Power for rapl:::DRAM_ENERGY_CNT:PACKAGE1 *)
0.9474 s 0.0000 (* Average Power for rapl:::PP0_ENERGY_CNT:PACKAGE0 *)
0.9474 s 0.0000 (* Average Power for rapl:::PP0_ENERGY_CNT:PACKAGE1 *)
0.9474 s 4896925979.6289 (* Average Power for rapl:::THERMAL_SPEC:PACKAGE0 *)
0.9474 s 4896925979.6289 (* Average Power for rapl:::THERMAL_SPEC:PACKAGE1 *)
0.9474 s 4891912328.4215 (* Average Power for rapl:::MINIMUM_POWER:PACKAGE0 *)
0.9474 s 4891912328.4215 (* Average Power for rapl:::MINIMUM_POWER:PACKAGE1 *)
0.9474 s 4901679663.7366 (* Average Power for rapl:::MAXIMUM_POWER:PACKAGE0 *)
0.9474 s 4901679663.7366 (* Average Power for rapl:::MAXIMUM_POWER:PACKAGE1 *)
0.9474 s 4841478711.0911 (* Average Power for rapl:::MAXIMUM_TIME_WINDOW:PACKAGE0 *)
0.9474 s 4841478711.0911 (* Average Power for rapl:::MAXIMUM_TIME_WINDOW:PACKAGE1 *)
0.9474 s 101.3635 (* Total Energy for rapl:::PACKAGE_ENERGY:PACKAGE0 *)
0.9474 s 106.9922 (* Average Power for rapl:::PACKAGE_ENERGY:PACKAGE0 *)
0.9474 s 106.2410 (* Total Energy for rapl:::PACKAGE_ENERGY:PACKAGE1 *)
0.9474 s 112.1405 (* Average Power for rapl:::PACKAGE_ENERGY:PACKAGE1 *)
0.9474 s 14.1808 (* Average Power for rapl:::DRAM_ENERGY:PACKAGE0 *)
0.9474 s 16.5832 (* Average Power for rapl:::DRAM_ENERGY:PACKAGE1 *)
0.9474 s 0.0000 (* Average Power for rapl:::PP0_ENERGY:PACKAGE0 *)
0.9474 s 0.0000 (* Average Power for rapl:::PP0_ENERGY:PACKAGE1 *)
Time for Deletion  0.947359 
Total Time for Updating at Batch 1 is 1.527753 
Total Time for Updating Rooted Tree at iter 1 is 2.122251 with Rewire:0
Total Time for Updating  3.654631 
Time Taken for Initializing Memory 0.389071 
Highest Edge Value 10 --
Total Time for Reading Remainder Edges 78.942431 
Total Time for Reading Certificate Network 18.771796 
Total Time for Reading Update List 0.428584 
==Update Starts =======
Total Time for Initial Tree Creation  8.579872 
Found rapl component at cid 2
Found: rapl:::THERMAL_SPEC_CNT:PACKAGE0
Found: rapl:::THERMAL_SPEC_CNT:PACKAGE1
Found: rapl:::MINIMUM_POWER_CNT:PACKAGE0
Found: rapl:::MINIMUM_POWER_CNT:PACKAGE1
Found: rapl:::MAXIMUM_POWER_CNT:PACKAGE0
Found: rapl:::MAXIMUM_POWER_CNT:PACKAGE1
Found: rapl:::MAXIMUM_TIME_WINDOW_CNT:PACKAGE0
Found: rapl:::MAXIMUM_TIME_WINDOW_CNT:PACKAGE1
Found: rapl:::PACKAGE_ENERGY_CNT:PACKAGE0
Found: rapl:::PACKAGE_ENERGY_CNT:PACKAGE1
Found: rapl:::DRAM_ENERGY_CNT:PACKAGE0
Found: rapl:::DRAM_ENERGY_CNT:PACKAGE1
Found: rapl:::PP0_ENERGY_CNT:PACKAGE0
Found: rapl:::PP0_ENERGY_CNT:PACKAGE1
Found: rapl:::THERMAL_SPEC:PACKAGE0
Found: rapl:::THERMAL_SPEC:PACKAGE1
Found: rapl:::MINIMUM_POWER:PACKAGE0
Found: rapl:::MINIMUM_POWER:PACKAGE1
Found: rapl:::MAXIMUM_POWER:PACKAGE0
Found: rapl:::MAXIMUM_POWER:PACKAGE1
Found: rapl:::MAXIMUM_TIME_WINDOW:PACKAGE0
Found: rapl:::MAXIMUM_TIME_WINDOW:PACKAGE1
Found: rapl:::PACKAGE_ENERGY:PACKAGE0
Found: rapl:::PACKAGE_ENERGY:PACKAGE1
Found: rapl:::DRAM_ENERGY:PACKAGE0
Found: rapl:::DRAM_ENERGY:PACKAGE1
Found: rapl:::PP0_ENERGY:PACKAGE0
Found: rapl:::PP0_ENERGY:PACKAGE1
Starting Classify and Insert
Classify 999999 999999  
Deleted Edges: 30804 
Processed Inserts: 160296
 Unprocessed Inserts: 199
 0.5015 s 0.0000 (* Average Power for rapl:::THERMAL_SPEC_CNT:PACKAGE0 *)
0.5015 s 0.0000 (* Average Power for rapl:::THERMAL_SPEC_CNT:PACKAGE1 *)
0.5015 s 0.0000 (* Average Power for rapl:::MINIMUM_POWER_CNT:PACKAGE0 *)
0.5015 s 0.0000 (* Average Power for rapl:::MINIMUM_POWER_CNT:PACKAGE1 *)
0.5015 s 0.0000 (* Average Power for rapl:::MAXIMUM_POWER_CNT:PACKAGE0 *)
0.5015 s 0.0000 (* Average Power for rapl:::MAXIMUM_POWER_CNT:PACKAGE1 *)
0.5015 s 0.0000 (* Average Power for rapl:::MAXIMUM_TIME_WINDOW_CNT:PACKAGE0 *)
0.5015 s 0.0000 (* Average Power for rapl:::MAXIMUM_TIME_WINDOW_CNT:PACKAGE1 *)
0.5015 s 0.0009 (* Average Power for rapl:::PACKAGE_ENERGY_CNT:PACKAGE0 *)
0.5015 s 0.0012 (* Average Power for rapl:::PACKAGE_ENERGY_CNT:PACKAGE1 *)
0.5015 s 0.0009 (* Average Power for rapl:::DRAM_ENERGY_CNT:PACKAGE0 *)
0.5015 s 0.0010 (* Average Power for rapl:::DRAM_ENERGY_CNT:PACKAGE1 *)
0.5015 s 0.0000 (* Average Power for rapl:::PP0_ENERGY_CNT:PACKAGE0 *)
0.5015 s 0.0000 (* Average Power for rapl:::PP0_ENERGY_CNT:PACKAGE1 *)
0.5015 s 9250087063.0584 (* Average Power for rapl:::THERMAL_SPEC:PACKAGE0 *)
0.5015 s 9250087063.0584 (* Average Power for rapl:::THERMAL_SPEC:PACKAGE1 *)
0.5015 s 9240616486.9531 (* Average Power for rapl:::MINIMUM_POWER:PACKAGE0 *)
0.5015 s 9240616486.9531 (* Average Power for rapl:::MINIMUM_POWER:PACKAGE1 *)
0.5015 s 9259066572.2545 (* Average Power for rapl:::MAXIMUM_POWER:PACKAGE0 *)
0.5015 s 9259066572.2545 (* Average Power for rapl:::MAXIMUM_POWER:PACKAGE1 *)
0.5015 s 9145349506.5757 (* Average Power for rapl:::MAXIMUM_TIME_WINDOW:PACKAGE0 *)
0.5015 s 9145349506.5757 (* Average Power for rapl:::MAXIMUM_TIME_WINDOW:PACKAGE1 *)
0.5015 s 27.6888 (* Total Energy for rapl:::PACKAGE_ENERGY:PACKAGE0 *)
0.5015 s 55.2073 (* Average Power for rapl:::PACKAGE_ENERGY:PACKAGE0 *)
0.5015 s 37.3319 (* Total Energy for rapl:::PACKAGE_ENERGY:PACKAGE1 *)
0.5015 s 74.4343 (* Average Power for rapl:::PACKAGE_ENERGY:PACKAGE1 *)
0.5015 s 13.0620 (* Average Power for rapl:::DRAM_ENERGY:PACKAGE0 *)
0.5015 s 15.6334 (* Average Power for rapl:::DRAM_ENERGY:PACKAGE1 *)
0.5015 s 0.0000 (* Average Power for rapl:::PP0_ENERGY:PACKAGE0 *)
0.5015 s 0.0000 (* Average Power for rapl:::PP0_ENERGY:PACKAGE1 *)
Time for Classify and insert  0.501485 
Found rapl component at cid 2
Found: rapl:::THERMAL_SPEC_CNT:PACKAGE0
Found: rapl:::THERMAL_SPEC_CNT:PACKAGE1
Found: rapl:::MINIMUM_POWER_CNT:PACKAGE0
Found: rapl:::MINIMUM_POWER_CNT:PACKAGE1
Found: rapl:::MAXIMUM_POWER_CNT:PACKAGE0
Found: rapl:::MAXIMUM_POWER_CNT:PACKAGE1
Found: rapl:::MAXIMUM_TIME_WINDOW_CNT:PACKAGE0
Found: rapl:::MAXIMUM_TIME_WINDOW_CNT:PACKAGE1
Found: rapl:::PACKAGE_ENERGY_CNT:PACKAGE0
Found: rapl:::PACKAGE_ENERGY_CNT:PACKAGE1
Found: rapl:::DRAM_ENERGY_CNT:PACKAGE0
Found: rapl:::DRAM_ENERGY_CNT:PACKAGE1
Found: rapl:::PP0_ENERGY_CNT:PACKAGE0
Found: rapl:::PP0_ENERGY_CNT:PACKAGE1
Found: rapl:::THERMAL_SPEC:PACKAGE0
Found: rapl:::THERMAL_SPEC:PACKAGE1
Found: rapl:::MINIMUM_POWER:PACKAGE0
Found: rapl:::MINIMUM_POWER:PACKAGE1
Found: rapl:::MAXIMUM_POWER:PACKAGE0
Found: rapl:::MAXIMUM_POWER:PACKAGE1
Found: rapl:::MAXIMUM_TIME_WINDOW:PACKAGE0
Found: rapl:::MAXIMUM_TIME_WINDOW:PACKAGE1
Found: rapl:::PACKAGE_ENERGY:PACKAGE0
Found: rapl:::PACKAGE_ENERGY:PACKAGE1
Found: rapl:::DRAM_ENERGY:PACKAGE0
Found: rapl:::DRAM_ENERGY:PACKAGE1
Found: rapl:::PP0_ENERGY:PACKAGE0
Found: rapl:::PP0_ENERGY:PACKAGE1
Starting process_deletions
0.9500 s 0.0000 (* Average Power for rapl:::THERMAL_SPEC_CNT:PACKAGE0 *)
0.9500 s 0.0000 (* Average Power for rapl:::THERMAL_SPEC_CNT:PACKAGE1 *)
0.9500 s 0.0000 (* Average Power for rapl:::MINIMUM_POWER_CNT:PACKAGE0 *)
0.9500 s 0.0000 (* Average Power for rapl:::MINIMUM_POWER_CNT:PACKAGE1 *)
0.9500 s 0.0000 (* Average Power for rapl:::MAXIMUM_POWER_CNT:PACKAGE0 *)
0.9500 s 0.0000 (* Average Power for rapl:::MAXIMUM_POWER_CNT:PACKAGE1 *)
0.9500 s 0.0000 (* Average Power for rapl:::MAXIMUM_TIME_WINDOW_CNT:PACKAGE0 *)
0.9500 s 0.0000 (* Average Power for rapl:::MAXIMUM_TIME_WINDOW_CNT:PACKAGE1 *)
0.9500 s 0.0018 (* Average Power for rapl:::PACKAGE_ENERGY_CNT:PACKAGE0 *)
0.9500 s 0.0018 (* Average Power for rapl:::PACKAGE_ENERGY_CNT:PACKAGE1 *)
0.9500 s 0.0009 (* Average Power for rapl:::DRAM_ENERGY_CNT:PACKAGE0 *)
0.9500 s 0.0011 (* Average Power for rapl:::DRAM_ENERGY_CNT:PACKAGE1 *)
0.9500 s 0.0000 (* Average Power for rapl:::PP0_ENERGY_CNT:PACKAGE0 *)
0.9500 s 0.0000 (* Average Power for rapl:::PP0_ENERGY_CNT:PACKAGE1 *)
0.9500 s 4883639596.9028 (* Average Power for rapl:::THERMAL_SPEC:PACKAGE0 *)
0.9500 s 4883639596.9028 (* Average Power for rapl:::THERMAL_SPEC:PACKAGE1 *)
0.9500 s 4878639548.7781 (* Average Power for rapl:::MINIMUM_POWER:PACKAGE0 *)
0.9500 s 4878639548.7781 (* Average Power for rapl:::MINIMUM_POWER:PACKAGE1 *)
0.9500 s 4888380383.2729 (* Average Power for rapl:::MAXIMUM_POWER:PACKAGE0 *)
0.9500 s 4888380383.2729 (* Average Power for rapl:::MAXIMUM_POWER:PACKAGE1 *)
0.9500 s 4828342768.3827 (* Average Power for rapl:::MAXIMUM_TIME_WINDOW:PACKAGE0 *)
0.9500 s 4828342768.3827 (* Average Power for rapl:::MAXIMUM_TIME_WINDOW:PACKAGE1 *)
0.9500 s 101.9197 (* Total Energy for rapl:::PACKAGE_ENERGY:PACKAGE0 *)
0.9500 s 107.2874 (* Average Power for rapl:::PACKAGE_ENERGY:PACKAGE0 *)
0.9500 s 106.2543 (* Total Energy for rapl:::PACKAGE_ENERGY:PACKAGE1 *)
0.9500 s 111.8503 (* Average Power for rapl:::PACKAGE_ENERGY:PACKAGE1 *)
0.9500 s 14.4593 (* Average Power for rapl:::DRAM_ENERGY:PACKAGE0 *)
0.9500 s 16.3116 (* Average Power for rapl:::DRAM_ENERGY:PACKAGE1 *)
0.9500 s 0.0000 (* Average Power for rapl:::PP0_ENERGY:PACKAGE0 *)
0.9500 s 0.0000 (* Average Power for rapl:::PP0_ENERGY:PACKAGE1 *)
Time for Deletion  0.949939 
Total Time for Updating at Batch 1 is 1.544914 
Total Time for Updating Rooted Tree at iter 1 is 2.026162 with Rewire:0
Total Time for Updating  3.575736 
