Time Taken for Initializing Memory 0.358454 
Highest Edge Value 10 --
Total Time for Reading Remainder Edges 78.973085 
Total Time for Reading Certificate Network 18.776481 
Total Time for Reading Update List 0.419871 
==Update Starts =======
Total Time for Initial Tree Creation  8.462941 
Found rapl component at cid 2
Found: rapl:::THERMAL_SPEC_CNT:PACKAGE0
Found: rapl:::THERMAL_SPEC_CNT:PACKAGE1
Found: rapl:::MINIMUM_POWER_CNT:PACKAGE0
Found: rapl:::MINIMUM_POWER_CNT:PACKAGE1
Found: rapl:::MAXIMUM_POWER_CNT:PACKAGE0
Found: rapl:::MAXIMUM_POWER_CNT:PACKAGE1
Found: rapl:::MAXIMUM_TIME_WINDOW_CNT:PACKAGE0
Found: rapl:::MAXIMUM_TIME_WINDOW_CNT:PACKAGE1
Found: rapl:::PACKAGE_ENERGY_CNT:PACKAGE0
Found: rapl:::PACKAGE_ENERGY_CNT:PACKAGE1
Found: rapl:::DRAM_ENERGY_CNT:PACKAGE0
Found: rapl:::DRAM_ENERGY_CNT:PACKAGE1
Found: rapl:::PP0_ENERGY_CNT:PACKAGE0
Found: rapl:::PP0_ENERGY_CNT:PACKAGE1
Found: rapl:::THERMAL_SPEC:PACKAGE0
Found: rapl:::THERMAL_SPEC:PACKAGE1
Found: rapl:::MINIMUM_POWER:PACKAGE0
Found: rapl:::MINIMUM_POWER:PACKAGE1
Found: rapl:::MAXIMUM_POWER:PACKAGE0
Found: rapl:::MAXIMUM_POWER:PACKAGE1
Found: rapl:::MAXIMUM_TIME_WINDOW:PACKAGE0
Found: rapl:::MAXIMUM_TIME_WINDOW:PACKAGE1
Found: rapl:::PACKAGE_ENERGY:PACKAGE0
Found: rapl:::PACKAGE_ENERGY:PACKAGE1
Found: rapl:::DRAM_ENERGY:PACKAGE0
Found: rapl:::DRAM_ENERGY:PACKAGE1
Found: rapl:::PP0_ENERGY:PACKAGE0
Found: rapl:::PP0_ENERGY:PACKAGE1
Starting Classify and Insert
Classify 999999 999999  
Deleted Edges: 0 
Processed Inserts: 211125
 Unprocessed Inserts: 349
 0.5177 s 0.0000 (* Average Power for rapl:::THERMAL_SPEC_CNT:PACKAGE0 *)
0.5177 s 0.0000 (* Average Power for rapl:::THERMAL_SPEC_CNT:PACKAGE1 *)
0.5177 s 0.0000 (* Average Power for rapl:::MINIMUM_POWER_CNT:PACKAGE0 *)
0.5177 s 0.0000 (* Average Power for rapl:::MINIMUM_POWER_CNT:PACKAGE1 *)
0.5177 s 0.0000 (* Average Power for rapl:::MAXIMUM_POWER_CNT:PACKAGE0 *)
0.5177 s 0.0000 (* Average Power for rapl:::MAXIMUM_POWER_CNT:PACKAGE1 *)
0.5177 s 0.0000 (* Average Power for rapl:::MAXIMUM_TIME_WINDOW_CNT:PACKAGE0 *)
0.5177 s 0.0000 (* Average Power for rapl:::MAXIMUM_TIME_WINDOW_CNT:PACKAGE1 *)
0.5177 s 0.0011 (* Average Power for rapl:::PACKAGE_ENERGY_CNT:PACKAGE0 *)
0.5177 s 0.0013 (* Average Power for rapl:::PACKAGE_ENERGY_CNT:PACKAGE1 *)
0.5177 s 0.0009 (* Average Power for rapl:::DRAM_ENERGY_CNT:PACKAGE0 *)
0.5177 s 0.0010 (* Average Power for rapl:::DRAM_ENERGY_CNT:PACKAGE1 *)
0.5177 s 0.0000 (* Average Power for rapl:::PP0_ENERGY_CNT:PACKAGE0 *)
0.5177 s 0.0000 (* Average Power for rapl:::PP0_ENERGY_CNT:PACKAGE1 *)
0.5177 s 8961288199.5411 (* Average Power for rapl:::THERMAL_SPEC:PACKAGE0 *)
0.5177 s 8961288199.5411 (* Average Power for rapl:::THERMAL_SPEC:PACKAGE1 *)
0.5177 s 8952113306.2329 (* Average Power for rapl:::MINIMUM_POWER:PACKAGE0 *)
0.5177 s 8952113306.2329 (* Average Power for rapl:::MINIMUM_POWER:PACKAGE1 *)
0.5177 s 8969987357.6407 (* Average Power for rapl:::MAXIMUM_POWER:PACKAGE0 *)
0.5177 s 8969987357.6407 (* Average Power for rapl:::MAXIMUM_POWER:PACKAGE1 *)
0.5177 s 8859820675.7698 (* Average Power for rapl:::MAXIMUM_TIME_WINDOW:PACKAGE0 *)
0.5177 s 8859820675.7698 (* Average Power for rapl:::MAXIMUM_TIME_WINDOW:PACKAGE1 *)
0.5177 s 35.5511 (* Total Energy for rapl:::PACKAGE_ENERGY:PACKAGE0 *)
0.5177 s 68.6705 (* Average Power for rapl:::PACKAGE_ENERGY:PACKAGE0 *)
0.5177 s 40.5583 (* Total Energy for rapl:::PACKAGE_ENERGY:PACKAGE1 *)
0.5177 s 78.3424 (* Average Power for rapl:::PACKAGE_ENERGY:PACKAGE1 *)
0.5177 s 14.3141 (* Average Power for rapl:::DRAM_ENERGY:PACKAGE0 *)
0.5177 s 15.8043 (* Average Power for rapl:::DRAM_ENERGY:PACKAGE1 *)
0.5177 s 0.0000 (* Average Power for rapl:::PP0_ENERGY:PACKAGE0 *)
0.5177 s 0.0000 (* Average Power for rapl:::PP0_ENERGY:PACKAGE1 *)
Time for Classify and insert  0.517642 
Found rapl component at cid 2
Found: rapl:::THERMAL_SPEC_CNT:PACKAGE0
Found: rapl:::THERMAL_SPEC_CNT:PACKAGE1
Found: rapl:::MINIMUM_POWER_CNT:PACKAGE0
Found: rapl:::MINIMUM_POWER_CNT:PACKAGE1
Found: rapl:::MAXIMUM_POWER_CNT:PACKAGE0
Found: rapl:::MAXIMUM_POWER_CNT:PACKAGE1
Found: rapl:::MAXIMUM_TIME_WINDOW_CNT:PACKAGE0
Found: rapl:::MAXIMUM_TIME_WINDOW_CNT:PACKAGE1
Found: rapl:::PACKAGE_ENERGY_CNT:PACKAGE0
Found: rapl:::PACKAGE_ENERGY_CNT:PACKAGE1
Found: rapl:::DRAM_ENERGY_CNT:PACKAGE0
Found: rapl:::DRAM_ENERGY_CNT:PACKAGE1
Found: rapl:::PP0_ENERGY_CNT:PACKAGE0
Found: rapl:::PP0_ENERGY_CNT:PACKAGE1
Found: rapl:::THERMAL_SPEC:PACKAGE0
Found: rapl:::THERMAL_SPEC:PACKAGE1
Found: rapl:::MINIMUM_POWER:PACKAGE0
Found: rapl:::MINIMUM_POWER:PACKAGE1
Found: rapl:::MAXIMUM_POWER:PACKAGE0
Found: rapl:::MAXIMUM_POWER:PACKAGE1
Found: rapl:::MAXIMUM_TIME_WINDOW:PACKAGE0
Found: rapl:::MAXIMUM_TIME_WINDOW:PACKAGE1
Found: rapl:::PACKAGE_ENERGY:PACKAGE0
Found: rapl:::PACKAGE_ENERGY:PACKAGE1
Found: rapl:::DRAM_ENERGY:PACKAGE0
Found: rapl:::DRAM_ENERGY:PACKAGE1
Found: rapl:::PP0_ENERGY:PACKAGE0
Found: rapl:::PP0_ENERGY:PACKAGE1
Starting process_deletions
0.0000 s 0.0233 (* Average Power for rapl:::THERMAL_SPEC_CNT:PACKAGE0 *)
0.0000 s 0.0233 (* Average Power for rapl:::THERMAL_SPEC_CNT:PACKAGE1 *)
0.0000 s 0.0111 (* Average Power for rapl:::MINIMUM_POWER_CNT:PACKAGE0 *)
0.0000 s 0.0111 (* Average Power for rapl:::MINIMUM_POWER_CNT:PACKAGE1 *)
0.0000 s 0.0465 (* Average Power for rapl:::MAXIMUM_POWER_CNT:PACKAGE0 *)
0.0000 s 0.0465 (* Average Power for rapl:::MAXIMUM_POWER_CNT:PACKAGE1 *)
0.0000 s 0.0009 (* Average Power for rapl:::MAXIMUM_TIME_WINDOW_CNT:PACKAGE0 *)
0.0000 s 0.0009 (* Average Power for rapl:::MAXIMUM_TIME_WINDOW_CNT:PACKAGE1 *)
0.0000 s 0.0000 (* Average Power for rapl:::PACKAGE_ENERGY_CNT:PACKAGE0 *)
0.0000 s 0.0000 (* Average Power for rapl:::PACKAGE_ENERGY_CNT:PACKAGE1 *)
0.0000 s 0.0000 (* Average Power for rapl:::DRAM_ENERGY_CNT:PACKAGE0 *)
0.0000 s 0.0000 (* Average Power for rapl:::DRAM_ENERGY_CNT:PACKAGE1 *)
0.0000 s 0.0000 (* Average Power for rapl:::PP0_ENERGY_CNT:PACKAGE0 *)
0.0000 s 0.0000 (* Average Power for rapl:::PP0_ENERGY_CNT:PACKAGE1 *)
0.0000 s 93080248595905.4844 (* Average Power for rapl:::THERMAL_SPEC:PACKAGE0 *)
0.0000 s 93080248595905.4844 (* Average Power for rapl:::THERMAL_SPEC:PACKAGE1 *)
0.0000 s 92984949646585.7812 (* Average Power for rapl:::MINIMUM_POWER:PACKAGE0 *)
0.0000 s 92984949646585.7812 (* Average Power for rapl:::MINIMUM_POWER:PACKAGE1 *)
0.0000 s 93170606118223.4062 (* Average Power for rapl:::MAXIMUM_POWER:PACKAGE0 *)
0.0000 s 93170606118223.4062 (* Average Power for rapl:::MAXIMUM_POWER:PACKAGE1 *)
0.0000 s 92026312808243.9531 (* Average Power for rapl:::MAXIMUM_TIME_WINDOW:PACKAGE0 *)
0.0000 s 92026312808243.9531 (* Average Power for rapl:::MAXIMUM_TIME_WINDOW:PACKAGE1 *)
0.0000 s 0.0000 (* Total Energy for rapl:::PACKAGE_ENERGY:PACKAGE0 *)
0.0000 s 0.0000 (* Average Power for rapl:::PACKAGE_ENERGY:PACKAGE0 *)
0.0000 s 0.0000 (* Total Energy for rapl:::PACKAGE_ENERGY:PACKAGE1 *)
0.0000 s 0.0000 (* Average Power for rapl:::PACKAGE_ENERGY:PACKAGE1 *)
0.0000 s 0.0000 (* Average Power for rapl:::DRAM_ENERGY:PACKAGE0 *)
0.0000 s 0.0000 (* Average Power for rapl:::DRAM_ENERGY:PACKAGE1 *)
0.0000 s 0.0000 (* Average Power for rapl:::PP0_ENERGY:PACKAGE0 *)
0.0000 s 0.0000 (* Average Power for rapl:::PP0_ENERGY:PACKAGE1 *)
Time for Deletion  0.000000 
Total Time for Updating at Batch 1 is 0.622268 
Total Time for Updating Rooted Tree at iter 1 is 8.622790 with Rewire:0
Total Time for Updating  9.249821 
Time Taken for Initializing Memory 0.354946 
Highest Edge Value 10 --
Total Time for Reading Remainder Edges 78.864975 
Total Time for Reading Certificate Network 18.771283 
Total Time for Reading Update List 0.419621 
==Update Starts =======
Total Time for Initial Tree Creation  10.449415 
Found rapl component at cid 2
Found: rapl:::THERMAL_SPEC_CNT:PACKAGE0
Found: rapl:::THERMAL_SPEC_CNT:PACKAGE1
Found: rapl:::MINIMUM_POWER_CNT:PACKAGE0
Found: rapl:::MINIMUM_POWER_CNT:PACKAGE1
Found: rapl:::MAXIMUM_POWER_CNT:PACKAGE0
Found: rapl:::MAXIMUM_POWER_CNT:PACKAGE1
Found: rapl:::MAXIMUM_TIME_WINDOW_CNT:PACKAGE0
Found: rapl:::MAXIMUM_TIME_WINDOW_CNT:PACKAGE1
Found: rapl:::PACKAGE_ENERGY_CNT:PACKAGE0
Found: rapl:::PACKAGE_ENERGY_CNT:PACKAGE1
Found: rapl:::DRAM_ENERGY_CNT:PACKAGE0
Found: rapl:::DRAM_ENERGY_CNT:PACKAGE1
Found: rapl:::PP0_ENERGY_CNT:PACKAGE0
Found: rapl:::PP0_ENERGY_CNT:PACKAGE1
Found: rapl:::THERMAL_SPEC:PACKAGE0
Found: rapl:::THERMAL_SPEC:PACKAGE1
Found: rapl:::MINIMUM_POWER:PACKAGE0
Found: rapl:::MINIMUM_POWER:PACKAGE1
Found: rapl:::MAXIMUM_POWER:PACKAGE0
Found: rapl:::MAXIMUM_POWER:PACKAGE1
Found: rapl:::MAXIMUM_TIME_WINDOW:PACKAGE0
Found: rapl:::MAXIMUM_TIME_WINDOW:PACKAGE1
Found: rapl:::PACKAGE_ENERGY:PACKAGE0
Found: rapl:::PACKAGE_ENERGY:PACKAGE1
Found: rapl:::DRAM_ENERGY:PACKAGE0
Found: rapl:::DRAM_ENERGY:PACKAGE1
Found: rapl:::PP0_ENERGY:PACKAGE0
Found: rapl:::PP0_ENERGY:PACKAGE1
Starting Classify and Insert
Classify 999999 999999  
Deleted Edges: 0 
Processed Inserts: 211125
 Unprocessed Inserts: 303
 0.6939 s 0.0000 (* Average Power for rapl:::THERMAL_SPEC_CNT:PACKAGE0 *)
0.6939 s 0.0000 (* Average Power for rapl:::THERMAL_SPEC_CNT:PACKAGE1 *)
0.6939 s 0.0000 (* Average Power for rapl:::MINIMUM_POWER_CNT:PACKAGE0 *)
0.6939 s 0.0000 (* Average Power for rapl:::MINIMUM_POWER_CNT:PACKAGE1 *)
0.6939 s 0.0000 (* Average Power for rapl:::MAXIMUM_POWER_CNT:PACKAGE0 *)
0.6939 s 0.0000 (* Average Power for rapl:::MAXIMUM_POWER_CNT:PACKAGE1 *)
0.6939 s 0.0000 (* Average Power for rapl:::MAXIMUM_TIME_WINDOW_CNT:PACKAGE0 *)
0.6939 s 0.0000 (* Average Power for rapl:::MAXIMUM_TIME_WINDOW_CNT:PACKAGE1 *)
0.6939 s 0.0011 (* Average Power for rapl:::PACKAGE_ENERGY_CNT:PACKAGE0 *)
0.6939 s 0.0014 (* Average Power for rapl:::PACKAGE_ENERGY_CNT:PACKAGE1 *)
0.6939 s 0.0010 (* Average Power for rapl:::DRAM_ENERGY_CNT:PACKAGE0 *)
0.6939 s 0.0010 (* Average Power for rapl:::DRAM_ENERGY_CNT:PACKAGE1 *)
0.6939 s 0.0000 (* Average Power for rapl:::PP0_ENERGY_CNT:PACKAGE0 *)
0.6939 s 0.0000 (* Average Power for rapl:::PP0_ENERGY_CNT:PACKAGE1 *)
0.6939 s 6685546290.6780 (* Average Power for rapl:::THERMAL_SPEC:PACKAGE0 *)
0.6939 s 6685546290.6780 (* Average Power for rapl:::THERMAL_SPEC:PACKAGE1 *)
0.6939 s 6678701384.8388 (* Average Power for rapl:::MINIMUM_POWER:PACKAGE0 *)
0.6939 s 6678701384.8388 (* Average Power for rapl:::MINIMUM_POWER:PACKAGE1 *)
0.6939 s 6692036275.4737 (* Average Power for rapl:::MAXIMUM_POWER:PACKAGE0 *)
0.6939 s 6692036275.4737 (* Average Power for rapl:::MAXIMUM_POWER:PACKAGE1 *)
0.6939 s 6609846702.3969 (* Average Power for rapl:::MAXIMUM_TIME_WINDOW:PACKAGE0 *)
0.6939 s 6609846702.3969 (* Average Power for rapl:::MAXIMUM_TIME_WINDOW:PACKAGE1 *)
0.6939 s 48.5359 (* Total Energy for rapl:::PACKAGE_ENERGY:PACKAGE0 *)
0.6939 s 69.9434 (* Average Power for rapl:::PACKAGE_ENERGY:PACKAGE0 *)
0.6939 s 59.8865 (* Total Energy for rapl:::PACKAGE_ENERGY:PACKAGE1 *)
0.6939 s 86.3004 (* Average Power for rapl:::PACKAGE_ENERGY:PACKAGE1 *)
0.6939 s 14.8953 (* Average Power for rapl:::DRAM_ENERGY:PACKAGE0 *)
0.6939 s 14.9755 (* Average Power for rapl:::DRAM_ENERGY:PACKAGE1 *)
0.6939 s 0.0000 (* Average Power for rapl:::PP0_ENERGY:PACKAGE0 *)
0.6939 s 0.0000 (* Average Power for rapl:::PP0_ENERGY:PACKAGE1 *)
Time for Classify and insert  0.693889 
Found rapl component at cid 2
Found: rapl:::THERMAL_SPEC_CNT:PACKAGE0
Found: rapl:::THERMAL_SPEC_CNT:PACKAGE1
Found: rapl:::MINIMUM_POWER_CNT:PACKAGE0
Found: rapl:::MINIMUM_POWER_CNT:PACKAGE1
Found: rapl:::MAXIMUM_POWER_CNT:PACKAGE0
Found: rapl:::MAXIMUM_POWER_CNT:PACKAGE1
Found: rapl:::MAXIMUM_TIME_WINDOW_CNT:PACKAGE0
Found: rapl:::MAXIMUM_TIME_WINDOW_CNT:PACKAGE1
Found: rapl:::PACKAGE_ENERGY_CNT:PACKAGE0
Found: rapl:::PACKAGE_ENERGY_CNT:PACKAGE1
Found: rapl:::DRAM_ENERGY_CNT:PACKAGE0
Found: rapl:::DRAM_ENERGY_CNT:PACKAGE1
Found: rapl:::PP0_ENERGY_CNT:PACKAGE0
Found: rapl:::PP0_ENERGY_CNT:PACKAGE1
Found: rapl:::THERMAL_SPEC:PACKAGE0
Found: rapl:::THERMAL_SPEC:PACKAGE1
Found: rapl:::MINIMUM_POWER:PACKAGE0
Found: rapl:::MINIMUM_POWER:PACKAGE1
Found: rapl:::MAXIMUM_POWER:PACKAGE0
Found: rapl:::MAXIMUM_POWER:PACKAGE1
Found: rapl:::MAXIMUM_TIME_WINDOW:PACKAGE0
Found: rapl:::MAXIMUM_TIME_WINDOW:PACKAGE1
Found: rapl:::PACKAGE_ENERGY:PACKAGE0
Found: rapl:::PACKAGE_ENERGY:PACKAGE1
Found: rapl:::DRAM_ENERGY:PACKAGE0
Found: rapl:::DRAM_ENERGY:PACKAGE1
Found: rapl:::PP0_ENERGY:PACKAGE0
Found: rapl:::PP0_ENERGY:PACKAGE1
Starting process_deletions
0.0000 s 0.0515 (* Average Power for rapl:::THERMAL_SPEC_CNT:PACKAGE0 *)
0.0000 s 0.0515 (* Average Power for rapl:::THERMAL_SPEC_CNT:PACKAGE1 *)
0.0000 s 0.0245 (* Average Power for rapl:::MINIMUM_POWER_CNT:PACKAGE0 *)
0.0000 s 0.0245 (* Average Power for rapl:::MINIMUM_POWER_CNT:PACKAGE1 *)
0.0000 s 0.1030 (* Average Power for rapl:::MAXIMUM_POWER_CNT:PACKAGE0 *)
0.0000 s 0.1030 (* Average Power for rapl:::MAXIMUM_POWER_CNT:PACKAGE1 *)
0.0000 s 0.0021 (* Average Power for rapl:::MAXIMUM_TIME_WINDOW_CNT:PACKAGE0 *)
0.0000 s 0.0021 (* Average Power for rapl:::MAXIMUM_TIME_WINDOW_CNT:PACKAGE1 *)
0.0000 s 0.0000 (* Average Power for rapl:::PACKAGE_ENERGY_CNT:PACKAGE0 *)
0.0000 s 0.0000 (* Average Power for rapl:::PACKAGE_ENERGY_CNT:PACKAGE1 *)
0.0000 s 0.0000 (* Average Power for rapl:::DRAM_ENERGY_CNT:PACKAGE0 *)
0.0000 s 0.0000 (* Average Power for rapl:::DRAM_ENERGY_CNT:PACKAGE1 *)
0.0000 s 0.0000 (* Average Power for rapl:::PP0_ENERGY_CNT:PACKAGE0 *)
0.0000 s 0.0000 (* Average Power for rapl:::PP0_ENERGY_CNT:PACKAGE1 *)
0.0000 s 205962519445821.1562 (* Average Power for rapl:::THERMAL_SPEC:PACKAGE0 *)
0.0000 s 205962519445821.1562 (* Average Power for rapl:::THERMAL_SPEC:PACKAGE1 *)
0.0000 s 205751647515433.0312 (* Average Power for rapl:::MINIMUM_POWER:PACKAGE0 *)
0.0000 s 205751647515433.0312 (* Average Power for rapl:::MINIMUM_POWER:PACKAGE1 *)
0.0000 s 206162457276115.0625 (* Average Power for rapl:::MAXIMUM_POWER:PACKAGE0 *)
0.0000 s 206162457276115.0625 (* Average Power for rapl:::MAXIMUM_POWER:PACKAGE1 *)
0.0000 s 203630432097158.5000 (* Average Power for rapl:::MAXIMUM_TIME_WINDOW:PACKAGE0 *)
0.0000 s 203630432097158.5000 (* Average Power for rapl:::MAXIMUM_TIME_WINDOW:PACKAGE1 *)
0.0000 s 0.0000 (* Total Energy for rapl:::PACKAGE_ENERGY:PACKAGE0 *)
0.0000 s 0.0000 (* Average Power for rapl:::PACKAGE_ENERGY:PACKAGE0 *)
0.0000 s 0.0000 (* Total Energy for rapl:::PACKAGE_ENERGY:PACKAGE1 *)
0.0000 s 0.0000 (* Average Power for rapl:::PACKAGE_ENERGY:PACKAGE1 *)
0.0000 s 0.0000 (* Average Power for rapl:::DRAM_ENERGY:PACKAGE0 *)
0.0000 s 0.0000 (* Average Power for rapl:::DRAM_ENERGY:PACKAGE1 *)
0.0000 s 0.0000 (* Average Power for rapl:::PP0_ENERGY:PACKAGE0 *)
0.0000 s 0.0000 (* Average Power for rapl:::PP0_ENERGY:PACKAGE1 *)
Time for Deletion  0.000000 
Total Time for Updating at Batch 1 is 0.800484 
Total Time for Updating Rooted Tree at iter 1 is 9.486652 with Rewire:0
Total Time for Updating  10.291552 
Time Taken for Initializing Memory 0.389172 
Highest Edge Value 10 --
Total Time for Reading Remainder Edges 78.996408 
Total Time for Reading Certificate Network 19.239496 
Total Time for Reading Update List 0.432780 
==Update Starts =======
Total Time for Initial Tree Creation  7.946218 
Found rapl component at cid 2
Found: rapl:::THERMAL_SPEC_CNT:PACKAGE0
Found: rapl:::THERMAL_SPEC_CNT:PACKAGE1
Found: rapl:::MINIMUM_POWER_CNT:PACKAGE0
Found: rapl:::MINIMUM_POWER_CNT:PACKAGE1
Found: rapl:::MAXIMUM_POWER_CNT:PACKAGE0
Found: rapl:::MAXIMUM_POWER_CNT:PACKAGE1
Found: rapl:::MAXIMUM_TIME_WINDOW_CNT:PACKAGE0
Found: rapl:::MAXIMUM_TIME_WINDOW_CNT:PACKAGE1
Found: rapl:::PACKAGE_ENERGY_CNT:PACKAGE0
Found: rapl:::PACKAGE_ENERGY_CNT:PACKAGE1
Found: rapl:::DRAM_ENERGY_CNT:PACKAGE0
Found: rapl:::DRAM_ENERGY_CNT:PACKAGE1
Found: rapl:::PP0_ENERGY_CNT:PACKAGE0
Found: rapl:::PP0_ENERGY_CNT:PACKAGE1
Found: rapl:::THERMAL_SPEC:PACKAGE0
Found: rapl:::THERMAL_SPEC:PACKAGE1
Found: rapl:::MINIMUM_POWER:PACKAGE0
Found: rapl:::MINIMUM_POWER:PACKAGE1
Found: rapl:::MAXIMUM_POWER:PACKAGE0
Found: rapl:::MAXIMUM_POWER:PACKAGE1
Found: rapl:::MAXIMUM_TIME_WINDOW:PACKAGE0
Found: rapl:::MAXIMUM_TIME_WINDOW:PACKAGE1
Found: rapl:::PACKAGE_ENERGY:PACKAGE0
Found: rapl:::PACKAGE_ENERGY:PACKAGE1
Found: rapl:::DRAM_ENERGY:PACKAGE0
Found: rapl:::DRAM_ENERGY:PACKAGE1
Found: rapl:::PP0_ENERGY:PACKAGE0
Found: rapl:::PP0_ENERGY:PACKAGE1
Starting Classify and Insert
Classify 999999 999999  
Deleted Edges: 0 
Processed Inserts: 211125
 Unprocessed Inserts: 366
 0.5774 s 0.0000 (* Average Power for rapl:::THERMAL_SPEC_CNT:PACKAGE0 *)
0.5774 s 0.0000 (* Average Power for rapl:::THERMAL_SPEC_CNT:PACKAGE1 *)
0.5774 s 0.0000 (* Average Power for rapl:::MINIMUM_POWER_CNT:PACKAGE0 *)
0.5774 s 0.0000 (* Average Power for rapl:::MINIMUM_POWER_CNT:PACKAGE1 *)
0.5774 s 0.0000 (* Average Power for rapl:::MAXIMUM_POWER_CNT:PACKAGE0 *)
0.5774 s 0.0000 (* Average Power for rapl:::MAXIMUM_POWER_CNT:PACKAGE1 *)
0.5774 s 0.0000 (* Average Power for rapl:::MAXIMUM_TIME_WINDOW_CNT:PACKAGE0 *)
0.5774 s 0.0000 (* Average Power for rapl:::MAXIMUM_TIME_WINDOW_CNT:PACKAGE1 *)
0.5774 s 0.0011 (* Average Power for rapl:::PACKAGE_ENERGY_CNT:PACKAGE0 *)
0.5774 s 0.0014 (* Average Power for rapl:::PACKAGE_ENERGY_CNT:PACKAGE1 *)
0.5774 s 0.0009 (* Average Power for rapl:::DRAM_ENERGY_CNT:PACKAGE0 *)
0.5774 s 0.0010 (* Average Power for rapl:::DRAM_ENERGY_CNT:PACKAGE1 *)
0.5774 s 0.0000 (* Average Power for rapl:::PP0_ENERGY_CNT:PACKAGE0 *)
0.5774 s 0.0000 (* Average Power for rapl:::PP0_ENERGY_CNT:PACKAGE1 *)
0.5774 s 8034991024.5628 (* Average Power for rapl:::THERMAL_SPEC:PACKAGE0 *)
0.5774 s 8034991024.5628 (* Average Power for rapl:::THERMAL_SPEC:PACKAGE1 *)
0.5774 s 8026764508.0463 (* Average Power for rapl:::MINIMUM_POWER:PACKAGE0 *)
0.5774 s 8026764508.0463 (* Average Power for rapl:::MINIMUM_POWER:PACKAGE1 *)
0.5774 s 8042790980.9637 (* Average Power for rapl:::MAXIMUM_POWER:PACKAGE0 *)
0.5774 s 8042790980.9637 (* Average Power for rapl:::MAXIMUM_POWER:PACKAGE1 *)
0.5774 s 7944011845.6063 (* Average Power for rapl:::MAXIMUM_TIME_WINDOW:PACKAGE0 *)
0.5774 s 7944011845.6063 (* Average Power for rapl:::MAXIMUM_TIME_WINDOW:PACKAGE1 *)
0.5774 s 37.7104 (* Total Energy for rapl:::PACKAGE_ENERGY:PACKAGE0 *)
0.5774 s 65.3121 (* Average Power for rapl:::PACKAGE_ENERGY:PACKAGE0 *)
0.5774 s 49.9064 (* Total Energy for rapl:::PACKAGE_ENERGY:PACKAGE1 *)
0.5774 s 86.4348 (* Average Power for rapl:::PACKAGE_ENERGY:PACKAGE1 *)
0.5774 s 14.4302 (* Average Power for rapl:::DRAM_ENERGY:PACKAGE0 *)
0.5774 s 15.6072 (* Average Power for rapl:::DRAM_ENERGY:PACKAGE1 *)
0.5774 s 0.0000 (* Average Power for rapl:::PP0_ENERGY:PACKAGE0 *)
0.5774 s 0.0000 (* Average Power for rapl:::PP0_ENERGY:PACKAGE1 *)
Time for Classify and insert  0.577324 
Found rapl component at cid 2
Found: rapl:::THERMAL_SPEC_CNT:PACKAGE0
Found: rapl:::THERMAL_SPEC_CNT:PACKAGE1
Found: rapl:::MINIMUM_POWER_CNT:PACKAGE0
Found: rapl:::MINIMUM_POWER_CNT:PACKAGE1
Found: rapl:::MAXIMUM_POWER_CNT:PACKAGE0
Found: rapl:::MAXIMUM_POWER_CNT:PACKAGE1
Found: rapl:::MAXIMUM_TIME_WINDOW_CNT:PACKAGE0
Found: rapl:::MAXIMUM_TIME_WINDOW_CNT:PACKAGE1
Found: rapl:::PACKAGE_ENERGY_CNT:PACKAGE0
Found: rapl:::PACKAGE_ENERGY_CNT:PACKAGE1
Found: rapl:::DRAM_ENERGY_CNT:PACKAGE0
Found: rapl:::DRAM_ENERGY_CNT:PACKAGE1
Found: rapl:::PP0_ENERGY_CNT:PACKAGE0
Found: rapl:::PP0_ENERGY_CNT:PACKAGE1
Found: rapl:::THERMAL_SPEC:PACKAGE0
Found: rapl:::THERMAL_SPEC:PACKAGE1
Found: rapl:::MINIMUM_POWER:PACKAGE0
Found: rapl:::MINIMUM_POWER:PACKAGE1
Found: rapl:::MAXIMUM_POWER:PACKAGE0
Found: rapl:::MAXIMUM_POWER:PACKAGE1
Found: rapl:::MAXIMUM_TIME_WINDOW:PACKAGE0
Found: rapl:::MAXIMUM_TIME_WINDOW:PACKAGE1
Found: rapl:::PACKAGE_ENERGY:PACKAGE0
Found: rapl:::PACKAGE_ENERGY:PACKAGE1
Found: rapl:::DRAM_ENERGY:PACKAGE0
Found: rapl:::DRAM_ENERGY:PACKAGE1
Found: rapl:::PP0_ENERGY:PACKAGE0
Found: rapl:::PP0_ENERGY:PACKAGE1
Starting process_deletions
0.0000 s 0.0508 (* Average Power for rapl:::THERMAL_SPEC_CNT:PACKAGE0 *)
0.0000 s 0.0508 (* Average Power for rapl:::THERMAL_SPEC_CNT:PACKAGE1 *)
0.0000 s 0.0242 (* Average Power for rapl:::MINIMUM_POWER_CNT:PACKAGE0 *)
0.0000 s 0.0242 (* Average Power for rapl:::MINIMUM_POWER_CNT:PACKAGE1 *)
0.0000 s 0.1017 (* Average Power for rapl:::MAXIMUM_POWER_CNT:PACKAGE0 *)
0.0000 s 0.1017 (* Average Power for rapl:::MAXIMUM_POWER_CNT:PACKAGE1 *)
0.0000 s 0.0021 (* Average Power for rapl:::MAXIMUM_TIME_WINDOW_CNT:PACKAGE0 *)
0.0000 s 0.0021 (* Average Power for rapl:::MAXIMUM_TIME_WINDOW_CNT:PACKAGE1 *)
0.0000 s 0.0000 (* Average Power for rapl:::PACKAGE_ENERGY_CNT:PACKAGE0 *)
0.0000 s 0.0000 (* Average Power for rapl:::PACKAGE_ENERGY_CNT:PACKAGE1 *)
0.0000 s 0.0000 (* Average Power for rapl:::DRAM_ENERGY_CNT:PACKAGE0 *)
0.0000 s 0.0000 (* Average Power for rapl:::DRAM_ENERGY_CNT:PACKAGE1 *)
0.0000 s 0.0000 (* Average Power for rapl:::PP0_ENERGY_CNT:PACKAGE0 *)
0.0000 s 0.0000 (* Average Power for rapl:::PP0_ENERGY_CNT:PACKAGE1 *)
0.0000 s 203353456233765.3125 (* Average Power for rapl:::THERMAL_SPEC:PACKAGE0 *)
0.0000 s 203353456233765.3125 (* Average Power for rapl:::THERMAL_SPEC:PACKAGE1 *)
0.0000 s 203145255557338.8750 (* Average Power for rapl:::MINIMUM_POWER:PACKAGE0 *)
0.0000 s 203145255557338.8750 (* Average Power for rapl:::MINIMUM_POWER:PACKAGE1 *)
0.0000 s 203550861319562.1875 (* Average Power for rapl:::MAXIMUM_POWER:PACKAGE0 *)
0.0000 s 203550861319562.1875 (* Average Power for rapl:::MAXIMUM_POWER:PACKAGE1 *)
0.0000 s 201050910975212.3750 (* Average Power for rapl:::MAXIMUM_TIME_WINDOW:PACKAGE0 *)
0.0000 s 201050910975212.3750 (* Average Power for rapl:::MAXIMUM_TIME_WINDOW:PACKAGE1 *)
0.0000 s 0.0000 (* Total Energy for rapl:::PACKAGE_ENERGY:PACKAGE0 *)
0.0000 s 0.0000 (* Average Power for rapl:::PACKAGE_ENERGY:PACKAGE0 *)
0.0000 s 0.0000 (* Total Energy for rapl:::PACKAGE_ENERGY:PACKAGE1 *)
0.0000 s 0.0000 (* Average Power for rapl:::PACKAGE_ENERGY:PACKAGE1 *)
0.0000 s 0.0000 (* Average Power for rapl:::DRAM_ENERGY:PACKAGE0 *)
0.0000 s 0.0000 (* Average Power for rapl:::DRAM_ENERGY:PACKAGE1 *)
0.0000 s 0.0000 (* Average Power for rapl:::PP0_ENERGY:PACKAGE0 *)
0.0000 s 0.0000 (* Average Power for rapl:::PP0_ENERGY:PACKAGE1 *)
Time for Deletion  0.000000 
Total Time for Updating at Batch 1 is 0.669227 
Total Time for Updating Rooted Tree at iter 1 is 9.784276 with Rewire:0
Total Time for Updating  10.457470 
Time Taken for Initializing Memory 0.357464 
Highest Edge Value 10 --
Total Time for Reading Remainder Edges 78.863944 
Total Time for Reading Certificate Network 18.863365 
Total Time for Reading Update List 0.419843 
==Update Starts =======
Total Time for Initial Tree Creation  7.792227 
Found rapl component at cid 2
Found: rapl:::THERMAL_SPEC_CNT:PACKAGE0
Found: rapl:::THERMAL_SPEC_CNT:PACKAGE1
Found: rapl:::MINIMUM_POWER_CNT:PACKAGE0
Found: rapl:::MINIMUM_POWER_CNT:PACKAGE1
Found: rapl:::MAXIMUM_POWER_CNT:PACKAGE0
Found: rapl:::MAXIMUM_POWER_CNT:PACKAGE1
Found: rapl:::MAXIMUM_TIME_WINDOW_CNT:PACKAGE0
Found: rapl:::MAXIMUM_TIME_WINDOW_CNT:PACKAGE1
Found: rapl:::PACKAGE_ENERGY_CNT:PACKAGE0
Found: rapl:::PACKAGE_ENERGY_CNT:PACKAGE1
Found: rapl:::DRAM_ENERGY_CNT:PACKAGE0
Found: rapl:::DRAM_ENERGY_CNT:PACKAGE1
Found: rapl:::PP0_ENERGY_CNT:PACKAGE0
Found: rapl:::PP0_ENERGY_CNT:PACKAGE1
Found: rapl:::THERMAL_SPEC:PACKAGE0
Found: rapl:::THERMAL_SPEC:PACKAGE1
Found: rapl:::MINIMUM_POWER:PACKAGE0
Found: rapl:::MINIMUM_POWER:PACKAGE1
Found: rapl:::MAXIMUM_POWER:PACKAGE0
Found: rapl:::MAXIMUM_POWER:PACKAGE1
Found: rapl:::MAXIMUM_TIME_WINDOW:PACKAGE0
Found: rapl:::MAXIMUM_TIME_WINDOW:PACKAGE1
Found: rapl:::PACKAGE_ENERGY:PACKAGE0
Found: rapl:::PACKAGE_ENERGY:PACKAGE1
Found: rapl:::DRAM_ENERGY:PACKAGE0
Found: rapl:::DRAM_ENERGY:PACKAGE1
Found: rapl:::PP0_ENERGY:PACKAGE0
Found: rapl:::PP0_ENERGY:PACKAGE1
Starting Classify and Insert
Classify 999999 999999  
Deleted Edges: 0 
Processed Inserts: 211125
 Unprocessed Inserts: 382
 0.5359 s 0.0000 (* Average Power for rapl:::THERMAL_SPEC_CNT:PACKAGE0 *)
0.5359 s 0.0000 (* Average Power for rapl:::THERMAL_SPEC_CNT:PACKAGE1 *)
0.5359 s 0.0000 (* Average Power for rapl:::MINIMUM_POWER_CNT:PACKAGE0 *)
0.5359 s 0.0000 (* Average Power for rapl:::MINIMUM_POWER_CNT:PACKAGE1 *)
0.5359 s 0.0000 (* Average Power for rapl:::MAXIMUM_POWER_CNT:PACKAGE0 *)
0.5359 s 0.0000 (* Average Power for rapl:::MAXIMUM_POWER_CNT:PACKAGE1 *)
0.5359 s 0.0000 (* Average Power for rapl:::MAXIMUM_TIME_WINDOW_CNT:PACKAGE0 *)
0.5359 s 0.0000 (* Average Power for rapl:::MAXIMUM_TIME_WINDOW_CNT:PACKAGE1 *)
0.5359 s 0.0007 (* Average Power for rapl:::PACKAGE_ENERGY_CNT:PACKAGE0 *)
0.5359 s 0.0013 (* Average Power for rapl:::PACKAGE_ENERGY_CNT:PACKAGE1 *)
0.5359 s 0.0009 (* Average Power for rapl:::DRAM_ENERGY_CNT:PACKAGE0 *)
0.5359 s 0.0010 (* Average Power for rapl:::DRAM_ENERGY_CNT:PACKAGE1 *)
0.5359 s 0.0000 (* Average Power for rapl:::PP0_ENERGY_CNT:PACKAGE0 *)
0.5359 s 0.0000 (* Average Power for rapl:::PP0_ENERGY_CNT:PACKAGE1 *)
0.5359 s 8656373409.7129 (* Average Power for rapl:::THERMAL_SPEC:PACKAGE0 *)
0.5359 s 8656373409.7129 (* Average Power for rapl:::THERMAL_SPEC:PACKAGE1 *)
0.5359 s 8647510699.2742 (* Average Power for rapl:::MINIMUM_POWER:PACKAGE0 *)
0.5359 s 8647510699.2742 (* Average Power for rapl:::MINIMUM_POWER:PACKAGE1 *)
0.5359 s 8664776572.2029 (* Average Power for rapl:::MAXIMUM_POWER:PACKAGE0 *)
0.5359 s 8664776572.2029 (* Average Power for rapl:::MAXIMUM_POWER:PACKAGE1 *)
0.5359 s 8558358397.2319 (* Average Power for rapl:::MAXIMUM_TIME_WINDOW:PACKAGE0 *)
0.5359 s 8558358397.2319 (* Average Power for rapl:::MAXIMUM_TIME_WINDOW:PACKAGE1 *)
0.5359 s 23.6642 (* Total Energy for rapl:::PACKAGE_ENERGY:PACKAGE0 *)
0.5359 s 44.1545 (* Average Power for rapl:::PACKAGE_ENERGY:PACKAGE0 *)
0.5359 s 42.7358 (* Total Energy for rapl:::PACKAGE_ENERGY:PACKAGE1 *)
0.5359 s 79.7398 (* Average Power for rapl:::PACKAGE_ENERGY:PACKAGE1 *)
0.5359 s 14.3573 (* Average Power for rapl:::DRAM_ENERGY:PACKAGE0 *)
0.5359 s 15.8185 (* Average Power for rapl:::DRAM_ENERGY:PACKAGE1 *)
0.5359 s 0.0000 (* Average Power for rapl:::PP0_ENERGY:PACKAGE0 *)
0.5359 s 0.0000 (* Average Power for rapl:::PP0_ENERGY:PACKAGE1 *)
Time for Classify and insert  0.535870 
Found rapl component at cid 2
Found: rapl:::THERMAL_SPEC_CNT:PACKAGE0
Found: rapl:::THERMAL_SPEC_CNT:PACKAGE1
Found: rapl:::MINIMUM_POWER_CNT:PACKAGE0
Found: rapl:::MINIMUM_POWER_CNT:PACKAGE1
Found: rapl:::MAXIMUM_POWER_CNT:PACKAGE0
Found: rapl:::MAXIMUM_POWER_CNT:PACKAGE1
Found: rapl:::MAXIMUM_TIME_WINDOW_CNT:PACKAGE0
Found: rapl:::MAXIMUM_TIME_WINDOW_CNT:PACKAGE1
Found: rapl:::PACKAGE_ENERGY_CNT:PACKAGE0
Found: rapl:::PACKAGE_ENERGY_CNT:PACKAGE1
Found: rapl:::DRAM_ENERGY_CNT:PACKAGE0
Found: rapl:::DRAM_ENERGY_CNT:PACKAGE1
Found: rapl:::PP0_ENERGY_CNT:PACKAGE0
Found: rapl:::PP0_ENERGY_CNT:PACKAGE1
Found: rapl:::THERMAL_SPEC:PACKAGE0
Found: rapl:::THERMAL_SPEC:PACKAGE1
Found: rapl:::MINIMUM_POWER:PACKAGE0
Found: rapl:::MINIMUM_POWER:PACKAGE1
Found: rapl:::MAXIMUM_POWER:PACKAGE0
Found: rapl:::MAXIMUM_POWER:PACKAGE1
Found: rapl:::MAXIMUM_TIME_WINDOW:PACKAGE0
Found: rapl:::MAXIMUM_TIME_WINDOW:PACKAGE1
Found: rapl:::PACKAGE_ENERGY:PACKAGE0
Found: rapl:::PACKAGE_ENERGY:PACKAGE1
Found: rapl:::DRAM_ENERGY:PACKAGE0
Found: rapl:::DRAM_ENERGY:PACKAGE1
Found: rapl:::PP0_ENERGY:PACKAGE0
Found: rapl:::PP0_ENERGY:PACKAGE1
Starting process_deletions
0.0000 s 0.0410 (* Average Power for rapl:::THERMAL_SPEC_CNT:PACKAGE0 *)
0.0000 s 0.0410 (* Average Power for rapl:::THERMAL_SPEC_CNT:PACKAGE1 *)
0.0000 s 0.0195 (* Average Power for rapl:::MINIMUM_POWER_CNT:PACKAGE0 *)
0.0000 s 0.0195 (* Average Power for rapl:::MINIMUM_POWER_CNT:PACKAGE1 *)
0.0000 s 0.0819 (* Average Power for rapl:::MAXIMUM_POWER_CNT:PACKAGE0 *)
0.0000 s 0.0819 (* Average Power for rapl:::MAXIMUM_POWER_CNT:PACKAGE1 *)
0.0000 s 0.0017 (* Average Power for rapl:::MAXIMUM_TIME_WINDOW_CNT:PACKAGE0 *)
0.0000 s 0.0017 (* Average Power for rapl:::MAXIMUM_TIME_WINDOW_CNT:PACKAGE1 *)
0.0000 s 0.0000 (* Average Power for rapl:::PACKAGE_ENERGY_CNT:PACKAGE0 *)
0.0000 s 0.0000 (* Average Power for rapl:::PACKAGE_ENERGY_CNT:PACKAGE1 *)
0.0000 s 0.0000 (* Average Power for rapl:::DRAM_ENERGY_CNT:PACKAGE0 *)
0.0000 s 0.0000 (* Average Power for rapl:::DRAM_ENERGY_CNT:PACKAGE1 *)
0.0000 s 0.0000 (* Average Power for rapl:::PP0_ENERGY_CNT:PACKAGE0 *)
0.0000 s 0.0000 (* Average Power for rapl:::PP0_ENERGY_CNT:PACKAGE1 *)
0.0000 s 163834648815803.9688 (* Average Power for rapl:::THERMAL_SPEC:PACKAGE0 *)
0.0000 s 163834648815803.9688 (* Average Power for rapl:::THERMAL_SPEC:PACKAGE1 *)
0.0000 s 163666908934037.0938 (* Average Power for rapl:::MINIMUM_POWER:PACKAGE0 *)
0.0000 s 163666908934037.0938 (* Average Power for rapl:::MINIMUM_POWER:PACKAGE1 *)
0.0000 s 163993691074071.8125 (* Average Power for rapl:::MAXIMUM_POWER:PACKAGE0 *)
0.0000 s 163993691074071.8125 (* Average Power for rapl:::MAXIMUM_POWER:PACKAGE1 *)
0.0000 s 161979569975226.7188 (* Average Power for rapl:::MAXIMUM_TIME_WINDOW:PACKAGE0 *)
0.0000 s 161979569975226.7188 (* Average Power for rapl:::MAXIMUM_TIME_WINDOW:PACKAGE1 *)
0.0000 s 0.0000 (* Total Energy for rapl:::PACKAGE_ENERGY:PACKAGE0 *)
0.0000 s 0.0000 (* Average Power for rapl:::PACKAGE_ENERGY:PACKAGE0 *)
0.0000 s 0.0000 (* Total Energy for rapl:::PACKAGE_ENERGY:PACKAGE1 *)
0.0000 s 0.0000 (* Average Power for rapl:::PACKAGE_ENERGY:PACKAGE1 *)
0.0000 s 0.0000 (* Average Power for rapl:::DRAM_ENERGY:PACKAGE0 *)
0.0000 s 0.0000 (* Average Power for rapl:::DRAM_ENERGY:PACKAGE1 *)
0.0000 s 0.0000 (* Average Power for rapl:::PP0_ENERGY:PACKAGE0 *)
0.0000 s 0.0000 (* Average Power for rapl:::PP0_ENERGY:PACKAGE1 *)
Time for Deletion  0.000000 
Total Time for Updating at Batch 1 is 0.631008 
Total Time for Updating Rooted Tree at iter 1 is 9.062028 with Rewire:0
Total Time for Updating  9.697382 
