Time Taken for Initializing Memory 0.358670 
Highest Edge Value 10 --
Total Time for Reading Remainder Edges 78.916757 
Total Time for Reading Certificate Network 18.769236 
Total Time for Reading Update List 0.428613 
==Update Starts =======
Total Time for Initial Tree Creation  7.943092 
Found rapl component at cid 2
Found: rapl:::THERMAL_SPEC_CNT:PACKAGE0
Found: rapl:::THERMAL_SPEC_CNT:PACKAGE1
Found: rapl:::MINIMUM_POWER_CNT:PACKAGE0
Found: rapl:::MINIMUM_POWER_CNT:PACKAGE1
Found: rapl:::MAXIMUM_POWER_CNT:PACKAGE0
Found: rapl:::MAXIMUM_POWER_CNT:PACKAGE1
Found: rapl:::MAXIMUM_TIME_WINDOW_CNT:PACKAGE0
Found: rapl:::MAXIMUM_TIME_WINDOW_CNT:PACKAGE1
Found: rapl:::PACKAGE_ENERGY_CNT:PACKAGE0
Found: rapl:::PACKAGE_ENERGY_CNT:PACKAGE1
Found: rapl:::DRAM_ENERGY_CNT:PACKAGE0
Found: rapl:::DRAM_ENERGY_CNT:PACKAGE1
Found: rapl:::PP0_ENERGY_CNT:PACKAGE0
Found: rapl:::PP0_ENERGY_CNT:PACKAGE1
Found: rapl:::THERMAL_SPEC:PACKAGE0
Found: rapl:::THERMAL_SPEC:PACKAGE1
Found: rapl:::MINIMUM_POWER:PACKAGE0
Found: rapl:::MINIMUM_POWER:PACKAGE1
Found: rapl:::MAXIMUM_POWER:PACKAGE0
Found: rapl:::MAXIMUM_POWER:PACKAGE1
Found: rapl:::MAXIMUM_TIME_WINDOW:PACKAGE0
Found: rapl:::MAXIMUM_TIME_WINDOW:PACKAGE1
Found: rapl:::PACKAGE_ENERGY:PACKAGE0
Found: rapl:::PACKAGE_ENERGY:PACKAGE1
Found: rapl:::DRAM_ENERGY:PACKAGE0
Found: rapl:::DRAM_ENERGY:PACKAGE1
Found: rapl:::PP0_ENERGY:PACKAGE0
Found: rapl:::PP0_ENERGY:PACKAGE1
Starting Classify and Insert
Classify 999999 999999  
Deleted Edges: 30804 
Processed Inserts: 160279
 Unprocessed Inserts: 216
 0.4949 s 0.0000 (* Average Power for rapl:::THERMAL_SPEC_CNT:PACKAGE0 *)
0.4949 s 0.0000 (* Average Power for rapl:::THERMAL_SPEC_CNT:PACKAGE1 *)
0.4949 s 0.0000 (* Average Power for rapl:::MINIMUM_POWER_CNT:PACKAGE0 *)
0.4949 s 0.0000 (* Average Power for rapl:::MINIMUM_POWER_CNT:PACKAGE1 *)
0.4949 s 0.0000 (* Average Power for rapl:::MAXIMUM_POWER_CNT:PACKAGE0 *)
0.4949 s 0.0000 (* Average Power for rapl:::MAXIMUM_POWER_CNT:PACKAGE1 *)
0.4949 s 0.0000 (* Average Power for rapl:::MAXIMUM_TIME_WINDOW_CNT:PACKAGE0 *)
0.4949 s 0.0000 (* Average Power for rapl:::MAXIMUM_TIME_WINDOW_CNT:PACKAGE1 *)
0.4949 s 0.0014 (* Average Power for rapl:::PACKAGE_ENERGY_CNT:PACKAGE0 *)
0.4949 s 0.0015 (* Average Power for rapl:::PACKAGE_ENERGY_CNT:PACKAGE1 *)
0.4949 s 0.0009 (* Average Power for rapl:::DRAM_ENERGY_CNT:PACKAGE0 *)
0.4949 s 0.0010 (* Average Power for rapl:::DRAM_ENERGY_CNT:PACKAGE1 *)
0.4949 s 0.0000 (* Average Power for rapl:::PP0_ENERGY_CNT:PACKAGE0 *)
0.4949 s 0.0000 (* Average Power for rapl:::PP0_ENERGY_CNT:PACKAGE1 *)
0.4949 s 9374000732.5527 (* Average Power for rapl:::THERMAL_SPEC:PACKAGE0 *)
0.4949 s 9374000732.5527 (* Average Power for rapl:::THERMAL_SPEC:PACKAGE1 *)
0.4949 s 9364403289.1185 (* Average Power for rapl:::MINIMUM_POWER:PACKAGE0 *)
0.4949 s 9364403289.1185 (* Average Power for rapl:::MINIMUM_POWER:PACKAGE1 *)
0.4949 s 9383100530.7717 (* Average Power for rapl:::MAXIMUM_POWER:PACKAGE0 *)
0.4949 s 9383100530.7717 (* Average Power for rapl:::MAXIMUM_POWER:PACKAGE1 *)
0.4949 s 9267860117.3885 (* Average Power for rapl:::MAXIMUM_TIME_WINDOW:PACKAGE0 *)
0.4949 s 9267860117.3885 (* Average Power for rapl:::MAXIMUM_TIME_WINDOW:PACKAGE1 *)
0.4949 s 42.1750 (* Total Energy for rapl:::PACKAGE_ENERGY:PACKAGE0 *)
0.4949 s 85.2173 (* Average Power for rapl:::PACKAGE_ENERGY:PACKAGE0 *)
0.4949 s 46.2873 (* Total Energy for rapl:::PACKAGE_ENERGY:PACKAGE1 *)
0.4949 s 93.5263 (* Average Power for rapl:::PACKAGE_ENERGY:PACKAGE1 *)
0.4949 s 14.3575 (* Average Power for rapl:::DRAM_ENERGY:PACKAGE0 *)
0.4949 s 15.7460 (* Average Power for rapl:::DRAM_ENERGY:PACKAGE1 *)
0.4949 s 0.0000 (* Average Power for rapl:::PP0_ENERGY:PACKAGE0 *)
0.4949 s 0.0000 (* Average Power for rapl:::PP0_ENERGY:PACKAGE1 *)
Time for Classify and insert  0.494877 
Found rapl component at cid 2
Found: rapl:::THERMAL_SPEC_CNT:PACKAGE0
Found: rapl:::THERMAL_SPEC_CNT:PACKAGE1
Found: rapl:::MINIMUM_POWER_CNT:PACKAGE0
Found: rapl:::MINIMUM_POWER_CNT:PACKAGE1
Found: rapl:::MAXIMUM_POWER_CNT:PACKAGE0
Found: rapl:::MAXIMUM_POWER_CNT:PACKAGE1
Found: rapl:::MAXIMUM_TIME_WINDOW_CNT:PACKAGE0
Found: rapl:::MAXIMUM_TIME_WINDOW_CNT:PACKAGE1
Found: rapl:::PACKAGE_ENERGY_CNT:PACKAGE0
Found: rapl:::PACKAGE_ENERGY_CNT:PACKAGE1
Found: rapl:::DRAM_ENERGY_CNT:PACKAGE0
Found: rapl:::DRAM_ENERGY_CNT:PACKAGE1
Found: rapl:::PP0_ENERGY_CNT:PACKAGE0
Found: rapl:::PP0_ENERGY_CNT:PACKAGE1
Found: rapl:::THERMAL_SPEC:PACKAGE0
Found: rapl:::THERMAL_SPEC:PACKAGE1
Found: rapl:::MINIMUM_POWER:PACKAGE0
Found: rapl:::MINIMUM_POWER:PACKAGE1
Found: rapl:::MAXIMUM_POWER:PACKAGE0
Found: rapl:::MAXIMUM_POWER:PACKAGE1
Found: rapl:::MAXIMUM_TIME_WINDOW:PACKAGE0
Found: rapl:::MAXIMUM_TIME_WINDOW:PACKAGE1
Found: rapl:::PACKAGE_ENERGY:PACKAGE0
Found: rapl:::PACKAGE_ENERGY:PACKAGE1
Found: rapl:::DRAM_ENERGY:PACKAGE0
Found: rapl:::DRAM_ENERGY:PACKAGE1
Found: rapl:::PP0_ENERGY:PACKAGE0
Found: rapl:::PP0_ENERGY:PACKAGE1
Starting process_deletions
1.0183 s 0.0000 (* Average Power for rapl:::THERMAL_SPEC_CNT:PACKAGE0 *)
1.0183 s 0.0000 (* Average Power for rapl:::THERMAL_SPEC_CNT:PACKAGE1 *)
1.0183 s 0.0000 (* Average Power for rapl:::MINIMUM_POWER_CNT:PACKAGE0 *)
1.0183 s 0.0000 (* Average Power for rapl:::MINIMUM_POWER_CNT:PACKAGE1 *)
1.0183 s 0.0000 (* Average Power for rapl:::MAXIMUM_POWER_CNT:PACKAGE0 *)
1.0183 s 0.0000 (* Average Power for rapl:::MAXIMUM_POWER_CNT:PACKAGE1 *)
1.0183 s 0.0000 (* Average Power for rapl:::MAXIMUM_TIME_WINDOW_CNT:PACKAGE0 *)
1.0183 s 0.0000 (* Average Power for rapl:::MAXIMUM_TIME_WINDOW_CNT:PACKAGE1 *)
1.0183 s 0.0017 (* Average Power for rapl:::PACKAGE_ENERGY_CNT:PACKAGE0 *)
1.0183 s 0.0018 (* Average Power for rapl:::PACKAGE_ENERGY_CNT:PACKAGE1 *)
1.0183 s 0.0009 (* Average Power for rapl:::DRAM_ENERGY_CNT:PACKAGE0 *)
1.0183 s 0.0011 (* Average Power for rapl:::DRAM_ENERGY_CNT:PACKAGE1 *)
1.0183 s 0.0000 (* Average Power for rapl:::PP0_ENERGY_CNT:PACKAGE0 *)
1.0183 s 0.0000 (* Average Power for rapl:::PP0_ENERGY_CNT:PACKAGE1 *)
1.0183 s 4556026014.3206 (* Average Power for rapl:::THERMAL_SPEC:PACKAGE0 *)
1.0183 s 4556026014.3206 (* Average Power for rapl:::THERMAL_SPEC:PACKAGE1 *)
1.0183 s 4551361388.9163 (* Average Power for rapl:::MINIMUM_POWER:PACKAGE0 *)
1.0183 s 4551361388.9163 (* Average Power for rapl:::MINIMUM_POWER:PACKAGE1 *)
1.0183 s 4560448770.2595 (* Average Power for rapl:::MAXIMUM_POWER:PACKAGE0 *)
1.0183 s 4560448770.2595 (* Average Power for rapl:::MAXIMUM_POWER:PACKAGE1 *)
1.0183 s 4504438712.6272 (* Average Power for rapl:::MAXIMUM_TIME_WINDOW:PACKAGE0 *)
1.0183 s 4504438712.6272 (* Average Power for rapl:::MAXIMUM_TIME_WINDOW:PACKAGE1 *)
1.0183 s 107.8243 (* Total Energy for rapl:::PACKAGE_ENERGY:PACKAGE0 *)
1.0183 s 105.8888 (* Average Power for rapl:::PACKAGE_ENERGY:PACKAGE0 *)
1.0183 s 114.6548 (* Total Energy for rapl:::PACKAGE_ENERGY:PACKAGE1 *)
1.0183 s 112.5967 (* Average Power for rapl:::PACKAGE_ENERGY:PACKAGE1 *)
1.0183 s 14.1450 (* Average Power for rapl:::DRAM_ENERGY:PACKAGE0 *)
1.0183 s 16.6215 (* Average Power for rapl:::DRAM_ENERGY:PACKAGE1 *)
1.0183 s 0.0000 (* Average Power for rapl:::PP0_ENERGY:PACKAGE0 *)
1.0183 s 0.0000 (* Average Power for rapl:::PP0_ENERGY:PACKAGE1 *)
Time for Deletion  1.018249 
Total Time for Updating at Batch 1 is 1.607293 
Total Time for Updating Rooted Tree at iter 1 is 1.727942 with Rewire:0
Total Time for Updating  3.339869 
Time Taken for Initializing Memory 0.388647 
Highest Edge Value 10 --
Total Time for Reading Remainder Edges 78.927166 
Total Time for Reading Certificate Network 18.787823 
Total Time for Reading Update List 0.428226 
==Update Starts =======
Total Time for Initial Tree Creation  7.937801 
Found rapl component at cid 2
Found: rapl:::THERMAL_SPEC_CNT:PACKAGE0
Found: rapl:::THERMAL_SPEC_CNT:PACKAGE1
Found: rapl:::MINIMUM_POWER_CNT:PACKAGE0
Found: rapl:::MINIMUM_POWER_CNT:PACKAGE1
Found: rapl:::MAXIMUM_POWER_CNT:PACKAGE0
Found: rapl:::MAXIMUM_POWER_CNT:PACKAGE1
Found: rapl:::MAXIMUM_TIME_WINDOW_CNT:PACKAGE0
Found: rapl:::MAXIMUM_TIME_WINDOW_CNT:PACKAGE1
Found: rapl:::PACKAGE_ENERGY_CNT:PACKAGE0
Found: rapl:::PACKAGE_ENERGY_CNT:PACKAGE1
Found: rapl:::DRAM_ENERGY_CNT:PACKAGE0
Found: rapl:::DRAM_ENERGY_CNT:PACKAGE1
Found: rapl:::PP0_ENERGY_CNT:PACKAGE0
Found: rapl:::PP0_ENERGY_CNT:PACKAGE1
Found: rapl:::THERMAL_SPEC:PACKAGE0
Found: rapl:::THERMAL_SPEC:PACKAGE1
Found: rapl:::MINIMUM_POWER:PACKAGE0
Found: rapl:::MINIMUM_POWER:PACKAGE1
Found: rapl:::MAXIMUM_POWER:PACKAGE0
Found: rapl:::MAXIMUM_POWER:PACKAGE1
Found: rapl:::MAXIMUM_TIME_WINDOW:PACKAGE0
Found: rapl:::MAXIMUM_TIME_WINDOW:PACKAGE1
Found: rapl:::PACKAGE_ENERGY:PACKAGE0
Found: rapl:::PACKAGE_ENERGY:PACKAGE1
Found: rapl:::DRAM_ENERGY:PACKAGE0
Found: rapl:::DRAM_ENERGY:PACKAGE1
Found: rapl:::PP0_ENERGY:PACKAGE0
Found: rapl:::PP0_ENERGY:PACKAGE1
Starting Classify and Insert
Classify 999999 999999  
Deleted Edges: 30804 
Processed Inserts: 160352
 Unprocessed Inserts: 232
 0.4475 s 0.0000 (* Average Power for rapl:::THERMAL_SPEC_CNT:PACKAGE0 *)
0.4475 s 0.0000 (* Average Power for rapl:::THERMAL_SPEC_CNT:PACKAGE1 *)
0.4475 s 0.0000 (* Average Power for rapl:::MINIMUM_POWER_CNT:PACKAGE0 *)
0.4475 s 0.0000 (* Average Power for rapl:::MINIMUM_POWER_CNT:PACKAGE1 *)
0.4475 s 0.0000 (* Average Power for rapl:::MAXIMUM_POWER_CNT:PACKAGE0 *)
0.4475 s 0.0000 (* Average Power for rapl:::MAXIMUM_POWER_CNT:PACKAGE1 *)
0.4475 s 0.0000 (* Average Power for rapl:::MAXIMUM_TIME_WINDOW_CNT:PACKAGE0 *)
0.4475 s 0.0000 (* Average Power for rapl:::MAXIMUM_TIME_WINDOW_CNT:PACKAGE1 *)
0.4475 s 0.0010 (* Average Power for rapl:::PACKAGE_ENERGY_CNT:PACKAGE0 *)
0.4475 s 0.0015 (* Average Power for rapl:::PACKAGE_ENERGY_CNT:PACKAGE1 *)
0.4475 s 0.0009 (* Average Power for rapl:::DRAM_ENERGY_CNT:PACKAGE0 *)
0.4475 s 0.0010 (* Average Power for rapl:::DRAM_ENERGY_CNT:PACKAGE1 *)
0.4475 s 0.0000 (* Average Power for rapl:::PP0_ENERGY_CNT:PACKAGE0 *)
0.4475 s 0.0000 (* Average Power for rapl:::PP0_ENERGY_CNT:PACKAGE1 *)
0.4475 s 10367405486.3200 (* Average Power for rapl:::THERMAL_SPEC:PACKAGE0 *)
0.4475 s 10367405486.3200 (* Average Power for rapl:::THERMAL_SPEC:PACKAGE1 *)
0.4475 s 10356790958.9103 (* Average Power for rapl:::MINIMUM_POWER:PACKAGE0 *)
0.4475 s 10356790958.9103 (* Average Power for rapl:::MINIMUM_POWER:PACKAGE1 *)
0.4475 s 10377469630.8269 (* Average Power for rapl:::MAXIMUM_POWER:PACKAGE0 *)
0.4475 s 10377469630.8269 (* Average Power for rapl:::MAXIMUM_POWER:PACKAGE1 *)
0.4475 s 10250016675.7822 (* Average Power for rapl:::MAXIMUM_TIME_WINDOW:PACKAGE0 *)
0.4475 s 10250016675.7822 (* Average Power for rapl:::MAXIMUM_TIME_WINDOW:PACKAGE1 *)
0.4475 s 27.9316 (* Total Energy for rapl:::PACKAGE_ENERGY:PACKAGE0 *)
0.4475 s 62.4185 (* Average Power for rapl:::PACKAGE_ENERGY:PACKAGE0 *)
0.4475 s 41.7182 (* Total Energy for rapl:::PACKAGE_ENERGY:PACKAGE1 *)
0.4475 s 93.2272 (* Average Power for rapl:::PACKAGE_ENERGY:PACKAGE1 *)
0.4475 s 14.3237 (* Average Power for rapl:::DRAM_ENERGY:PACKAGE0 *)
0.4475 s 15.5444 (* Average Power for rapl:::DRAM_ENERGY:PACKAGE1 *)
0.4475 s 0.0000 (* Average Power for rapl:::PP0_ENERGY:PACKAGE0 *)
0.4475 s 0.0000 (* Average Power for rapl:::PP0_ENERGY:PACKAGE1 *)
Time for Classify and insert  0.447455 
Found rapl component at cid 2
Found: rapl:::THERMAL_SPEC_CNT:PACKAGE0
Found: rapl:::THERMAL_SPEC_CNT:PACKAGE1
Found: rapl:::MINIMUM_POWER_CNT:PACKAGE0
Found: rapl:::MINIMUM_POWER_CNT:PACKAGE1
Found: rapl:::MAXIMUM_POWER_CNT:PACKAGE0
Found: rapl:::MAXIMUM_POWER_CNT:PACKAGE1
Found: rapl:::MAXIMUM_TIME_WINDOW_CNT:PACKAGE0
Found: rapl:::MAXIMUM_TIME_WINDOW_CNT:PACKAGE1
Found: rapl:::PACKAGE_ENERGY_CNT:PACKAGE0
Found: rapl:::PACKAGE_ENERGY_CNT:PACKAGE1
Found: rapl:::DRAM_ENERGY_CNT:PACKAGE0
Found: rapl:::DRAM_ENERGY_CNT:PACKAGE1
Found: rapl:::PP0_ENERGY_CNT:PACKAGE0
Found: rapl:::PP0_ENERGY_CNT:PACKAGE1
Found: rapl:::THERMAL_SPEC:PACKAGE0
Found: rapl:::THERMAL_SPEC:PACKAGE1
Found: rapl:::MINIMUM_POWER:PACKAGE0
Found: rapl:::MINIMUM_POWER:PACKAGE1
Found: rapl:::MAXIMUM_POWER:PACKAGE0
Found: rapl:::MAXIMUM_POWER:PACKAGE1
Found: rapl:::MAXIMUM_TIME_WINDOW:PACKAGE0
Found: rapl:::MAXIMUM_TIME_WINDOW:PACKAGE1
Found: rapl:::PACKAGE_ENERGY:PACKAGE0
Found: rapl:::PACKAGE_ENERGY:PACKAGE1
Found: rapl:::DRAM_ENERGY:PACKAGE0
Found: rapl:::DRAM_ENERGY:PACKAGE1
Found: rapl:::PP0_ENERGY:PACKAGE0
Found: rapl:::PP0_ENERGY:PACKAGE1
Starting process_deletions
1.0391 s 0.0000 (* Average Power for rapl:::THERMAL_SPEC_CNT:PACKAGE0 *)
1.0391 s 0.0000 (* Average Power for rapl:::THERMAL_SPEC_CNT:PACKAGE1 *)
1.0391 s 0.0000 (* Average Power for rapl:::MINIMUM_POWER_CNT:PACKAGE0 *)
1.0391 s 0.0000 (* Average Power for rapl:::MINIMUM_POWER_CNT:PACKAGE1 *)
1.0391 s 0.0000 (* Average Power for rapl:::MAXIMUM_POWER_CNT:PACKAGE0 *)
1.0391 s 0.0000 (* Average Power for rapl:::MAXIMUM_POWER_CNT:PACKAGE1 *)
1.0391 s 0.0000 (* Average Power for rapl:::MAXIMUM_TIME_WINDOW_CNT:PACKAGE0 *)
1.0391 s 0.0000 (* Average Power for rapl:::MAXIMUM_TIME_WINDOW_CNT:PACKAGE1 *)
1.0391 s 0.0018 (* Average Power for rapl:::PACKAGE_ENERGY_CNT:PACKAGE0 *)
1.0391 s 0.0018 (* Average Power for rapl:::PACKAGE_ENERGY_CNT:PACKAGE1 *)
1.0391 s 0.0010 (* Average Power for rapl:::DRAM_ENERGY_CNT:PACKAGE0 *)
1.0391 s 0.0011 (* Average Power for rapl:::DRAM_ENERGY_CNT:PACKAGE1 *)
1.0391 s 0.0000 (* Average Power for rapl:::PP0_ENERGY_CNT:PACKAGE0 *)
1.0391 s 0.0000 (* Average Power for rapl:::PP0_ENERGY_CNT:PACKAGE1 *)
1.0391 s 4464774646.7406 (* Average Power for rapl:::THERMAL_SPEC:PACKAGE0 *)
1.0391 s 4464774646.7406 (* Average Power for rapl:::THERMAL_SPEC:PACKAGE1 *)
1.0391 s 4460203447.8106 (* Average Power for rapl:::MINIMUM_POWER:PACKAGE0 *)
1.0391 s 4460203447.8106 (* Average Power for rapl:::MINIMUM_POWER:PACKAGE1 *)
1.0391 s 4469108820.5409 (* Average Power for rapl:::MAXIMUM_POWER:PACKAGE0 *)
1.0391 s 4469108820.5409 (* Average Power for rapl:::MAXIMUM_POWER:PACKAGE1 *)
1.0391 s 4414220572.6484 (* Average Power for rapl:::MAXIMUM_TIME_WINDOW:PACKAGE0 *)
1.0391 s 4414220572.6484 (* Average Power for rapl:::MAXIMUM_TIME_WINDOW:PACKAGE1 *)
1.0391 s 112.5252 (* Total Energy for rapl:::PACKAGE_ENERGY:PACKAGE0 *)
1.0391 s 108.2920 (* Average Power for rapl:::PACKAGE_ENERGY:PACKAGE0 *)
1.0391 s 112.0081 (* Total Energy for rapl:::PACKAGE_ENERGY:PACKAGE1 *)
1.0391 s 107.7943 (* Average Power for rapl:::PACKAGE_ENERGY:PACKAGE1 *)
1.0391 s 14.5989 (* Average Power for rapl:::DRAM_ENERGY:PACKAGE0 *)
1.0391 s 16.1576 (* Average Power for rapl:::DRAM_ENERGY:PACKAGE1 *)
1.0391 s 0.0000 (* Average Power for rapl:::PP0_ENERGY:PACKAGE0 *)
1.0391 s 0.0000 (* Average Power for rapl:::PP0_ENERGY:PACKAGE1 *)
Time for Deletion  1.039062 
Total Time for Updating at Batch 1 is 1.583272 
Total Time for Updating Rooted Tree at iter 1 is 2.013119 with Rewire:0
Total Time for Updating  3.600949 
Time Taken for Initializing Memory 0.356217 
Highest Edge Value 10 --
Total Time for Reading Remainder Edges 79.029836 
Total Time for Reading Certificate Network 18.813591 
Total Time for Reading Update List 0.429445 
==Update Starts =======
Total Time for Initial Tree Creation  9.531714 
Found rapl component at cid 2
Found: rapl:::THERMAL_SPEC_CNT:PACKAGE0
Found: rapl:::THERMAL_SPEC_CNT:PACKAGE1
Found: rapl:::MINIMUM_POWER_CNT:PACKAGE0
Found: rapl:::MINIMUM_POWER_CNT:PACKAGE1
Found: rapl:::MAXIMUM_POWER_CNT:PACKAGE0
Found: rapl:::MAXIMUM_POWER_CNT:PACKAGE1
Found: rapl:::MAXIMUM_TIME_WINDOW_CNT:PACKAGE0
Found: rapl:::MAXIMUM_TIME_WINDOW_CNT:PACKAGE1
Found: rapl:::PACKAGE_ENERGY_CNT:PACKAGE0
Found: rapl:::PACKAGE_ENERGY_CNT:PACKAGE1
Found: rapl:::DRAM_ENERGY_CNT:PACKAGE0
Found: rapl:::DRAM_ENERGY_CNT:PACKAGE1
Found: rapl:::PP0_ENERGY_CNT:PACKAGE0
Found: rapl:::PP0_ENERGY_CNT:PACKAGE1
Found: rapl:::THERMAL_SPEC:PACKAGE0
Found: rapl:::THERMAL_SPEC:PACKAGE1
Found: rapl:::MINIMUM_POWER:PACKAGE0
Found: rapl:::MINIMUM_POWER:PACKAGE1
Found: rapl:::MAXIMUM_POWER:PACKAGE0
Found: rapl:::MAXIMUM_POWER:PACKAGE1
Found: rapl:::MAXIMUM_TIME_WINDOW:PACKAGE0
Found: rapl:::MAXIMUM_TIME_WINDOW:PACKAGE1
Found: rapl:::PACKAGE_ENERGY:PACKAGE0
Found: rapl:::PACKAGE_ENERGY:PACKAGE1
Found: rapl:::DRAM_ENERGY:PACKAGE0
Found: rapl:::DRAM_ENERGY:PACKAGE1
Found: rapl:::PP0_ENERGY:PACKAGE0
Found: rapl:::PP0_ENERGY:PACKAGE1
Starting Classify and Insert
Classify 999999 999999  
Deleted Edges: 30804 
Processed Inserts: 160314
 Unprocessed Inserts: 195
 0.5916 s 0.0000 (* Average Power for rapl:::THERMAL_SPEC_CNT:PACKAGE0 *)
0.5916 s 0.0000 (* Average Power for rapl:::THERMAL_SPEC_CNT:PACKAGE1 *)
0.5916 s 0.0000 (* Average Power for rapl:::MINIMUM_POWER_CNT:PACKAGE0 *)
0.5916 s 0.0000 (* Average Power for rapl:::MINIMUM_POWER_CNT:PACKAGE1 *)
0.5916 s 0.0000 (* Average Power for rapl:::MAXIMUM_POWER_CNT:PACKAGE0 *)
0.5916 s 0.0000 (* Average Power for rapl:::MAXIMUM_POWER_CNT:PACKAGE1 *)
0.5916 s 0.0000 (* Average Power for rapl:::MAXIMUM_TIME_WINDOW_CNT:PACKAGE0 *)
0.5916 s 0.0000 (* Average Power for rapl:::MAXIMUM_TIME_WINDOW_CNT:PACKAGE1 *)
0.5916 s 0.0011 (* Average Power for rapl:::PACKAGE_ENERGY_CNT:PACKAGE0 *)
0.5916 s 0.0007 (* Average Power for rapl:::PACKAGE_ENERGY_CNT:PACKAGE1 *)
0.5916 s 0.0010 (* Average Power for rapl:::DRAM_ENERGY_CNT:PACKAGE0 *)
0.5916 s 0.0009 (* Average Power for rapl:::DRAM_ENERGY_CNT:PACKAGE1 *)
0.5916 s 0.0000 (* Average Power for rapl:::PP0_ENERGY_CNT:PACKAGE0 *)
0.5916 s 0.0000 (* Average Power for rapl:::PP0_ENERGY_CNT:PACKAGE1 *)
0.5916 s 7842152440.0898 (* Average Power for rapl:::THERMAL_SPEC:PACKAGE0 *)
0.5916 s 7842152440.0898 (* Average Power for rapl:::THERMAL_SPEC:PACKAGE1 *)
0.5916 s 7834123358.7409 (* Average Power for rapl:::MINIMUM_POWER:PACKAGE0 *)
0.5916 s 7834123358.7409 (* Average Power for rapl:::MINIMUM_POWER:PACKAGE1 *)
0.5916 s 7849765198.7020 (* Average Power for rapl:::MAXIMUM_POWER:PACKAGE0 *)
0.5916 s 7849765198.7020 (* Average Power for rapl:::MAXIMUM_POWER:PACKAGE1 *)
0.5916 s 7753356747.8394 (* Average Power for rapl:::MAXIMUM_TIME_WINDOW:PACKAGE0 *)
0.5916 s 7753356747.8394 (* Average Power for rapl:::MAXIMUM_TIME_WINDOW:PACKAGE1 *)
0.5916 s 39.4460 (* Total Energy for rapl:::PACKAGE_ENERGY:PACKAGE0 *)
0.5916 s 66.6784 (* Average Power for rapl:::PACKAGE_ENERGY:PACKAGE0 *)
0.5916 s 27.0447 (* Total Energy for rapl:::PACKAGE_ENERGY:PACKAGE1 *)
0.5916 s 45.7156 (* Average Power for rapl:::PACKAGE_ENERGY:PACKAGE1 *)
0.5916 s 14.8684 (* Average Power for rapl:::DRAM_ENERGY:PACKAGE0 *)
0.5916 s 13.3057 (* Average Power for rapl:::DRAM_ENERGY:PACKAGE1 *)
0.5916 s 0.0000 (* Average Power for rapl:::PP0_ENERGY:PACKAGE0 *)
0.5916 s 0.0000 (* Average Power for rapl:::PP0_ENERGY:PACKAGE1 *)
Time for Classify and insert  0.591501 
Found rapl component at cid 2
Found: rapl:::THERMAL_SPEC_CNT:PACKAGE0
Found: rapl:::THERMAL_SPEC_CNT:PACKAGE1
Found: rapl:::MINIMUM_POWER_CNT:PACKAGE0
Found: rapl:::MINIMUM_POWER_CNT:PACKAGE1
Found: rapl:::MAXIMUM_POWER_CNT:PACKAGE0
Found: rapl:::MAXIMUM_POWER_CNT:PACKAGE1
Found: rapl:::MAXIMUM_TIME_WINDOW_CNT:PACKAGE0
Found: rapl:::MAXIMUM_TIME_WINDOW_CNT:PACKAGE1
Found: rapl:::PACKAGE_ENERGY_CNT:PACKAGE0
Found: rapl:::PACKAGE_ENERGY_CNT:PACKAGE1
Found: rapl:::DRAM_ENERGY_CNT:PACKAGE0
Found: rapl:::DRAM_ENERGY_CNT:PACKAGE1
Found: rapl:::PP0_ENERGY_CNT:PACKAGE0
Found: rapl:::PP0_ENERGY_CNT:PACKAGE1
Found: rapl:::THERMAL_SPEC:PACKAGE0
Found: rapl:::THERMAL_SPEC:PACKAGE1
Found: rapl:::MINIMUM_POWER:PACKAGE0
Found: rapl:::MINIMUM_POWER:PACKAGE1
Found: rapl:::MAXIMUM_POWER:PACKAGE0
Found: rapl:::MAXIMUM_POWER:PACKAGE1
Found: rapl:::MAXIMUM_TIME_WINDOW:PACKAGE0
Found: rapl:::MAXIMUM_TIME_WINDOW:PACKAGE1
Found: rapl:::PACKAGE_ENERGY:PACKAGE0
Found: rapl:::PACKAGE_ENERGY:PACKAGE1
Found: rapl:::DRAM_ENERGY:PACKAGE0
Found: rapl:::DRAM_ENERGY:PACKAGE1
Found: rapl:::PP0_ENERGY:PACKAGE0
Found: rapl:::PP0_ENERGY:PACKAGE1
Starting process_deletions
1.0156 s 0.0000 (* Average Power for rapl:::THERMAL_SPEC_CNT:PACKAGE0 *)
1.0156 s 0.0000 (* Average Power for rapl:::THERMAL_SPEC_CNT:PACKAGE1 *)
1.0156 s 0.0000 (* Average Power for rapl:::MINIMUM_POWER_CNT:PACKAGE0 *)
1.0156 s 0.0000 (* Average Power for rapl:::MINIMUM_POWER_CNT:PACKAGE1 *)
1.0156 s 0.0000 (* Average Power for rapl:::MAXIMUM_POWER_CNT:PACKAGE0 *)
1.0156 s 0.0000 (* Average Power for rapl:::MAXIMUM_POWER_CNT:PACKAGE1 *)
1.0156 s 0.0000 (* Average Power for rapl:::MAXIMUM_TIME_WINDOW_CNT:PACKAGE0 *)
1.0156 s 0.0000 (* Average Power for rapl:::MAXIMUM_TIME_WINDOW_CNT:PACKAGE1 *)
1.0156 s 0.0018 (* Average Power for rapl:::PACKAGE_ENERGY_CNT:PACKAGE0 *)
1.0156 s 0.0018 (* Average Power for rapl:::PACKAGE_ENERGY_CNT:PACKAGE1 *)
1.0156 s 0.0010 (* Average Power for rapl:::DRAM_ENERGY_CNT:PACKAGE0 *)
1.0156 s 0.0010 (* Average Power for rapl:::DRAM_ENERGY_CNT:PACKAGE1 *)
1.0156 s 0.0000 (* Average Power for rapl:::PP0_ENERGY_CNT:PACKAGE0 *)
1.0156 s 0.0000 (* Average Power for rapl:::PP0_ENERGY_CNT:PACKAGE1 *)
1.0156 s 4568195735.6013 (* Average Power for rapl:::THERMAL_SPEC:PACKAGE0 *)
1.0156 s 4568195735.6013 (* Average Power for rapl:::THERMAL_SPEC:PACKAGE1 *)
1.0156 s 4563518650.3931 (* Average Power for rapl:::MINIMUM_POWER:PACKAGE0 *)
1.0156 s 4563518650.3931 (* Average Power for rapl:::MINIMUM_POWER:PACKAGE1 *)
1.0156 s 4572630305.2803 (* Average Power for rapl:::MAXIMUM_POWER:PACKAGE0 *)
1.0156 s 4572630305.2803 (* Average Power for rapl:::MAXIMUM_POWER:PACKAGE1 *)
1.0156 s 4516470637.7055 (* Average Power for rapl:::MAXIMUM_TIME_WINDOW:PACKAGE0 *)
1.0156 s 4516470637.7055 (* Average Power for rapl:::MAXIMUM_TIME_WINDOW:PACKAGE1 *)
1.0156 s 109.9413 (* Total Energy for rapl:::PACKAGE_ENERGY:PACKAGE0 *)
1.0156 s 108.2561 (* Average Power for rapl:::PACKAGE_ENERGY:PACKAGE0 *)
1.0156 s 110.6418 (* Total Energy for rapl:::PACKAGE_ENERGY:PACKAGE1 *)
1.0156 s 108.9460 (* Average Power for rapl:::PACKAGE_ENERGY:PACKAGE1 *)
1.0156 s 15.7258 (* Average Power for rapl:::DRAM_ENERGY:PACKAGE0 *)
1.0156 s 15.0272 (* Average Power for rapl:::DRAM_ENERGY:PACKAGE1 *)
1.0156 s 0.0000 (* Average Power for rapl:::PP0_ENERGY:PACKAGE0 *)
1.0156 s 0.0000 (* Average Power for rapl:::PP0_ENERGY:PACKAGE1 *)
Time for Deletion  1.015541 
Total Time for Updating at Batch 1 is 1.709346 
Total Time for Updating Rooted Tree at iter 1 is 2.041817 with Rewire:0
Total Time for Updating  3.755977 
Time Taken for Initializing Memory 0.358701 
Highest Edge Value 10 --
Total Time for Reading Remainder Edges 78.937977 
Total Time for Reading Certificate Network 18.797648 
Total Time for Reading Update List 0.428425 
==Update Starts =======
Total Time for Initial Tree Creation  9.354042 
Found rapl component at cid 2
Found: rapl:::THERMAL_SPEC_CNT:PACKAGE0
Found: rapl:::THERMAL_SPEC_CNT:PACKAGE1
Found: rapl:::MINIMUM_POWER_CNT:PACKAGE0
Found: rapl:::MINIMUM_POWER_CNT:PACKAGE1
Found: rapl:::MAXIMUM_POWER_CNT:PACKAGE0
Found: rapl:::MAXIMUM_POWER_CNT:PACKAGE1
Found: rapl:::MAXIMUM_TIME_WINDOW_CNT:PACKAGE0
Found: rapl:::MAXIMUM_TIME_WINDOW_CNT:PACKAGE1
Found: rapl:::PACKAGE_ENERGY_CNT:PACKAGE0
Found: rapl:::PACKAGE_ENERGY_CNT:PACKAGE1
Found: rapl:::DRAM_ENERGY_CNT:PACKAGE0
Found: rapl:::DRAM_ENERGY_CNT:PACKAGE1
Found: rapl:::PP0_ENERGY_CNT:PACKAGE0
Found: rapl:::PP0_ENERGY_CNT:PACKAGE1
Found: rapl:::THERMAL_SPEC:PACKAGE0
Found: rapl:::THERMAL_SPEC:PACKAGE1
Found: rapl:::MINIMUM_POWER:PACKAGE0
Found: rapl:::MINIMUM_POWER:PACKAGE1
Found: rapl:::MAXIMUM_POWER:PACKAGE0
Found: rapl:::MAXIMUM_POWER:PACKAGE1
Found: rapl:::MAXIMUM_TIME_WINDOW:PACKAGE0
Found: rapl:::MAXIMUM_TIME_WINDOW:PACKAGE1
Found: rapl:::PACKAGE_ENERGY:PACKAGE0
Found: rapl:::PACKAGE_ENERGY:PACKAGE1
Found: rapl:::DRAM_ENERGY:PACKAGE0
Found: rapl:::DRAM_ENERGY:PACKAGE1
Found: rapl:::PP0_ENERGY:PACKAGE0
Found: rapl:::PP0_ENERGY:PACKAGE1
Starting Classify and Insert
Classify 999999 999999  
Deleted Edges: 30804 
Processed Inserts: 160312
 Unprocessed Inserts: 187
 0.5815 s 0.0000 (* Average Power for rapl:::THERMAL_SPEC_CNT:PACKAGE0 *)
0.5815 s 0.0000 (* Average Power for rapl:::THERMAL_SPEC_CNT:PACKAGE1 *)
0.5815 s 0.0000 (* Average Power for rapl:::MINIMUM_POWER_CNT:PACKAGE0 *)
0.5815 s 0.0000 (* Average Power for rapl:::MINIMUM_POWER_CNT:PACKAGE1 *)
0.5815 s 0.0000 (* Average Power for rapl:::MAXIMUM_POWER_CNT:PACKAGE0 *)
0.5815 s 0.0000 (* Average Power for rapl:::MAXIMUM_POWER_CNT:PACKAGE1 *)
0.5815 s 0.0000 (* Average Power for rapl:::MAXIMUM_TIME_WINDOW_CNT:PACKAGE0 *)
0.5815 s 0.0000 (* Average Power for rapl:::MAXIMUM_TIME_WINDOW_CNT:PACKAGE1 *)
0.5815 s 0.0014 (* Average Power for rapl:::PACKAGE_ENERGY_CNT:PACKAGE0 *)
0.5815 s 0.0009 (* Average Power for rapl:::PACKAGE_ENERGY_CNT:PACKAGE1 *)
0.5815 s 0.0010 (* Average Power for rapl:::DRAM_ENERGY_CNT:PACKAGE0 *)
0.5815 s 0.0010 (* Average Power for rapl:::DRAM_ENERGY_CNT:PACKAGE1 *)
0.5815 s 0.0000 (* Average Power for rapl:::PP0_ENERGY_CNT:PACKAGE0 *)
0.5815 s 0.0000 (* Average Power for rapl:::PP0_ENERGY_CNT:PACKAGE1 *)
0.5815 s 7977840485.7373 (* Average Power for rapl:::THERMAL_SPEC:PACKAGE0 *)
0.5815 s 7977840485.7373 (* Average Power for rapl:::THERMAL_SPEC:PACKAGE1 *)
0.5815 s 7969672482.0244 (* Average Power for rapl:::MINIMUM_POWER:PACKAGE0 *)
0.5815 s 7969672482.0244 (* Average Power for rapl:::MINIMUM_POWER:PACKAGE1 *)
0.5815 s 7985584963.3318 (* Average Power for rapl:::MAXIMUM_POWER:PACKAGE0 *)
0.5815 s 7985584963.3318 (* Average Power for rapl:::MAXIMUM_POWER:PACKAGE1 *)
0.5815 s 7887508415.0456 (* Average Power for rapl:::MAXIMUM_TIME_WINDOW:PACKAGE0 *)
0.5815 s 7887508415.0456 (* Average Power for rapl:::MAXIMUM_TIME_WINDOW:PACKAGE1 *)
0.5815 s 49.1509 (* Total Energy for rapl:::PACKAGE_ENERGY:PACKAGE0 *)
0.5815 s 84.5209 (* Average Power for rapl:::PACKAGE_ENERGY:PACKAGE0 *)
0.5815 s 32.2975 (* Total Energy for rapl:::PACKAGE_ENERGY:PACKAGE1 *)
0.5815 s 55.5395 (* Average Power for rapl:::PACKAGE_ENERGY:PACKAGE1 *)
0.5815 s 14.8815 (* Average Power for rapl:::DRAM_ENERGY:PACKAGE0 *)
0.5815 s 14.9961 (* Average Power for rapl:::DRAM_ENERGY:PACKAGE1 *)
0.5815 s 0.0000 (* Average Power for rapl:::PP0_ENERGY:PACKAGE0 *)
0.5815 s 0.0000 (* Average Power for rapl:::PP0_ENERGY:PACKAGE1 *)
Time for Classify and insert  0.581489 
Found rapl component at cid 2
Found: rapl:::THERMAL_SPEC_CNT:PACKAGE0
Found: rapl:::THERMAL_SPEC_CNT:PACKAGE1
Found: rapl:::MINIMUM_POWER_CNT:PACKAGE0
Found: rapl:::MINIMUM_POWER_CNT:PACKAGE1
Found: rapl:::MAXIMUM_POWER_CNT:PACKAGE0
Found: rapl:::MAXIMUM_POWER_CNT:PACKAGE1
Found: rapl:::MAXIMUM_TIME_WINDOW_CNT:PACKAGE0
Found: rapl:::MAXIMUM_TIME_WINDOW_CNT:PACKAGE1
Found: rapl:::PACKAGE_ENERGY_CNT:PACKAGE0
Found: rapl:::PACKAGE_ENERGY_CNT:PACKAGE1
Found: rapl:::DRAM_ENERGY_CNT:PACKAGE0
Found: rapl:::DRAM_ENERGY_CNT:PACKAGE1
Found: rapl:::PP0_ENERGY_CNT:PACKAGE0
Found: rapl:::PP0_ENERGY_CNT:PACKAGE1
Found: rapl:::THERMAL_SPEC:PACKAGE0
Found: rapl:::THERMAL_SPEC:PACKAGE1
Found: rapl:::MINIMUM_POWER:PACKAGE0
Found: rapl:::MINIMUM_POWER:PACKAGE1
Found: rapl:::MAXIMUM_POWER:PACKAGE0
Found: rapl:::MAXIMUM_POWER:PACKAGE1
Found: rapl:::MAXIMUM_TIME_WINDOW:PACKAGE0
Found: rapl:::MAXIMUM_TIME_WINDOW:PACKAGE1
Found: rapl:::PACKAGE_ENERGY:PACKAGE0
Found: rapl:::PACKAGE_ENERGY:PACKAGE1
Found: rapl:::DRAM_ENERGY:PACKAGE0
Found: rapl:::DRAM_ENERGY:PACKAGE1
Found: rapl:::PP0_ENERGY:PACKAGE0
Found: rapl:::PP0_ENERGY:PACKAGE1
Starting process_deletions
1.0123 s 0.0000 (* Average Power for rapl:::THERMAL_SPEC_CNT:PACKAGE0 *)
1.0123 s 0.0000 (* Average Power for rapl:::THERMAL_SPEC_CNT:PACKAGE1 *)
1.0123 s 0.0000 (* Average Power for rapl:::MINIMUM_POWER_CNT:PACKAGE0 *)
1.0123 s 0.0000 (* Average Power for rapl:::MINIMUM_POWER_CNT:PACKAGE1 *)
1.0123 s 0.0000 (* Average Power for rapl:::MAXIMUM_POWER_CNT:PACKAGE0 *)
1.0123 s 0.0000 (* Average Power for rapl:::MAXIMUM_POWER_CNT:PACKAGE1 *)
1.0123 s 0.0000 (* Average Power for rapl:::MAXIMUM_TIME_WINDOW_CNT:PACKAGE0 *)
1.0123 s 0.0000 (* Average Power for rapl:::MAXIMUM_TIME_WINDOW_CNT:PACKAGE1 *)
1.0123 s 0.0018 (* Average Power for rapl:::PACKAGE_ENERGY_CNT:PACKAGE0 *)
1.0123 s 0.0018 (* Average Power for rapl:::PACKAGE_ENERGY_CNT:PACKAGE1 *)
1.0123 s 0.0010 (* Average Power for rapl:::DRAM_ENERGY_CNT:PACKAGE0 *)
1.0123 s 0.0010 (* Average Power for rapl:::DRAM_ENERGY_CNT:PACKAGE1 *)
1.0123 s 0.0000 (* Average Power for rapl:::PP0_ENERGY_CNT:PACKAGE0 *)
1.0123 s 0.0000 (* Average Power for rapl:::PP0_ENERGY_CNT:PACKAGE1 *)
1.0123 s 4582730390.3032 (* Average Power for rapl:::THERMAL_SPEC:PACKAGE0 *)
1.0123 s 4582730390.3032 (* Average Power for rapl:::THERMAL_SPEC:PACKAGE1 *)
1.0123 s 4578038423.9860 (* Average Power for rapl:::MINIMUM_POWER:PACKAGE0 *)
1.0123 s 4578038423.9860 (* Average Power for rapl:::MINIMUM_POWER:PACKAGE1 *)
1.0123 s 4587179069.4781 (* Average Power for rapl:::MAXIMUM_POWER:PACKAGE0 *)
1.0123 s 4587179069.4781 (* Average Power for rapl:::MAXIMUM_POWER:PACKAGE1 *)
1.0123 s 4530840718.3653 (* Average Power for rapl:::MAXIMUM_TIME_WINDOW:PACKAGE0 *)
1.0123 s 4530840718.3653 (* Average Power for rapl:::MAXIMUM_TIME_WINDOW:PACKAGE1 *)
1.0123 s 108.4860 (* Total Energy for rapl:::PACKAGE_ENERGY:PACKAGE0 *)
1.0123 s 107.1630 (* Average Power for rapl:::PACKAGE_ENERGY:PACKAGE0 *)
1.0123 s 111.2379 (* Total Energy for rapl:::PACKAGE_ENERGY:PACKAGE1 *)
1.0123 s 109.8814 (* Average Power for rapl:::PACKAGE_ENERGY:PACKAGE1 *)
1.0123 s 15.6290 (* Average Power for rapl:::DRAM_ENERGY:PACKAGE0 *)
1.0123 s 15.0531 (* Average Power for rapl:::DRAM_ENERGY:PACKAGE1 *)
1.0123 s 0.0000 (* Average Power for rapl:::PP0_ENERGY:PACKAGE0 *)
1.0123 s 0.0000 (* Average Power for rapl:::PP0_ENERGY:PACKAGE1 *)
Time for Deletion  1.012311 
Total Time for Updating at Batch 1 is 1.700516 
Total Time for Updating Rooted Tree at iter 1 is 2.071893 with Rewire:0
Total Time for Updating  3.777055 
