Time Taken for Initializing Memory 0.360205 
Highest Edge Value 10 --
Total Time for Reading Remainder Edges 0.216716 
Total Time for Reading Certificate Network 7.228732 
Total Time for Reading Update List 0.409154 
==Update Starts =======
Time Taken for Initializing Memory 0.359848 
Highest Edge Value 10 --
Total Time for Reading Remainder Edges 0.217172 
Total Time for Reading Certificate Network 7.226835 
Total Time for Reading Update List 0.410676 
==Update Starts =======
Time Taken for Initializing Memory 0.360347 
Highest Edge Value 10 --
Total Time for Reading Remainder Edges 0.216752 
Total Time for Reading Certificate Network 7.269322 
Total Time for Reading Update List 0.409240 
==Update Starts =======
Time Taken for Initializing Memory 0.358503 
Highest Edge Value 10 --
Total Time for Reading Remainder Edges 0.216963 
Total Time for Reading Certificate Network 7.227278 
Total Time for Reading Update List 0.421427 
==Update Starts =======
