Time Taken for Initializing Memory 0.357202 
Highest Edge Value 10 --
Total Time for Reading Remainder Edges 0.217024 
Total Time for Reading Certificate Network 7.227324 
Total Time for Reading Update List 0.409195 
==Update Starts =======
Time Taken for Initializing Memory 0.357793 
Highest Edge Value 10 --
Total Time for Reading Remainder Edges 0.228230 
Total Time for Reading Certificate Network 7.350327 
Total Time for Reading Update List 0.432570 
==Update Starts =======
Time Taken for Initializing Memory 0.356983 
Highest Edge Value 10 --
Total Time for Reading Remainder Edges 0.216775 
Total Time for Reading Certificate Network 7.259385 
Total Time for Reading Update List 0.410079 
==Update Starts =======
Time Taken for Initializing Memory 0.357660 
Highest Edge Value 10 --
Total Time for Reading Remainder Edges 0.216467 
Total Time for Reading Certificate Network 7.260532 
Total Time for Reading Update List 0.409621 
==Update Starts =======
