Time Taken for Initializing Memory 0.378089 
Highest Edge Value 10 --
Total Time for Reading Remainder Edges 78.879110 
Total Time for Reading Certificate Network 18.752653 
Total Time for Reading Update List 0.427101 
==Update Starts =======
Total Time for Initial Tree Creation  9.280917 
Found rapl component at cid 2
Found: rapl:::THERMAL_SPEC_CNT:PACKAGE0
Found: rapl:::THERMAL_SPEC_CNT:PACKAGE1
Found: rapl:::MINIMUM_POWER_CNT:PACKAGE0
Found: rapl:::MINIMUM_POWER_CNT:PACKAGE1
Found: rapl:::MAXIMUM_POWER_CNT:PACKAGE0
Found: rapl:::MAXIMUM_POWER_CNT:PACKAGE1
Found: rapl:::MAXIMUM_TIME_WINDOW_CNT:PACKAGE0
Found: rapl:::MAXIMUM_TIME_WINDOW_CNT:PACKAGE1
Found: rapl:::PACKAGE_ENERGY_CNT:PACKAGE0
Found: rapl:::PACKAGE_ENERGY_CNT:PACKAGE1
Found: rapl:::DRAM_ENERGY_CNT:PACKAGE0
Found: rapl:::DRAM_ENERGY_CNT:PACKAGE1
Found: rapl:::PP0_ENERGY_CNT:PACKAGE0
Found: rapl:::PP0_ENERGY_CNT:PACKAGE1
Found: rapl:::THERMAL_SPEC:PACKAGE0
Found: rapl:::THERMAL_SPEC:PACKAGE1
Found: rapl:::MINIMUM_POWER:PACKAGE0
Found: rapl:::MINIMUM_POWER:PACKAGE1
Found: rapl:::MAXIMUM_POWER:PACKAGE0
Found: rapl:::MAXIMUM_POWER:PACKAGE1
Found: rapl:::MAXIMUM_TIME_WINDOW:PACKAGE0
Found: rapl:::MAXIMUM_TIME_WINDOW:PACKAGE1
Found: rapl:::PACKAGE_ENERGY:PACKAGE0
Found: rapl:::PACKAGE_ENERGY:PACKAGE1
Found: rapl:::DRAM_ENERGY:PACKAGE0
Found: rapl:::DRAM_ENERGY:PACKAGE1
Found: rapl:::PP0_ENERGY:PACKAGE0
Found: rapl:::PP0_ENERGY:PACKAGE1
Starting Classify and Insert
Classify 999999 999999  
Deleted Edges: 30804 
Processed Inserts: 160300
 Unprocessed Inserts: 182
 0.5811 s 0.0000 (* Average Power for rapl:::THERMAL_SPEC_CNT:PACKAGE0 *)
0.5811 s 0.0000 (* Average Power for rapl:::THERMAL_SPEC_CNT:PACKAGE1 *)
0.5811 s 0.0000 (* Average Power for rapl:::MINIMUM_POWER_CNT:PACKAGE0 *)
0.5811 s 0.0000 (* Average Power for rapl:::MINIMUM_POWER_CNT:PACKAGE1 *)
0.5811 s 0.0000 (* Average Power for rapl:::MAXIMUM_POWER_CNT:PACKAGE0 *)
0.5811 s 0.0000 (* Average Power for rapl:::MAXIMUM_POWER_CNT:PACKAGE1 *)
0.5811 s 0.0000 (* Average Power for rapl:::MAXIMUM_TIME_WINDOW_CNT:PACKAGE0 *)
0.5811 s 0.0000 (* Average Power for rapl:::MAXIMUM_TIME_WINDOW_CNT:PACKAGE1 *)
0.5811 s 0.0014 (* Average Power for rapl:::PACKAGE_ENERGY_CNT:PACKAGE0 *)
0.5811 s 0.0012 (* Average Power for rapl:::PACKAGE_ENERGY_CNT:PACKAGE1 *)
0.5811 s 0.0010 (* Average Power for rapl:::DRAM_ENERGY_CNT:PACKAGE0 *)
0.5811 s 0.0010 (* Average Power for rapl:::DRAM_ENERGY_CNT:PACKAGE1 *)
0.5811 s 0.0000 (* Average Power for rapl:::PP0_ENERGY_CNT:PACKAGE0 *)
0.5811 s 0.0000 (* Average Power for rapl:::PP0_ENERGY_CNT:PACKAGE1 *)
0.5811 s 7983491314.9643 (* Average Power for rapl:::THERMAL_SPEC:PACKAGE0 *)
0.5811 s 7983491314.9643 (* Average Power for rapl:::THERMAL_SPEC:PACKAGE1 *)
0.5811 s 7975317525.7266 (* Average Power for rapl:::MINIMUM_POWER:PACKAGE0 *)
0.5811 s 7975317525.7266 (* Average Power for rapl:::MINIMUM_POWER:PACKAGE1 *)
0.5811 s 7991241278.0934 (* Average Power for rapl:::MAXIMUM_POWER:PACKAGE0 *)
0.5811 s 7991241278.0934 (* Average Power for rapl:::MAXIMUM_POWER:PACKAGE1 *)
0.5811 s 7893095260.6536 (* Average Power for rapl:::MAXIMUM_TIME_WINDOW:PACKAGE0 *)
0.5811 s 7893095260.6536 (* Average Power for rapl:::MAXIMUM_TIME_WINDOW:PACKAGE1 *)
0.5811 s 50.0803 (* Total Energy for rapl:::PACKAGE_ENERGY:PACKAGE0 *)
0.5811 s 86.1800 (* Average Power for rapl:::PACKAGE_ENERGY:PACKAGE0 *)
0.5811 s 41.0029 (* Total Energy for rapl:::PACKAGE_ENERGY:PACKAGE1 *)
0.5811 s 70.5593 (* Average Power for rapl:::PACKAGE_ENERGY:PACKAGE1 *)
0.5811 s 15.0371 (* Average Power for rapl:::DRAM_ENERGY:PACKAGE0 *)
0.5811 s 14.7923 (* Average Power for rapl:::DRAM_ENERGY:PACKAGE1 *)
0.5811 s 0.0000 (* Average Power for rapl:::PP0_ENERGY:PACKAGE0 *)
0.5811 s 0.0000 (* Average Power for rapl:::PP0_ENERGY:PACKAGE1 *)
Time for Classify and insert  0.581079 
Found rapl component at cid 2
Found: rapl:::THERMAL_SPEC_CNT:PACKAGE0
Found: rapl:::THERMAL_SPEC_CNT:PACKAGE1
Found: rapl:::MINIMUM_POWER_CNT:PACKAGE0
Found: rapl:::MINIMUM_POWER_CNT:PACKAGE1
Found: rapl:::MAXIMUM_POWER_CNT:PACKAGE0
Found: rapl:::MAXIMUM_POWER_CNT:PACKAGE1
Found: rapl:::MAXIMUM_TIME_WINDOW_CNT:PACKAGE0
Found: rapl:::MAXIMUM_TIME_WINDOW_CNT:PACKAGE1
Found: rapl:::PACKAGE_ENERGY_CNT:PACKAGE0
Found: rapl:::PACKAGE_ENERGY_CNT:PACKAGE1
Found: rapl:::DRAM_ENERGY_CNT:PACKAGE0
Found: rapl:::DRAM_ENERGY_CNT:PACKAGE1
Found: rapl:::PP0_ENERGY_CNT:PACKAGE0
Found: rapl:::PP0_ENERGY_CNT:PACKAGE1
Found: rapl:::THERMAL_SPEC:PACKAGE0
Found: rapl:::THERMAL_SPEC:PACKAGE1
Found: rapl:::MINIMUM_POWER:PACKAGE0
Found: rapl:::MINIMUM_POWER:PACKAGE1
Found: rapl:::MAXIMUM_POWER:PACKAGE0
Found: rapl:::MAXIMUM_POWER:PACKAGE1
Found: rapl:::MAXIMUM_TIME_WINDOW:PACKAGE0
Found: rapl:::MAXIMUM_TIME_WINDOW:PACKAGE1
Found: rapl:::PACKAGE_ENERGY:PACKAGE0
Found: rapl:::PACKAGE_ENERGY:PACKAGE1
Found: rapl:::DRAM_ENERGY:PACKAGE0
Found: rapl:::DRAM_ENERGY:PACKAGE1
Found: rapl:::PP0_ENERGY:PACKAGE0
Found: rapl:::PP0_ENERGY:PACKAGE1
Starting process_deletions
1.2907 s 0.0000 (* Average Power for rapl:::THERMAL_SPEC_CNT:PACKAGE0 *)
1.2907 s 0.0000 (* Average Power for rapl:::THERMAL_SPEC_CNT:PACKAGE1 *)
1.2907 s 0.0000 (* Average Power for rapl:::MINIMUM_POWER_CNT:PACKAGE0 *)
1.2907 s 0.0000 (* Average Power for rapl:::MINIMUM_POWER_CNT:PACKAGE1 *)
1.2907 s 0.0000 (* Average Power for rapl:::MAXIMUM_POWER_CNT:PACKAGE0 *)
1.2907 s 0.0000 (* Average Power for rapl:::MAXIMUM_POWER_CNT:PACKAGE1 *)
1.2907 s 0.0000 (* Average Power for rapl:::MAXIMUM_TIME_WINDOW_CNT:PACKAGE0 *)
1.2907 s 0.0000 (* Average Power for rapl:::MAXIMUM_TIME_WINDOW_CNT:PACKAGE1 *)
1.2907 s 0.0017 (* Average Power for rapl:::PACKAGE_ENERGY_CNT:PACKAGE0 *)
1.2907 s 0.0018 (* Average Power for rapl:::PACKAGE_ENERGY_CNT:PACKAGE1 *)
1.2907 s 0.0010 (* Average Power for rapl:::DRAM_ENERGY_CNT:PACKAGE0 *)
1.2907 s 0.0010 (* Average Power for rapl:::DRAM_ENERGY_CNT:PACKAGE1 *)
1.2907 s 0.0000 (* Average Power for rapl:::PP0_ENERGY_CNT:PACKAGE0 *)
1.2907 s 0.0000 (* Average Power for rapl:::PP0_ENERGY_CNT:PACKAGE1 *)
1.2907 s 3594522367.9142 (* Average Power for rapl:::THERMAL_SPEC:PACKAGE0 *)
1.2907 s 3594522367.9142 (* Average Power for rapl:::THERMAL_SPEC:PACKAGE1 *)
1.2907 s 3590842164.9696 (* Average Power for rapl:::MINIMUM_POWER:PACKAGE0 *)
1.2907 s 3590842164.9696 (* Average Power for rapl:::MINIMUM_POWER:PACKAGE1 *)
1.2907 s 3598011745.5210 (* Average Power for rapl:::MAXIMUM_POWER:PACKAGE0 *)
1.2907 s 3598011745.5210 (* Average Power for rapl:::MAXIMUM_POWER:PACKAGE1 *)
1.2907 s 3553822049.4230 (* Average Power for rapl:::MAXIMUM_TIME_WINDOW:PACKAGE0 *)
1.2907 s 3553822049.4230 (* Average Power for rapl:::MAXIMUM_TIME_WINDOW:PACKAGE1 *)
1.2907 s 137.1521 (* Total Energy for rapl:::PACKAGE_ENERGY:PACKAGE0 *)
1.2907 s 106.2651 (* Average Power for rapl:::PACKAGE_ENERGY:PACKAGE0 *)
1.2907 s 141.3661 (* Total Energy for rapl:::PACKAGE_ENERGY:PACKAGE1 *)
1.2907 s 109.5301 (* Average Power for rapl:::PACKAGE_ENERGY:PACKAGE1 *)
1.2907 s 15.5508 (* Average Power for rapl:::DRAM_ENERGY:PACKAGE0 *)
1.2907 s 14.9601 (* Average Power for rapl:::DRAM_ENERGY:PACKAGE1 *)
1.2907 s 0.0000 (* Average Power for rapl:::PP0_ENERGY:PACKAGE0 *)
1.2907 s 0.0000 (* Average Power for rapl:::PP0_ENERGY:PACKAGE1 *)
Time for Deletion  1.290633 
Total Time for Updating at Batch 1 is 1.977888 
Total Time for Updating Rooted Tree at iter 1 is 2.201252 with Rewire:0
Total Time for Updating  4.199092 
Time Taken for Initializing Memory 0.328088 
Highest Edge Value 10 --
Total Time for Reading Remainder Edges 78.928341 
Total Time for Reading Certificate Network 18.817808 
Total Time for Reading Update List 0.428003 
==Update Starts =======
Total Time for Initial Tree Creation  8.374897 
Found rapl component at cid 2
Found: rapl:::THERMAL_SPEC_CNT:PACKAGE0
Found: rapl:::THERMAL_SPEC_CNT:PACKAGE1
Found: rapl:::MINIMUM_POWER_CNT:PACKAGE0
Found: rapl:::MINIMUM_POWER_CNT:PACKAGE1
Found: rapl:::MAXIMUM_POWER_CNT:PACKAGE0
Found: rapl:::MAXIMUM_POWER_CNT:PACKAGE1
Found: rapl:::MAXIMUM_TIME_WINDOW_CNT:PACKAGE0
Found: rapl:::MAXIMUM_TIME_WINDOW_CNT:PACKAGE1
Found: rapl:::PACKAGE_ENERGY_CNT:PACKAGE0
Found: rapl:::PACKAGE_ENERGY_CNT:PACKAGE1
Found: rapl:::DRAM_ENERGY_CNT:PACKAGE0
Found: rapl:::DRAM_ENERGY_CNT:PACKAGE1
Found: rapl:::PP0_ENERGY_CNT:PACKAGE0
Found: rapl:::PP0_ENERGY_CNT:PACKAGE1
Found: rapl:::THERMAL_SPEC:PACKAGE0
Found: rapl:::THERMAL_SPEC:PACKAGE1
Found: rapl:::MINIMUM_POWER:PACKAGE0
Found: rapl:::MINIMUM_POWER:PACKAGE1
Found: rapl:::MAXIMUM_POWER:PACKAGE0
Found: rapl:::MAXIMUM_POWER:PACKAGE1
Found: rapl:::MAXIMUM_TIME_WINDOW:PACKAGE0
Found: rapl:::MAXIMUM_TIME_WINDOW:PACKAGE1
Found: rapl:::PACKAGE_ENERGY:PACKAGE0
Found: rapl:::PACKAGE_ENERGY:PACKAGE1
Found: rapl:::DRAM_ENERGY:PACKAGE0
Found: rapl:::DRAM_ENERGY:PACKAGE1
Found: rapl:::PP0_ENERGY:PACKAGE0
Found: rapl:::PP0_ENERGY:PACKAGE1
Starting Classify and Insert
Classify 999999 999999  
Deleted Edges: 30804 
Processed Inserts: 160303
 Unprocessed Inserts: 204
 0.5176 s 0.0000 (* Average Power for rapl:::THERMAL_SPEC_CNT:PACKAGE0 *)
0.5176 s 0.0000 (* Average Power for rapl:::THERMAL_SPEC_CNT:PACKAGE1 *)
0.5176 s 0.0000 (* Average Power for rapl:::MINIMUM_POWER_CNT:PACKAGE0 *)
0.5176 s 0.0000 (* Average Power for rapl:::MINIMUM_POWER_CNT:PACKAGE1 *)
0.5176 s 0.0000 (* Average Power for rapl:::MAXIMUM_POWER_CNT:PACKAGE0 *)
0.5176 s 0.0000 (* Average Power for rapl:::MAXIMUM_POWER_CNT:PACKAGE1 *)
0.5176 s 0.0000 (* Average Power for rapl:::MAXIMUM_TIME_WINDOW_CNT:PACKAGE0 *)
0.5176 s 0.0000 (* Average Power for rapl:::MAXIMUM_TIME_WINDOW_CNT:PACKAGE1 *)
0.5176 s 0.0011 (* Average Power for rapl:::PACKAGE_ENERGY_CNT:PACKAGE0 *)
0.5176 s 0.0013 (* Average Power for rapl:::PACKAGE_ENERGY_CNT:PACKAGE1 *)
0.5176 s 0.0009 (* Average Power for rapl:::DRAM_ENERGY_CNT:PACKAGE0 *)
0.5176 s 0.0010 (* Average Power for rapl:::DRAM_ENERGY_CNT:PACKAGE1 *)
0.5176 s 0.0000 (* Average Power for rapl:::PP0_ENERGY_CNT:PACKAGE0 *)
0.5176 s 0.0000 (* Average Power for rapl:::PP0_ENERGY_CNT:PACKAGE1 *)
0.5176 s 8962419942.4898 (* Average Power for rapl:::THERMAL_SPEC:PACKAGE0 *)
0.5176 s 8962419942.4898 (* Average Power for rapl:::THERMAL_SPEC:PACKAGE1 *)
0.5176 s 8953243890.4620 (* Average Power for rapl:::MINIMUM_POWER:PACKAGE0 *)
0.5176 s 8953243890.4620 (* Average Power for rapl:::MINIMUM_POWER:PACKAGE1 *)
0.5176 s 8971120199.2273 (* Average Power for rapl:::MAXIMUM_POWER:PACKAGE0 *)
0.5176 s 8971120199.2273 (* Average Power for rapl:::MAXIMUM_POWER:PACKAGE1 *)
0.5176 s 8860939604.1374 (* Average Power for rapl:::MAXIMUM_TIME_WINDOW:PACKAGE0 *)
0.5176 s 8860939604.1374 (* Average Power for rapl:::MAXIMUM_TIME_WINDOW:PACKAGE1 *)
0.5176 s 34.5040 (* Total Energy for rapl:::PACKAGE_ENERGY:PACKAGE0 *)
0.5176 s 66.6564 (* Average Power for rapl:::PACKAGE_ENERGY:PACKAGE0 *)
0.5176 s 41.3104 (* Total Energy for rapl:::PACKAGE_ENERGY:PACKAGE1 *)
0.5176 s 79.8053 (* Average Power for rapl:::PACKAGE_ENERGY:PACKAGE1 *)
0.5176 s 14.3364 (* Average Power for rapl:::DRAM_ENERGY:PACKAGE0 *)
0.5176 s 15.7003 (* Average Power for rapl:::DRAM_ENERGY:PACKAGE1 *)
0.5176 s 0.0000 (* Average Power for rapl:::PP0_ENERGY:PACKAGE0 *)
0.5176 s 0.0000 (* Average Power for rapl:::PP0_ENERGY:PACKAGE1 *)
Time for Classify and insert  0.517550 
Found rapl component at cid 2
Found: rapl:::THERMAL_SPEC_CNT:PACKAGE0
Found: rapl:::THERMAL_SPEC_CNT:PACKAGE1
Found: rapl:::MINIMUM_POWER_CNT:PACKAGE0
Found: rapl:::MINIMUM_POWER_CNT:PACKAGE1
Found: rapl:::MAXIMUM_POWER_CNT:PACKAGE0
Found: rapl:::MAXIMUM_POWER_CNT:PACKAGE1
Found: rapl:::MAXIMUM_TIME_WINDOW_CNT:PACKAGE0
Found: rapl:::MAXIMUM_TIME_WINDOW_CNT:PACKAGE1
Found: rapl:::PACKAGE_ENERGY_CNT:PACKAGE0
Found: rapl:::PACKAGE_ENERGY_CNT:PACKAGE1
Found: rapl:::DRAM_ENERGY_CNT:PACKAGE0
Found: rapl:::DRAM_ENERGY_CNT:PACKAGE1
Found: rapl:::PP0_ENERGY_CNT:PACKAGE0
Found: rapl:::PP0_ENERGY_CNT:PACKAGE1
Found: rapl:::THERMAL_SPEC:PACKAGE0
Found: rapl:::THERMAL_SPEC:PACKAGE1
Found: rapl:::MINIMUM_POWER:PACKAGE0
Found: rapl:::MINIMUM_POWER:PACKAGE1
Found: rapl:::MAXIMUM_POWER:PACKAGE0
Found: rapl:::MAXIMUM_POWER:PACKAGE1
Found: rapl:::MAXIMUM_TIME_WINDOW:PACKAGE0
Found: rapl:::MAXIMUM_TIME_WINDOW:PACKAGE1
Found: rapl:::PACKAGE_ENERGY:PACKAGE0
Found: rapl:::PACKAGE_ENERGY:PACKAGE1
Found: rapl:::DRAM_ENERGY:PACKAGE0
Found: rapl:::DRAM_ENERGY:PACKAGE1
Found: rapl:::PP0_ENERGY:PACKAGE0
Found: rapl:::PP0_ENERGY:PACKAGE1
Starting process_deletions
1.2320 s 0.0000 (* Average Power for rapl:::THERMAL_SPEC_CNT:PACKAGE0 *)
1.2320 s 0.0000 (* Average Power for rapl:::THERMAL_SPEC_CNT:PACKAGE1 *)
1.2320 s 0.0000 (* Average Power for rapl:::MINIMUM_POWER_CNT:PACKAGE0 *)
1.2320 s 0.0000 (* Average Power for rapl:::MINIMUM_POWER_CNT:PACKAGE1 *)
1.2320 s 0.0000 (* Average Power for rapl:::MAXIMUM_POWER_CNT:PACKAGE0 *)
1.2320 s 0.0000 (* Average Power for rapl:::MAXIMUM_POWER_CNT:PACKAGE1 *)
1.2320 s 0.0000 (* Average Power for rapl:::MAXIMUM_TIME_WINDOW_CNT:PACKAGE0 *)
1.2320 s 0.0000 (* Average Power for rapl:::MAXIMUM_TIME_WINDOW_CNT:PACKAGE1 *)
1.2320 s 0.0016 (* Average Power for rapl:::PACKAGE_ENERGY_CNT:PACKAGE0 *)
1.2320 s 0.0018 (* Average Power for rapl:::PACKAGE_ENERGY_CNT:PACKAGE1 *)
1.2320 s 0.0010 (* Average Power for rapl:::DRAM_ENERGY_CNT:PACKAGE0 *)
1.2320 s 0.0011 (* Average Power for rapl:::DRAM_ENERGY_CNT:PACKAGE1 *)
1.2320 s 0.0000 (* Average Power for rapl:::PP0_ENERGY_CNT:PACKAGE0 *)
1.2320 s 0.0000 (* Average Power for rapl:::PP0_ENERGY_CNT:PACKAGE1 *)
1.2320 s 3765677355.4799 (* Average Power for rapl:::THERMAL_SPEC:PACKAGE0 *)
1.2320 s 3765677355.4799 (* Average Power for rapl:::THERMAL_SPEC:PACKAGE1 *)
1.2320 s 3761821917.8241 (* Average Power for rapl:::MINIMUM_POWER:PACKAGE0 *)
1.2320 s 3761821917.8241 (* Average Power for rapl:::MINIMUM_POWER:PACKAGE1 *)
1.2320 s 3769332881.5537 (* Average Power for rapl:::MAXIMUM_POWER:PACKAGE0 *)
1.2320 s 3769332881.5537 (* Average Power for rapl:::MAXIMUM_POWER:PACKAGE1 *)
1.2320 s 3723039070.8858 (* Average Power for rapl:::MAXIMUM_TIME_WINDOW:PACKAGE0 *)
1.2320 s 3723039070.8858 (* Average Power for rapl:::MAXIMUM_TIME_WINDOW:PACKAGE1 *)
1.2320 s 117.3042 (* Total Energy for rapl:::PACKAGE_ENERGY:PACKAGE0 *)
1.2320 s 95.2146 (* Average Power for rapl:::PACKAGE_ENERGY:PACKAGE0 *)
1.2320 s 135.4633 (* Total Energy for rapl:::PACKAGE_ENERGY:PACKAGE1 *)
1.2320 s 109.9542 (* Average Power for rapl:::PACKAGE_ENERGY:PACKAGE1 *)
1.2320 s 14.6183 (* Average Power for rapl:::DRAM_ENERGY:PACKAGE0 *)
1.2320 s 16.0831 (* Average Power for rapl:::DRAM_ENERGY:PACKAGE1 *)
1.2320 s 0.0000 (* Average Power for rapl:::PP0_ENERGY:PACKAGE0 *)
1.2320 s 0.0000 (* Average Power for rapl:::PP0_ENERGY:PACKAGE1 *)
Time for Deletion  1.231969 
Total Time for Updating at Batch 1 is 1.836920 
Total Time for Updating Rooted Tree at iter 1 is 1.945971 with Rewire:0
Total Time for Updating  3.787545 
Time Taken for Initializing Memory 0.391130 
Highest Edge Value 10 --
Total Time for Reading Remainder Edges 78.939135 
Total Time for Reading Certificate Network 18.886504 
Total Time for Reading Update List 0.426692 
==Update Starts =======
Total Time for Initial Tree Creation  8.562976 
Found rapl component at cid 2
Found: rapl:::THERMAL_SPEC_CNT:PACKAGE0
Found: rapl:::THERMAL_SPEC_CNT:PACKAGE1
Found: rapl:::MINIMUM_POWER_CNT:PACKAGE0
Found: rapl:::MINIMUM_POWER_CNT:PACKAGE1
Found: rapl:::MAXIMUM_POWER_CNT:PACKAGE0
Found: rapl:::MAXIMUM_POWER_CNT:PACKAGE1
Found: rapl:::MAXIMUM_TIME_WINDOW_CNT:PACKAGE0
Found: rapl:::MAXIMUM_TIME_WINDOW_CNT:PACKAGE1
Found: rapl:::PACKAGE_ENERGY_CNT:PACKAGE0
Found: rapl:::PACKAGE_ENERGY_CNT:PACKAGE1
Found: rapl:::DRAM_ENERGY_CNT:PACKAGE0
Found: rapl:::DRAM_ENERGY_CNT:PACKAGE1
Found: rapl:::PP0_ENERGY_CNT:PACKAGE0
Found: rapl:::PP0_ENERGY_CNT:PACKAGE1
Found: rapl:::THERMAL_SPEC:PACKAGE0
Found: rapl:::THERMAL_SPEC:PACKAGE1
Found: rapl:::MINIMUM_POWER:PACKAGE0
Found: rapl:::MINIMUM_POWER:PACKAGE1
Found: rapl:::MAXIMUM_POWER:PACKAGE0
Found: rapl:::MAXIMUM_POWER:PACKAGE1
Found: rapl:::MAXIMUM_TIME_WINDOW:PACKAGE0
Found: rapl:::MAXIMUM_TIME_WINDOW:PACKAGE1
Found: rapl:::PACKAGE_ENERGY:PACKAGE0
Found: rapl:::PACKAGE_ENERGY:PACKAGE1
Found: rapl:::DRAM_ENERGY:PACKAGE0
Found: rapl:::DRAM_ENERGY:PACKAGE1
Found: rapl:::PP0_ENERGY:PACKAGE0
Found: rapl:::PP0_ENERGY:PACKAGE1
Starting Classify and Insert
Classify 999999 999999  
Deleted Edges: 30804 
Processed Inserts: 160297
 Unprocessed Inserts: 188
 0.5362 s 0.0000 (* Average Power for rapl:::THERMAL_SPEC_CNT:PACKAGE0 *)
0.5362 s 0.0000 (* Average Power for rapl:::THERMAL_SPEC_CNT:PACKAGE1 *)
0.5362 s 0.0000 (* Average Power for rapl:::MINIMUM_POWER_CNT:PACKAGE0 *)
0.5362 s 0.0000 (* Average Power for rapl:::MINIMUM_POWER_CNT:PACKAGE1 *)
0.5362 s 0.0000 (* Average Power for rapl:::MAXIMUM_POWER_CNT:PACKAGE0 *)
0.5362 s 0.0000 (* Average Power for rapl:::MAXIMUM_POWER_CNT:PACKAGE1 *)
0.5362 s 0.0000 (* Average Power for rapl:::MAXIMUM_TIME_WINDOW_CNT:PACKAGE0 *)
0.5362 s 0.0000 (* Average Power for rapl:::MAXIMUM_TIME_WINDOW_CNT:PACKAGE1 *)
0.5362 s 0.0008 (* Average Power for rapl:::PACKAGE_ENERGY_CNT:PACKAGE0 *)
0.5362 s 0.0015 (* Average Power for rapl:::PACKAGE_ENERGY_CNT:PACKAGE1 *)
0.5362 s 0.0009 (* Average Power for rapl:::DRAM_ENERGY_CNT:PACKAGE0 *)
0.5362 s 0.0010 (* Average Power for rapl:::DRAM_ENERGY_CNT:PACKAGE1 *)
0.5362 s 0.0000 (* Average Power for rapl:::PP0_ENERGY_CNT:PACKAGE0 *)
0.5362 s 0.0000 (* Average Power for rapl:::PP0_ENERGY_CNT:PACKAGE1 *)
0.5362 s 8651689731.6109 (* Average Power for rapl:::THERMAL_SPEC:PACKAGE0 *)
0.5362 s 8651689731.6109 (* Average Power for rapl:::THERMAL_SPEC:PACKAGE1 *)
0.5362 s 8642831816.4924 (* Average Power for rapl:::MINIMUM_POWER:PACKAGE0 *)
0.5362 s 8642831816.4924 (* Average Power for rapl:::MINIMUM_POWER:PACKAGE1 *)
0.5362 s 8660088347.4268 (* Average Power for rapl:::MAXIMUM_POWER:PACKAGE0 *)
0.5362 s 8660088347.4268 (* Average Power for rapl:::MAXIMUM_POWER:PACKAGE1 *)
0.5362 s 8553727751.8199 (* Average Power for rapl:::MAXIMUM_TIME_WINDOW:PACKAGE0 *)
0.5362 s 8553727751.8199 (* Average Power for rapl:::MAXIMUM_TIME_WINDOW:PACKAGE1 *)
0.5362 s 26.9873 (* Total Energy for rapl:::PACKAGE_ENERGY:PACKAGE0 *)
0.5362 s 50.3277 (* Average Power for rapl:::PACKAGE_ENERGY:PACKAGE0 *)
0.5362 s 48.1866 (* Total Energy for rapl:::PACKAGE_ENERGY:PACKAGE1 *)
0.5362 s 89.8617 (* Average Power for rapl:::PACKAGE_ENERGY:PACKAGE1 *)
0.5362 s 14.3380 (* Average Power for rapl:::DRAM_ENERGY:PACKAGE0 *)
0.5362 s 15.6961 (* Average Power for rapl:::DRAM_ENERGY:PACKAGE1 *)
0.5362 s 0.0000 (* Average Power for rapl:::PP0_ENERGY:PACKAGE0 *)
0.5362 s 0.0000 (* Average Power for rapl:::PP0_ENERGY:PACKAGE1 *)
Time for Classify and insert  0.536177 
Found rapl component at cid 2
Found: rapl:::THERMAL_SPEC_CNT:PACKAGE0
Found: rapl:::THERMAL_SPEC_CNT:PACKAGE1
Found: rapl:::MINIMUM_POWER_CNT:PACKAGE0
Found: rapl:::MINIMUM_POWER_CNT:PACKAGE1
Found: rapl:::MAXIMUM_POWER_CNT:PACKAGE0
Found: rapl:::MAXIMUM_POWER_CNT:PACKAGE1
Found: rapl:::MAXIMUM_TIME_WINDOW_CNT:PACKAGE0
Found: rapl:::MAXIMUM_TIME_WINDOW_CNT:PACKAGE1
Found: rapl:::PACKAGE_ENERGY_CNT:PACKAGE0
Found: rapl:::PACKAGE_ENERGY_CNT:PACKAGE1
Found: rapl:::DRAM_ENERGY_CNT:PACKAGE0
Found: rapl:::DRAM_ENERGY_CNT:PACKAGE1
Found: rapl:::PP0_ENERGY_CNT:PACKAGE0
Found: rapl:::PP0_ENERGY_CNT:PACKAGE1
Found: rapl:::THERMAL_SPEC:PACKAGE0
Found: rapl:::THERMAL_SPEC:PACKAGE1
Found: rapl:::MINIMUM_POWER:PACKAGE0
Found: rapl:::MINIMUM_POWER:PACKAGE1
Found: rapl:::MAXIMUM_POWER:PACKAGE0
Found: rapl:::MAXIMUM_POWER:PACKAGE1
Found: rapl:::MAXIMUM_TIME_WINDOW:PACKAGE0
Found: rapl:::MAXIMUM_TIME_WINDOW:PACKAGE1
Found: rapl:::PACKAGE_ENERGY:PACKAGE0
Found: rapl:::PACKAGE_ENERGY:PACKAGE1
Found: rapl:::DRAM_ENERGY:PACKAGE0
Found: rapl:::DRAM_ENERGY:PACKAGE1
Found: rapl:::PP0_ENERGY:PACKAGE0
Found: rapl:::PP0_ENERGY:PACKAGE1
Starting process_deletions
1.2193 s 0.0000 (* Average Power for rapl:::THERMAL_SPEC_CNT:PACKAGE0 *)
1.2193 s 0.0000 (* Average Power for rapl:::THERMAL_SPEC_CNT:PACKAGE1 *)
1.2193 s 0.0000 (* Average Power for rapl:::MINIMUM_POWER_CNT:PACKAGE0 *)
1.2193 s 0.0000 (* Average Power for rapl:::MINIMUM_POWER_CNT:PACKAGE1 *)
1.2193 s 0.0000 (* Average Power for rapl:::MAXIMUM_POWER_CNT:PACKAGE0 *)
1.2193 s 0.0000 (* Average Power for rapl:::MAXIMUM_POWER_CNT:PACKAGE1 *)
1.2193 s 0.0000 (* Average Power for rapl:::MAXIMUM_TIME_WINDOW_CNT:PACKAGE0 *)
1.2193 s 0.0000 (* Average Power for rapl:::MAXIMUM_TIME_WINDOW_CNT:PACKAGE1 *)
1.2193 s 0.0017 (* Average Power for rapl:::PACKAGE_ENERGY_CNT:PACKAGE0 *)
1.2193 s 0.0018 (* Average Power for rapl:::PACKAGE_ENERGY_CNT:PACKAGE1 *)
1.2193 s 0.0009 (* Average Power for rapl:::DRAM_ENERGY_CNT:PACKAGE0 *)
1.2193 s 0.0011 (* Average Power for rapl:::DRAM_ENERGY_CNT:PACKAGE1 *)
1.2193 s 0.0000 (* Average Power for rapl:::PP0_ENERGY_CNT:PACKAGE0 *)
1.2193 s 0.0000 (* Average Power for rapl:::PP0_ENERGY_CNT:PACKAGE1 *)
1.2193 s 3805012337.7100 (* Average Power for rapl:::THERMAL_SPEC:PACKAGE0 *)
1.2193 s 3805012337.7100 (* Average Power for rapl:::THERMAL_SPEC:PACKAGE1 *)
1.2193 s 3801116627.4664 (* Average Power for rapl:::MINIMUM_POWER:PACKAGE0 *)
1.2193 s 3801116627.4664 (* Average Power for rapl:::MINIMUM_POWER:PACKAGE1 *)
1.2193 s 3808706048.1632 (* Average Power for rapl:::MAXIMUM_POWER:PACKAGE0 *)
1.2193 s 3808706048.1632 (* Average Power for rapl:::MAXIMUM_POWER:PACKAGE1 *)
1.2193 s 3761928668.1271 (* Average Power for rapl:::MAXIMUM_TIME_WINDOW:PACKAGE0 *)
1.2193 s 3761928668.1271 (* Average Power for rapl:::MAXIMUM_TIME_WINDOW:PACKAGE1 *)
1.2193 s 127.2104 (* Total Energy for rapl:::PACKAGE_ENERGY:PACKAGE0 *)
1.2193 s 104.3340 (* Average Power for rapl:::PACKAGE_ENERGY:PACKAGE0 *)
1.2193 s 135.5131 (* Total Energy for rapl:::PACKAGE_ENERGY:PACKAGE1 *)
1.2193 s 111.1436 (* Average Power for rapl:::PACKAGE_ENERGY:PACKAGE1 *)
1.2193 s 14.2921 (* Average Power for rapl:::DRAM_ENERGY:PACKAGE0 *)
1.2193 s 16.4024 (* Average Power for rapl:::DRAM_ENERGY:PACKAGE1 *)
1.2193 s 0.0000 (* Average Power for rapl:::PP0_ENERGY:PACKAGE0 *)
1.2193 s 0.0000 (* Average Power for rapl:::PP0_ENERGY:PACKAGE1 *)
Time for Deletion  1.219226 
Total Time for Updating at Batch 1 is 1.853886 
Total Time for Updating Rooted Tree at iter 1 is 1.912182 with Rewire:0
Total Time for Updating  3.769805 
Time Taken for Initializing Memory 0.388776 
Highest Edge Value 10 --
Total Time for Reading Remainder Edges 79.394709 
Total Time for Reading Certificate Network 18.756769 
Total Time for Reading Update List 0.431445 
==Update Starts =======
Total Time for Initial Tree Creation  9.250525 
Found rapl component at cid 2
Found: rapl:::THERMAL_SPEC_CNT:PACKAGE0
Found: rapl:::THERMAL_SPEC_CNT:PACKAGE1
Found: rapl:::MINIMUM_POWER_CNT:PACKAGE0
Found: rapl:::MINIMUM_POWER_CNT:PACKAGE1
Found: rapl:::MAXIMUM_POWER_CNT:PACKAGE0
Found: rapl:::MAXIMUM_POWER_CNT:PACKAGE1
Found: rapl:::MAXIMUM_TIME_WINDOW_CNT:PACKAGE0
Found: rapl:::MAXIMUM_TIME_WINDOW_CNT:PACKAGE1
Found: rapl:::PACKAGE_ENERGY_CNT:PACKAGE0
Found: rapl:::PACKAGE_ENERGY_CNT:PACKAGE1
Found: rapl:::DRAM_ENERGY_CNT:PACKAGE0
Found: rapl:::DRAM_ENERGY_CNT:PACKAGE1
Found: rapl:::PP0_ENERGY_CNT:PACKAGE0
Found: rapl:::PP0_ENERGY_CNT:PACKAGE1
Found: rapl:::THERMAL_SPEC:PACKAGE0
Found: rapl:::THERMAL_SPEC:PACKAGE1
Found: rapl:::MINIMUM_POWER:PACKAGE0
Found: rapl:::MINIMUM_POWER:PACKAGE1
Found: rapl:::MAXIMUM_POWER:PACKAGE0
Found: rapl:::MAXIMUM_POWER:PACKAGE1
Found: rapl:::MAXIMUM_TIME_WINDOW:PACKAGE0
Found: rapl:::MAXIMUM_TIME_WINDOW:PACKAGE1
Found: rapl:::PACKAGE_ENERGY:PACKAGE0
Found: rapl:::PACKAGE_ENERGY:PACKAGE1
Found: rapl:::DRAM_ENERGY:PACKAGE0
Found: rapl:::DRAM_ENERGY:PACKAGE1
Found: rapl:::PP0_ENERGY:PACKAGE0
Found: rapl:::PP0_ENERGY:PACKAGE1
Starting Classify and Insert
Classify 999999 999999  
Deleted Edges: 30804 
Processed Inserts: 160303
 Unprocessed Inserts: 191
 0.5710 s 0.0000 (* Average Power for rapl:::THERMAL_SPEC_CNT:PACKAGE0 *)
0.5710 s 0.0000 (* Average Power for rapl:::THERMAL_SPEC_CNT:PACKAGE1 *)
0.5710 s 0.0000 (* Average Power for rapl:::MINIMUM_POWER_CNT:PACKAGE0 *)
0.5710 s 0.0000 (* Average Power for rapl:::MINIMUM_POWER_CNT:PACKAGE1 *)
0.5710 s 0.0000 (* Average Power for rapl:::MAXIMUM_POWER_CNT:PACKAGE0 *)
0.5710 s 0.0000 (* Average Power for rapl:::MAXIMUM_POWER_CNT:PACKAGE1 *)
0.5710 s 0.0000 (* Average Power for rapl:::MAXIMUM_TIME_WINDOW_CNT:PACKAGE0 *)
0.5710 s 0.0000 (* Average Power for rapl:::MAXIMUM_TIME_WINDOW_CNT:PACKAGE1 *)
0.5710 s 0.0014 (* Average Power for rapl:::PACKAGE_ENERGY_CNT:PACKAGE0 *)
0.5710 s 0.0013 (* Average Power for rapl:::PACKAGE_ENERGY_CNT:PACKAGE1 *)
0.5710 s 0.0010 (* Average Power for rapl:::DRAM_ENERGY_CNT:PACKAGE0 *)
0.5710 s 0.0010 (* Average Power for rapl:::DRAM_ENERGY_CNT:PACKAGE1 *)
0.5710 s 0.0000 (* Average Power for rapl:::PP0_ENERGY_CNT:PACKAGE0 *)
0.5710 s 0.0000 (* Average Power for rapl:::PP0_ENERGY_CNT:PACKAGE1 *)
0.5710 s 8125256183.9977 (* Average Power for rapl:::THERMAL_SPEC:PACKAGE0 *)
0.5710 s 8125256183.9977 (* Average Power for rapl:::THERMAL_SPEC:PACKAGE1 *)
0.5710 s 8116937250.7227 (* Average Power for rapl:::MINIMUM_POWER:PACKAGE0 *)
0.5710 s 8116937250.7227 (* Average Power for rapl:::MINIMUM_POWER:PACKAGE1 *)
0.5710 s 8133143765.1769 (* Average Power for rapl:::MAXIMUM_POWER:PACKAGE0 *)
0.5710 s 8133143765.1769 (* Average Power for rapl:::MAXIMUM_POWER:PACKAGE1 *)
0.5710 s 8033254944.1491 (* Average Power for rapl:::MAXIMUM_TIME_WINDOW:PACKAGE0 *)
0.5710 s 8033254944.1491 (* Average Power for rapl:::MAXIMUM_TIME_WINDOW:PACKAGE1 *)
0.5710 s 48.9194 (* Total Energy for rapl:::PACKAGE_ENERGY:PACKAGE0 *)
0.5710 s 85.6772 (* Average Power for rapl:::PACKAGE_ENERGY:PACKAGE0 *)
0.5710 s 43.6174 (* Total Energy for rapl:::PACKAGE_ENERGY:PACKAGE1 *)
0.5710 s 76.3912 (* Average Power for rapl:::PACKAGE_ENERGY:PACKAGE1 *)
0.5710 s 15.0702 (* Average Power for rapl:::DRAM_ENERGY:PACKAGE0 *)
0.5710 s 14.8223 (* Average Power for rapl:::DRAM_ENERGY:PACKAGE1 *)
0.5710 s 0.0000 (* Average Power for rapl:::PP0_ENERGY:PACKAGE0 *)
0.5710 s 0.0000 (* Average Power for rapl:::PP0_ENERGY:PACKAGE1 *)
Time for Classify and insert  0.570940 
Found rapl component at cid 2
Found: rapl:::THERMAL_SPEC_CNT:PACKAGE0
Found: rapl:::THERMAL_SPEC_CNT:PACKAGE1
Found: rapl:::MINIMUM_POWER_CNT:PACKAGE0
Found: rapl:::MINIMUM_POWER_CNT:PACKAGE1
Found: rapl:::MAXIMUM_POWER_CNT:PACKAGE0
Found: rapl:::MAXIMUM_POWER_CNT:PACKAGE1
Found: rapl:::MAXIMUM_TIME_WINDOW_CNT:PACKAGE0
Found: rapl:::MAXIMUM_TIME_WINDOW_CNT:PACKAGE1
Found: rapl:::PACKAGE_ENERGY_CNT:PACKAGE0
Found: rapl:::PACKAGE_ENERGY_CNT:PACKAGE1
Found: rapl:::DRAM_ENERGY_CNT:PACKAGE0
Found: rapl:::DRAM_ENERGY_CNT:PACKAGE1
Found: rapl:::PP0_ENERGY_CNT:PACKAGE0
Found: rapl:::PP0_ENERGY_CNT:PACKAGE1
Found: rapl:::THERMAL_SPEC:PACKAGE0
Found: rapl:::THERMAL_SPEC:PACKAGE1
Found: rapl:::MINIMUM_POWER:PACKAGE0
Found: rapl:::MINIMUM_POWER:PACKAGE1
Found: rapl:::MAXIMUM_POWER:PACKAGE0
Found: rapl:::MAXIMUM_POWER:PACKAGE1
Found: rapl:::MAXIMUM_TIME_WINDOW:PACKAGE0
Found: rapl:::MAXIMUM_TIME_WINDOW:PACKAGE1
Found: rapl:::PACKAGE_ENERGY:PACKAGE0
Found: rapl:::PACKAGE_ENERGY:PACKAGE1
Found: rapl:::DRAM_ENERGY:PACKAGE0
Found: rapl:::DRAM_ENERGY:PACKAGE1
Found: rapl:::PP0_ENERGY:PACKAGE0
Found: rapl:::PP0_ENERGY:PACKAGE1
Starting process_deletions
1.2636 s 0.0000 (* Average Power for rapl:::THERMAL_SPEC_CNT:PACKAGE0 *)
1.2636 s 0.0000 (* Average Power for rapl:::THERMAL_SPEC_CNT:PACKAGE1 *)
1.2636 s 0.0000 (* Average Power for rapl:::MINIMUM_POWER_CNT:PACKAGE0 *)
1.2636 s 0.0000 (* Average Power for rapl:::MINIMUM_POWER_CNT:PACKAGE1 *)
1.2636 s 0.0000 (* Average Power for rapl:::MAXIMUM_POWER_CNT:PACKAGE0 *)
1.2636 s 0.0000 (* Average Power for rapl:::MAXIMUM_POWER_CNT:PACKAGE1 *)
1.2636 s 0.0000 (* Average Power for rapl:::MAXIMUM_TIME_WINDOW_CNT:PACKAGE0 *)
1.2636 s 0.0000 (* Average Power for rapl:::MAXIMUM_TIME_WINDOW_CNT:PACKAGE1 *)
1.2636 s 0.0018 (* Average Power for rapl:::PACKAGE_ENERGY_CNT:PACKAGE0 *)
1.2636 s 0.0018 (* Average Power for rapl:::PACKAGE_ENERGY_CNT:PACKAGE1 *)
1.2636 s 0.0011 (* Average Power for rapl:::DRAM_ENERGY_CNT:PACKAGE0 *)
1.2636 s 0.0010 (* Average Power for rapl:::DRAM_ENERGY_CNT:PACKAGE1 *)
1.2636 s 0.0000 (* Average Power for rapl:::PP0_ENERGY_CNT:PACKAGE0 *)
1.2636 s 0.0000 (* Average Power for rapl:::PP0_ENERGY_CNT:PACKAGE1 *)
1.2636 s 3671546108.5838 (* Average Power for rapl:::THERMAL_SPEC:PACKAGE0 *)
1.2636 s 3671546108.5838 (* Average Power for rapl:::THERMAL_SPEC:PACKAGE1 *)
1.2636 s 3667787045.9276 (* Average Power for rapl:::MINIMUM_POWER:PACKAGE0 *)
1.2636 s 3667787045.9276 (* Average Power for rapl:::MINIMUM_POWER:PACKAGE1 *)
1.2636 s 3675110256.8801 (* Average Power for rapl:::MAXIMUM_POWER:PACKAGE0 *)
1.2636 s 3675110256.8801 (* Average Power for rapl:::MAXIMUM_POWER:PACKAGE1 *)
1.2636 s 3629973660.0971 (* Average Power for rapl:::MAXIMUM_TIME_WINDOW:PACKAGE0 *)
1.2636 s 3629973660.0971 (* Average Power for rapl:::MAXIMUM_TIME_WINDOW:PACKAGE1 *)
1.2636 s 135.8376 (* Total Energy for rapl:::PACKAGE_ENERGY:PACKAGE0 *)
1.2636 s 107.5019 (* Average Power for rapl:::PACKAGE_ENERGY:PACKAGE0 *)
1.2636 s 138.3326 (* Total Energy for rapl:::PACKAGE_ENERGY:PACKAGE1 *)
1.2636 s 109.4764 (* Average Power for rapl:::PACKAGE_ENERGY:PACKAGE1 *)
1.2636 s 16.0312 (* Average Power for rapl:::DRAM_ENERGY:PACKAGE0 *)
1.2636 s 14.5340 (* Average Power for rapl:::DRAM_ENERGY:PACKAGE1 *)
1.2636 s 0.0000 (* Average Power for rapl:::PP0_ENERGY:PACKAGE0 *)
1.2636 s 0.0000 (* Average Power for rapl:::PP0_ENERGY:PACKAGE1 *)
Time for Deletion  1.263558 
Total Time for Updating at Batch 1 is 1.941192 
Total Time for Updating Rooted Tree at iter 1 is 2.060500 with Rewire:0
Total Time for Updating  4.021811 
