Galois Benchmark Suite v2.2.1 (r0)
Copyright (C) 2014 The University of Texas at Austin
http://iss.ices.utexas.edu/galois/

application: Boruvka's Minimum Spanning Tree Algorithm
Computes the minimum spanning forest of a graph
http://iss.ices.utexas.edu/?p=projects/galois/benchmarks/mst

INFO: CommandLine /home/users/norris/research/easy-parallel-graph/autoperf/mst/lib/Galois-2.2.1/build/power/apps/boruvka/boruvka -t=4 /home/users/norris/research/easy-parallel-graph/experiment/datasets/com-lj-org-weighted_100i_1000000.gr
INFO: Hostname arya
Found rapl component at cid 2
Found: rapl:::THERMAL_SPEC_CNT:PACKAGE0
Found: rapl:::THERMAL_SPEC_CNT:PACKAGE1
Found: rapl:::MINIMUM_POWER_CNT:PACKAGE0
Found: rapl:::MINIMUM_POWER_CNT:PACKAGE1
Found: rapl:::MAXIMUM_POWER_CNT:PACKAGE0
Found: rapl:::MAXIMUM_POWER_CNT:PACKAGE1
Found: rapl:::MAXIMUM_TIME_WINDOW_CNT:PACKAGE0
Found: rapl:::MAXIMUM_TIME_WINDOW_CNT:PACKAGE1
Found: rapl:::PACKAGE_ENERGY_CNT:PACKAGE0
Found: rapl:::PACKAGE_ENERGY_CNT:PACKAGE1
Found: rapl:::DRAM_ENERGY_CNT:PACKAGE0
Found: rapl:::DRAM_ENERGY_CNT:PACKAGE1
Found: rapl:::PP0_ENERGY_CNT:PACKAGE0
Found: rapl:::PP0_ENERGY_CNT:PACKAGE1
Found: rapl:::THERMAL_SPEC:PACKAGE0
Found: rapl:::THERMAL_SPEC:PACKAGE1
Found: rapl:::MINIMUM_POWER:PACKAGE0
Found: rapl:::MINIMUM_POWER:PACKAGE1
Found: rapl:::MAXIMUM_POWER:PACKAGE0
Found: rapl:::MAXIMUM_POWER:PACKAGE1
Found: rapl:::MAXIMUM_TIME_WINDOW:PACKAGE0
Found: rapl:::MAXIMUM_TIME_WINDOW:PACKAGE1
Found: rapl:::PACKAGE_ENERGY:PACKAGE0
Found: rapl:::PACKAGE_ENERGY:PACKAGE1
Found: rapl:::DRAM_ENERGY:PACKAGE0
Found: rapl:::DRAM_ENERGY:PACKAGE1
Found: rapl:::PP0_ENERGY:PACKAGE0
Found: rapl:::PP0_ENERGY:PACKAGE1
Nodes: 4036538 edges: 140724756 heaviest edge: 99
3.2242 s 0.0000 (* Average Power for rapl:::THERMAL_SPEC_CNT:PACKAGE0 *)
3.2242 s 0.0000 (* Average Power for rapl:::THERMAL_SPEC_CNT:PACKAGE1 *)
3.2242 s 0.0000 (* Average Power for rapl:::MINIMUM_POWER_CNT:PACKAGE0 *)
3.2242 s 0.0000 (* Average Power for rapl:::MINIMUM_POWER_CNT:PACKAGE1 *)
3.2242 s 0.0000 (* Average Power for rapl:::MAXIMUM_POWER_CNT:PACKAGE0 *)
3.2242 s 0.0000 (* Average Power for rapl:::MAXIMUM_POWER_CNT:PACKAGE1 *)
3.2242 s 0.0000 (* Average Power for rapl:::MAXIMUM_TIME_WINDOW_CNT:PACKAGE0 *)
3.2242 s 0.0000 (* Average Power for rapl:::MAXIMUM_TIME_WINDOW_CNT:PACKAGE1 *)
3.2242 s 0.0011 (* Average Power for rapl:::PACKAGE_ENERGY_CNT:PACKAGE0 *)
3.2242 s 0.0005 (* Average Power for rapl:::PACKAGE_ENERGY_CNT:PACKAGE1 *)
3.2242 s 0.0011 (* Average Power for rapl:::DRAM_ENERGY_CNT:PACKAGE0 *)
3.2242 s 0.0007 (* Average Power for rapl:::DRAM_ENERGY_CNT:PACKAGE1 *)
3.2242 s 0.0000 (* Average Power for rapl:::PP0_ENERGY_CNT:PACKAGE0 *)
3.2242 s 0.0000 (* Average Power for rapl:::PP0_ENERGY_CNT:PACKAGE1 *)
3.2242 s 1438887067.5233 (* Average Power for rapl:::THERMAL_SPEC:PACKAGE0 *)
3.2242 s 1438887067.5233 (* Average Power for rapl:::THERMAL_SPEC:PACKAGE1 *)
3.2242 s 1437413882.5266 (* Average Power for rapl:::MINIMUM_POWER:PACKAGE0 *)
3.2242 s 1437413882.5266 (* Average Power for rapl:::MINIMUM_POWER:PACKAGE1 *)
3.2242 s 1440283865.1499 (* Average Power for rapl:::MAXIMUM_POWER:PACKAGE0 *)
3.2242 s 1440283865.1499 (* Average Power for rapl:::MAXIMUM_POWER:PACKAGE1 *)
3.2242 s 1422594732.7075 (* Average Power for rapl:::MAXIMUM_TIME_WINDOW:PACKAGE0 *)
3.2242 s 1422594732.7075 (* Average Power for rapl:::MAXIMUM_TIME_WINDOW:PACKAGE1 *)
3.2242 s 210.7861 (* Total Energy for rapl:::PACKAGE_ENERGY:PACKAGE0 *)
3.2242 s 65.3756 (* Average Power for rapl:::PACKAGE_ENERGY:PACKAGE0 *)
3.2242 s 103.6185 (* Total Energy for rapl:::PACKAGE_ENERGY:PACKAGE1 *)
3.2242 s 32.1374 (* Average Power for rapl:::PACKAGE_ENERGY:PACKAGE1 *)
3.2242 s 16.3092 (* Average Power for rapl:::DRAM_ENERGY:PACKAGE0 *)
3.2242 s 10.4925 (* Average Power for rapl:::DRAM_ENERGY:PACKAGE1 *)
3.2242 s 0.0000 (* Average Power for rapl:::PP0_ENERGY:PACKAGE0 *)
3.2242 s 0.0000 (* Average Power for rapl:::PP0_ENERGY:PACKAGE1 *)
MST weight: 7.61667e+07 (76166685)
Num trees: 23578
Tree edges: 4012960
STATTYPE,LOOP,CATEGORY,n,sum,T0,T1,T2,T3
STAT,(NULL),InitializeSortTime,4,1434,1434,0,0,0
STAT,(NULL),InitializeTime,4,8507,8507,0,0,0
STAT,(NULL),LoopTime,4,4646,4646,0,0,0
STAT,(NULL),MeminfoPost,4,128,12,18,30,68
STAT,(NULL),MeminfoPre,4,0,0,0,0,0
STAT,(NULL),Rounds,4,20,20,0,0,0
STAT,(NULL),Threads,4,4,4,0,0,0
STAT,(NULL),Time,4,3224,3224,0,0,0
STAT,map_reduce,LoopTime,4,38,38,0,0,0
	Command being timed: "/home/users/norris/research/easy-parallel-graph/autoperf/mst/lib/Galois-2.2.1/build/power/apps/boruvka/boruvka -t=4 /home/users/norris/research/easy-parallel-graph/experiment/datasets/com-lj-org-weighted_100i_1000000.gr"
	User time (seconds): 28.51
	System time (seconds): 1.17
	Percent of CPU this job got: 228%
	Elapsed (wall clock) time (h:mm:ss or m:ss): 0:12.99
	Average shared text size (kbytes): 0
	Average unshared data size (kbytes): 0
	Average stack size (kbytes): 0
	Average total size (kbytes): 0
	Maximum resident set size (kbytes): 4430696
	Average resident set size (kbytes): 0
	Major (requiring I/O) page faults: 0
	Minor (reclaiming a frame) page faults: 41912
	Voluntary context switches: 745
	Involuntary context switches: 242
	Swaps: 0
	File system inputs: 0
	File system outputs: 16
	Socket messages sent: 0
	Socket messages received: 0
	Signals delivered: 0
	Page size (bytes): 4096
	Exit status: 0
Galois Benchmark Suite v2.2.1 (r0)
Copyright (C) 2014 The University of Texas at Austin
http://iss.ices.utexas.edu/galois/

application: Boruvka's Minimum Spanning Tree Algorithm
Computes the minimum spanning forest of a graph
http://iss.ices.utexas.edu/?p=projects/galois/benchmarks/mst

INFO: CommandLine /home/users/norris/research/easy-parallel-graph/autoperf/mst/lib/Galois-2.2.1/build/power/apps/boruvka/boruvka -t=4 /home/users/norris/research/easy-parallel-graph/experiment/datasets/com-lj-org-weighted_100i_1000000.gr
INFO: Hostname arya
Found rapl component at cid 2
Found: rapl:::THERMAL_SPEC_CNT:PACKAGE0
Found: rapl:::THERMAL_SPEC_CNT:PACKAGE1
Found: rapl:::MINIMUM_POWER_CNT:PACKAGE0
Found: rapl:::MINIMUM_POWER_CNT:PACKAGE1
Found: rapl:::MAXIMUM_POWER_CNT:PACKAGE0
Found: rapl:::MAXIMUM_POWER_CNT:PACKAGE1
Found: rapl:::MAXIMUM_TIME_WINDOW_CNT:PACKAGE0
Found: rapl:::MAXIMUM_TIME_WINDOW_CNT:PACKAGE1
Found: rapl:::PACKAGE_ENERGY_CNT:PACKAGE0
Found: rapl:::PACKAGE_ENERGY_CNT:PACKAGE1
Found: rapl:::DRAM_ENERGY_CNT:PACKAGE0
Found: rapl:::DRAM_ENERGY_CNT:PACKAGE1
Found: rapl:::PP0_ENERGY_CNT:PACKAGE0
Found: rapl:::PP0_ENERGY_CNT:PACKAGE1
Found: rapl:::THERMAL_SPEC:PACKAGE0
Found: rapl:::THERMAL_SPEC:PACKAGE1
Found: rapl:::MINIMUM_POWER:PACKAGE0
Found: rapl:::MINIMUM_POWER:PACKAGE1
Found: rapl:::MAXIMUM_POWER:PACKAGE0
Found: rapl:::MAXIMUM_POWER:PACKAGE1
Found: rapl:::MAXIMUM_TIME_WINDOW:PACKAGE0
Found: rapl:::MAXIMUM_TIME_WINDOW:PACKAGE1
Found: rapl:::PACKAGE_ENERGY:PACKAGE0
Found: rapl:::PACKAGE_ENERGY:PACKAGE1
Found: rapl:::DRAM_ENERGY:PACKAGE0
Found: rapl:::DRAM_ENERGY:PACKAGE1
Found: rapl:::PP0_ENERGY:PACKAGE0
Found: rapl:::PP0_ENERGY:PACKAGE1
Nodes: 4036538 edges: 140724756 heaviest edge: 99
3.2574 s 0.0000 (* Average Power for rapl:::THERMAL_SPEC_CNT:PACKAGE0 *)
3.2574 s 0.0000 (* Average Power for rapl:::THERMAL_SPEC_CNT:PACKAGE1 *)
3.2574 s 0.0000 (* Average Power for rapl:::MINIMUM_POWER_CNT:PACKAGE0 *)
3.2574 s 0.0000 (* Average Power for rapl:::MINIMUM_POWER_CNT:PACKAGE1 *)
3.2574 s 0.0000 (* Average Power for rapl:::MAXIMUM_POWER_CNT:PACKAGE0 *)
3.2574 s 0.0000 (* Average Power for rapl:::MAXIMUM_POWER_CNT:PACKAGE1 *)
3.2574 s 0.0000 (* Average Power for rapl:::MAXIMUM_TIME_WINDOW_CNT:PACKAGE0 *)
3.2574 s 0.0000 (* Average Power for rapl:::MAXIMUM_TIME_WINDOW_CNT:PACKAGE1 *)
3.2574 s 0.0011 (* Average Power for rapl:::PACKAGE_ENERGY_CNT:PACKAGE0 *)
3.2574 s 0.0005 (* Average Power for rapl:::PACKAGE_ENERGY_CNT:PACKAGE1 *)
3.2574 s 0.0011 (* Average Power for rapl:::DRAM_ENERGY_CNT:PACKAGE0 *)
3.2574 s 0.0006 (* Average Power for rapl:::DRAM_ENERGY_CNT:PACKAGE1 *)
3.2574 s 0.0000 (* Average Power for rapl:::PP0_ENERGY_CNT:PACKAGE0 *)
3.2574 s 0.0000 (* Average Power for rapl:::PP0_ENERGY_CNT:PACKAGE1 *)
3.2574 s 1424222118.3195 (* Average Power for rapl:::THERMAL_SPEC:PACKAGE0 *)
3.2574 s 1424222118.3195 (* Average Power for rapl:::THERMAL_SPEC:PACKAGE1 *)
3.2574 s 1422763947.8320 (* Average Power for rapl:::MINIMUM_POWER:PACKAGE0 *)
3.2574 s 1422763947.8320 (* Average Power for rapl:::MINIMUM_POWER:PACKAGE1 *)
3.2574 s 1425604679.9669 (* Average Power for rapl:::MAXIMUM_POWER:PACKAGE0 *)
3.2574 s 1425604679.9669 (* Average Power for rapl:::MAXIMUM_POWER:PACKAGE1 *)
3.2574 s 1408095832.8538 (* Average Power for rapl:::MAXIMUM_TIME_WINDOW:PACKAGE0 *)
3.2574 s 1408095832.8538 (* Average Power for rapl:::MAXIMUM_TIME_WINDOW:PACKAGE1 *)
3.2574 s 214.0278 (* Total Energy for rapl:::PACKAGE_ENERGY:PACKAGE0 *)
3.2574 s 65.7045 (* Average Power for rapl:::PACKAGE_ENERGY:PACKAGE0 *)
3.2574 s 99.2974 (* Total Energy for rapl:::PACKAGE_ENERGY:PACKAGE1 *)
3.2574 s 30.4833 (* Average Power for rapl:::PACKAGE_ENERGY:PACKAGE1 *)
3.2574 s 16.3268 (* Average Power for rapl:::DRAM_ENERGY:PACKAGE0 *)
3.2574 s 9.8827 (* Average Power for rapl:::DRAM_ENERGY:PACKAGE1 *)
3.2574 s 0.0000 (* Average Power for rapl:::PP0_ENERGY:PACKAGE0 *)
3.2574 s 0.0000 (* Average Power for rapl:::PP0_ENERGY:PACKAGE1 *)
MST weight: 7.61667e+07 (76166685)
Num trees: 23578
Tree edges: 4012960
STATTYPE,LOOP,CATEGORY,n,sum,T0,T1,T2,T3
STAT,(NULL),InitializeSortTime,4,1435,1435,0,0,0
STAT,(NULL),InitializeTime,4,8508,8508,0,0,0
STAT,(NULL),LoopTime,4,4675,4675,0,0,0
STAT,(NULL),MeminfoPost,4,128,12,18,30,68
STAT,(NULL),MeminfoPre,4,0,0,0,0,0
STAT,(NULL),Rounds,4,20,20,0,0,0
STAT,(NULL),Threads,4,4,4,0,0,0
STAT,(NULL),Time,4,3257,3257,0,0,0
STAT,map_reduce,LoopTime,4,38,38,0,0,0
	Command being timed: "/home/users/norris/research/easy-parallel-graph/autoperf/mst/lib/Galois-2.2.1/build/power/apps/boruvka/boruvka -t=4 /home/users/norris/research/easy-parallel-graph/experiment/datasets/com-lj-org-weighted_100i_1000000.gr"
	User time (seconds): 28.06
	System time (seconds): 1.25
	Percent of CPU this job got: 226%
	Elapsed (wall clock) time (h:mm:ss or m:ss): 0:12.91
	Average shared text size (kbytes): 0
	Average unshared data size (kbytes): 0
	Average stack size (kbytes): 0
	Average total size (kbytes): 0
	Maximum resident set size (kbytes): 4430740
	Average resident set size (kbytes): 0
	Major (requiring I/O) page faults: 0
	Minor (reclaiming a frame) page faults: 40312
	Voluntary context switches: 817
	Involuntary context switches: 238
	Swaps: 0
	File system inputs: 0
	File system outputs: 16
	Socket messages sent: 0
	Socket messages received: 0
	Signals delivered: 0
	Page size (bytes): 4096
	Exit status: 0
Galois Benchmark Suite v2.2.1 (r0)
Copyright (C) 2014 The University of Texas at Austin
http://iss.ices.utexas.edu/galois/

application: Boruvka's Minimum Spanning Tree Algorithm
Computes the minimum spanning forest of a graph
http://iss.ices.utexas.edu/?p=projects/galois/benchmarks/mst

INFO: CommandLine /home/users/norris/research/easy-parallel-graph/autoperf/mst/lib/Galois-2.2.1/build/power/apps/boruvka/boruvka -t=4 /home/users/norris/research/easy-parallel-graph/experiment/datasets/com-lj-org-weighted_100i_1000000.gr
INFO: Hostname arya
Found rapl component at cid 2
Found: rapl:::THERMAL_SPEC_CNT:PACKAGE0
Found: rapl:::THERMAL_SPEC_CNT:PACKAGE1
Found: rapl:::MINIMUM_POWER_CNT:PACKAGE0
Found: rapl:::MINIMUM_POWER_CNT:PACKAGE1
Found: rapl:::MAXIMUM_POWER_CNT:PACKAGE0
Found: rapl:::MAXIMUM_POWER_CNT:PACKAGE1
Found: rapl:::MAXIMUM_TIME_WINDOW_CNT:PACKAGE0
Found: rapl:::MAXIMUM_TIME_WINDOW_CNT:PACKAGE1
Found: rapl:::PACKAGE_ENERGY_CNT:PACKAGE0
Found: rapl:::PACKAGE_ENERGY_CNT:PACKAGE1
Found: rapl:::DRAM_ENERGY_CNT:PACKAGE0
Found: rapl:::DRAM_ENERGY_CNT:PACKAGE1
Found: rapl:::PP0_ENERGY_CNT:PACKAGE0
Found: rapl:::PP0_ENERGY_CNT:PACKAGE1
Found: rapl:::THERMAL_SPEC:PACKAGE0
Found: rapl:::THERMAL_SPEC:PACKAGE1
Found: rapl:::MINIMUM_POWER:PACKAGE0
Found: rapl:::MINIMUM_POWER:PACKAGE1
Found: rapl:::MAXIMUM_POWER:PACKAGE0
Found: rapl:::MAXIMUM_POWER:PACKAGE1
Found: rapl:::MAXIMUM_TIME_WINDOW:PACKAGE0
Found: rapl:::MAXIMUM_TIME_WINDOW:PACKAGE1
Found: rapl:::PACKAGE_ENERGY:PACKAGE0
Found: rapl:::PACKAGE_ENERGY:PACKAGE1
Found: rapl:::DRAM_ENERGY:PACKAGE0
Found: rapl:::DRAM_ENERGY:PACKAGE1
Found: rapl:::PP0_ENERGY:PACKAGE0
Found: rapl:::PP0_ENERGY:PACKAGE1
Nodes: 4036538 edges: 140724756 heaviest edge: 99
3.2092 s 0.0000 (* Average Power for rapl:::THERMAL_SPEC_CNT:PACKAGE0 *)
3.2092 s 0.0000 (* Average Power for rapl:::THERMAL_SPEC_CNT:PACKAGE1 *)
3.2092 s 0.0000 (* Average Power for rapl:::MINIMUM_POWER_CNT:PACKAGE0 *)
3.2092 s 0.0000 (* Average Power for rapl:::MINIMUM_POWER_CNT:PACKAGE1 *)
3.2092 s 0.0000 (* Average Power for rapl:::MAXIMUM_POWER_CNT:PACKAGE0 *)
3.2092 s 0.0000 (* Average Power for rapl:::MAXIMUM_POWER_CNT:PACKAGE1 *)
3.2092 s 0.0000 (* Average Power for rapl:::MAXIMUM_TIME_WINDOW_CNT:PACKAGE0 *)
3.2092 s 0.0000 (* Average Power for rapl:::MAXIMUM_TIME_WINDOW_CNT:PACKAGE1 *)
3.2092 s 0.0011 (* Average Power for rapl:::PACKAGE_ENERGY_CNT:PACKAGE0 *)
3.2092 s 0.0004 (* Average Power for rapl:::PACKAGE_ENERGY_CNT:PACKAGE1 *)
3.2092 s 0.0011 (* Average Power for rapl:::DRAM_ENERGY_CNT:PACKAGE0 *)
3.2092 s 0.0006 (* Average Power for rapl:::DRAM_ENERGY_CNT:PACKAGE1 *)
3.2092 s 0.0000 (* Average Power for rapl:::PP0_ENERGY_CNT:PACKAGE0 *)
3.2092 s 0.0000 (* Average Power for rapl:::PP0_ENERGY_CNT:PACKAGE1 *)
3.2092 s 1445622657.5158 (* Average Power for rapl:::THERMAL_SPEC:PACKAGE0 *)
3.2092 s 1445622657.5158 (* Average Power for rapl:::THERMAL_SPEC:PACKAGE1 *)
3.2092 s 1444142576.3766 (* Average Power for rapl:::MINIMUM_POWER:PACKAGE0 *)
3.2092 s 1444142576.3766 (* Average Power for rapl:::MINIMUM_POWER:PACKAGE1 *)
3.2092 s 1447025993.7070 (* Average Power for rapl:::MAXIMUM_POWER:PACKAGE0 *)
3.2092 s 1447025993.7070 (* Average Power for rapl:::MAXIMUM_POWER:PACKAGE1 *)
3.2092 s 1429254056.4732 (* Average Power for rapl:::MAXIMUM_TIME_WINDOW:PACKAGE0 *)
3.2092 s 1429254056.4732 (* Average Power for rapl:::MAXIMUM_TIME_WINDOW:PACKAGE1 *)
3.2092 s 212.4785 (* Total Energy for rapl:::PACKAGE_ENERGY:PACKAGE0 *)
3.2092 s 66.2090 (* Average Power for rapl:::PACKAGE_ENERGY:PACKAGE0 *)
3.2092 s 76.3849 (* Total Energy for rapl:::PACKAGE_ENERGY:PACKAGE1 *)
3.2092 s 23.8018 (* Average Power for rapl:::PACKAGE_ENERGY:PACKAGE1 *)
3.2092 s 16.6570 (* Average Power for rapl:::DRAM_ENERGY:PACKAGE0 *)
3.2092 s 8.7839 (* Average Power for rapl:::DRAM_ENERGY:PACKAGE1 *)
3.2092 s 0.0000 (* Average Power for rapl:::PP0_ENERGY:PACKAGE0 *)
3.2092 s 0.0000 (* Average Power for rapl:::PP0_ENERGY:PACKAGE1 *)
MST weight: 7.61667e+07 (76166685)
Num trees: 23578
Tree edges: 4012960
STATTYPE,LOOP,CATEGORY,n,sum,T0,T1,T2,T3
STAT,(NULL),InitializeSortTime,4,1438,1438,0,0,0
STAT,(NULL),InitializeTime,4,9135,9135,0,0,0
STAT,(NULL),LoopTime,4,4634,4634,0,0,0
STAT,(NULL),MeminfoPost,4,128,12,18,30,68
STAT,(NULL),MeminfoPre,4,0,0,0,0,0
STAT,(NULL),Rounds,4,20,20,0,0,0
STAT,(NULL),Threads,4,4,4,0,0,0
STAT,(NULL),Time,4,3209,3209,0,0,0
STAT,map_reduce,LoopTime,4,37,37,0,0,0
	Command being timed: "/home/users/norris/research/easy-parallel-graph/autoperf/mst/lib/Galois-2.2.1/build/power/apps/boruvka/boruvka -t=4 /home/users/norris/research/easy-parallel-graph/experiment/datasets/com-lj-org-weighted_100i_1000000.gr"
	User time (seconds): 28.51
	System time (seconds): 1.32
	Percent of CPU this job got: 221%
	Elapsed (wall clock) time (h:mm:ss or m:ss): 0:13.50
	Average shared text size (kbytes): 0
	Average unshared data size (kbytes): 0
	Average stack size (kbytes): 0
	Average total size (kbytes): 0
	Maximum resident set size (kbytes): 4430664
	Average resident set size (kbytes): 0
	Major (requiring I/O) page faults: 0
	Minor (reclaiming a frame) page faults: 44963
	Voluntary context switches: 821
	Involuntary context switches: 234
	Swaps: 0
	File system inputs: 0
	File system outputs: 16
	Socket messages sent: 0
	Socket messages received: 0
	Signals delivered: 0
	Page size (bytes): 4096
	Exit status: 0
Galois Benchmark Suite v2.2.1 (r0)
Copyright (C) 2014 The University of Texas at Austin
http://iss.ices.utexas.edu/galois/

application: Boruvka's Minimum Spanning Tree Algorithm
Computes the minimum spanning forest of a graph
http://iss.ices.utexas.edu/?p=projects/galois/benchmarks/mst

INFO: CommandLine /home/users/norris/research/easy-parallel-graph/autoperf/mst/lib/Galois-2.2.1/build/power/apps/boruvka/boruvka -t=4 /home/users/norris/research/easy-parallel-graph/experiment/datasets/com-lj-org-weighted_100i_1000000.gr
INFO: Hostname arya
Found rapl component at cid 2
Found: rapl:::THERMAL_SPEC_CNT:PACKAGE0
Found: rapl:::THERMAL_SPEC_CNT:PACKAGE1
Found: rapl:::MINIMUM_POWER_CNT:PACKAGE0
Found: rapl:::MINIMUM_POWER_CNT:PACKAGE1
Found: rapl:::MAXIMUM_POWER_CNT:PACKAGE0
Found: rapl:::MAXIMUM_POWER_CNT:PACKAGE1
Found: rapl:::MAXIMUM_TIME_WINDOW_CNT:PACKAGE0
Found: rapl:::MAXIMUM_TIME_WINDOW_CNT:PACKAGE1
Found: rapl:::PACKAGE_ENERGY_CNT:PACKAGE0
Found: rapl:::PACKAGE_ENERGY_CNT:PACKAGE1
Found: rapl:::DRAM_ENERGY_CNT:PACKAGE0
Found: rapl:::DRAM_ENERGY_CNT:PACKAGE1
Found: rapl:::PP0_ENERGY_CNT:PACKAGE0
Found: rapl:::PP0_ENERGY_CNT:PACKAGE1
Found: rapl:::THERMAL_SPEC:PACKAGE0
Found: rapl:::THERMAL_SPEC:PACKAGE1
Found: rapl:::MINIMUM_POWER:PACKAGE0
Found: rapl:::MINIMUM_POWER:PACKAGE1
Found: rapl:::MAXIMUM_POWER:PACKAGE0
Found: rapl:::MAXIMUM_POWER:PACKAGE1
Found: rapl:::MAXIMUM_TIME_WINDOW:PACKAGE0
Found: rapl:::MAXIMUM_TIME_WINDOW:PACKAGE1
Found: rapl:::PACKAGE_ENERGY:PACKAGE0
Found: rapl:::PACKAGE_ENERGY:PACKAGE1
Found: rapl:::DRAM_ENERGY:PACKAGE0
Found: rapl:::DRAM_ENERGY:PACKAGE1
Found: rapl:::PP0_ENERGY:PACKAGE0
Found: rapl:::PP0_ENERGY:PACKAGE1
Nodes: 4036538 edges: 140724756 heaviest edge: 99
3.1756 s 0.0000 (* Average Power for rapl:::THERMAL_SPEC_CNT:PACKAGE0 *)
3.1756 s 0.0000 (* Average Power for rapl:::THERMAL_SPEC_CNT:PACKAGE1 *)
3.1756 s 0.0000 (* Average Power for rapl:::MINIMUM_POWER_CNT:PACKAGE0 *)
3.1756 s 0.0000 (* Average Power for rapl:::MINIMUM_POWER_CNT:PACKAGE1 *)
3.1756 s 0.0000 (* Average Power for rapl:::MAXIMUM_POWER_CNT:PACKAGE0 *)
3.1756 s 0.0000 (* Average Power for rapl:::MAXIMUM_POWER_CNT:PACKAGE1 *)
3.1756 s 0.0000 (* Average Power for rapl:::MAXIMUM_TIME_WINDOW_CNT:PACKAGE0 *)
3.1756 s 0.0000 (* Average Power for rapl:::MAXIMUM_TIME_WINDOW_CNT:PACKAGE1 *)
3.1756 s 0.0011 (* Average Power for rapl:::PACKAGE_ENERGY_CNT:PACKAGE0 *)
3.1756 s 0.0004 (* Average Power for rapl:::PACKAGE_ENERGY_CNT:PACKAGE1 *)
3.1756 s 0.0011 (* Average Power for rapl:::DRAM_ENERGY_CNT:PACKAGE0 *)
3.1756 s 0.0006 (* Average Power for rapl:::DRAM_ENERGY_CNT:PACKAGE1 *)
3.1756 s 0.0000 (* Average Power for rapl:::PP0_ENERGY_CNT:PACKAGE0 *)
3.1756 s 0.0000 (* Average Power for rapl:::PP0_ENERGY_CNT:PACKAGE1 *)
3.1756 s 1460906773.7872 (* Average Power for rapl:::THERMAL_SPEC:PACKAGE0 *)
3.1756 s 1460906773.7872 (* Average Power for rapl:::THERMAL_SPEC:PACKAGE1 *)
3.1756 s 1459411044.2130 (* Average Power for rapl:::MINIMUM_POWER:PACKAGE0 *)
3.1756 s 1459411044.2130 (* Average Power for rapl:::MINIMUM_POWER:PACKAGE1 *)
3.1756 s 1462324947.0131 (* Average Power for rapl:::MAXIMUM_POWER:PACKAGE0 *)
3.1756 s 1462324947.0131 (* Average Power for rapl:::MAXIMUM_POWER:PACKAGE1 *)
3.1756 s 1444365112.6447 (* Average Power for rapl:::MAXIMUM_TIME_WINDOW:PACKAGE0 *)
3.1756 s 1444365112.6447 (* Average Power for rapl:::MAXIMUM_TIME_WINDOW:PACKAGE1 *)
3.1756 s 211.2403 (* Total Energy for rapl:::PACKAGE_ENERGY:PACKAGE0 *)
3.1756 s 66.5191 (* Average Power for rapl:::PACKAGE_ENERGY:PACKAGE0 *)
3.1756 s 75.9117 (* Total Energy for rapl:::PACKAGE_ENERGY:PACKAGE1 *)
3.1756 s 23.9044 (* Average Power for rapl:::PACKAGE_ENERGY:PACKAGE1 *)
3.1756 s 16.7455 (* Average Power for rapl:::DRAM_ENERGY:PACKAGE0 *)
3.1756 s 8.7113 (* Average Power for rapl:::DRAM_ENERGY:PACKAGE1 *)
3.1756 s 0.0000 (* Average Power for rapl:::PP0_ENERGY:PACKAGE0 *)
3.1756 s 0.0000 (* Average Power for rapl:::PP0_ENERGY:PACKAGE1 *)
MST weight: 7.61667e+07 (76166685)
Num trees: 23578
Tree edges: 4012960
STATTYPE,LOOP,CATEGORY,n,sum,T0,T1,T2,T3
STAT,(NULL),InitializeSortTime,4,1438,1438,0,0,0
STAT,(NULL),InitializeTime,4,8641,8641,0,0,0
STAT,(NULL),LoopTime,4,4594,4594,0,0,0
STAT,(NULL),MeminfoPost,4,128,12,18,30,68
STAT,(NULL),MeminfoPre,4,0,0,0,0,0
STAT,(NULL),Rounds,4,21,21,0,0,0
STAT,(NULL),Threads,4,4,4,0,0,0
STAT,(NULL),Time,4,3175,3175,0,0,0
STAT,map_reduce,LoopTime,4,37,37,0,0,0
	Command being timed: "/home/users/norris/research/easy-parallel-graph/autoperf/mst/lib/Galois-2.2.1/build/power/apps/boruvka/boruvka -t=4 /home/users/norris/research/easy-parallel-graph/experiment/datasets/com-lj-org-weighted_100i_1000000.gr"
	User time (seconds): 27.88
	System time (seconds): 1.30
	Percent of CPU this job got: 224%
	Elapsed (wall clock) time (h:mm:ss or m:ss): 0:12.99
	Average shared text size (kbytes): 0
	Average unshared data size (kbytes): 0
	Average stack size (kbytes): 0
	Average total size (kbytes): 0
	Maximum resident set size (kbytes): 4427812
	Average resident set size (kbytes): 0
	Major (requiring I/O) page faults: 0
	Minor (reclaiming a frame) page faults: 37710
	Voluntary context switches: 814
	Involuntary context switches: 242
	Swaps: 0
	File system inputs: 0
	File system outputs: 24
	Socket messages sent: 0
	Socket messages received: 0
	Signals delivered: 0
	Page size (bytes): 4096
	Exit status: 0
Galois Benchmark Suite v2.2.1 (r0)
Copyright (C) 2014 The University of Texas at Austin
http://iss.ices.utexas.edu/galois/

application: Boruvka's Minimum Spanning Tree Algorithm
Computes the minimum spanning forest of a graph
http://iss.ices.utexas.edu/?p=projects/galois/benchmarks/mst

INFO: CommandLine /home/users/norris/research/easy-parallel-graph/autoperf/mst/lib/Galois-2.2.1/build/power/apps/boruvka/boruvka -t=4 /home/users/norris/research/easy-parallel-graph/experiment/datasets/com-lj-org-weighted_100i_1000000.gr
INFO: Hostname arya
Found rapl component at cid 2
Found: rapl:::THERMAL_SPEC_CNT:PACKAGE0
Found: rapl:::THERMAL_SPEC_CNT:PACKAGE1
Found: rapl:::MINIMUM_POWER_CNT:PACKAGE0
Found: rapl:::MINIMUM_POWER_CNT:PACKAGE1
Found: rapl:::MAXIMUM_POWER_CNT:PACKAGE0
Found: rapl:::MAXIMUM_POWER_CNT:PACKAGE1
Found: rapl:::MAXIMUM_TIME_WINDOW_CNT:PACKAGE0
Found: rapl:::MAXIMUM_TIME_WINDOW_CNT:PACKAGE1
Found: rapl:::PACKAGE_ENERGY_CNT:PACKAGE0
Found: rapl:::PACKAGE_ENERGY_CNT:PACKAGE1
Found: rapl:::DRAM_ENERGY_CNT:PACKAGE0
Found: rapl:::DRAM_ENERGY_CNT:PACKAGE1
Found: rapl:::PP0_ENERGY_CNT:PACKAGE0
Found: rapl:::PP0_ENERGY_CNT:PACKAGE1
Found: rapl:::THERMAL_SPEC:PACKAGE0
Found: rapl:::THERMAL_SPEC:PACKAGE1
Found: rapl:::MINIMUM_POWER:PACKAGE0
Found: rapl:::MINIMUM_POWER:PACKAGE1
Found: rapl:::MAXIMUM_POWER:PACKAGE0
Found: rapl:::MAXIMUM_POWER:PACKAGE1
Found: rapl:::MAXIMUM_TIME_WINDOW:PACKAGE0
Found: rapl:::MAXIMUM_TIME_WINDOW:PACKAGE1
Found: rapl:::PACKAGE_ENERGY:PACKAGE0
Found: rapl:::PACKAGE_ENERGY:PACKAGE1
Found: rapl:::DRAM_ENERGY:PACKAGE0
Found: rapl:::DRAM_ENERGY:PACKAGE1
Found: rapl:::PP0_ENERGY:PACKAGE0
Found: rapl:::PP0_ENERGY:PACKAGE1
Nodes: 4036538 edges: 140724756 heaviest edge: 99
2.9813 s 0.0000 (* Average Power for rapl:::THERMAL_SPEC_CNT:PACKAGE0 *)
2.9813 s 0.0000 (* Average Power for rapl:::THERMAL_SPEC_CNT:PACKAGE1 *)
2.9813 s 0.0000 (* Average Power for rapl:::MINIMUM_POWER_CNT:PACKAGE0 *)
2.9813 s 0.0000 (* Average Power for rapl:::MINIMUM_POWER_CNT:PACKAGE1 *)
2.9813 s 0.0000 (* Average Power for rapl:::MAXIMUM_POWER_CNT:PACKAGE0 *)
2.9813 s 0.0000 (* Average Power for rapl:::MAXIMUM_POWER_CNT:PACKAGE1 *)
2.9813 s 0.0000 (* Average Power for rapl:::MAXIMUM_TIME_WINDOW_CNT:PACKAGE0 *)
2.9813 s 0.0000 (* Average Power for rapl:::MAXIMUM_TIME_WINDOW_CNT:PACKAGE1 *)
2.9813 s 0.0011 (* Average Power for rapl:::PACKAGE_ENERGY_CNT:PACKAGE0 *)
2.9813 s 0.0004 (* Average Power for rapl:::PACKAGE_ENERGY_CNT:PACKAGE1 *)
2.9813 s 0.0011 (* Average Power for rapl:::DRAM_ENERGY_CNT:PACKAGE0 *)
2.9813 s 0.0006 (* Average Power for rapl:::DRAM_ENERGY_CNT:PACKAGE1 *)
2.9813 s 0.0000 (* Average Power for rapl:::PP0_ENERGY_CNT:PACKAGE0 *)
2.9813 s 0.0000 (* Average Power for rapl:::PP0_ENERGY_CNT:PACKAGE1 *)
2.9813 s 1556149811.5582 (* Average Power for rapl:::THERMAL_SPEC:PACKAGE0 *)
2.9813 s 1556149811.5582 (* Average Power for rapl:::THERMAL_SPEC:PACKAGE1 *)
2.9813 s 1554556568.6924 (* Average Power for rapl:::MINIMUM_POWER:PACKAGE0 *)
2.9813 s 1554556568.6924 (* Average Power for rapl:::MINIMUM_POWER:PACKAGE1 *)
2.9813 s 1557660441.8310 (* Average Power for rapl:::MAXIMUM_POWER:PACKAGE0 *)
2.9813 s 1557660441.8310 (* Average Power for rapl:::MAXIMUM_POWER:PACKAGE1 *)
2.9813 s 1538529725.6420 (* Average Power for rapl:::MAXIMUM_TIME_WINDOW:PACKAGE0 *)
2.9813 s 1538529725.6420 (* Average Power for rapl:::MAXIMUM_TIME_WINDOW:PACKAGE1 *)
2.9813 s 198.4005 (* Total Energy for rapl:::PACKAGE_ENERGY:PACKAGE0 *)
2.9813 s 66.5489 (* Average Power for rapl:::PACKAGE_ENERGY:PACKAGE0 *)
2.9813 s 71.0537 (* Total Energy for rapl:::PACKAGE_ENERGY:PACKAGE1 *)
2.9813 s 23.8334 (* Average Power for rapl:::PACKAGE_ENERGY:PACKAGE1 *)
2.9813 s 16.8893 (* Average Power for rapl:::DRAM_ENERGY:PACKAGE0 *)
2.9813 s 9.0747 (* Average Power for rapl:::DRAM_ENERGY:PACKAGE1 *)
2.9813 s 0.0000 (* Average Power for rapl:::PP0_ENERGY:PACKAGE0 *)
2.9813 s 0.0000 (* Average Power for rapl:::PP0_ENERGY:PACKAGE1 *)
MST weight: 7.61667e+07 (76166685)
Num trees: 23578
Tree edges: 4012960
STATTYPE,LOOP,CATEGORY,n,sum,T0,T1,T2,T3
STAT,(NULL),InitializeSortTime,4,1437,1437,0,0,0
STAT,(NULL),InitializeTime,4,9096,9096,0,0,0
STAT,(NULL),LoopTime,4,4404,4404,0,0,0
STAT,(NULL),MeminfoPost,4,127,12,17,30,68
STAT,(NULL),MeminfoPre,4,0,0,0,0,0
STAT,(NULL),Rounds,4,20,20,0,0,0
STAT,(NULL),Threads,4,4,4,0,0,0
STAT,(NULL),Time,4,2981,2981,0,0,0
STAT,map_reduce,LoopTime,4,38,38,0,0,0
	Command being timed: "/home/users/norris/research/easy-parallel-graph/autoperf/mst/lib/Galois-2.2.1/build/power/apps/boruvka/boruvka -t=4 /home/users/norris/research/easy-parallel-graph/experiment/datasets/com-lj-org-weighted_100i_1000000.gr"
	User time (seconds): 27.74
	System time (seconds): 1.23
	Percent of CPU this job got: 218%
	Elapsed (wall clock) time (h:mm:ss or m:ss): 0:13.27
	Average shared text size (kbytes): 0
	Average unshared data size (kbytes): 0
	Average stack size (kbytes): 0
	Average total size (kbytes): 0
	Maximum resident set size (kbytes): 4429216
	Average resident set size (kbytes): 0
	Major (requiring I/O) page faults: 0
	Minor (reclaiming a frame) page faults: 34445
	Voluntary context switches: 800
	Involuntary context switches: 237
	Swaps: 0
	File system inputs: 0
	File system outputs: 16
	Socket messages sent: 0
	Socket messages received: 0
	Signals delivered: 0
	Page size (bytes): 4096
	Exit status: 0
Galois Benchmark Suite v2.2.1 (r0)
Copyright (C) 2014 The University of Texas at Austin
http://iss.ices.utexas.edu/galois/

application: Boruvka's Minimum Spanning Tree Algorithm
Computes the minimum spanning forest of a graph
http://iss.ices.utexas.edu/?p=projects/galois/benchmarks/mst

INFO: CommandLine /home/users/norris/research/easy-parallel-graph/autoperf/mst/lib/Galois-2.2.1/build/power/apps/boruvka/boruvka -t=4 /home/users/norris/research/easy-parallel-graph/experiment/datasets/com-lj-org-weighted_100i_1000000.gr
INFO: Hostname arya
Found rapl component at cid 2
Found: rapl:::THERMAL_SPEC_CNT:PACKAGE0
Found: rapl:::THERMAL_SPEC_CNT:PACKAGE1
Found: rapl:::MINIMUM_POWER_CNT:PACKAGE0
Found: rapl:::MINIMUM_POWER_CNT:PACKAGE1
Found: rapl:::MAXIMUM_POWER_CNT:PACKAGE0
Found: rapl:::MAXIMUM_POWER_CNT:PACKAGE1
Found: rapl:::MAXIMUM_TIME_WINDOW_CNT:PACKAGE0
Found: rapl:::MAXIMUM_TIME_WINDOW_CNT:PACKAGE1
Found: rapl:::PACKAGE_ENERGY_CNT:PACKAGE0
Found: rapl:::PACKAGE_ENERGY_CNT:PACKAGE1
Found: rapl:::DRAM_ENERGY_CNT:PACKAGE0
Found: rapl:::DRAM_ENERGY_CNT:PACKAGE1
Found: rapl:::PP0_ENERGY_CNT:PACKAGE0
Found: rapl:::PP0_ENERGY_CNT:PACKAGE1
Found: rapl:::THERMAL_SPEC:PACKAGE0
Found: rapl:::THERMAL_SPEC:PACKAGE1
Found: rapl:::MINIMUM_POWER:PACKAGE0
Found: rapl:::MINIMUM_POWER:PACKAGE1
Found: rapl:::MAXIMUM_POWER:PACKAGE0
Found: rapl:::MAXIMUM_POWER:PACKAGE1
Found: rapl:::MAXIMUM_TIME_WINDOW:PACKAGE0
Found: rapl:::MAXIMUM_TIME_WINDOW:PACKAGE1
Found: rapl:::PACKAGE_ENERGY:PACKAGE0
Found: rapl:::PACKAGE_ENERGY:PACKAGE1
Found: rapl:::DRAM_ENERGY:PACKAGE0
Found: rapl:::DRAM_ENERGY:PACKAGE1
Found: rapl:::PP0_ENERGY:PACKAGE0
Found: rapl:::PP0_ENERGY:PACKAGE1
Nodes: 4036538 edges: 140724756 heaviest edge: 99
2.9736 s 0.0000 (* Average Power for rapl:::THERMAL_SPEC_CNT:PACKAGE0 *)
2.9736 s 0.0000 (* Average Power for rapl:::THERMAL_SPEC_CNT:PACKAGE1 *)
2.9736 s 0.0000 (* Average Power for rapl:::MINIMUM_POWER_CNT:PACKAGE0 *)
2.9736 s 0.0000 (* Average Power for rapl:::MINIMUM_POWER_CNT:PACKAGE1 *)
2.9736 s 0.0000 (* Average Power for rapl:::MAXIMUM_POWER_CNT:PACKAGE0 *)
2.9736 s 0.0000 (* Average Power for rapl:::MAXIMUM_POWER_CNT:PACKAGE1 *)
2.9736 s 0.0000 (* Average Power for rapl:::MAXIMUM_TIME_WINDOW_CNT:PACKAGE0 *)
2.9736 s 0.0000 (* Average Power for rapl:::MAXIMUM_TIME_WINDOW_CNT:PACKAGE1 *)
2.9736 s 0.0011 (* Average Power for rapl:::PACKAGE_ENERGY_CNT:PACKAGE0 *)
2.9736 s 0.0004 (* Average Power for rapl:::PACKAGE_ENERGY_CNT:PACKAGE1 *)
2.9736 s 0.0011 (* Average Power for rapl:::DRAM_ENERGY_CNT:PACKAGE0 *)
2.9736 s 0.0006 (* Average Power for rapl:::DRAM_ENERGY_CNT:PACKAGE1 *)
2.9736 s 0.0000 (* Average Power for rapl:::PP0_ENERGY_CNT:PACKAGE0 *)
2.9736 s 0.0000 (* Average Power for rapl:::PP0_ENERGY_CNT:PACKAGE1 *)
2.9736 s 1560175189.3663 (* Average Power for rapl:::THERMAL_SPEC:PACKAGE0 *)
2.9736 s 1560175189.3663 (* Average Power for rapl:::THERMAL_SPEC:PACKAGE1 *)
2.9736 s 1558577825.1720 (* Average Power for rapl:::MINIMUM_POWER:PACKAGE0 *)
2.9736 s 1558577825.1720 (* Average Power for rapl:::MINIMUM_POWER:PACKAGE1 *)
2.9736 s 1561689727.2690 (* Average Power for rapl:::MAXIMUM_POWER:PACKAGE0 *)
2.9736 s 1561689727.2690 (* Average Power for rapl:::MAXIMUM_POWER:PACKAGE1 *)
2.9736 s 1542509524.6104 (* Average Power for rapl:::MAXIMUM_TIME_WINDOW:PACKAGE0 *)
2.9736 s 1542509524.6104 (* Average Power for rapl:::MAXIMUM_TIME_WINDOW:PACKAGE1 *)
2.9736 s 198.9141 (* Total Energy for rapl:::PACKAGE_ENERGY:PACKAGE0 *)
2.9736 s 66.8938 (* Average Power for rapl:::PACKAGE_ENERGY:PACKAGE0 *)
2.9736 s 70.7045 (* Total Energy for rapl:::PACKAGE_ENERGY:PACKAGE1 *)
2.9736 s 23.7776 (* Average Power for rapl:::PACKAGE_ENERGY:PACKAGE1 *)
2.9736 s 16.9177 (* Average Power for rapl:::DRAM_ENERGY:PACKAGE0 *)
2.9736 s 8.8791 (* Average Power for rapl:::DRAM_ENERGY:PACKAGE1 *)
2.9736 s 0.0000 (* Average Power for rapl:::PP0_ENERGY:PACKAGE0 *)
2.9736 s 0.0000 (* Average Power for rapl:::PP0_ENERGY:PACKAGE1 *)
MST weight: 7.61667e+07 (76166685)
Num trees: 23578
Tree edges: 4012960
STATTYPE,LOOP,CATEGORY,n,sum,T0,T1,T2,T3
STAT,(NULL),InitializeSortTime,4,1438,1438,0,0,0
STAT,(NULL),InitializeTime,4,9270,9270,0,0,0
STAT,(NULL),LoopTime,4,4397,4397,0,0,0
STAT,(NULL),MeminfoPost,4,128,12,18,30,68
STAT,(NULL),MeminfoPre,4,0,0,0,0,0
STAT,(NULL),Rounds,4,20,20,0,0,0
STAT,(NULL),Threads,4,4,4,0,0,0
STAT,(NULL),Time,4,2973,2973,0,0,0
STAT,map_reduce,LoopTime,4,38,38,0,0,0
	Command being timed: "/home/users/norris/research/easy-parallel-graph/autoperf/mst/lib/Galois-2.2.1/build/power/apps/boruvka/boruvka -t=4 /home/users/norris/research/easy-parallel-graph/experiment/datasets/com-lj-org-weighted_100i_1000000.gr"
	User time (seconds): 27.92
	System time (seconds): 1.02
	Percent of CPU this job got: 216%
	Elapsed (wall clock) time (h:mm:ss or m:ss): 0:13.38
	Average shared text size (kbytes): 0
	Average unshared data size (kbytes): 0
	Average stack size (kbytes): 0
	Average total size (kbytes): 0
	Maximum resident set size (kbytes): 4428972
	Average resident set size (kbytes): 0
	Major (requiring I/O) page faults: 0
	Minor (reclaiming a frame) page faults: 32961
	Voluntary context switches: 862
	Involuntary context switches: 238
	Swaps: 0
	File system inputs: 0
	File system outputs: 16
	Socket messages sent: 0
	Socket messages received: 0
	Signals delivered: 0
	Page size (bytes): 4096
	Exit status: 0
Galois Benchmark Suite v2.2.1 (r0)
Copyright (C) 2014 The University of Texas at Austin
http://iss.ices.utexas.edu/galois/

application: Boruvka's Minimum Spanning Tree Algorithm
Computes the minimum spanning forest of a graph
http://iss.ices.utexas.edu/?p=projects/galois/benchmarks/mst

INFO: CommandLine /home/users/norris/research/easy-parallel-graph/autoperf/mst/lib/Galois-2.2.1/build/power/apps/boruvka/boruvka -t=4 /home/users/norris/research/easy-parallel-graph/experiment/datasets/com-lj-org-weighted_100i_1000000.gr
INFO: Hostname arya
Found rapl component at cid 2
Found: rapl:::THERMAL_SPEC_CNT:PACKAGE0
Found: rapl:::THERMAL_SPEC_CNT:PACKAGE1
Found: rapl:::MINIMUM_POWER_CNT:PACKAGE0
Found: rapl:::MINIMUM_POWER_CNT:PACKAGE1
Found: rapl:::MAXIMUM_POWER_CNT:PACKAGE0
Found: rapl:::MAXIMUM_POWER_CNT:PACKAGE1
Found: rapl:::MAXIMUM_TIME_WINDOW_CNT:PACKAGE0
Found: rapl:::MAXIMUM_TIME_WINDOW_CNT:PACKAGE1
Found: rapl:::PACKAGE_ENERGY_CNT:PACKAGE0
Found: rapl:::PACKAGE_ENERGY_CNT:PACKAGE1
Found: rapl:::DRAM_ENERGY_CNT:PACKAGE0
Found: rapl:::DRAM_ENERGY_CNT:PACKAGE1
Found: rapl:::PP0_ENERGY_CNT:PACKAGE0
Found: rapl:::PP0_ENERGY_CNT:PACKAGE1
Found: rapl:::THERMAL_SPEC:PACKAGE0
Found: rapl:::THERMAL_SPEC:PACKAGE1
Found: rapl:::MINIMUM_POWER:PACKAGE0
Found: rapl:::MINIMUM_POWER:PACKAGE1
Found: rapl:::MAXIMUM_POWER:PACKAGE0
Found: rapl:::MAXIMUM_POWER:PACKAGE1
Found: rapl:::MAXIMUM_TIME_WINDOW:PACKAGE0
Found: rapl:::MAXIMUM_TIME_WINDOW:PACKAGE1
Found: rapl:::PACKAGE_ENERGY:PACKAGE0
Found: rapl:::PACKAGE_ENERGY:PACKAGE1
Found: rapl:::DRAM_ENERGY:PACKAGE0
Found: rapl:::DRAM_ENERGY:PACKAGE1
Found: rapl:::PP0_ENERGY:PACKAGE0
Found: rapl:::PP0_ENERGY:PACKAGE1
Nodes: 4036538 edges: 140724756 heaviest edge: 99
3.4229 s 0.0000 (* Average Power for rapl:::THERMAL_SPEC_CNT:PACKAGE0 *)
3.4229 s 0.0000 (* Average Power for rapl:::THERMAL_SPEC_CNT:PACKAGE1 *)
3.4229 s 0.0000 (* Average Power for rapl:::MINIMUM_POWER_CNT:PACKAGE0 *)
3.4229 s 0.0000 (* Average Power for rapl:::MINIMUM_POWER_CNT:PACKAGE1 *)
3.4229 s 0.0000 (* Average Power for rapl:::MAXIMUM_POWER_CNT:PACKAGE0 *)
3.4229 s 0.0000 (* Average Power for rapl:::MAXIMUM_POWER_CNT:PACKAGE1 *)
3.4229 s 0.0000 (* Average Power for rapl:::MAXIMUM_TIME_WINDOW_CNT:PACKAGE0 *)
3.4229 s 0.0000 (* Average Power for rapl:::MAXIMUM_TIME_WINDOW_CNT:PACKAGE1 *)
3.4229 s 0.0011 (* Average Power for rapl:::PACKAGE_ENERGY_CNT:PACKAGE0 *)
3.4229 s 0.0004 (* Average Power for rapl:::PACKAGE_ENERGY_CNT:PACKAGE1 *)
3.4229 s 0.0011 (* Average Power for rapl:::DRAM_ENERGY_CNT:PACKAGE0 *)
3.4229 s 0.0006 (* Average Power for rapl:::DRAM_ENERGY_CNT:PACKAGE1 *)
3.4229 s 0.0000 (* Average Power for rapl:::PP0_ENERGY_CNT:PACKAGE0 *)
3.4229 s 0.0000 (* Average Power for rapl:::PP0_ENERGY_CNT:PACKAGE1 *)
3.4229 s 1355377493.7459 (* Average Power for rapl:::THERMAL_SPEC:PACKAGE0 *)
3.4229 s 1355377493.7459 (* Average Power for rapl:::THERMAL_SPEC:PACKAGE1 *)
3.4229 s 1353989808.8930 (* Average Power for rapl:::MINIMUM_POWER:PACKAGE0 *)
3.4229 s 1353989808.8930 (* Average Power for rapl:::MINIMUM_POWER:PACKAGE1 *)
3.4229 s 1356693224.5695 (* Average Power for rapl:::MAXIMUM_POWER:PACKAGE0 *)
3.4229 s 1356693224.5695 (* Average Power for rapl:::MAXIMUM_POWER:PACKAGE1 *)
3.4229 s 1340030727.1870 (* Average Power for rapl:::MAXIMUM_TIME_WINDOW:PACKAGE0 *)
3.4229 s 1340030727.1870 (* Average Power for rapl:::MAXIMUM_TIME_WINDOW:PACKAGE1 *)
3.4229 s 225.2250 (* Total Energy for rapl:::PACKAGE_ENERGY:PACKAGE0 *)
3.4229 s 65.7997 (* Average Power for rapl:::PACKAGE_ENERGY:PACKAGE0 *)
3.4229 s 81.6910 (* Total Energy for rapl:::PACKAGE_ENERGY:PACKAGE1 *)
3.4229 s 23.8661 (* Average Power for rapl:::PACKAGE_ENERGY:PACKAGE1 *)
3.4229 s 16.3206 (* Average Power for rapl:::DRAM_ENERGY:PACKAGE0 *)
3.4229 s 8.6219 (* Average Power for rapl:::DRAM_ENERGY:PACKAGE1 *)
3.4229 s 0.0000 (* Average Power for rapl:::PP0_ENERGY:PACKAGE0 *)
3.4229 s 0.0000 (* Average Power for rapl:::PP0_ENERGY:PACKAGE1 *)
MST weight: 7.61667e+07 (76166685)
Num trees: 23578
Tree edges: 4012960
STATTYPE,LOOP,CATEGORY,n,sum,T0,T1,T2,T3
STAT,(NULL),InitializeSortTime,4,1439,1439,0,0,0
STAT,(NULL),InitializeTime,4,8975,8975,0,0,0
STAT,(NULL),LoopTime,4,4845,4845,0,0,0
STAT,(NULL),MeminfoPost,4,128,12,18,30,68
STAT,(NULL),MeminfoPre,4,0,0,0,0,0
STAT,(NULL),Rounds,4,20,20,0,0,0
STAT,(NULL),Threads,4,4,4,0,0,0
STAT,(NULL),Time,4,3422,3422,0,0,0
STAT,map_reduce,LoopTime,4,38,38,0,0,0
	Command being timed: "/home/users/norris/research/easy-parallel-graph/autoperf/mst/lib/Galois-2.2.1/build/power/apps/boruvka/boruvka -t=4 /home/users/norris/research/easy-parallel-graph/experiment/datasets/com-lj-org-weighted_100i_1000000.gr"
	User time (seconds): 29.52
	System time (seconds): 1.19
	Percent of CPU this job got: 225%
	Elapsed (wall clock) time (h:mm:ss or m:ss): 0:13.61
	Average shared text size (kbytes): 0
	Average unshared data size (kbytes): 0
	Average stack size (kbytes): 0
	Average total size (kbytes): 0
	Maximum resident set size (kbytes): 4429012
	Average resident set size (kbytes): 0
	Major (requiring I/O) page faults: 0
	Minor (reclaiming a frame) page faults: 40287
	Voluntary context switches: 871
	Involuntary context switches: 240
	Swaps: 0
	File system inputs: 0
	File system outputs: 16
	Socket messages sent: 0
	Socket messages received: 0
	Signals delivered: 0
	Page size (bytes): 4096
	Exit status: 0
Galois Benchmark Suite v2.2.1 (r0)
Copyright (C) 2014 The University of Texas at Austin
http://iss.ices.utexas.edu/galois/

application: Boruvka's Minimum Spanning Tree Algorithm
Computes the minimum spanning forest of a graph
http://iss.ices.utexas.edu/?p=projects/galois/benchmarks/mst

INFO: CommandLine /home/users/norris/research/easy-parallel-graph/autoperf/mst/lib/Galois-2.2.1/build/power/apps/boruvka/boruvka -t=4 /home/users/norris/research/easy-parallel-graph/experiment/datasets/com-lj-org-weighted_100i_1000000.gr
INFO: Hostname arya
Found rapl component at cid 2
Found: rapl:::THERMAL_SPEC_CNT:PACKAGE0
Found: rapl:::THERMAL_SPEC_CNT:PACKAGE1
Found: rapl:::MINIMUM_POWER_CNT:PACKAGE0
Found: rapl:::MINIMUM_POWER_CNT:PACKAGE1
Found: rapl:::MAXIMUM_POWER_CNT:PACKAGE0
Found: rapl:::MAXIMUM_POWER_CNT:PACKAGE1
Found: rapl:::MAXIMUM_TIME_WINDOW_CNT:PACKAGE0
Found: rapl:::MAXIMUM_TIME_WINDOW_CNT:PACKAGE1
Found: rapl:::PACKAGE_ENERGY_CNT:PACKAGE0
Found: rapl:::PACKAGE_ENERGY_CNT:PACKAGE1
Found: rapl:::DRAM_ENERGY_CNT:PACKAGE0
Found: rapl:::DRAM_ENERGY_CNT:PACKAGE1
Found: rapl:::PP0_ENERGY_CNT:PACKAGE0
Found: rapl:::PP0_ENERGY_CNT:PACKAGE1
Found: rapl:::THERMAL_SPEC:PACKAGE0
Found: rapl:::THERMAL_SPEC:PACKAGE1
Found: rapl:::MINIMUM_POWER:PACKAGE0
Found: rapl:::MINIMUM_POWER:PACKAGE1
Found: rapl:::MAXIMUM_POWER:PACKAGE0
Found: rapl:::MAXIMUM_POWER:PACKAGE1
Found: rapl:::MAXIMUM_TIME_WINDOW:PACKAGE0
Found: rapl:::MAXIMUM_TIME_WINDOW:PACKAGE1
Found: rapl:::PACKAGE_ENERGY:PACKAGE0
Found: rapl:::PACKAGE_ENERGY:PACKAGE1
Found: rapl:::DRAM_ENERGY:PACKAGE0
Found: rapl:::DRAM_ENERGY:PACKAGE1
Found: rapl:::PP0_ENERGY:PACKAGE0
Found: rapl:::PP0_ENERGY:PACKAGE1
Nodes: 4036538 edges: 140724756 heaviest edge: 99
3.2362 s 0.0000 (* Average Power for rapl:::THERMAL_SPEC_CNT:PACKAGE0 *)
3.2362 s 0.0000 (* Average Power for rapl:::THERMAL_SPEC_CNT:PACKAGE1 *)
3.2362 s 0.0000 (* Average Power for rapl:::MINIMUM_POWER_CNT:PACKAGE0 *)
3.2362 s 0.0000 (* Average Power for rapl:::MINIMUM_POWER_CNT:PACKAGE1 *)
3.2362 s 0.0000 (* Average Power for rapl:::MAXIMUM_POWER_CNT:PACKAGE0 *)
3.2362 s 0.0000 (* Average Power for rapl:::MAXIMUM_POWER_CNT:PACKAGE1 *)
3.2362 s 0.0000 (* Average Power for rapl:::MAXIMUM_TIME_WINDOW_CNT:PACKAGE0 *)
3.2362 s 0.0000 (* Average Power for rapl:::MAXIMUM_TIME_WINDOW_CNT:PACKAGE1 *)
3.2362 s 0.0011 (* Average Power for rapl:::PACKAGE_ENERGY_CNT:PACKAGE0 *)
3.2362 s 0.0004 (* Average Power for rapl:::PACKAGE_ENERGY_CNT:PACKAGE1 *)
3.2362 s 0.0011 (* Average Power for rapl:::DRAM_ENERGY_CNT:PACKAGE0 *)
3.2362 s 0.0006 (* Average Power for rapl:::DRAM_ENERGY_CNT:PACKAGE1 *)
3.2362 s 0.0000 (* Average Power for rapl:::PP0_ENERGY_CNT:PACKAGE0 *)
3.2362 s 0.0000 (* Average Power for rapl:::PP0_ENERGY_CNT:PACKAGE1 *)
3.2362 s 1433554442.4525 (* Average Power for rapl:::THERMAL_SPEC:PACKAGE0 *)
3.2362 s 1433554442.4525 (* Average Power for rapl:::THERMAL_SPEC:PACKAGE1 *)
3.2362 s 1432086717.1915 (* Average Power for rapl:::MINIMUM_POWER:PACKAGE0 *)
3.2362 s 1432086717.1915 (* Average Power for rapl:::MINIMUM_POWER:PACKAGE1 *)
3.2362 s 1434946063.4406 (* Average Power for rapl:::MAXIMUM_POWER:PACKAGE0 *)
3.2362 s 1434946063.4406 (* Average Power for rapl:::MAXIMUM_POWER:PACKAGE1 *)
3.2362 s 1417322488.2704 (* Average Power for rapl:::MAXIMUM_TIME_WINDOW:PACKAGE0 *)
3.2362 s 1417322488.2704 (* Average Power for rapl:::MAXIMUM_TIME_WINDOW:PACKAGE1 *)
3.2362 s 213.7451 (* Total Energy for rapl:::PACKAGE_ENERGY:PACKAGE0 *)
3.2362 s 66.0477 (* Average Power for rapl:::PACKAGE_ENERGY:PACKAGE0 *)
3.2362 s 76.9357 (* Total Energy for rapl:::PACKAGE_ENERGY:PACKAGE1 *)
3.2362 s 23.7733 (* Average Power for rapl:::PACKAGE_ENERGY:PACKAGE1 *)
3.2362 s 16.5338 (* Average Power for rapl:::DRAM_ENERGY:PACKAGE0 *)
3.2362 s 8.7775 (* Average Power for rapl:::DRAM_ENERGY:PACKAGE1 *)
3.2362 s 0.0000 (* Average Power for rapl:::PP0_ENERGY:PACKAGE0 *)
3.2362 s 0.0000 (* Average Power for rapl:::PP0_ENERGY:PACKAGE1 *)
MST weight: 7.61667e+07 (76166685)
Num trees: 23578
Tree edges: 4012960
STATTYPE,LOOP,CATEGORY,n,sum,T0,T1,T2,T3
STAT,(NULL),InitializeSortTime,4,1443,1443,0,0,0
STAT,(NULL),InitializeTime,4,9101,9101,0,0,0
STAT,(NULL),LoopTime,4,4662,4662,0,0,0
STAT,(NULL),MeminfoPost,4,128,12,18,30,68
STAT,(NULL),MeminfoPre,4,0,0,0,0,0
STAT,(NULL),Rounds,4,20,20,0,0,0
STAT,(NULL),Threads,4,4,4,0,0,0
STAT,(NULL),Time,4,3236,3236,0,0,0
STAT,map_reduce,LoopTime,4,37,37,0,0,0
	Command being timed: "/home/users/norris/research/easy-parallel-graph/autoperf/mst/lib/Galois-2.2.1/build/power/apps/boruvka/boruvka -t=4 /home/users/norris/research/easy-parallel-graph/experiment/datasets/com-lj-org-weighted_100i_1000000.gr"
	User time (seconds): 28.58
	System time (seconds): 1.18
	Percent of CPU this job got: 221%
	Elapsed (wall clock) time (h:mm:ss or m:ss): 0:13.43
	Average shared text size (kbytes): 0
	Average unshared data size (kbytes): 0
	Average stack size (kbytes): 0
	Average total size (kbytes): 0
	Maximum resident set size (kbytes): 4428772
	Average resident set size (kbytes): 0
	Major (requiring I/O) page faults: 0
	Minor (reclaiming a frame) page faults: 33942
	Voluntary context switches: 931
	Involuntary context switches: 224
	Swaps: 0
	File system inputs: 0
	File system outputs: 16
	Socket messages sent: 0
	Socket messages received: 0
	Signals delivered: 0
	Page size (bytes): 4096
	Exit status: 0
