Galois Benchmark Suite v2.2.1 (r0)
Copyright (C) 2014 The University of Texas at Austin
http://iss.ices.utexas.edu/galois/

application: Boruvka's Minimum Spanning Tree Algorithm
Computes the minimum spanning forest of a graph
http://iss.ices.utexas.edu/?p=projects/galois/benchmarks/mst

INFO: CommandLine /home/users/norris/research/easy-parallel-graph/autoperf/mst/lib/Galois-2.2.1/build/power/apps/boruvka/boruvka -t=4 /home/users/norris/research/easy-parallel-graph/experiment/datasets/com-lj-org-weighted_75i_1000000.gr
INFO: Hostname arya
Found rapl component at cid 2
Found: rapl:::THERMAL_SPEC_CNT:PACKAGE0
Found: rapl:::THERMAL_SPEC_CNT:PACKAGE1
Found: rapl:::MINIMUM_POWER_CNT:PACKAGE0
Found: rapl:::MINIMUM_POWER_CNT:PACKAGE1
Found: rapl:::MAXIMUM_POWER_CNT:PACKAGE0
Found: rapl:::MAXIMUM_POWER_CNT:PACKAGE1
Found: rapl:::MAXIMUM_TIME_WINDOW_CNT:PACKAGE0
Found: rapl:::MAXIMUM_TIME_WINDOW_CNT:PACKAGE1
Found: rapl:::PACKAGE_ENERGY_CNT:PACKAGE0
Found: rapl:::PACKAGE_ENERGY_CNT:PACKAGE1
Found: rapl:::DRAM_ENERGY_CNT:PACKAGE0
Found: rapl:::DRAM_ENERGY_CNT:PACKAGE1
Found: rapl:::PP0_ENERGY_CNT:PACKAGE0
Found: rapl:::PP0_ENERGY_CNT:PACKAGE1
Found: rapl:::THERMAL_SPEC:PACKAGE0
Found: rapl:::THERMAL_SPEC:PACKAGE1
Found: rapl:::MINIMUM_POWER:PACKAGE0
Found: rapl:::MINIMUM_POWER:PACKAGE1
Found: rapl:::MAXIMUM_POWER:PACKAGE0
Found: rapl:::MAXIMUM_POWER:PACKAGE1
Found: rapl:::MAXIMUM_TIME_WINDOW:PACKAGE0
Found: rapl:::MAXIMUM_TIME_WINDOW:PACKAGE1
Found: rapl:::PACKAGE_ENERGY:PACKAGE0
Found: rapl:::PACKAGE_ENERGY:PACKAGE1
Found: rapl:::DRAM_ENERGY:PACKAGE0
Found: rapl:::DRAM_ENERGY:PACKAGE1
Found: rapl:::PP0_ENERGY:PACKAGE0
Found: rapl:::PP0_ENERGY:PACKAGE1
Nodes: 4036538 edges: 139726522 heaviest edge: 99
3.1659 s 0.0000 (* Average Power for rapl:::THERMAL_SPEC_CNT:PACKAGE0 *)
3.1659 s 0.0000 (* Average Power for rapl:::THERMAL_SPEC_CNT:PACKAGE1 *)
3.1659 s 0.0000 (* Average Power for rapl:::MINIMUM_POWER_CNT:PACKAGE0 *)
3.1659 s 0.0000 (* Average Power for rapl:::MINIMUM_POWER_CNT:PACKAGE1 *)
3.1659 s 0.0000 (* Average Power for rapl:::MAXIMUM_POWER_CNT:PACKAGE0 *)
3.1659 s 0.0000 (* Average Power for rapl:::MAXIMUM_POWER_CNT:PACKAGE1 *)
3.1659 s 0.0000 (* Average Power for rapl:::MAXIMUM_TIME_WINDOW_CNT:PACKAGE0 *)
3.1659 s 0.0000 (* Average Power for rapl:::MAXIMUM_TIME_WINDOW_CNT:PACKAGE1 *)
3.1659 s 0.0011 (* Average Power for rapl:::PACKAGE_ENERGY_CNT:PACKAGE0 *)
3.1659 s 0.0004 (* Average Power for rapl:::PACKAGE_ENERGY_CNT:PACKAGE1 *)
3.1659 s 0.0011 (* Average Power for rapl:::DRAM_ENERGY_CNT:PACKAGE0 *)
3.1659 s 0.0006 (* Average Power for rapl:::DRAM_ENERGY_CNT:PACKAGE1 *)
3.1659 s 0.0000 (* Average Power for rapl:::PP0_ENERGY_CNT:PACKAGE0 *)
3.1659 s 0.0000 (* Average Power for rapl:::PP0_ENERGY_CNT:PACKAGE1 *)
3.1659 s 1465408896.7270 (* Average Power for rapl:::THERMAL_SPEC:PACKAGE0 *)
3.1659 s 1465408896.7270 (* Average Power for rapl:::THERMAL_SPEC:PACKAGE1 *)
3.1659 s 1463908557.7154 (* Average Power for rapl:::MINIMUM_POWER:PACKAGE0 *)
3.1659 s 1463908557.7154 (* Average Power for rapl:::MINIMUM_POWER:PACKAGE1 *)
3.1659 s 1466831440.3825 (* Average Power for rapl:::MAXIMUM_POWER:PACKAGE0 *)
3.1659 s 1466831440.3825 (* Average Power for rapl:::MAXIMUM_POWER:PACKAGE1 *)
3.1659 s 1448816258.6205 (* Average Power for rapl:::MAXIMUM_TIME_WINDOW:PACKAGE0 *)
3.1659 s 1448816258.6205 (* Average Power for rapl:::MAXIMUM_TIME_WINDOW:PACKAGE1 *)
3.1659 s 208.9926 (* Total Energy for rapl:::PACKAGE_ENERGY:PACKAGE0 *)
3.1659 s 66.0141 (* Average Power for rapl:::PACKAGE_ENERGY:PACKAGE0 *)
3.1659 s 82.4084 (* Total Energy for rapl:::PACKAGE_ENERGY:PACKAGE1 *)
3.1659 s 26.0302 (* Average Power for rapl:::PACKAGE_ENERGY:PACKAGE1 *)
3.1659 s 16.5324 (* Average Power for rapl:::DRAM_ENERGY:PACKAGE0 *)
3.1659 s 9.4012 (* Average Power for rapl:::DRAM_ENERGY:PACKAGE1 *)
3.1659 s 0.0000 (* Average Power for rapl:::PP0_ENERGY:PACKAGE0 *)
3.1659 s 0.0000 (* Average Power for rapl:::PP0_ENERGY:PACKAGE1 *)
MST weight: 7.81576e+07 (78157588)
Num trees: 26556
Tree edges: 4009982
STATTYPE,LOOP,CATEGORY,n,sum,T0,T1,T2,T3
STAT,(NULL),InitializeSortTime,4,1429,1429,0,0,0
STAT,(NULL),InitializeTime,4,9119,9119,0,0,0
STAT,(NULL),LoopTime,4,4578,4578,0,0,0
STAT,(NULL),MeminfoPost,4,128,12,18,30,68
STAT,(NULL),MeminfoPre,4,0,0,0,0,0
STAT,(NULL),Rounds,4,21,21,0,0,0
STAT,(NULL),Threads,4,4,4,0,0,0
STAT,(NULL),Time,4,3165,3165,0,0,0
STAT,map_reduce,LoopTime,4,34,34,0,0,0
	Command being timed: "/home/users/norris/research/easy-parallel-graph/autoperf/mst/lib/Galois-2.2.1/build/power/apps/boruvka/boruvka -t=4 /home/users/norris/research/easy-parallel-graph/experiment/datasets/com-lj-org-weighted_75i_1000000.gr"
	User time (seconds): 28.28
	System time (seconds): 1.21
	Percent of CPU this job got: 219%
	Elapsed (wall clock) time (h:mm:ss or m:ss): 0:13.41
	Average shared text size (kbytes): 0
	Average unshared data size (kbytes): 0
	Average stack size (kbytes): 0
	Average total size (kbytes): 0
	Maximum resident set size (kbytes): 4407788
	Average resident set size (kbytes): 0
	Major (requiring I/O) page faults: 0
	Minor (reclaiming a frame) page faults: 43900
	Voluntary context switches: 850
	Involuntary context switches: 232
	Swaps: 0
	File system inputs: 0
	File system outputs: 16
	Socket messages sent: 0
	Socket messages received: 0
	Signals delivered: 0
	Page size (bytes): 4096
	Exit status: 0
Galois Benchmark Suite v2.2.1 (r0)
Copyright (C) 2014 The University of Texas at Austin
http://iss.ices.utexas.edu/galois/

application: Boruvka's Minimum Spanning Tree Algorithm
Computes the minimum spanning forest of a graph
http://iss.ices.utexas.edu/?p=projects/galois/benchmarks/mst

INFO: CommandLine /home/users/norris/research/easy-parallel-graph/autoperf/mst/lib/Galois-2.2.1/build/power/apps/boruvka/boruvka -t=4 /home/users/norris/research/easy-parallel-graph/experiment/datasets/com-lj-org-weighted_75i_1000000.gr
INFO: Hostname arya
Found rapl component at cid 2
Found: rapl:::THERMAL_SPEC_CNT:PACKAGE0
Found: rapl:::THERMAL_SPEC_CNT:PACKAGE1
Found: rapl:::MINIMUM_POWER_CNT:PACKAGE0
Found: rapl:::MINIMUM_POWER_CNT:PACKAGE1
Found: rapl:::MAXIMUM_POWER_CNT:PACKAGE0
Found: rapl:::MAXIMUM_POWER_CNT:PACKAGE1
Found: rapl:::MAXIMUM_TIME_WINDOW_CNT:PACKAGE0
Found: rapl:::MAXIMUM_TIME_WINDOW_CNT:PACKAGE1
Found: rapl:::PACKAGE_ENERGY_CNT:PACKAGE0
Found: rapl:::PACKAGE_ENERGY_CNT:PACKAGE1
Found: rapl:::DRAM_ENERGY_CNT:PACKAGE0
Found: rapl:::DRAM_ENERGY_CNT:PACKAGE1
Found: rapl:::PP0_ENERGY_CNT:PACKAGE0
Found: rapl:::PP0_ENERGY_CNT:PACKAGE1
Found: rapl:::THERMAL_SPEC:PACKAGE0
Found: rapl:::THERMAL_SPEC:PACKAGE1
Found: rapl:::MINIMUM_POWER:PACKAGE0
Found: rapl:::MINIMUM_POWER:PACKAGE1
Found: rapl:::MAXIMUM_POWER:PACKAGE0
Found: rapl:::MAXIMUM_POWER:PACKAGE1
Found: rapl:::MAXIMUM_TIME_WINDOW:PACKAGE0
Found: rapl:::MAXIMUM_TIME_WINDOW:PACKAGE1
Found: rapl:::PACKAGE_ENERGY:PACKAGE0
Found: rapl:::PACKAGE_ENERGY:PACKAGE1
Found: rapl:::DRAM_ENERGY:PACKAGE0
Found: rapl:::DRAM_ENERGY:PACKAGE1
Found: rapl:::PP0_ENERGY:PACKAGE0
Found: rapl:::PP0_ENERGY:PACKAGE1
Nodes: 4036538 edges: 139726522 heaviest edge: 99
2.9380 s 0.0000 (* Average Power for rapl:::THERMAL_SPEC_CNT:PACKAGE0 *)
2.9380 s 0.0000 (* Average Power for rapl:::THERMAL_SPEC_CNT:PACKAGE1 *)
2.9380 s 0.0000 (* Average Power for rapl:::MINIMUM_POWER_CNT:PACKAGE0 *)
2.9380 s 0.0000 (* Average Power for rapl:::MINIMUM_POWER_CNT:PACKAGE1 *)
2.9380 s 0.0000 (* Average Power for rapl:::MAXIMUM_POWER_CNT:PACKAGE0 *)
2.9380 s 0.0000 (* Average Power for rapl:::MAXIMUM_POWER_CNT:PACKAGE1 *)
2.9380 s 0.0000 (* Average Power for rapl:::MAXIMUM_TIME_WINDOW_CNT:PACKAGE0 *)
2.9380 s 0.0000 (* Average Power for rapl:::MAXIMUM_TIME_WINDOW_CNT:PACKAGE1 *)
2.9380 s 0.0011 (* Average Power for rapl:::PACKAGE_ENERGY_CNT:PACKAGE0 *)
2.9380 s 0.0004 (* Average Power for rapl:::PACKAGE_ENERGY_CNT:PACKAGE1 *)
2.9380 s 0.0011 (* Average Power for rapl:::DRAM_ENERGY_CNT:PACKAGE0 *)
2.9380 s 0.0006 (* Average Power for rapl:::DRAM_ENERGY_CNT:PACKAGE1 *)
2.9380 s 0.0000 (* Average Power for rapl:::PP0_ENERGY_CNT:PACKAGE0 *)
2.9380 s 0.0000 (* Average Power for rapl:::PP0_ENERGY_CNT:PACKAGE1 *)
2.9380 s 1579063616.4283 (* Average Power for rapl:::THERMAL_SPEC:PACKAGE0 *)
2.9380 s 1579063616.4283 (* Average Power for rapl:::THERMAL_SPEC:PACKAGE1 *)
2.9380 s 1577446913.5744 (* Average Power for rapl:::MINIMUM_POWER:PACKAGE0 *)
2.9380 s 1577446913.5744 (* Average Power for rapl:::MINIMUM_POWER:PACKAGE1 *)
2.9380 s 1580596490.2455 (* Average Power for rapl:::MAXIMUM_POWER:PACKAGE0 *)
2.9380 s 1580596490.2455 (* Average Power for rapl:::MAXIMUM_POWER:PACKAGE1 *)
2.9380 s 1561184080.4209 (* Average Power for rapl:::MAXIMUM_TIME_WINDOW:PACKAGE0 *)
2.9380 s 1561184080.4209 (* Average Power for rapl:::MAXIMUM_TIME_WINDOW:PACKAGE1 *)
2.9380 s 194.8649 (* Total Energy for rapl:::PACKAGE_ENERGY:PACKAGE0 *)
2.9380 s 66.3254 (* Average Power for rapl:::PACKAGE_ENERGY:PACKAGE0 *)
2.9380 s 79.2040 (* Total Energy for rapl:::PACKAGE_ENERGY:PACKAGE1 *)
2.9380 s 26.9584 (* Average Power for rapl:::PACKAGE_ENERGY:PACKAGE1 *)
2.9380 s 16.7912 (* Average Power for rapl:::DRAM_ENERGY:PACKAGE0 *)
2.9380 s 9.7216 (* Average Power for rapl:::DRAM_ENERGY:PACKAGE1 *)
2.9380 s 0.0000 (* Average Power for rapl:::PP0_ENERGY:PACKAGE0 *)
2.9380 s 0.0000 (* Average Power for rapl:::PP0_ENERGY:PACKAGE1 *)
MST weight: 7.81576e+07 (78157588)
Num trees: 26556
Tree edges: 4009982
STATTYPE,LOOP,CATEGORY,n,sum,T0,T1,T2,T3
STAT,(NULL),InitializeSortTime,4,1427,1427,0,0,0
STAT,(NULL),InitializeTime,4,8598,8598,0,0,0
STAT,(NULL),LoopTime,4,4350,4350,0,0,0
STAT,(NULL),MeminfoPost,4,127,12,17,30,68
STAT,(NULL),MeminfoPre,4,0,0,0,0,0
STAT,(NULL),Rounds,4,21,21,0,0,0
STAT,(NULL),Threads,4,4,4,0,0,0
STAT,(NULL),Time,4,2938,2938,0,0,0
STAT,map_reduce,LoopTime,4,37,37,0,0,0
	Command being timed: "/home/users/norris/research/easy-parallel-graph/autoperf/mst/lib/Galois-2.2.1/build/power/apps/boruvka/boruvka -t=4 /home/users/norris/research/easy-parallel-graph/experiment/datasets/com-lj-org-weighted_75i_1000000.gr"
	User time (seconds): 26.76
	System time (seconds): 1.33
	Percent of CPU this job got: 221%
	Elapsed (wall clock) time (h:mm:ss or m:ss): 0:12.68
	Average shared text size (kbytes): 0
	Average unshared data size (kbytes): 0
	Average stack size (kbytes): 0
	Average total size (kbytes): 0
	Maximum resident set size (kbytes): 4417204
	Average resident set size (kbytes): 0
	Major (requiring I/O) page faults: 0
	Minor (reclaiming a frame) page faults: 35121
	Voluntary context switches: 882
	Involuntary context switches: 221
	Swaps: 0
	File system inputs: 0
	File system outputs: 16
	Socket messages sent: 0
	Socket messages received: 0
	Signals delivered: 0
	Page size (bytes): 4096
	Exit status: 0
Galois Benchmark Suite v2.2.1 (r0)
Copyright (C) 2014 The University of Texas at Austin
http://iss.ices.utexas.edu/galois/

application: Boruvka's Minimum Spanning Tree Algorithm
Computes the minimum spanning forest of a graph
http://iss.ices.utexas.edu/?p=projects/galois/benchmarks/mst

INFO: CommandLine /home/users/norris/research/easy-parallel-graph/autoperf/mst/lib/Galois-2.2.1/build/power/apps/boruvka/boruvka -t=4 /home/users/norris/research/easy-parallel-graph/experiment/datasets/com-lj-org-weighted_75i_1000000.gr
INFO: Hostname arya
Found rapl component at cid 2
Found: rapl:::THERMAL_SPEC_CNT:PACKAGE0
Found: rapl:::THERMAL_SPEC_CNT:PACKAGE1
Found: rapl:::MINIMUM_POWER_CNT:PACKAGE0
Found: rapl:::MINIMUM_POWER_CNT:PACKAGE1
Found: rapl:::MAXIMUM_POWER_CNT:PACKAGE0
Found: rapl:::MAXIMUM_POWER_CNT:PACKAGE1
Found: rapl:::MAXIMUM_TIME_WINDOW_CNT:PACKAGE0
Found: rapl:::MAXIMUM_TIME_WINDOW_CNT:PACKAGE1
Found: rapl:::PACKAGE_ENERGY_CNT:PACKAGE0
Found: rapl:::PACKAGE_ENERGY_CNT:PACKAGE1
Found: rapl:::DRAM_ENERGY_CNT:PACKAGE0
Found: rapl:::DRAM_ENERGY_CNT:PACKAGE1
Found: rapl:::PP0_ENERGY_CNT:PACKAGE0
Found: rapl:::PP0_ENERGY_CNT:PACKAGE1
Found: rapl:::THERMAL_SPEC:PACKAGE0
Found: rapl:::THERMAL_SPEC:PACKAGE1
Found: rapl:::MINIMUM_POWER:PACKAGE0
Found: rapl:::MINIMUM_POWER:PACKAGE1
Found: rapl:::MAXIMUM_POWER:PACKAGE0
Found: rapl:::MAXIMUM_POWER:PACKAGE1
Found: rapl:::MAXIMUM_TIME_WINDOW:PACKAGE0
Found: rapl:::MAXIMUM_TIME_WINDOW:PACKAGE1
Found: rapl:::PACKAGE_ENERGY:PACKAGE0
Found: rapl:::PACKAGE_ENERGY:PACKAGE1
Found: rapl:::DRAM_ENERGY:PACKAGE0
Found: rapl:::DRAM_ENERGY:PACKAGE1
Found: rapl:::PP0_ENERGY:PACKAGE0
Found: rapl:::PP0_ENERGY:PACKAGE1
Nodes: 4036538 edges: 139726522 heaviest edge: 99
3.1923 s 0.0000 (* Average Power for rapl:::THERMAL_SPEC_CNT:PACKAGE0 *)
3.1923 s 0.0000 (* Average Power for rapl:::THERMAL_SPEC_CNT:PACKAGE1 *)
3.1923 s 0.0000 (* Average Power for rapl:::MINIMUM_POWER_CNT:PACKAGE0 *)
3.1923 s 0.0000 (* Average Power for rapl:::MINIMUM_POWER_CNT:PACKAGE1 *)
3.1923 s 0.0000 (* Average Power for rapl:::MAXIMUM_POWER_CNT:PACKAGE0 *)
3.1923 s 0.0000 (* Average Power for rapl:::MAXIMUM_POWER_CNT:PACKAGE1 *)
3.1923 s 0.0000 (* Average Power for rapl:::MAXIMUM_TIME_WINDOW_CNT:PACKAGE0 *)
3.1923 s 0.0000 (* Average Power for rapl:::MAXIMUM_TIME_WINDOW_CNT:PACKAGE1 *)
3.1923 s 0.0011 (* Average Power for rapl:::PACKAGE_ENERGY_CNT:PACKAGE0 *)
3.1923 s 0.0005 (* Average Power for rapl:::PACKAGE_ENERGY_CNT:PACKAGE1 *)
3.1923 s 0.0011 (* Average Power for rapl:::DRAM_ENERGY_CNT:PACKAGE0 *)
3.1923 s 0.0007 (* Average Power for rapl:::DRAM_ENERGY_CNT:PACKAGE1 *)
3.1923 s 0.0000 (* Average Power for rapl:::PP0_ENERGY_CNT:PACKAGE0 *)
3.1923 s 0.0000 (* Average Power for rapl:::PP0_ENERGY_CNT:PACKAGE1 *)
3.1923 s 1453276751.5964 (* Average Power for rapl:::THERMAL_SPEC:PACKAGE0 *)
3.1923 s 1453276751.5964 (* Average Power for rapl:::THERMAL_SPEC:PACKAGE1 *)
3.1923 s 1451788833.9169 (* Average Power for rapl:::MINIMUM_POWER:PACKAGE0 *)
3.1923 s 1451788833.9169 (* Average Power for rapl:::MINIMUM_POWER:PACKAGE1 *)
3.1923 s 1454687517.9888 (* Average Power for rapl:::MAXIMUM_POWER:PACKAGE0 *)
3.1923 s 1454687517.9888 (* Average Power for rapl:::MAXIMUM_POWER:PACKAGE1 *)
3.1923 s 1436821484.2224 (* Average Power for rapl:::MAXIMUM_TIME_WINDOW:PACKAGE0 *)
3.1923 s 1436821484.2224 (* Average Power for rapl:::MAXIMUM_TIME_WINDOW:PACKAGE1 *)
3.1923 s 209.4033 (* Total Energy for rapl:::PACKAGE_ENERGY:PACKAGE0 *)
3.1923 s 65.5962 (* Average Power for rapl:::PACKAGE_ENERGY:PACKAGE0 *)
3.1923 s 97.4625 (* Total Energy for rapl:::PACKAGE_ENERGY:PACKAGE1 *)
3.1923 s 30.5304 (* Average Power for rapl:::PACKAGE_ENERGY:PACKAGE1 *)
3.1923 s 16.3303 (* Average Power for rapl:::DRAM_ENERGY:PACKAGE0 *)
3.1923 s 10.2817 (* Average Power for rapl:::DRAM_ENERGY:PACKAGE1 *)
3.1923 s 0.0000 (* Average Power for rapl:::PP0_ENERGY:PACKAGE0 *)
3.1923 s 0.0000 (* Average Power for rapl:::PP0_ENERGY:PACKAGE1 *)
MST weight: 7.81576e+07 (78157588)
Num trees: 26556
Tree edges: 4009982
STATTYPE,LOOP,CATEGORY,n,sum,T0,T1,T2,T3
STAT,(NULL),InitializeSortTime,4,1429,1429,0,0,0
STAT,(NULL),InitializeTime,4,8445,8445,0,0,0
STAT,(NULL),LoopTime,4,4605,4605,0,0,0
STAT,(NULL),MeminfoPost,4,127,12,17,30,68
STAT,(NULL),MeminfoPre,4,0,0,0,0,0
STAT,(NULL),Rounds,4,21,21,0,0,0
STAT,(NULL),Threads,4,4,4,0,0,0
STAT,(NULL),Time,4,3192,3192,0,0,0
STAT,map_reduce,LoopTime,4,38,38,0,0,0
	Command being timed: "/home/users/norris/research/easy-parallel-graph/autoperf/mst/lib/Galois-2.2.1/build/power/apps/boruvka/boruvka -t=4 /home/users/norris/research/easy-parallel-graph/experiment/datasets/com-lj-org-weighted_75i_1000000.gr"
	User time (seconds): 28.01
	System time (seconds): 1.16
	Percent of CPU this job got: 227%
	Elapsed (wall clock) time (h:mm:ss or m:ss): 0:12.84
	Average shared text size (kbytes): 0
	Average unshared data size (kbytes): 0
	Average stack size (kbytes): 0
	Average total size (kbytes): 0
	Maximum resident set size (kbytes): 4410476
	Average resident set size (kbytes): 0
	Major (requiring I/O) page faults: 0
	Minor (reclaiming a frame) page faults: 33596
	Voluntary context switches: 899
	Involuntary context switches: 233
	Swaps: 0
	File system inputs: 0
	File system outputs: 16
	Socket messages sent: 0
	Socket messages received: 0
	Signals delivered: 0
	Page size (bytes): 4096
	Exit status: 0
Galois Benchmark Suite v2.2.1 (r0)
Copyright (C) 2014 The University of Texas at Austin
http://iss.ices.utexas.edu/galois/

application: Boruvka's Minimum Spanning Tree Algorithm
Computes the minimum spanning forest of a graph
http://iss.ices.utexas.edu/?p=projects/galois/benchmarks/mst

INFO: CommandLine /home/users/norris/research/easy-parallel-graph/autoperf/mst/lib/Galois-2.2.1/build/power/apps/boruvka/boruvka -t=4 /home/users/norris/research/easy-parallel-graph/experiment/datasets/com-lj-org-weighted_75i_1000000.gr
INFO: Hostname arya
Found rapl component at cid 2
Found: rapl:::THERMAL_SPEC_CNT:PACKAGE0
Found: rapl:::THERMAL_SPEC_CNT:PACKAGE1
Found: rapl:::MINIMUM_POWER_CNT:PACKAGE0
Found: rapl:::MINIMUM_POWER_CNT:PACKAGE1
Found: rapl:::MAXIMUM_POWER_CNT:PACKAGE0
Found: rapl:::MAXIMUM_POWER_CNT:PACKAGE1
Found: rapl:::MAXIMUM_TIME_WINDOW_CNT:PACKAGE0
Found: rapl:::MAXIMUM_TIME_WINDOW_CNT:PACKAGE1
Found: rapl:::PACKAGE_ENERGY_CNT:PACKAGE0
Found: rapl:::PACKAGE_ENERGY_CNT:PACKAGE1
Found: rapl:::DRAM_ENERGY_CNT:PACKAGE0
Found: rapl:::DRAM_ENERGY_CNT:PACKAGE1
Found: rapl:::PP0_ENERGY_CNT:PACKAGE0
Found: rapl:::PP0_ENERGY_CNT:PACKAGE1
Found: rapl:::THERMAL_SPEC:PACKAGE0
Found: rapl:::THERMAL_SPEC:PACKAGE1
Found: rapl:::MINIMUM_POWER:PACKAGE0
Found: rapl:::MINIMUM_POWER:PACKAGE1
Found: rapl:::MAXIMUM_POWER:PACKAGE0
Found: rapl:::MAXIMUM_POWER:PACKAGE1
Found: rapl:::MAXIMUM_TIME_WINDOW:PACKAGE0
Found: rapl:::MAXIMUM_TIME_WINDOW:PACKAGE1
Found: rapl:::PACKAGE_ENERGY:PACKAGE0
Found: rapl:::PACKAGE_ENERGY:PACKAGE1
Found: rapl:::DRAM_ENERGY:PACKAGE0
Found: rapl:::DRAM_ENERGY:PACKAGE1
Found: rapl:::PP0_ENERGY:PACKAGE0
Found: rapl:::PP0_ENERGY:PACKAGE1
Nodes: 4036538 edges: 139726522 heaviest edge: 99
3.2566 s 0.0000 (* Average Power for rapl:::THERMAL_SPEC_CNT:PACKAGE0 *)
3.2566 s 0.0000 (* Average Power for rapl:::THERMAL_SPEC_CNT:PACKAGE1 *)
3.2566 s 0.0000 (* Average Power for rapl:::MINIMUM_POWER_CNT:PACKAGE0 *)
3.2566 s 0.0000 (* Average Power for rapl:::MINIMUM_POWER_CNT:PACKAGE1 *)
3.2566 s 0.0000 (* Average Power for rapl:::MAXIMUM_POWER_CNT:PACKAGE0 *)
3.2566 s 0.0000 (* Average Power for rapl:::MAXIMUM_POWER_CNT:PACKAGE1 *)
3.2566 s 0.0000 (* Average Power for rapl:::MAXIMUM_TIME_WINDOW_CNT:PACKAGE0 *)
3.2566 s 0.0000 (* Average Power for rapl:::MAXIMUM_TIME_WINDOW_CNT:PACKAGE1 *)
3.2566 s 0.0011 (* Average Power for rapl:::PACKAGE_ENERGY_CNT:PACKAGE0 *)
3.2566 s 0.0004 (* Average Power for rapl:::PACKAGE_ENERGY_CNT:PACKAGE1 *)
3.2566 s 0.0011 (* Average Power for rapl:::DRAM_ENERGY_CNT:PACKAGE0 *)
3.2566 s 0.0006 (* Average Power for rapl:::DRAM_ENERGY_CNT:PACKAGE1 *)
3.2566 s 0.0000 (* Average Power for rapl:::PP0_ENERGY_CNT:PACKAGE0 *)
3.2566 s 0.0000 (* Average Power for rapl:::PP0_ENERGY_CNT:PACKAGE1 *)
3.2566 s 1424580626.8943 (* Average Power for rapl:::THERMAL_SPEC:PACKAGE0 *)
3.2566 s 1424580626.8943 (* Average Power for rapl:::THERMAL_SPEC:PACKAGE1 *)
3.2566 s 1423122089.3526 (* Average Power for rapl:::MINIMUM_POWER:PACKAGE0 *)
3.2566 s 1423122089.3526 (* Average Power for rapl:::MINIMUM_POWER:PACKAGE1 *)
3.2566 s 1425963536.5634 (* Average Power for rapl:::MAXIMUM_POWER:PACKAGE0 *)
3.2566 s 1425963536.5634 (* Average Power for rapl:::MAXIMUM_POWER:PACKAGE1 *)
3.2566 s 1408450282.0817 (* Average Power for rapl:::MAXIMUM_TIME_WINDOW:PACKAGE0 *)
3.2566 s 1408450282.0817 (* Average Power for rapl:::MAXIMUM_TIME_WINDOW:PACKAGE1 *)
3.2566 s 214.8041 (* Total Energy for rapl:::PACKAGE_ENERGY:PACKAGE0 *)
3.2566 s 65.9594 (* Average Power for rapl:::PACKAGE_ENERGY:PACKAGE0 *)
3.2566 s 77.6468 (* Total Energy for rapl:::PACKAGE_ENERGY:PACKAGE1 *)
3.2566 s 23.8428 (* Average Power for rapl:::PACKAGE_ENERGY:PACKAGE1 *)
3.2566 s 16.4491 (* Average Power for rapl:::DRAM_ENERGY:PACKAGE0 *)
3.2566 s 8.6386 (* Average Power for rapl:::DRAM_ENERGY:PACKAGE1 *)
3.2566 s 0.0000 (* Average Power for rapl:::PP0_ENERGY:PACKAGE0 *)
3.2566 s 0.0000 (* Average Power for rapl:::PP0_ENERGY:PACKAGE1 *)
MST weight: 7.81576e+07 (78157588)
Num trees: 26556
Tree edges: 4009982
STATTYPE,LOOP,CATEGORY,n,sum,T0,T1,T2,T3
STAT,(NULL),InitializeSortTime,4,1427,1427,0,0,0
STAT,(NULL),InitializeTime,4,8462,8462,0,0,0
STAT,(NULL),LoopTime,4,4668,4668,0,0,0
STAT,(NULL),MeminfoPost,4,127,12,17,30,68
STAT,(NULL),MeminfoPre,4,0,0,0,0,0
STAT,(NULL),Rounds,4,21,21,0,0,0
STAT,(NULL),Threads,4,4,4,0,0,0
STAT,(NULL),Time,4,3256,3256,0,0,0
STAT,map_reduce,LoopTime,4,37,37,0,0,0
	Command being timed: "/home/users/norris/research/easy-parallel-graph/autoperf/mst/lib/Galois-2.2.1/build/power/apps/boruvka/boruvka -t=4 /home/users/norris/research/easy-parallel-graph/experiment/datasets/com-lj-org-weighted_75i_1000000.gr"
	User time (seconds): 27.95
	System time (seconds): 1.28
	Percent of CPU this job got: 227%
	Elapsed (wall clock) time (h:mm:ss or m:ss): 0:12.87
	Average shared text size (kbytes): 0
	Average unshared data size (kbytes): 0
	Average stack size (kbytes): 0
	Average total size (kbytes): 0
	Maximum resident set size (kbytes): 4407920
	Average resident set size (kbytes): 0
	Major (requiring I/O) page faults: 0
	Minor (reclaiming a frame) page faults: 41114
	Voluntary context switches: 791
	Involuntary context switches: 239
	Swaps: 0
	File system inputs: 0
	File system outputs: 24
	Socket messages sent: 0
	Socket messages received: 0
	Signals delivered: 0
	Page size (bytes): 4096
	Exit status: 0
Galois Benchmark Suite v2.2.1 (r0)
Copyright (C) 2014 The University of Texas at Austin
http://iss.ices.utexas.edu/galois/

application: Boruvka's Minimum Spanning Tree Algorithm
Computes the minimum spanning forest of a graph
http://iss.ices.utexas.edu/?p=projects/galois/benchmarks/mst

INFO: CommandLine /home/users/norris/research/easy-parallel-graph/autoperf/mst/lib/Galois-2.2.1/build/power/apps/boruvka/boruvka -t=4 /home/users/norris/research/easy-parallel-graph/experiment/datasets/com-lj-org-weighted_75i_1000000.gr
INFO: Hostname arya
Found rapl component at cid 2
Found: rapl:::THERMAL_SPEC_CNT:PACKAGE0
Found: rapl:::THERMAL_SPEC_CNT:PACKAGE1
Found: rapl:::MINIMUM_POWER_CNT:PACKAGE0
Found: rapl:::MINIMUM_POWER_CNT:PACKAGE1
Found: rapl:::MAXIMUM_POWER_CNT:PACKAGE0
Found: rapl:::MAXIMUM_POWER_CNT:PACKAGE1
Found: rapl:::MAXIMUM_TIME_WINDOW_CNT:PACKAGE0
Found: rapl:::MAXIMUM_TIME_WINDOW_CNT:PACKAGE1
Found: rapl:::PACKAGE_ENERGY_CNT:PACKAGE0
Found: rapl:::PACKAGE_ENERGY_CNT:PACKAGE1
Found: rapl:::DRAM_ENERGY_CNT:PACKAGE0
Found: rapl:::DRAM_ENERGY_CNT:PACKAGE1
Found: rapl:::PP0_ENERGY_CNT:PACKAGE0
Found: rapl:::PP0_ENERGY_CNT:PACKAGE1
Found: rapl:::THERMAL_SPEC:PACKAGE0
Found: rapl:::THERMAL_SPEC:PACKAGE1
Found: rapl:::MINIMUM_POWER:PACKAGE0
Found: rapl:::MINIMUM_POWER:PACKAGE1
Found: rapl:::MAXIMUM_POWER:PACKAGE0
Found: rapl:::MAXIMUM_POWER:PACKAGE1
Found: rapl:::MAXIMUM_TIME_WINDOW:PACKAGE0
Found: rapl:::MAXIMUM_TIME_WINDOW:PACKAGE1
Found: rapl:::PACKAGE_ENERGY:PACKAGE0
Found: rapl:::PACKAGE_ENERGY:PACKAGE1
Found: rapl:::DRAM_ENERGY:PACKAGE0
Found: rapl:::DRAM_ENERGY:PACKAGE1
Found: rapl:::PP0_ENERGY:PACKAGE0
Found: rapl:::PP0_ENERGY:PACKAGE1
Nodes: 4036538 edges: 139726522 heaviest edge: 99
2.7374 s 0.0000 (* Average Power for rapl:::THERMAL_SPEC_CNT:PACKAGE0 *)
2.7374 s 0.0000 (* Average Power for rapl:::THERMAL_SPEC_CNT:PACKAGE1 *)
2.7374 s 0.0000 (* Average Power for rapl:::MINIMUM_POWER_CNT:PACKAGE0 *)
2.7374 s 0.0000 (* Average Power for rapl:::MINIMUM_POWER_CNT:PACKAGE1 *)
2.7374 s 0.0000 (* Average Power for rapl:::MAXIMUM_POWER_CNT:PACKAGE0 *)
2.7374 s 0.0000 (* Average Power for rapl:::MAXIMUM_POWER_CNT:PACKAGE1 *)
2.7374 s 0.0000 (* Average Power for rapl:::MAXIMUM_TIME_WINDOW_CNT:PACKAGE0 *)
2.7374 s 0.0000 (* Average Power for rapl:::MAXIMUM_TIME_WINDOW_CNT:PACKAGE1 *)
2.7374 s 0.0011 (* Average Power for rapl:::PACKAGE_ENERGY_CNT:PACKAGE0 *)
2.7374 s 0.0006 (* Average Power for rapl:::PACKAGE_ENERGY_CNT:PACKAGE1 *)
2.7374 s 0.0011 (* Average Power for rapl:::DRAM_ENERGY_CNT:PACKAGE0 *)
2.7374 s 0.0008 (* Average Power for rapl:::DRAM_ENERGY_CNT:PACKAGE1 *)
2.7374 s 0.0000 (* Average Power for rapl:::PP0_ENERGY_CNT:PACKAGE0 *)
2.7374 s 0.0000 (* Average Power for rapl:::PP0_ENERGY_CNT:PACKAGE1 *)
2.7374 s 1694808968.4417 (* Average Power for rapl:::THERMAL_SPEC:PACKAGE0 *)
2.7374 s 1694808968.4417 (* Average Power for rapl:::THERMAL_SPEC:PACKAGE1 *)
2.7374 s 1693073761.2798 (* Average Power for rapl:::MINIMUM_POWER:PACKAGE0 *)
2.7374 s 1693073761.2798 (* Average Power for rapl:::MINIMUM_POWER:PACKAGE1 *)
2.7374 s 1696454201.8988 (* Average Power for rapl:::MAXIMUM_POWER:PACKAGE0 *)
2.7374 s 1696454201.8988 (* Average Power for rapl:::MAXIMUM_POWER:PACKAGE1 *)
2.7374 s 1675618862.5703 (* Average Power for rapl:::MAXIMUM_TIME_WINDOW:PACKAGE0 *)
2.7374 s 1675618862.5703 (* Average Power for rapl:::MAXIMUM_TIME_WINDOW:PACKAGE1 *)
2.7374 s 181.8109 (* Total Energy for rapl:::PACKAGE_ENERGY:PACKAGE0 *)
2.7374 s 66.4183 (* Average Power for rapl:::PACKAGE_ENERGY:PACKAGE0 *)
2.7374 s 96.8603 (* Total Energy for rapl:::PACKAGE_ENERGY:PACKAGE1 *)
2.7374 s 35.3845 (* Average Power for rapl:::PACKAGE_ENERGY:PACKAGE1 *)
2.7374 s 16.9932 (* Average Power for rapl:::DRAM_ENERGY:PACKAGE0 *)
2.7374 s 11.8414 (* Average Power for rapl:::DRAM_ENERGY:PACKAGE1 *)
2.7374 s 0.0000 (* Average Power for rapl:::PP0_ENERGY:PACKAGE0 *)
2.7374 s 0.0000 (* Average Power for rapl:::PP0_ENERGY:PACKAGE1 *)
MST weight: 7.81576e+07 (78157588)
Num trees: 26556
Tree edges: 4009982
STATTYPE,LOOP,CATEGORY,n,sum,T0,T1,T2,T3
STAT,(NULL),InitializeSortTime,4,1427,1427,0,0,0
STAT,(NULL),InitializeTime,4,8574,8574,0,0,0
STAT,(NULL),LoopTime,4,4149,4149,0,0,0
STAT,(NULL),MeminfoPost,4,128,12,18,30,68
STAT,(NULL),MeminfoPre,4,0,0,0,0,0
STAT,(NULL),Rounds,4,22,22,0,0,0
STAT,(NULL),Threads,4,4,4,0,0,0
STAT,(NULL),Time,4,2737,2737,0,0,0
STAT,map_reduce,LoopTime,4,34,34,0,0,0
	Command being timed: "/home/users/norris/research/easy-parallel-graph/autoperf/mst/lib/Galois-2.2.1/build/power/apps/boruvka/boruvka -t=4 /home/users/norris/research/easy-parallel-graph/experiment/datasets/com-lj-org-weighted_75i_1000000.gr"
	User time (seconds): 26.04
	System time (seconds): 1.18
	Percent of CPU this job got: 218%
	Elapsed (wall clock) time (h:mm:ss or m:ss): 0:12.44
	Average shared text size (kbytes): 0
	Average unshared data size (kbytes): 0
	Average stack size (kbytes): 0
	Average total size (kbytes): 0
	Maximum resident set size (kbytes): 4418488
	Average resident set size (kbytes): 0
	Major (requiring I/O) page faults: 0
	Minor (reclaiming a frame) page faults: 39731
	Voluntary context switches: 840
	Involuntary context switches: 242
	Swaps: 0
	File system inputs: 0
	File system outputs: 16
	Socket messages sent: 0
	Socket messages received: 0
	Signals delivered: 0
	Page size (bytes): 4096
	Exit status: 0
Galois Benchmark Suite v2.2.1 (r0)
Copyright (C) 2014 The University of Texas at Austin
http://iss.ices.utexas.edu/galois/

application: Boruvka's Minimum Spanning Tree Algorithm
Computes the minimum spanning forest of a graph
http://iss.ices.utexas.edu/?p=projects/galois/benchmarks/mst

INFO: CommandLine /home/users/norris/research/easy-parallel-graph/autoperf/mst/lib/Galois-2.2.1/build/power/apps/boruvka/boruvka -t=4 /home/users/norris/research/easy-parallel-graph/experiment/datasets/com-lj-org-weighted_75i_1000000.gr
INFO: Hostname arya
Found rapl component at cid 2
Found: rapl:::THERMAL_SPEC_CNT:PACKAGE0
Found: rapl:::THERMAL_SPEC_CNT:PACKAGE1
Found: rapl:::MINIMUM_POWER_CNT:PACKAGE0
Found: rapl:::MINIMUM_POWER_CNT:PACKAGE1
Found: rapl:::MAXIMUM_POWER_CNT:PACKAGE0
Found: rapl:::MAXIMUM_POWER_CNT:PACKAGE1
Found: rapl:::MAXIMUM_TIME_WINDOW_CNT:PACKAGE0
Found: rapl:::MAXIMUM_TIME_WINDOW_CNT:PACKAGE1
Found: rapl:::PACKAGE_ENERGY_CNT:PACKAGE0
Found: rapl:::PACKAGE_ENERGY_CNT:PACKAGE1
Found: rapl:::DRAM_ENERGY_CNT:PACKAGE0
Found: rapl:::DRAM_ENERGY_CNT:PACKAGE1
Found: rapl:::PP0_ENERGY_CNT:PACKAGE0
Found: rapl:::PP0_ENERGY_CNT:PACKAGE1
Found: rapl:::THERMAL_SPEC:PACKAGE0
Found: rapl:::THERMAL_SPEC:PACKAGE1
Found: rapl:::MINIMUM_POWER:PACKAGE0
Found: rapl:::MINIMUM_POWER:PACKAGE1
Found: rapl:::MAXIMUM_POWER:PACKAGE0
Found: rapl:::MAXIMUM_POWER:PACKAGE1
Found: rapl:::MAXIMUM_TIME_WINDOW:PACKAGE0
Found: rapl:::MAXIMUM_TIME_WINDOW:PACKAGE1
Found: rapl:::PACKAGE_ENERGY:PACKAGE0
Found: rapl:::PACKAGE_ENERGY:PACKAGE1
Found: rapl:::DRAM_ENERGY:PACKAGE0
Found: rapl:::DRAM_ENERGY:PACKAGE1
Found: rapl:::PP0_ENERGY:PACKAGE0
Found: rapl:::PP0_ENERGY:PACKAGE1
Nodes: 4036538 edges: 139726522 heaviest edge: 99
3.2001 s 0.0000 (* Average Power for rapl:::THERMAL_SPEC_CNT:PACKAGE0 *)
3.2001 s 0.0000 (* Average Power for rapl:::THERMAL_SPEC_CNT:PACKAGE1 *)
3.2001 s 0.0000 (* Average Power for rapl:::MINIMUM_POWER_CNT:PACKAGE0 *)
3.2001 s 0.0000 (* Average Power for rapl:::MINIMUM_POWER_CNT:PACKAGE1 *)
3.2001 s 0.0000 (* Average Power for rapl:::MAXIMUM_POWER_CNT:PACKAGE0 *)
3.2001 s 0.0000 (* Average Power for rapl:::MAXIMUM_POWER_CNT:PACKAGE1 *)
3.2001 s 0.0000 (* Average Power for rapl:::MAXIMUM_TIME_WINDOW_CNT:PACKAGE0 *)
3.2001 s 0.0000 (* Average Power for rapl:::MAXIMUM_TIME_WINDOW_CNT:PACKAGE1 *)
3.2001 s 0.0011 (* Average Power for rapl:::PACKAGE_ENERGY_CNT:PACKAGE0 *)
3.2001 s 0.0004 (* Average Power for rapl:::PACKAGE_ENERGY_CNT:PACKAGE1 *)
3.2001 s 0.0011 (* Average Power for rapl:::DRAM_ENERGY_CNT:PACKAGE0 *)
3.2001 s 0.0006 (* Average Power for rapl:::DRAM_ENERGY_CNT:PACKAGE1 *)
3.2001 s 0.0000 (* Average Power for rapl:::PP0_ENERGY_CNT:PACKAGE0 *)
3.2001 s 0.0000 (* Average Power for rapl:::PP0_ENERGY_CNT:PACKAGE1 *)
3.2001 s 1449721969.3440 (* Average Power for rapl:::THERMAL_SPEC:PACKAGE0 *)
3.2001 s 1449721969.3440 (* Average Power for rapl:::THERMAL_SPEC:PACKAGE1 *)
3.2001 s 1448237691.1800 (* Average Power for rapl:::MINIMUM_POWER:PACKAGE0 *)
3.2001 s 1448237691.1800 (* Average Power for rapl:::MINIMUM_POWER:PACKAGE1 *)
3.2001 s 1451129284.9364 (* Average Power for rapl:::MAXIMUM_POWER:PACKAGE0 *)
3.2001 s 1451129284.9364 (* Average Power for rapl:::MAXIMUM_POWER:PACKAGE1 *)
3.2001 s 1433306952.3162 (* Average Power for rapl:::MAXIMUM_TIME_WINDOW:PACKAGE0 *)
3.2001 s 1433306952.3162 (* Average Power for rapl:::MAXIMUM_TIME_WINDOW:PACKAGE1 *)
3.2001 s 212.0010 (* Total Energy for rapl:::PACKAGE_ENERGY:PACKAGE0 *)
3.2001 s 66.2475 (* Average Power for rapl:::PACKAGE_ENERGY:PACKAGE0 *)
3.2001 s 76.3425 (* Total Energy for rapl:::PACKAGE_ENERGY:PACKAGE1 *)
3.2001 s 23.8560 (* Average Power for rapl:::PACKAGE_ENERGY:PACKAGE1 *)
3.2001 s 16.5746 (* Average Power for rapl:::DRAM_ENERGY:PACKAGE0 *)
3.2001 s 8.9770 (* Average Power for rapl:::DRAM_ENERGY:PACKAGE1 *)
3.2001 s 0.0000 (* Average Power for rapl:::PP0_ENERGY:PACKAGE0 *)
3.2001 s 0.0000 (* Average Power for rapl:::PP0_ENERGY:PACKAGE1 *)
MST weight: 7.81576e+07 (78157588)
Num trees: 26556
Tree edges: 4009982
STATTYPE,LOOP,CATEGORY,n,sum,T0,T1,T2,T3
STAT,(NULL),InitializeSortTime,4,1428,1428,0,0,0
STAT,(NULL),InitializeTime,4,8969,8969,0,0,0
STAT,(NULL),LoopTime,4,4612,4612,0,0,0
STAT,(NULL),MeminfoPost,4,127,12,17,30,68
STAT,(NULL),MeminfoPre,4,0,0,0,0,0
STAT,(NULL),Rounds,4,22,22,0,0,0
STAT,(NULL),Threads,4,4,4,0,0,0
STAT,(NULL),Time,4,3200,3200,0,0,0
STAT,map_reduce,LoopTime,4,38,38,0,0,0
	Command being timed: "/home/users/norris/research/easy-parallel-graph/autoperf/mst/lib/Galois-2.2.1/build/power/apps/boruvka/boruvka -t=4 /home/users/norris/research/easy-parallel-graph/experiment/datasets/com-lj-org-weighted_75i_1000000.gr"
	User time (seconds): 28.24
	System time (seconds): 1.37
	Percent of CPU this job got: 221%
	Elapsed (wall clock) time (h:mm:ss or m:ss): 0:13.34
	Average shared text size (kbytes): 0
	Average unshared data size (kbytes): 0
	Average stack size (kbytes): 0
	Average total size (kbytes): 0
	Maximum resident set size (kbytes): 4407784
	Average resident set size (kbytes): 0
	Major (requiring I/O) page faults: 0
	Minor (reclaiming a frame) page faults: 45787
	Voluntary context switches: 923
	Involuntary context switches: 228
	Swaps: 0
	File system inputs: 0
	File system outputs: 16
	Socket messages sent: 0
	Socket messages received: 0
	Signals delivered: 0
	Page size (bytes): 4096
	Exit status: 0
Galois Benchmark Suite v2.2.1 (r0)
Copyright (C) 2014 The University of Texas at Austin
http://iss.ices.utexas.edu/galois/

application: Boruvka's Minimum Spanning Tree Algorithm
Computes the minimum spanning forest of a graph
http://iss.ices.utexas.edu/?p=projects/galois/benchmarks/mst

INFO: CommandLine /home/users/norris/research/easy-parallel-graph/autoperf/mst/lib/Galois-2.2.1/build/power/apps/boruvka/boruvka -t=4 /home/users/norris/research/easy-parallel-graph/experiment/datasets/com-lj-org-weighted_75i_1000000.gr
INFO: Hostname arya
Found rapl component at cid 2
Found: rapl:::THERMAL_SPEC_CNT:PACKAGE0
Found: rapl:::THERMAL_SPEC_CNT:PACKAGE1
Found: rapl:::MINIMUM_POWER_CNT:PACKAGE0
Found: rapl:::MINIMUM_POWER_CNT:PACKAGE1
Found: rapl:::MAXIMUM_POWER_CNT:PACKAGE0
Found: rapl:::MAXIMUM_POWER_CNT:PACKAGE1
Found: rapl:::MAXIMUM_TIME_WINDOW_CNT:PACKAGE0
Found: rapl:::MAXIMUM_TIME_WINDOW_CNT:PACKAGE1
Found: rapl:::PACKAGE_ENERGY_CNT:PACKAGE0
Found: rapl:::PACKAGE_ENERGY_CNT:PACKAGE1
Found: rapl:::DRAM_ENERGY_CNT:PACKAGE0
Found: rapl:::DRAM_ENERGY_CNT:PACKAGE1
Found: rapl:::PP0_ENERGY_CNT:PACKAGE0
Found: rapl:::PP0_ENERGY_CNT:PACKAGE1
Found: rapl:::THERMAL_SPEC:PACKAGE0
Found: rapl:::THERMAL_SPEC:PACKAGE1
Found: rapl:::MINIMUM_POWER:PACKAGE0
Found: rapl:::MINIMUM_POWER:PACKAGE1
Found: rapl:::MAXIMUM_POWER:PACKAGE0
Found: rapl:::MAXIMUM_POWER:PACKAGE1
Found: rapl:::MAXIMUM_TIME_WINDOW:PACKAGE0
Found: rapl:::MAXIMUM_TIME_WINDOW:PACKAGE1
Found: rapl:::PACKAGE_ENERGY:PACKAGE0
Found: rapl:::PACKAGE_ENERGY:PACKAGE1
Found: rapl:::DRAM_ENERGY:PACKAGE0
Found: rapl:::DRAM_ENERGY:PACKAGE1
Found: rapl:::PP0_ENERGY:PACKAGE0
Found: rapl:::PP0_ENERGY:PACKAGE1
Nodes: 4036538 edges: 139726522 heaviest edge: 99
2.9820 s 0.0000 (* Average Power for rapl:::THERMAL_SPEC_CNT:PACKAGE0 *)
2.9820 s 0.0000 (* Average Power for rapl:::THERMAL_SPEC_CNT:PACKAGE1 *)
2.9820 s 0.0000 (* Average Power for rapl:::MINIMUM_POWER_CNT:PACKAGE0 *)
2.9820 s 0.0000 (* Average Power for rapl:::MINIMUM_POWER_CNT:PACKAGE1 *)
2.9820 s 0.0000 (* Average Power for rapl:::MAXIMUM_POWER_CNT:PACKAGE0 *)
2.9820 s 0.0000 (* Average Power for rapl:::MAXIMUM_POWER_CNT:PACKAGE1 *)
2.9820 s 0.0000 (* Average Power for rapl:::MAXIMUM_TIME_WINDOW_CNT:PACKAGE0 *)
2.9820 s 0.0000 (* Average Power for rapl:::MAXIMUM_TIME_WINDOW_CNT:PACKAGE1 *)
2.9820 s 0.0011 (* Average Power for rapl:::PACKAGE_ENERGY_CNT:PACKAGE0 *)
2.9820 s 0.0005 (* Average Power for rapl:::PACKAGE_ENERGY_CNT:PACKAGE1 *)
2.9820 s 0.0011 (* Average Power for rapl:::DRAM_ENERGY_CNT:PACKAGE0 *)
2.9820 s 0.0007 (* Average Power for rapl:::DRAM_ENERGY_CNT:PACKAGE1 *)
2.9820 s 0.0000 (* Average Power for rapl:::PP0_ENERGY_CNT:PACKAGE0 *)
2.9820 s 0.0000 (* Average Power for rapl:::PP0_ENERGY_CNT:PACKAGE1 *)
2.9820 s 1555783388.3220 (* Average Power for rapl:::THERMAL_SPEC:PACKAGE0 *)
2.9820 s 1555783388.3220 (* Average Power for rapl:::THERMAL_SPEC:PACKAGE1 *)
2.9820 s 1554190520.6136 (* Average Power for rapl:::MINIMUM_POWER:PACKAGE0 *)
2.9820 s 1554190520.6136 (* Average Power for rapl:::MINIMUM_POWER:PACKAGE1 *)
2.9820 s 1557293662.8900 (* Average Power for rapl:::MAXIMUM_POWER:PACKAGE0 *)
2.9820 s 1557293662.8900 (* Average Power for rapl:::MAXIMUM_POWER:PACKAGE1 *)
2.9820 s 1538167451.3694 (* Average Power for rapl:::MAXIMUM_TIME_WINDOW:PACKAGE0 *)
2.9820 s 1538167451.3694 (* Average Power for rapl:::MAXIMUM_TIME_WINDOW:PACKAGE1 *)
2.9820 s 196.7189 (* Total Energy for rapl:::PACKAGE_ENERGY:PACKAGE0 *)
2.9820 s 65.9693 (* Average Power for rapl:::PACKAGE_ENERGY:PACKAGE0 *)
2.9820 s 92.0425 (* Total Energy for rapl:::PACKAGE_ENERGY:PACKAGE1 *)
2.9820 s 30.8663 (* Average Power for rapl:::PACKAGE_ENERGY:PACKAGE1 *)
2.9820 s 16.7070 (* Average Power for rapl:::DRAM_ENERGY:PACKAGE0 *)
2.9820 s 10.7213 (* Average Power for rapl:::DRAM_ENERGY:PACKAGE1 *)
2.9820 s 0.0000 (* Average Power for rapl:::PP0_ENERGY:PACKAGE0 *)
2.9820 s 0.0000 (* Average Power for rapl:::PP0_ENERGY:PACKAGE1 *)
MST weight: 7.81576e+07 (78157588)
Num trees: 26556
Tree edges: 4009982
STATTYPE,LOOP,CATEGORY,n,sum,T0,T1,T2,T3
STAT,(NULL),InitializeSortTime,4,1428,1428,0,0,0
STAT,(NULL),InitializeTime,4,9194,9194,0,0,0
STAT,(NULL),LoopTime,4,4396,4396,0,0,0
STAT,(NULL),MeminfoPost,4,128,12,18,30,68
STAT,(NULL),MeminfoPre,4,0,0,0,0,0
STAT,(NULL),Rounds,4,21,21,0,0,0
STAT,(NULL),Threads,4,4,4,0,0,0
STAT,(NULL),Time,4,2981,2981,0,0,0
STAT,map_reduce,LoopTime,4,37,37,0,0,0
	Command being timed: "/home/users/norris/research/easy-parallel-graph/autoperf/mst/lib/Galois-2.2.1/build/power/apps/boruvka/boruvka -t=4 /home/users/norris/research/easy-parallel-graph/experiment/datasets/com-lj-org-weighted_75i_1000000.gr"
	User time (seconds): 27.64
	System time (seconds): 1.28
	Percent of CPU this job got: 216%
	Elapsed (wall clock) time (h:mm:ss or m:ss): 0:13.34
	Average shared text size (kbytes): 0
	Average unshared data size (kbytes): 0
	Average stack size (kbytes): 0
	Average total size (kbytes): 0
	Maximum resident set size (kbytes): 4410980
	Average resident set size (kbytes): 0
	Major (requiring I/O) page faults: 0
	Minor (reclaiming a frame) page faults: 42996
	Voluntary context switches: 802
	Involuntary context switches: 239
	Swaps: 0
	File system inputs: 0
	File system outputs: 16
	Socket messages sent: 0
	Socket messages received: 0
	Signals delivered: 0
	Page size (bytes): 4096
	Exit status: 0
Galois Benchmark Suite v2.2.1 (r0)
Copyright (C) 2014 The University of Texas at Austin
http://iss.ices.utexas.edu/galois/

application: Boruvka's Minimum Spanning Tree Algorithm
Computes the minimum spanning forest of a graph
http://iss.ices.utexas.edu/?p=projects/galois/benchmarks/mst

INFO: CommandLine /home/users/norris/research/easy-parallel-graph/autoperf/mst/lib/Galois-2.2.1/build/power/apps/boruvka/boruvka -t=4 /home/users/norris/research/easy-parallel-graph/experiment/datasets/com-lj-org-weighted_75i_1000000.gr
INFO: Hostname arya
Found rapl component at cid 2
Found: rapl:::THERMAL_SPEC_CNT:PACKAGE0
Found: rapl:::THERMAL_SPEC_CNT:PACKAGE1
Found: rapl:::MINIMUM_POWER_CNT:PACKAGE0
Found: rapl:::MINIMUM_POWER_CNT:PACKAGE1
Found: rapl:::MAXIMUM_POWER_CNT:PACKAGE0
Found: rapl:::MAXIMUM_POWER_CNT:PACKAGE1
Found: rapl:::MAXIMUM_TIME_WINDOW_CNT:PACKAGE0
Found: rapl:::MAXIMUM_TIME_WINDOW_CNT:PACKAGE1
Found: rapl:::PACKAGE_ENERGY_CNT:PACKAGE0
Found: rapl:::PACKAGE_ENERGY_CNT:PACKAGE1
Found: rapl:::DRAM_ENERGY_CNT:PACKAGE0
Found: rapl:::DRAM_ENERGY_CNT:PACKAGE1
Found: rapl:::PP0_ENERGY_CNT:PACKAGE0
Found: rapl:::PP0_ENERGY_CNT:PACKAGE1
Found: rapl:::THERMAL_SPEC:PACKAGE0
Found: rapl:::THERMAL_SPEC:PACKAGE1
Found: rapl:::MINIMUM_POWER:PACKAGE0
Found: rapl:::MINIMUM_POWER:PACKAGE1
Found: rapl:::MAXIMUM_POWER:PACKAGE0
Found: rapl:::MAXIMUM_POWER:PACKAGE1
Found: rapl:::MAXIMUM_TIME_WINDOW:PACKAGE0
Found: rapl:::MAXIMUM_TIME_WINDOW:PACKAGE1
Found: rapl:::PACKAGE_ENERGY:PACKAGE0
Found: rapl:::PACKAGE_ENERGY:PACKAGE1
Found: rapl:::DRAM_ENERGY:PACKAGE0
Found: rapl:::DRAM_ENERGY:PACKAGE1
Found: rapl:::PP0_ENERGY:PACKAGE0
Found: rapl:::PP0_ENERGY:PACKAGE1
Nodes: 4036538 edges: 139726522 heaviest edge: 99
2.6702 s 0.0000 (* Average Power for rapl:::THERMAL_SPEC_CNT:PACKAGE0 *)
2.6702 s 0.0000 (* Average Power for rapl:::THERMAL_SPEC_CNT:PACKAGE1 *)
2.6702 s 0.0000 (* Average Power for rapl:::MINIMUM_POWER_CNT:PACKAGE0 *)
2.6702 s 0.0000 (* Average Power for rapl:::MINIMUM_POWER_CNT:PACKAGE1 *)
2.6702 s 0.0000 (* Average Power for rapl:::MAXIMUM_POWER_CNT:PACKAGE0 *)
2.6702 s 0.0000 (* Average Power for rapl:::MAXIMUM_POWER_CNT:PACKAGE1 *)
2.6702 s 0.0000 (* Average Power for rapl:::MAXIMUM_TIME_WINDOW_CNT:PACKAGE0 *)
2.6702 s 0.0000 (* Average Power for rapl:::MAXIMUM_TIME_WINDOW_CNT:PACKAGE1 *)
2.6702 s 0.0011 (* Average Power for rapl:::PACKAGE_ENERGY_CNT:PACKAGE0 *)
2.6702 s 0.0005 (* Average Power for rapl:::PACKAGE_ENERGY_CNT:PACKAGE1 *)
2.6702 s 0.0011 (* Average Power for rapl:::DRAM_ENERGY_CNT:PACKAGE0 *)
2.6702 s 0.0007 (* Average Power for rapl:::DRAM_ENERGY_CNT:PACKAGE1 *)
2.6702 s 0.0000 (* Average Power for rapl:::PP0_ENERGY_CNT:PACKAGE0 *)
2.6702 s 0.0000 (* Average Power for rapl:::PP0_ENERGY_CNT:PACKAGE1 *)
2.6702 s 1737405839.5743 (* Average Power for rapl:::THERMAL_SPEC:PACKAGE0 *)
2.6702 s 1737405839.5743 (* Average Power for rapl:::THERMAL_SPEC:PACKAGE1 *)
2.6702 s 1735627020.1840 (* Average Power for rapl:::MINIMUM_POWER:PACKAGE0 *)
2.6702 s 1735627020.1840 (* Average Power for rapl:::MINIMUM_POWER:PACKAGE1 *)
2.6702 s 1739092423.8851 (* Average Power for rapl:::MAXIMUM_POWER:PACKAGE0 *)
2.6702 s 1739092423.8851 (* Average Power for rapl:::MAXIMUM_POWER:PACKAGE1 *)
2.6702 s 1717733414.7619 (* Average Power for rapl:::MAXIMUM_TIME_WINDOW:PACKAGE0 *)
2.6702 s 1717733414.7619 (* Average Power for rapl:::MAXIMUM_TIME_WINDOW:PACKAGE1 *)
2.6702 s 177.0192 (* Total Energy for rapl:::PACKAGE_ENERGY:PACKAGE0 *)
2.6702 s 66.2931 (* Average Power for rapl:::PACKAGE_ENERGY:PACKAGE0 *)
2.6702 s 83.5605 (* Total Energy for rapl:::PACKAGE_ENERGY:PACKAGE1 *)
2.6702 s 31.2931 (* Average Power for rapl:::PACKAGE_ENERGY:PACKAGE1 *)
2.6702 s 16.9938 (* Average Power for rapl:::DRAM_ENERGY:PACKAGE0 *)
2.6702 s 11.2754 (* Average Power for rapl:::DRAM_ENERGY:PACKAGE1 *)
2.6702 s 0.0000 (* Average Power for rapl:::PP0_ENERGY:PACKAGE0 *)
2.6702 s 0.0000 (* Average Power for rapl:::PP0_ENERGY:PACKAGE1 *)
MST weight: 7.81576e+07 (78157588)
Num trees: 26556
Tree edges: 4009982
STATTYPE,LOOP,CATEGORY,n,sum,T0,T1,T2,T3
STAT,(NULL),InitializeSortTime,4,1434,1434,0,0,0
STAT,(NULL),InitializeTime,4,9509,9509,0,0,0
STAT,(NULL),LoopTime,4,4090,4090,0,0,0
STAT,(NULL),MeminfoPost,4,128,12,18,30,68
STAT,(NULL),MeminfoPre,4,0,0,0,0,0
STAT,(NULL),Rounds,4,21,21,0,0,0
STAT,(NULL),Threads,4,4,4,0,0,0
STAT,(NULL),Time,4,2670,2670,0,0,0
STAT,map_reduce,LoopTime,4,36,36,0,0,0
	Command being timed: "/home/users/norris/research/easy-parallel-graph/autoperf/mst/lib/Galois-2.2.1/build/power/apps/boruvka/boruvka -t=4 /home/users/norris/research/easy-parallel-graph/experiment/datasets/com-lj-org-weighted_75i_1000000.gr"
	User time (seconds): 26.60
	System time (seconds): 1.29
	Percent of CPU this job got: 209%
	Elapsed (wall clock) time (h:mm:ss or m:ss): 0:13.28
	Average shared text size (kbytes): 0
	Average unshared data size (kbytes): 0
	Average stack size (kbytes): 0
	Average total size (kbytes): 0
	Maximum resident set size (kbytes): 4410980
	Average resident set size (kbytes): 0
	Major (requiring I/O) page faults: 0
	Minor (reclaiming a frame) page faults: 35641
	Voluntary context switches: 754
	Involuntary context switches: 241
	Swaps: 0
	File system inputs: 0
	File system outputs: 16
	Socket messages sent: 0
	Socket messages received: 0
	Signals delivered: 0
	Page size (bytes): 4096
	Exit status: 0
