Galois Benchmark Suite v2.2.1 (r0)
Copyright (C) 2014 The University of Texas at Austin
http://iss.ices.utexas.edu/galois/

application: Boruvka's Minimum Spanning Tree Algorithm
Computes the minimum spanning forest of a graph
http://iss.ices.utexas.edu/?p=projects/galois/benchmarks/mst

INFO: CommandLine /home/users/norris/research/easy-parallel-graph/autoperf/mst/lib/Galois-2.2.1/build/power/apps/boruvka/boruvka -t=8 /home/users/norris/research/easy-parallel-graph/experiment/datasets/soc-pokec_100i_1000000.gr
INFO: Hostname arya
Found rapl component at cid 2
Found: rapl:::THERMAL_SPEC_CNT:PACKAGE0
Found: rapl:::THERMAL_SPEC_CNT:PACKAGE1
Found: rapl:::MINIMUM_POWER_CNT:PACKAGE0
Found: rapl:::MINIMUM_POWER_CNT:PACKAGE1
Found: rapl:::MAXIMUM_POWER_CNT:PACKAGE0
Found: rapl:::MAXIMUM_POWER_CNT:PACKAGE1
Found: rapl:::MAXIMUM_TIME_WINDOW_CNT:PACKAGE0
Found: rapl:::MAXIMUM_TIME_WINDOW_CNT:PACKAGE1
Found: rapl:::PACKAGE_ENERGY_CNT:PACKAGE0
Found: rapl:::PACKAGE_ENERGY_CNT:PACKAGE1
Found: rapl:::DRAM_ENERGY_CNT:PACKAGE0
Found: rapl:::DRAM_ENERGY_CNT:PACKAGE1
Found: rapl:::PP0_ENERGY_CNT:PACKAGE0
Found: rapl:::PP0_ENERGY_CNT:PACKAGE1
Found: rapl:::THERMAL_SPEC:PACKAGE0
Found: rapl:::THERMAL_SPEC:PACKAGE1
Found: rapl:::MINIMUM_POWER:PACKAGE0
Found: rapl:::MINIMUM_POWER:PACKAGE1
Found: rapl:::MAXIMUM_POWER:PACKAGE0
Found: rapl:::MAXIMUM_POWER:PACKAGE1
Found: rapl:::MAXIMUM_TIME_WINDOW:PACKAGE0
Found: rapl:::MAXIMUM_TIME_WINDOW:PACKAGE1
Found: rapl:::PACKAGE_ENERGY:PACKAGE0
Found: rapl:::PACKAGE_ENERGY:PACKAGE1
Found: rapl:::DRAM_ENERGY:PACKAGE0
Found: rapl:::DRAM_ENERGY:PACKAGE1
Found: rapl:::PP0_ENERGY:PACKAGE0
Found: rapl:::PP0_ENERGY:PACKAGE1
Nodes: 1632804 edges: 124159056 heaviest edge: 99
1.1790 s 0.0000 (* Average Power for rapl:::THERMAL_SPEC_CNT:PACKAGE0 *)
1.1790 s 0.0000 (* Average Power for rapl:::THERMAL_SPEC_CNT:PACKAGE1 *)
1.1790 s 0.0000 (* Average Power for rapl:::MINIMUM_POWER_CNT:PACKAGE0 *)
1.1790 s 0.0000 (* Average Power for rapl:::MINIMUM_POWER_CNT:PACKAGE1 *)
1.1790 s 0.0000 (* Average Power for rapl:::MAXIMUM_POWER_CNT:PACKAGE0 *)
1.1790 s 0.0000 (* Average Power for rapl:::MAXIMUM_POWER_CNT:PACKAGE1 *)
1.1790 s 0.0000 (* Average Power for rapl:::MAXIMUM_TIME_WINDOW_CNT:PACKAGE0 *)
1.1790 s 0.0000 (* Average Power for rapl:::MAXIMUM_TIME_WINDOW_CNT:PACKAGE1 *)
1.1790 s 0.0013 (* Average Power for rapl:::PACKAGE_ENERGY_CNT:PACKAGE0 *)
1.1790 s 0.0005 (* Average Power for rapl:::PACKAGE_ENERGY_CNT:PACKAGE1 *)
1.1790 s 0.0011 (* Average Power for rapl:::DRAM_ENERGY_CNT:PACKAGE0 *)
1.1790 s 0.0007 (* Average Power for rapl:::DRAM_ENERGY_CNT:PACKAGE1 *)
1.1790 s 0.0000 (* Average Power for rapl:::PP0_ENERGY_CNT:PACKAGE0 *)
1.1790 s 0.0000 (* Average Power for rapl:::PP0_ENERGY_CNT:PACKAGE1 *)
1.1790 s 3935066840.0908 (* Average Power for rapl:::THERMAL_SPEC:PACKAGE0 *)
1.1790 s 3935066840.0908 (* Average Power for rapl:::THERMAL_SPEC:PACKAGE1 *)
1.1790 s 3931037975.3099 (* Average Power for rapl:::MINIMUM_POWER:PACKAGE0 *)
1.1790 s 3931037975.3099 (* Average Power for rapl:::MINIMUM_POWER:PACKAGE1 *)
1.1790 s 3938886800.7719 (* Average Power for rapl:::MAXIMUM_POWER:PACKAGE0 *)
1.1790 s 3938886800.7719 (* Average Power for rapl:::MAXIMUM_POWER:PACKAGE1 *)
1.1790 s 3890510579.9586 (* Average Power for rapl:::MAXIMUM_TIME_WINDOW:PACKAGE0 *)
1.1790 s 3890510579.9586 (* Average Power for rapl:::MAXIMUM_TIME_WINDOW:PACKAGE1 *)
1.1790 s 94.0897 (* Total Energy for rapl:::PACKAGE_ENERGY:PACKAGE0 *)
1.1790 s 79.8071 (* Average Power for rapl:::PACKAGE_ENERGY:PACKAGE0 *)
1.1790 s 36.1326 (* Total Energy for rapl:::PACKAGE_ENERGY:PACKAGE1 *)
1.1790 s 30.6477 (* Average Power for rapl:::PACKAGE_ENERGY:PACKAGE1 *)
1.1790 s 16.5393 (* Average Power for rapl:::DRAM_ENERGY:PACKAGE0 *)
1.1790 s 11.0327 (* Average Power for rapl:::DRAM_ENERGY:PACKAGE1 *)
1.1790 s 0.0000 (* Average Power for rapl:::PP0_ENERGY:PACKAGE0 *)
1.1790 s 0.0000 (* Average Power for rapl:::PP0_ENERGY:PACKAGE1 *)
MST weight: 1.57678e+07 (15767813)
Num trees: 1
Tree edges: 1632803
STATTYPE,LOOP,CATEGORY,n,sum,T0,T1,T2,T3,T4,T5,T6,T7
STAT,(NULL),InitializeSortTime,8,717,717,0,0,0,0,0,0,0
STAT,(NULL),InitializeTime,8,7406,7406,0,0,0,0,0,0,0
STAT,(NULL),LoopTime,8,1878,1878,0,0,0,0,0,0,0
STAT,(NULL),MeminfoPost,8,67,4,6,6,6,7,7,9,22
STAT,(NULL),MeminfoPre,8,0,0,0,0,0,0,0,0,0
STAT,(NULL),Rounds,8,18,18,0,0,0,0,0,0,0
STAT,(NULL),Threads,8,8,8,0,0,0,0,0,0,0
STAT,(NULL),Time,8,1178,1178,0,0,0,0,0,0,0
STAT,map_reduce,LoopTime,8,14,14,0,0,0,0,0,0,0
	Command being timed: "/home/users/norris/research/easy-parallel-graph/autoperf/mst/lib/Galois-2.2.1/build/power/apps/boruvka/boruvka -t=8 /home/users/norris/research/easy-parallel-graph/experiment/datasets/soc-pokec_100i_1000000.gr"
	User time (seconds): 24.05
	System time (seconds): 1.20
	Percent of CPU this job got: 268%
	Elapsed (wall clock) time (h:mm:ss or m:ss): 0:09.42
	Average shared text size (kbytes): 0
	Average unshared data size (kbytes): 0
	Average stack size (kbytes): 0
	Average total size (kbytes): 0
	Maximum resident set size (kbytes): 4020148
	Average resident set size (kbytes): 0
	Major (requiring I/O) page faults: 0
	Minor (reclaiming a frame) page faults: 33941
	Voluntary context switches: 965
	Involuntary context switches: 228
	Swaps: 0
	File system inputs: 0
	File system outputs: 24
	Socket messages sent: 0
	Socket messages received: 0
	Signals delivered: 0
	Page size (bytes): 4096
	Exit status: 0
Galois Benchmark Suite v2.2.1 (r0)
Copyright (C) 2014 The University of Texas at Austin
http://iss.ices.utexas.edu/galois/

application: Boruvka's Minimum Spanning Tree Algorithm
Computes the minimum spanning forest of a graph
http://iss.ices.utexas.edu/?p=projects/galois/benchmarks/mst

INFO: CommandLine /home/users/norris/research/easy-parallel-graph/autoperf/mst/lib/Galois-2.2.1/build/power/apps/boruvka/boruvka -t=8 /home/users/norris/research/easy-parallel-graph/experiment/datasets/soc-pokec_100i_1000000.gr
INFO: Hostname arya
Found rapl component at cid 2
Found: rapl:::THERMAL_SPEC_CNT:PACKAGE0
Found: rapl:::THERMAL_SPEC_CNT:PACKAGE1
Found: rapl:::MINIMUM_POWER_CNT:PACKAGE0
Found: rapl:::MINIMUM_POWER_CNT:PACKAGE1
Found: rapl:::MAXIMUM_POWER_CNT:PACKAGE0
Found: rapl:::MAXIMUM_POWER_CNT:PACKAGE1
Found: rapl:::MAXIMUM_TIME_WINDOW_CNT:PACKAGE0
Found: rapl:::MAXIMUM_TIME_WINDOW_CNT:PACKAGE1
Found: rapl:::PACKAGE_ENERGY_CNT:PACKAGE0
Found: rapl:::PACKAGE_ENERGY_CNT:PACKAGE1
Found: rapl:::DRAM_ENERGY_CNT:PACKAGE0
Found: rapl:::DRAM_ENERGY_CNT:PACKAGE1
Found: rapl:::PP0_ENERGY_CNT:PACKAGE0
Found: rapl:::PP0_ENERGY_CNT:PACKAGE1
Found: rapl:::THERMAL_SPEC:PACKAGE0
Found: rapl:::THERMAL_SPEC:PACKAGE1
Found: rapl:::MINIMUM_POWER:PACKAGE0
Found: rapl:::MINIMUM_POWER:PACKAGE1
Found: rapl:::MAXIMUM_POWER:PACKAGE0
Found: rapl:::MAXIMUM_POWER:PACKAGE1
Found: rapl:::MAXIMUM_TIME_WINDOW:PACKAGE0
Found: rapl:::MAXIMUM_TIME_WINDOW:PACKAGE1
Found: rapl:::PACKAGE_ENERGY:PACKAGE0
Found: rapl:::PACKAGE_ENERGY:PACKAGE1
Found: rapl:::DRAM_ENERGY:PACKAGE0
Found: rapl:::DRAM_ENERGY:PACKAGE1
Found: rapl:::PP0_ENERGY:PACKAGE0
Found: rapl:::PP0_ENERGY:PACKAGE1
Nodes: 1632804 edges: 124159056 heaviest edge: 99
1.1522 s 0.0000 (* Average Power for rapl:::THERMAL_SPEC_CNT:PACKAGE0 *)
1.1522 s 0.0000 (* Average Power for rapl:::THERMAL_SPEC_CNT:PACKAGE1 *)
1.1522 s 0.0000 (* Average Power for rapl:::MINIMUM_POWER_CNT:PACKAGE0 *)
1.1522 s 0.0000 (* Average Power for rapl:::MINIMUM_POWER_CNT:PACKAGE1 *)
1.1522 s 0.0000 (* Average Power for rapl:::MAXIMUM_POWER_CNT:PACKAGE0 *)
1.1522 s 0.0000 (* Average Power for rapl:::MAXIMUM_POWER_CNT:PACKAGE1 *)
1.1522 s 0.0000 (* Average Power for rapl:::MAXIMUM_TIME_WINDOW_CNT:PACKAGE0 *)
1.1522 s 0.0000 (* Average Power for rapl:::MAXIMUM_TIME_WINDOW_CNT:PACKAGE1 *)
1.1522 s 0.0013 (* Average Power for rapl:::PACKAGE_ENERGY_CNT:PACKAGE0 *)
1.1522 s 0.0006 (* Average Power for rapl:::PACKAGE_ENERGY_CNT:PACKAGE1 *)
1.1522 s 0.0011 (* Average Power for rapl:::DRAM_ENERGY_CNT:PACKAGE0 *)
1.1522 s 0.0008 (* Average Power for rapl:::DRAM_ENERGY_CNT:PACKAGE1 *)
1.1522 s 0.0000 (* Average Power for rapl:::PP0_ENERGY_CNT:PACKAGE0 *)
1.1522 s 0.0000 (* Average Power for rapl:::PP0_ENERGY_CNT:PACKAGE1 *)
1.1522 s 4026574615.2884 (* Average Power for rapl:::THERMAL_SPEC:PACKAGE0 *)
1.1522 s 4026574615.2884 (* Average Power for rapl:::THERMAL_SPEC:PACKAGE1 *)
1.1522 s 4022452061.5137 (* Average Power for rapl:::MINIMUM_POWER:PACKAGE0 *)
1.1522 s 4022452061.5137 (* Average Power for rapl:::MINIMUM_POWER:PACKAGE1 *)
1.1522 s 4030483407.0154 (* Average Power for rapl:::MAXIMUM_POWER:PACKAGE0 *)
1.1522 s 4030483407.0154 (* Average Power for rapl:::MAXIMUM_POWER:PACKAGE1 *)
1.1522 s 3980982224.2843 (* Average Power for rapl:::MAXIMUM_TIME_WINDOW:PACKAGE0 *)
1.1522 s 3980982224.2843 (* Average Power for rapl:::MAXIMUM_TIME_WINDOW:PACKAGE1 *)
1.1522 s 92.1151 (* Total Energy for rapl:::PACKAGE_ENERGY:PACKAGE0 *)
1.1522 s 79.9491 (* Average Power for rapl:::PACKAGE_ENERGY:PACKAGE0 *)
1.1522 s 40.4708 (* Total Energy for rapl:::PACKAGE_ENERGY:PACKAGE1 *)
1.1522 s 35.1257 (* Average Power for rapl:::PACKAGE_ENERGY:PACKAGE1 *)
1.1522 s 16.5870 (* Average Power for rapl:::DRAM_ENERGY:PACKAGE0 *)
1.1522 s 11.9807 (* Average Power for rapl:::DRAM_ENERGY:PACKAGE1 *)
1.1522 s 0.0000 (* Average Power for rapl:::PP0_ENERGY:PACKAGE0 *)
1.1522 s 0.0000 (* Average Power for rapl:::PP0_ENERGY:PACKAGE1 *)
MST weight: 1.57678e+07 (15767813)
Num trees: 1
Tree edges: 1632803
STATTYPE,LOOP,CATEGORY,n,sum,T0,T1,T2,T3,T4,T5,T6,T7
STAT,(NULL),InitializeSortTime,8,713,713,0,0,0,0,0,0,0
STAT,(NULL),InitializeTime,8,7198,7198,0,0,0,0,0,0,0
STAT,(NULL),LoopTime,8,1846,1846,0,0,0,0,0,0,0
STAT,(NULL),MeminfoPost,8,67,4,6,6,6,7,7,9,22
STAT,(NULL),MeminfoPre,8,0,0,0,0,0,0,0,0,0
STAT,(NULL),Rounds,8,18,18,0,0,0,0,0,0,0
STAT,(NULL),Threads,8,8,8,0,0,0,0,0,0,0
STAT,(NULL),Time,8,1152,1152,0,0,0,0,0,0,0
STAT,map_reduce,LoopTime,8,14,14,0,0,0,0,0,0,0
	Command being timed: "/home/users/norris/research/easy-parallel-graph/autoperf/mst/lib/Galois-2.2.1/build/power/apps/boruvka/boruvka -t=8 /home/users/norris/research/easy-parallel-graph/experiment/datasets/soc-pokec_100i_1000000.gr"
	User time (seconds): 23.64
	System time (seconds): 1.04
	Percent of CPU this job got: 271%
	Elapsed (wall clock) time (h:mm:ss or m:ss): 0:09.08
	Average shared text size (kbytes): 0
	Average unshared data size (kbytes): 0
	Average stack size (kbytes): 0
	Average total size (kbytes): 0
	Maximum resident set size (kbytes): 4009428
	Average resident set size (kbytes): 0
	Major (requiring I/O) page faults: 0
	Minor (reclaiming a frame) page faults: 29166
	Voluntary context switches: 1035
	Involuntary context switches: 193
	Swaps: 0
	File system inputs: 0
	File system outputs: 24
	Socket messages sent: 0
	Socket messages received: 0
	Signals delivered: 0
	Page size (bytes): 4096
	Exit status: 0
Galois Benchmark Suite v2.2.1 (r0)
Copyright (C) 2014 The University of Texas at Austin
http://iss.ices.utexas.edu/galois/

application: Boruvka's Minimum Spanning Tree Algorithm
Computes the minimum spanning forest of a graph
http://iss.ices.utexas.edu/?p=projects/galois/benchmarks/mst

INFO: CommandLine /home/users/norris/research/easy-parallel-graph/autoperf/mst/lib/Galois-2.2.1/build/power/apps/boruvka/boruvka -t=8 /home/users/norris/research/easy-parallel-graph/experiment/datasets/soc-pokec_100i_1000000.gr
INFO: Hostname arya
Found rapl component at cid 2
Found: rapl:::THERMAL_SPEC_CNT:PACKAGE0
Found: rapl:::THERMAL_SPEC_CNT:PACKAGE1
Found: rapl:::MINIMUM_POWER_CNT:PACKAGE0
Found: rapl:::MINIMUM_POWER_CNT:PACKAGE1
Found: rapl:::MAXIMUM_POWER_CNT:PACKAGE0
Found: rapl:::MAXIMUM_POWER_CNT:PACKAGE1
Found: rapl:::MAXIMUM_TIME_WINDOW_CNT:PACKAGE0
Found: rapl:::MAXIMUM_TIME_WINDOW_CNT:PACKAGE1
Found: rapl:::PACKAGE_ENERGY_CNT:PACKAGE0
Found: rapl:::PACKAGE_ENERGY_CNT:PACKAGE1
Found: rapl:::DRAM_ENERGY_CNT:PACKAGE0
Found: rapl:::DRAM_ENERGY_CNT:PACKAGE1
Found: rapl:::PP0_ENERGY_CNT:PACKAGE0
Found: rapl:::PP0_ENERGY_CNT:PACKAGE1
Found: rapl:::THERMAL_SPEC:PACKAGE0
Found: rapl:::THERMAL_SPEC:PACKAGE1
Found: rapl:::MINIMUM_POWER:PACKAGE0
Found: rapl:::MINIMUM_POWER:PACKAGE1
Found: rapl:::MAXIMUM_POWER:PACKAGE0
Found: rapl:::MAXIMUM_POWER:PACKAGE1
Found: rapl:::MAXIMUM_TIME_WINDOW:PACKAGE0
Found: rapl:::MAXIMUM_TIME_WINDOW:PACKAGE1
Found: rapl:::PACKAGE_ENERGY:PACKAGE0
Found: rapl:::PACKAGE_ENERGY:PACKAGE1
Found: rapl:::DRAM_ENERGY:PACKAGE0
Found: rapl:::DRAM_ENERGY:PACKAGE1
Found: rapl:::PP0_ENERGY:PACKAGE0
Found: rapl:::PP0_ENERGY:PACKAGE1
Nodes: 1632804 edges: 124159056 heaviest edge: 99
1.1043 s 0.0000 (* Average Power for rapl:::THERMAL_SPEC_CNT:PACKAGE0 *)
1.1043 s 0.0000 (* Average Power for rapl:::THERMAL_SPEC_CNT:PACKAGE1 *)
1.1043 s 0.0000 (* Average Power for rapl:::MINIMUM_POWER_CNT:PACKAGE0 *)
1.1043 s 0.0000 (* Average Power for rapl:::MINIMUM_POWER_CNT:PACKAGE1 *)
1.1043 s 0.0000 (* Average Power for rapl:::MAXIMUM_POWER_CNT:PACKAGE0 *)
1.1043 s 0.0000 (* Average Power for rapl:::MAXIMUM_POWER_CNT:PACKAGE1 *)
1.1043 s 0.0000 (* Average Power for rapl:::MAXIMUM_TIME_WINDOW_CNT:PACKAGE0 *)
1.1043 s 0.0000 (* Average Power for rapl:::MAXIMUM_TIME_WINDOW_CNT:PACKAGE1 *)
1.1043 s 0.0013 (* Average Power for rapl:::PACKAGE_ENERGY_CNT:PACKAGE0 *)
1.1043 s 0.0007 (* Average Power for rapl:::PACKAGE_ENERGY_CNT:PACKAGE1 *)
1.1043 s 0.0011 (* Average Power for rapl:::DRAM_ENERGY_CNT:PACKAGE0 *)
1.1043 s 0.0009 (* Average Power for rapl:::DRAM_ENERGY_CNT:PACKAGE1 *)
1.1043 s 0.0000 (* Average Power for rapl:::PP0_ENERGY_CNT:PACKAGE0 *)
1.1043 s 0.0000 (* Average Power for rapl:::PP0_ENERGY_CNT:PACKAGE1 *)
1.1043 s 4201178529.1516 (* Average Power for rapl:::THERMAL_SPEC:PACKAGE0 *)
1.1043 s 4201178529.1516 (* Average Power for rapl:::THERMAL_SPEC:PACKAGE1 *)
1.1043 s 4196877209.5293 (* Average Power for rapl:::MINIMUM_POWER:PACKAGE0 *)
1.1043 s 4196877209.5293 (* Average Power for rapl:::MINIMUM_POWER:PACKAGE1 *)
1.1043 s 4205256817.3860 (* Average Power for rapl:::MAXIMUM_POWER:PACKAGE0 *)
1.1043 s 4205256817.3860 (* Average Power for rapl:::MAXIMUM_POWER:PACKAGE1 *)
1.1043 s 4153609120.2918 (* Average Power for rapl:::MAXIMUM_TIME_WINDOW:PACKAGE0 *)
1.1043 s 4153609120.2918 (* Average Power for rapl:::MAXIMUM_TIME_WINDOW:PACKAGE1 *)
1.1043 s 88.6797 (* Total Energy for rapl:::PACKAGE_ENERGY:PACKAGE0 *)
1.1043 s 80.3049 (* Average Power for rapl:::PACKAGE_ENERGY:PACKAGE0 *)
1.1043 s 47.7156 (* Total Energy for rapl:::PACKAGE_ENERGY:PACKAGE1 *)
1.1043 s 43.2094 (* Average Power for rapl:::PACKAGE_ENERGY:PACKAGE1 *)
1.1043 s 16.5794 (* Average Power for rapl:::DRAM_ENERGY:PACKAGE0 *)
1.1043 s 13.9942 (* Average Power for rapl:::DRAM_ENERGY:PACKAGE1 *)
1.1043 s 0.0000 (* Average Power for rapl:::PP0_ENERGY:PACKAGE0 *)
1.1043 s 0.0000 (* Average Power for rapl:::PP0_ENERGY:PACKAGE1 *)
MST weight: 1.57678e+07 (15767813)
Num trees: 1
Tree edges: 1632803
STATTYPE,LOOP,CATEGORY,n,sum,T0,T1,T2,T3,T4,T5,T6,T7
STAT,(NULL),InitializeSortTime,8,712,712,0,0,0,0,0,0,0
STAT,(NULL),InitializeTime,8,7425,7425,0,0,0,0,0,0,0
STAT,(NULL),LoopTime,8,1800,1800,0,0,0,0,0,0,0
STAT,(NULL),MeminfoPost,8,67,4,6,6,6,7,7,9,22
STAT,(NULL),MeminfoPre,8,0,0,0,0,0,0,0,0,0
STAT,(NULL),Rounds,8,18,18,0,0,0,0,0,0,0
STAT,(NULL),Threads,8,8,8,0,0,0,0,0,0,0
STAT,(NULL),Time,8,1104,1104,0,0,0,0,0,0,0
STAT,map_reduce,LoopTime,8,12,12,0,0,0,0,0,0,0
	Command being timed: "/home/users/norris/research/easy-parallel-graph/autoperf/mst/lib/Galois-2.2.1/build/power/apps/boruvka/boruvka -t=8 /home/users/norris/research/easy-parallel-graph/experiment/datasets/soc-pokec_100i_1000000.gr"
	User time (seconds): 23.66
	System time (seconds): 0.94
	Percent of CPU this job got: 263%
	Elapsed (wall clock) time (h:mm:ss or m:ss): 0:09.35
	Average shared text size (kbytes): 0
	Average unshared data size (kbytes): 0
	Average stack size (kbytes): 0
	Average total size (kbytes): 0
	Maximum resident set size (kbytes): 4008376
	Average resident set size (kbytes): 0
	Major (requiring I/O) page faults: 0
	Minor (reclaiming a frame) page faults: 30303
	Voluntary context switches: 977
	Involuntary context switches: 230
	Swaps: 0
	File system inputs: 0
	File system outputs: 24
	Socket messages sent: 0
	Socket messages received: 0
	Signals delivered: 0
	Page size (bytes): 4096
	Exit status: 0
Galois Benchmark Suite v2.2.1 (r0)
Copyright (C) 2014 The University of Texas at Austin
http://iss.ices.utexas.edu/galois/

application: Boruvka's Minimum Spanning Tree Algorithm
Computes the minimum spanning forest of a graph
http://iss.ices.utexas.edu/?p=projects/galois/benchmarks/mst

INFO: CommandLine /home/users/norris/research/easy-parallel-graph/autoperf/mst/lib/Galois-2.2.1/build/power/apps/boruvka/boruvka -t=8 /home/users/norris/research/easy-parallel-graph/experiment/datasets/soc-pokec_100i_1000000.gr
INFO: Hostname arya
Found rapl component at cid 2
Found: rapl:::THERMAL_SPEC_CNT:PACKAGE0
Found: rapl:::THERMAL_SPEC_CNT:PACKAGE1
Found: rapl:::MINIMUM_POWER_CNT:PACKAGE0
Found: rapl:::MINIMUM_POWER_CNT:PACKAGE1
Found: rapl:::MAXIMUM_POWER_CNT:PACKAGE0
Found: rapl:::MAXIMUM_POWER_CNT:PACKAGE1
Found: rapl:::MAXIMUM_TIME_WINDOW_CNT:PACKAGE0
Found: rapl:::MAXIMUM_TIME_WINDOW_CNT:PACKAGE1
Found: rapl:::PACKAGE_ENERGY_CNT:PACKAGE0
Found: rapl:::PACKAGE_ENERGY_CNT:PACKAGE1
Found: rapl:::DRAM_ENERGY_CNT:PACKAGE0
Found: rapl:::DRAM_ENERGY_CNT:PACKAGE1
Found: rapl:::PP0_ENERGY_CNT:PACKAGE0
Found: rapl:::PP0_ENERGY_CNT:PACKAGE1
Found: rapl:::THERMAL_SPEC:PACKAGE0
Found: rapl:::THERMAL_SPEC:PACKAGE1
Found: rapl:::MINIMUM_POWER:PACKAGE0
Found: rapl:::MINIMUM_POWER:PACKAGE1
Found: rapl:::MAXIMUM_POWER:PACKAGE0
Found: rapl:::MAXIMUM_POWER:PACKAGE1
Found: rapl:::MAXIMUM_TIME_WINDOW:PACKAGE0
Found: rapl:::MAXIMUM_TIME_WINDOW:PACKAGE1
Found: rapl:::PACKAGE_ENERGY:PACKAGE0
Found: rapl:::PACKAGE_ENERGY:PACKAGE1
Found: rapl:::DRAM_ENERGY:PACKAGE0
Found: rapl:::DRAM_ENERGY:PACKAGE1
Found: rapl:::PP0_ENERGY:PACKAGE0
Found: rapl:::PP0_ENERGY:PACKAGE1
Nodes: 1632804 edges: 124159056 heaviest edge: 99
1.0867 s 0.0000 (* Average Power for rapl:::THERMAL_SPEC_CNT:PACKAGE0 *)
1.0867 s 0.0000 (* Average Power for rapl:::THERMAL_SPEC_CNT:PACKAGE1 *)
1.0867 s 0.0000 (* Average Power for rapl:::MINIMUM_POWER_CNT:PACKAGE0 *)
1.0867 s 0.0000 (* Average Power for rapl:::MINIMUM_POWER_CNT:PACKAGE1 *)
1.0867 s 0.0000 (* Average Power for rapl:::MAXIMUM_POWER_CNT:PACKAGE0 *)
1.0867 s 0.0000 (* Average Power for rapl:::MAXIMUM_POWER_CNT:PACKAGE1 *)
1.0867 s 0.0000 (* Average Power for rapl:::MAXIMUM_TIME_WINDOW_CNT:PACKAGE0 *)
1.0867 s 0.0000 (* Average Power for rapl:::MAXIMUM_TIME_WINDOW_CNT:PACKAGE1 *)
1.0867 s 0.0013 (* Average Power for rapl:::PACKAGE_ENERGY_CNT:PACKAGE0 *)
1.0867 s 0.0007 (* Average Power for rapl:::PACKAGE_ENERGY_CNT:PACKAGE1 *)
1.0867 s 0.0011 (* Average Power for rapl:::DRAM_ENERGY_CNT:PACKAGE0 *)
1.0867 s 0.0009 (* Average Power for rapl:::DRAM_ENERGY_CNT:PACKAGE1 *)
1.0867 s 0.0000 (* Average Power for rapl:::PP0_ENERGY_CNT:PACKAGE0 *)
1.0867 s 0.0000 (* Average Power for rapl:::PP0_ENERGY_CNT:PACKAGE1 *)
1.0867 s 4269064599.9553 (* Average Power for rapl:::THERMAL_SPEC:PACKAGE0 *)
1.0867 s 4269064599.9553 (* Average Power for rapl:::THERMAL_SPEC:PACKAGE1 *)
1.0867 s 4264693776.1007 (* Average Power for rapl:::MINIMUM_POWER:PACKAGE0 *)
1.0867 s 4264693776.1007 (* Average Power for rapl:::MINIMUM_POWER:PACKAGE1 *)
1.0867 s 4273208788.4989 (* Average Power for rapl:::MAXIMUM_POWER:PACKAGE0 *)
1.0867 s 4273208788.4989 (* Average Power for rapl:::MAXIMUM_POWER:PACKAGE1 *)
1.0867 s 4220726525.7709 (* Average Power for rapl:::MAXIMUM_TIME_WINDOW:PACKAGE0 *)
1.0867 s 4220726525.7709 (* Average Power for rapl:::MAXIMUM_TIME_WINDOW:PACKAGE1 *)
1.0867 s 87.6464 (* Total Energy for rapl:::PACKAGE_ENERGY:PACKAGE0 *)
1.0867 s 80.6517 (* Average Power for rapl:::PACKAGE_ENERGY:PACKAGE0 *)
1.0867 s 48.9719 (* Total Energy for rapl:::PACKAGE_ENERGY:PACKAGE1 *)
1.0867 s 45.0636 (* Average Power for rapl:::PACKAGE_ENERGY:PACKAGE1 *)
1.0867 s 16.8125 (* Average Power for rapl:::DRAM_ENERGY:PACKAGE0 *)
1.0867 s 13.5371 (* Average Power for rapl:::DRAM_ENERGY:PACKAGE1 *)
1.0867 s 0.0000 (* Average Power for rapl:::PP0_ENERGY:PACKAGE0 *)
1.0867 s 0.0000 (* Average Power for rapl:::PP0_ENERGY:PACKAGE1 *)
MST weight: 1.57678e+07 (15767813)
Num trees: 1
Tree edges: 1632803
STATTYPE,LOOP,CATEGORY,n,sum,T0,T1,T2,T3,T4,T5,T6,T7
STAT,(NULL),InitializeSortTime,8,715,715,0,0,0,0,0,0,0
STAT,(NULL),InitializeTime,8,6824,6824,0,0,0,0,0,0,0
STAT,(NULL),LoopTime,8,1784,1784,0,0,0,0,0,0,0
STAT,(NULL),MeminfoPost,8,67,4,6,6,6,7,7,9,22
STAT,(NULL),MeminfoPre,8,0,0,0,0,0,0,0,0,0
STAT,(NULL),Rounds,8,18,18,0,0,0,0,0,0,0
STAT,(NULL),Threads,8,8,8,0,0,0,0,0,0,0
STAT,(NULL),Time,8,1086,1086,0,0,0,0,0,0,0
STAT,map_reduce,LoopTime,8,12,12,0,0,0,0,0,0,0
	Command being timed: "/home/users/norris/research/easy-parallel-graph/autoperf/mst/lib/Galois-2.2.1/build/power/apps/boruvka/boruvka -t=8 /home/users/norris/research/easy-parallel-graph/experiment/datasets/soc-pokec_100i_1000000.gr"
	User time (seconds): 22.14
	System time (seconds): 1.23
	Percent of CPU this job got: 269%
	Elapsed (wall clock) time (h:mm:ss or m:ss): 0:08.68
	Average shared text size (kbytes): 0
	Average unshared data size (kbytes): 0
	Average stack size (kbytes): 0
	Average total size (kbytes): 0
	Maximum resident set size (kbytes): 4018360
	Average resident set size (kbytes): 0
	Major (requiring I/O) page faults: 0
	Minor (reclaiming a frame) page faults: 29725
	Voluntary context switches: 995
	Involuntary context switches: 235
	Swaps: 0
	File system inputs: 0
	File system outputs: 32
	Socket messages sent: 0
	Socket messages received: 0
	Signals delivered: 0
	Page size (bytes): 4096
	Exit status: 0
Galois Benchmark Suite v2.2.1 (r0)
Copyright (C) 2014 The University of Texas at Austin
http://iss.ices.utexas.edu/galois/

application: Boruvka's Minimum Spanning Tree Algorithm
Computes the minimum spanning forest of a graph
http://iss.ices.utexas.edu/?p=projects/galois/benchmarks/mst

INFO: CommandLine /home/users/norris/research/easy-parallel-graph/autoperf/mst/lib/Galois-2.2.1/build/power/apps/boruvka/boruvka -t=8 /home/users/norris/research/easy-parallel-graph/experiment/datasets/soc-pokec_100i_1000000.gr
INFO: Hostname arya
Found rapl component at cid 2
Found: rapl:::THERMAL_SPEC_CNT:PACKAGE0
Found: rapl:::THERMAL_SPEC_CNT:PACKAGE1
Found: rapl:::MINIMUM_POWER_CNT:PACKAGE0
Found: rapl:::MINIMUM_POWER_CNT:PACKAGE1
Found: rapl:::MAXIMUM_POWER_CNT:PACKAGE0
Found: rapl:::MAXIMUM_POWER_CNT:PACKAGE1
Found: rapl:::MAXIMUM_TIME_WINDOW_CNT:PACKAGE0
Found: rapl:::MAXIMUM_TIME_WINDOW_CNT:PACKAGE1
Found: rapl:::PACKAGE_ENERGY_CNT:PACKAGE0
Found: rapl:::PACKAGE_ENERGY_CNT:PACKAGE1
Found: rapl:::DRAM_ENERGY_CNT:PACKAGE0
Found: rapl:::DRAM_ENERGY_CNT:PACKAGE1
Found: rapl:::PP0_ENERGY_CNT:PACKAGE0
Found: rapl:::PP0_ENERGY_CNT:PACKAGE1
Found: rapl:::THERMAL_SPEC:PACKAGE0
Found: rapl:::THERMAL_SPEC:PACKAGE1
Found: rapl:::MINIMUM_POWER:PACKAGE0
Found: rapl:::MINIMUM_POWER:PACKAGE1
Found: rapl:::MAXIMUM_POWER:PACKAGE0
Found: rapl:::MAXIMUM_POWER:PACKAGE1
Found: rapl:::MAXIMUM_TIME_WINDOW:PACKAGE0
Found: rapl:::MAXIMUM_TIME_WINDOW:PACKAGE1
Found: rapl:::PACKAGE_ENERGY:PACKAGE0
Found: rapl:::PACKAGE_ENERGY:PACKAGE1
Found: rapl:::DRAM_ENERGY:PACKAGE0
Found: rapl:::DRAM_ENERGY:PACKAGE1
Found: rapl:::PP0_ENERGY:PACKAGE0
Found: rapl:::PP0_ENERGY:PACKAGE1
Nodes: 1632804 edges: 124159056 heaviest edge: 99
1.1219 s 0.0000 (* Average Power for rapl:::THERMAL_SPEC_CNT:PACKAGE0 *)
1.1219 s 0.0000 (* Average Power for rapl:::THERMAL_SPEC_CNT:PACKAGE1 *)
1.1219 s 0.0000 (* Average Power for rapl:::MINIMUM_POWER_CNT:PACKAGE0 *)
1.1219 s 0.0000 (* Average Power for rapl:::MINIMUM_POWER_CNT:PACKAGE1 *)
1.1219 s 0.0000 (* Average Power for rapl:::MAXIMUM_POWER_CNT:PACKAGE0 *)
1.1219 s 0.0000 (* Average Power for rapl:::MAXIMUM_POWER_CNT:PACKAGE1 *)
1.1219 s 0.0000 (* Average Power for rapl:::MAXIMUM_TIME_WINDOW_CNT:PACKAGE0 *)
1.1219 s 0.0000 (* Average Power for rapl:::MAXIMUM_TIME_WINDOW_CNT:PACKAGE1 *)
1.1219 s 0.0013 (* Average Power for rapl:::PACKAGE_ENERGY_CNT:PACKAGE0 *)
1.1219 s 0.0008 (* Average Power for rapl:::PACKAGE_ENERGY_CNT:PACKAGE1 *)
1.1219 s 0.0011 (* Average Power for rapl:::DRAM_ENERGY_CNT:PACKAGE0 *)
1.1219 s 0.0009 (* Average Power for rapl:::DRAM_ENERGY_CNT:PACKAGE1 *)
1.1219 s 0.0000 (* Average Power for rapl:::PP0_ENERGY_CNT:PACKAGE0 *)
1.1219 s 0.0000 (* Average Power for rapl:::PP0_ENERGY_CNT:PACKAGE1 *)
1.1219 s 4135058225.4455 (* Average Power for rapl:::THERMAL_SPEC:PACKAGE0 *)
1.1219 s 4135058225.4455 (* Average Power for rapl:::THERMAL_SPEC:PACKAGE1 *)
1.1219 s 4130824602.1988 (* Average Power for rapl:::MINIMUM_POWER:PACKAGE0 *)
1.1219 s 4130824602.1988 (* Average Power for rapl:::MINIMUM_POWER:PACKAGE1 *)
1.1219 s 4139072327.4867 (* Average Power for rapl:::MAXIMUM_POWER:PACKAGE0 *)
1.1219 s 4139072327.4867 (* Average Power for rapl:::MAXIMUM_POWER:PACKAGE1 *)
1.1219 s 4088237488.3546 (* Average Power for rapl:::MAXIMUM_TIME_WINDOW:PACKAGE0 *)
1.1219 s 4088237488.3546 (* Average Power for rapl:::MAXIMUM_TIME_WINDOW:PACKAGE1 *)
1.1219 s 90.3823 (* Total Energy for rapl:::PACKAGE_ENERGY:PACKAGE0 *)
1.1219 s 80.5586 (* Average Power for rapl:::PACKAGE_ENERGY:PACKAGE0 *)
1.1219 s 54.3846 (* Total Energy for rapl:::PACKAGE_ENERGY:PACKAGE1 *)
1.1219 s 48.4736 (* Average Power for rapl:::PACKAGE_ENERGY:PACKAGE1 *)
1.1219 s 16.6713 (* Average Power for rapl:::DRAM_ENERGY:PACKAGE0 *)
1.1219 s 14.2201 (* Average Power for rapl:::DRAM_ENERGY:PACKAGE1 *)
1.1219 s 0.0000 (* Average Power for rapl:::PP0_ENERGY:PACKAGE0 *)
1.1219 s 0.0000 (* Average Power for rapl:::PP0_ENERGY:PACKAGE1 *)
MST weight: 1.57678e+07 (15767813)
Num trees: 1
Tree edges: 1632803
STATTYPE,LOOP,CATEGORY,n,sum,T0,T1,T2,T3,T4,T5,T6,T7
STAT,(NULL),InitializeSortTime,8,717,717,0,0,0,0,0,0,0
STAT,(NULL),InitializeTime,8,7085,7085,0,0,0,0,0,0,0
STAT,(NULL),LoopTime,8,1821,1821,0,0,0,0,0,0,0
STAT,(NULL),MeminfoPost,8,67,4,6,6,6,7,7,9,22
STAT,(NULL),MeminfoPre,8,0,0,0,0,0,0,0,0,0
STAT,(NULL),Rounds,8,18,18,0,0,0,0,0,0,0
STAT,(NULL),Threads,8,8,8,0,0,0,0,0,0,0
STAT,(NULL),Time,8,1121,1121,0,0,0,0,0,0,0
STAT,map_reduce,LoopTime,8,12,12,0,0,0,0,0,0,0
	Command being timed: "/home/users/norris/research/easy-parallel-graph/autoperf/mst/lib/Galois-2.2.1/build/power/apps/boruvka/boruvka -t=8 /home/users/norris/research/easy-parallel-graph/experiment/datasets/soc-pokec_100i_1000000.gr"
	User time (seconds): 23.22
	System time (seconds): 1.20
	Percent of CPU this job got: 270%
	Elapsed (wall clock) time (h:mm:ss or m:ss): 0:09.02
	Average shared text size (kbytes): 0
	Average unshared data size (kbytes): 0
	Average stack size (kbytes): 0
	Average total size (kbytes): 0
	Maximum resident set size (kbytes): 4008028
	Average resident set size (kbytes): 0
	Major (requiring I/O) page faults: 0
	Minor (reclaiming a frame) page faults: 33576
	Voluntary context switches: 971
	Involuntary context switches: 218
	Swaps: 0
	File system inputs: 0
	File system outputs: 16
	Socket messages sent: 0
	Socket messages received: 0
	Signals delivered: 0
	Page size (bytes): 4096
	Exit status: 0
Galois Benchmark Suite v2.2.1 (r0)
Copyright (C) 2014 The University of Texas at Austin
http://iss.ices.utexas.edu/galois/

application: Boruvka's Minimum Spanning Tree Algorithm
Computes the minimum spanning forest of a graph
http://iss.ices.utexas.edu/?p=projects/galois/benchmarks/mst

INFO: CommandLine /home/users/norris/research/easy-parallel-graph/autoperf/mst/lib/Galois-2.2.1/build/power/apps/boruvka/boruvka -t=8 /home/users/norris/research/easy-parallel-graph/experiment/datasets/soc-pokec_100i_1000000.gr
INFO: Hostname arya
Found rapl component at cid 2
Found: rapl:::THERMAL_SPEC_CNT:PACKAGE0
Found: rapl:::THERMAL_SPEC_CNT:PACKAGE1
Found: rapl:::MINIMUM_POWER_CNT:PACKAGE0
Found: rapl:::MINIMUM_POWER_CNT:PACKAGE1
Found: rapl:::MAXIMUM_POWER_CNT:PACKAGE0
Found: rapl:::MAXIMUM_POWER_CNT:PACKAGE1
Found: rapl:::MAXIMUM_TIME_WINDOW_CNT:PACKAGE0
Found: rapl:::MAXIMUM_TIME_WINDOW_CNT:PACKAGE1
Found: rapl:::PACKAGE_ENERGY_CNT:PACKAGE0
Found: rapl:::PACKAGE_ENERGY_CNT:PACKAGE1
Found: rapl:::DRAM_ENERGY_CNT:PACKAGE0
Found: rapl:::DRAM_ENERGY_CNT:PACKAGE1
Found: rapl:::PP0_ENERGY_CNT:PACKAGE0
Found: rapl:::PP0_ENERGY_CNT:PACKAGE1
Found: rapl:::THERMAL_SPEC:PACKAGE0
Found: rapl:::THERMAL_SPEC:PACKAGE1
Found: rapl:::MINIMUM_POWER:PACKAGE0
Found: rapl:::MINIMUM_POWER:PACKAGE1
Found: rapl:::MAXIMUM_POWER:PACKAGE0
Found: rapl:::MAXIMUM_POWER:PACKAGE1
Found: rapl:::MAXIMUM_TIME_WINDOW:PACKAGE0
Found: rapl:::MAXIMUM_TIME_WINDOW:PACKAGE1
Found: rapl:::PACKAGE_ENERGY:PACKAGE0
Found: rapl:::PACKAGE_ENERGY:PACKAGE1
Found: rapl:::DRAM_ENERGY:PACKAGE0
Found: rapl:::DRAM_ENERGY:PACKAGE1
Found: rapl:::PP0_ENERGY:PACKAGE0
Found: rapl:::PP0_ENERGY:PACKAGE1
Nodes: 1632804 edges: 124159056 heaviest edge: 99
1.2907 s 0.0000 (* Average Power for rapl:::THERMAL_SPEC_CNT:PACKAGE0 *)
1.2907 s 0.0000 (* Average Power for rapl:::THERMAL_SPEC_CNT:PACKAGE1 *)
1.2907 s 0.0000 (* Average Power for rapl:::MINIMUM_POWER_CNT:PACKAGE0 *)
1.2907 s 0.0000 (* Average Power for rapl:::MINIMUM_POWER_CNT:PACKAGE1 *)
1.2907 s 0.0000 (* Average Power for rapl:::MAXIMUM_POWER_CNT:PACKAGE0 *)
1.2907 s 0.0000 (* Average Power for rapl:::MAXIMUM_POWER_CNT:PACKAGE1 *)
1.2907 s 0.0000 (* Average Power for rapl:::MAXIMUM_TIME_WINDOW_CNT:PACKAGE0 *)
1.2907 s 0.0000 (* Average Power for rapl:::MAXIMUM_TIME_WINDOW_CNT:PACKAGE1 *)
1.2907 s 0.0013 (* Average Power for rapl:::PACKAGE_ENERGY_CNT:PACKAGE0 *)
1.2907 s 0.0004 (* Average Power for rapl:::PACKAGE_ENERGY_CNT:PACKAGE1 *)
1.2907 s 0.0011 (* Average Power for rapl:::DRAM_ENERGY_CNT:PACKAGE0 *)
1.2907 s 0.0006 (* Average Power for rapl:::DRAM_ENERGY_CNT:PACKAGE1 *)
1.2907 s 0.0000 (* Average Power for rapl:::PP0_ENERGY_CNT:PACKAGE0 *)
1.2907 s 0.0000 (* Average Power for rapl:::PP0_ENERGY_CNT:PACKAGE1 *)
1.2907 s 3594506523.9663 (* Average Power for rapl:::THERMAL_SPEC:PACKAGE0 *)
1.2907 s 3594506523.9663 (* Average Power for rapl:::THERMAL_SPEC:PACKAGE1 *)
1.2907 s 3590826337.2433 (* Average Power for rapl:::MINIMUM_POWER:PACKAGE0 *)
1.2907 s 3590826337.2433 (* Average Power for rapl:::MINIMUM_POWER:PACKAGE1 *)
1.2907 s 3597995886.1926 (* Average Power for rapl:::MAXIMUM_POWER:PACKAGE0 *)
1.2907 s 3597995886.1926 (* Average Power for rapl:::MAXIMUM_POWER:PACKAGE1 *)
1.2907 s 3553806384.8741 (* Average Power for rapl:::MAXIMUM_TIME_WINDOW:PACKAGE0 *)
1.2907 s 3553806384.8741 (* Average Power for rapl:::MAXIMUM_TIME_WINDOW:PACKAGE1 *)
1.2907 s 102.4801 (* Total Energy for rapl:::PACKAGE_ENERGY:PACKAGE0 *)
1.2907 s 79.4010 (* Average Power for rapl:::PACKAGE_ENERGY:PACKAGE0 *)
1.2907 s 28.7750 (* Total Energy for rapl:::PACKAGE_ENERGY:PACKAGE1 *)
1.2907 s 22.2947 (* Average Power for rapl:::PACKAGE_ENERGY:PACKAGE1 *)
1.2907 s 16.4743 (* Average Power for rapl:::DRAM_ENERGY:PACKAGE0 *)
1.2907 s 9.1339 (* Average Power for rapl:::DRAM_ENERGY:PACKAGE1 *)
1.2907 s 0.0000 (* Average Power for rapl:::PP0_ENERGY:PACKAGE0 *)
1.2907 s 0.0000 (* Average Power for rapl:::PP0_ENERGY:PACKAGE1 *)
MST weight: 1.57678e+07 (15767813)
Num trees: 1
Tree edges: 1632803
STATTYPE,LOOP,CATEGORY,n,sum,T0,T1,T2,T3,T4,T5,T6,T7
STAT,(NULL),InitializeSortTime,8,717,717,0,0,0,0,0,0,0
STAT,(NULL),InitializeTime,8,6941,6941,0,0,0,0,0,0,0
STAT,(NULL),LoopTime,8,1992,1992,0,0,0,0,0,0,0
STAT,(NULL),MeminfoPost,8,67,4,6,6,6,7,7,9,22
STAT,(NULL),MeminfoPre,8,0,0,0,0,0,0,0,0,0
STAT,(NULL),Rounds,8,19,19,0,0,0,0,0,0,0
STAT,(NULL),Threads,8,8,8,0,0,0,0,0,0,0
STAT,(NULL),Time,8,1290,1290,0,0,0,0,0,0,0
STAT,map_reduce,LoopTime,8,14,14,0,0,0,0,0,0,0
	Command being timed: "/home/users/norris/research/easy-parallel-graph/autoperf/mst/lib/Galois-2.2.1/build/power/apps/boruvka/boruvka -t=8 /home/users/norris/research/easy-parallel-graph/experiment/datasets/soc-pokec_100i_1000000.gr"
	User time (seconds): 24.46
	System time (seconds): 1.22
	Percent of CPU this job got: 283%
	Elapsed (wall clock) time (h:mm:ss or m:ss): 0:09.05
	Average shared text size (kbytes): 0
	Average unshared data size (kbytes): 0
	Average stack size (kbytes): 0
	Average total size (kbytes): 0
	Maximum resident set size (kbytes): 4009388
	Average resident set size (kbytes): 0
	Major (requiring I/O) page faults: 0
	Minor (reclaiming a frame) page faults: 32265
	Voluntary context switches: 985
	Involuntary context switches: 217
	Swaps: 0
	File system inputs: 0
	File system outputs: 16
	Socket messages sent: 0
	Socket messages received: 0
	Signals delivered: 0
	Page size (bytes): 4096
	Exit status: 0
Galois Benchmark Suite v2.2.1 (r0)
Copyright (C) 2014 The University of Texas at Austin
http://iss.ices.utexas.edu/galois/

application: Boruvka's Minimum Spanning Tree Algorithm
Computes the minimum spanning forest of a graph
http://iss.ices.utexas.edu/?p=projects/galois/benchmarks/mst

INFO: CommandLine /home/users/norris/research/easy-parallel-graph/autoperf/mst/lib/Galois-2.2.1/build/power/apps/boruvka/boruvka -t=8 /home/users/norris/research/easy-parallel-graph/experiment/datasets/soc-pokec_100i_1000000.gr
INFO: Hostname arya
Found rapl component at cid 2
Found: rapl:::THERMAL_SPEC_CNT:PACKAGE0
Found: rapl:::THERMAL_SPEC_CNT:PACKAGE1
Found: rapl:::MINIMUM_POWER_CNT:PACKAGE0
Found: rapl:::MINIMUM_POWER_CNT:PACKAGE1
Found: rapl:::MAXIMUM_POWER_CNT:PACKAGE0
Found: rapl:::MAXIMUM_POWER_CNT:PACKAGE1
Found: rapl:::MAXIMUM_TIME_WINDOW_CNT:PACKAGE0
Found: rapl:::MAXIMUM_TIME_WINDOW_CNT:PACKAGE1
Found: rapl:::PACKAGE_ENERGY_CNT:PACKAGE0
Found: rapl:::PACKAGE_ENERGY_CNT:PACKAGE1
Found: rapl:::DRAM_ENERGY_CNT:PACKAGE0
Found: rapl:::DRAM_ENERGY_CNT:PACKAGE1
Found: rapl:::PP0_ENERGY_CNT:PACKAGE0
Found: rapl:::PP0_ENERGY_CNT:PACKAGE1
Found: rapl:::THERMAL_SPEC:PACKAGE0
Found: rapl:::THERMAL_SPEC:PACKAGE1
Found: rapl:::MINIMUM_POWER:PACKAGE0
Found: rapl:::MINIMUM_POWER:PACKAGE1
Found: rapl:::MAXIMUM_POWER:PACKAGE0
Found: rapl:::MAXIMUM_POWER:PACKAGE1
Found: rapl:::MAXIMUM_TIME_WINDOW:PACKAGE0
Found: rapl:::MAXIMUM_TIME_WINDOW:PACKAGE1
Found: rapl:::PACKAGE_ENERGY:PACKAGE0
Found: rapl:::PACKAGE_ENERGY:PACKAGE1
Found: rapl:::DRAM_ENERGY:PACKAGE0
Found: rapl:::DRAM_ENERGY:PACKAGE1
Found: rapl:::PP0_ENERGY:PACKAGE0
Found: rapl:::PP0_ENERGY:PACKAGE1
Nodes: 1632804 edges: 124159056 heaviest edge: 99
1.2511 s 0.0000 (* Average Power for rapl:::THERMAL_SPEC_CNT:PACKAGE0 *)
1.2511 s 0.0000 (* Average Power for rapl:::THERMAL_SPEC_CNT:PACKAGE1 *)
1.2511 s 0.0000 (* Average Power for rapl:::MINIMUM_POWER_CNT:PACKAGE0 *)
1.2511 s 0.0000 (* Average Power for rapl:::MINIMUM_POWER_CNT:PACKAGE1 *)
1.2511 s 0.0000 (* Average Power for rapl:::MAXIMUM_POWER_CNT:PACKAGE0 *)
1.2511 s 0.0000 (* Average Power for rapl:::MAXIMUM_POWER_CNT:PACKAGE1 *)
1.2511 s 0.0000 (* Average Power for rapl:::MAXIMUM_TIME_WINDOW_CNT:PACKAGE0 *)
1.2511 s 0.0000 (* Average Power for rapl:::MAXIMUM_TIME_WINDOW_CNT:PACKAGE1 *)
1.2511 s 0.0013 (* Average Power for rapl:::PACKAGE_ENERGY_CNT:PACKAGE0 *)
1.2511 s 0.0004 (* Average Power for rapl:::PACKAGE_ENERGY_CNT:PACKAGE1 *)
1.2511 s 0.0011 (* Average Power for rapl:::DRAM_ENERGY_CNT:PACKAGE0 *)
1.2511 s 0.0006 (* Average Power for rapl:::DRAM_ENERGY_CNT:PACKAGE1 *)
1.2511 s 0.0000 (* Average Power for rapl:::PP0_ENERGY_CNT:PACKAGE0 *)
1.2511 s 0.0000 (* Average Power for rapl:::PP0_ENERGY_CNT:PACKAGE1 *)
1.2511 s 3708254199.4633 (* Average Power for rapl:::THERMAL_SPEC:PACKAGE0 *)
1.2511 s 3708254199.4633 (* Average Power for rapl:::THERMAL_SPEC:PACKAGE1 *)
1.2511 s 3704457553.7264 (* Average Power for rapl:::MINIMUM_POWER:PACKAGE0 *)
1.2511 s 3704457553.7264 (* Average Power for rapl:::MINIMUM_POWER:PACKAGE1 *)
1.2511 s 3711853982.0879 (* Average Power for rapl:::MAXIMUM_POWER:PACKAGE0 *)
1.2511 s 3711853982.0879 (* Average Power for rapl:::MAXIMUM_POWER:PACKAGE1 *)
1.2511 s 3666266109.9436 (* Average Power for rapl:::MAXIMUM_TIME_WINDOW:PACKAGE0 *)
1.2511 s 3666266109.9436 (* Average Power for rapl:::MAXIMUM_TIME_WINDOW:PACKAGE1 *)
1.2511 s 99.4399 (* Total Energy for rapl:::PACKAGE_ENERGY:PACKAGE0 *)
1.2511 s 79.4835 (* Average Power for rapl:::PACKAGE_ENERGY:PACKAGE0 *)
1.2511 s 28.2189 (* Total Energy for rapl:::PACKAGE_ENERGY:PACKAGE1 *)
1.2511 s 22.5557 (* Average Power for rapl:::PACKAGE_ENERGY:PACKAGE1 *)
1.2511 s 16.5283 (* Average Power for rapl:::DRAM_ENERGY:PACKAGE0 *)
1.2511 s 9.1306 (* Average Power for rapl:::DRAM_ENERGY:PACKAGE1 *)
1.2511 s 0.0000 (* Average Power for rapl:::PP0_ENERGY:PACKAGE0 *)
1.2511 s 0.0000 (* Average Power for rapl:::PP0_ENERGY:PACKAGE1 *)
MST weight: 1.57678e+07 (15767813)
Num trees: 1
Tree edges: 1632803
STATTYPE,LOOP,CATEGORY,n,sum,T0,T1,T2,T3,T4,T5,T6,T7
STAT,(NULL),InitializeSortTime,8,711,711,0,0,0,0,0,0,0
STAT,(NULL),InitializeTime,8,7436,7436,0,0,0,0,0,0,0
STAT,(NULL),LoopTime,8,1944,1944,0,0,0,0,0,0,0
STAT,(NULL),MeminfoPost,8,67,4,6,6,6,7,7,9,22
STAT,(NULL),MeminfoPre,8,0,0,0,0,0,0,0,0,0
STAT,(NULL),Rounds,8,18,18,0,0,0,0,0,0,0
STAT,(NULL),Threads,8,8,8,0,0,0,0,0,0,0
STAT,(NULL),Time,8,1251,1251,0,0,0,0,0,0,0
STAT,map_reduce,LoopTime,8,14,14,0,0,0,0,0,0,0
	Command being timed: "/home/users/norris/research/easy-parallel-graph/autoperf/mst/lib/Galois-2.2.1/build/power/apps/boruvka/boruvka -t=8 /home/users/norris/research/easy-parallel-graph/experiment/datasets/soc-pokec_100i_1000000.gr"
	User time (seconds): 24.70
	System time (seconds): 0.96
	Percent of CPU this job got: 273%
	Elapsed (wall clock) time (h:mm:ss or m:ss): 0:09.38
	Average shared text size (kbytes): 0
	Average unshared data size (kbytes): 0
	Average stack size (kbytes): 0
	Average total size (kbytes): 0
	Maximum resident set size (kbytes): 4009480
	Average resident set size (kbytes): 0
	Major (requiring I/O) page faults: 0
	Minor (reclaiming a frame) page faults: 28773
	Voluntary context switches: 970
	Involuntary context switches: 192
	Swaps: 0
	File system inputs: 0
	File system outputs: 16
	Socket messages sent: 0
	Socket messages received: 0
	Signals delivered: 0
	Page size (bytes): 4096
	Exit status: 0
Galois Benchmark Suite v2.2.1 (r0)
Copyright (C) 2014 The University of Texas at Austin
http://iss.ices.utexas.edu/galois/

application: Boruvka's Minimum Spanning Tree Algorithm
Computes the minimum spanning forest of a graph
http://iss.ices.utexas.edu/?p=projects/galois/benchmarks/mst

INFO: CommandLine /home/users/norris/research/easy-parallel-graph/autoperf/mst/lib/Galois-2.2.1/build/power/apps/boruvka/boruvka -t=8 /home/users/norris/research/easy-parallel-graph/experiment/datasets/soc-pokec_100i_1000000.gr
INFO: Hostname arya
Found rapl component at cid 2
Found: rapl:::THERMAL_SPEC_CNT:PACKAGE0
Found: rapl:::THERMAL_SPEC_CNT:PACKAGE1
Found: rapl:::MINIMUM_POWER_CNT:PACKAGE0
Found: rapl:::MINIMUM_POWER_CNT:PACKAGE1
Found: rapl:::MAXIMUM_POWER_CNT:PACKAGE0
Found: rapl:::MAXIMUM_POWER_CNT:PACKAGE1
Found: rapl:::MAXIMUM_TIME_WINDOW_CNT:PACKAGE0
Found: rapl:::MAXIMUM_TIME_WINDOW_CNT:PACKAGE1
Found: rapl:::PACKAGE_ENERGY_CNT:PACKAGE0
Found: rapl:::PACKAGE_ENERGY_CNT:PACKAGE1
Found: rapl:::DRAM_ENERGY_CNT:PACKAGE0
Found: rapl:::DRAM_ENERGY_CNT:PACKAGE1
Found: rapl:::PP0_ENERGY_CNT:PACKAGE0
Found: rapl:::PP0_ENERGY_CNT:PACKAGE1
Found: rapl:::THERMAL_SPEC:PACKAGE0
Found: rapl:::THERMAL_SPEC:PACKAGE1
Found: rapl:::MINIMUM_POWER:PACKAGE0
Found: rapl:::MINIMUM_POWER:PACKAGE1
Found: rapl:::MAXIMUM_POWER:PACKAGE0
Found: rapl:::MAXIMUM_POWER:PACKAGE1
Found: rapl:::MAXIMUM_TIME_WINDOW:PACKAGE0
Found: rapl:::MAXIMUM_TIME_WINDOW:PACKAGE1
Found: rapl:::PACKAGE_ENERGY:PACKAGE0
Found: rapl:::PACKAGE_ENERGY:PACKAGE1
Found: rapl:::DRAM_ENERGY:PACKAGE0
Found: rapl:::DRAM_ENERGY:PACKAGE1
Found: rapl:::PP0_ENERGY:PACKAGE0
Found: rapl:::PP0_ENERGY:PACKAGE1
Nodes: 1632804 edges: 124159056 heaviest edge: 99
1.1279 s 0.0000 (* Average Power for rapl:::THERMAL_SPEC_CNT:PACKAGE0 *)
1.1279 s 0.0000 (* Average Power for rapl:::THERMAL_SPEC_CNT:PACKAGE1 *)
1.1279 s 0.0000 (* Average Power for rapl:::MINIMUM_POWER_CNT:PACKAGE0 *)
1.1279 s 0.0000 (* Average Power for rapl:::MINIMUM_POWER_CNT:PACKAGE1 *)
1.1279 s 0.0000 (* Average Power for rapl:::MAXIMUM_POWER_CNT:PACKAGE0 *)
1.1279 s 0.0000 (* Average Power for rapl:::MAXIMUM_POWER_CNT:PACKAGE1 *)
1.1279 s 0.0000 (* Average Power for rapl:::MAXIMUM_TIME_WINDOW_CNT:PACKAGE0 *)
1.1279 s 0.0000 (* Average Power for rapl:::MAXIMUM_TIME_WINDOW_CNT:PACKAGE1 *)
1.1279 s 0.0013 (* Average Power for rapl:::PACKAGE_ENERGY_CNT:PACKAGE0 *)
1.1279 s 0.0007 (* Average Power for rapl:::PACKAGE_ENERGY_CNT:PACKAGE1 *)
1.1279 s 0.0011 (* Average Power for rapl:::DRAM_ENERGY_CNT:PACKAGE0 *)
1.1279 s 0.0009 (* Average Power for rapl:::DRAM_ENERGY_CNT:PACKAGE1 *)
1.1279 s 0.0000 (* Average Power for rapl:::PP0_ENERGY_CNT:PACKAGE0 *)
1.1279 s 0.0000 (* Average Power for rapl:::PP0_ENERGY_CNT:PACKAGE1 *)
1.1279 s 4113323973.8228 (* Average Power for rapl:::THERMAL_SPEC:PACKAGE0 *)
1.1279 s 4113323973.8228 (* Average Power for rapl:::THERMAL_SPEC:PACKAGE1 *)
1.1279 s 4109112602.8948 (* Average Power for rapl:::MINIMUM_POWER:PACKAGE0 *)
1.1279 s 4109112602.8948 (* Average Power for rapl:::MINIMUM_POWER:PACKAGE1 *)
1.1279 s 4117316977.3695 (* Average Power for rapl:::MAXIMUM_POWER:PACKAGE0 *)
1.1279 s 4117316977.3695 (* Average Power for rapl:::MAXIMUM_POWER:PACKAGE1 *)
1.1279 s 4066749330.8921 (* Average Power for rapl:::MAXIMUM_TIME_WINDOW:PACKAGE0 *)
1.1279 s 4066749330.8921 (* Average Power for rapl:::MAXIMUM_TIME_WINDOW:PACKAGE1 *)
1.1279 s 90.5398 (* Total Energy for rapl:::PACKAGE_ENERGY:PACKAGE0 *)
1.1279 s 80.2748 (* Average Power for rapl:::PACKAGE_ENERGY:PACKAGE0 *)
1.1279 s 45.7305 (* Total Energy for rapl:::PACKAGE_ENERGY:PACKAGE1 *)
1.1279 s 40.5458 (* Average Power for rapl:::PACKAGE_ENERGY:PACKAGE1 *)
1.1279 s 16.6488 (* Average Power for rapl:::DRAM_ENERGY:PACKAGE0 *)
1.1279 s 13.5621 (* Average Power for rapl:::DRAM_ENERGY:PACKAGE1 *)
1.1279 s 0.0000 (* Average Power for rapl:::PP0_ENERGY:PACKAGE0 *)
1.1279 s 0.0000 (* Average Power for rapl:::PP0_ENERGY:PACKAGE1 *)
MST weight: 1.57678e+07 (15767813)
Num trees: 1
Tree edges: 1632803
STATTYPE,LOOP,CATEGORY,n,sum,T0,T1,T2,T3,T4,T5,T6,T7
STAT,(NULL),InitializeSortTime,8,713,713,0,0,0,0,0,0,0
STAT,(NULL),InitializeTime,8,7422,7422,0,0,0,0,0,0,0
STAT,(NULL),LoopTime,8,1823,1823,0,0,0,0,0,0,0
STAT,(NULL),MeminfoPost,8,67,4,6,6,6,7,7,9,22
STAT,(NULL),MeminfoPre,8,0,0,0,0,0,0,0,0,0
STAT,(NULL),Rounds,8,18,18,0,0,0,0,0,0,0
STAT,(NULL),Threads,8,8,8,0,0,0,0,0,0,0
STAT,(NULL),Time,8,1127,1127,0,0,0,0,0,0,0
STAT,map_reduce,LoopTime,8,12,12,0,0,0,0,0,0,0
	Command being timed: "/home/users/norris/research/easy-parallel-graph/autoperf/mst/lib/Galois-2.2.1/build/power/apps/boruvka/boruvka -t=8 /home/users/norris/research/easy-parallel-graph/experiment/datasets/soc-pokec_100i_1000000.gr"
	User time (seconds): 23.62
	System time (seconds): 1.21
	Percent of CPU this job got: 264%
	Elapsed (wall clock) time (h:mm:ss or m:ss): 0:09.38
	Average shared text size (kbytes): 0
	Average unshared data size (kbytes): 0
	Average stack size (kbytes): 0
	Average total size (kbytes): 0
	Maximum resident set size (kbytes): 4012924
	Average resident set size (kbytes): 0
	Major (requiring I/O) page faults: 0
	Minor (reclaiming a frame) page faults: 33961
	Voluntary context switches: 977
	Involuntary context switches: 235
	Swaps: 0
	File system inputs: 0
	File system outputs: 16
	Socket messages sent: 0
	Socket messages received: 0
	Signals delivered: 0
	Page size (bytes): 4096
	Exit status: 0
