Galois Benchmark Suite v2.2.1 (r0)
Copyright (C) 2014 The University of Texas at Austin
http://iss.ices.utexas.edu/galois/

application: Boruvka's Minimum Spanning Tree Algorithm
Computes the minimum spanning forest of a graph
http://iss.ices.utexas.edu/?p=projects/galois/benchmarks/mst

INFO: CommandLine /home/users/norris/research/easy-parallel-graph/autoperf/mst/lib/Galois-2.2.1/build/power/apps/boruvka/boruvka -t=64 /home/users/norris/research/easy-parallel-graph/experiment/datasets/com-lj-org-weighted_75i_1000000.gr
INFO: Hostname arya
Found rapl component at cid 2
Found: rapl:::THERMAL_SPEC_CNT:PACKAGE0
Found: rapl:::THERMAL_SPEC_CNT:PACKAGE1
Found: rapl:::MINIMUM_POWER_CNT:PACKAGE0
Found: rapl:::MINIMUM_POWER_CNT:PACKAGE1
Found: rapl:::MAXIMUM_POWER_CNT:PACKAGE0
Found: rapl:::MAXIMUM_POWER_CNT:PACKAGE1
Found: rapl:::MAXIMUM_TIME_WINDOW_CNT:PACKAGE0
Found: rapl:::MAXIMUM_TIME_WINDOW_CNT:PACKAGE1
Found: rapl:::PACKAGE_ENERGY_CNT:PACKAGE0
Found: rapl:::PACKAGE_ENERGY_CNT:PACKAGE1
Found: rapl:::DRAM_ENERGY_CNT:PACKAGE0
Found: rapl:::DRAM_ENERGY_CNT:PACKAGE1
Found: rapl:::PP0_ENERGY_CNT:PACKAGE0
Found: rapl:::PP0_ENERGY_CNT:PACKAGE1
Found: rapl:::THERMAL_SPEC:PACKAGE0
Found: rapl:::THERMAL_SPEC:PACKAGE1
Found: rapl:::MINIMUM_POWER:PACKAGE0
Found: rapl:::MINIMUM_POWER:PACKAGE1
Found: rapl:::MAXIMUM_POWER:PACKAGE0
Found: rapl:::MAXIMUM_POWER:PACKAGE1
Found: rapl:::MAXIMUM_TIME_WINDOW:PACKAGE0
Found: rapl:::MAXIMUM_TIME_WINDOW:PACKAGE1
Found: rapl:::PACKAGE_ENERGY:PACKAGE0
Found: rapl:::PACKAGE_ENERGY:PACKAGE1
Found: rapl:::DRAM_ENERGY:PACKAGE0
Found: rapl:::DRAM_ENERGY:PACKAGE1
Found: rapl:::PP0_ENERGY:PACKAGE0
Found: rapl:::PP0_ENERGY:PACKAGE1
Nodes: 4036538 edges: 139726522 heaviest edge: 99
0.4999 s 0.0000 (* Average Power for rapl:::THERMAL_SPEC_CNT:PACKAGE0 *)
0.4999 s 0.0000 (* Average Power for rapl:::THERMAL_SPEC_CNT:PACKAGE1 *)
0.4999 s 0.0000 (* Average Power for rapl:::MINIMUM_POWER_CNT:PACKAGE0 *)
0.4999 s 0.0000 (* Average Power for rapl:::MINIMUM_POWER_CNT:PACKAGE1 *)
0.4999 s 0.0000 (* Average Power for rapl:::MAXIMUM_POWER_CNT:PACKAGE0 *)
0.4999 s 0.0000 (* Average Power for rapl:::MAXIMUM_POWER_CNT:PACKAGE1 *)
0.4999 s 0.0000 (* Average Power for rapl:::MAXIMUM_TIME_WINDOW_CNT:PACKAGE0 *)
0.4999 s 0.0000 (* Average Power for rapl:::MAXIMUM_TIME_WINDOW_CNT:PACKAGE1 *)
0.4999 s 0.0021 (* Average Power for rapl:::PACKAGE_ENERGY_CNT:PACKAGE0 *)
0.4999 s 0.0021 (* Average Power for rapl:::PACKAGE_ENERGY_CNT:PACKAGE1 *)
0.4999 s 0.0013 (* Average Power for rapl:::DRAM_ENERGY_CNT:PACKAGE0 *)
0.4999 s 0.0013 (* Average Power for rapl:::DRAM_ENERGY_CNT:PACKAGE1 *)
0.4999 s 0.0000 (* Average Power for rapl:::PP0_ENERGY_CNT:PACKAGE0 *)
0.4999 s 0.0000 (* Average Power for rapl:::PP0_ENERGY_CNT:PACKAGE1 *)
0.4999 s 9281068088.3844 (* Average Power for rapl:::THERMAL_SPEC:PACKAGE0 *)
0.4999 s 9281068088.3844 (* Average Power for rapl:::THERMAL_SPEC:PACKAGE1 *)
0.4999 s 9271565792.7768 (* Average Power for rapl:::MINIMUM_POWER:PACKAGE0 *)
0.4999 s 9271565792.7768 (* Average Power for rapl:::MINIMUM_POWER:PACKAGE1 *)
0.4999 s 9290077672.3679 (* Average Power for rapl:::MAXIMUM_POWER:PACKAGE0 *)
0.4999 s 9290077672.3679 (* Average Power for rapl:::MAXIMUM_POWER:PACKAGE1 *)
0.4999 s 9175979737.7018 (* Average Power for rapl:::MAXIMUM_TIME_WINDOW:PACKAGE0 *)
0.4999 s 9175979737.7018 (* Average Power for rapl:::MAXIMUM_TIME_WINDOW:PACKAGE1 *)
0.4999 s 63.1960 (* Total Energy for rapl:::PACKAGE_ENERGY:PACKAGE0 *)
0.4999 s 126.4254 (* Average Power for rapl:::PACKAGE_ENERGY:PACKAGE0 *)
0.4999 s 63.4207 (* Total Energy for rapl:::PACKAGE_ENERGY:PACKAGE1 *)
0.4999 s 126.8750 (* Average Power for rapl:::PACKAGE_ENERGY:PACKAGE1 *)
0.4999 s 19.5800 (* Average Power for rapl:::DRAM_ENERGY:PACKAGE0 *)
0.4999 s 20.3679 (* Average Power for rapl:::DRAM_ENERGY:PACKAGE1 *)
0.4999 s 0.0000 (* Average Power for rapl:::PP0_ENERGY:PACKAGE0 *)
0.4999 s 0.0000 (* Average Power for rapl:::PP0_ENERGY:PACKAGE1 *)
MST weight: 7.81576e+07 (78157588)
Num trees: 26556
Tree edges: 4009982
STATTYPE,LOOP,CATEGORY,n,sum,T0,T1,T2,T3,T4,T5,T6,T7,T8,T9,T10,T11,T12,T13,T14,T15,T16,T17,T18,T19,T20,T21,T22,T23,T24,T25,T26,T27,T28,T29,T30,T31,T32,T33,T34,T35,T36,T37,T38,T39,T40,T41,T42,T43,T44,T45,T46,T47,T48,T49,T50,T51,T52,T53,T54,T55,T56,T57,T58,T59,T60,T61,T62,T63
STAT,(NULL),InitializeSortTime,64,149,149,0,0,0,0,0,0,0,0,0,0,0,0,0,0,0,0,0,0,0,0,0,0,0,0,0,0,0,0,0,0,0,0,0,0,0,0,0,0,0,0,0,0,0,0,0,0,0,0,0,0,0,0,0,0,0,0,0,0,0,0,0,0,0
STAT,(NULL),InitializeTime,64,7591,7591,0,0,0,0,0,0,0,0,0,0,0,0,0,0,0,0,0,0,0,0,0,0,0,0,0,0,0,0,0,0,0,0,0,0,0,0,0,0,0,0,0,0,0,0,0,0,0,0,0,0,0,0,0,0,0,0,0,0,0,0,0,0,0
STAT,(NULL),LoopTime,64,628,628,0,0,0,0,0,0,0,0,0,0,0,0,0,0,0,0,0,0,0,0,0,0,0,0,0,0,0,0,0,0,0,0,0,0,0,0,0,0,0,0,0,0,0,0,0,0,0,0,0,0,0,0,0,0,0,0,0,0,0,0,0,0,0
STAT,(NULL),MeminfoPost,64,295,4,4,4,4,4,4,4,4,4,4,4,4,4,4,4,4,4,4,4,4,4,4,4,4,4,4,4,4,4,4,4,4,4,4,4,4,4,4,4,4,4,4,4,4,4,4,4,4,4,4,5,5,6,5,6,6,6,7,7,8,8,8,9,9
STAT,(NULL),MeminfoPre,64,0,0,0,0,0,0,0,0,0,0,0,0,0,0,0,0,0,0,0,0,0,0,0,0,0,0,0,0,0,0,0,0,0,0,0,0,0,0,0,0,0,0,0,0,0,0,0,0,0,0,0,0,0,0,0,0,0,0,0,0,0,0,0,0,0
STAT,(NULL),Rounds,64,22,22,0,0,0,0,0,0,0,0,0,0,0,0,0,0,0,0,0,0,0,0,0,0,0,0,0,0,0,0,0,0,0,0,0,0,0,0,0,0,0,0,0,0,0,0,0,0,0,0,0,0,0,0,0,0,0,0,0,0,0,0,0,0,0
STAT,(NULL),Threads,64,64,64,0,0,0,0,0,0,0,0,0,0,0,0,0,0,0,0,0,0,0,0,0,0,0,0,0,0,0,0,0,0,0,0,0,0,0,0,0,0,0,0,0,0,0,0,0,0,0,0,0,0,0,0,0,0,0,0,0,0,0,0,0,0,0
STAT,(NULL),Time,64,499,499,0,0,0,0,0,0,0,0,0,0,0,0,0,0,0,0,0,0,0,0,0,0,0,0,0,0,0,0,0,0,0,0,0,0,0,0,0,0,0,0,0,0,0,0,0,0,0,0,0,0,0,0,0,0,0,0,0,0,0,0,0,0,0
STAT,map_reduce,LoopTime,64,56,56,0,0,0,0,0,0,0,0,0,0,0,0,0,0,0,0,0,0,0,0,0,0,0,0,0,0,0,0,0,0,0,0,0,0,0,0,0,0,0,0,0,0,0,0,0,0,0,0,0,0,0,0,0,0,0,0,0,0,0,0,0,0,0
	Command being timed: "/home/users/norris/research/easy-parallel-graph/autoperf/mst/lib/Galois-2.2.1/build/power/apps/boruvka/boruvka -t=64 /home/users/norris/research/easy-parallel-graph/experiment/datasets/com-lj-org-weighted_75i_1000000.gr"
	User time (seconds): 60.33
	System time (seconds): 2.40
	Percent of CPU this job got: 710%
	Elapsed (wall clock) time (h:mm:ss or m:ss): 0:08.83
	Average shared text size (kbytes): 0
	Average unshared data size (kbytes): 0
	Average stack size (kbytes): 0
	Average total size (kbytes): 0
	Maximum resident set size (kbytes): 4407972
	Average resident set size (kbytes): 0
	Major (requiring I/O) page faults: 0
	Minor (reclaiming a frame) page faults: 34486
	Voluntary context switches: 4036
	Involuntary context switches: 300
	Swaps: 0
	File system inputs: 0
	File system outputs: 16
	Socket messages sent: 0
	Socket messages received: 0
	Signals delivered: 0
	Page size (bytes): 4096
	Exit status: 0
Galois Benchmark Suite v2.2.1 (r0)
Copyright (C) 2014 The University of Texas at Austin
http://iss.ices.utexas.edu/galois/

application: Boruvka's Minimum Spanning Tree Algorithm
Computes the minimum spanning forest of a graph
http://iss.ices.utexas.edu/?p=projects/galois/benchmarks/mst

INFO: CommandLine /home/users/norris/research/easy-parallel-graph/autoperf/mst/lib/Galois-2.2.1/build/power/apps/boruvka/boruvka -t=64 /home/users/norris/research/easy-parallel-graph/experiment/datasets/com-lj-org-weighted_75i_1000000.gr
INFO: Hostname arya
Found rapl component at cid 2
Found: rapl:::THERMAL_SPEC_CNT:PACKAGE0
Found: rapl:::THERMAL_SPEC_CNT:PACKAGE1
Found: rapl:::MINIMUM_POWER_CNT:PACKAGE0
Found: rapl:::MINIMUM_POWER_CNT:PACKAGE1
Found: rapl:::MAXIMUM_POWER_CNT:PACKAGE0
Found: rapl:::MAXIMUM_POWER_CNT:PACKAGE1
Found: rapl:::MAXIMUM_TIME_WINDOW_CNT:PACKAGE0
Found: rapl:::MAXIMUM_TIME_WINDOW_CNT:PACKAGE1
Found: rapl:::PACKAGE_ENERGY_CNT:PACKAGE0
Found: rapl:::PACKAGE_ENERGY_CNT:PACKAGE1
Found: rapl:::DRAM_ENERGY_CNT:PACKAGE0
Found: rapl:::DRAM_ENERGY_CNT:PACKAGE1
Found: rapl:::PP0_ENERGY_CNT:PACKAGE0
Found: rapl:::PP0_ENERGY_CNT:PACKAGE1
Found: rapl:::THERMAL_SPEC:PACKAGE0
Found: rapl:::THERMAL_SPEC:PACKAGE1
Found: rapl:::MINIMUM_POWER:PACKAGE0
Found: rapl:::MINIMUM_POWER:PACKAGE1
Found: rapl:::MAXIMUM_POWER:PACKAGE0
Found: rapl:::MAXIMUM_POWER:PACKAGE1
Found: rapl:::MAXIMUM_TIME_WINDOW:PACKAGE0
Found: rapl:::MAXIMUM_TIME_WINDOW:PACKAGE1
Found: rapl:::PACKAGE_ENERGY:PACKAGE0
Found: rapl:::PACKAGE_ENERGY:PACKAGE1
Found: rapl:::DRAM_ENERGY:PACKAGE0
Found: rapl:::DRAM_ENERGY:PACKAGE1
Found: rapl:::PP0_ENERGY:PACKAGE0
Found: rapl:::PP0_ENERGY:PACKAGE1
Nodes: 4036538 edges: 139726522 heaviest edge: 99
0.4590 s 0.0000 (* Average Power for rapl:::THERMAL_SPEC_CNT:PACKAGE0 *)
0.4590 s 0.0000 (* Average Power for rapl:::THERMAL_SPEC_CNT:PACKAGE1 *)
0.4590 s 0.0000 (* Average Power for rapl:::MINIMUM_POWER_CNT:PACKAGE0 *)
0.4590 s 0.0000 (* Average Power for rapl:::MINIMUM_POWER_CNT:PACKAGE1 *)
0.4590 s 0.0000 (* Average Power for rapl:::MAXIMUM_POWER_CNT:PACKAGE0 *)
0.4590 s 0.0000 (* Average Power for rapl:::MAXIMUM_POWER_CNT:PACKAGE1 *)
0.4590 s 0.0000 (* Average Power for rapl:::MAXIMUM_TIME_WINDOW_CNT:PACKAGE0 *)
0.4590 s 0.0000 (* Average Power for rapl:::MAXIMUM_TIME_WINDOW_CNT:PACKAGE1 *)
0.4590 s 0.0021 (* Average Power for rapl:::PACKAGE_ENERGY_CNT:PACKAGE0 *)
0.4590 s 0.0021 (* Average Power for rapl:::PACKAGE_ENERGY_CNT:PACKAGE1 *)
0.4590 s 0.0013 (* Average Power for rapl:::DRAM_ENERGY_CNT:PACKAGE0 *)
0.4590 s 0.0014 (* Average Power for rapl:::DRAM_ENERGY_CNT:PACKAGE1 *)
0.4590 s 0.0000 (* Average Power for rapl:::PP0_ENERGY_CNT:PACKAGE0 *)
0.4590 s 0.0000 (* Average Power for rapl:::PP0_ENERGY_CNT:PACKAGE1 *)
0.4590 s 10108059430.1850 (* Average Power for rapl:::THERMAL_SPEC:PACKAGE0 *)
0.4590 s 10108059430.1850 (* Average Power for rapl:::THERMAL_SPEC:PACKAGE1 *)
0.4590 s 10097710430.7153 (* Average Power for rapl:::MINIMUM_POWER:PACKAGE0 *)
0.4590 s 10097710430.7153 (* Average Power for rapl:::MINIMUM_POWER:PACKAGE1 *)
0.4590 s 10117871814.8674 (* Average Power for rapl:::MAXIMUM_POWER:PACKAGE0 *)
0.4590 s 10117871814.8674 (* Average Power for rapl:::MAXIMUM_POWER:PACKAGE1 *)
0.4590 s 9993607161.9758 (* Average Power for rapl:::MAXIMUM_TIME_WINDOW:PACKAGE0 *)
0.4590 s 9993607161.9758 (* Average Power for rapl:::MAXIMUM_TIME_WINDOW:PACKAGE1 *)
0.4590 s 58.2971 (* Total Energy for rapl:::PACKAGE_ENERGY:PACKAGE0 *)
0.4590 s 127.0169 (* Average Power for rapl:::PACKAGE_ENERGY:PACKAGE0 *)
0.4590 s 58.3563 (* Total Energy for rapl:::PACKAGE_ENERGY:PACKAGE1 *)
0.4590 s 127.1459 (* Average Power for rapl:::PACKAGE_ENERGY:PACKAGE1 *)
0.4590 s 20.0430 (* Average Power for rapl:::DRAM_ENERGY:PACKAGE0 *)
0.4590 s 20.9505 (* Average Power for rapl:::DRAM_ENERGY:PACKAGE1 *)
0.4590 s 0.0000 (* Average Power for rapl:::PP0_ENERGY:PACKAGE0 *)
0.4590 s 0.0000 (* Average Power for rapl:::PP0_ENERGY:PACKAGE1 *)
MST weight: 7.81576e+07 (78157588)
Num trees: 26556
Tree edges: 4009982
STATTYPE,LOOP,CATEGORY,n,sum,T0,T1,T2,T3,T4,T5,T6,T7,T8,T9,T10,T11,T12,T13,T14,T15,T16,T17,T18,T19,T20,T21,T22,T23,T24,T25,T26,T27,T28,T29,T30,T31,T32,T33,T34,T35,T36,T37,T38,T39,T40,T41,T42,T43,T44,T45,T46,T47,T48,T49,T50,T51,T52,T53,T54,T55,T56,T57,T58,T59,T60,T61,T62,T63
STAT,(NULL),InitializeSortTime,64,151,151,0,0,0,0,0,0,0,0,0,0,0,0,0,0,0,0,0,0,0,0,0,0,0,0,0,0,0,0,0,0,0,0,0,0,0,0,0,0,0,0,0,0,0,0,0,0,0,0,0,0,0,0,0,0,0,0,0,0,0,0,0,0,0
STAT,(NULL),InitializeTime,64,7861,7861,0,0,0,0,0,0,0,0,0,0,0,0,0,0,0,0,0,0,0,0,0,0,0,0,0,0,0,0,0,0,0,0,0,0,0,0,0,0,0,0,0,0,0,0,0,0,0,0,0,0,0,0,0,0,0,0,0,0,0,0,0,0,0
STAT,(NULL),LoopTime,64,591,591,0,0,0,0,0,0,0,0,0,0,0,0,0,0,0,0,0,0,0,0,0,0,0,0,0,0,0,0,0,0,0,0,0,0,0,0,0,0,0,0,0,0,0,0,0,0,0,0,0,0,0,0,0,0,0,0,0,0,0,0,0,0,0
STAT,(NULL),MeminfoPost,64,295,4,4,4,4,4,4,4,4,4,4,4,4,4,4,4,4,4,4,4,4,4,4,4,4,4,4,4,4,4,4,4,4,4,4,4,4,4,4,4,4,4,4,4,4,4,4,4,4,4,4,5,5,6,5,6,6,6,7,7,8,8,8,9,9
STAT,(NULL),MeminfoPre,64,0,0,0,0,0,0,0,0,0,0,0,0,0,0,0,0,0,0,0,0,0,0,0,0,0,0,0,0,0,0,0,0,0,0,0,0,0,0,0,0,0,0,0,0,0,0,0,0,0,0,0,0,0,0,0,0,0,0,0,0,0,0,0,0,0
STAT,(NULL),Rounds,64,21,21,0,0,0,0,0,0,0,0,0,0,0,0,0,0,0,0,0,0,0,0,0,0,0,0,0,0,0,0,0,0,0,0,0,0,0,0,0,0,0,0,0,0,0,0,0,0,0,0,0,0,0,0,0,0,0,0,0,0,0,0,0,0,0
STAT,(NULL),Threads,64,64,64,0,0,0,0,0,0,0,0,0,0,0,0,0,0,0,0,0,0,0,0,0,0,0,0,0,0,0,0,0,0,0,0,0,0,0,0,0,0,0,0,0,0,0,0,0,0,0,0,0,0,0,0,0,0,0,0,0,0,0,0,0,0,0
STAT,(NULL),Time,64,458,458,0,0,0,0,0,0,0,0,0,0,0,0,0,0,0,0,0,0,0,0,0,0,0,0,0,0,0,0,0,0,0,0,0,0,0,0,0,0,0,0,0,0,0,0,0,0,0,0,0,0,0,0,0,0,0,0,0,0,0,0,0,0,0
STAT,map_reduce,LoopTime,64,40,40,0,0,0,0,0,0,0,0,0,0,0,0,0,0,0,0,0,0,0,0,0,0,0,0,0,0,0,0,0,0,0,0,0,0,0,0,0,0,0,0,0,0,0,0,0,0,0,0,0,0,0,0,0,0,0,0,0,0,0,0,0,0,0
	Command being timed: "/home/users/norris/research/easy-parallel-graph/autoperf/mst/lib/Galois-2.2.1/build/power/apps/boruvka/boruvka -t=64 /home/users/norris/research/easy-parallel-graph/experiment/datasets/com-lj-org-weighted_75i_1000000.gr"
	User time (seconds): 57.02
	System time (seconds): 2.45
	Percent of CPU this job got: 658%
	Elapsed (wall clock) time (h:mm:ss or m:ss): 0:09.03
	Average shared text size (kbytes): 0
	Average unshared data size (kbytes): 0
	Average stack size (kbytes): 0
	Average total size (kbytes): 0
	Maximum resident set size (kbytes): 4410168
	Average resident set size (kbytes): 0
	Major (requiring I/O) page faults: 0
	Minor (reclaiming a frame) page faults: 34803
	Voluntary context switches: 3984
	Involuntary context switches: 283
	Swaps: 0
	File system inputs: 0
	File system outputs: 24
	Socket messages sent: 0
	Socket messages received: 0
	Signals delivered: 0
	Page size (bytes): 4096
	Exit status: 0
Galois Benchmark Suite v2.2.1 (r0)
Copyright (C) 2014 The University of Texas at Austin
http://iss.ices.utexas.edu/galois/

application: Boruvka's Minimum Spanning Tree Algorithm
Computes the minimum spanning forest of a graph
http://iss.ices.utexas.edu/?p=projects/galois/benchmarks/mst

INFO: CommandLine /home/users/norris/research/easy-parallel-graph/autoperf/mst/lib/Galois-2.2.1/build/power/apps/boruvka/boruvka -t=64 /home/users/norris/research/easy-parallel-graph/experiment/datasets/com-lj-org-weighted_75i_1000000.gr
INFO: Hostname arya
Found rapl component at cid 2
Found: rapl:::THERMAL_SPEC_CNT:PACKAGE0
Found: rapl:::THERMAL_SPEC_CNT:PACKAGE1
Found: rapl:::MINIMUM_POWER_CNT:PACKAGE0
Found: rapl:::MINIMUM_POWER_CNT:PACKAGE1
Found: rapl:::MAXIMUM_POWER_CNT:PACKAGE0
Found: rapl:::MAXIMUM_POWER_CNT:PACKAGE1
Found: rapl:::MAXIMUM_TIME_WINDOW_CNT:PACKAGE0
Found: rapl:::MAXIMUM_TIME_WINDOW_CNT:PACKAGE1
Found: rapl:::PACKAGE_ENERGY_CNT:PACKAGE0
Found: rapl:::PACKAGE_ENERGY_CNT:PACKAGE1
Found: rapl:::DRAM_ENERGY_CNT:PACKAGE0
Found: rapl:::DRAM_ENERGY_CNT:PACKAGE1
Found: rapl:::PP0_ENERGY_CNT:PACKAGE0
Found: rapl:::PP0_ENERGY_CNT:PACKAGE1
Found: rapl:::THERMAL_SPEC:PACKAGE0
Found: rapl:::THERMAL_SPEC:PACKAGE1
Found: rapl:::MINIMUM_POWER:PACKAGE0
Found: rapl:::MINIMUM_POWER:PACKAGE1
Found: rapl:::MAXIMUM_POWER:PACKAGE0
Found: rapl:::MAXIMUM_POWER:PACKAGE1
Found: rapl:::MAXIMUM_TIME_WINDOW:PACKAGE0
Found: rapl:::MAXIMUM_TIME_WINDOW:PACKAGE1
Found: rapl:::PACKAGE_ENERGY:PACKAGE0
Found: rapl:::PACKAGE_ENERGY:PACKAGE1
Found: rapl:::DRAM_ENERGY:PACKAGE0
Found: rapl:::DRAM_ENERGY:PACKAGE1
Found: rapl:::PP0_ENERGY:PACKAGE0
Found: rapl:::PP0_ENERGY:PACKAGE1
Nodes: 4036538 edges: 139726522 heaviest edge: 99
0.4667 s 0.0000 (* Average Power for rapl:::THERMAL_SPEC_CNT:PACKAGE0 *)
0.4667 s 0.0000 (* Average Power for rapl:::THERMAL_SPEC_CNT:PACKAGE1 *)
0.4667 s 0.0000 (* Average Power for rapl:::MINIMUM_POWER_CNT:PACKAGE0 *)
0.4667 s 0.0000 (* Average Power for rapl:::MINIMUM_POWER_CNT:PACKAGE1 *)
0.4667 s 0.0000 (* Average Power for rapl:::MAXIMUM_POWER_CNT:PACKAGE0 *)
0.4667 s 0.0000 (* Average Power for rapl:::MAXIMUM_POWER_CNT:PACKAGE1 *)
0.4667 s 0.0000 (* Average Power for rapl:::MAXIMUM_TIME_WINDOW_CNT:PACKAGE0 *)
0.4667 s 0.0000 (* Average Power for rapl:::MAXIMUM_TIME_WINDOW_CNT:PACKAGE1 *)
0.4667 s 0.0021 (* Average Power for rapl:::PACKAGE_ENERGY_CNT:PACKAGE0 *)
0.4667 s 0.0021 (* Average Power for rapl:::PACKAGE_ENERGY_CNT:PACKAGE1 *)
0.4667 s 0.0013 (* Average Power for rapl:::DRAM_ENERGY_CNT:PACKAGE0 *)
0.4667 s 0.0014 (* Average Power for rapl:::DRAM_ENERGY_CNT:PACKAGE1 *)
0.4667 s 0.0000 (* Average Power for rapl:::PP0_ENERGY_CNT:PACKAGE0 *)
0.4667 s 0.0000 (* Average Power for rapl:::PP0_ENERGY_CNT:PACKAGE1 *)
0.4667 s 9940269517.7701 (* Average Power for rapl:::THERMAL_SPEC:PACKAGE0 *)
0.4667 s 9940269517.7701 (* Average Power for rapl:::THERMAL_SPEC:PACKAGE1 *)
0.4667 s 9930092307.7252 (* Average Power for rapl:::MINIMUM_POWER:PACKAGE0 *)
0.4667 s 9930092307.7252 (* Average Power for rapl:::MINIMUM_POWER:PACKAGE1 *)
0.4667 s 9949919020.6276 (* Average Power for rapl:::MAXIMUM_POWER:PACKAGE0 *)
0.4667 s 9949919020.6276 (* Average Power for rapl:::MAXIMUM_POWER:PACKAGE1 *)
0.4667 s 9827717113.3469 (* Average Power for rapl:::MAXIMUM_TIME_WINDOW:PACKAGE0 *)
0.4667 s 9827717113.3469 (* Average Power for rapl:::MAXIMUM_TIME_WINDOW:PACKAGE1 *)
0.4667 s 59.2250 (* Total Energy for rapl:::PACKAGE_ENERGY:PACKAGE0 *)
0.4667 s 126.8968 (* Average Power for rapl:::PACKAGE_ENERGY:PACKAGE0 *)
0.4667 s 59.1779 (* Total Energy for rapl:::PACKAGE_ENERGY:PACKAGE1 *)
0.4667 s 126.7957 (* Average Power for rapl:::PACKAGE_ENERGY:PACKAGE1 *)
0.4667 s 20.0592 (* Average Power for rapl:::DRAM_ENERGY:PACKAGE0 *)
0.4667 s 20.7035 (* Average Power for rapl:::DRAM_ENERGY:PACKAGE1 *)
0.4667 s 0.0000 (* Average Power for rapl:::PP0_ENERGY:PACKAGE0 *)
0.4667 s 0.0000 (* Average Power for rapl:::PP0_ENERGY:PACKAGE1 *)
MST weight: 7.81576e+07 (78157588)
Num trees: 26556
Tree edges: 4009982
STATTYPE,LOOP,CATEGORY,n,sum,T0,T1,T2,T3,T4,T5,T6,T7,T8,T9,T10,T11,T12,T13,T14,T15,T16,T17,T18,T19,T20,T21,T22,T23,T24,T25,T26,T27,T28,T29,T30,T31,T32,T33,T34,T35,T36,T37,T38,T39,T40,T41,T42,T43,T44,T45,T46,T47,T48,T49,T50,T51,T52,T53,T54,T55,T56,T57,T58,T59,T60,T61,T62,T63
STAT,(NULL),InitializeSortTime,64,149,149,0,0,0,0,0,0,0,0,0,0,0,0,0,0,0,0,0,0,0,0,0,0,0,0,0,0,0,0,0,0,0,0,0,0,0,0,0,0,0,0,0,0,0,0,0,0,0,0,0,0,0,0,0,0,0,0,0,0,0,0,0,0,0
STAT,(NULL),InitializeTime,64,7869,7869,0,0,0,0,0,0,0,0,0,0,0,0,0,0,0,0,0,0,0,0,0,0,0,0,0,0,0,0,0,0,0,0,0,0,0,0,0,0,0,0,0,0,0,0,0,0,0,0,0,0,0,0,0,0,0,0,0,0,0,0,0,0,0
STAT,(NULL),LoopTime,64,593,593,0,0,0,0,0,0,0,0,0,0,0,0,0,0,0,0,0,0,0,0,0,0,0,0,0,0,0,0,0,0,0,0,0,0,0,0,0,0,0,0,0,0,0,0,0,0,0,0,0,0,0,0,0,0,0,0,0,0,0,0,0,0,0
STAT,(NULL),MeminfoPost,64,295,4,4,4,4,4,4,4,4,4,4,4,4,4,4,4,4,4,4,4,4,4,4,4,4,4,4,4,4,4,4,4,4,4,4,4,4,4,4,4,4,4,4,4,4,4,4,4,4,4,4,5,5,6,5,6,6,6,7,7,8,8,8,9,9
STAT,(NULL),MeminfoPre,64,0,0,0,0,0,0,0,0,0,0,0,0,0,0,0,0,0,0,0,0,0,0,0,0,0,0,0,0,0,0,0,0,0,0,0,0,0,0,0,0,0,0,0,0,0,0,0,0,0,0,0,0,0,0,0,0,0,0,0,0,0,0,0,0,0
STAT,(NULL),Rounds,64,21,21,0,0,0,0,0,0,0,0,0,0,0,0,0,0,0,0,0,0,0,0,0,0,0,0,0,0,0,0,0,0,0,0,0,0,0,0,0,0,0,0,0,0,0,0,0,0,0,0,0,0,0,0,0,0,0,0,0,0,0,0,0,0,0
STAT,(NULL),Threads,64,64,64,0,0,0,0,0,0,0,0,0,0,0,0,0,0,0,0,0,0,0,0,0,0,0,0,0,0,0,0,0,0,0,0,0,0,0,0,0,0,0,0,0,0,0,0,0,0,0,0,0,0,0,0,0,0,0,0,0,0,0,0,0,0,0
STAT,(NULL),Time,64,466,466,0,0,0,0,0,0,0,0,0,0,0,0,0,0,0,0,0,0,0,0,0,0,0,0,0,0,0,0,0,0,0,0,0,0,0,0,0,0,0,0,0,0,0,0,0,0,0,0,0,0,0,0,0,0,0,0,0,0,0,0,0,0,0
STAT,map_reduce,LoopTime,64,40,40,0,0,0,0,0,0,0,0,0,0,0,0,0,0,0,0,0,0,0,0,0,0,0,0,0,0,0,0,0,0,0,0,0,0,0,0,0,0,0,0,0,0,0,0,0,0,0,0,0,0,0,0,0,0,0,0,0,0,0,0,0,0,0
	Command being timed: "/home/users/norris/research/easy-parallel-graph/autoperf/mst/lib/Galois-2.2.1/build/power/apps/boruvka/boruvka -t=64 /home/users/norris/research/easy-parallel-graph/experiment/datasets/com-lj-org-weighted_75i_1000000.gr"
	User time (seconds): 57.31
	System time (seconds): 2.48
	Percent of CPU this job got: 665%
	Elapsed (wall clock) time (h:mm:ss or m:ss): 0:08.98
	Average shared text size (kbytes): 0
	Average unshared data size (kbytes): 0
	Average stack size (kbytes): 0
	Average total size (kbytes): 0
	Maximum resident set size (kbytes): 4418488
	Average resident set size (kbytes): 0
	Major (requiring I/O) page faults: 0
	Minor (reclaiming a frame) page faults: 36088
	Voluntary context switches: 3960
	Involuntary context switches: 272
	Swaps: 0
	File system inputs: 0
	File system outputs: 16
	Socket messages sent: 0
	Socket messages received: 0
	Signals delivered: 0
	Page size (bytes): 4096
	Exit status: 0
Galois Benchmark Suite v2.2.1 (r0)
Copyright (C) 2014 The University of Texas at Austin
http://iss.ices.utexas.edu/galois/

application: Boruvka's Minimum Spanning Tree Algorithm
Computes the minimum spanning forest of a graph
http://iss.ices.utexas.edu/?p=projects/galois/benchmarks/mst

INFO: CommandLine /home/users/norris/research/easy-parallel-graph/autoperf/mst/lib/Galois-2.2.1/build/power/apps/boruvka/boruvka -t=64 /home/users/norris/research/easy-parallel-graph/experiment/datasets/com-lj-org-weighted_75i_1000000.gr
INFO: Hostname arya
Found rapl component at cid 2
Found: rapl:::THERMAL_SPEC_CNT:PACKAGE0
Found: rapl:::THERMAL_SPEC_CNT:PACKAGE1
Found: rapl:::MINIMUM_POWER_CNT:PACKAGE0
Found: rapl:::MINIMUM_POWER_CNT:PACKAGE1
Found: rapl:::MAXIMUM_POWER_CNT:PACKAGE0
Found: rapl:::MAXIMUM_POWER_CNT:PACKAGE1
Found: rapl:::MAXIMUM_TIME_WINDOW_CNT:PACKAGE0
Found: rapl:::MAXIMUM_TIME_WINDOW_CNT:PACKAGE1
Found: rapl:::PACKAGE_ENERGY_CNT:PACKAGE0
Found: rapl:::PACKAGE_ENERGY_CNT:PACKAGE1
Found: rapl:::DRAM_ENERGY_CNT:PACKAGE0
Found: rapl:::DRAM_ENERGY_CNT:PACKAGE1
Found: rapl:::PP0_ENERGY_CNT:PACKAGE0
Found: rapl:::PP0_ENERGY_CNT:PACKAGE1
Found: rapl:::THERMAL_SPEC:PACKAGE0
Found: rapl:::THERMAL_SPEC:PACKAGE1
Found: rapl:::MINIMUM_POWER:PACKAGE0
Found: rapl:::MINIMUM_POWER:PACKAGE1
Found: rapl:::MAXIMUM_POWER:PACKAGE0
Found: rapl:::MAXIMUM_POWER:PACKAGE1
Found: rapl:::MAXIMUM_TIME_WINDOW:PACKAGE0
Found: rapl:::MAXIMUM_TIME_WINDOW:PACKAGE1
Found: rapl:::PACKAGE_ENERGY:PACKAGE0
Found: rapl:::PACKAGE_ENERGY:PACKAGE1
Found: rapl:::DRAM_ENERGY:PACKAGE0
Found: rapl:::DRAM_ENERGY:PACKAGE1
Found: rapl:::PP0_ENERGY:PACKAGE0
Found: rapl:::PP0_ENERGY:PACKAGE1
Nodes: 4036538 edges: 139726522 heaviest edge: 99
0.4555 s 0.0000 (* Average Power for rapl:::THERMAL_SPEC_CNT:PACKAGE0 *)
0.4555 s 0.0000 (* Average Power for rapl:::THERMAL_SPEC_CNT:PACKAGE1 *)
0.4555 s 0.0000 (* Average Power for rapl:::MINIMUM_POWER_CNT:PACKAGE0 *)
0.4555 s 0.0000 (* Average Power for rapl:::MINIMUM_POWER_CNT:PACKAGE1 *)
0.4555 s 0.0000 (* Average Power for rapl:::MAXIMUM_POWER_CNT:PACKAGE0 *)
0.4555 s 0.0000 (* Average Power for rapl:::MAXIMUM_POWER_CNT:PACKAGE1 *)
0.4555 s 0.0000 (* Average Power for rapl:::MAXIMUM_TIME_WINDOW_CNT:PACKAGE0 *)
0.4555 s 0.0000 (* Average Power for rapl:::MAXIMUM_TIME_WINDOW_CNT:PACKAGE1 *)
0.4555 s 0.0021 (* Average Power for rapl:::PACKAGE_ENERGY_CNT:PACKAGE0 *)
0.4555 s 0.0021 (* Average Power for rapl:::PACKAGE_ENERGY_CNT:PACKAGE1 *)
0.4555 s 0.0013 (* Average Power for rapl:::DRAM_ENERGY_CNT:PACKAGE0 *)
0.4555 s 0.0014 (* Average Power for rapl:::DRAM_ENERGY_CNT:PACKAGE1 *)
0.4555 s 0.0000 (* Average Power for rapl:::PP0_ENERGY_CNT:PACKAGE0 *)
0.4555 s 0.0000 (* Average Power for rapl:::PP0_ENERGY_CNT:PACKAGE1 *)
0.4555 s 10184177057.6139 (* Average Power for rapl:::THERMAL_SPEC:PACKAGE0 *)
0.4555 s 10184177057.6139 (* Average Power for rapl:::THERMAL_SPEC:PACKAGE1 *)
0.4555 s 10173750126.1444 (* Average Power for rapl:::MINIMUM_POWER:PACKAGE0 *)
0.4555 s 10173750126.1444 (* Average Power for rapl:::MINIMUM_POWER:PACKAGE1 *)
0.4555 s 10194063333.3776 (* Average Power for rapl:::MAXIMUM_POWER:PACKAGE0 *)
0.4555 s 10194063333.3776 (* Average Power for rapl:::MAXIMUM_POWER:PACKAGE1 *)
0.4555 s 10068862919.2138 (* Average Power for rapl:::MAXIMUM_TIME_WINDOW:PACKAGE0 *)
0.4555 s 10068862919.2138 (* Average Power for rapl:::MAXIMUM_TIME_WINDOW:PACKAGE1 *)
0.4555 s 57.9180 (* Total Energy for rapl:::PACKAGE_ENERGY:PACKAGE0 *)
0.4555 s 127.1412 (* Average Power for rapl:::PACKAGE_ENERGY:PACKAGE0 *)
0.4555 s 57.7786 (* Total Energy for rapl:::PACKAGE_ENERGY:PACKAGE1 *)
0.4555 s 126.8353 (* Average Power for rapl:::PACKAGE_ENERGY:PACKAGE1 *)
0.4555 s 20.1330 (* Average Power for rapl:::DRAM_ENERGY:PACKAGE0 *)
0.4555 s 20.8196 (* Average Power for rapl:::DRAM_ENERGY:PACKAGE1 *)
0.4555 s 0.0000 (* Average Power for rapl:::PP0_ENERGY:PACKAGE0 *)
0.4555 s 0.0000 (* Average Power for rapl:::PP0_ENERGY:PACKAGE1 *)
MST weight: 7.81576e+07 (78157588)
Num trees: 26556
Tree edges: 4009982
STATTYPE,LOOP,CATEGORY,n,sum,T0,T1,T2,T3,T4,T5,T6,T7,T8,T9,T10,T11,T12,T13,T14,T15,T16,T17,T18,T19,T20,T21,T22,T23,T24,T25,T26,T27,T28,T29,T30,T31,T32,T33,T34,T35,T36,T37,T38,T39,T40,T41,T42,T43,T44,T45,T46,T47,T48,T49,T50,T51,T52,T53,T54,T55,T56,T57,T58,T59,T60,T61,T62,T63
STAT,(NULL),InitializeSortTime,64,149,149,0,0,0,0,0,0,0,0,0,0,0,0,0,0,0,0,0,0,0,0,0,0,0,0,0,0,0,0,0,0,0,0,0,0,0,0,0,0,0,0,0,0,0,0,0,0,0,0,0,0,0,0,0,0,0,0,0,0,0,0,0,0,0
STAT,(NULL),InitializeTime,64,7881,7881,0,0,0,0,0,0,0,0,0,0,0,0,0,0,0,0,0,0,0,0,0,0,0,0,0,0,0,0,0,0,0,0,0,0,0,0,0,0,0,0,0,0,0,0,0,0,0,0,0,0,0,0,0,0,0,0,0,0,0,0,0,0,0
STAT,(NULL),LoopTime,64,586,586,0,0,0,0,0,0,0,0,0,0,0,0,0,0,0,0,0,0,0,0,0,0,0,0,0,0,0,0,0,0,0,0,0,0,0,0,0,0,0,0,0,0,0,0,0,0,0,0,0,0,0,0,0,0,0,0,0,0,0,0,0,0,0
STAT,(NULL),MeminfoPost,64,295,4,4,4,4,4,4,4,4,4,4,4,4,4,4,4,4,4,4,4,4,4,4,4,4,4,4,4,4,4,4,4,4,4,4,4,4,4,4,4,4,4,4,4,4,4,4,4,4,4,4,5,5,6,5,6,6,6,7,7,8,8,8,9,9
STAT,(NULL),MeminfoPre,64,0,0,0,0,0,0,0,0,0,0,0,0,0,0,0,0,0,0,0,0,0,0,0,0,0,0,0,0,0,0,0,0,0,0,0,0,0,0,0,0,0,0,0,0,0,0,0,0,0,0,0,0,0,0,0,0,0,0,0,0,0,0,0,0,0
STAT,(NULL),Rounds,64,21,21,0,0,0,0,0,0,0,0,0,0,0,0,0,0,0,0,0,0,0,0,0,0,0,0,0,0,0,0,0,0,0,0,0,0,0,0,0,0,0,0,0,0,0,0,0,0,0,0,0,0,0,0,0,0,0,0,0,0,0,0,0,0,0
STAT,(NULL),Threads,64,64,64,0,0,0,0,0,0,0,0,0,0,0,0,0,0,0,0,0,0,0,0,0,0,0,0,0,0,0,0,0,0,0,0,0,0,0,0,0,0,0,0,0,0,0,0,0,0,0,0,0,0,0,0,0,0,0,0,0,0,0,0,0,0,0
STAT,(NULL),Time,64,455,455,0,0,0,0,0,0,0,0,0,0,0,0,0,0,0,0,0,0,0,0,0,0,0,0,0,0,0,0,0,0,0,0,0,0,0,0,0,0,0,0,0,0,0,0,0,0,0,0,0,0,0,0,0,0,0,0,0,0,0,0,0,0,0
STAT,map_reduce,LoopTime,64,40,40,0,0,0,0,0,0,0,0,0,0,0,0,0,0,0,0,0,0,0,0,0,0,0,0,0,0,0,0,0,0,0,0,0,0,0,0,0,0,0,0,0,0,0,0,0,0,0,0,0,0,0,0,0,0,0,0,0,0,0,0,0,0,0
	Command being timed: "/home/users/norris/research/easy-parallel-graph/autoperf/mst/lib/Galois-2.2.1/build/power/apps/boruvka/boruvka -t=64 /home/users/norris/research/easy-parallel-graph/experiment/datasets/com-lj-org-weighted_75i_1000000.gr"
	User time (seconds): 56.77
	System time (seconds): 2.36
	Percent of CPU this job got: 655%
	Elapsed (wall clock) time (h:mm:ss or m:ss): 0:09.02
	Average shared text size (kbytes): 0
	Average unshared data size (kbytes): 0
	Average stack size (kbytes): 0
	Average total size (kbytes): 0
	Maximum resident set size (kbytes): 4407776
	Average resident set size (kbytes): 0
	Major (requiring I/O) page faults: 0
	Minor (reclaiming a frame) page faults: 34894
	Voluntary context switches: 4072
	Involuntary context switches: 279
	Swaps: 0
	File system inputs: 0
	File system outputs: 24
	Socket messages sent: 0
	Socket messages received: 0
	Signals delivered: 0
	Page size (bytes): 4096
	Exit status: 0
