Galois Benchmark Suite v2.2.1 (r0)
Copyright (C) 2014 The University of Texas at Austin
http://iss.ices.utexas.edu/galois/

application: Boruvka's Minimum Spanning Tree Algorithm
Computes the minimum spanning forest of a graph
http://iss.ices.utexas.edu/?p=projects/galois/benchmarks/mst

INFO: CommandLine /home/users/norris/research/easy-parallel-graph/autoperf/mst/lib/Galois-2.2.1/build/power/apps/boruvka/boruvka -t=16 /home/users/norris/research/easy-parallel-graph/experiment/datasets/com-lj-org-weighted_100i_1000000.gr
INFO: Hostname arya
Found rapl component at cid 2
Found: rapl:::THERMAL_SPEC_CNT:PACKAGE0
Found: rapl:::THERMAL_SPEC_CNT:PACKAGE1
Found: rapl:::MINIMUM_POWER_CNT:PACKAGE0
Found: rapl:::MINIMUM_POWER_CNT:PACKAGE1
Found: rapl:::MAXIMUM_POWER_CNT:PACKAGE0
Found: rapl:::MAXIMUM_POWER_CNT:PACKAGE1
Found: rapl:::MAXIMUM_TIME_WINDOW_CNT:PACKAGE0
Found: rapl:::MAXIMUM_TIME_WINDOW_CNT:PACKAGE1
Found: rapl:::PACKAGE_ENERGY_CNT:PACKAGE0
Found: rapl:::PACKAGE_ENERGY_CNT:PACKAGE1
Found: rapl:::DRAM_ENERGY_CNT:PACKAGE0
Found: rapl:::DRAM_ENERGY_CNT:PACKAGE1
Found: rapl:::PP0_ENERGY_CNT:PACKAGE0
Found: rapl:::PP0_ENERGY_CNT:PACKAGE1
Found: rapl:::THERMAL_SPEC:PACKAGE0
Found: rapl:::THERMAL_SPEC:PACKAGE1
Found: rapl:::MINIMUM_POWER:PACKAGE0
Found: rapl:::MINIMUM_POWER:PACKAGE1
Found: rapl:::MAXIMUM_POWER:PACKAGE0
Found: rapl:::MAXIMUM_POWER:PACKAGE1
Found: rapl:::MAXIMUM_TIME_WINDOW:PACKAGE0
Found: rapl:::MAXIMUM_TIME_WINDOW:PACKAGE1
Found: rapl:::PACKAGE_ENERGY:PACKAGE0
Found: rapl:::PACKAGE_ENERGY:PACKAGE1
Found: rapl:::DRAM_ENERGY:PACKAGE0
Found: rapl:::DRAM_ENERGY:PACKAGE1
Found: rapl:::PP0_ENERGY:PACKAGE0
Found: rapl:::PP0_ENERGY:PACKAGE1
Nodes: 4036538 edges: 140724756 heaviest edge: 99
1.0020 s 0.0000 (* Average Power for rapl:::THERMAL_SPEC_CNT:PACKAGE0 *)
1.0020 s 0.0000 (* Average Power for rapl:::THERMAL_SPEC_CNT:PACKAGE1 *)
1.0020 s 0.0000 (* Average Power for rapl:::MINIMUM_POWER_CNT:PACKAGE0 *)
1.0020 s 0.0000 (* Average Power for rapl:::MINIMUM_POWER_CNT:PACKAGE1 *)
1.0020 s 0.0000 (* Average Power for rapl:::MAXIMUM_POWER_CNT:PACKAGE0 *)
1.0020 s 0.0000 (* Average Power for rapl:::MAXIMUM_POWER_CNT:PACKAGE1 *)
1.0020 s 0.0000 (* Average Power for rapl:::MAXIMUM_TIME_WINDOW_CNT:PACKAGE0 *)
1.0020 s 0.0000 (* Average Power for rapl:::MAXIMUM_TIME_WINDOW_CNT:PACKAGE1 *)
1.0020 s 0.0018 (* Average Power for rapl:::PACKAGE_ENERGY_CNT:PACKAGE0 *)
1.0020 s 0.0004 (* Average Power for rapl:::PACKAGE_ENERGY_CNT:PACKAGE1 *)
1.0020 s 0.0013 (* Average Power for rapl:::DRAM_ENERGY_CNT:PACKAGE0 *)
1.0020 s 0.0006 (* Average Power for rapl:::DRAM_ENERGY_CNT:PACKAGE1 *)
1.0020 s 0.0000 (* Average Power for rapl:::PP0_ENERGY_CNT:PACKAGE0 *)
1.0020 s 0.0000 (* Average Power for rapl:::PP0_ENERGY_CNT:PACKAGE1 *)
1.0020 s 4630247560.1732 (* Average Power for rapl:::THERMAL_SPEC:PACKAGE0 *)
1.0020 s 4630247560.1732 (* Average Power for rapl:::THERMAL_SPEC:PACKAGE1 *)
1.0020 s 4625506944.0464 (* Average Power for rapl:::MINIMUM_POWER:PACKAGE0 *)
1.0020 s 4625506944.0464 (* Average Power for rapl:::MINIMUM_POWER:PACKAGE1 *)
1.0020 s 4634742366.5748 (* Average Power for rapl:::MAXIMUM_POWER:PACKAGE0 *)
1.0020 s 4634742366.5748 (* Average Power for rapl:::MAXIMUM_POWER:PACKAGE1 *)
1.0020 s 4577819857.3789 (* Average Power for rapl:::MAXIMUM_TIME_WINDOW:PACKAGE0 *)
1.0020 s 4577819857.3789 (* Average Power for rapl:::MAXIMUM_TIME_WINDOW:PACKAGE1 *)
1.0020 s 112.9057 (* Total Energy for rapl:::PACKAGE_ENERGY:PACKAGE0 *)
1.0020 s 112.6853 (* Average Power for rapl:::PACKAGE_ENERGY:PACKAGE0 *)
1.0020 s 22.6073 (* Total Energy for rapl:::PACKAGE_ENERGY:PACKAGE1 *)
1.0020 s 22.5632 (* Average Power for rapl:::PACKAGE_ENERGY:PACKAGE1 *)
1.0020 s 19.8872 (* Average Power for rapl:::DRAM_ENERGY:PACKAGE0 *)
1.0020 s 9.7659 (* Average Power for rapl:::DRAM_ENERGY:PACKAGE1 *)
1.0020 s 0.0000 (* Average Power for rapl:::PP0_ENERGY:PACKAGE0 *)
1.0020 s 0.0000 (* Average Power for rapl:::PP0_ENERGY:PACKAGE1 *)
MST weight: 7.61667e+07 (76166685)
Num trees: 23578
Tree edges: 4012960
STATTYPE,LOOP,CATEGORY,n,sum,T0,T1,T2,T3,T4,T5,T6,T7,T8,T9,T10,T11,T12,T13,T14,T15
STAT,(NULL),InitializeSortTime,16,456,456,0,0,0,0,0,0,0,0,0,0,0,0,0,0,0
STAT,(NULL),InitializeTime,16,8040,8040,0,0,0,0,0,0,0,0,0,0,0,0,0,0,0
STAT,(NULL),LoopTime,16,1442,1442,0,0,0,0,0,0,0,0,0,0,0,0,0,0,0
STAT,(NULL),MeminfoPost,16,155,4,4,5,6,5,6,6,7,8,9,9,12,12,15,19,28
STAT,(NULL),MeminfoPre,16,0,0,0,0,0,0,0,0,0,0,0,0,0,0,0,0,0
STAT,(NULL),Rounds,16,20,20,0,0,0,0,0,0,0,0,0,0,0,0,0,0,0
STAT,(NULL),Threads,16,16,16,0,0,0,0,0,0,0,0,0,0,0,0,0,0,0
STAT,(NULL),Time,16,1001,1001,0,0,0,0,0,0,0,0,0,0,0,0,0,0,0
STAT,map_reduce,LoopTime,16,28,28,0,0,0,0,0,0,0,0,0,0,0,0,0,0,0
	Command being timed: "/home/users/norris/research/easy-parallel-graph/autoperf/mst/lib/Galois-2.2.1/build/power/apps/boruvka/boruvka -t=16 /home/users/norris/research/easy-parallel-graph/experiment/datasets/com-lj-org-weighted_100i_1000000.gr"
	User time (seconds): 34.50
	System time (seconds): 1.66
	Percent of CPU this job got: 369%
	Elapsed (wall clock) time (h:mm:ss or m:ss): 0:09.80
	Average shared text size (kbytes): 0
	Average unshared data size (kbytes): 0
	Average stack size (kbytes): 0
	Average total size (kbytes): 0
	Maximum resident set size (kbytes): 4430560
	Average resident set size (kbytes): 0
	Major (requiring I/O) page faults: 0
	Minor (reclaiming a frame) page faults: 30936
	Voluntary context switches: 1406
	Involuntary context switches: 249
	Swaps: 0
	File system inputs: 0
	File system outputs: 16
	Socket messages sent: 0
	Socket messages received: 0
	Signals delivered: 0
	Page size (bytes): 4096
	Exit status: 0
Galois Benchmark Suite v2.2.1 (r0)
Copyright (C) 2014 The University of Texas at Austin
http://iss.ices.utexas.edu/galois/

application: Boruvka's Minimum Spanning Tree Algorithm
Computes the minimum spanning forest of a graph
http://iss.ices.utexas.edu/?p=projects/galois/benchmarks/mst

INFO: CommandLine /home/users/norris/research/easy-parallel-graph/autoperf/mst/lib/Galois-2.2.1/build/power/apps/boruvka/boruvka -t=16 /home/users/norris/research/easy-parallel-graph/experiment/datasets/com-lj-org-weighted_100i_1000000.gr
INFO: Hostname arya
Found rapl component at cid 2
Found: rapl:::THERMAL_SPEC_CNT:PACKAGE0
Found: rapl:::THERMAL_SPEC_CNT:PACKAGE1
Found: rapl:::MINIMUM_POWER_CNT:PACKAGE0
Found: rapl:::MINIMUM_POWER_CNT:PACKAGE1
Found: rapl:::MAXIMUM_POWER_CNT:PACKAGE0
Found: rapl:::MAXIMUM_POWER_CNT:PACKAGE1
Found: rapl:::MAXIMUM_TIME_WINDOW_CNT:PACKAGE0
Found: rapl:::MAXIMUM_TIME_WINDOW_CNT:PACKAGE1
Found: rapl:::PACKAGE_ENERGY_CNT:PACKAGE0
Found: rapl:::PACKAGE_ENERGY_CNT:PACKAGE1
Found: rapl:::DRAM_ENERGY_CNT:PACKAGE0
Found: rapl:::DRAM_ENERGY_CNT:PACKAGE1
Found: rapl:::PP0_ENERGY_CNT:PACKAGE0
Found: rapl:::PP0_ENERGY_CNT:PACKAGE1
Found: rapl:::THERMAL_SPEC:PACKAGE0
Found: rapl:::THERMAL_SPEC:PACKAGE1
Found: rapl:::MINIMUM_POWER:PACKAGE0
Found: rapl:::MINIMUM_POWER:PACKAGE1
Found: rapl:::MAXIMUM_POWER:PACKAGE0
Found: rapl:::MAXIMUM_POWER:PACKAGE1
Found: rapl:::MAXIMUM_TIME_WINDOW:PACKAGE0
Found: rapl:::MAXIMUM_TIME_WINDOW:PACKAGE1
Found: rapl:::PACKAGE_ENERGY:PACKAGE0
Found: rapl:::PACKAGE_ENERGY:PACKAGE1
Found: rapl:::DRAM_ENERGY:PACKAGE0
Found: rapl:::DRAM_ENERGY:PACKAGE1
Found: rapl:::PP0_ENERGY:PACKAGE0
Found: rapl:::PP0_ENERGY:PACKAGE1
Nodes: 4036538 edges: 140724756 heaviest edge: 99
1.1334 s 0.0000 (* Average Power for rapl:::THERMAL_SPEC_CNT:PACKAGE0 *)
1.1334 s 0.0000 (* Average Power for rapl:::THERMAL_SPEC_CNT:PACKAGE1 *)
1.1334 s 0.0000 (* Average Power for rapl:::MINIMUM_POWER_CNT:PACKAGE0 *)
1.1334 s 0.0000 (* Average Power for rapl:::MINIMUM_POWER_CNT:PACKAGE1 *)
1.1334 s 0.0000 (* Average Power for rapl:::MAXIMUM_POWER_CNT:PACKAGE0 *)
1.1334 s 0.0000 (* Average Power for rapl:::MAXIMUM_POWER_CNT:PACKAGE1 *)
1.1334 s 0.0000 (* Average Power for rapl:::MAXIMUM_TIME_WINDOW_CNT:PACKAGE0 *)
1.1334 s 0.0000 (* Average Power for rapl:::MAXIMUM_TIME_WINDOW_CNT:PACKAGE1 *)
1.1334 s 0.0018 (* Average Power for rapl:::PACKAGE_ENERGY_CNT:PACKAGE0 *)
1.1334 s 0.0004 (* Average Power for rapl:::PACKAGE_ENERGY_CNT:PACKAGE1 *)
1.1334 s 0.0012 (* Average Power for rapl:::DRAM_ENERGY_CNT:PACKAGE0 *)
1.1334 s 0.0006 (* Average Power for rapl:::DRAM_ENERGY_CNT:PACKAGE1 *)
1.1334 s 0.0000 (* Average Power for rapl:::PP0_ENERGY_CNT:PACKAGE0 *)
1.1334 s 0.0000 (* Average Power for rapl:::PP0_ENERGY_CNT:PACKAGE1 *)
1.1334 s 4093350671.5944 (* Average Power for rapl:::THERMAL_SPEC:PACKAGE0 *)
1.1334 s 4093350671.5944 (* Average Power for rapl:::THERMAL_SPEC:PACKAGE1 *)
1.1334 s 4089159750.0608 (* Average Power for rapl:::MINIMUM_POWER:PACKAGE0 *)
1.1334 s 4089159750.0608 (* Average Power for rapl:::MINIMUM_POWER:PACKAGE1 *)
1.1334 s 4097324286.0856 (* Average Power for rapl:::MAXIMUM_POWER:PACKAGE0 *)
1.1334 s 4097324286.0856 (* Average Power for rapl:::MAXIMUM_POWER:PACKAGE1 *)
1.1334 s 4047002183.8184 (* Average Power for rapl:::MAXIMUM_TIME_WINDOW:PACKAGE0 *)
1.1334 s 4047002183.8184 (* Average Power for rapl:::MAXIMUM_TIME_WINDOW:PACKAGE1 *)
1.1334 s 125.5046 (* Total Energy for rapl:::PACKAGE_ENERGY:PACKAGE0 *)
1.1334 s 110.7352 (* Average Power for rapl:::PACKAGE_ENERGY:PACKAGE0 *)
1.1334 s 25.4193 (* Total Energy for rapl:::PACKAGE_ENERGY:PACKAGE1 *)
1.1334 s 22.4279 (* Average Power for rapl:::PACKAGE_ENERGY:PACKAGE1 *)
1.1334 s 18.7899 (* Average Power for rapl:::DRAM_ENERGY:PACKAGE0 *)
1.1334 s 9.9051 (* Average Power for rapl:::DRAM_ENERGY:PACKAGE1 *)
1.1334 s 0.0000 (* Average Power for rapl:::PP0_ENERGY:PACKAGE0 *)
1.1334 s 0.0000 (* Average Power for rapl:::PP0_ENERGY:PACKAGE1 *)
MST weight: 7.61667e+07 (76166685)
Num trees: 23578
Tree edges: 4012960
STATTYPE,LOOP,CATEGORY,n,sum,T0,T1,T2,T3,T4,T5,T6,T7,T8,T9,T10,T11,T12,T13,T14,T15
STAT,(NULL),InitializeSortTime,16,456,456,0,0,0,0,0,0,0,0,0,0,0,0,0,0,0
STAT,(NULL),InitializeTime,16,8266,8266,0,0,0,0,0,0,0,0,0,0,0,0,0,0,0
STAT,(NULL),LoopTime,16,1569,1569,0,0,0,0,0,0,0,0,0,0,0,0,0,0,0
STAT,(NULL),MeminfoPost,16,156,4,4,5,6,5,6,7,7,8,9,9,12,12,15,19,28
STAT,(NULL),MeminfoPre,16,0,0,0,0,0,0,0,0,0,0,0,0,0,0,0,0,0
STAT,(NULL),Rounds,16,20,20,0,0,0,0,0,0,0,0,0,0,0,0,0,0,0
STAT,(NULL),Threads,16,16,16,0,0,0,0,0,0,0,0,0,0,0,0,0,0,0
STAT,(NULL),Time,16,1133,1133,0,0,0,0,0,0,0,0,0,0,0,0,0,0,0
STAT,map_reduce,LoopTime,16,28,28,0,0,0,0,0,0,0,0,0,0,0,0,0,0,0
	Command being timed: "/home/users/norris/research/easy-parallel-graph/autoperf/mst/lib/Galois-2.2.1/build/power/apps/boruvka/boruvka -t=16 /home/users/norris/research/easy-parallel-graph/experiment/datasets/com-lj-org-weighted_100i_1000000.gr"
	User time (seconds): 37.25
	System time (seconds): 1.67
	Percent of CPU this job got: 381%
	Elapsed (wall clock) time (h:mm:ss or m:ss): 0:10.20
	Average shared text size (kbytes): 0
	Average unshared data size (kbytes): 0
	Average stack size (kbytes): 0
	Average total size (kbytes): 0
	Maximum resident set size (kbytes): 4437136
	Average resident set size (kbytes): 0
	Major (requiring I/O) page faults: 0
	Minor (reclaiming a frame) page faults: 35286
	Voluntary context switches: 1400
	Involuntary context switches: 252
	Swaps: 0
	File system inputs: 0
	File system outputs: 16
	Socket messages sent: 0
	Socket messages received: 0
	Signals delivered: 0
	Page size (bytes): 4096
	Exit status: 0
Galois Benchmark Suite v2.2.1 (r0)
Copyright (C) 2014 The University of Texas at Austin
http://iss.ices.utexas.edu/galois/

application: Boruvka's Minimum Spanning Tree Algorithm
Computes the minimum spanning forest of a graph
http://iss.ices.utexas.edu/?p=projects/galois/benchmarks/mst

INFO: CommandLine /home/users/norris/research/easy-parallel-graph/autoperf/mst/lib/Galois-2.2.1/build/power/apps/boruvka/boruvka -t=16 /home/users/norris/research/easy-parallel-graph/experiment/datasets/com-lj-org-weighted_100i_1000000.gr
INFO: Hostname arya
Found rapl component at cid 2
Found: rapl:::THERMAL_SPEC_CNT:PACKAGE0
Found: rapl:::THERMAL_SPEC_CNT:PACKAGE1
Found: rapl:::MINIMUM_POWER_CNT:PACKAGE0
Found: rapl:::MINIMUM_POWER_CNT:PACKAGE1
Found: rapl:::MAXIMUM_POWER_CNT:PACKAGE0
Found: rapl:::MAXIMUM_POWER_CNT:PACKAGE1
Found: rapl:::MAXIMUM_TIME_WINDOW_CNT:PACKAGE0
Found: rapl:::MAXIMUM_TIME_WINDOW_CNT:PACKAGE1
Found: rapl:::PACKAGE_ENERGY_CNT:PACKAGE0
Found: rapl:::PACKAGE_ENERGY_CNT:PACKAGE1
Found: rapl:::DRAM_ENERGY_CNT:PACKAGE0
Found: rapl:::DRAM_ENERGY_CNT:PACKAGE1
Found: rapl:::PP0_ENERGY_CNT:PACKAGE0
Found: rapl:::PP0_ENERGY_CNT:PACKAGE1
Found: rapl:::THERMAL_SPEC:PACKAGE0
Found: rapl:::THERMAL_SPEC:PACKAGE1
Found: rapl:::MINIMUM_POWER:PACKAGE0
Found: rapl:::MINIMUM_POWER:PACKAGE1
Found: rapl:::MAXIMUM_POWER:PACKAGE0
Found: rapl:::MAXIMUM_POWER:PACKAGE1
Found: rapl:::MAXIMUM_TIME_WINDOW:PACKAGE0
Found: rapl:::MAXIMUM_TIME_WINDOW:PACKAGE1
Found: rapl:::PACKAGE_ENERGY:PACKAGE0
Found: rapl:::PACKAGE_ENERGY:PACKAGE1
Found: rapl:::DRAM_ENERGY:PACKAGE0
Found: rapl:::DRAM_ENERGY:PACKAGE1
Found: rapl:::PP0_ENERGY:PACKAGE0
Found: rapl:::PP0_ENERGY:PACKAGE1
Nodes: 4036538 edges: 140724756 heaviest edge: 99
1.0716 s 0.0000 (* Average Power for rapl:::THERMAL_SPEC_CNT:PACKAGE0 *)
1.0716 s 0.0000 (* Average Power for rapl:::THERMAL_SPEC_CNT:PACKAGE1 *)
1.0716 s 0.0000 (* Average Power for rapl:::MINIMUM_POWER_CNT:PACKAGE0 *)
1.0716 s 0.0000 (* Average Power for rapl:::MINIMUM_POWER_CNT:PACKAGE1 *)
1.0716 s 0.0000 (* Average Power for rapl:::MAXIMUM_POWER_CNT:PACKAGE0 *)
1.0716 s 0.0000 (* Average Power for rapl:::MAXIMUM_POWER_CNT:PACKAGE1 *)
1.0716 s 0.0000 (* Average Power for rapl:::MAXIMUM_TIME_WINDOW_CNT:PACKAGE0 *)
1.0716 s 0.0000 (* Average Power for rapl:::MAXIMUM_TIME_WINDOW_CNT:PACKAGE1 *)
1.0716 s 0.0018 (* Average Power for rapl:::PACKAGE_ENERGY_CNT:PACKAGE0 *)
1.0716 s 0.0004 (* Average Power for rapl:::PACKAGE_ENERGY_CNT:PACKAGE1 *)
1.0716 s 0.0012 (* Average Power for rapl:::DRAM_ENERGY_CNT:PACKAGE0 *)
1.0716 s 0.0007 (* Average Power for rapl:::DRAM_ENERGY_CNT:PACKAGE1 *)
1.0716 s 0.0000 (* Average Power for rapl:::PP0_ENERGY_CNT:PACKAGE0 *)
1.0716 s 0.0000 (* Average Power for rapl:::PP0_ENERGY_CNT:PACKAGE1 *)
1.0716 s 4329387607.9600 (* Average Power for rapl:::THERMAL_SPEC:PACKAGE0 *)
1.0716 s 4329387607.9600 (* Average Power for rapl:::THERMAL_SPEC:PACKAGE1 *)
1.0716 s 4324955023.2124 (* Average Power for rapl:::MINIMUM_POWER:PACKAGE0 *)
1.0716 s 4324955023.2124 (* Average Power for rapl:::MINIMUM_POWER:PACKAGE1 *)
1.0716 s 4333590354.9801 (* Average Power for rapl:::MAXIMUM_POWER:PACKAGE0 *)
1.0716 s 4333590354.9801 (* Average Power for rapl:::MAXIMUM_POWER:PACKAGE1 *)
1.0716 s 4280366504.0468 (* Average Power for rapl:::MAXIMUM_TIME_WINDOW:PACKAGE0 *)
1.0716 s 4280366504.0468 (* Average Power for rapl:::MAXIMUM_TIME_WINDOW:PACKAGE1 *)
1.0716 s 119.0812 (* Total Energy for rapl:::PACKAGE_ENERGY:PACKAGE0 *)
1.0716 s 111.1262 (* Average Power for rapl:::PACKAGE_ENERGY:PACKAGE0 *)
1.0716 s 24.0672 (* Total Energy for rapl:::PACKAGE_ENERGY:PACKAGE1 *)
1.0716 s 22.4594 (* Average Power for rapl:::PACKAGE_ENERGY:PACKAGE1 *)
1.0716 s 19.0628 (* Average Power for rapl:::DRAM_ENERGY:PACKAGE0 *)
1.0716 s 9.9868 (* Average Power for rapl:::DRAM_ENERGY:PACKAGE1 *)
1.0716 s 0.0000 (* Average Power for rapl:::PP0_ENERGY:PACKAGE0 *)
1.0716 s 0.0000 (* Average Power for rapl:::PP0_ENERGY:PACKAGE1 *)
MST weight: 7.61667e+07 (76166685)
Num trees: 23578
Tree edges: 4012960
STATTYPE,LOOP,CATEGORY,n,sum,T0,T1,T2,T3,T4,T5,T6,T7,T8,T9,T10,T11,T12,T13,T14,T15
STAT,(NULL),InitializeSortTime,16,456,456,0,0,0,0,0,0,0,0,0,0,0,0,0,0,0
STAT,(NULL),InitializeTime,16,7799,7799,0,0,0,0,0,0,0,0,0,0,0,0,0,0,0
STAT,(NULL),LoopTime,16,1508,1508,0,0,0,0,0,0,0,0,0,0,0,0,0,0,0
STAT,(NULL),MeminfoPost,16,157,4,4,5,6,5,6,7,7,8,9,9,12,12,15,20,28
STAT,(NULL),MeminfoPre,16,0,0,0,0,0,0,0,0,0,0,0,0,0,0,0,0,0
STAT,(NULL),Rounds,16,21,21,0,0,0,0,0,0,0,0,0,0,0,0,0,0,0
STAT,(NULL),Threads,16,16,16,0,0,0,0,0,0,0,0,0,0,0,0,0,0,0
STAT,(NULL),Time,16,1071,1071,0,0,0,0,0,0,0,0,0,0,0,0,0,0,0
STAT,map_reduce,LoopTime,16,28,28,0,0,0,0,0,0,0,0,0,0,0,0,0,0,0
	Command being timed: "/home/users/norris/research/easy-parallel-graph/autoperf/mst/lib/Galois-2.2.1/build/power/apps/boruvka/boruvka -t=16 /home/users/norris/research/easy-parallel-graph/experiment/datasets/com-lj-org-weighted_100i_1000000.gr"
	User time (seconds): 35.96
	System time (seconds): 1.52
	Percent of CPU this job got: 388%
	Elapsed (wall clock) time (h:mm:ss or m:ss): 0:09.66
	Average shared text size (kbytes): 0
	Average unshared data size (kbytes): 0
	Average stack size (kbytes): 0
	Average total size (kbytes): 0
	Maximum resident set size (kbytes): 4428964
	Average resident set size (kbytes): 0
	Major (requiring I/O) page faults: 0
	Minor (reclaiming a frame) page faults: 29724
	Voluntary context switches: 1487
	Involuntary context switches: 239
	Swaps: 0
	File system inputs: 0
	File system outputs: 16
	Socket messages sent: 0
	Socket messages received: 0
	Signals delivered: 0
	Page size (bytes): 4096
	Exit status: 0
Galois Benchmark Suite v2.2.1 (r0)
Copyright (C) 2014 The University of Texas at Austin
http://iss.ices.utexas.edu/galois/

application: Boruvka's Minimum Spanning Tree Algorithm
Computes the minimum spanning forest of a graph
http://iss.ices.utexas.edu/?p=projects/galois/benchmarks/mst

INFO: CommandLine /home/users/norris/research/easy-parallel-graph/autoperf/mst/lib/Galois-2.2.1/build/power/apps/boruvka/boruvka -t=16 /home/users/norris/research/easy-parallel-graph/experiment/datasets/com-lj-org-weighted_100i_1000000.gr
INFO: Hostname arya
Found rapl component at cid 2
Found: rapl:::THERMAL_SPEC_CNT:PACKAGE0
Found: rapl:::THERMAL_SPEC_CNT:PACKAGE1
Found: rapl:::MINIMUM_POWER_CNT:PACKAGE0
Found: rapl:::MINIMUM_POWER_CNT:PACKAGE1
Found: rapl:::MAXIMUM_POWER_CNT:PACKAGE0
Found: rapl:::MAXIMUM_POWER_CNT:PACKAGE1
Found: rapl:::MAXIMUM_TIME_WINDOW_CNT:PACKAGE0
Found: rapl:::MAXIMUM_TIME_WINDOW_CNT:PACKAGE1
Found: rapl:::PACKAGE_ENERGY_CNT:PACKAGE0
Found: rapl:::PACKAGE_ENERGY_CNT:PACKAGE1
Found: rapl:::DRAM_ENERGY_CNT:PACKAGE0
Found: rapl:::DRAM_ENERGY_CNT:PACKAGE1
Found: rapl:::PP0_ENERGY_CNT:PACKAGE0
Found: rapl:::PP0_ENERGY_CNT:PACKAGE1
Found: rapl:::THERMAL_SPEC:PACKAGE0
Found: rapl:::THERMAL_SPEC:PACKAGE1
Found: rapl:::MINIMUM_POWER:PACKAGE0
Found: rapl:::MINIMUM_POWER:PACKAGE1
Found: rapl:::MAXIMUM_POWER:PACKAGE0
Found: rapl:::MAXIMUM_POWER:PACKAGE1
Found: rapl:::MAXIMUM_TIME_WINDOW:PACKAGE0
Found: rapl:::MAXIMUM_TIME_WINDOW:PACKAGE1
Found: rapl:::PACKAGE_ENERGY:PACKAGE0
Found: rapl:::PACKAGE_ENERGY:PACKAGE1
Found: rapl:::DRAM_ENERGY:PACKAGE0
Found: rapl:::DRAM_ENERGY:PACKAGE1
Found: rapl:::PP0_ENERGY:PACKAGE0
Found: rapl:::PP0_ENERGY:PACKAGE1
Nodes: 4036538 edges: 140724756 heaviest edge: 99
0.9340 s 0.0000 (* Average Power for rapl:::THERMAL_SPEC_CNT:PACKAGE0 *)
0.9340 s 0.0000 (* Average Power for rapl:::THERMAL_SPEC_CNT:PACKAGE1 *)
0.9340 s 0.0000 (* Average Power for rapl:::MINIMUM_POWER_CNT:PACKAGE0 *)
0.9340 s 0.0000 (* Average Power for rapl:::MINIMUM_POWER_CNT:PACKAGE1 *)
0.9340 s 0.0000 (* Average Power for rapl:::MAXIMUM_POWER_CNT:PACKAGE0 *)
0.9340 s 0.0000 (* Average Power for rapl:::MAXIMUM_POWER_CNT:PACKAGE1 *)
0.9340 s 0.0000 (* Average Power for rapl:::MAXIMUM_TIME_WINDOW_CNT:PACKAGE0 *)
0.9340 s 0.0000 (* Average Power for rapl:::MAXIMUM_TIME_WINDOW_CNT:PACKAGE1 *)
0.9340 s 0.0019 (* Average Power for rapl:::PACKAGE_ENERGY_CNT:PACKAGE0 *)
0.9340 s 0.0008 (* Average Power for rapl:::PACKAGE_ENERGY_CNT:PACKAGE1 *)
0.9340 s 0.0013 (* Average Power for rapl:::DRAM_ENERGY_CNT:PACKAGE0 *)
0.9340 s 0.0010 (* Average Power for rapl:::DRAM_ENERGY_CNT:PACKAGE1 *)
0.9340 s 0.0000 (* Average Power for rapl:::PP0_ENERGY_CNT:PACKAGE0 *)
0.9340 s 0.0000 (* Average Power for rapl:::PP0_ENERGY_CNT:PACKAGE1 *)
0.9340 s 4967113011.2303 (* Average Power for rapl:::THERMAL_SPEC:PACKAGE0 *)
0.9340 s 4967113011.2303 (* Average Power for rapl:::THERMAL_SPEC:PACKAGE1 *)
0.9340 s 4962027499.9831 (* Average Power for rapl:::MINIMUM_POWER:PACKAGE0 *)
0.9340 s 4962027499.9831 (* Average Power for rapl:::MINIMUM_POWER:PACKAGE1 *)
0.9340 s 4971934829.3016 (* Average Power for rapl:::MAXIMUM_POWER:PACKAGE0 *)
0.9340 s 4971934829.3016 (* Average Power for rapl:::MAXIMUM_POWER:PACKAGE1 *)
0.9340 s 4910871023.8821 (* Average Power for rapl:::MAXIMUM_TIME_WINDOW:PACKAGE0 *)
0.9340 s 4910871023.8821 (* Average Power for rapl:::MAXIMUM_TIME_WINDOW:PACKAGE1 *)
0.9340 s 106.6226 (* Total Energy for rapl:::PACKAGE_ENERGY:PACKAGE0 *)
0.9340 s 114.1564 (* Average Power for rapl:::PACKAGE_ENERGY:PACKAGE0 *)
0.9340 s 43.6802 (* Total Energy for rapl:::PACKAGE_ENERGY:PACKAGE1 *)
0.9340 s 46.7666 (* Average Power for rapl:::PACKAGE_ENERGY:PACKAGE1 *)
0.9340 s 20.2972 (* Average Power for rapl:::DRAM_ENERGY:PACKAGE0 *)
0.9340 s 14.6778 (* Average Power for rapl:::DRAM_ENERGY:PACKAGE1 *)
0.9340 s 0.0000 (* Average Power for rapl:::PP0_ENERGY:PACKAGE0 *)
0.9340 s 0.0000 (* Average Power for rapl:::PP0_ENERGY:PACKAGE1 *)
MST weight: 7.61667e+07 (76166685)
Num trees: 23578
Tree edges: 4012960
STATTYPE,LOOP,CATEGORY,n,sum,T0,T1,T2,T3,T4,T5,T6,T7,T8,T9,T10,T11,T12,T13,T14,T15
STAT,(NULL),InitializeSortTime,16,453,453,0,0,0,0,0,0,0,0,0,0,0,0,0,0,0
STAT,(NULL),InitializeTime,16,7442,7442,0,0,0,0,0,0,0,0,0,0,0,0,0,0,0
STAT,(NULL),LoopTime,16,1369,1369,0,0,0,0,0,0,0,0,0,0,0,0,0,0,0
STAT,(NULL),MeminfoPost,16,157,4,4,5,6,5,6,7,7,8,9,9,12,12,15,20,28
STAT,(NULL),MeminfoPre,16,0,0,0,0,0,0,0,0,0,0,0,0,0,0,0,0,0
STAT,(NULL),Rounds,16,21,21,0,0,0,0,0,0,0,0,0,0,0,0,0,0,0
STAT,(NULL),Threads,16,16,16,0,0,0,0,0,0,0,0,0,0,0,0,0,0,0
STAT,(NULL),Time,16,934,934,0,0,0,0,0,0,0,0,0,0,0,0,0,0,0
STAT,map_reduce,LoopTime,16,28,28,0,0,0,0,0,0,0,0,0,0,0,0,0,0,0
	Command being timed: "/home/users/norris/research/easy-parallel-graph/autoperf/mst/lib/Galois-2.2.1/build/power/apps/boruvka/boruvka -t=16 /home/users/norris/research/easy-parallel-graph/experiment/datasets/com-lj-org-weighted_100i_1000000.gr"
	User time (seconds): 32.78
	System time (seconds): 1.61
	Percent of CPU this job got: 376%
	Elapsed (wall clock) time (h:mm:ss or m:ss): 0:09.14
	Average shared text size (kbytes): 0
	Average unshared data size (kbytes): 0
	Average stack size (kbytes): 0
	Average total size (kbytes): 0
	Maximum resident set size (kbytes): 4428012
	Average resident set size (kbytes): 0
	Major (requiring I/O) page faults: 0
	Minor (reclaiming a frame) page faults: 33368
	Voluntary context switches: 1461
	Involuntary context switches: 260
	Swaps: 0
	File system inputs: 0
	File system outputs: 16
	Socket messages sent: 0
	Socket messages received: 0
	Signals delivered: 0
	Page size (bytes): 4096
	Exit status: 0
Galois Benchmark Suite v2.2.1 (r0)
Copyright (C) 2014 The University of Texas at Austin
http://iss.ices.utexas.edu/galois/

application: Boruvka's Minimum Spanning Tree Algorithm
Computes the minimum spanning forest of a graph
http://iss.ices.utexas.edu/?p=projects/galois/benchmarks/mst

INFO: CommandLine /home/users/norris/research/easy-parallel-graph/autoperf/mst/lib/Galois-2.2.1/build/power/apps/boruvka/boruvka -t=16 /home/users/norris/research/easy-parallel-graph/experiment/datasets/com-lj-org-weighted_100i_1000000.gr
INFO: Hostname arya
Found rapl component at cid 2
Found: rapl:::THERMAL_SPEC_CNT:PACKAGE0
Found: rapl:::THERMAL_SPEC_CNT:PACKAGE1
Found: rapl:::MINIMUM_POWER_CNT:PACKAGE0
Found: rapl:::MINIMUM_POWER_CNT:PACKAGE1
Found: rapl:::MAXIMUM_POWER_CNT:PACKAGE0
Found: rapl:::MAXIMUM_POWER_CNT:PACKAGE1
Found: rapl:::MAXIMUM_TIME_WINDOW_CNT:PACKAGE0
Found: rapl:::MAXIMUM_TIME_WINDOW_CNT:PACKAGE1
Found: rapl:::PACKAGE_ENERGY_CNT:PACKAGE0
Found: rapl:::PACKAGE_ENERGY_CNT:PACKAGE1
Found: rapl:::DRAM_ENERGY_CNT:PACKAGE0
Found: rapl:::DRAM_ENERGY_CNT:PACKAGE1
Found: rapl:::PP0_ENERGY_CNT:PACKAGE0
Found: rapl:::PP0_ENERGY_CNT:PACKAGE1
Found: rapl:::THERMAL_SPEC:PACKAGE0
Found: rapl:::THERMAL_SPEC:PACKAGE1
Found: rapl:::MINIMUM_POWER:PACKAGE0
Found: rapl:::MINIMUM_POWER:PACKAGE1
Found: rapl:::MAXIMUM_POWER:PACKAGE0
Found: rapl:::MAXIMUM_POWER:PACKAGE1
Found: rapl:::MAXIMUM_TIME_WINDOW:PACKAGE0
Found: rapl:::MAXIMUM_TIME_WINDOW:PACKAGE1
Found: rapl:::PACKAGE_ENERGY:PACKAGE0
Found: rapl:::PACKAGE_ENERGY:PACKAGE1
Found: rapl:::DRAM_ENERGY:PACKAGE0
Found: rapl:::DRAM_ENERGY:PACKAGE1
Found: rapl:::PP0_ENERGY:PACKAGE0
Found: rapl:::PP0_ENERGY:PACKAGE1
Nodes: 4036538 edges: 140724756 heaviest edge: 99
1.1445 s 0.0000 (* Average Power for rapl:::THERMAL_SPEC_CNT:PACKAGE0 *)
1.1445 s 0.0000 (* Average Power for rapl:::THERMAL_SPEC_CNT:PACKAGE1 *)
1.1445 s 0.0000 (* Average Power for rapl:::MINIMUM_POWER_CNT:PACKAGE0 *)
1.1445 s 0.0000 (* Average Power for rapl:::MINIMUM_POWER_CNT:PACKAGE1 *)
1.1445 s 0.0000 (* Average Power for rapl:::MAXIMUM_POWER_CNT:PACKAGE0 *)
1.1445 s 0.0000 (* Average Power for rapl:::MAXIMUM_POWER_CNT:PACKAGE1 *)
1.1445 s 0.0000 (* Average Power for rapl:::MAXIMUM_TIME_WINDOW_CNT:PACKAGE0 *)
1.1445 s 0.0000 (* Average Power for rapl:::MAXIMUM_TIME_WINDOW_CNT:PACKAGE1 *)
1.1445 s 0.0018 (* Average Power for rapl:::PACKAGE_ENERGY_CNT:PACKAGE0 *)
1.1445 s 0.0004 (* Average Power for rapl:::PACKAGE_ENERGY_CNT:PACKAGE1 *)
1.1445 s 0.0012 (* Average Power for rapl:::DRAM_ENERGY_CNT:PACKAGE0 *)
1.1445 s 0.0007 (* Average Power for rapl:::DRAM_ENERGY_CNT:PACKAGE1 *)
1.1445 s 0.0000 (* Average Power for rapl:::PP0_ENERGY_CNT:PACKAGE0 *)
1.1445 s 0.0000 (* Average Power for rapl:::PP0_ENERGY_CNT:PACKAGE1 *)
1.1445 s 4053399573.8458 (* Average Power for rapl:::THERMAL_SPEC:PACKAGE0 *)
1.1445 s 4053399573.8458 (* Average Power for rapl:::THERMAL_SPEC:PACKAGE1 *)
1.1445 s 4049249555.7014 (* Average Power for rapl:::MINIMUM_POWER:PACKAGE0 *)
1.1445 s 4049249555.7014 (* Average Power for rapl:::MINIMUM_POWER:PACKAGE1 *)
1.1445 s 4057334405.8642 (* Average Power for rapl:::MAXIMUM_POWER:PACKAGE0 *)
1.1445 s 4057334405.8642 (* Average Power for rapl:::MAXIMUM_POWER:PACKAGE1 *)
1.1445 s 4007503447.2560 (* Average Power for rapl:::MAXIMUM_TIME_WINDOW:PACKAGE0 *)
1.1445 s 4007503447.2560 (* Average Power for rapl:::MAXIMUM_TIME_WINDOW:PACKAGE1 *)
1.1445 s 126.2762 (* Total Energy for rapl:::PACKAGE_ENERGY:PACKAGE0 *)
1.1445 s 110.3285 (* Average Power for rapl:::PACKAGE_ENERGY:PACKAGE0 *)
1.1445 s 26.1618 (* Total Energy for rapl:::PACKAGE_ENERGY:PACKAGE1 *)
1.1445 s 22.8578 (* Average Power for rapl:::PACKAGE_ENERGY:PACKAGE1 *)
1.1445 s 18.7117 (* Average Power for rapl:::DRAM_ENERGY:PACKAGE0 *)
1.1445 s 10.1617 (* Average Power for rapl:::DRAM_ENERGY:PACKAGE1 *)
1.1445 s 0.0000 (* Average Power for rapl:::PP0_ENERGY:PACKAGE0 *)
1.1445 s 0.0000 (* Average Power for rapl:::PP0_ENERGY:PACKAGE1 *)
MST weight: 7.61667e+07 (76166685)
Num trees: 23578
Tree edges: 4012960
STATTYPE,LOOP,CATEGORY,n,sum,T0,T1,T2,T3,T4,T5,T6,T7,T8,T9,T10,T11,T12,T13,T14,T15
STAT,(NULL),InitializeSortTime,16,456,456,0,0,0,0,0,0,0,0,0,0,0,0,0,0,0
STAT,(NULL),InitializeTime,16,8270,8270,0,0,0,0,0,0,0,0,0,0,0,0,0,0,0
STAT,(NULL),LoopTime,16,1581,1581,0,0,0,0,0,0,0,0,0,0,0,0,0,0,0
STAT,(NULL),MeminfoPost,16,157,4,4,5,6,5,6,7,7,8,9,9,12,12,15,20,28
STAT,(NULL),MeminfoPre,16,0,0,0,0,0,0,0,0,0,0,0,0,0,0,0,0,0
STAT,(NULL),Rounds,16,21,21,0,0,0,0,0,0,0,0,0,0,0,0,0,0,0
STAT,(NULL),Threads,16,16,16,0,0,0,0,0,0,0,0,0,0,0,0,0,0,0
STAT,(NULL),Time,16,1144,1144,0,0,0,0,0,0,0,0,0,0,0,0,0,0,0
STAT,map_reduce,LoopTime,16,28,28,0,0,0,0,0,0,0,0,0,0,0,0,0,0,0
	Command being timed: "/home/users/norris/research/easy-parallel-graph/autoperf/mst/lib/Galois-2.2.1/build/power/apps/boruvka/boruvka -t=16 /home/users/norris/research/easy-parallel-graph/experiment/datasets/com-lj-org-weighted_100i_1000000.gr"
	User time (seconds): 37.78
	System time (seconds): 1.48
	Percent of CPU this job got: 384%
	Elapsed (wall clock) time (h:mm:ss or m:ss): 0:10.22
	Average shared text size (kbytes): 0
	Average unshared data size (kbytes): 0
	Average stack size (kbytes): 0
	Average total size (kbytes): 0
	Maximum resident set size (kbytes): 4430544
	Average resident set size (kbytes): 0
	Major (requiring I/O) page faults: 0
	Minor (reclaiming a frame) page faults: 30922
	Voluntary context switches: 1413
	Involuntary context switches: 241
	Swaps: 0
	File system inputs: 0
	File system outputs: 16
	Socket messages sent: 0
	Socket messages received: 0
	Signals delivered: 0
	Page size (bytes): 4096
	Exit status: 0
Galois Benchmark Suite v2.2.1 (r0)
Copyright (C) 2014 The University of Texas at Austin
http://iss.ices.utexas.edu/galois/

application: Boruvka's Minimum Spanning Tree Algorithm
Computes the minimum spanning forest of a graph
http://iss.ices.utexas.edu/?p=projects/galois/benchmarks/mst

INFO: CommandLine /home/users/norris/research/easy-parallel-graph/autoperf/mst/lib/Galois-2.2.1/build/power/apps/boruvka/boruvka -t=16 /home/users/norris/research/easy-parallel-graph/experiment/datasets/com-lj-org-weighted_100i_1000000.gr
INFO: Hostname arya
Found rapl component at cid 2
Found: rapl:::THERMAL_SPEC_CNT:PACKAGE0
Found: rapl:::THERMAL_SPEC_CNT:PACKAGE1
Found: rapl:::MINIMUM_POWER_CNT:PACKAGE0
Found: rapl:::MINIMUM_POWER_CNT:PACKAGE1
Found: rapl:::MAXIMUM_POWER_CNT:PACKAGE0
Found: rapl:::MAXIMUM_POWER_CNT:PACKAGE1
Found: rapl:::MAXIMUM_TIME_WINDOW_CNT:PACKAGE0
Found: rapl:::MAXIMUM_TIME_WINDOW_CNT:PACKAGE1
Found: rapl:::PACKAGE_ENERGY_CNT:PACKAGE0
Found: rapl:::PACKAGE_ENERGY_CNT:PACKAGE1
Found: rapl:::DRAM_ENERGY_CNT:PACKAGE0
Found: rapl:::DRAM_ENERGY_CNT:PACKAGE1
Found: rapl:::PP0_ENERGY_CNT:PACKAGE0
Found: rapl:::PP0_ENERGY_CNT:PACKAGE1
Found: rapl:::THERMAL_SPEC:PACKAGE0
Found: rapl:::THERMAL_SPEC:PACKAGE1
Found: rapl:::MINIMUM_POWER:PACKAGE0
Found: rapl:::MINIMUM_POWER:PACKAGE1
Found: rapl:::MAXIMUM_POWER:PACKAGE0
Found: rapl:::MAXIMUM_POWER:PACKAGE1
Found: rapl:::MAXIMUM_TIME_WINDOW:PACKAGE0
Found: rapl:::MAXIMUM_TIME_WINDOW:PACKAGE1
Found: rapl:::PACKAGE_ENERGY:PACKAGE0
Found: rapl:::PACKAGE_ENERGY:PACKAGE1
Found: rapl:::DRAM_ENERGY:PACKAGE0
Found: rapl:::DRAM_ENERGY:PACKAGE1
Found: rapl:::PP0_ENERGY:PACKAGE0
Found: rapl:::PP0_ENERGY:PACKAGE1
Nodes: 4036538 edges: 140724756 heaviest edge: 99
1.1296 s 0.0000 (* Average Power for rapl:::THERMAL_SPEC_CNT:PACKAGE0 *)
1.1296 s 0.0000 (* Average Power for rapl:::THERMAL_SPEC_CNT:PACKAGE1 *)
1.1296 s 0.0000 (* Average Power for rapl:::MINIMUM_POWER_CNT:PACKAGE0 *)
1.1296 s 0.0000 (* Average Power for rapl:::MINIMUM_POWER_CNT:PACKAGE1 *)
1.1296 s 0.0000 (* Average Power for rapl:::MAXIMUM_POWER_CNT:PACKAGE0 *)
1.1296 s 0.0000 (* Average Power for rapl:::MAXIMUM_POWER_CNT:PACKAGE1 *)
1.1296 s 0.0000 (* Average Power for rapl:::MAXIMUM_TIME_WINDOW_CNT:PACKAGE0 *)
1.1296 s 0.0000 (* Average Power for rapl:::MAXIMUM_TIME_WINDOW_CNT:PACKAGE1 *)
1.1296 s 0.0018 (* Average Power for rapl:::PACKAGE_ENERGY_CNT:PACKAGE0 *)
1.1296 s 0.0004 (* Average Power for rapl:::PACKAGE_ENERGY_CNT:PACKAGE1 *)
1.1296 s 0.0012 (* Average Power for rapl:::DRAM_ENERGY_CNT:PACKAGE0 *)
1.1296 s 0.0007 (* Average Power for rapl:::DRAM_ENERGY_CNT:PACKAGE1 *)
1.1296 s 0.0000 (* Average Power for rapl:::PP0_ENERGY_CNT:PACKAGE0 *)
1.1296 s 0.0000 (* Average Power for rapl:::PP0_ENERGY_CNT:PACKAGE1 *)
1.1296 s 4107099010.0026 (* Average Power for rapl:::THERMAL_SPEC:PACKAGE0 *)
1.1296 s 4107099010.0026 (* Average Power for rapl:::THERMAL_SPEC:PACKAGE1 *)
1.1296 s 4102894012.4192 (* Average Power for rapl:::MINIMUM_POWER:PACKAGE0 *)
1.1296 s 4102894012.4192 (* Average Power for rapl:::MINIMUM_POWER:PACKAGE1 *)
1.1296 s 4111085970.6743 (* Average Power for rapl:::MAXIMUM_POWER:PACKAGE0 *)
1.1296 s 4111085970.6743 (* Average Power for rapl:::MAXIMUM_POWER:PACKAGE1 *)
1.1296 s 4060594851.5436 (* Average Power for rapl:::MAXIMUM_TIME_WINDOW:PACKAGE0 *)
1.1296 s 4060594851.5436 (* Average Power for rapl:::MAXIMUM_TIME_WINDOW:PACKAGE1 *)
1.1296 s 124.4410 (* Total Energy for rapl:::PACKAGE_ENERGY:PACKAGE0 *)
1.1296 s 110.1655 (* Average Power for rapl:::PACKAGE_ENERGY:PACKAGE0 *)
1.1296 s 25.3024 (* Total Energy for rapl:::PACKAGE_ENERGY:PACKAGE1 *)
1.1296 s 22.3998 (* Average Power for rapl:::PACKAGE_ENERGY:PACKAGE1 *)
1.1296 s 18.6720 (* Average Power for rapl:::DRAM_ENERGY:PACKAGE0 *)
1.1296 s 9.9941 (* Average Power for rapl:::DRAM_ENERGY:PACKAGE1 *)
1.1296 s 0.0000 (* Average Power for rapl:::PP0_ENERGY:PACKAGE0 *)
1.1296 s 0.0000 (* Average Power for rapl:::PP0_ENERGY:PACKAGE1 *)
MST weight: 7.61667e+07 (76166685)
Num trees: 23578
Tree edges: 4012960
STATTYPE,LOOP,CATEGORY,n,sum,T0,T1,T2,T3,T4,T5,T6,T7,T8,T9,T10,T11,T12,T13,T14,T15
STAT,(NULL),InitializeSortTime,16,456,456,0,0,0,0,0,0,0,0,0,0,0,0,0,0,0
STAT,(NULL),InitializeTime,16,7791,7791,0,0,0,0,0,0,0,0,0,0,0,0,0,0,0
STAT,(NULL),LoopTime,16,1566,1566,0,0,0,0,0,0,0,0,0,0,0,0,0,0,0
STAT,(NULL),MeminfoPost,16,155,4,4,5,6,5,6,6,7,8,9,9,12,12,15,19,28
STAT,(NULL),MeminfoPre,16,0,0,0,0,0,0,0,0,0,0,0,0,0,0,0,0,0
STAT,(NULL),Rounds,16,20,20,0,0,0,0,0,0,0,0,0,0,0,0,0,0,0
STAT,(NULL),Threads,16,16,16,0,0,0,0,0,0,0,0,0,0,0,0,0,0,0
STAT,(NULL),Time,16,1129,1129,0,0,0,0,0,0,0,0,0,0,0,0,0,0,0
STAT,map_reduce,LoopTime,16,28,28,0,0,0,0,0,0,0,0,0,0,0,0,0,0,0
	Command being timed: "/home/users/norris/research/easy-parallel-graph/autoperf/mst/lib/Galois-2.2.1/build/power/apps/boruvka/boruvka -t=16 /home/users/norris/research/easy-parallel-graph/experiment/datasets/com-lj-org-weighted_100i_1000000.gr"
	User time (seconds): 37.06
	System time (seconds): 1.47
	Percent of CPU this job got: 396%
	Elapsed (wall clock) time (h:mm:ss or m:ss): 0:09.73
	Average shared text size (kbytes): 0
	Average unshared data size (kbytes): 0
	Average stack size (kbytes): 0
	Average total size (kbytes): 0
	Maximum resident set size (kbytes): 4434580
	Average resident set size (kbytes): 0
	Major (requiring I/O) page faults: 0
	Minor (reclaiming a frame) page faults: 31376
	Voluntary context switches: 1391
	Involuntary context switches: 247
	Swaps: 0
	File system inputs: 0
	File system outputs: 24
	Socket messages sent: 0
	Socket messages received: 0
	Signals delivered: 0
	Page size (bytes): 4096
	Exit status: 0
Galois Benchmark Suite v2.2.1 (r0)
Copyright (C) 2014 The University of Texas at Austin
http://iss.ices.utexas.edu/galois/

application: Boruvka's Minimum Spanning Tree Algorithm
Computes the minimum spanning forest of a graph
http://iss.ices.utexas.edu/?p=projects/galois/benchmarks/mst

INFO: CommandLine /home/users/norris/research/easy-parallel-graph/autoperf/mst/lib/Galois-2.2.1/build/power/apps/boruvka/boruvka -t=16 /home/users/norris/research/easy-parallel-graph/experiment/datasets/com-lj-org-weighted_100i_1000000.gr
INFO: Hostname arya
Found rapl component at cid 2
Found: rapl:::THERMAL_SPEC_CNT:PACKAGE0
Found: rapl:::THERMAL_SPEC_CNT:PACKAGE1
Found: rapl:::MINIMUM_POWER_CNT:PACKAGE0
Found: rapl:::MINIMUM_POWER_CNT:PACKAGE1
Found: rapl:::MAXIMUM_POWER_CNT:PACKAGE0
Found: rapl:::MAXIMUM_POWER_CNT:PACKAGE1
Found: rapl:::MAXIMUM_TIME_WINDOW_CNT:PACKAGE0
Found: rapl:::MAXIMUM_TIME_WINDOW_CNT:PACKAGE1
Found: rapl:::PACKAGE_ENERGY_CNT:PACKAGE0
Found: rapl:::PACKAGE_ENERGY_CNT:PACKAGE1
Found: rapl:::DRAM_ENERGY_CNT:PACKAGE0
Found: rapl:::DRAM_ENERGY_CNT:PACKAGE1
Found: rapl:::PP0_ENERGY_CNT:PACKAGE0
Found: rapl:::PP0_ENERGY_CNT:PACKAGE1
Found: rapl:::THERMAL_SPEC:PACKAGE0
Found: rapl:::THERMAL_SPEC:PACKAGE1
Found: rapl:::MINIMUM_POWER:PACKAGE0
Found: rapl:::MINIMUM_POWER:PACKAGE1
Found: rapl:::MAXIMUM_POWER:PACKAGE0
Found: rapl:::MAXIMUM_POWER:PACKAGE1
Found: rapl:::MAXIMUM_TIME_WINDOW:PACKAGE0
Found: rapl:::MAXIMUM_TIME_WINDOW:PACKAGE1
Found: rapl:::PACKAGE_ENERGY:PACKAGE0
Found: rapl:::PACKAGE_ENERGY:PACKAGE1
Found: rapl:::DRAM_ENERGY:PACKAGE0
Found: rapl:::DRAM_ENERGY:PACKAGE1
Found: rapl:::PP0_ENERGY:PACKAGE0
Found: rapl:::PP0_ENERGY:PACKAGE1
Nodes: 4036538 edges: 140724756 heaviest edge: 99
0.9822 s 0.0000 (* Average Power for rapl:::THERMAL_SPEC_CNT:PACKAGE0 *)
0.9822 s 0.0000 (* Average Power for rapl:::THERMAL_SPEC_CNT:PACKAGE1 *)
0.9822 s 0.0000 (* Average Power for rapl:::MINIMUM_POWER_CNT:PACKAGE0 *)
0.9822 s 0.0000 (* Average Power for rapl:::MINIMUM_POWER_CNT:PACKAGE1 *)
0.9822 s 0.0000 (* Average Power for rapl:::MAXIMUM_POWER_CNT:PACKAGE0 *)
0.9822 s 0.0000 (* Average Power for rapl:::MAXIMUM_POWER_CNT:PACKAGE1 *)
0.9822 s 0.0000 (* Average Power for rapl:::MAXIMUM_TIME_WINDOW_CNT:PACKAGE0 *)
0.9822 s 0.0000 (* Average Power for rapl:::MAXIMUM_TIME_WINDOW_CNT:PACKAGE1 *)
0.9822 s 0.0018 (* Average Power for rapl:::PACKAGE_ENERGY_CNT:PACKAGE0 *)
0.9822 s 0.0006 (* Average Power for rapl:::PACKAGE_ENERGY_CNT:PACKAGE1 *)
0.9822 s 0.0013 (* Average Power for rapl:::DRAM_ENERGY_CNT:PACKAGE0 *)
0.9822 s 0.0008 (* Average Power for rapl:::DRAM_ENERGY_CNT:PACKAGE1 *)
0.9822 s 0.0000 (* Average Power for rapl:::PP0_ENERGY_CNT:PACKAGE0 *)
0.9822 s 0.0000 (* Average Power for rapl:::PP0_ENERGY_CNT:PACKAGE1 *)
0.9822 s 4723518778.3276 (* Average Power for rapl:::THERMAL_SPEC:PACKAGE0 *)
0.9822 s 4723518778.3276 (* Average Power for rapl:::THERMAL_SPEC:PACKAGE1 *)
0.9822 s 4718682667.7300 (* Average Power for rapl:::MINIMUM_POWER:PACKAGE0 *)
0.9822 s 4718682667.7300 (* Average Power for rapl:::MINIMUM_POWER:PACKAGE1 *)
0.9822 s 4728104127.6350 (* Average Power for rapl:::MAXIMUM_POWER:PACKAGE0 *)
0.9822 s 4728104127.6350 (* Average Power for rapl:::MAXIMUM_POWER:PACKAGE1 *)
0.9822 s 4670034977.4218 (* Average Power for rapl:::MAXIMUM_TIME_WINDOW:PACKAGE0 *)
0.9822 s 4670034977.4218 (* Average Power for rapl:::MAXIMUM_TIME_WINDOW:PACKAGE1 *)
0.9822 s 110.5198 (* Total Energy for rapl:::PACKAGE_ENERGY:PACKAGE0 *)
0.9822 s 112.5259 (* Average Power for rapl:::PACKAGE_ENERGY:PACKAGE0 *)
0.9822 s 38.3169 (* Total Energy for rapl:::PACKAGE_ENERGY:PACKAGE1 *)
0.9822 s 39.0124 (* Average Power for rapl:::PACKAGE_ENERGY:PACKAGE1 *)
0.9822 s 19.7083 (* Average Power for rapl:::DRAM_ENERGY:PACKAGE0 *)
0.9822 s 12.7778 (* Average Power for rapl:::DRAM_ENERGY:PACKAGE1 *)
0.9822 s 0.0000 (* Average Power for rapl:::PP0_ENERGY:PACKAGE0 *)
0.9822 s 0.0000 (* Average Power for rapl:::PP0_ENERGY:PACKAGE1 *)
MST weight: 7.61667e+07 (76166685)
Num trees: 23578
Tree edges: 4012960
STATTYPE,LOOP,CATEGORY,n,sum,T0,T1,T2,T3,T4,T5,T6,T7,T8,T9,T10,T11,T12,T13,T14,T15
STAT,(NULL),InitializeSortTime,16,453,453,0,0,0,0,0,0,0,0,0,0,0,0,0,0,0
STAT,(NULL),InitializeTime,16,7406,7406,0,0,0,0,0,0,0,0,0,0,0,0,0,0,0
STAT,(NULL),LoopTime,16,1418,1418,0,0,0,0,0,0,0,0,0,0,0,0,0,0,0
STAT,(NULL),MeminfoPost,16,156,4,4,5,6,5,6,6,7,8,9,9,12,12,15,20,28
STAT,(NULL),MeminfoPre,16,0,0,0,0,0,0,0,0,0,0,0,0,0,0,0,0,0
STAT,(NULL),Rounds,16,20,20,0,0,0,0,0,0,0,0,0,0,0,0,0,0,0
STAT,(NULL),Threads,16,16,16,0,0,0,0,0,0,0,0,0,0,0,0,0,0,0
STAT,(NULL),Time,16,982,982,0,0,0,0,0,0,0,0,0,0,0,0,0,0,0
STAT,map_reduce,LoopTime,16,28,28,0,0,0,0,0,0,0,0,0,0,0,0,0,0,0
	Command being timed: "/home/users/norris/research/easy-parallel-graph/autoperf/mst/lib/Galois-2.2.1/build/power/apps/boruvka/boruvka -t=16 /home/users/norris/research/easy-parallel-graph/experiment/datasets/com-lj-org-weighted_100i_1000000.gr"
	User time (seconds): 33.56
	System time (seconds): 1.56
	Percent of CPU this job got: 384%
	Elapsed (wall clock) time (h:mm:ss or m:ss): 0:09.14
	Average shared text size (kbytes): 0
	Average unshared data size (kbytes): 0
	Average stack size (kbytes): 0
	Average total size (kbytes): 0
	Maximum resident set size (kbytes): 4437076
	Average resident set size (kbytes): 0
	Major (requiring I/O) page faults: 0
	Minor (reclaiming a frame) page faults: 26216
	Voluntary context switches: 1419
	Involuntary context switches: 249
	Swaps: 0
	File system inputs: 0
	File system outputs: 16
	Socket messages sent: 0
	Socket messages received: 0
	Signals delivered: 0
	Page size (bytes): 4096
	Exit status: 0
Galois Benchmark Suite v2.2.1 (r0)
Copyright (C) 2014 The University of Texas at Austin
http://iss.ices.utexas.edu/galois/

application: Boruvka's Minimum Spanning Tree Algorithm
Computes the minimum spanning forest of a graph
http://iss.ices.utexas.edu/?p=projects/galois/benchmarks/mst

INFO: CommandLine /home/users/norris/research/easy-parallel-graph/autoperf/mst/lib/Galois-2.2.1/build/power/apps/boruvka/boruvka -t=16 /home/users/norris/research/easy-parallel-graph/experiment/datasets/com-lj-org-weighted_100i_1000000.gr
INFO: Hostname arya
Found rapl component at cid 2
Found: rapl:::THERMAL_SPEC_CNT:PACKAGE0
Found: rapl:::THERMAL_SPEC_CNT:PACKAGE1
Found: rapl:::MINIMUM_POWER_CNT:PACKAGE0
Found: rapl:::MINIMUM_POWER_CNT:PACKAGE1
Found: rapl:::MAXIMUM_POWER_CNT:PACKAGE0
Found: rapl:::MAXIMUM_POWER_CNT:PACKAGE1
Found: rapl:::MAXIMUM_TIME_WINDOW_CNT:PACKAGE0
Found: rapl:::MAXIMUM_TIME_WINDOW_CNT:PACKAGE1
Found: rapl:::PACKAGE_ENERGY_CNT:PACKAGE0
Found: rapl:::PACKAGE_ENERGY_CNT:PACKAGE1
Found: rapl:::DRAM_ENERGY_CNT:PACKAGE0
Found: rapl:::DRAM_ENERGY_CNT:PACKAGE1
Found: rapl:::PP0_ENERGY_CNT:PACKAGE0
Found: rapl:::PP0_ENERGY_CNT:PACKAGE1
Found: rapl:::THERMAL_SPEC:PACKAGE0
Found: rapl:::THERMAL_SPEC:PACKAGE1
Found: rapl:::MINIMUM_POWER:PACKAGE0
Found: rapl:::MINIMUM_POWER:PACKAGE1
Found: rapl:::MAXIMUM_POWER:PACKAGE0
Found: rapl:::MAXIMUM_POWER:PACKAGE1
Found: rapl:::MAXIMUM_TIME_WINDOW:PACKAGE0
Found: rapl:::MAXIMUM_TIME_WINDOW:PACKAGE1
Found: rapl:::PACKAGE_ENERGY:PACKAGE0
Found: rapl:::PACKAGE_ENERGY:PACKAGE1
Found: rapl:::DRAM_ENERGY:PACKAGE0
Found: rapl:::DRAM_ENERGY:PACKAGE1
Found: rapl:::PP0_ENERGY:PACKAGE0
Found: rapl:::PP0_ENERGY:PACKAGE1
Nodes: 4036538 edges: 140724756 heaviest edge: 99
1.0609 s 0.0000 (* Average Power for rapl:::THERMAL_SPEC_CNT:PACKAGE0 *)
1.0609 s 0.0000 (* Average Power for rapl:::THERMAL_SPEC_CNT:PACKAGE1 *)
1.0609 s 0.0000 (* Average Power for rapl:::MINIMUM_POWER_CNT:PACKAGE0 *)
1.0609 s 0.0000 (* Average Power for rapl:::MINIMUM_POWER_CNT:PACKAGE1 *)
1.0609 s 0.0000 (* Average Power for rapl:::MAXIMUM_POWER_CNT:PACKAGE0 *)
1.0609 s 0.0000 (* Average Power for rapl:::MAXIMUM_POWER_CNT:PACKAGE1 *)
1.0609 s 0.0000 (* Average Power for rapl:::MAXIMUM_TIME_WINDOW_CNT:PACKAGE0 *)
1.0609 s 0.0000 (* Average Power for rapl:::MAXIMUM_TIME_WINDOW_CNT:PACKAGE1 *)
1.0609 s 0.0018 (* Average Power for rapl:::PACKAGE_ENERGY_CNT:PACKAGE0 *)
1.0609 s 0.0006 (* Average Power for rapl:::PACKAGE_ENERGY_CNT:PACKAGE1 *)
1.0609 s 0.0012 (* Average Power for rapl:::DRAM_ENERGY_CNT:PACKAGE0 *)
1.0609 s 0.0008 (* Average Power for rapl:::DRAM_ENERGY_CNT:PACKAGE1 *)
1.0609 s 0.0000 (* Average Power for rapl:::PP0_ENERGY_CNT:PACKAGE0 *)
1.0609 s 0.0000 (* Average Power for rapl:::PP0_ENERGY_CNT:PACKAGE1 *)
1.0609 s 4373165770.8839 (* Average Power for rapl:::THERMAL_SPEC:PACKAGE0 *)
1.0609 s 4373165770.8839 (* Average Power for rapl:::THERMAL_SPEC:PACKAGE1 *)
1.0609 s 4368688364.4582 (* Average Power for rapl:::MINIMUM_POWER:PACKAGE0 *)
1.0609 s 4368688364.4582 (* Average Power for rapl:::MINIMUM_POWER:PACKAGE1 *)
1.0609 s 4377411015.4949 (* Average Power for rapl:::MAXIMUM_POWER:PACKAGE0 *)
1.0609 s 4377411015.4949 (* Average Power for rapl:::MAXIMUM_POWER:PACKAGE1 *)
1.0609 s 4323648972.4134 (* Average Power for rapl:::MAXIMUM_TIME_WINDOW:PACKAGE0 *)
1.0609 s 4323648972.4134 (* Average Power for rapl:::MAXIMUM_TIME_WINDOW:PACKAGE1 *)
1.0609 s 117.7803 (* Total Energy for rapl:::PACKAGE_ENERGY:PACKAGE0 *)
1.0609 s 111.0237 (* Average Power for rapl:::PACKAGE_ENERGY:PACKAGE0 *)
1.0609 s 36.3521 (* Total Energy for rapl:::PACKAGE_ENERGY:PACKAGE1 *)
1.0609 s 34.2667 (* Average Power for rapl:::PACKAGE_ENERGY:PACKAGE1 *)
1.0609 s 18.9221 (* Average Power for rapl:::DRAM_ENERGY:PACKAGE0 *)
1.0609 s 12.7137 (* Average Power for rapl:::DRAM_ENERGY:PACKAGE1 *)
1.0609 s 0.0000 (* Average Power for rapl:::PP0_ENERGY:PACKAGE0 *)
1.0609 s 0.0000 (* Average Power for rapl:::PP0_ENERGY:PACKAGE1 *)
MST weight: 7.61667e+07 (76166685)
Num trees: 23578
Tree edges: 4012960
STATTYPE,LOOP,CATEGORY,n,sum,T0,T1,T2,T3,T4,T5,T6,T7,T8,T9,T10,T11,T12,T13,T14,T15
STAT,(NULL),InitializeSortTime,16,456,456,0,0,0,0,0,0,0,0,0,0,0,0,0,0,0
STAT,(NULL),InitializeTime,16,8289,8289,0,0,0,0,0,0,0,0,0,0,0,0,0,0,0
STAT,(NULL),LoopTime,16,1500,1500,0,0,0,0,0,0,0,0,0,0,0,0,0,0,0
STAT,(NULL),MeminfoPost,16,157,4,4,5,6,5,6,7,7,8,9,9,12,12,15,20,28
STAT,(NULL),MeminfoPre,16,0,0,0,0,0,0,0,0,0,0,0,0,0,0,0,0,0
STAT,(NULL),Rounds,16,20,20,0,0,0,0,0,0,0,0,0,0,0,0,0,0,0
STAT,(NULL),Threads,16,16,16,0,0,0,0,0,0,0,0,0,0,0,0,0,0,0
STAT,(NULL),Time,16,1060,1060,0,0,0,0,0,0,0,0,0,0,0,0,0,0,0
STAT,map_reduce,LoopTime,16,28,28,0,0,0,0,0,0,0,0,0,0,0,0,0,0,0
	Command being timed: "/home/users/norris/research/easy-parallel-graph/autoperf/mst/lib/Galois-2.2.1/build/power/apps/boruvka/boruvka -t=16 /home/users/norris/research/easy-parallel-graph/experiment/datasets/com-lj-org-weighted_100i_1000000.gr"
	User time (seconds): 36.40
	System time (seconds): 1.59
	Percent of CPU this job got: 372%
	Elapsed (wall clock) time (h:mm:ss or m:ss): 0:10.21
	Average shared text size (kbytes): 0
	Average unshared data size (kbytes): 0
	Average stack size (kbytes): 0
	Average total size (kbytes): 0
	Maximum resident set size (kbytes): 4437192
	Average resident set size (kbytes): 0
	Major (requiring I/O) page faults: 0
	Minor (reclaiming a frame) page faults: 33224
	Voluntary context switches: 1472
	Involuntary context switches: 249
	Swaps: 0
	File system inputs: 0
	File system outputs: 16
	Socket messages sent: 0
	Socket messages received: 0
	Signals delivered: 0
	Page size (bytes): 4096
	Exit status: 0
