Galois Benchmark Suite v2.2.1 (r0)
Copyright (C) 2014 The University of Texas at Austin
http://iss.ices.utexas.edu/galois/

application: Boruvka's Minimum Spanning Tree Algorithm
Computes the minimum spanning forest of a graph
http://iss.ices.utexas.edu/?p=projects/galois/benchmarks/mst

INFO: CommandLine /home/users/norris/research/easy-parallel-graph/autoperf/mst/lib/Galois-2.2.1/build/power/apps/boruvka/boruvka -t=48 /home/users/norris/research/easy-parallel-graph/experiment/datasets/com-lj-org-weighted_75i_1000000.gr
INFO: Hostname arya
Found rapl component at cid 2
Found: rapl:::THERMAL_SPEC_CNT:PACKAGE0
Found: rapl:::THERMAL_SPEC_CNT:PACKAGE1
Found: rapl:::MINIMUM_POWER_CNT:PACKAGE0
Found: rapl:::MINIMUM_POWER_CNT:PACKAGE1
Found: rapl:::MAXIMUM_POWER_CNT:PACKAGE0
Found: rapl:::MAXIMUM_POWER_CNT:PACKAGE1
Found: rapl:::MAXIMUM_TIME_WINDOW_CNT:PACKAGE0
Found: rapl:::MAXIMUM_TIME_WINDOW_CNT:PACKAGE1
Found: rapl:::PACKAGE_ENERGY_CNT:PACKAGE0
Found: rapl:::PACKAGE_ENERGY_CNT:PACKAGE1
Found: rapl:::DRAM_ENERGY_CNT:PACKAGE0
Found: rapl:::DRAM_ENERGY_CNT:PACKAGE1
Found: rapl:::PP0_ENERGY_CNT:PACKAGE0
Found: rapl:::PP0_ENERGY_CNT:PACKAGE1
Found: rapl:::THERMAL_SPEC:PACKAGE0
Found: rapl:::THERMAL_SPEC:PACKAGE1
Found: rapl:::MINIMUM_POWER:PACKAGE0
Found: rapl:::MINIMUM_POWER:PACKAGE1
Found: rapl:::MAXIMUM_POWER:PACKAGE0
Found: rapl:::MAXIMUM_POWER:PACKAGE1
Found: rapl:::MAXIMUM_TIME_WINDOW:PACKAGE0
Found: rapl:::MAXIMUM_TIME_WINDOW:PACKAGE1
Found: rapl:::PACKAGE_ENERGY:PACKAGE0
Found: rapl:::PACKAGE_ENERGY:PACKAGE1
Found: rapl:::DRAM_ENERGY:PACKAGE0
Found: rapl:::DRAM_ENERGY:PACKAGE1
Found: rapl:::PP0_ENERGY:PACKAGE0
Found: rapl:::PP0_ENERGY:PACKAGE1
Nodes: 4036538 edges: 139726522 heaviest edge: 99
0.5083 s 0.0000 (* Average Power for rapl:::THERMAL_SPEC_CNT:PACKAGE0 *)
0.5083 s 0.0000 (* Average Power for rapl:::THERMAL_SPEC_CNT:PACKAGE1 *)
0.5083 s 0.0000 (* Average Power for rapl:::MINIMUM_POWER_CNT:PACKAGE0 *)
0.5083 s 0.0000 (* Average Power for rapl:::MINIMUM_POWER_CNT:PACKAGE1 *)
0.5083 s 0.0000 (* Average Power for rapl:::MAXIMUM_POWER_CNT:PACKAGE0 *)
0.5083 s 0.0000 (* Average Power for rapl:::MAXIMUM_POWER_CNT:PACKAGE1 *)
0.5083 s 0.0000 (* Average Power for rapl:::MAXIMUM_TIME_WINDOW_CNT:PACKAGE0 *)
0.5083 s 0.0000 (* Average Power for rapl:::MAXIMUM_TIME_WINDOW_CNT:PACKAGE1 *)
0.5083 s 0.0021 (* Average Power for rapl:::PACKAGE_ENERGY_CNT:PACKAGE0 *)
0.5083 s 0.0020 (* Average Power for rapl:::PACKAGE_ENERGY_CNT:PACKAGE1 *)
0.5083 s 0.0014 (* Average Power for rapl:::DRAM_ENERGY_CNT:PACKAGE0 *)
0.5083 s 0.0012 (* Average Power for rapl:::DRAM_ENERGY_CNT:PACKAGE1 *)
0.5083 s 0.0000 (* Average Power for rapl:::PP0_ENERGY_CNT:PACKAGE0 *)
0.5083 s 0.0000 (* Average Power for rapl:::PP0_ENERGY_CNT:PACKAGE1 *)
0.5083 s 9126754140.4112 (* Average Power for rapl:::THERMAL_SPEC:PACKAGE0 *)
0.5083 s 9126754140.4112 (* Average Power for rapl:::THERMAL_SPEC:PACKAGE1 *)
0.5083 s 9117409837.0450 (* Average Power for rapl:::MINIMUM_POWER:PACKAGE0 *)
0.5083 s 9117409837.0450 (* Average Power for rapl:::MINIMUM_POWER:PACKAGE1 *)
0.5083 s 9135613924.3436 (* Average Power for rapl:::MAXIMUM_POWER:PACKAGE0 *)
0.5083 s 9135613924.3436 (* Average Power for rapl:::MAXIMUM_POWER:PACKAGE1 *)
0.5083 s 9023413066.8873 (* Average Power for rapl:::MAXIMUM_TIME_WINDOW:PACKAGE0 *)
0.5083 s 9023413066.8873 (* Average Power for rapl:::MAXIMUM_TIME_WINDOW:PACKAGE1 *)
0.5083 s 63.7357 (* Total Energy for rapl:::PACKAGE_ENERGY:PACKAGE0 *)
0.5083 s 125.3852 (* Average Power for rapl:::PACKAGE_ENERGY:PACKAGE0 *)
0.5083 s 61.7466 (* Total Energy for rapl:::PACKAGE_ENERGY:PACKAGE1 *)
0.5083 s 121.4720 (* Average Power for rapl:::PACKAGE_ENERGY:PACKAGE1 *)
0.5083 s 20.8956 (* Average Power for rapl:::DRAM_ENERGY:PACKAGE0 *)
0.5083 s 18.7332 (* Average Power for rapl:::DRAM_ENERGY:PACKAGE1 *)
0.5083 s 0.0000 (* Average Power for rapl:::PP0_ENERGY:PACKAGE0 *)
0.5083 s 0.0000 (* Average Power for rapl:::PP0_ENERGY:PACKAGE1 *)
MST weight: 7.81576e+07 (78157588)
Num trees: 26556
Tree edges: 4009982
STATTYPE,LOOP,CATEGORY,n,sum,T0,T1,T2,T3,T4,T5,T6,T7,T8,T9,T10,T11,T12,T13,T14,T15,T16,T17,T18,T19,T20,T21,T22,T23,T24,T25,T26,T27,T28,T29,T30,T31,T32,T33,T34,T35,T36,T37,T38,T39,T40,T41,T42,T43,T44,T45,T46,T47
STAT,(NULL),InitializeSortTime,48,196,196,0,0,0,0,0,0,0,0,0,0,0,0,0,0,0,0,0,0,0,0,0,0,0,0,0,0,0,0,0,0,0,0,0,0,0,0,0,0,0,0,0,0,0,0,0,0,0
STAT,(NULL),InitializeTime,48,7982,7982,0,0,0,0,0,0,0,0,0,0,0,0,0,0,0,0,0,0,0,0,0,0,0,0,0,0,0,0,0,0,0,0,0,0,0,0,0,0,0,0,0,0,0,0,0,0,0
STAT,(NULL),LoopTime,48,682,682,0,0,0,0,0,0,0,0,0,0,0,0,0,0,0,0,0,0,0,0,0,0,0,0,0,0,0,0,0,0,0,0,0,0,0,0,0,0,0,0,0,0,0,0,0,0,0
STAT,(NULL),MeminfoPost,48,245,4,4,4,4,4,4,4,4,4,4,4,4,4,4,4,4,4,4,4,4,4,4,4,4,4,4,4,4,4,4,4,4,5,6,6,6,6,6,6,7,7,7,7,8,9,9,10,12
STAT,(NULL),MeminfoPre,48,0,0,0,0,0,0,0,0,0,0,0,0,0,0,0,0,0,0,0,0,0,0,0,0,0,0,0,0,0,0,0,0,0,0,0,0,0,0,0,0,0,0,0,0,0,0,0,0,0
STAT,(NULL),Rounds,48,22,22,0,0,0,0,0,0,0,0,0,0,0,0,0,0,0,0,0,0,0,0,0,0,0,0,0,0,0,0,0,0,0,0,0,0,0,0,0,0,0,0,0,0,0,0,0,0,0
STAT,(NULL),Threads,48,48,48,0,0,0,0,0,0,0,0,0,0,0,0,0,0,0,0,0,0,0,0,0,0,0,0,0,0,0,0,0,0,0,0,0,0,0,0,0,0,0,0,0,0,0,0,0,0,0
STAT,(NULL),Time,48,508,508,0,0,0,0,0,0,0,0,0,0,0,0,0,0,0,0,0,0,0,0,0,0,0,0,0,0,0,0,0,0,0,0,0,0,0,0,0,0,0,0,0,0,0,0,0,0,0
STAT,map_reduce,LoopTime,48,40,40,0,0,0,0,0,0,0,0,0,0,0,0,0,0,0,0,0,0,0,0,0,0,0,0,0,0,0,0,0,0,0,0,0,0,0,0,0,0,0,0,0,0,0,0,0,0,0
	Command being timed: "/home/users/norris/research/easy-parallel-graph/autoperf/mst/lib/Galois-2.2.1/build/power/apps/boruvka/boruvka -t=48 /home/users/norris/research/easy-parallel-graph/experiment/datasets/com-lj-org-weighted_75i_1000000.gr"
	User time (seconds): 49.99
	System time (seconds): 2.13
	Percent of CPU this job got: 567%
	Elapsed (wall clock) time (h:mm:ss or m:ss): 0:09.18
	Average shared text size (kbytes): 0
	Average unshared data size (kbytes): 0
	Average stack size (kbytes): 0
	Average total size (kbytes): 0
	Maximum resident set size (kbytes): 4410940
	Average resident set size (kbytes): 0
	Major (requiring I/O) page faults: 0
	Minor (reclaiming a frame) page faults: 32979
	Voluntary context switches: 3204
	Involuntary context switches: 250
	Swaps: 0
	File system inputs: 0
	File system outputs: 16
	Socket messages sent: 0
	Socket messages received: 0
	Signals delivered: 0
	Page size (bytes): 4096
	Exit status: 0
Galois Benchmark Suite v2.2.1 (r0)
Copyright (C) 2014 The University of Texas at Austin
http://iss.ices.utexas.edu/galois/

application: Boruvka's Minimum Spanning Tree Algorithm
Computes the minimum spanning forest of a graph
http://iss.ices.utexas.edu/?p=projects/galois/benchmarks/mst

INFO: CommandLine /home/users/norris/research/easy-parallel-graph/autoperf/mst/lib/Galois-2.2.1/build/power/apps/boruvka/boruvka -t=48 /home/users/norris/research/easy-parallel-graph/experiment/datasets/com-lj-org-weighted_75i_1000000.gr
INFO: Hostname arya
Found rapl component at cid 2
Found: rapl:::THERMAL_SPEC_CNT:PACKAGE0
Found: rapl:::THERMAL_SPEC_CNT:PACKAGE1
Found: rapl:::MINIMUM_POWER_CNT:PACKAGE0
Found: rapl:::MINIMUM_POWER_CNT:PACKAGE1
Found: rapl:::MAXIMUM_POWER_CNT:PACKAGE0
Found: rapl:::MAXIMUM_POWER_CNT:PACKAGE1
Found: rapl:::MAXIMUM_TIME_WINDOW_CNT:PACKAGE0
Found: rapl:::MAXIMUM_TIME_WINDOW_CNT:PACKAGE1
Found: rapl:::PACKAGE_ENERGY_CNT:PACKAGE0
Found: rapl:::PACKAGE_ENERGY_CNT:PACKAGE1
Found: rapl:::DRAM_ENERGY_CNT:PACKAGE0
Found: rapl:::DRAM_ENERGY_CNT:PACKAGE1
Found: rapl:::PP0_ENERGY_CNT:PACKAGE0
Found: rapl:::PP0_ENERGY_CNT:PACKAGE1
Found: rapl:::THERMAL_SPEC:PACKAGE0
Found: rapl:::THERMAL_SPEC:PACKAGE1
Found: rapl:::MINIMUM_POWER:PACKAGE0
Found: rapl:::MINIMUM_POWER:PACKAGE1
Found: rapl:::MAXIMUM_POWER:PACKAGE0
Found: rapl:::MAXIMUM_POWER:PACKAGE1
Found: rapl:::MAXIMUM_TIME_WINDOW:PACKAGE0
Found: rapl:::MAXIMUM_TIME_WINDOW:PACKAGE1
Found: rapl:::PACKAGE_ENERGY:PACKAGE0
Found: rapl:::PACKAGE_ENERGY:PACKAGE1
Found: rapl:::DRAM_ENERGY:PACKAGE0
Found: rapl:::DRAM_ENERGY:PACKAGE1
Found: rapl:::PP0_ENERGY:PACKAGE0
Found: rapl:::PP0_ENERGY:PACKAGE1
Nodes: 4036538 edges: 139726522 heaviest edge: 99
0.5198 s 0.0000 (* Average Power for rapl:::THERMAL_SPEC_CNT:PACKAGE0 *)
0.5198 s 0.0000 (* Average Power for rapl:::THERMAL_SPEC_CNT:PACKAGE1 *)
0.5198 s 0.0000 (* Average Power for rapl:::MINIMUM_POWER_CNT:PACKAGE0 *)
0.5198 s 0.0000 (* Average Power for rapl:::MINIMUM_POWER_CNT:PACKAGE1 *)
0.5198 s 0.0000 (* Average Power for rapl:::MAXIMUM_POWER_CNT:PACKAGE0 *)
0.5198 s 0.0000 (* Average Power for rapl:::MAXIMUM_POWER_CNT:PACKAGE1 *)
0.5198 s 0.0000 (* Average Power for rapl:::MAXIMUM_TIME_WINDOW_CNT:PACKAGE0 *)
0.5198 s 0.0000 (* Average Power for rapl:::MAXIMUM_TIME_WINDOW_CNT:PACKAGE1 *)
0.5198 s 0.0021 (* Average Power for rapl:::PACKAGE_ENERGY_CNT:PACKAGE0 *)
0.5198 s 0.0020 (* Average Power for rapl:::PACKAGE_ENERGY_CNT:PACKAGE1 *)
0.5198 s 0.0014 (* Average Power for rapl:::DRAM_ENERGY_CNT:PACKAGE0 *)
0.5198 s 0.0012 (* Average Power for rapl:::DRAM_ENERGY_CNT:PACKAGE1 *)
0.5198 s 0.0000 (* Average Power for rapl:::PP0_ENERGY_CNT:PACKAGE0 *)
0.5198 s 0.0000 (* Average Power for rapl:::PP0_ENERGY_CNT:PACKAGE1 *)
0.5198 s 8925240951.4686 (* Average Power for rapl:::THERMAL_SPEC:PACKAGE0 *)
0.5198 s 8925240951.4686 (* Average Power for rapl:::THERMAL_SPEC:PACKAGE1 *)
0.5198 s 8916102964.6462 (* Average Power for rapl:::MINIMUM_POWER:PACKAGE0 *)
0.5198 s 8916102964.6462 (* Average Power for rapl:::MINIMUM_POWER:PACKAGE1 *)
0.5198 s 8933905116.7521 (* Average Power for rapl:::MAXIMUM_POWER:PACKAGE0 *)
0.5198 s 8933905116.7521 (* Average Power for rapl:::MAXIMUM_POWER:PACKAGE1 *)
0.5198 s 8824181586.0914 (* Average Power for rapl:::MAXIMUM_TIME_WINDOW:PACKAGE0 *)
0.5198 s 8824181586.0914 (* Average Power for rapl:::MAXIMUM_TIME_WINDOW:PACKAGE1 *)
0.5198 s 65.0947 (* Total Energy for rapl:::PACKAGE_ENERGY:PACKAGE0 *)
0.5198 s 125.2311 (* Average Power for rapl:::PACKAGE_ENERGY:PACKAGE0 *)
0.5198 s 63.5422 (* Total Energy for rapl:::PACKAGE_ENERGY:PACKAGE1 *)
0.5198 s 122.2444 (* Average Power for rapl:::PACKAGE_ENERGY:PACKAGE1 *)
0.5198 s 20.6389 (* Average Power for rapl:::DRAM_ENERGY:PACKAGE0 *)
0.5198 s 18.9338 (* Average Power for rapl:::DRAM_ENERGY:PACKAGE1 *)
0.5198 s 0.0000 (* Average Power for rapl:::PP0_ENERGY:PACKAGE0 *)
0.5198 s 0.0000 (* Average Power for rapl:::PP0_ENERGY:PACKAGE1 *)
MST weight: 7.81576e+07 (78157588)
Num trees: 26556
Tree edges: 4009982
STATTYPE,LOOP,CATEGORY,n,sum,T0,T1,T2,T3,T4,T5,T6,T7,T8,T9,T10,T11,T12,T13,T14,T15,T16,T17,T18,T19,T20,T21,T22,T23,T24,T25,T26,T27,T28,T29,T30,T31,T32,T33,T34,T35,T36,T37,T38,T39,T40,T41,T42,T43,T44,T45,T46,T47
STAT,(NULL),InitializeSortTime,48,196,196,0,0,0,0,0,0,0,0,0,0,0,0,0,0,0,0,0,0,0,0,0,0,0,0,0,0,0,0,0,0,0,0,0,0,0,0,0,0,0,0,0,0,0,0,0,0,0
STAT,(NULL),InitializeTime,48,7757,7757,0,0,0,0,0,0,0,0,0,0,0,0,0,0,0,0,0,0,0,0,0,0,0,0,0,0,0,0,0,0,0,0,0,0,0,0,0,0,0,0,0,0,0,0,0,0,0
STAT,(NULL),LoopTime,48,696,696,0,0,0,0,0,0,0,0,0,0,0,0,0,0,0,0,0,0,0,0,0,0,0,0,0,0,0,0,0,0,0,0,0,0,0,0,0,0,0,0,0,0,0,0,0,0,0
STAT,(NULL),MeminfoPost,48,244,4,4,4,4,4,4,4,4,4,4,4,4,4,4,4,4,4,4,4,4,4,4,4,4,4,4,4,4,4,4,4,4,5,6,6,6,6,6,6,7,6,7,7,8,9,9,10,12
STAT,(NULL),MeminfoPre,48,0,0,0,0,0,0,0,0,0,0,0,0,0,0,0,0,0,0,0,0,0,0,0,0,0,0,0,0,0,0,0,0,0,0,0,0,0,0,0,0,0,0,0,0,0,0,0,0,0
STAT,(NULL),Rounds,48,22,22,0,0,0,0,0,0,0,0,0,0,0,0,0,0,0,0,0,0,0,0,0,0,0,0,0,0,0,0,0,0,0,0,0,0,0,0,0,0,0,0,0,0,0,0,0,0,0
STAT,(NULL),Threads,48,48,48,0,0,0,0,0,0,0,0,0,0,0,0,0,0,0,0,0,0,0,0,0,0,0,0,0,0,0,0,0,0,0,0,0,0,0,0,0,0,0,0,0,0,0,0,0,0,0
STAT,(NULL),Time,48,519,519,0,0,0,0,0,0,0,0,0,0,0,0,0,0,0,0,0,0,0,0,0,0,0,0,0,0,0,0,0,0,0,0,0,0,0,0,0,0,0,0,0,0,0,0,0,0,0
STAT,map_reduce,LoopTime,48,52,52,0,0,0,0,0,0,0,0,0,0,0,0,0,0,0,0,0,0,0,0,0,0,0,0,0,0,0,0,0,0,0,0,0,0,0,0,0,0,0,0,0,0,0,0,0,0,0
	Command being timed: "/home/users/norris/research/easy-parallel-graph/autoperf/mst/lib/Galois-2.2.1/build/power/apps/boruvka/boruvka -t=48 /home/users/norris/research/easy-parallel-graph/experiment/datasets/com-lj-org-weighted_75i_1000000.gr"
	User time (seconds): 50.81
	System time (seconds): 2.02
	Percent of CPU this job got: 587%
	Elapsed (wall clock) time (h:mm:ss or m:ss): 0:08.99
	Average shared text size (kbytes): 0
	Average unshared data size (kbytes): 0
	Average stack size (kbytes): 0
	Average total size (kbytes): 0
	Maximum resident set size (kbytes): 4407992
	Average resident set size (kbytes): 0
	Major (requiring I/O) page faults: 0
	Minor (reclaiming a frame) page faults: 32138
	Voluntary context switches: 3176
	Involuntary context switches: 302
	Swaps: 0
	File system inputs: 0
	File system outputs: 16
	Socket messages sent: 0
	Socket messages received: 0
	Signals delivered: 0
	Page size (bytes): 4096
	Exit status: 0
Galois Benchmark Suite v2.2.1 (r0)
Copyright (C) 2014 The University of Texas at Austin
http://iss.ices.utexas.edu/galois/

application: Boruvka's Minimum Spanning Tree Algorithm
Computes the minimum spanning forest of a graph
http://iss.ices.utexas.edu/?p=projects/galois/benchmarks/mst

INFO: CommandLine /home/users/norris/research/easy-parallel-graph/autoperf/mst/lib/Galois-2.2.1/build/power/apps/boruvka/boruvka -t=48 /home/users/norris/research/easy-parallel-graph/experiment/datasets/com-lj-org-weighted_75i_1000000.gr
INFO: Hostname arya
Found rapl component at cid 2
Found: rapl:::THERMAL_SPEC_CNT:PACKAGE0
Found: rapl:::THERMAL_SPEC_CNT:PACKAGE1
Found: rapl:::MINIMUM_POWER_CNT:PACKAGE0
Found: rapl:::MINIMUM_POWER_CNT:PACKAGE1
Found: rapl:::MAXIMUM_POWER_CNT:PACKAGE0
Found: rapl:::MAXIMUM_POWER_CNT:PACKAGE1
Found: rapl:::MAXIMUM_TIME_WINDOW_CNT:PACKAGE0
Found: rapl:::MAXIMUM_TIME_WINDOW_CNT:PACKAGE1
Found: rapl:::PACKAGE_ENERGY_CNT:PACKAGE0
Found: rapl:::PACKAGE_ENERGY_CNT:PACKAGE1
Found: rapl:::DRAM_ENERGY_CNT:PACKAGE0
Found: rapl:::DRAM_ENERGY_CNT:PACKAGE1
Found: rapl:::PP0_ENERGY_CNT:PACKAGE0
Found: rapl:::PP0_ENERGY_CNT:PACKAGE1
Found: rapl:::THERMAL_SPEC:PACKAGE0
Found: rapl:::THERMAL_SPEC:PACKAGE1
Found: rapl:::MINIMUM_POWER:PACKAGE0
Found: rapl:::MINIMUM_POWER:PACKAGE1
Found: rapl:::MAXIMUM_POWER:PACKAGE0
Found: rapl:::MAXIMUM_POWER:PACKAGE1
Found: rapl:::MAXIMUM_TIME_WINDOW:PACKAGE0
Found: rapl:::MAXIMUM_TIME_WINDOW:PACKAGE1
Found: rapl:::PACKAGE_ENERGY:PACKAGE0
Found: rapl:::PACKAGE_ENERGY:PACKAGE1
Found: rapl:::DRAM_ENERGY:PACKAGE0
Found: rapl:::DRAM_ENERGY:PACKAGE1
Found: rapl:::PP0_ENERGY:PACKAGE0
Found: rapl:::PP0_ENERGY:PACKAGE1
Nodes: 4036538 edges: 139726522 heaviest edge: 99
0.5338 s 0.0000 (* Average Power for rapl:::THERMAL_SPEC_CNT:PACKAGE0 *)
0.5338 s 0.0000 (* Average Power for rapl:::THERMAL_SPEC_CNT:PACKAGE1 *)
0.5338 s 0.0000 (* Average Power for rapl:::MINIMUM_POWER_CNT:PACKAGE0 *)
0.5338 s 0.0000 (* Average Power for rapl:::MINIMUM_POWER_CNT:PACKAGE1 *)
0.5338 s 0.0000 (* Average Power for rapl:::MAXIMUM_POWER_CNT:PACKAGE0 *)
0.5338 s 0.0000 (* Average Power for rapl:::MAXIMUM_POWER_CNT:PACKAGE1 *)
0.5338 s 0.0000 (* Average Power for rapl:::MAXIMUM_TIME_WINDOW_CNT:PACKAGE0 *)
0.5338 s 0.0000 (* Average Power for rapl:::MAXIMUM_TIME_WINDOW_CNT:PACKAGE1 *)
0.5338 s 0.0021 (* Average Power for rapl:::PACKAGE_ENERGY_CNT:PACKAGE0 *)
0.5338 s 0.0020 (* Average Power for rapl:::PACKAGE_ENERGY_CNT:PACKAGE1 *)
0.5338 s 0.0014 (* Average Power for rapl:::DRAM_ENERGY_CNT:PACKAGE0 *)
0.5338 s 0.0013 (* Average Power for rapl:::DRAM_ENERGY_CNT:PACKAGE1 *)
0.5338 s 0.0000 (* Average Power for rapl:::PP0_ENERGY_CNT:PACKAGE0 *)
0.5338 s 0.0000 (* Average Power for rapl:::PP0_ENERGY_CNT:PACKAGE1 *)
0.5338 s 8691053604.3097 (* Average Power for rapl:::THERMAL_SPEC:PACKAGE0 *)
0.5338 s 8691053604.3097 (* Average Power for rapl:::THERMAL_SPEC:PACKAGE1 *)
0.5338 s 8682155387.0245 (* Average Power for rapl:::MINIMUM_POWER:PACKAGE0 *)
0.5338 s 8682155387.0245 (* Average Power for rapl:::MINIMUM_POWER:PACKAGE1 *)
0.5338 s 8699490432.5505 (* Average Power for rapl:::MAXIMUM_POWER:PACKAGE0 *)
0.5338 s 8699490432.5505 (* Average Power for rapl:::MAXIMUM_POWER:PACKAGE1 *)
0.5338 s 8592645912.4069 (* Average Power for rapl:::MAXIMUM_TIME_WINDOW:PACKAGE0 *)
0.5338 s 8592645912.4069 (* Average Power for rapl:::MAXIMUM_TIME_WINDOW:PACKAGE1 *)
0.5338 s 67.2269 (* Total Energy for rapl:::PACKAGE_ENERGY:PACKAGE0 *)
0.5338 s 125.9396 (* Average Power for rapl:::PACKAGE_ENERGY:PACKAGE0 *)
0.5338 s 66.1435 (* Total Energy for rapl:::PACKAGE_ENERGY:PACKAGE1 *)
0.5338 s 123.9101 (* Average Power for rapl:::PACKAGE_ENERGY:PACKAGE1 *)
0.5338 s 20.8372 (* Average Power for rapl:::DRAM_ENERGY:PACKAGE0 *)
0.5338 s 19.4488 (* Average Power for rapl:::DRAM_ENERGY:PACKAGE1 *)
0.5338 s 0.0000 (* Average Power for rapl:::PP0_ENERGY:PACKAGE0 *)
0.5338 s 0.0000 (* Average Power for rapl:::PP0_ENERGY:PACKAGE1 *)
MST weight: 7.81576e+07 (78157588)
Num trees: 26556
Tree edges: 4009982
STATTYPE,LOOP,CATEGORY,n,sum,T0,T1,T2,T3,T4,T5,T6,T7,T8,T9,T10,T11,T12,T13,T14,T15,T16,T17,T18,T19,T20,T21,T22,T23,T24,T25,T26,T27,T28,T29,T30,T31,T32,T33,T34,T35,T36,T37,T38,T39,T40,T41,T42,T43,T44,T45,T46,T47
STAT,(NULL),InitializeSortTime,48,197,197,0,0,0,0,0,0,0,0,0,0,0,0,0,0,0,0,0,0,0,0,0,0,0,0,0,0,0,0,0,0,0,0,0,0,0,0,0,0,0,0,0,0,0,0,0,0,0
STAT,(NULL),InitializeTime,48,7188,7188,0,0,0,0,0,0,0,0,0,0,0,0,0,0,0,0,0,0,0,0,0,0,0,0,0,0,0,0,0,0,0,0,0,0,0,0,0,0,0,0,0,0,0,0,0,0,0
STAT,(NULL),LoopTime,48,708,708,0,0,0,0,0,0,0,0,0,0,0,0,0,0,0,0,0,0,0,0,0,0,0,0,0,0,0,0,0,0,0,0,0,0,0,0,0,0,0,0,0,0,0,0,0,0,0
STAT,(NULL),MeminfoPost,48,246,4,4,4,4,4,4,4,4,4,4,4,4,4,4,4,4,4,4,4,4,4,4,4,4,4,4,4,4,4,4,4,4,5,6,6,6,6,6,6,7,7,7,7,8,9,9,11,12
STAT,(NULL),MeminfoPre,48,0,0,0,0,0,0,0,0,0,0,0,0,0,0,0,0,0,0,0,0,0,0,0,0,0,0,0,0,0,0,0,0,0,0,0,0,0,0,0,0,0,0,0,0,0,0,0,0,0
STAT,(NULL),Rounds,48,23,23,0,0,0,0,0,0,0,0,0,0,0,0,0,0,0,0,0,0,0,0,0,0,0,0,0,0,0,0,0,0,0,0,0,0,0,0,0,0,0,0,0,0,0,0,0,0,0
STAT,(NULL),Threads,48,48,48,0,0,0,0,0,0,0,0,0,0,0,0,0,0,0,0,0,0,0,0,0,0,0,0,0,0,0,0,0,0,0,0,0,0,0,0,0,0,0,0,0,0,0,0,0,0,0
STAT,(NULL),Time,48,533,533,0,0,0,0,0,0,0,0,0,0,0,0,0,0,0,0,0,0,0,0,0,0,0,0,0,0,0,0,0,0,0,0,0,0,0,0,0,0,0,0,0,0,0,0,0,0,0
STAT,map_reduce,LoopTime,48,40,40,0,0,0,0,0,0,0,0,0,0,0,0,0,0,0,0,0,0,0,0,0,0,0,0,0,0,0,0,0,0,0,0,0,0,0,0,0,0,0,0,0,0,0,0,0,0,0
	Command being timed: "/home/users/norris/research/easy-parallel-graph/autoperf/mst/lib/Galois-2.2.1/build/power/apps/boruvka/boruvka -t=48 /home/users/norris/research/easy-parallel-graph/experiment/datasets/com-lj-org-weighted_75i_1000000.gr"
	User time (seconds): 51.12
	System time (seconds): 2.12
	Percent of CPU this job got: 629%
	Elapsed (wall clock) time (h:mm:ss or m:ss): 0:08.46
	Average shared text size (kbytes): 0
	Average unshared data size (kbytes): 0
	Average stack size (kbytes): 0
	Average total size (kbytes): 0
	Maximum resident set size (kbytes): 4407728
	Average resident set size (kbytes): 0
	Major (requiring I/O) page faults: 0
	Minor (reclaiming a frame) page faults: 29972
	Voluntary context switches: 3363
	Involuntary context switches: 293
	Swaps: 0
	File system inputs: 0
	File system outputs: 16
	Socket messages sent: 0
	Socket messages received: 0
	Signals delivered: 0
	Page size (bytes): 4096
	Exit status: 0
Galois Benchmark Suite v2.2.1 (r0)
Copyright (C) 2014 The University of Texas at Austin
http://iss.ices.utexas.edu/galois/

application: Boruvka's Minimum Spanning Tree Algorithm
Computes the minimum spanning forest of a graph
http://iss.ices.utexas.edu/?p=projects/galois/benchmarks/mst

INFO: CommandLine /home/users/norris/research/easy-parallel-graph/autoperf/mst/lib/Galois-2.2.1/build/power/apps/boruvka/boruvka -t=48 /home/users/norris/research/easy-parallel-graph/experiment/datasets/com-lj-org-weighted_75i_1000000.gr
INFO: Hostname arya
Found rapl component at cid 2
Found: rapl:::THERMAL_SPEC_CNT:PACKAGE0
Found: rapl:::THERMAL_SPEC_CNT:PACKAGE1
Found: rapl:::MINIMUM_POWER_CNT:PACKAGE0
Found: rapl:::MINIMUM_POWER_CNT:PACKAGE1
Found: rapl:::MAXIMUM_POWER_CNT:PACKAGE0
Found: rapl:::MAXIMUM_POWER_CNT:PACKAGE1
Found: rapl:::MAXIMUM_TIME_WINDOW_CNT:PACKAGE0
Found: rapl:::MAXIMUM_TIME_WINDOW_CNT:PACKAGE1
Found: rapl:::PACKAGE_ENERGY_CNT:PACKAGE0
Found: rapl:::PACKAGE_ENERGY_CNT:PACKAGE1
Found: rapl:::DRAM_ENERGY_CNT:PACKAGE0
Found: rapl:::DRAM_ENERGY_CNT:PACKAGE1
Found: rapl:::PP0_ENERGY_CNT:PACKAGE0
Found: rapl:::PP0_ENERGY_CNT:PACKAGE1
Found: rapl:::THERMAL_SPEC:PACKAGE0
Found: rapl:::THERMAL_SPEC:PACKAGE1
Found: rapl:::MINIMUM_POWER:PACKAGE0
Found: rapl:::MINIMUM_POWER:PACKAGE1
Found: rapl:::MAXIMUM_POWER:PACKAGE0
Found: rapl:::MAXIMUM_POWER:PACKAGE1
Found: rapl:::MAXIMUM_TIME_WINDOW:PACKAGE0
Found: rapl:::MAXIMUM_TIME_WINDOW:PACKAGE1
Found: rapl:::PACKAGE_ENERGY:PACKAGE0
Found: rapl:::PACKAGE_ENERGY:PACKAGE1
Found: rapl:::DRAM_ENERGY:PACKAGE0
Found: rapl:::DRAM_ENERGY:PACKAGE1
Found: rapl:::PP0_ENERGY:PACKAGE0
Found: rapl:::PP0_ENERGY:PACKAGE1
Nodes: 4036538 edges: 139726522 heaviest edge: 99
0.5260 s 0.0000 (* Average Power for rapl:::THERMAL_SPEC_CNT:PACKAGE0 *)
0.5260 s 0.0000 (* Average Power for rapl:::THERMAL_SPEC_CNT:PACKAGE1 *)
0.5260 s 0.0000 (* Average Power for rapl:::MINIMUM_POWER_CNT:PACKAGE0 *)
0.5260 s 0.0000 (* Average Power for rapl:::MINIMUM_POWER_CNT:PACKAGE1 *)
0.5260 s 0.0000 (* Average Power for rapl:::MAXIMUM_POWER_CNT:PACKAGE0 *)
0.5260 s 0.0000 (* Average Power for rapl:::MAXIMUM_POWER_CNT:PACKAGE1 *)
0.5260 s 0.0000 (* Average Power for rapl:::MAXIMUM_TIME_WINDOW_CNT:PACKAGE0 *)
0.5260 s 0.0000 (* Average Power for rapl:::MAXIMUM_TIME_WINDOW_CNT:PACKAGE1 *)
0.5260 s 0.0021 (* Average Power for rapl:::PACKAGE_ENERGY_CNT:PACKAGE0 *)
0.5260 s 0.0020 (* Average Power for rapl:::PACKAGE_ENERGY_CNT:PACKAGE1 *)
0.5260 s 0.0014 (* Average Power for rapl:::DRAM_ENERGY_CNT:PACKAGE0 *)
0.5260 s 0.0012 (* Average Power for rapl:::DRAM_ENERGY_CNT:PACKAGE1 *)
0.5260 s 0.0000 (* Average Power for rapl:::PP0_ENERGY_CNT:PACKAGE0 *)
0.5260 s 0.0000 (* Average Power for rapl:::PP0_ENERGY_CNT:PACKAGE1 *)
0.5260 s 8819340985.5033 (* Average Power for rapl:::THERMAL_SPEC:PACKAGE0 *)
0.5260 s 8819340985.5033 (* Average Power for rapl:::THERMAL_SPEC:PACKAGE1 *)
0.5260 s 8810311422.9238 (* Average Power for rapl:::MINIMUM_POWER:PACKAGE0 *)
0.5260 s 8810311422.9238 (* Average Power for rapl:::MINIMUM_POWER:PACKAGE1 *)
0.5260 s 8827902348.5416 (* Average Power for rapl:::MAXIMUM_POWER:PACKAGE0 *)
0.5260 s 8827902348.5416 (* Average Power for rapl:::MAXIMUM_POWER:PACKAGE1 *)
0.5260 s 8719480711.9391 (* Average Power for rapl:::MAXIMUM_TIME_WINDOW:PACKAGE0 *)
0.5260 s 8719480711.9391 (* Average Power for rapl:::MAXIMUM_TIME_WINDOW:PACKAGE1 *)
0.5260 s 66.0123 (* Total Energy for rapl:::PACKAGE_ENERGY:PACKAGE0 *)
0.5260 s 125.4897 (* Average Power for rapl:::PACKAGE_ENERGY:PACKAGE0 *)
0.5260 s 64.2271 (* Total Energy for rapl:::PACKAGE_ENERGY:PACKAGE1 *)
0.5260 s 122.0960 (* Average Power for rapl:::PACKAGE_ENERGY:PACKAGE1 *)
0.5260 s 20.9394 (* Average Power for rapl:::DRAM_ENERGY:PACKAGE0 *)
0.5260 s 18.8552 (* Average Power for rapl:::DRAM_ENERGY:PACKAGE1 *)
0.5260 s 0.0000 (* Average Power for rapl:::PP0_ENERGY:PACKAGE0 *)
0.5260 s 0.0000 (* Average Power for rapl:::PP0_ENERGY:PACKAGE1 *)
MST weight: 7.81576e+07 (78157588)
Num trees: 26556
Tree edges: 4009982
STATTYPE,LOOP,CATEGORY,n,sum,T0,T1,T2,T3,T4,T5,T6,T7,T8,T9,T10,T11,T12,T13,T14,T15,T16,T17,T18,T19,T20,T21,T22,T23,T24,T25,T26,T27,T28,T29,T30,T31,T32,T33,T34,T35,T36,T37,T38,T39,T40,T41,T42,T43,T44,T45,T46,T47
STAT,(NULL),InitializeSortTime,48,196,196,0,0,0,0,0,0,0,0,0,0,0,0,0,0,0,0,0,0,0,0,0,0,0,0,0,0,0,0,0,0,0,0,0,0,0,0,0,0,0,0,0,0,0,0,0,0,0
STAT,(NULL),InitializeTime,48,7984,7984,0,0,0,0,0,0,0,0,0,0,0,0,0,0,0,0,0,0,0,0,0,0,0,0,0,0,0,0,0,0,0,0,0,0,0,0,0,0,0,0,0,0,0,0,0,0,0
STAT,(NULL),LoopTime,48,703,703,0,0,0,0,0,0,0,0,0,0,0,0,0,0,0,0,0,0,0,0,0,0,0,0,0,0,0,0,0,0,0,0,0,0,0,0,0,0,0,0,0,0,0,0,0,0,0
STAT,(NULL),MeminfoPost,48,246,4,4,4,4,4,4,4,4,4,4,4,4,4,4,4,4,4,4,4,4,4,4,4,4,4,4,4,4,4,4,4,4,5,6,6,6,6,6,6,7,7,7,7,8,9,9,11,12
STAT,(NULL),MeminfoPre,48,0,0,0,0,0,0,0,0,0,0,0,0,0,0,0,0,0,0,0,0,0,0,0,0,0,0,0,0,0,0,0,0,0,0,0,0,0,0,0,0,0,0,0,0,0,0,0,0,0
STAT,(NULL),Rounds,48,23,23,0,0,0,0,0,0,0,0,0,0,0,0,0,0,0,0,0,0,0,0,0,0,0,0,0,0,0,0,0,0,0,0,0,0,0,0,0,0,0,0,0,0,0,0,0,0,0
STAT,(NULL),Threads,48,48,48,0,0,0,0,0,0,0,0,0,0,0,0,0,0,0,0,0,0,0,0,0,0,0,0,0,0,0,0,0,0,0,0,0,0,0,0,0,0,0,0,0,0,0,0,0,0,0
STAT,(NULL),Time,48,526,526,0,0,0,0,0,0,0,0,0,0,0,0,0,0,0,0,0,0,0,0,0,0,0,0,0,0,0,0,0,0,0,0,0,0,0,0,0,0,0,0,0,0,0,0,0,0,0
STAT,map_reduce,LoopTime,48,40,40,0,0,0,0,0,0,0,0,0,0,0,0,0,0,0,0,0,0,0,0,0,0,0,0,0,0,0,0,0,0,0,0,0,0,0,0,0,0,0,0,0,0,0,0,0,0,0
	Command being timed: "/home/users/norris/research/easy-parallel-graph/autoperf/mst/lib/Galois-2.2.1/build/power/apps/boruvka/boruvka -t=48 /home/users/norris/research/easy-parallel-graph/experiment/datasets/com-lj-org-weighted_75i_1000000.gr"
	User time (seconds): 50.80
	System time (seconds): 2.20
	Percent of CPU this job got: 574%
	Elapsed (wall clock) time (h:mm:ss or m:ss): 0:09.23
	Average shared text size (kbytes): 0
	Average unshared data size (kbytes): 0
	Average stack size (kbytes): 0
	Average total size (kbytes): 0
	Maximum resident set size (kbytes): 4411020
	Average resident set size (kbytes): 0
	Major (requiring I/O) page faults: 0
	Minor (reclaiming a frame) page faults: 31953
	Voluntary context switches: 3321
	Involuntary context switches: 248
	Swaps: 0
	File system inputs: 0
	File system outputs: 16
	Socket messages sent: 0
	Socket messages received: 0
	Signals delivered: 0
	Page size (bytes): 4096
	Exit status: 0
Galois Benchmark Suite v2.2.1 (r0)
Copyright (C) 2014 The University of Texas at Austin
http://iss.ices.utexas.edu/galois/

application: Boruvka's Minimum Spanning Tree Algorithm
Computes the minimum spanning forest of a graph
http://iss.ices.utexas.edu/?p=projects/galois/benchmarks/mst

INFO: CommandLine /home/users/norris/research/easy-parallel-graph/autoperf/mst/lib/Galois-2.2.1/build/power/apps/boruvka/boruvka -t=48 /home/users/norris/research/easy-parallel-graph/experiment/datasets/com-lj-org-weighted_75i_1000000.gr
INFO: Hostname arya
Found rapl component at cid 2
Found: rapl:::THERMAL_SPEC_CNT:PACKAGE0
Found: rapl:::THERMAL_SPEC_CNT:PACKAGE1
Found: rapl:::MINIMUM_POWER_CNT:PACKAGE0
Found: rapl:::MINIMUM_POWER_CNT:PACKAGE1
Found: rapl:::MAXIMUM_POWER_CNT:PACKAGE0
Found: rapl:::MAXIMUM_POWER_CNT:PACKAGE1
Found: rapl:::MAXIMUM_TIME_WINDOW_CNT:PACKAGE0
Found: rapl:::MAXIMUM_TIME_WINDOW_CNT:PACKAGE1
Found: rapl:::PACKAGE_ENERGY_CNT:PACKAGE0
Found: rapl:::PACKAGE_ENERGY_CNT:PACKAGE1
Found: rapl:::DRAM_ENERGY_CNT:PACKAGE0
Found: rapl:::DRAM_ENERGY_CNT:PACKAGE1
Found: rapl:::PP0_ENERGY_CNT:PACKAGE0
Found: rapl:::PP0_ENERGY_CNT:PACKAGE1
Found: rapl:::THERMAL_SPEC:PACKAGE0
Found: rapl:::THERMAL_SPEC:PACKAGE1
Found: rapl:::MINIMUM_POWER:PACKAGE0
Found: rapl:::MINIMUM_POWER:PACKAGE1
Found: rapl:::MAXIMUM_POWER:PACKAGE0
Found: rapl:::MAXIMUM_POWER:PACKAGE1
Found: rapl:::MAXIMUM_TIME_WINDOW:PACKAGE0
Found: rapl:::MAXIMUM_TIME_WINDOW:PACKAGE1
Found: rapl:::PACKAGE_ENERGY:PACKAGE0
Found: rapl:::PACKAGE_ENERGY:PACKAGE1
Found: rapl:::DRAM_ENERGY:PACKAGE0
Found: rapl:::DRAM_ENERGY:PACKAGE1
Found: rapl:::PP0_ENERGY:PACKAGE0
Found: rapl:::PP0_ENERGY:PACKAGE1
Nodes: 4036538 edges: 139726522 heaviest edge: 99
0.5094 s 0.0000 (* Average Power for rapl:::THERMAL_SPEC_CNT:PACKAGE0 *)
0.5094 s 0.0000 (* Average Power for rapl:::THERMAL_SPEC_CNT:PACKAGE1 *)
0.5094 s 0.0000 (* Average Power for rapl:::MINIMUM_POWER_CNT:PACKAGE0 *)
0.5094 s 0.0000 (* Average Power for rapl:::MINIMUM_POWER_CNT:PACKAGE1 *)
0.5094 s 0.0000 (* Average Power for rapl:::MAXIMUM_POWER_CNT:PACKAGE0 *)
0.5094 s 0.0000 (* Average Power for rapl:::MAXIMUM_POWER_CNT:PACKAGE1 *)
0.5094 s 0.0000 (* Average Power for rapl:::MAXIMUM_TIME_WINDOW_CNT:PACKAGE0 *)
0.5094 s 0.0000 (* Average Power for rapl:::MAXIMUM_TIME_WINDOW_CNT:PACKAGE1 *)
0.5094 s 0.0021 (* Average Power for rapl:::PACKAGE_ENERGY_CNT:PACKAGE0 *)
0.5094 s 0.0020 (* Average Power for rapl:::PACKAGE_ENERGY_CNT:PACKAGE1 *)
0.5094 s 0.0014 (* Average Power for rapl:::DRAM_ENERGY_CNT:PACKAGE0 *)
0.5094 s 0.0012 (* Average Power for rapl:::DRAM_ENERGY_CNT:PACKAGE1 *)
0.5094 s 0.0000 (* Average Power for rapl:::PP0_ENERGY_CNT:PACKAGE0 *)
0.5094 s 0.0000 (* Average Power for rapl:::PP0_ENERGY_CNT:PACKAGE1 *)
0.5094 s 9106892000.1213 (* Average Power for rapl:::THERMAL_SPEC:PACKAGE0 *)
0.5094 s 9106892000.1213 (* Average Power for rapl:::THERMAL_SPEC:PACKAGE1 *)
0.5094 s 9097568032.3379 (* Average Power for rapl:::MINIMUM_POWER:PACKAGE0 *)
0.5094 s 9097568032.3379 (* Average Power for rapl:::MINIMUM_POWER:PACKAGE1 *)
0.5094 s 9115732502.9085 (* Average Power for rapl:::MAXIMUM_POWER:PACKAGE0 *)
0.5094 s 9115732502.9085 (* Average Power for rapl:::MAXIMUM_POWER:PACKAGE1 *)
0.5094 s 9003775823.0797 (* Average Power for rapl:::MAXIMUM_TIME_WINDOW:PACKAGE0 *)
0.5094 s 9003775823.0797 (* Average Power for rapl:::MAXIMUM_TIME_WINDOW:PACKAGE1 *)
0.5094 s 63.9472 (* Total Energy for rapl:::PACKAGE_ENERGY:PACKAGE0 *)
0.5094 s 125.5275 (* Average Power for rapl:::PACKAGE_ENERGY:PACKAGE0 *)
0.5094 s 62.3873 (* Total Energy for rapl:::PACKAGE_ENERGY:PACKAGE1 *)
0.5094 s 122.4653 (* Average Power for rapl:::PACKAGE_ENERGY:PACKAGE1 *)
0.5094 s 20.8930 (* Average Power for rapl:::DRAM_ENERGY:PACKAGE0 *)
0.5094 s 18.8142 (* Average Power for rapl:::DRAM_ENERGY:PACKAGE1 *)
0.5094 s 0.0000 (* Average Power for rapl:::PP0_ENERGY:PACKAGE0 *)
0.5094 s 0.0000 (* Average Power for rapl:::PP0_ENERGY:PACKAGE1 *)
MST weight: 7.81576e+07 (78157588)
Num trees: 26556
Tree edges: 4009982
STATTYPE,LOOP,CATEGORY,n,sum,T0,T1,T2,T3,T4,T5,T6,T7,T8,T9,T10,T11,T12,T13,T14,T15,T16,T17,T18,T19,T20,T21,T22,T23,T24,T25,T26,T27,T28,T29,T30,T31,T32,T33,T34,T35,T36,T37,T38,T39,T40,T41,T42,T43,T44,T45,T46,T47
STAT,(NULL),InitializeSortTime,48,196,196,0,0,0,0,0,0,0,0,0,0,0,0,0,0,0,0,0,0,0,0,0,0,0,0,0,0,0,0,0,0,0,0,0,0,0,0,0,0,0,0,0,0,0,0,0,0,0
STAT,(NULL),InitializeTime,48,7128,7128,0,0,0,0,0,0,0,0,0,0,0,0,0,0,0,0,0,0,0,0,0,0,0,0,0,0,0,0,0,0,0,0,0,0,0,0,0,0,0,0,0,0,0,0,0,0,0
STAT,(NULL),LoopTime,48,687,687,0,0,0,0,0,0,0,0,0,0,0,0,0,0,0,0,0,0,0,0,0,0,0,0,0,0,0,0,0,0,0,0,0,0,0,0,0,0,0,0,0,0,0,0,0,0,0
STAT,(NULL),MeminfoPost,48,246,4,4,4,4,4,4,4,4,4,4,4,4,4,4,4,4,4,4,4,4,4,4,4,4,4,4,4,4,4,4,4,4,5,6,6,6,6,6,6,7,7,7,7,8,9,9,11,12
STAT,(NULL),MeminfoPre,48,0,0,0,0,0,0,0,0,0,0,0,0,0,0,0,0,0,0,0,0,0,0,0,0,0,0,0,0,0,0,0,0,0,0,0,0,0,0,0,0,0,0,0,0,0,0,0,0,0
STAT,(NULL),Rounds,48,22,22,0,0,0,0,0,0,0,0,0,0,0,0,0,0,0,0,0,0,0,0,0,0,0,0,0,0,0,0,0,0,0,0,0,0,0,0,0,0,0,0,0,0,0,0,0,0,0
STAT,(NULL),Threads,48,48,48,0,0,0,0,0,0,0,0,0,0,0,0,0,0,0,0,0,0,0,0,0,0,0,0,0,0,0,0,0,0,0,0,0,0,0,0,0,0,0,0,0,0,0,0,0,0,0
STAT,(NULL),Time,48,509,509,0,0,0,0,0,0,0,0,0,0,0,0,0,0,0,0,0,0,0,0,0,0,0,0,0,0,0,0,0,0,0,0,0,0,0,0,0,0,0,0,0,0,0,0,0,0,0
STAT,map_reduce,LoopTime,48,40,40,0,0,0,0,0,0,0,0,0,0,0,0,0,0,0,0,0,0,0,0,0,0,0,0,0,0,0,0,0,0,0,0,0,0,0,0,0,0,0,0,0,0,0,0,0,0,0
	Command being timed: "/home/users/norris/research/easy-parallel-graph/autoperf/mst/lib/Galois-2.2.1/build/power/apps/boruvka/boruvka -t=48 /home/users/norris/research/easy-parallel-graph/experiment/datasets/com-lj-org-weighted_75i_1000000.gr"
	User time (seconds): 49.28
	System time (seconds): 1.95
	Percent of CPU this job got: 613%
	Elapsed (wall clock) time (h:mm:ss or m:ss): 0:08.35
	Average shared text size (kbytes): 0
	Average unshared data size (kbytes): 0
	Average stack size (kbytes): 0
	Average total size (kbytes): 0
	Maximum resident set size (kbytes): 4407948
	Average resident set size (kbytes): 0
	Major (requiring I/O) page faults: 0
	Minor (reclaiming a frame) page faults: 31446
	Voluntary context switches: 3175
	Involuntary context switches: 249
	Swaps: 0
	File system inputs: 0
	File system outputs: 16
	Socket messages sent: 0
	Socket messages received: 0
	Signals delivered: 0
	Page size (bytes): 4096
	Exit status: 0
Galois Benchmark Suite v2.2.1 (r0)
Copyright (C) 2014 The University of Texas at Austin
http://iss.ices.utexas.edu/galois/

application: Boruvka's Minimum Spanning Tree Algorithm
Computes the minimum spanning forest of a graph
http://iss.ices.utexas.edu/?p=projects/galois/benchmarks/mst

INFO: CommandLine /home/users/norris/research/easy-parallel-graph/autoperf/mst/lib/Galois-2.2.1/build/power/apps/boruvka/boruvka -t=48 /home/users/norris/research/easy-parallel-graph/experiment/datasets/com-lj-org-weighted_75i_1000000.gr
INFO: Hostname arya
Found rapl component at cid 2
Found: rapl:::THERMAL_SPEC_CNT:PACKAGE0
Found: rapl:::THERMAL_SPEC_CNT:PACKAGE1
Found: rapl:::MINIMUM_POWER_CNT:PACKAGE0
Found: rapl:::MINIMUM_POWER_CNT:PACKAGE1
Found: rapl:::MAXIMUM_POWER_CNT:PACKAGE0
Found: rapl:::MAXIMUM_POWER_CNT:PACKAGE1
Found: rapl:::MAXIMUM_TIME_WINDOW_CNT:PACKAGE0
Found: rapl:::MAXIMUM_TIME_WINDOW_CNT:PACKAGE1
Found: rapl:::PACKAGE_ENERGY_CNT:PACKAGE0
Found: rapl:::PACKAGE_ENERGY_CNT:PACKAGE1
Found: rapl:::DRAM_ENERGY_CNT:PACKAGE0
Found: rapl:::DRAM_ENERGY_CNT:PACKAGE1
Found: rapl:::PP0_ENERGY_CNT:PACKAGE0
Found: rapl:::PP0_ENERGY_CNT:PACKAGE1
Found: rapl:::THERMAL_SPEC:PACKAGE0
Found: rapl:::THERMAL_SPEC:PACKAGE1
Found: rapl:::MINIMUM_POWER:PACKAGE0
Found: rapl:::MINIMUM_POWER:PACKAGE1
Found: rapl:::MAXIMUM_POWER:PACKAGE0
Found: rapl:::MAXIMUM_POWER:PACKAGE1
Found: rapl:::MAXIMUM_TIME_WINDOW:PACKAGE0
Found: rapl:::MAXIMUM_TIME_WINDOW:PACKAGE1
Found: rapl:::PACKAGE_ENERGY:PACKAGE0
Found: rapl:::PACKAGE_ENERGY:PACKAGE1
Found: rapl:::DRAM_ENERGY:PACKAGE0
Found: rapl:::DRAM_ENERGY:PACKAGE1
Found: rapl:::PP0_ENERGY:PACKAGE0
Found: rapl:::PP0_ENERGY:PACKAGE1
Nodes: 4036538 edges: 139726522 heaviest edge: 99
0.5013 s 0.0000 (* Average Power for rapl:::THERMAL_SPEC_CNT:PACKAGE0 *)
0.5013 s 0.0000 (* Average Power for rapl:::THERMAL_SPEC_CNT:PACKAGE1 *)
0.5013 s 0.0000 (* Average Power for rapl:::MINIMUM_POWER_CNT:PACKAGE0 *)
0.5013 s 0.0000 (* Average Power for rapl:::MINIMUM_POWER_CNT:PACKAGE1 *)
0.5013 s 0.0000 (* Average Power for rapl:::MAXIMUM_POWER_CNT:PACKAGE0 *)
0.5013 s 0.0000 (* Average Power for rapl:::MAXIMUM_POWER_CNT:PACKAGE1 *)
0.5013 s 0.0000 (* Average Power for rapl:::MAXIMUM_TIME_WINDOW_CNT:PACKAGE0 *)
0.5013 s 0.0000 (* Average Power for rapl:::MAXIMUM_TIME_WINDOW_CNT:PACKAGE1 *)
0.5013 s 0.0021 (* Average Power for rapl:::PACKAGE_ENERGY_CNT:PACKAGE0 *)
0.5013 s 0.0020 (* Average Power for rapl:::PACKAGE_ENERGY_CNT:PACKAGE1 *)
0.5013 s 0.0014 (* Average Power for rapl:::DRAM_ENERGY_CNT:PACKAGE0 *)
0.5013 s 0.0012 (* Average Power for rapl:::DRAM_ENERGY_CNT:PACKAGE1 *)
0.5013 s 0.0000 (* Average Power for rapl:::PP0_ENERGY_CNT:PACKAGE0 *)
0.5013 s 0.0000 (* Average Power for rapl:::PP0_ENERGY_CNT:PACKAGE1 *)
0.5013 s 9254820873.4007 (* Average Power for rapl:::THERMAL_SPEC:PACKAGE0 *)
0.5013 s 9254820873.4007 (* Average Power for rapl:::THERMAL_SPEC:PACKAGE1 *)
0.5013 s 9245345450.6479 (* Average Power for rapl:::MINIMUM_POWER:PACKAGE0 *)
0.5013 s 9245345450.6479 (* Average Power for rapl:::MINIMUM_POWER:PACKAGE1 *)
0.5013 s 9263804977.9366 (* Average Power for rapl:::MAXIMUM_POWER:PACKAGE0 *)
0.5013 s 9263804977.9366 (* Average Power for rapl:::MAXIMUM_POWER:PACKAGE1 *)
0.5013 s 9150029716.5869 (* Average Power for rapl:::MAXIMUM_TIME_WINDOW:PACKAGE0 *)
0.5013 s 9150029716.5869 (* Average Power for rapl:::MAXIMUM_TIME_WINDOW:PACKAGE1 *)
0.5013 s 62.9007 (* Total Energy for rapl:::PACKAGE_ENERGY:PACKAGE0 *)
0.5013 s 125.4788 (* Average Power for rapl:::PACKAGE_ENERGY:PACKAGE0 *)
0.5013 s 61.1640 (* Total Energy for rapl:::PACKAGE_ENERGY:PACKAGE1 *)
0.5013 s 122.0144 (* Average Power for rapl:::PACKAGE_ENERGY:PACKAGE1 *)
0.5013 s 20.8940 (* Average Power for rapl:::DRAM_ENERGY:PACKAGE0 *)
0.5013 s 18.9528 (* Average Power for rapl:::DRAM_ENERGY:PACKAGE1 *)
0.5013 s 0.0000 (* Average Power for rapl:::PP0_ENERGY:PACKAGE0 *)
0.5013 s 0.0000 (* Average Power for rapl:::PP0_ENERGY:PACKAGE1 *)
MST weight: 7.81576e+07 (78157588)
Num trees: 26556
Tree edges: 4009982
STATTYPE,LOOP,CATEGORY,n,sum,T0,T1,T2,T3,T4,T5,T6,T7,T8,T9,T10,T11,T12,T13,T14,T15,T16,T17,T18,T19,T20,T21,T22,T23,T24,T25,T26,T27,T28,T29,T30,T31,T32,T33,T34,T35,T36,T37,T38,T39,T40,T41,T42,T43,T44,T45,T46,T47
STAT,(NULL),InitializeSortTime,48,196,196,0,0,0,0,0,0,0,0,0,0,0,0,0,0,0,0,0,0,0,0,0,0,0,0,0,0,0,0,0,0,0,0,0,0,0,0,0,0,0,0,0,0,0,0,0,0,0
STAT,(NULL),InitializeTime,48,7896,7896,0,0,0,0,0,0,0,0,0,0,0,0,0,0,0,0,0,0,0,0,0,0,0,0,0,0,0,0,0,0,0,0,0,0,0,0,0,0,0,0,0,0,0,0,0,0,0
STAT,(NULL),LoopTime,48,679,679,0,0,0,0,0,0,0,0,0,0,0,0,0,0,0,0,0,0,0,0,0,0,0,0,0,0,0,0,0,0,0,0,0,0,0,0,0,0,0,0,0,0,0,0,0,0,0
STAT,(NULL),MeminfoPost,48,245,4,4,4,4,4,4,4,4,4,4,4,4,4,4,4,4,4,4,4,4,4,4,4,4,4,4,4,4,4,4,4,4,5,6,6,6,6,6,6,7,7,7,7,8,9,9,10,12
STAT,(NULL),MeminfoPre,48,0,0,0,0,0,0,0,0,0,0,0,0,0,0,0,0,0,0,0,0,0,0,0,0,0,0,0,0,0,0,0,0,0,0,0,0,0,0,0,0,0,0,0,0,0,0,0,0,0
STAT,(NULL),Rounds,48,22,22,0,0,0,0,0,0,0,0,0,0,0,0,0,0,0,0,0,0,0,0,0,0,0,0,0,0,0,0,0,0,0,0,0,0,0,0,0,0,0,0,0,0,0,0,0,0,0
STAT,(NULL),Threads,48,48,48,0,0,0,0,0,0,0,0,0,0,0,0,0,0,0,0,0,0,0,0,0,0,0,0,0,0,0,0,0,0,0,0,0,0,0,0,0,0,0,0,0,0,0,0,0,0,0
STAT,(NULL),Time,48,501,501,0,0,0,0,0,0,0,0,0,0,0,0,0,0,0,0,0,0,0,0,0,0,0,0,0,0,0,0,0,0,0,0,0,0,0,0,0,0,0,0,0,0,0,0,0,0,0
STAT,map_reduce,LoopTime,48,40,40,0,0,0,0,0,0,0,0,0,0,0,0,0,0,0,0,0,0,0,0,0,0,0,0,0,0,0,0,0,0,0,0,0,0,0,0,0,0,0,0,0,0,0,0,0,0,0
	Command being timed: "/home/users/norris/research/easy-parallel-graph/autoperf/mst/lib/Galois-2.2.1/build/power/apps/boruvka/boruvka -t=48 /home/users/norris/research/easy-parallel-graph/experiment/datasets/com-lj-org-weighted_75i_1000000.gr"
	User time (seconds): 49.42
	System time (seconds): 2.26
	Percent of CPU this job got: 567%
	Elapsed (wall clock) time (h:mm:ss or m:ss): 0:09.11
	Average shared text size (kbytes): 0
	Average unshared data size (kbytes): 0
	Average stack size (kbytes): 0
	Average total size (kbytes): 0
	Maximum resident set size (kbytes): 4410304
	Average resident set size (kbytes): 0
	Major (requiring I/O) page faults: 0
	Minor (reclaiming a frame) page faults: 28536
	Voluntary context switches: 3214
	Involuntary context switches: 259
	Swaps: 0
	File system inputs: 0
	File system outputs: 24
	Socket messages sent: 0
	Socket messages received: 0
	Signals delivered: 0
	Page size (bytes): 4096
	Exit status: 0
Galois Benchmark Suite v2.2.1 (r0)
Copyright (C) 2014 The University of Texas at Austin
http://iss.ices.utexas.edu/galois/

application: Boruvka's Minimum Spanning Tree Algorithm
Computes the minimum spanning forest of a graph
http://iss.ices.utexas.edu/?p=projects/galois/benchmarks/mst

INFO: CommandLine /home/users/norris/research/easy-parallel-graph/autoperf/mst/lib/Galois-2.2.1/build/power/apps/boruvka/boruvka -t=48 /home/users/norris/research/easy-parallel-graph/experiment/datasets/com-lj-org-weighted_75i_1000000.gr
INFO: Hostname arya
Found rapl component at cid 2
Found: rapl:::THERMAL_SPEC_CNT:PACKAGE0
Found: rapl:::THERMAL_SPEC_CNT:PACKAGE1
Found: rapl:::MINIMUM_POWER_CNT:PACKAGE0
Found: rapl:::MINIMUM_POWER_CNT:PACKAGE1
Found: rapl:::MAXIMUM_POWER_CNT:PACKAGE0
Found: rapl:::MAXIMUM_POWER_CNT:PACKAGE1
Found: rapl:::MAXIMUM_TIME_WINDOW_CNT:PACKAGE0
Found: rapl:::MAXIMUM_TIME_WINDOW_CNT:PACKAGE1
Found: rapl:::PACKAGE_ENERGY_CNT:PACKAGE0
Found: rapl:::PACKAGE_ENERGY_CNT:PACKAGE1
Found: rapl:::DRAM_ENERGY_CNT:PACKAGE0
Found: rapl:::DRAM_ENERGY_CNT:PACKAGE1
Found: rapl:::PP0_ENERGY_CNT:PACKAGE0
Found: rapl:::PP0_ENERGY_CNT:PACKAGE1
Found: rapl:::THERMAL_SPEC:PACKAGE0
Found: rapl:::THERMAL_SPEC:PACKAGE1
Found: rapl:::MINIMUM_POWER:PACKAGE0
Found: rapl:::MINIMUM_POWER:PACKAGE1
Found: rapl:::MAXIMUM_POWER:PACKAGE0
Found: rapl:::MAXIMUM_POWER:PACKAGE1
Found: rapl:::MAXIMUM_TIME_WINDOW:PACKAGE0
Found: rapl:::MAXIMUM_TIME_WINDOW:PACKAGE1
Found: rapl:::PACKAGE_ENERGY:PACKAGE0
Found: rapl:::PACKAGE_ENERGY:PACKAGE1
Found: rapl:::DRAM_ENERGY:PACKAGE0
Found: rapl:::DRAM_ENERGY:PACKAGE1
Found: rapl:::PP0_ENERGY:PACKAGE0
Found: rapl:::PP0_ENERGY:PACKAGE1
Nodes: 4036538 edges: 139726522 heaviest edge: 99
0.5137 s 0.0000 (* Average Power for rapl:::THERMAL_SPEC_CNT:PACKAGE0 *)
0.5137 s 0.0000 (* Average Power for rapl:::THERMAL_SPEC_CNT:PACKAGE1 *)
0.5137 s 0.0000 (* Average Power for rapl:::MINIMUM_POWER_CNT:PACKAGE0 *)
0.5137 s 0.0000 (* Average Power for rapl:::MINIMUM_POWER_CNT:PACKAGE1 *)
0.5137 s 0.0000 (* Average Power for rapl:::MAXIMUM_POWER_CNT:PACKAGE0 *)
0.5137 s 0.0000 (* Average Power for rapl:::MAXIMUM_POWER_CNT:PACKAGE1 *)
0.5137 s 0.0000 (* Average Power for rapl:::MAXIMUM_TIME_WINDOW_CNT:PACKAGE0 *)
0.5137 s 0.0000 (* Average Power for rapl:::MAXIMUM_TIME_WINDOW_CNT:PACKAGE1 *)
0.5137 s 0.0021 (* Average Power for rapl:::PACKAGE_ENERGY_CNT:PACKAGE0 *)
0.5137 s 0.0020 (* Average Power for rapl:::PACKAGE_ENERGY_CNT:PACKAGE1 *)
0.5137 s 0.0014 (* Average Power for rapl:::DRAM_ENERGY_CNT:PACKAGE0 *)
0.5137 s 0.0012 (* Average Power for rapl:::DRAM_ENERGY_CNT:PACKAGE1 *)
0.5137 s 0.0000 (* Average Power for rapl:::PP0_ENERGY_CNT:PACKAGE0 *)
0.5137 s 0.0000 (* Average Power for rapl:::PP0_ENERGY_CNT:PACKAGE1 *)
0.5137 s 9031119100.7497 (* Average Power for rapl:::THERMAL_SPEC:PACKAGE0 *)
0.5137 s 9031119100.7497 (* Average Power for rapl:::THERMAL_SPEC:PACKAGE1 *)
0.5137 s 9021872712.0210 (* Average Power for rapl:::MINIMUM_POWER:PACKAGE0 *)
0.5137 s 9021872712.0210 (* Average Power for rapl:::MINIMUM_POWER:PACKAGE1 *)
0.5137 s 9039886047.0998 (* Average Power for rapl:::MAXIMUM_POWER:PACKAGE0 *)
0.5137 s 9039886047.0998 (* Average Power for rapl:::MAXIMUM_POWER:PACKAGE1 *)
0.5137 s 8928860890.5870 (* Average Power for rapl:::MAXIMUM_TIME_WINDOW:PACKAGE0 *)
0.5137 s 8928860890.5870 (* Average Power for rapl:::MAXIMUM_TIME_WINDOW:PACKAGE1 *)
0.5137 s 64.5176 (* Total Energy for rapl:::PACKAGE_ENERGY:PACKAGE0 *)
0.5137 s 125.5933 (* Average Power for rapl:::PACKAGE_ENERGY:PACKAGE0 *)
0.5137 s 62.6608 (* Total Energy for rapl:::PACKAGE_ENERGY:PACKAGE1 *)
0.5137 s 121.9789 (* Average Power for rapl:::PACKAGE_ENERGY:PACKAGE1 *)
0.5137 s 20.8776 (* Average Power for rapl:::DRAM_ENERGY:PACKAGE0 *)
0.5137 s 18.9339 (* Average Power for rapl:::DRAM_ENERGY:PACKAGE1 *)
0.5137 s 0.0000 (* Average Power for rapl:::PP0_ENERGY:PACKAGE0 *)
0.5137 s 0.0000 (* Average Power for rapl:::PP0_ENERGY:PACKAGE1 *)
MST weight: 7.81576e+07 (78157588)
Num trees: 26556
Tree edges: 4009982
STATTYPE,LOOP,CATEGORY,n,sum,T0,T1,T2,T3,T4,T5,T6,T7,T8,T9,T10,T11,T12,T13,T14,T15,T16,T17,T18,T19,T20,T21,T22,T23,T24,T25,T26,T27,T28,T29,T30,T31,T32,T33,T34,T35,T36,T37,T38,T39,T40,T41,T42,T43,T44,T45,T46,T47
STAT,(NULL),InitializeSortTime,48,196,196,0,0,0,0,0,0,0,0,0,0,0,0,0,0,0,0,0,0,0,0,0,0,0,0,0,0,0,0,0,0,0,0,0,0,0,0,0,0,0,0,0,0,0,0,0,0,0
STAT,(NULL),InitializeTime,48,7429,7429,0,0,0,0,0,0,0,0,0,0,0,0,0,0,0,0,0,0,0,0,0,0,0,0,0,0,0,0,0,0,0,0,0,0,0,0,0,0,0,0,0,0,0,0,0,0,0
STAT,(NULL),LoopTime,48,689,689,0,0,0,0,0,0,0,0,0,0,0,0,0,0,0,0,0,0,0,0,0,0,0,0,0,0,0,0,0,0,0,0,0,0,0,0,0,0,0,0,0,0,0,0,0,0,0
STAT,(NULL),MeminfoPost,48,245,4,4,4,4,4,4,4,4,4,4,4,4,4,4,4,4,4,4,4,4,4,4,4,4,4,4,4,4,4,4,4,4,5,6,6,6,6,6,6,7,7,7,7,8,9,9,10,12
STAT,(NULL),MeminfoPre,48,0,0,0,0,0,0,0,0,0,0,0,0,0,0,0,0,0,0,0,0,0,0,0,0,0,0,0,0,0,0,0,0,0,0,0,0,0,0,0,0,0,0,0,0,0,0,0,0,0
STAT,(NULL),Rounds,48,22,22,0,0,0,0,0,0,0,0,0,0,0,0,0,0,0,0,0,0,0,0,0,0,0,0,0,0,0,0,0,0,0,0,0,0,0,0,0,0,0,0,0,0,0,0,0,0,0
STAT,(NULL),Threads,48,48,48,0,0,0,0,0,0,0,0,0,0,0,0,0,0,0,0,0,0,0,0,0,0,0,0,0,0,0,0,0,0,0,0,0,0,0,0,0,0,0,0,0,0,0,0,0,0,0
STAT,(NULL),Time,48,513,513,0,0,0,0,0,0,0,0,0,0,0,0,0,0,0,0,0,0,0,0,0,0,0,0,0,0,0,0,0,0,0,0,0,0,0,0,0,0,0,0,0,0,0,0,0,0,0
STAT,map_reduce,LoopTime,48,40,40,0,0,0,0,0,0,0,0,0,0,0,0,0,0,0,0,0,0,0,0,0,0,0,0,0,0,0,0,0,0,0,0,0,0,0,0,0,0,0,0,0,0,0,0,0,0,0
	Command being timed: "/home/users/norris/research/easy-parallel-graph/autoperf/mst/lib/Galois-2.2.1/build/power/apps/boruvka/boruvka -t=48 /home/users/norris/research/easy-parallel-graph/experiment/datasets/com-lj-org-weighted_75i_1000000.gr"
	User time (seconds): 49.76
	System time (seconds): 2.12
	Percent of CPU this job got: 597%
	Elapsed (wall clock) time (h:mm:ss or m:ss): 0:08.68
	Average shared text size (kbytes): 0
	Average unshared data size (kbytes): 0
	Average stack size (kbytes): 0
	Average total size (kbytes): 0
	Maximum resident set size (kbytes): 4418352
	Average resident set size (kbytes): 0
	Major (requiring I/O) page faults: 0
	Minor (reclaiming a frame) page faults: 27582
	Voluntary context switches: 3355
	Involuntary context switches: 251
	Swaps: 0
	File system inputs: 0
	File system outputs: 16
	Socket messages sent: 0
	Socket messages received: 0
	Signals delivered: 0
	Page size (bytes): 4096
	Exit status: 0
Galois Benchmark Suite v2.2.1 (r0)
Copyright (C) 2014 The University of Texas at Austin
http://iss.ices.utexas.edu/galois/

application: Boruvka's Minimum Spanning Tree Algorithm
Computes the minimum spanning forest of a graph
http://iss.ices.utexas.edu/?p=projects/galois/benchmarks/mst

INFO: CommandLine /home/users/norris/research/easy-parallel-graph/autoperf/mst/lib/Galois-2.2.1/build/power/apps/boruvka/boruvka -t=48 /home/users/norris/research/easy-parallel-graph/experiment/datasets/com-lj-org-weighted_75i_1000000.gr
INFO: Hostname arya
Found rapl component at cid 2
Found: rapl:::THERMAL_SPEC_CNT:PACKAGE0
Found: rapl:::THERMAL_SPEC_CNT:PACKAGE1
Found: rapl:::MINIMUM_POWER_CNT:PACKAGE0
Found: rapl:::MINIMUM_POWER_CNT:PACKAGE1
Found: rapl:::MAXIMUM_POWER_CNT:PACKAGE0
Found: rapl:::MAXIMUM_POWER_CNT:PACKAGE1
Found: rapl:::MAXIMUM_TIME_WINDOW_CNT:PACKAGE0
Found: rapl:::MAXIMUM_TIME_WINDOW_CNT:PACKAGE1
Found: rapl:::PACKAGE_ENERGY_CNT:PACKAGE0
Found: rapl:::PACKAGE_ENERGY_CNT:PACKAGE1
Found: rapl:::DRAM_ENERGY_CNT:PACKAGE0
Found: rapl:::DRAM_ENERGY_CNT:PACKAGE1
Found: rapl:::PP0_ENERGY_CNT:PACKAGE0
Found: rapl:::PP0_ENERGY_CNT:PACKAGE1
Found: rapl:::THERMAL_SPEC:PACKAGE0
Found: rapl:::THERMAL_SPEC:PACKAGE1
Found: rapl:::MINIMUM_POWER:PACKAGE0
Found: rapl:::MINIMUM_POWER:PACKAGE1
Found: rapl:::MAXIMUM_POWER:PACKAGE0
Found: rapl:::MAXIMUM_POWER:PACKAGE1
Found: rapl:::MAXIMUM_TIME_WINDOW:PACKAGE0
Found: rapl:::MAXIMUM_TIME_WINDOW:PACKAGE1
Found: rapl:::PACKAGE_ENERGY:PACKAGE0
Found: rapl:::PACKAGE_ENERGY:PACKAGE1
Found: rapl:::DRAM_ENERGY:PACKAGE0
Found: rapl:::DRAM_ENERGY:PACKAGE1
Found: rapl:::PP0_ENERGY:PACKAGE0
Found: rapl:::PP0_ENERGY:PACKAGE1
Nodes: 4036538 edges: 139726522 heaviest edge: 99
0.5009 s 0.0000 (* Average Power for rapl:::THERMAL_SPEC_CNT:PACKAGE0 *)
0.5009 s 0.0000 (* Average Power for rapl:::THERMAL_SPEC_CNT:PACKAGE1 *)
0.5009 s 0.0000 (* Average Power for rapl:::MINIMUM_POWER_CNT:PACKAGE0 *)
0.5009 s 0.0000 (* Average Power for rapl:::MINIMUM_POWER_CNT:PACKAGE1 *)
0.5009 s 0.0000 (* Average Power for rapl:::MAXIMUM_POWER_CNT:PACKAGE0 *)
0.5009 s 0.0000 (* Average Power for rapl:::MAXIMUM_POWER_CNT:PACKAGE1 *)
0.5009 s 0.0000 (* Average Power for rapl:::MAXIMUM_TIME_WINDOW_CNT:PACKAGE0 *)
0.5009 s 0.0000 (* Average Power for rapl:::MAXIMUM_TIME_WINDOW_CNT:PACKAGE1 *)
0.5009 s 0.0021 (* Average Power for rapl:::PACKAGE_ENERGY_CNT:PACKAGE0 *)
0.5009 s 0.0020 (* Average Power for rapl:::PACKAGE_ENERGY_CNT:PACKAGE1 *)
0.5009 s 0.0014 (* Average Power for rapl:::DRAM_ENERGY_CNT:PACKAGE0 *)
0.5009 s 0.0012 (* Average Power for rapl:::DRAM_ENERGY_CNT:PACKAGE1 *)
0.5009 s 0.0000 (* Average Power for rapl:::PP0_ENERGY_CNT:PACKAGE0 *)
0.5009 s 0.0000 (* Average Power for rapl:::PP0_ENERGY_CNT:PACKAGE1 *)
0.5009 s 9262364517.1079 (* Average Power for rapl:::THERMAL_SPEC:PACKAGE0 *)
0.5009 s 9262364517.1079 (* Average Power for rapl:::THERMAL_SPEC:PACKAGE1 *)
0.5009 s 9252881370.8979 (* Average Power for rapl:::MINIMUM_POWER:PACKAGE0 *)
0.5009 s 9252881370.8979 (* Average Power for rapl:::MINIMUM_POWER:PACKAGE1 *)
0.5009 s 9271355944.6255 (* Average Power for rapl:::MAXIMUM_POWER:PACKAGE0 *)
0.5009 s 9271355944.6255 (* Average Power for rapl:::MAXIMUM_POWER:PACKAGE1 *)
0.5009 s 9157487944.5782 (* Average Power for rapl:::MAXIMUM_TIME_WINDOW:PACKAGE0 *)
0.5009 s 9157487944.5782 (* Average Power for rapl:::MAXIMUM_TIME_WINDOW:PACKAGE1 *)
0.5009 s 62.8506 (* Total Energy for rapl:::PACKAGE_ENERGY:PACKAGE0 *)
0.5009 s 125.4812 (* Average Power for rapl:::PACKAGE_ENERGY:PACKAGE0 *)
0.5009 s 61.1511 (* Total Energy for rapl:::PACKAGE_ENERGY:PACKAGE1 *)
0.5009 s 122.0880 (* Average Power for rapl:::PACKAGE_ENERGY:PACKAGE1 *)
0.5009 s 20.8838 (* Average Power for rapl:::DRAM_ENERGY:PACKAGE0 *)
0.5009 s 18.9190 (* Average Power for rapl:::DRAM_ENERGY:PACKAGE1 *)
0.5009 s 0.0000 (* Average Power for rapl:::PP0_ENERGY:PACKAGE0 *)
0.5009 s 0.0000 (* Average Power for rapl:::PP0_ENERGY:PACKAGE1 *)
MST weight: 7.81576e+07 (78157588)
Num trees: 26556
Tree edges: 4009982
STATTYPE,LOOP,CATEGORY,n,sum,T0,T1,T2,T3,T4,T5,T6,T7,T8,T9,T10,T11,T12,T13,T14,T15,T16,T17,T18,T19,T20,T21,T22,T23,T24,T25,T26,T27,T28,T29,T30,T31,T32,T33,T34,T35,T36,T37,T38,T39,T40,T41,T42,T43,T44,T45,T46,T47
STAT,(NULL),InitializeSortTime,48,196,196,0,0,0,0,0,0,0,0,0,0,0,0,0,0,0,0,0,0,0,0,0,0,0,0,0,0,0,0,0,0,0,0,0,0,0,0,0,0,0,0,0,0,0,0,0,0,0
STAT,(NULL),InitializeTime,48,7578,7578,0,0,0,0,0,0,0,0,0,0,0,0,0,0,0,0,0,0,0,0,0,0,0,0,0,0,0,0,0,0,0,0,0,0,0,0,0,0,0,0,0,0,0,0,0,0,0
STAT,(NULL),LoopTime,48,678,678,0,0,0,0,0,0,0,0,0,0,0,0,0,0,0,0,0,0,0,0,0,0,0,0,0,0,0,0,0,0,0,0,0,0,0,0,0,0,0,0,0,0,0,0,0,0,0
STAT,(NULL),MeminfoPost,48,243,4,4,4,4,4,4,4,4,4,4,4,4,4,4,4,4,4,4,4,4,4,4,4,4,4,4,4,4,4,4,4,4,5,6,6,6,6,6,6,6,6,7,7,8,9,9,10,12
STAT,(NULL),MeminfoPre,48,0,0,0,0,0,0,0,0,0,0,0,0,0,0,0,0,0,0,0,0,0,0,0,0,0,0,0,0,0,0,0,0,0,0,0,0,0,0,0,0,0,0,0,0,0,0,0,0,0
STAT,(NULL),Rounds,48,22,22,0,0,0,0,0,0,0,0,0,0,0,0,0,0,0,0,0,0,0,0,0,0,0,0,0,0,0,0,0,0,0,0,0,0,0,0,0,0,0,0,0,0,0,0,0,0,0
STAT,(NULL),Threads,48,48,48,0,0,0,0,0,0,0,0,0,0,0,0,0,0,0,0,0,0,0,0,0,0,0,0,0,0,0,0,0,0,0,0,0,0,0,0,0,0,0,0,0,0,0,0,0,0,0
STAT,(NULL),Time,48,500,500,0,0,0,0,0,0,0,0,0,0,0,0,0,0,0,0,0,0,0,0,0,0,0,0,0,0,0,0,0,0,0,0,0,0,0,0,0,0,0,0,0,0,0,0,0,0,0
STAT,map_reduce,LoopTime,48,40,40,0,0,0,0,0,0,0,0,0,0,0,0,0,0,0,0,0,0,0,0,0,0,0,0,0,0,0,0,0,0,0,0,0,0,0,0,0,0,0,0,0,0,0,0,0,0,0
	Command being timed: "/home/users/norris/research/easy-parallel-graph/autoperf/mst/lib/Galois-2.2.1/build/power/apps/boruvka/boruvka -t=48 /home/users/norris/research/easy-parallel-graph/experiment/datasets/com-lj-org-weighted_75i_1000000.gr"
	User time (seconds): 48.93
	System time (seconds): 2.23
	Percent of CPU this job got: 584%
	Elapsed (wall clock) time (h:mm:ss or m:ss): 0:08.75
	Average shared text size (kbytes): 0
	Average unshared data size (kbytes): 0
	Average stack size (kbytes): 0
	Average total size (kbytes): 0
	Maximum resident set size (kbytes): 4418444
	Average resident set size (kbytes): 0
	Major (requiring I/O) page faults: 0
	Minor (reclaiming a frame) page faults: 24963
	Voluntary context switches: 3213
	Involuntary context switches: 252
	Swaps: 0
	File system inputs: 0
	File system outputs: 24
	Socket messages sent: 0
	Socket messages received: 0
	Signals delivered: 0
	Page size (bytes): 4096
	Exit status: 0
