Galois Benchmark Suite v2.2.1 (r0)
Copyright (C) 2014 The University of Texas at Austin
http://iss.ices.utexas.edu/galois/

application: Boruvka's Minimum Spanning Tree Algorithm
Computes the minimum spanning forest of a graph
http://iss.ices.utexas.edu/?p=projects/galois/benchmarks/mst

INFO: CommandLine /home/users/norris/research/easy-parallel-graph/autoperf/mst/lib/Galois-2.2.1/build/power/apps/boruvka/boruvka -t=2 /home/users/norris/research/easy-parallel-graph/experiment/datasets/soc-pokec_75i_1000000.gr
INFO: Hostname arya
Found rapl component at cid 2
Found: rapl:::THERMAL_SPEC_CNT:PACKAGE0
Found: rapl:::THERMAL_SPEC_CNT:PACKAGE1
Found: rapl:::MINIMUM_POWER_CNT:PACKAGE0
Found: rapl:::MINIMUM_POWER_CNT:PACKAGE1
Found: rapl:::MAXIMUM_POWER_CNT:PACKAGE0
Found: rapl:::MAXIMUM_POWER_CNT:PACKAGE1
Found: rapl:::MAXIMUM_TIME_WINDOW_CNT:PACKAGE0
Found: rapl:::MAXIMUM_TIME_WINDOW_CNT:PACKAGE1
Found: rapl:::PACKAGE_ENERGY_CNT:PACKAGE0
Found: rapl:::PACKAGE_ENERGY_CNT:PACKAGE1
Found: rapl:::DRAM_ENERGY_CNT:PACKAGE0
Found: rapl:::DRAM_ENERGY_CNT:PACKAGE1
Found: rapl:::PP0_ENERGY_CNT:PACKAGE0
Found: rapl:::PP0_ENERGY_CNT:PACKAGE1
Found: rapl:::THERMAL_SPEC:PACKAGE0
Found: rapl:::THERMAL_SPEC:PACKAGE1
Found: rapl:::MINIMUM_POWER:PACKAGE0
Found: rapl:::MINIMUM_POWER:PACKAGE1
Found: rapl:::MAXIMUM_POWER:PACKAGE0
Found: rapl:::MAXIMUM_POWER:PACKAGE1
Found: rapl:::MAXIMUM_TIME_WINDOW:PACKAGE0
Found: rapl:::MAXIMUM_TIME_WINDOW:PACKAGE1
Found: rapl:::PACKAGE_ENERGY:PACKAGE0
Found: rapl:::PACKAGE_ENERGY:PACKAGE1
Found: rapl:::DRAM_ENERGY:PACKAGE0
Found: rapl:::DRAM_ENERGY:PACKAGE1
Found: rapl:::PP0_ENERGY:PACKAGE0
Found: rapl:::PP0_ENERGY:PACKAGE1
Nodes: 1632804 edges: 123657198 heaviest edge: 99
2.4878 s 0.0000 (* Average Power for rapl:::THERMAL_SPEC_CNT:PACKAGE0 *)
2.4878 s 0.0000 (* Average Power for rapl:::THERMAL_SPEC_CNT:PACKAGE1 *)
2.4878 s 0.0000 (* Average Power for rapl:::MINIMUM_POWER_CNT:PACKAGE0 *)
2.4878 s 0.0000 (* Average Power for rapl:::MINIMUM_POWER_CNT:PACKAGE1 *)
2.4878 s 0.0000 (* Average Power for rapl:::MAXIMUM_POWER_CNT:PACKAGE0 *)
2.4878 s 0.0000 (* Average Power for rapl:::MAXIMUM_POWER_CNT:PACKAGE1 *)
2.4878 s 0.0000 (* Average Power for rapl:::MAXIMUM_TIME_WINDOW_CNT:PACKAGE0 *)
2.4878 s 0.0000 (* Average Power for rapl:::MAXIMUM_TIME_WINDOW_CNT:PACKAGE1 *)
2.4878 s 0.0010 (* Average Power for rapl:::PACKAGE_ENERGY_CNT:PACKAGE0 *)
2.4878 s 0.0004 (* Average Power for rapl:::PACKAGE_ENERGY_CNT:PACKAGE1 *)
2.4878 s 0.0010 (* Average Power for rapl:::DRAM_ENERGY_CNT:PACKAGE0 *)
2.4878 s 0.0005 (* Average Power for rapl:::DRAM_ENERGY_CNT:PACKAGE1 *)
2.4878 s 0.0000 (* Average Power for rapl:::PP0_ENERGY_CNT:PACKAGE0 *)
2.4878 s 0.0000 (* Average Power for rapl:::PP0_ENERGY_CNT:PACKAGE1 *)
2.4878 s 1864857962.6208 (* Average Power for rapl:::THERMAL_SPEC:PACKAGE0 *)
2.4878 s 1864857962.6208 (* Average Power for rapl:::THERMAL_SPEC:PACKAGE1 *)
2.4878 s 1862948653.1040 (* Average Power for rapl:::MINIMUM_POWER:PACKAGE0 *)
2.4878 s 1862948653.1040 (* Average Power for rapl:::MINIMUM_POWER:PACKAGE1 *)
2.4878 s 1866668270.9034 (* Average Power for rapl:::MAXIMUM_POWER:PACKAGE0 *)
2.4878 s 1866668270.9034 (* Average Power for rapl:::MAXIMUM_POWER:PACKAGE1 *)
2.4878 s 1843742413.6686 (* Average Power for rapl:::MAXIMUM_TIME_WINDOW:PACKAGE0 *)
2.4878 s 1843742413.6686 (* Average Power for rapl:::MAXIMUM_TIME_WINDOW:PACKAGE1 *)
2.4878 s 144.7508 (* Total Energy for rapl:::PACKAGE_ENERGY:PACKAGE0 *)
2.4878 s 58.1854 (* Average Power for rapl:::PACKAGE_ENERGY:PACKAGE0 *)
2.4878 s 59.0400 (* Total Energy for rapl:::PACKAGE_ENERGY:PACKAGE1 *)
2.4878 s 23.7323 (* Average Power for rapl:::PACKAGE_ENERGY:PACKAGE1 *)
2.4878 s 15.8717 (* Average Power for rapl:::DRAM_ENERGY:PACKAGE0 *)
2.4878 s 8.3691 (* Average Power for rapl:::DRAM_ENERGY:PACKAGE1 *)
2.4878 s 0.0000 (* Average Power for rapl:::PP0_ENERGY:PACKAGE0 *)
2.4878 s 0.0000 (* Average Power for rapl:::PP0_ENERGY:PACKAGE1 *)
MST weight: 1.66224e+07 (16622365)
Num trees: 1
Tree edges: 1632803
STATTYPE,LOOP,CATEGORY,n,sum,T0,T1
STAT,(NULL),InitializeSortTime,2,2257,2257,0
STAT,(NULL),InitializeTime,2,8889,8889,0
STAT,(NULL),LoopTime,2,4729,4729,0
STAT,(NULL),MeminfoPost,2,54,15,39
STAT,(NULL),MeminfoPre,2,0,0,0
STAT,(NULL),Rounds,2,18,18,0
STAT,(NULL),Threads,2,2,2,0
STAT,(NULL),Time,2,2487,2487,0
STAT,map_reduce,LoopTime,2,26,26,0
	Command being timed: "/home/users/norris/research/easy-parallel-graph/autoperf/mst/lib/Galois-2.2.1/build/power/apps/boruvka/boruvka -t=2 /home/users/norris/research/easy-parallel-graph/experiment/datasets/soc-pokec_75i_1000000.gr"
	User time (seconds): 17.34
	System time (seconds): 0.98
	Percent of CPU this job got: 145%
	Elapsed (wall clock) time (h:mm:ss or m:ss): 0:12.55
	Average shared text size (kbytes): 0
	Average unshared data size (kbytes): 0
	Average stack size (kbytes): 0
	Average total size (kbytes): 0
	Maximum resident set size (kbytes): 3997624
	Average resident set size (kbytes): 0
	Major (requiring I/O) page faults: 0
	Minor (reclaiming a frame) page faults: 40051
	Voluntary context switches: 679
	Involuntary context switches: 208
	Swaps: 0
	File system inputs: 0
	File system outputs: 16
	Socket messages sent: 0
	Socket messages received: 0
	Signals delivered: 0
	Page size (bytes): 4096
	Exit status: 0
Galois Benchmark Suite v2.2.1 (r0)
Copyright (C) 2014 The University of Texas at Austin
http://iss.ices.utexas.edu/galois/

application: Boruvka's Minimum Spanning Tree Algorithm
Computes the minimum spanning forest of a graph
http://iss.ices.utexas.edu/?p=projects/galois/benchmarks/mst

INFO: CommandLine /home/users/norris/research/easy-parallel-graph/autoperf/mst/lib/Galois-2.2.1/build/power/apps/boruvka/boruvka -t=2 /home/users/norris/research/easy-parallel-graph/experiment/datasets/soc-pokec_75i_1000000.gr
INFO: Hostname arya
Found rapl component at cid 2
Found: rapl:::THERMAL_SPEC_CNT:PACKAGE0
Found: rapl:::THERMAL_SPEC_CNT:PACKAGE1
Found: rapl:::MINIMUM_POWER_CNT:PACKAGE0
Found: rapl:::MINIMUM_POWER_CNT:PACKAGE1
Found: rapl:::MAXIMUM_POWER_CNT:PACKAGE0
Found: rapl:::MAXIMUM_POWER_CNT:PACKAGE1
Found: rapl:::MAXIMUM_TIME_WINDOW_CNT:PACKAGE0
Found: rapl:::MAXIMUM_TIME_WINDOW_CNT:PACKAGE1
Found: rapl:::PACKAGE_ENERGY_CNT:PACKAGE0
Found: rapl:::PACKAGE_ENERGY_CNT:PACKAGE1
Found: rapl:::DRAM_ENERGY_CNT:PACKAGE0
Found: rapl:::DRAM_ENERGY_CNT:PACKAGE1
Found: rapl:::PP0_ENERGY_CNT:PACKAGE0
Found: rapl:::PP0_ENERGY_CNT:PACKAGE1
Found: rapl:::THERMAL_SPEC:PACKAGE0
Found: rapl:::THERMAL_SPEC:PACKAGE1
Found: rapl:::MINIMUM_POWER:PACKAGE0
Found: rapl:::MINIMUM_POWER:PACKAGE1
Found: rapl:::MAXIMUM_POWER:PACKAGE0
Found: rapl:::MAXIMUM_POWER:PACKAGE1
Found: rapl:::MAXIMUM_TIME_WINDOW:PACKAGE0
Found: rapl:::MAXIMUM_TIME_WINDOW:PACKAGE1
Found: rapl:::PACKAGE_ENERGY:PACKAGE0
Found: rapl:::PACKAGE_ENERGY:PACKAGE1
Found: rapl:::DRAM_ENERGY:PACKAGE0
Found: rapl:::DRAM_ENERGY:PACKAGE1
Found: rapl:::PP0_ENERGY:PACKAGE0
Found: rapl:::PP0_ENERGY:PACKAGE1
Nodes: 1632804 edges: 123657198 heaviest edge: 99
3.0504 s 0.0000 (* Average Power for rapl:::THERMAL_SPEC_CNT:PACKAGE0 *)
3.0504 s 0.0000 (* Average Power for rapl:::THERMAL_SPEC_CNT:PACKAGE1 *)
3.0504 s 0.0000 (* Average Power for rapl:::MINIMUM_POWER_CNT:PACKAGE0 *)
3.0504 s 0.0000 (* Average Power for rapl:::MINIMUM_POWER_CNT:PACKAGE1 *)
3.0504 s 0.0000 (* Average Power for rapl:::MAXIMUM_POWER_CNT:PACKAGE0 *)
3.0504 s 0.0000 (* Average Power for rapl:::MAXIMUM_POWER_CNT:PACKAGE1 *)
3.0504 s 0.0000 (* Average Power for rapl:::MAXIMUM_TIME_WINDOW_CNT:PACKAGE0 *)
3.0504 s 0.0000 (* Average Power for rapl:::MAXIMUM_TIME_WINDOW_CNT:PACKAGE1 *)
3.0504 s 0.0009 (* Average Power for rapl:::PACKAGE_ENERGY_CNT:PACKAGE0 *)
3.0504 s 0.0004 (* Average Power for rapl:::PACKAGE_ENERGY_CNT:PACKAGE1 *)
3.0504 s 0.0010 (* Average Power for rapl:::DRAM_ENERGY_CNT:PACKAGE0 *)
3.0504 s 0.0005 (* Average Power for rapl:::DRAM_ENERGY_CNT:PACKAGE1 *)
3.0504 s 0.0000 (* Average Power for rapl:::PP0_ENERGY_CNT:PACKAGE0 *)
3.0504 s 0.0000 (* Average Power for rapl:::PP0_ENERGY_CNT:PACKAGE1 *)
3.0504 s 1520887852.5698 (* Average Power for rapl:::THERMAL_SPEC:PACKAGE0 *)
3.0504 s 1520887852.5698 (* Average Power for rapl:::THERMAL_SPEC:PACKAGE1 *)
3.0504 s 1519330712.1821 (* Average Power for rapl:::MINIMUM_POWER:PACKAGE0 *)
3.0504 s 1519330712.1821 (* Average Power for rapl:::MINIMUM_POWER:PACKAGE1 *)
3.0504 s 1522364252.3447 (* Average Power for rapl:::MAXIMUM_POWER:PACKAGE0 *)
3.0504 s 1522364252.3447 (* Average Power for rapl:::MAXIMUM_POWER:PACKAGE1 *)
3.0504 s 1503667033.3195 (* Average Power for rapl:::MAXIMUM_TIME_WINDOW:PACKAGE0 *)
3.0504 s 1503667033.3195 (* Average Power for rapl:::MAXIMUM_TIME_WINDOW:PACKAGE1 *)
3.0504 s 174.9442 (* Total Energy for rapl:::PACKAGE_ENERGY:PACKAGE0 *)
3.0504 s 57.3514 (* Average Power for rapl:::PACKAGE_ENERGY:PACKAGE0 *)
3.0504 s 72.4120 (* Total Energy for rapl:::PACKAGE_ENERGY:PACKAGE1 *)
3.0504 s 23.7386 (* Average Power for rapl:::PACKAGE_ENERGY:PACKAGE1 *)
3.0504 s 15.4075 (* Average Power for rapl:::DRAM_ENERGY:PACKAGE0 *)
3.0504 s 8.2761 (* Average Power for rapl:::DRAM_ENERGY:PACKAGE1 *)
3.0504 s 0.0000 (* Average Power for rapl:::PP0_ENERGY:PACKAGE0 *)
3.0504 s 0.0000 (* Average Power for rapl:::PP0_ENERGY:PACKAGE1 *)
MST weight: 1.66224e+07 (16622365)
Num trees: 1
Tree edges: 1632803
STATTYPE,LOOP,CATEGORY,n,sum,T0,T1
STAT,(NULL),InitializeSortTime,2,2257,2257,0
STAT,(NULL),InitializeTime,2,8975,8975,0
STAT,(NULL),LoopTime,2,5291,5291,0
STAT,(NULL),MeminfoPost,2,54,15,39
STAT,(NULL),MeminfoPre,2,0,0,0
STAT,(NULL),Rounds,2,18,18,0
STAT,(NULL),Threads,2,2,2,0
STAT,(NULL),Time,2,3050,3050,0
STAT,map_reduce,LoopTime,2,26,26,0
	Command being timed: "/home/users/norris/research/easy-parallel-graph/autoperf/mst/lib/Galois-2.2.1/build/power/apps/boruvka/boruvka -t=2 /home/users/norris/research/easy-parallel-graph/experiment/datasets/soc-pokec_75i_1000000.gr"
	User time (seconds): 18.30
	System time (seconds): 1.32
	Percent of CPU this job got: 147%
	Elapsed (wall clock) time (h:mm:ss or m:ss): 0:13.29
	Average shared text size (kbytes): 0
	Average unshared data size (kbytes): 0
	Average stack size (kbytes): 0
	Average total size (kbytes): 0
	Maximum resident set size (kbytes): 3999696
	Average resident set size (kbytes): 0
	Major (requiring I/O) page faults: 0
	Minor (reclaiming a frame) page faults: 37875
	Voluntary context switches: 694
	Involuntary context switches: 227
	Swaps: 0
	File system inputs: 0
	File system outputs: 16
	Socket messages sent: 0
	Socket messages received: 0
	Signals delivered: 0
	Page size (bytes): 4096
	Exit status: 0
Galois Benchmark Suite v2.2.1 (r0)
Copyright (C) 2014 The University of Texas at Austin
http://iss.ices.utexas.edu/galois/

application: Boruvka's Minimum Spanning Tree Algorithm
Computes the minimum spanning forest of a graph
http://iss.ices.utexas.edu/?p=projects/galois/benchmarks/mst

INFO: CommandLine /home/users/norris/research/easy-parallel-graph/autoperf/mst/lib/Galois-2.2.1/build/power/apps/boruvka/boruvka -t=2 /home/users/norris/research/easy-parallel-graph/experiment/datasets/soc-pokec_75i_1000000.gr
INFO: Hostname arya
Found rapl component at cid 2
Found: rapl:::THERMAL_SPEC_CNT:PACKAGE0
Found: rapl:::THERMAL_SPEC_CNT:PACKAGE1
Found: rapl:::MINIMUM_POWER_CNT:PACKAGE0
Found: rapl:::MINIMUM_POWER_CNT:PACKAGE1
Found: rapl:::MAXIMUM_POWER_CNT:PACKAGE0
Found: rapl:::MAXIMUM_POWER_CNT:PACKAGE1
Found: rapl:::MAXIMUM_TIME_WINDOW_CNT:PACKAGE0
Found: rapl:::MAXIMUM_TIME_WINDOW_CNT:PACKAGE1
Found: rapl:::PACKAGE_ENERGY_CNT:PACKAGE0
Found: rapl:::PACKAGE_ENERGY_CNT:PACKAGE1
Found: rapl:::DRAM_ENERGY_CNT:PACKAGE0
Found: rapl:::DRAM_ENERGY_CNT:PACKAGE1
Found: rapl:::PP0_ENERGY_CNT:PACKAGE0
Found: rapl:::PP0_ENERGY_CNT:PACKAGE1
Found: rapl:::THERMAL_SPEC:PACKAGE0
Found: rapl:::THERMAL_SPEC:PACKAGE1
Found: rapl:::MINIMUM_POWER:PACKAGE0
Found: rapl:::MINIMUM_POWER:PACKAGE1
Found: rapl:::MAXIMUM_POWER:PACKAGE0
Found: rapl:::MAXIMUM_POWER:PACKAGE1
Found: rapl:::MAXIMUM_TIME_WINDOW:PACKAGE0
Found: rapl:::MAXIMUM_TIME_WINDOW:PACKAGE1
Found: rapl:::PACKAGE_ENERGY:PACKAGE0
Found: rapl:::PACKAGE_ENERGY:PACKAGE1
Found: rapl:::DRAM_ENERGY:PACKAGE0
Found: rapl:::DRAM_ENERGY:PACKAGE1
Found: rapl:::PP0_ENERGY:PACKAGE0
Found: rapl:::PP0_ENERGY:PACKAGE1
Nodes: 1632804 edges: 123657198 heaviest edge: 99
2.8123 s 0.0000 (* Average Power for rapl:::THERMAL_SPEC_CNT:PACKAGE0 *)
2.8123 s 0.0000 (* Average Power for rapl:::THERMAL_SPEC_CNT:PACKAGE1 *)
2.8123 s 0.0000 (* Average Power for rapl:::MINIMUM_POWER_CNT:PACKAGE0 *)
2.8123 s 0.0000 (* Average Power for rapl:::MINIMUM_POWER_CNT:PACKAGE1 *)
2.8123 s 0.0000 (* Average Power for rapl:::MAXIMUM_POWER_CNT:PACKAGE0 *)
2.8123 s 0.0000 (* Average Power for rapl:::MAXIMUM_POWER_CNT:PACKAGE1 *)
2.8123 s 0.0000 (* Average Power for rapl:::MAXIMUM_TIME_WINDOW_CNT:PACKAGE0 *)
2.8123 s 0.0000 (* Average Power for rapl:::MAXIMUM_TIME_WINDOW_CNT:PACKAGE1 *)
2.8123 s 0.0009 (* Average Power for rapl:::PACKAGE_ENERGY_CNT:PACKAGE0 *)
2.8123 s 0.0004 (* Average Power for rapl:::PACKAGE_ENERGY_CNT:PACKAGE1 *)
2.8123 s 0.0010 (* Average Power for rapl:::DRAM_ENERGY_CNT:PACKAGE0 *)
2.8123 s 0.0005 (* Average Power for rapl:::DRAM_ENERGY_CNT:PACKAGE1 *)
2.8123 s 0.0000 (* Average Power for rapl:::PP0_ENERGY_CNT:PACKAGE0 *)
2.8123 s 0.0000 (* Average Power for rapl:::PP0_ENERGY_CNT:PACKAGE1 *)
2.8123 s 1649622317.0215 (* Average Power for rapl:::THERMAL_SPEC:PACKAGE0 *)
2.8123 s 1649622317.0215 (* Average Power for rapl:::THERMAL_SPEC:PACKAGE1 *)
2.8123 s 1647933373.5995 (* Average Power for rapl:::MINIMUM_POWER:PACKAGE0 *)
2.8123 s 1647933373.5995 (* Average Power for rapl:::MINIMUM_POWER:PACKAGE1 *)
2.8123 s 1651223685.5994 (* Average Power for rapl:::MAXIMUM_POWER:PACKAGE0 *)
2.8123 s 1651223685.5994 (* Average Power for rapl:::MAXIMUM_POWER:PACKAGE1 *)
2.8123 s 1630943853.8431 (* Average Power for rapl:::MAXIMUM_TIME_WINDOW:PACKAGE0 *)
2.8123 s 1630943853.8431 (* Average Power for rapl:::MAXIMUM_TIME_WINDOW:PACKAGE1 *)
2.8123 s 162.3065 (* Total Energy for rapl:::PACKAGE_ENERGY:PACKAGE0 *)
2.8123 s 57.7122 (* Average Power for rapl:::PACKAGE_ENERGY:PACKAGE0 *)
2.8123 s 66.6732 (* Total Energy for rapl:::PACKAGE_ENERGY:PACKAGE1 *)
2.8123 s 23.7073 (* Average Power for rapl:::PACKAGE_ENERGY:PACKAGE1 *)
2.8123 s 15.6067 (* Average Power for rapl:::DRAM_ENERGY:PACKAGE0 *)
2.8123 s 8.1552 (* Average Power for rapl:::DRAM_ENERGY:PACKAGE1 *)
2.8123 s 0.0000 (* Average Power for rapl:::PP0_ENERGY:PACKAGE0 *)
2.8123 s 0.0000 (* Average Power for rapl:::PP0_ENERGY:PACKAGE1 *)
MST weight: 1.66224e+07 (16622365)
Num trees: 1
Tree edges: 1632803
STATTYPE,LOOP,CATEGORY,n,sum,T0,T1
STAT,(NULL),InitializeSortTime,2,2258,2258,0
STAT,(NULL),InitializeTime,2,9145,9145,0
STAT,(NULL),LoopTime,2,5056,5056,0
STAT,(NULL),MeminfoPost,2,54,15,39
STAT,(NULL),MeminfoPre,2,0,0,0
STAT,(NULL),Rounds,2,18,18,0
STAT,(NULL),Threads,2,2,2,0
STAT,(NULL),Time,2,2812,2812,0
STAT,map_reduce,LoopTime,2,27,27,0
	Command being timed: "/home/users/norris/research/easy-parallel-graph/autoperf/mst/lib/Galois-2.2.1/build/power/apps/boruvka/boruvka -t=2 /home/users/norris/research/easy-parallel-graph/experiment/datasets/soc-pokec_75i_1000000.gr"
	User time (seconds): 18.20
	System time (seconds): 1.11
	Percent of CPU this job got: 146%
	Elapsed (wall clock) time (h:mm:ss or m:ss): 0:13.22
	Average shared text size (kbytes): 0
	Average unshared data size (kbytes): 0
	Average stack size (kbytes): 0
	Average total size (kbytes): 0
	Maximum resident set size (kbytes): 4003656
	Average resident set size (kbytes): 0
	Major (requiring I/O) page faults: 0
	Minor (reclaiming a frame) page faults: 36713
	Voluntary context switches: 844
	Involuntary context switches: 222
	Swaps: 0
	File system inputs: 0
	File system outputs: 16
	Socket messages sent: 0
	Socket messages received: 0
	Signals delivered: 0
	Page size (bytes): 4096
	Exit status: 0
Galois Benchmark Suite v2.2.1 (r0)
Copyright (C) 2014 The University of Texas at Austin
http://iss.ices.utexas.edu/galois/

application: Boruvka's Minimum Spanning Tree Algorithm
Computes the minimum spanning forest of a graph
http://iss.ices.utexas.edu/?p=projects/galois/benchmarks/mst

INFO: CommandLine /home/users/norris/research/easy-parallel-graph/autoperf/mst/lib/Galois-2.2.1/build/power/apps/boruvka/boruvka -t=2 /home/users/norris/research/easy-parallel-graph/experiment/datasets/soc-pokec_75i_1000000.gr
INFO: Hostname arya
Found rapl component at cid 2
Found: rapl:::THERMAL_SPEC_CNT:PACKAGE0
Found: rapl:::THERMAL_SPEC_CNT:PACKAGE1
Found: rapl:::MINIMUM_POWER_CNT:PACKAGE0
Found: rapl:::MINIMUM_POWER_CNT:PACKAGE1
Found: rapl:::MAXIMUM_POWER_CNT:PACKAGE0
Found: rapl:::MAXIMUM_POWER_CNT:PACKAGE1
Found: rapl:::MAXIMUM_TIME_WINDOW_CNT:PACKAGE0
Found: rapl:::MAXIMUM_TIME_WINDOW_CNT:PACKAGE1
Found: rapl:::PACKAGE_ENERGY_CNT:PACKAGE0
Found: rapl:::PACKAGE_ENERGY_CNT:PACKAGE1
Found: rapl:::DRAM_ENERGY_CNT:PACKAGE0
Found: rapl:::DRAM_ENERGY_CNT:PACKAGE1
Found: rapl:::PP0_ENERGY_CNT:PACKAGE0
Found: rapl:::PP0_ENERGY_CNT:PACKAGE1
Found: rapl:::THERMAL_SPEC:PACKAGE0
Found: rapl:::THERMAL_SPEC:PACKAGE1
Found: rapl:::MINIMUM_POWER:PACKAGE0
Found: rapl:::MINIMUM_POWER:PACKAGE1
Found: rapl:::MAXIMUM_POWER:PACKAGE0
Found: rapl:::MAXIMUM_POWER:PACKAGE1
Found: rapl:::MAXIMUM_TIME_WINDOW:PACKAGE0
Found: rapl:::MAXIMUM_TIME_WINDOW:PACKAGE1
Found: rapl:::PACKAGE_ENERGY:PACKAGE0
Found: rapl:::PACKAGE_ENERGY:PACKAGE1
Found: rapl:::DRAM_ENERGY:PACKAGE0
Found: rapl:::DRAM_ENERGY:PACKAGE1
Found: rapl:::PP0_ENERGY:PACKAGE0
Found: rapl:::PP0_ENERGY:PACKAGE1
Nodes: 1632804 edges: 123657198 heaviest edge: 99
2.6177 s 0.0000 (* Average Power for rapl:::THERMAL_SPEC_CNT:PACKAGE0 *)
2.6177 s 0.0000 (* Average Power for rapl:::THERMAL_SPEC_CNT:PACKAGE1 *)
2.6177 s 0.0000 (* Average Power for rapl:::MINIMUM_POWER_CNT:PACKAGE0 *)
2.6177 s 0.0000 (* Average Power for rapl:::MINIMUM_POWER_CNT:PACKAGE1 *)
2.6177 s 0.0000 (* Average Power for rapl:::MAXIMUM_POWER_CNT:PACKAGE0 *)
2.6177 s 0.0000 (* Average Power for rapl:::MAXIMUM_POWER_CNT:PACKAGE1 *)
2.6177 s 0.0000 (* Average Power for rapl:::MAXIMUM_TIME_WINDOW_CNT:PACKAGE0 *)
2.6177 s 0.0000 (* Average Power for rapl:::MAXIMUM_TIME_WINDOW_CNT:PACKAGE1 *)
2.6177 s 0.0009 (* Average Power for rapl:::PACKAGE_ENERGY_CNT:PACKAGE0 *)
2.6177 s 0.0005 (* Average Power for rapl:::PACKAGE_ENERGY_CNT:PACKAGE1 *)
2.6177 s 0.0010 (* Average Power for rapl:::DRAM_ENERGY_CNT:PACKAGE0 *)
2.6177 s 0.0007 (* Average Power for rapl:::DRAM_ENERGY_CNT:PACKAGE1 *)
2.6177 s 0.0000 (* Average Power for rapl:::PP0_ENERGY_CNT:PACKAGE0 *)
2.6177 s 0.0000 (* Average Power for rapl:::PP0_ENERGY_CNT:PACKAGE1 *)
2.6177 s 1772260979.9401 (* Average Power for rapl:::THERMAL_SPEC:PACKAGE0 *)
2.6177 s 1772260979.9401 (* Average Power for rapl:::THERMAL_SPEC:PACKAGE1 *)
2.6177 s 1770446474.5874 (* Average Power for rapl:::MINIMUM_POWER:PACKAGE0 *)
2.6177 s 1770446474.5874 (* Average Power for rapl:::MINIMUM_POWER:PACKAGE1 *)
2.6177 s 1773981399.8301 (* Average Power for rapl:::MAXIMUM_POWER:PACKAGE0 *)
2.6177 s 1773981399.8301 (* Average Power for rapl:::MAXIMUM_POWER:PACKAGE1 *)
2.6177 s 1752193894.8172 (* Average Power for rapl:::MAXIMUM_TIME_WINDOW:PACKAGE0 *)
2.6177 s 1752193894.8172 (* Average Power for rapl:::MAXIMUM_TIME_WINDOW:PACKAGE1 *)
2.6177 s 151.1042 (* Total Energy for rapl:::PACKAGE_ENERGY:PACKAGE0 *)
2.6177 s 57.7233 (* Average Power for rapl:::PACKAGE_ENERGY:PACKAGE0 *)
2.6177 s 84.8265 (* Total Energy for rapl:::PACKAGE_ENERGY:PACKAGE1 *)
2.6177 s 32.4046 (* Average Power for rapl:::PACKAGE_ENERGY:PACKAGE1 *)
2.6177 s 15.7127 (* Average Power for rapl:::DRAM_ENERGY:PACKAGE0 *)
2.6177 s 10.1582 (* Average Power for rapl:::DRAM_ENERGY:PACKAGE1 *)
2.6177 s 0.0000 (* Average Power for rapl:::PP0_ENERGY:PACKAGE0 *)
2.6177 s 0.0000 (* Average Power for rapl:::PP0_ENERGY:PACKAGE1 *)
MST weight: 1.66224e+07 (16622365)
Num trees: 1
Tree edges: 1632803
STATTYPE,LOOP,CATEGORY,n,sum,T0,T1
STAT,(NULL),InitializeSortTime,2,2256,2256,0
STAT,(NULL),InitializeTime,2,9058,9058,0
STAT,(NULL),LoopTime,2,4853,4853,0
STAT,(NULL),MeminfoPost,2,54,15,39
STAT,(NULL),MeminfoPre,2,0,0,0
STAT,(NULL),Rounds,2,18,18,0
STAT,(NULL),Threads,2,2,2,0
STAT,(NULL),Time,2,2617,2617,0
STAT,map_reduce,LoopTime,2,23,23,0
	Command being timed: "/home/users/norris/research/easy-parallel-graph/autoperf/mst/lib/Galois-2.2.1/build/power/apps/boruvka/boruvka -t=2 /home/users/norris/research/easy-parallel-graph/experiment/datasets/soc-pokec_75i_1000000.gr"
	User time (seconds): 17.73
	System time (seconds): 1.10
	Percent of CPU this job got: 145%
	Elapsed (wall clock) time (h:mm:ss or m:ss): 0:12.93
	Average shared text size (kbytes): 0
	Average unshared data size (kbytes): 0
	Average stack size (kbytes): 0
	Average total size (kbytes): 0
	Maximum resident set size (kbytes): 3998640
	Average resident set size (kbytes): 0
	Major (requiring I/O) page faults: 0
	Minor (reclaiming a frame) page faults: 32193
	Voluntary context switches: 739
	Involuntary context switches: 225
	Swaps: 0
	File system inputs: 0
	File system outputs: 16
	Socket messages sent: 0
	Socket messages received: 0
	Signals delivered: 0
	Page size (bytes): 4096
	Exit status: 0
