Galois Benchmark Suite v2.2.1 (r0)
Copyright (C) 2014 The University of Texas at Austin
http://iss.ices.utexas.edu/galois/

application: Boruvka's Minimum Spanning Tree Algorithm
Computes the minimum spanning forest of a graph
http://iss.ices.utexas.edu/?p=projects/galois/benchmarks/mst

INFO: CommandLine /home/users/norris/research/easy-parallel-graph/autoperf/mst/lib/Galois-2.2.1/build/power/apps/boruvka/boruvka -t=2 /home/users/norris/research/easy-parallel-graph/experiment/datasets/youtubeNetwork_75i_1000000.gr
INFO: Hostname arya
Found rapl component at cid 2
Found: rapl:::THERMAL_SPEC_CNT:PACKAGE0
Found: rapl:::THERMAL_SPEC_CNT:PACKAGE1
Found: rapl:::MINIMUM_POWER_CNT:PACKAGE0
Found: rapl:::MINIMUM_POWER_CNT:PACKAGE1
Found: rapl:::MAXIMUM_POWER_CNT:PACKAGE0
Found: rapl:::MAXIMUM_POWER_CNT:PACKAGE1
Found: rapl:::MAXIMUM_TIME_WINDOW_CNT:PACKAGE0
Found: rapl:::MAXIMUM_TIME_WINDOW_CNT:PACKAGE1
Found: rapl:::PACKAGE_ENERGY_CNT:PACKAGE0
Found: rapl:::PACKAGE_ENERGY_CNT:PACKAGE1
Found: rapl:::DRAM_ENERGY_CNT:PACKAGE0
Found: rapl:::DRAM_ENERGY_CNT:PACKAGE1
Found: rapl:::PP0_ENERGY_CNT:PACKAGE0
Found: rapl:::PP0_ENERGY_CNT:PACKAGE1
Found: rapl:::THERMAL_SPEC:PACKAGE0
Found: rapl:::THERMAL_SPEC:PACKAGE1
Found: rapl:::MINIMUM_POWER:PACKAGE0
Found: rapl:::MINIMUM_POWER:PACKAGE1
Found: rapl:::MAXIMUM_POWER:PACKAGE0
Found: rapl:::MAXIMUM_POWER:PACKAGE1
Found: rapl:::MAXIMUM_TIME_WINDOW:PACKAGE0
Found: rapl:::MAXIMUM_TIME_WINDOW:PACKAGE1
Found: rapl:::PACKAGE_ENERGY:PACKAGE0
Found: rapl:::PACKAGE_ENERGY:PACKAGE1
Found: rapl:::DRAM_ENERGY:PACKAGE0
Found: rapl:::DRAM_ENERGY:PACKAGE1
Found: rapl:::PP0_ENERGY:PACKAGE0
Found: rapl:::PP0_ENERGY:PACKAGE1
Nodes: 1157827 edges: 12970726 heaviest edge: 99
0.5652 s 0.0000 (* Average Power for rapl:::THERMAL_SPEC_CNT:PACKAGE0 *)
0.5652 s 0.0000 (* Average Power for rapl:::THERMAL_SPEC_CNT:PACKAGE1 *)
0.5652 s 0.0000 (* Average Power for rapl:::MINIMUM_POWER_CNT:PACKAGE0 *)
0.5652 s 0.0000 (* Average Power for rapl:::MINIMUM_POWER_CNT:PACKAGE1 *)
0.5652 s 0.0000 (* Average Power for rapl:::MAXIMUM_POWER_CNT:PACKAGE0 *)
0.5652 s 0.0000 (* Average Power for rapl:::MAXIMUM_POWER_CNT:PACKAGE1 *)
0.5652 s 0.0000 (* Average Power for rapl:::MAXIMUM_TIME_WINDOW_CNT:PACKAGE0 *)
0.5652 s 0.0000 (* Average Power for rapl:::MAXIMUM_TIME_WINDOW_CNT:PACKAGE1 *)
0.5652 s 0.0012 (* Average Power for rapl:::PACKAGE_ENERGY_CNT:PACKAGE0 *)
0.5652 s 0.0010 (* Average Power for rapl:::PACKAGE_ENERGY_CNT:PACKAGE1 *)
0.5652 s 0.0010 (* Average Power for rapl:::DRAM_ENERGY_CNT:PACKAGE0 *)
0.5652 s 0.0008 (* Average Power for rapl:::DRAM_ENERGY_CNT:PACKAGE1 *)
0.5652 s 0.0000 (* Average Power for rapl:::PP0_ENERGY_CNT:PACKAGE0 *)
0.5652 s 0.0000 (* Average Power for rapl:::PP0_ENERGY_CNT:PACKAGE1 *)
0.5652 s 8208341367.4774 (* Average Power for rapl:::THERMAL_SPEC:PACKAGE0 *)
0.5652 s 8208341367.4774 (* Average Power for rapl:::THERMAL_SPEC:PACKAGE1 *)
0.5652 s 8199937368.5648 (* Average Power for rapl:::MINIMUM_POWER:PACKAGE0 *)
0.5652 s 8199937368.5648 (* Average Power for rapl:::MINIMUM_POWER:PACKAGE1 *)
0.5652 s 8216309603.4833 (* Average Power for rapl:::MAXIMUM_POWER:PACKAGE0 *)
0.5652 s 8216309603.4833 (* Average Power for rapl:::MAXIMUM_POWER:PACKAGE1 *)
0.5652 s 8115399364.6892 (* Average Power for rapl:::MAXIMUM_TIME_WINDOW:PACKAGE0 *)
0.5652 s 8115399364.6892 (* Average Power for rapl:::MAXIMUM_TIME_WINDOW:PACKAGE1 *)
0.5652 s 42.5916 (* Total Energy for rapl:::PACKAGE_ENERGY:PACKAGE0 *)
0.5652 s 75.3575 (* Average Power for rapl:::PACKAGE_ENERGY:PACKAGE0 *)
0.5652 s 35.1260 (* Total Energy for rapl:::PACKAGE_ENERGY:PACKAGE1 *)
0.5652 s 62.1486 (* Average Power for rapl:::PACKAGE_ENERGY:PACKAGE1 *)
0.5652 s 15.4802 (* Average Power for rapl:::DRAM_ENERGY:PACKAGE0 *)
0.5652 s 12.6833 (* Average Power for rapl:::DRAM_ENERGY:PACKAGE1 *)
0.5652 s 0.0000 (* Average Power for rapl:::PP0_ENERGY:PACKAGE0 *)
0.5652 s 0.0000 (* Average Power for rapl:::PP0_ENERGY:PACKAGE1 *)
MST weight: 3.25982e+07 (32598180)
Num trees: 6321
Tree edges: 1151506
STATTYPE,LOOP,CATEGORY,n,sum,T0,T1
STAT,(NULL),InitializeSortTime,2,226,226,0
STAT,(NULL),InitializeTime,2,834,834,0
STAT,(NULL),LoopTime,2,775,775,0
STAT,(NULL),MeminfoPost,2,38,10,28
STAT,(NULL),MeminfoPre,2,0,0,0
STAT,(NULL),Rounds,2,20,20,0
STAT,(NULL),Threads,2,2,2,0
STAT,(NULL),Time,2,565,565,0
STAT,map_reduce,LoopTime,2,10,10,0
	Command being timed: "/home/users/norris/research/easy-parallel-graph/autoperf/mst/lib/Galois-2.2.1/build/power/apps/boruvka/boruvka -t=2 /home/users/norris/research/easy-parallel-graph/experiment/datasets/youtubeNetwork_75i_1000000.gr"
	User time (seconds): 2.65
	System time (seconds): 0.45
	Percent of CPU this job got: 146%
	Elapsed (wall clock) time (h:mm:ss or m:ss): 0:02.12
	Average shared text size (kbytes): 0
	Average unshared data size (kbytes): 0
	Average stack size (kbytes): 0
	Average total size (kbytes): 0
	Maximum resident set size (kbytes): 1821988
	Average resident set size (kbytes): 0
	Major (requiring I/O) page faults: 0
	Minor (reclaiming a frame) page faults: 15910
	Voluntary context switches: 734
	Involuntary context switches: 189
	Swaps: 0
	File system inputs: 0
	File system outputs: 16
	Socket messages sent: 0
	Socket messages received: 0
	Signals delivered: 0
	Page size (bytes): 4096
	Exit status: 0
Galois Benchmark Suite v2.2.1 (r0)
Copyright (C) 2014 The University of Texas at Austin
http://iss.ices.utexas.edu/galois/

application: Boruvka's Minimum Spanning Tree Algorithm
Computes the minimum spanning forest of a graph
http://iss.ices.utexas.edu/?p=projects/galois/benchmarks/mst

INFO: CommandLine /home/users/norris/research/easy-parallel-graph/autoperf/mst/lib/Galois-2.2.1/build/power/apps/boruvka/boruvka -t=2 /home/users/norris/research/easy-parallel-graph/experiment/datasets/youtubeNetwork_75i_1000000.gr
INFO: Hostname arya
Found rapl component at cid 2
Found: rapl:::THERMAL_SPEC_CNT:PACKAGE0
Found: rapl:::THERMAL_SPEC_CNT:PACKAGE1
Found: rapl:::MINIMUM_POWER_CNT:PACKAGE0
Found: rapl:::MINIMUM_POWER_CNT:PACKAGE1
Found: rapl:::MAXIMUM_POWER_CNT:PACKAGE0
Found: rapl:::MAXIMUM_POWER_CNT:PACKAGE1
Found: rapl:::MAXIMUM_TIME_WINDOW_CNT:PACKAGE0
Found: rapl:::MAXIMUM_TIME_WINDOW_CNT:PACKAGE1
Found: rapl:::PACKAGE_ENERGY_CNT:PACKAGE0
Found: rapl:::PACKAGE_ENERGY_CNT:PACKAGE1
Found: rapl:::DRAM_ENERGY_CNT:PACKAGE0
Found: rapl:::DRAM_ENERGY_CNT:PACKAGE1
Found: rapl:::PP0_ENERGY_CNT:PACKAGE0
Found: rapl:::PP0_ENERGY_CNT:PACKAGE1
Found: rapl:::THERMAL_SPEC:PACKAGE0
Found: rapl:::THERMAL_SPEC:PACKAGE1
Found: rapl:::MINIMUM_POWER:PACKAGE0
Found: rapl:::MINIMUM_POWER:PACKAGE1
Found: rapl:::MAXIMUM_POWER:PACKAGE0
Found: rapl:::MAXIMUM_POWER:PACKAGE1
Found: rapl:::MAXIMUM_TIME_WINDOW:PACKAGE0
Found: rapl:::MAXIMUM_TIME_WINDOW:PACKAGE1
Found: rapl:::PACKAGE_ENERGY:PACKAGE0
Found: rapl:::PACKAGE_ENERGY:PACKAGE1
Found: rapl:::DRAM_ENERGY:PACKAGE0
Found: rapl:::DRAM_ENERGY:PACKAGE1
Found: rapl:::PP0_ENERGY:PACKAGE0
Found: rapl:::PP0_ENERGY:PACKAGE1
Nodes: 1157827 edges: 12970726 heaviest edge: 99
0.5465 s 0.0000 (* Average Power for rapl:::THERMAL_SPEC_CNT:PACKAGE0 *)
0.5465 s 0.0000 (* Average Power for rapl:::THERMAL_SPEC_CNT:PACKAGE1 *)
0.5465 s 0.0000 (* Average Power for rapl:::MINIMUM_POWER_CNT:PACKAGE0 *)
0.5465 s 0.0000 (* Average Power for rapl:::MINIMUM_POWER_CNT:PACKAGE1 *)
0.5465 s 0.0000 (* Average Power for rapl:::MAXIMUM_POWER_CNT:PACKAGE0 *)
0.5465 s 0.0000 (* Average Power for rapl:::MAXIMUM_POWER_CNT:PACKAGE1 *)
0.5465 s 0.0000 (* Average Power for rapl:::MAXIMUM_TIME_WINDOW_CNT:PACKAGE0 *)
0.5465 s 0.0000 (* Average Power for rapl:::MAXIMUM_TIME_WINDOW_CNT:PACKAGE1 *)
0.5465 s 0.0013 (* Average Power for rapl:::PACKAGE_ENERGY_CNT:PACKAGE0 *)
0.5465 s 0.0011 (* Average Power for rapl:::PACKAGE_ENERGY_CNT:PACKAGE1 *)
0.5465 s 0.0010 (* Average Power for rapl:::DRAM_ENERGY_CNT:PACKAGE0 *)
0.5465 s 0.0008 (* Average Power for rapl:::DRAM_ENERGY_CNT:PACKAGE1 *)
0.5465 s 0.0000 (* Average Power for rapl:::PP0_ENERGY_CNT:PACKAGE0 *)
0.5465 s 0.0000 (* Average Power for rapl:::PP0_ENERGY_CNT:PACKAGE1 *)
0.5465 s 8489845804.3977 (* Average Power for rapl:::THERMAL_SPEC:PACKAGE0 *)
0.5465 s 8489845804.3977 (* Average Power for rapl:::THERMAL_SPEC:PACKAGE1 *)
0.5465 s 8481153590.9877 (* Average Power for rapl:::MINIMUM_POWER:PACKAGE0 *)
0.5465 s 8481153590.9877 (* Average Power for rapl:::MINIMUM_POWER:PACKAGE1 *)
0.5465 s 8498087310.4456 (* Average Power for rapl:::MAXIMUM_POWER:PACKAGE0 *)
0.5465 s 8498087310.4456 (* Average Power for rapl:::MAXIMUM_POWER:PACKAGE1 *)
0.5465 s 8393716362.7604 (* Average Power for rapl:::MAXIMUM_TIME_WINDOW:PACKAGE0 *)
0.5465 s 8393716362.7604 (* Average Power for rapl:::MAXIMUM_TIME_WINDOW:PACKAGE1 *)
0.5465 s 43.5402 (* Total Energy for rapl:::PACKAGE_ENERGY:PACKAGE0 *)
0.5465 s 79.6777 (* Average Power for rapl:::PACKAGE_ENERGY:PACKAGE0 *)
0.5465 s 36.0733 (* Total Energy for rapl:::PACKAGE_ENERGY:PACKAGE1 *)
0.5465 s 66.0135 (* Average Power for rapl:::PACKAGE_ENERGY:PACKAGE1 *)
0.5465 s 15.5343 (* Average Power for rapl:::DRAM_ENERGY:PACKAGE0 *)
0.5465 s 12.5907 (* Average Power for rapl:::DRAM_ENERGY:PACKAGE1 *)
0.5465 s 0.0000 (* Average Power for rapl:::PP0_ENERGY:PACKAGE0 *)
0.5465 s 0.0000 (* Average Power for rapl:::PP0_ENERGY:PACKAGE1 *)
MST weight: 3.25982e+07 (32598180)
Num trees: 6321
Tree edges: 1151506
STATTYPE,LOOP,CATEGORY,n,sum,T0,T1
STAT,(NULL),InitializeSortTime,2,225,225,0
STAT,(NULL),InitializeTime,2,837,837,0
STAT,(NULL),LoopTime,2,756,756,0
STAT,(NULL),MeminfoPost,2,38,10,28
STAT,(NULL),MeminfoPre,2,0,0,0
STAT,(NULL),Rounds,2,20,20,0
STAT,(NULL),Threads,2,2,2,0
STAT,(NULL),Time,2,546,546,0
STAT,map_reduce,LoopTime,2,10,10,0
	Command being timed: "/home/users/norris/research/easy-parallel-graph/autoperf/mst/lib/Galois-2.2.1/build/power/apps/boruvka/boruvka -t=2 /home/users/norris/research/easy-parallel-graph/experiment/datasets/youtubeNetwork_75i_1000000.gr"
	User time (seconds): 2.60
	System time (seconds): 0.44
	Percent of CPU this job got: 146%
	Elapsed (wall clock) time (h:mm:ss or m:ss): 0:02.08
	Average shared text size (kbytes): 0
	Average unshared data size (kbytes): 0
	Average stack size (kbytes): 0
	Average total size (kbytes): 0
	Maximum resident set size (kbytes): 1821376
	Average resident set size (kbytes): 0
	Major (requiring I/O) page faults: 0
	Minor (reclaiming a frame) page faults: 15574
	Voluntary context switches: 684
	Involuntary context switches: 182
	Swaps: 0
	File system inputs: 0
	File system outputs: 8
	Socket messages sent: 0
	Socket messages received: 0
	Signals delivered: 0
	Page size (bytes): 4096
	Exit status: 0
Galois Benchmark Suite v2.2.1 (r0)
Copyright (C) 2014 The University of Texas at Austin
http://iss.ices.utexas.edu/galois/

application: Boruvka's Minimum Spanning Tree Algorithm
Computes the minimum spanning forest of a graph
http://iss.ices.utexas.edu/?p=projects/galois/benchmarks/mst

INFO: CommandLine /home/users/norris/research/easy-parallel-graph/autoperf/mst/lib/Galois-2.2.1/build/power/apps/boruvka/boruvka -t=2 /home/users/norris/research/easy-parallel-graph/experiment/datasets/youtubeNetwork_75i_1000000.gr
INFO: Hostname arya
Found rapl component at cid 2
Found: rapl:::THERMAL_SPEC_CNT:PACKAGE0
Found: rapl:::THERMAL_SPEC_CNT:PACKAGE1
Found: rapl:::MINIMUM_POWER_CNT:PACKAGE0
Found: rapl:::MINIMUM_POWER_CNT:PACKAGE1
Found: rapl:::MAXIMUM_POWER_CNT:PACKAGE0
Found: rapl:::MAXIMUM_POWER_CNT:PACKAGE1
Found: rapl:::MAXIMUM_TIME_WINDOW_CNT:PACKAGE0
Found: rapl:::MAXIMUM_TIME_WINDOW_CNT:PACKAGE1
Found: rapl:::PACKAGE_ENERGY_CNT:PACKAGE0
Found: rapl:::PACKAGE_ENERGY_CNT:PACKAGE1
Found: rapl:::DRAM_ENERGY_CNT:PACKAGE0
Found: rapl:::DRAM_ENERGY_CNT:PACKAGE1
Found: rapl:::PP0_ENERGY_CNT:PACKAGE0
Found: rapl:::PP0_ENERGY_CNT:PACKAGE1
Found: rapl:::THERMAL_SPEC:PACKAGE0
Found: rapl:::THERMAL_SPEC:PACKAGE1
Found: rapl:::MINIMUM_POWER:PACKAGE0
Found: rapl:::MINIMUM_POWER:PACKAGE1
Found: rapl:::MAXIMUM_POWER:PACKAGE0
Found: rapl:::MAXIMUM_POWER:PACKAGE1
Found: rapl:::MAXIMUM_TIME_WINDOW:PACKAGE0
Found: rapl:::MAXIMUM_TIME_WINDOW:PACKAGE1
Found: rapl:::PACKAGE_ENERGY:PACKAGE0
Found: rapl:::PACKAGE_ENERGY:PACKAGE1
Found: rapl:::DRAM_ENERGY:PACKAGE0
Found: rapl:::DRAM_ENERGY:PACKAGE1
Found: rapl:::PP0_ENERGY:PACKAGE0
Found: rapl:::PP0_ENERGY:PACKAGE1
Nodes: 1157827 edges: 12970726 heaviest edge: 99
0.5958 s 0.0000 (* Average Power for rapl:::THERMAL_SPEC_CNT:PACKAGE0 *)
0.5958 s 0.0000 (* Average Power for rapl:::THERMAL_SPEC_CNT:PACKAGE1 *)
0.5958 s 0.0000 (* Average Power for rapl:::MINIMUM_POWER_CNT:PACKAGE0 *)
0.5958 s 0.0000 (* Average Power for rapl:::MINIMUM_POWER_CNT:PACKAGE1 *)
0.5958 s 0.0000 (* Average Power for rapl:::MAXIMUM_POWER_CNT:PACKAGE0 *)
0.5958 s 0.0000 (* Average Power for rapl:::MAXIMUM_POWER_CNT:PACKAGE1 *)
0.5958 s 0.0000 (* Average Power for rapl:::MAXIMUM_TIME_WINDOW_CNT:PACKAGE0 *)
0.5958 s 0.0000 (* Average Power for rapl:::MAXIMUM_TIME_WINDOW_CNT:PACKAGE1 *)
0.5958 s 0.0013 (* Average Power for rapl:::PACKAGE_ENERGY_CNT:PACKAGE0 *)
0.5958 s 0.0011 (* Average Power for rapl:::PACKAGE_ENERGY_CNT:PACKAGE1 *)
0.5958 s 0.0010 (* Average Power for rapl:::DRAM_ENERGY_CNT:PACKAGE0 *)
0.5958 s 0.0008 (* Average Power for rapl:::DRAM_ENERGY_CNT:PACKAGE1 *)
0.5958 s 0.0000 (* Average Power for rapl:::PP0_ENERGY_CNT:PACKAGE0 *)
0.5958 s 0.0000 (* Average Power for rapl:::PP0_ENERGY_CNT:PACKAGE1 *)
0.5958 s 7786234323.8698 (* Average Power for rapl:::THERMAL_SPEC:PACKAGE0 *)
0.5958 s 7786234323.8698 (* Average Power for rapl:::THERMAL_SPEC:PACKAGE1 *)
0.5958 s 7778262493.5254 (* Average Power for rapl:::MINIMUM_POWER:PACKAGE0 *)
0.5958 s 7778262493.5254 (* Average Power for rapl:::MINIMUM_POWER:PACKAGE1 *)
0.5958 s 7793792800.0482 (* Average Power for rapl:::MAXIMUM_POWER:PACKAGE0 *)
0.5958 s 7793792800.0482 (* Average Power for rapl:::MAXIMUM_POWER:PACKAGE1 *)
0.5958 s 7698071785.3202 (* Average Power for rapl:::MAXIMUM_TIME_WINDOW:PACKAGE0 *)
0.5958 s 7698071785.3202 (* Average Power for rapl:::MAXIMUM_TIME_WINDOW:PACKAGE1 *)
0.5958 s 47.1923 (* Total Energy for rapl:::PACKAGE_ENERGY:PACKAGE0 *)
0.5958 s 79.2038 (* Average Power for rapl:::PACKAGE_ENERGY:PACKAGE0 *)
0.5958 s 38.4143 (* Total Energy for rapl:::PACKAGE_ENERGY:PACKAGE1 *)
0.5958 s 64.4715 (* Average Power for rapl:::PACKAGE_ENERGY:PACKAGE1 *)
0.5958 s 15.3810 (* Average Power for rapl:::DRAM_ENERGY:PACKAGE0 *)
0.5958 s 12.6248 (* Average Power for rapl:::DRAM_ENERGY:PACKAGE1 *)
0.5958 s 0.0000 (* Average Power for rapl:::PP0_ENERGY:PACKAGE0 *)
0.5958 s 0.0000 (* Average Power for rapl:::PP0_ENERGY:PACKAGE1 *)
MST weight: 3.25982e+07 (32598180)
Num trees: 6321
Tree edges: 1151506
STATTYPE,LOOP,CATEGORY,n,sum,T0,T1
STAT,(NULL),InitializeSortTime,2,227,227,0
STAT,(NULL),InitializeTime,2,821,821,0
STAT,(NULL),LoopTime,2,806,806,0
STAT,(NULL),MeminfoPost,2,38,10,28
STAT,(NULL),MeminfoPre,2,0,0,0
STAT,(NULL),Rounds,2,20,20,0
STAT,(NULL),Threads,2,2,2,0
STAT,(NULL),Time,2,595,595,0
STAT,map_reduce,LoopTime,2,10,10,0
	Command being timed: "/home/users/norris/research/easy-parallel-graph/autoperf/mst/lib/Galois-2.2.1/build/power/apps/boruvka/boruvka -t=2 /home/users/norris/research/easy-parallel-graph/experiment/datasets/youtubeNetwork_75i_1000000.gr"
	User time (seconds): 2.68
	System time (seconds): 0.42
	Percent of CPU this job got: 148%
	Elapsed (wall clock) time (h:mm:ss or m:ss): 0:02.09
	Average shared text size (kbytes): 0
	Average unshared data size (kbytes): 0
	Average stack size (kbytes): 0
	Average total size (kbytes): 0
	Maximum resident set size (kbytes): 1823252
	Average resident set size (kbytes): 0
	Major (requiring I/O) page faults: 0
	Minor (reclaiming a frame) page faults: 10789
	Voluntary context switches: 700
	Involuntary context switches: 182
	Swaps: 0
	File system inputs: 0
	File system outputs: 8
	Socket messages sent: 0
	Socket messages received: 0
	Signals delivered: 0
	Page size (bytes): 4096
	Exit status: 0
Galois Benchmark Suite v2.2.1 (r0)
Copyright (C) 2014 The University of Texas at Austin
http://iss.ices.utexas.edu/galois/

application: Boruvka's Minimum Spanning Tree Algorithm
Computes the minimum spanning forest of a graph
http://iss.ices.utexas.edu/?p=projects/galois/benchmarks/mst

INFO: CommandLine /home/users/norris/research/easy-parallel-graph/autoperf/mst/lib/Galois-2.2.1/build/power/apps/boruvka/boruvka -t=2 /home/users/norris/research/easy-parallel-graph/experiment/datasets/youtubeNetwork_75i_1000000.gr
INFO: Hostname arya
Found rapl component at cid 2
Found: rapl:::THERMAL_SPEC_CNT:PACKAGE0
Found: rapl:::THERMAL_SPEC_CNT:PACKAGE1
Found: rapl:::MINIMUM_POWER_CNT:PACKAGE0
Found: rapl:::MINIMUM_POWER_CNT:PACKAGE1
Found: rapl:::MAXIMUM_POWER_CNT:PACKAGE0
Found: rapl:::MAXIMUM_POWER_CNT:PACKAGE1
Found: rapl:::MAXIMUM_TIME_WINDOW_CNT:PACKAGE0
Found: rapl:::MAXIMUM_TIME_WINDOW_CNT:PACKAGE1
Found: rapl:::PACKAGE_ENERGY_CNT:PACKAGE0
Found: rapl:::PACKAGE_ENERGY_CNT:PACKAGE1
Found: rapl:::DRAM_ENERGY_CNT:PACKAGE0
Found: rapl:::DRAM_ENERGY_CNT:PACKAGE1
Found: rapl:::PP0_ENERGY_CNT:PACKAGE0
Found: rapl:::PP0_ENERGY_CNT:PACKAGE1
Found: rapl:::THERMAL_SPEC:PACKAGE0
Found: rapl:::THERMAL_SPEC:PACKAGE1
Found: rapl:::MINIMUM_POWER:PACKAGE0
Found: rapl:::MINIMUM_POWER:PACKAGE1
Found: rapl:::MAXIMUM_POWER:PACKAGE0
Found: rapl:::MAXIMUM_POWER:PACKAGE1
Found: rapl:::MAXIMUM_TIME_WINDOW:PACKAGE0
Found: rapl:::MAXIMUM_TIME_WINDOW:PACKAGE1
Found: rapl:::PACKAGE_ENERGY:PACKAGE0
Found: rapl:::PACKAGE_ENERGY:PACKAGE1
Found: rapl:::DRAM_ENERGY:PACKAGE0
Found: rapl:::DRAM_ENERGY:PACKAGE1
Found: rapl:::PP0_ENERGY:PACKAGE0
Found: rapl:::PP0_ENERGY:PACKAGE1
Nodes: 1157827 edges: 12970726 heaviest edge: 99
0.5877 s 0.0000 (* Average Power for rapl:::THERMAL_SPEC_CNT:PACKAGE0 *)
0.5877 s 0.0000 (* Average Power for rapl:::THERMAL_SPEC_CNT:PACKAGE1 *)
0.5877 s 0.0000 (* Average Power for rapl:::MINIMUM_POWER_CNT:PACKAGE0 *)
0.5877 s 0.0000 (* Average Power for rapl:::MINIMUM_POWER_CNT:PACKAGE1 *)
0.5877 s 0.0000 (* Average Power for rapl:::MAXIMUM_POWER_CNT:PACKAGE0 *)
0.5877 s 0.0000 (* Average Power for rapl:::MAXIMUM_POWER_CNT:PACKAGE1 *)
0.5877 s 0.0000 (* Average Power for rapl:::MAXIMUM_TIME_WINDOW_CNT:PACKAGE0 *)
0.5877 s 0.0000 (* Average Power for rapl:::MAXIMUM_TIME_WINDOW_CNT:PACKAGE1 *)
0.5877 s 0.0013 (* Average Power for rapl:::PACKAGE_ENERGY_CNT:PACKAGE0 *)
0.5877 s 0.0011 (* Average Power for rapl:::PACKAGE_ENERGY_CNT:PACKAGE1 *)
0.5877 s 0.0010 (* Average Power for rapl:::DRAM_ENERGY_CNT:PACKAGE0 *)
0.5877 s 0.0008 (* Average Power for rapl:::DRAM_ENERGY_CNT:PACKAGE1 *)
0.5877 s 0.0000 (* Average Power for rapl:::PP0_ENERGY_CNT:PACKAGE0 *)
0.5877 s 0.0000 (* Average Power for rapl:::PP0_ENERGY_CNT:PACKAGE1 *)
0.5877 s 7894413393.1754 (* Average Power for rapl:::THERMAL_SPEC:PACKAGE0 *)
0.5877 s 7894413393.1754 (* Average Power for rapl:::THERMAL_SPEC:PACKAGE1 *)
0.5877 s 7886330805.1590 (* Average Power for rapl:::MINIMUM_POWER:PACKAGE0 *)
0.5877 s 7886330805.1590 (* Average Power for rapl:::MINIMUM_POWER:PACKAGE1 *)
0.5877 s 7902076884.0354 (* Average Power for rapl:::MAXIMUM_POWER:PACKAGE0 *)
0.5877 s 7902076884.0354 (* Average Power for rapl:::MAXIMUM_POWER:PACKAGE1 *)
0.5877 s 7805025956.8162 (* Average Power for rapl:::MAXIMUM_TIME_WINDOW:PACKAGE0 *)
0.5877 s 7805025956.8162 (* Average Power for rapl:::MAXIMUM_TIME_WINDOW:PACKAGE1 *)
0.5877 s 46.7701 (* Total Energy for rapl:::PACKAGE_ENERGY:PACKAGE0 *)
0.5877 s 79.5857 (* Average Power for rapl:::PACKAGE_ENERGY:PACKAGE0 *)
0.5877 s 38.3856 (* Total Energy for rapl:::PACKAGE_ENERGY:PACKAGE1 *)
0.5877 s 65.3184 (* Average Power for rapl:::PACKAGE_ENERGY:PACKAGE1 *)
0.5877 s 15.3505 (* Average Power for rapl:::DRAM_ENERGY:PACKAGE0 *)
0.5877 s 12.8422 (* Average Power for rapl:::DRAM_ENERGY:PACKAGE1 *)
0.5877 s 0.0000 (* Average Power for rapl:::PP0_ENERGY:PACKAGE0 *)
0.5877 s 0.0000 (* Average Power for rapl:::PP0_ENERGY:PACKAGE1 *)
MST weight: 3.25982e+07 (32598180)
Num trees: 6321
Tree edges: 1151506
STATTYPE,LOOP,CATEGORY,n,sum,T0,T1
STAT,(NULL),InitializeSortTime,2,227,227,0
STAT,(NULL),InitializeTime,2,834,834,0
STAT,(NULL),LoopTime,2,798,798,0
STAT,(NULL),MeminfoPost,2,38,10,28
STAT,(NULL),MeminfoPre,2,0,0,0
STAT,(NULL),Rounds,2,20,20,0
STAT,(NULL),Threads,2,2,2,0
STAT,(NULL),Time,2,587,587,0
STAT,map_reduce,LoopTime,2,10,10,0
	Command being timed: "/home/users/norris/research/easy-parallel-graph/autoperf/mst/lib/Galois-2.2.1/build/power/apps/boruvka/boruvka -t=2 /home/users/norris/research/easy-parallel-graph/experiment/datasets/youtubeNetwork_75i_1000000.gr"
	User time (seconds): 2.68
	System time (seconds): 0.43
	Percent of CPU this job got: 147%
	Elapsed (wall clock) time (h:mm:ss or m:ss): 0:02.11
	Average shared text size (kbytes): 0
	Average unshared data size (kbytes): 0
	Average stack size (kbytes): 0
	Average total size (kbytes): 0
	Maximum resident set size (kbytes): 1822120
	Average resident set size (kbytes): 0
	Major (requiring I/O) page faults: 0
	Minor (reclaiming a frame) page faults: 10764
	Voluntary context switches: 692
	Involuntary context switches: 186
	Swaps: 0
	File system inputs: 0
	File system outputs: 8
	Socket messages sent: 0
	Socket messages received: 0
	Signals delivered: 0
	Page size (bytes): 4096
	Exit status: 0
