Highest Edge Value 10 --
Time Taken for Initializing Memory 0.037496 
Total Time for Reading Remainder Edges 1.330115 
Total Time for Reading Certificate Network 1.457299 
Total Time for Reading Update List 0.403226 
Found rapl component at cid 2
Found: rapl:::THERMAL_SPEC_CNT:PACKAGE0
Found: rapl:::THERMAL_SPEC_CNT:PACKAGE1
Found: rapl:::MINIMUM_POWER_CNT:PACKAGE0
Found: rapl:::MINIMUM_POWER_CNT:PACKAGE1
Found: rapl:::MAXIMUM_POWER_CNT:PACKAGE0
Found: rapl:::MAXIMUM_POWER_CNT:PACKAGE1
Found: rapl:::MAXIMUM_TIME_WINDOW_CNT:PACKAGE0
Found: rapl:::MAXIMUM_TIME_WINDOW_CNT:PACKAGE1
Found: rapl:::PACKAGE_ENERGY_CNT:PACKAGE0
Found: rapl:::PACKAGE_ENERGY_CNT:PACKAGE1
Found: rapl:::DRAM_ENERGY_CNT:PACKAGE0
Found: rapl:::DRAM_ENERGY_CNT:PACKAGE1
Found: rapl:::PP0_ENERGY_CNT:PACKAGE0
Found: rapl:::PP0_ENERGY_CNT:PACKAGE1
Found: rapl:::THERMAL_SPEC:PACKAGE0
Found: rapl:::THERMAL_SPEC:PACKAGE1
Found: rapl:::MINIMUM_POWER:PACKAGE0
Found: rapl:::MINIMUM_POWER:PACKAGE1
Found: rapl:::MAXIMUM_POWER:PACKAGE0
Found: rapl:::MAXIMUM_POWER:PACKAGE1
Found: rapl:::MAXIMUM_TIME_WINDOW:PACKAGE0
Found: rapl:::MAXIMUM_TIME_WINDOW:PACKAGE1
Found: rapl:::PACKAGE_ENERGY:PACKAGE0
Found: rapl:::PACKAGE_ENERGY:PACKAGE1
Found: rapl:::DRAM_ENERGY:PACKAGE0
Found: rapl:::DRAM_ENERGY:PACKAGE1
Found: rapl:::PP0_ENERGY:PACKAGE0
Found: rapl:::PP0_ENERGY:PACKAGE1
Starting creation of rooted tree
0.0475 s 0.0000 (* Average Power for rapl:::THERMAL_SPEC_CNT:PACKAGE0 *)
0.0475 s 0.0000 (* Average Power for rapl:::THERMAL_SPEC_CNT:PACKAGE1 *)
0.0475 s 0.0000 (* Average Power for rapl:::MINIMUM_POWER_CNT:PACKAGE0 *)
0.0475 s 0.0000 (* Average Power for rapl:::MINIMUM_POWER_CNT:PACKAGE1 *)
0.0475 s 0.0000 (* Average Power for rapl:::MAXIMUM_POWER_CNT:PACKAGE0 *)
0.0475 s 0.0000 (* Average Power for rapl:::MAXIMUM_POWER_CNT:PACKAGE1 *)
0.0475 s 0.0000 (* Average Power for rapl:::MAXIMUM_TIME_WINDOW_CNT:PACKAGE0 *)
0.0475 s 0.0000 (* Average Power for rapl:::MAXIMUM_TIME_WINDOW_CNT:PACKAGE1 *)
0.0475 s 0.0009 (* Average Power for rapl:::PACKAGE_ENERGY_CNT:PACKAGE0 *)
0.0475 s 0.0013 (* Average Power for rapl:::PACKAGE_ENERGY_CNT:PACKAGE1 *)
0.0475 s 0.0010 (* Average Power for rapl:::DRAM_ENERGY_CNT:PACKAGE0 *)
0.0475 s 0.0010 (* Average Power for rapl:::DRAM_ENERGY_CNT:PACKAGE1 *)
0.0475 s 0.0000 (* Average Power for rapl:::PP0_ENERGY_CNT:PACKAGE0 *)
0.0475 s 0.0000 (* Average Power for rapl:::PP0_ENERGY_CNT:PACKAGE1 *)
0.0475 s 97690502571.9214 (* Average Power for rapl:::THERMAL_SPEC:PACKAGE0 *)
0.0475 s 97690502571.9214 (* Average Power for rapl:::THERMAL_SPEC:PACKAGE1 *)
0.0475 s 97590483476.6348 (* Average Power for rapl:::MINIMUM_POWER:PACKAGE0 *)
0.0475 s 97590483476.6348 (* Average Power for rapl:::MINIMUM_POWER:PACKAGE1 *)
0.0475 s 97785335491.8969 (* Average Power for rapl:::MAXIMUM_POWER:PACKAGE0 *)
0.0475 s 97785335491.8969 (* Average Power for rapl:::MAXIMUM_POWER:PACKAGE1 *)
0.0475 s 96584365466.2700 (* Average Power for rapl:::MAXIMUM_TIME_WINDOW:PACKAGE0 *)
0.0475 s 96584365466.2700 (* Average Power for rapl:::MAXIMUM_TIME_WINDOW:PACKAGE1 *)
0.0475 s 2.5576 (* Total Energy for rapl:::PACKAGE_ENERGY:PACKAGE0 *)
0.0475 s 53.8548 (* Average Power for rapl:::PACKAGE_ENERGY:PACKAGE0 *)
0.0475 s 3.8071 (* Total Energy for rapl:::PACKAGE_ENERGY:PACKAGE1 *)
0.0475 s 80.1660 (* Average Power for rapl:::PACKAGE_ENERGY:PACKAGE1 *)
0.0475 s 15.3710 (* Average Power for rapl:::DRAM_ENERGY:PACKAGE0 *)
0.0475 s 15.3340 (* Average Power for rapl:::DRAM_ENERGY:PACKAGE1 *)
0.0475 s 0.0000 (* Average Power for rapl:::PP0_ENERGY:PACKAGE0 *)
0.0475 s 0.0000 (* Average Power for rapl:::PP0_ENERGY:PACKAGE1 *)
Total Time for Obtaining Degrees of Vertices  0.047454 
==Update Starts =======
root111=0
root=35660
Max height=110
Total Time for Creating Initial Rooted Tree at iter 1 is 0.425269 with Type:1
Found rapl component at cid 2
Found: rapl:::THERMAL_SPEC_CNT:PACKAGE0
Found: rapl:::THERMAL_SPEC_CNT:PACKAGE1
Found: rapl:::MINIMUM_POWER_CNT:PACKAGE0
Found: rapl:::MINIMUM_POWER_CNT:PACKAGE1
Found: rapl:::MAXIMUM_POWER_CNT:PACKAGE0
Found: rapl:::MAXIMUM_POWER_CNT:PACKAGE1
Found: rapl:::MAXIMUM_TIME_WINDOW_CNT:PACKAGE0
Found: rapl:::MAXIMUM_TIME_WINDOW_CNT:PACKAGE1
Found: rapl:::PACKAGE_ENERGY_CNT:PACKAGE0
Found: rapl:::PACKAGE_ENERGY_CNT:PACKAGE1
Found: rapl:::DRAM_ENERGY_CNT:PACKAGE0
Found: rapl:::DRAM_ENERGY_CNT:PACKAGE1
Found: rapl:::PP0_ENERGY_CNT:PACKAGE0
Found: rapl:::PP0_ENERGY_CNT:PACKAGE1
Found: rapl:::THERMAL_SPEC:PACKAGE0
Found: rapl:::THERMAL_SPEC:PACKAGE1
Found: rapl:::MINIMUM_POWER:PACKAGE0
Found: rapl:::MINIMUM_POWER:PACKAGE1
Found: rapl:::MAXIMUM_POWER:PACKAGE0
Found: rapl:::MAXIMUM_POWER:PACKAGE1
Found: rapl:::MAXIMUM_TIME_WINDOW:PACKAGE0
Found: rapl:::MAXIMUM_TIME_WINDOW:PACKAGE1
Found: rapl:::PACKAGE_ENERGY:PACKAGE0
Found: rapl:::PACKAGE_ENERGY:PACKAGE1
Found: rapl:::DRAM_ENERGY:PACKAGE0
Found: rapl:::DRAM_ENERGY:PACKAGE1
Found: rapl:::PP0_ENERGY:PACKAGE0
Found: rapl:::PP0_ENERGY:PACKAGE1
Starting Classify and Insert
Classify 999999 999999  
Time for insertion Flag  1.916117
Deleted Edges: 94827 
Processed Inserts: 294057
 Unprocessed Inserts: 6196
 1.9217 s 0.0000 (* Average Power for rapl:::THERMAL_SPEC_CNT:PACKAGE0 *)
1.9217 s 0.0000 (* Average Power for rapl:::THERMAL_SPEC_CNT:PACKAGE1 *)
1.9217 s 0.0000 (* Average Power for rapl:::MINIMUM_POWER_CNT:PACKAGE0 *)
1.9217 s 0.0000 (* Average Power for rapl:::MINIMUM_POWER_CNT:PACKAGE1 *)
1.9217 s 0.0000 (* Average Power for rapl:::MAXIMUM_POWER_CNT:PACKAGE0 *)
1.9217 s 0.0000 (* Average Power for rapl:::MAXIMUM_POWER_CNT:PACKAGE1 *)
1.9217 s 0.0000 (* Average Power for rapl:::MAXIMUM_TIME_WINDOW_CNT:PACKAGE0 *)
1.9217 s 0.0000 (* Average Power for rapl:::MAXIMUM_TIME_WINDOW_CNT:PACKAGE1 *)
1.9217 s 0.0010 (* Average Power for rapl:::PACKAGE_ENERGY_CNT:PACKAGE0 *)
1.9217 s 0.0013 (* Average Power for rapl:::PACKAGE_ENERGY_CNT:PACKAGE1 *)
1.9217 s 0.0009 (* Average Power for rapl:::DRAM_ENERGY_CNT:PACKAGE0 *)
1.9217 s 0.0010 (* Average Power for rapl:::DRAM_ENERGY_CNT:PACKAGE1 *)
1.9217 s 0.0000 (* Average Power for rapl:::PP0_ENERGY_CNT:PACKAGE0 *)
1.9217 s 0.0000 (* Average Power for rapl:::PP0_ENERGY_CNT:PACKAGE1 *)
1.9217 s 2414190112.0580 (* Average Power for rapl:::THERMAL_SPEC:PACKAGE0 *)
1.9217 s 2414190112.0580 (* Average Power for rapl:::THERMAL_SPEC:PACKAGE1 *)
1.9217 s 2411718376.2751 (* Average Power for rapl:::MINIMUM_POWER:PACKAGE0 *)
1.9217 s 2411718376.2751 (* Average Power for rapl:::MINIMUM_POWER:PACKAGE1 *)
1.9217 s 2416533683.7633 (* Average Power for rapl:::MAXIMUM_POWER:PACKAGE0 *)
1.9217 s 2416533683.7633 (* Average Power for rapl:::MAXIMUM_POWER:PACKAGE1 *)
1.9217 s 2386854545.2143 (* Average Power for rapl:::MAXIMUM_TIME_WINDOW:PACKAGE0 *)
1.9217 s 2386854545.2143 (* Average Power for rapl:::MAXIMUM_TIME_WINDOW:PACKAGE1 *)
1.9217 s 122.4086 (* Total Energy for rapl:::PACKAGE_ENERGY:PACKAGE0 *)
1.9217 s 63.6987 (* Average Power for rapl:::PACKAGE_ENERGY:PACKAGE0 *)
1.9217 s 154.4653 (* Total Energy for rapl:::PACKAGE_ENERGY:PACKAGE1 *)
1.9217 s 80.3803 (* Average Power for rapl:::PACKAGE_ENERGY:PACKAGE1 *)
1.9217 s 13.4808 (* Average Power for rapl:::DRAM_ENERGY:PACKAGE0 *)
1.9217 s 14.9755 (* Average Power for rapl:::DRAM_ENERGY:PACKAGE1 *)
1.9217 s 0.0000 (* Average Power for rapl:::PP0_ENERGY:PACKAGE0 *)
1.9217 s 0.0000 (* Average Power for rapl:::PP0_ENERGY:PACKAGE1 *)
Time for Classify and insert  1.921610 
Found rapl component at cid 2
Found: rapl:::THERMAL_SPEC_CNT:PACKAGE0
Found: rapl:::THERMAL_SPEC_CNT:PACKAGE1
Found: rapl:::MINIMUM_POWER_CNT:PACKAGE0
Found: rapl:::MINIMUM_POWER_CNT:PACKAGE1
Found: rapl:::MAXIMUM_POWER_CNT:PACKAGE0
Found: rapl:::MAXIMUM_POWER_CNT:PACKAGE1
Found: rapl:::MAXIMUM_TIME_WINDOW_CNT:PACKAGE0
Found: rapl:::MAXIMUM_TIME_WINDOW_CNT:PACKAGE1
Found: rapl:::PACKAGE_ENERGY_CNT:PACKAGE0
Found: rapl:::PACKAGE_ENERGY_CNT:PACKAGE1
Found: rapl:::DRAM_ENERGY_CNT:PACKAGE0
Found: rapl:::DRAM_ENERGY_CNT:PACKAGE1
Found: rapl:::PP0_ENERGY_CNT:PACKAGE0
Found: rapl:::PP0_ENERGY_CNT:PACKAGE1
Found: rapl:::THERMAL_SPEC:PACKAGE0
Found: rapl:::THERMAL_SPEC:PACKAGE1
Found: rapl:::MINIMUM_POWER:PACKAGE0
Found: rapl:::MINIMUM_POWER:PACKAGE1
Found: rapl:::MAXIMUM_POWER:PACKAGE0
Found: rapl:::MAXIMUM_POWER:PACKAGE1
Found: rapl:::MAXIMUM_TIME_WINDOW:PACKAGE0
Found: rapl:::MAXIMUM_TIME_WINDOW:PACKAGE1
Found: rapl:::PACKAGE_ENERGY:PACKAGE0
Found: rapl:::PACKAGE_ENERGY:PACKAGE1
Found: rapl:::DRAM_ENERGY:PACKAGE0
Found: rapl:::DRAM_ENERGY:PACKAGE1
Found: rapl:::PP0_ENERGY:PACKAGE0
Found: rapl:::PP0_ENERGY:PACKAGE1
Starting process_deletions
done updating maXE 
0.1181 s 0.0000 (* Average Power for rapl:::THERMAL_SPEC_CNT:PACKAGE0 *)
0.1181 s 0.0000 (* Average Power for rapl:::THERMAL_SPEC_CNT:PACKAGE1 *)
0.1181 s 0.0000 (* Average Power for rapl:::MINIMUM_POWER_CNT:PACKAGE0 *)
0.1181 s 0.0000 (* Average Power for rapl:::MINIMUM_POWER_CNT:PACKAGE1 *)
0.1181 s 0.0000 (* Average Power for rapl:::MAXIMUM_POWER_CNT:PACKAGE0 *)
0.1181 s 0.0000 (* Average Power for rapl:::MAXIMUM_POWER_CNT:PACKAGE1 *)
0.1181 s 0.0000 (* Average Power for rapl:::MAXIMUM_TIME_WINDOW_CNT:PACKAGE0 *)
0.1181 s 0.0000 (* Average Power for rapl:::MAXIMUM_TIME_WINDOW_CNT:PACKAGE1 *)
0.1181 s 0.0013 (* Average Power for rapl:::PACKAGE_ENERGY_CNT:PACKAGE0 *)
0.1181 s 0.0013 (* Average Power for rapl:::PACKAGE_ENERGY_CNT:PACKAGE1 *)
0.1181 s 0.0010 (* Average Power for rapl:::DRAM_ENERGY_CNT:PACKAGE0 *)
0.1181 s 0.0010 (* Average Power for rapl:::DRAM_ENERGY_CNT:PACKAGE1 *)
0.1181 s 0.0000 (* Average Power for rapl:::PP0_ENERGY_CNT:PACKAGE0 *)
0.1181 s 0.0000 (* Average Power for rapl:::PP0_ENERGY_CNT:PACKAGE1 *)
0.1181 s 39296931897.2395 (* Average Power for rapl:::THERMAL_SPEC:PACKAGE0 *)
0.1181 s 39296931897.2395 (* Average Power for rapl:::THERMAL_SPEC:PACKAGE1 *)
0.1181 s 39256698266.8208 (* Average Power for rapl:::MINIMUM_POWER:PACKAGE0 *)
0.1181 s 39256698266.8208 (* Average Power for rapl:::MINIMUM_POWER:PACKAGE1 *)
0.1181 s 39335079339.4143 (* Average Power for rapl:::MAXIMUM_POWER:PACKAGE0 *)
0.1181 s 39335079339.4143 (* Average Power for rapl:::MAXIMUM_POWER:PACKAGE1 *)
0.1181 s 38851977747.4972 (* Average Power for rapl:::MAXIMUM_TIME_WINDOW:PACKAGE0 *)
0.1181 s 38851977747.4972 (* Average Power for rapl:::MAXIMUM_TIME_WINDOW:PACKAGE1 *)
0.1181 s 9.5604 (* Total Energy for rapl:::PACKAGE_ENERGY:PACKAGE0 *)
0.1181 s 80.9809 (* Average Power for rapl:::PACKAGE_ENERGY:PACKAGE0 *)
0.1181 s 9.5279 (* Total Energy for rapl:::PACKAGE_ENERGY:PACKAGE1 *)
0.1181 s 80.7054 (* Average Power for rapl:::PACKAGE_ENERGY:PACKAGE1 *)
0.1181 s 14.8143 (* Average Power for rapl:::DRAM_ENERGY:PACKAGE0 *)
0.1181 s 15.2975 (* Average Power for rapl:::DRAM_ENERGY:PACKAGE1 *)
0.1181 s 0.0000 (* Average Power for rapl:::PP0_ENERGY:PACKAGE0 *)
0.1181 s 0.0000 (* Average Power for rapl:::PP0_ENERGY:PACKAGE1 *)
Time for Deletion  0.118032 
Total Time for Updating at Batch 1 is 2.040461 
=======
Total Time for Updating  2.496577 
	Command being timed: "/home/users/norris/research/easy-parallel-graph/autoperf/mst/lib/xpscode/MST_May5/a.out /home/users/norris/research/easy-parallel-graph/experiment/datasets/youtubeNetwork.diff /home/users/norris/research/easy-parallel-graph/experiment/datasets/youtubeNetwork.cert /home/users/norris/research/easy-parallel-graph/experiment/datasets/youtubeNetwork_changed_75i_1000000S 100 1834890 1000000 64 100"
	User time (seconds): 13.57
	System time (seconds): 0.27
	Percent of CPU this job got: 233%
	Elapsed (wall clock) time (h:mm:ss or m:ss): 0:05.93
	Average shared text size (kbytes): 0
	Average unshared data size (kbytes): 0
	Average stack size (kbytes): 0
	Average total size (kbytes): 0
	Maximum resident set size (kbytes): 309236
	Average resident set size (kbytes): 0
	Major (requiring I/O) page faults: 0
	Minor (reclaiming a frame) page faults: 29038
	Voluntary context switches: 1127
	Involuntary context switches: 177
	Swaps: 0
	File system inputs: 0
	File system outputs: 24
	Socket messages sent: 0
	Socket messages received: 0
	Signals delivered: 0
	Page size (bytes): 4096
	Exit status: 0
Highest Edge Value 10 --
Time Taken for Initializing Memory 0.037399 
Total Time for Reading Remainder Edges 1.163823 
Total Time for Reading Certificate Network 1.423741 
Total Time for Reading Update List 0.401204 
Found rapl component at cid 2
Found: rapl:::THERMAL_SPEC_CNT:PACKAGE0
Found: rapl:::THERMAL_SPEC_CNT:PACKAGE1
Found: rapl:::MINIMUM_POWER_CNT:PACKAGE0
Found: rapl:::MINIMUM_POWER_CNT:PACKAGE1
Found: rapl:::MAXIMUM_POWER_CNT:PACKAGE0
Found: rapl:::MAXIMUM_POWER_CNT:PACKAGE1
Found: rapl:::MAXIMUM_TIME_WINDOW_CNT:PACKAGE0
Found: rapl:::MAXIMUM_TIME_WINDOW_CNT:PACKAGE1
Found: rapl:::PACKAGE_ENERGY_CNT:PACKAGE0
Found: rapl:::PACKAGE_ENERGY_CNT:PACKAGE1
Found: rapl:::DRAM_ENERGY_CNT:PACKAGE0
Found: rapl:::DRAM_ENERGY_CNT:PACKAGE1
Found: rapl:::PP0_ENERGY_CNT:PACKAGE0
Found: rapl:::PP0_ENERGY_CNT:PACKAGE1
Found: rapl:::THERMAL_SPEC:PACKAGE0
Found: rapl:::THERMAL_SPEC:PACKAGE1
Found: rapl:::MINIMUM_POWER:PACKAGE0
Found: rapl:::MINIMUM_POWER:PACKAGE1
Found: rapl:::MAXIMUM_POWER:PACKAGE0
Found: rapl:::MAXIMUM_POWER:PACKAGE1
Found: rapl:::MAXIMUM_TIME_WINDOW:PACKAGE0
Found: rapl:::MAXIMUM_TIME_WINDOW:PACKAGE1
Found: rapl:::PACKAGE_ENERGY:PACKAGE0
Found: rapl:::PACKAGE_ENERGY:PACKAGE1
Found: rapl:::DRAM_ENERGY:PACKAGE0
Found: rapl:::DRAM_ENERGY:PACKAGE1
Found: rapl:::PP0_ENERGY:PACKAGE0
Found: rapl:::PP0_ENERGY:PACKAGE1
Starting creation of rooted tree
0.0436 s 0.0000 (* Average Power for rapl:::THERMAL_SPEC_CNT:PACKAGE0 *)
0.0436 s 0.0000 (* Average Power for rapl:::THERMAL_SPEC_CNT:PACKAGE1 *)
0.0436 s 0.0000 (* Average Power for rapl:::MINIMUM_POWER_CNT:PACKAGE0 *)
0.0436 s 0.0000 (* Average Power for rapl:::MINIMUM_POWER_CNT:PACKAGE1 *)
0.0436 s 0.0001 (* Average Power for rapl:::MAXIMUM_POWER_CNT:PACKAGE0 *)
0.0436 s 0.0001 (* Average Power for rapl:::MAXIMUM_POWER_CNT:PACKAGE1 *)
0.0436 s 0.0000 (* Average Power for rapl:::MAXIMUM_TIME_WINDOW_CNT:PACKAGE0 *)
0.0436 s 0.0000 (* Average Power for rapl:::MAXIMUM_TIME_WINDOW_CNT:PACKAGE1 *)
0.0436 s 0.0009 (* Average Power for rapl:::PACKAGE_ENERGY_CNT:PACKAGE0 *)
0.0436 s 0.0015 (* Average Power for rapl:::PACKAGE_ENERGY_CNT:PACKAGE1 *)
0.0436 s 0.0010 (* Average Power for rapl:::DRAM_ENERGY_CNT:PACKAGE0 *)
0.0436 s 0.0010 (* Average Power for rapl:::DRAM_ENERGY_CNT:PACKAGE1 *)
0.0436 s 0.0000 (* Average Power for rapl:::PP0_ENERGY_CNT:PACKAGE0 *)
0.0436 s 0.0000 (* Average Power for rapl:::PP0_ENERGY_CNT:PACKAGE1 *)
0.0436 s 106309879877.4577 (* Average Power for rapl:::THERMAL_SPEC:PACKAGE0 *)
0.0436 s 106309879877.4577 (* Average Power for rapl:::THERMAL_SPEC:PACKAGE1 *)
0.0436 s 106201035949.6916 (* Average Power for rapl:::MINIMUM_POWER:PACKAGE0 *)
0.0436 s 106201035949.6916 (* Average Power for rapl:::MINIMUM_POWER:PACKAGE1 *)
0.0436 s 106413080046.0063 (* Average Power for rapl:::MAXIMUM_POWER:PACKAGE0 *)
0.0436 s 106413080046.0063 (* Average Power for rapl:::MAXIMUM_POWER:PACKAGE1 *)
0.0436 s 105106146661.4962 (* Average Power for rapl:::MAXIMUM_TIME_WINDOW:PACKAGE0 *)
0.0436 s 105106146661.4962 (* Average Power for rapl:::MAXIMUM_TIME_WINDOW:PACKAGE1 *)
0.0436 s 2.4968 (* Total Energy for rapl:::PACKAGE_ENERGY:PACKAGE0 *)
0.0436 s 57.2135 (* Average Power for rapl:::PACKAGE_ENERGY:PACKAGE0 *)
0.0436 s 3.8857 (* Total Energy for rapl:::PACKAGE_ENERGY:PACKAGE1 *)
0.0436 s 89.0405 (* Average Power for rapl:::PACKAGE_ENERGY:PACKAGE1 *)
0.0436 s 14.9904 (* Average Power for rapl:::DRAM_ENERGY:PACKAGE0 *)
0.0436 s 15.6688 (* Average Power for rapl:::DRAM_ENERGY:PACKAGE1 *)
0.0436 s 0.0000 (* Average Power for rapl:::PP0_ENERGY:PACKAGE0 *)
0.0436 s 0.0000 (* Average Power for rapl:::PP0_ENERGY:PACKAGE1 *)
Total Time for Obtaining Degrees of Vertices  0.043601 
==Update Starts =======
root111=0
root=35660
Max height=110
Total Time for Creating Initial Rooted Tree at iter 1 is 0.346295 with Type:1
Found rapl component at cid 2
Found: rapl:::THERMAL_SPEC_CNT:PACKAGE0
Found: rapl:::THERMAL_SPEC_CNT:PACKAGE1
Found: rapl:::MINIMUM_POWER_CNT:PACKAGE0
Found: rapl:::MINIMUM_POWER_CNT:PACKAGE1
Found: rapl:::MAXIMUM_POWER_CNT:PACKAGE0
Found: rapl:::MAXIMUM_POWER_CNT:PACKAGE1
Found: rapl:::MAXIMUM_TIME_WINDOW_CNT:PACKAGE0
Found: rapl:::MAXIMUM_TIME_WINDOW_CNT:PACKAGE1
Found: rapl:::PACKAGE_ENERGY_CNT:PACKAGE0
Found: rapl:::PACKAGE_ENERGY_CNT:PACKAGE1
Found: rapl:::DRAM_ENERGY_CNT:PACKAGE0
Found: rapl:::DRAM_ENERGY_CNT:PACKAGE1
Found: rapl:::PP0_ENERGY_CNT:PACKAGE0
Found: rapl:::PP0_ENERGY_CNT:PACKAGE1
Found: rapl:::THERMAL_SPEC:PACKAGE0
Found: rapl:::THERMAL_SPEC:PACKAGE1
Found: rapl:::MINIMUM_POWER:PACKAGE0
Found: rapl:::MINIMUM_POWER:PACKAGE1
Found: rapl:::MAXIMUM_POWER:PACKAGE0
Found: rapl:::MAXIMUM_POWER:PACKAGE1
Found: rapl:::MAXIMUM_TIME_WINDOW:PACKAGE0
Found: rapl:::MAXIMUM_TIME_WINDOW:PACKAGE1
Found: rapl:::PACKAGE_ENERGY:PACKAGE0
Found: rapl:::PACKAGE_ENERGY:PACKAGE1
Found: rapl:::DRAM_ENERGY:PACKAGE0
Found: rapl:::DRAM_ENERGY:PACKAGE1
Found: rapl:::PP0_ENERGY:PACKAGE0
Found: rapl:::PP0_ENERGY:PACKAGE1
Starting Classify and Insert
Classify 999999 999999  
Time for insertion Flag  1.895889
Deleted Edges: 94827 
Processed Inserts: 293898
 Unprocessed Inserts: 7883
 1.9018 s 0.0000 (* Average Power for rapl:::THERMAL_SPEC_CNT:PACKAGE0 *)
1.9018 s 0.0000 (* Average Power for rapl:::THERMAL_SPEC_CNT:PACKAGE1 *)
1.9018 s 0.0000 (* Average Power for rapl:::MINIMUM_POWER_CNT:PACKAGE0 *)
1.9018 s 0.0000 (* Average Power for rapl:::MINIMUM_POWER_CNT:PACKAGE1 *)
1.9018 s 0.0000 (* Average Power for rapl:::MAXIMUM_POWER_CNT:PACKAGE0 *)
1.9018 s 0.0000 (* Average Power for rapl:::MAXIMUM_POWER_CNT:PACKAGE1 *)
1.9018 s 0.0000 (* Average Power for rapl:::MAXIMUM_TIME_WINDOW_CNT:PACKAGE0 *)
1.9018 s 0.0000 (* Average Power for rapl:::MAXIMUM_TIME_WINDOW_CNT:PACKAGE1 *)
1.9018 s 0.0008 (* Average Power for rapl:::PACKAGE_ENERGY_CNT:PACKAGE0 *)
1.9018 s 0.0008 (* Average Power for rapl:::PACKAGE_ENERGY_CNT:PACKAGE1 *)
1.9018 s 0.0009 (* Average Power for rapl:::DRAM_ENERGY_CNT:PACKAGE0 *)
1.9018 s 0.0010 (* Average Power for rapl:::DRAM_ENERGY_CNT:PACKAGE1 *)
1.9018 s 0.0000 (* Average Power for rapl:::PP0_ENERGY_CNT:PACKAGE0 *)
1.9018 s 0.0000 (* Average Power for rapl:::PP0_ENERGY_CNT:PACKAGE1 *)
1.9018 s 2439452335.1781 (* Average Power for rapl:::THERMAL_SPEC:PACKAGE0 *)
1.9018 s 2439452335.1781 (* Average Power for rapl:::THERMAL_SPEC:PACKAGE1 *)
1.9018 s 2436954735.0109 (* Average Power for rapl:::MINIMUM_POWER:PACKAGE0 *)
1.9018 s 2436954735.0109 (* Average Power for rapl:::MINIMUM_POWER:PACKAGE1 *)
1.9018 s 2441820430.1515 (* Average Power for rapl:::MAXIMUM_POWER:PACKAGE0 *)
1.9018 s 2441820430.1515 (* Average Power for rapl:::MAXIMUM_POWER:PACKAGE1 *)
1.9018 s 2411830727.4029 (* Average Power for rapl:::MAXIMUM_TIME_WINDOW:PACKAGE0 *)
1.9018 s 2411830727.4029 (* Average Power for rapl:::MAXIMUM_TIME_WINDOW:PACKAGE1 *)
1.9018 s 95.6031 (* Total Energy for rapl:::PACKAGE_ENERGY:PACKAGE0 *)
1.9018 s 50.2703 (* Average Power for rapl:::PACKAGE_ENERGY:PACKAGE0 *)
1.9018 s 96.9257 (* Total Energy for rapl:::PACKAGE_ENERGY:PACKAGE1 *)
1.9018 s 50.9657 (* Average Power for rapl:::PACKAGE_ENERGY:PACKAGE1 *)
1.9018 s 14.3320 (* Average Power for rapl:::DRAM_ENERGY:PACKAGE0 *)
1.9018 s 14.9561 (* Average Power for rapl:::DRAM_ENERGY:PACKAGE1 *)
1.9018 s 0.0000 (* Average Power for rapl:::PP0_ENERGY:PACKAGE0 *)
1.9018 s 0.0000 (* Average Power for rapl:::PP0_ENERGY:PACKAGE1 *)
Time for Classify and insert  1.901691 
Found rapl component at cid 2
Found: rapl:::THERMAL_SPEC_CNT:PACKAGE0
Found: rapl:::THERMAL_SPEC_CNT:PACKAGE1
Found: rapl:::MINIMUM_POWER_CNT:PACKAGE0
Found: rapl:::MINIMUM_POWER_CNT:PACKAGE1
Found: rapl:::MAXIMUM_POWER_CNT:PACKAGE0
Found: rapl:::MAXIMUM_POWER_CNT:PACKAGE1
Found: rapl:::MAXIMUM_TIME_WINDOW_CNT:PACKAGE0
Found: rapl:::MAXIMUM_TIME_WINDOW_CNT:PACKAGE1
Found: rapl:::PACKAGE_ENERGY_CNT:PACKAGE0
Found: rapl:::PACKAGE_ENERGY_CNT:PACKAGE1
Found: rapl:::DRAM_ENERGY_CNT:PACKAGE0
Found: rapl:::DRAM_ENERGY_CNT:PACKAGE1
Found: rapl:::PP0_ENERGY_CNT:PACKAGE0
Found: rapl:::PP0_ENERGY_CNT:PACKAGE1
Found: rapl:::THERMAL_SPEC:PACKAGE0
Found: rapl:::THERMAL_SPEC:PACKAGE1
Found: rapl:::MINIMUM_POWER:PACKAGE0
Found: rapl:::MINIMUM_POWER:PACKAGE1
Found: rapl:::MAXIMUM_POWER:PACKAGE0
Found: rapl:::MAXIMUM_POWER:PACKAGE1
Found: rapl:::MAXIMUM_TIME_WINDOW:PACKAGE0
Found: rapl:::MAXIMUM_TIME_WINDOW:PACKAGE1
Found: rapl:::PACKAGE_ENERGY:PACKAGE0
Found: rapl:::PACKAGE_ENERGY:PACKAGE1
Found: rapl:::DRAM_ENERGY:PACKAGE0
Found: rapl:::DRAM_ENERGY:PACKAGE1
Found: rapl:::PP0_ENERGY:PACKAGE0
Found: rapl:::PP0_ENERGY:PACKAGE1
Starting process_deletions
done updating maXE 
0.1176 s 0.0000 (* Average Power for rapl:::THERMAL_SPEC_CNT:PACKAGE0 *)
0.1176 s 0.0000 (* Average Power for rapl:::THERMAL_SPEC_CNT:PACKAGE1 *)
0.1176 s 0.0000 (* Average Power for rapl:::MINIMUM_POWER_CNT:PACKAGE0 *)
0.1176 s 0.0000 (* Average Power for rapl:::MINIMUM_POWER_CNT:PACKAGE1 *)
0.1176 s 0.0000 (* Average Power for rapl:::MAXIMUM_POWER_CNT:PACKAGE0 *)
0.1176 s 0.0000 (* Average Power for rapl:::MAXIMUM_POWER_CNT:PACKAGE1 *)
0.1176 s 0.0000 (* Average Power for rapl:::MAXIMUM_TIME_WINDOW_CNT:PACKAGE0 *)
0.1176 s 0.0000 (* Average Power for rapl:::MAXIMUM_TIME_WINDOW_CNT:PACKAGE1 *)
0.1176 s 0.0008 (* Average Power for rapl:::PACKAGE_ENERGY_CNT:PACKAGE0 *)
0.1176 s 0.0013 (* Average Power for rapl:::PACKAGE_ENERGY_CNT:PACKAGE1 *)
0.1176 s 0.0008 (* Average Power for rapl:::DRAM_ENERGY_CNT:PACKAGE0 *)
0.1176 s 0.0010 (* Average Power for rapl:::DRAM_ENERGY_CNT:PACKAGE1 *)
0.1176 s 0.0000 (* Average Power for rapl:::PP0_ENERGY_CNT:PACKAGE0 *)
0.1176 s 0.0000 (* Average Power for rapl:::PP0_ENERGY_CNT:PACKAGE1 *)
0.1176 s 39461828114.0839 (* Average Power for rapl:::THERMAL_SPEC:PACKAGE0 *)
0.1176 s 39461828114.0839 (* Average Power for rapl:::THERMAL_SPEC:PACKAGE1 *)
0.1176 s 39421425656.9113 (* Average Power for rapl:::MINIMUM_POWER:PACKAGE0 *)
0.1176 s 39421425656.9113 (* Average Power for rapl:::MINIMUM_POWER:PACKAGE1 *)
0.1176 s 39500135629.0327 (* Average Power for rapl:::MAXIMUM_POWER:PACKAGE0 *)
0.1176 s 39500135629.0327 (* Average Power for rapl:::MAXIMUM_POWER:PACKAGE1 *)
0.1176 s 39015006865.5015 (* Average Power for rapl:::MAXIMUM_TIME_WINDOW:PACKAGE0 *)
0.1176 s 39015006865.5015 (* Average Power for rapl:::MAXIMUM_TIME_WINDOW:PACKAGE1 *)
0.1176 s 6.0927 (* Total Energy for rapl:::PACKAGE_ENERGY:PACKAGE0 *)
0.1176 s 51.8245 (* Average Power for rapl:::PACKAGE_ENERGY:PACKAGE0 *)
0.1176 s 9.2796 (* Total Energy for rapl:::PACKAGE_ENERGY:PACKAGE1 *)
0.1176 s 78.9321 (* Average Power for rapl:::PACKAGE_ENERGY:PACKAGE1 *)
0.1176 s 11.7636 (* Average Power for rapl:::DRAM_ENERGY:PACKAGE0 *)
0.1176 s 15.5837 (* Average Power for rapl:::DRAM_ENERGY:PACKAGE1 *)
0.1176 s 0.0000 (* Average Power for rapl:::PP0_ENERGY:PACKAGE0 *)
0.1176 s 0.0000 (* Average Power for rapl:::PP0_ENERGY:PACKAGE1 *)
Time for Deletion  0.117541 
Total Time for Updating at Batch 1 is 2.020158 
=======
Total Time for Updating  2.392658 
	Command being timed: "/home/users/norris/research/easy-parallel-graph/autoperf/mst/lib/xpscode/MST_May5/a.out /home/users/norris/research/easy-parallel-graph/experiment/datasets/youtubeNetwork.diff /home/users/norris/research/easy-parallel-graph/experiment/datasets/youtubeNetwork.cert /home/users/norris/research/easy-parallel-graph/experiment/datasets/youtubeNetwork_changed_75i_1000000S 100 1834890 1000000 64 100"
	User time (seconds): 14.07
	System time (seconds): 0.24
	Percent of CPU this job got: 254%
	Elapsed (wall clock) time (h:mm:ss or m:ss): 0:05.63
	Average shared text size (kbytes): 0
	Average unshared data size (kbytes): 0
	Average stack size (kbytes): 0
	Average total size (kbytes): 0
	Maximum resident set size (kbytes): 307876
	Average resident set size (kbytes): 0
	Major (requiring I/O) page faults: 0
	Minor (reclaiming a frame) page faults: 31971
	Voluntary context switches: 1092
	Involuntary context switches: 55
	Swaps: 0
	File system inputs: 0
	File system outputs: 32
	Socket messages sent: 0
	Socket messages received: 0
	Signals delivered: 0
	Page size (bytes): 4096
	Exit status: 0
Highest Edge Value 10 --
Time Taken for Initializing Memory 0.037289 
Total Time for Reading Remainder Edges 1.351780 
Total Time for Reading Certificate Network 1.666830 
Total Time for Reading Update List 0.450827 
Found rapl component at cid 2
Found: rapl:::THERMAL_SPEC_CNT:PACKAGE0
Found: rapl:::THERMAL_SPEC_CNT:PACKAGE1
Found: rapl:::MINIMUM_POWER_CNT:PACKAGE0
Found: rapl:::MINIMUM_POWER_CNT:PACKAGE1
Found: rapl:::MAXIMUM_POWER_CNT:PACKAGE0
Found: rapl:::MAXIMUM_POWER_CNT:PACKAGE1
Found: rapl:::MAXIMUM_TIME_WINDOW_CNT:PACKAGE0
Found: rapl:::MAXIMUM_TIME_WINDOW_CNT:PACKAGE1
Found: rapl:::PACKAGE_ENERGY_CNT:PACKAGE0
Found: rapl:::PACKAGE_ENERGY_CNT:PACKAGE1
Found: rapl:::DRAM_ENERGY_CNT:PACKAGE0
Found: rapl:::DRAM_ENERGY_CNT:PACKAGE1
Found: rapl:::PP0_ENERGY_CNT:PACKAGE0
Found: rapl:::PP0_ENERGY_CNT:PACKAGE1
Found: rapl:::THERMAL_SPEC:PACKAGE0
Found: rapl:::THERMAL_SPEC:PACKAGE1
Found: rapl:::MINIMUM_POWER:PACKAGE0
Found: rapl:::MINIMUM_POWER:PACKAGE1
Found: rapl:::MAXIMUM_POWER:PACKAGE0
Found: rapl:::MAXIMUM_POWER:PACKAGE1
Found: rapl:::MAXIMUM_TIME_WINDOW:PACKAGE0
Found: rapl:::MAXIMUM_TIME_WINDOW:PACKAGE1
Found: rapl:::PACKAGE_ENERGY:PACKAGE0
Found: rapl:::PACKAGE_ENERGY:PACKAGE1
Found: rapl:::DRAM_ENERGY:PACKAGE0
Found: rapl:::DRAM_ENERGY:PACKAGE1
Found: rapl:::PP0_ENERGY:PACKAGE0
Found: rapl:::PP0_ENERGY:PACKAGE1
Starting creation of rooted tree
0.0320 s 0.0000 (* Average Power for rapl:::THERMAL_SPEC_CNT:PACKAGE0 *)
0.0320 s 0.0000 (* Average Power for rapl:::THERMAL_SPEC_CNT:PACKAGE1 *)
0.0320 s 0.0000 (* Average Power for rapl:::MINIMUM_POWER_CNT:PACKAGE0 *)
0.0320 s 0.0000 (* Average Power for rapl:::MINIMUM_POWER_CNT:PACKAGE1 *)
0.0320 s 0.0001 (* Average Power for rapl:::MAXIMUM_POWER_CNT:PACKAGE0 *)
0.0320 s 0.0001 (* Average Power for rapl:::MAXIMUM_POWER_CNT:PACKAGE1 *)
0.0320 s 0.0000 (* Average Power for rapl:::MAXIMUM_TIME_WINDOW_CNT:PACKAGE0 *)
0.0320 s 0.0000 (* Average Power for rapl:::MAXIMUM_TIME_WINDOW_CNT:PACKAGE1 *)
0.0320 s 0.0011 (* Average Power for rapl:::PACKAGE_ENERGY_CNT:PACKAGE0 *)
0.0320 s 0.0012 (* Average Power for rapl:::PACKAGE_ENERGY_CNT:PACKAGE1 *)
0.0320 s 0.0010 (* Average Power for rapl:::DRAM_ENERGY_CNT:PACKAGE0 *)
0.0320 s 0.0011 (* Average Power for rapl:::DRAM_ENERGY_CNT:PACKAGE1 *)
0.0320 s 0.0000 (* Average Power for rapl:::PP0_ENERGY_CNT:PACKAGE0 *)
0.0320 s 0.0000 (* Average Power for rapl:::PP0_ENERGY_CNT:PACKAGE1 *)
0.0320 s 145000680121.1112 (* Average Power for rapl:::THERMAL_SPEC:PACKAGE0 *)
0.0320 s 145000680121.1112 (* Average Power for rapl:::THERMAL_SPEC:PACKAGE1 *)
0.0320 s 144852223142.5940 (* Average Power for rapl:::MINIMUM_POWER:PACKAGE0 *)
0.0320 s 144852223142.5940 (* Average Power for rapl:::MINIMUM_POWER:PACKAGE1 *)
0.0320 s 145141439330.3720 (* Average Power for rapl:::MAXIMUM_POWER:PACKAGE0 *)
0.0320 s 145141439330.3720 (* Average Power for rapl:::MAXIMUM_POWER:PACKAGE1 *)
0.0320 s 143358855906.8426 (* Average Power for rapl:::MAXIMUM_TIME_WINDOW:PACKAGE0 *)
0.0320 s 143358855906.8426 (* Average Power for rapl:::MAXIMUM_TIME_WINDOW:PACKAGE1 *)
0.0320 s 2.1893 (* Total Energy for rapl:::PACKAGE_ENERGY:PACKAGE0 *)
0.0320 s 68.4272 (* Average Power for rapl:::PACKAGE_ENERGY:PACKAGE0 *)
0.0320 s 2.3952 (* Total Energy for rapl:::PACKAGE_ENERGY:PACKAGE1 *)
0.0320 s 74.8616 (* Average Power for rapl:::PACKAGE_ENERGY:PACKAGE1 *)
0.0320 s 15.9159 (* Average Power for rapl:::DRAM_ENERGY:PACKAGE0 *)
0.0320 s 16.7119 (* Average Power for rapl:::DRAM_ENERGY:PACKAGE1 *)
0.0320 s 0.0000 (* Average Power for rapl:::PP0_ENERGY:PACKAGE0 *)
0.0320 s 0.0000 (* Average Power for rapl:::PP0_ENERGY:PACKAGE1 *)
Total Time for Obtaining Degrees of Vertices  0.031934 
==Update Starts =======
root111=0
root=35660
Max height=110
Total Time for Creating Initial Rooted Tree at iter 1 is 0.344613 with Type:1
Found rapl component at cid 2
Found: rapl:::THERMAL_SPEC_CNT:PACKAGE0
Found: rapl:::THERMAL_SPEC_CNT:PACKAGE1
Found: rapl:::MINIMUM_POWER_CNT:PACKAGE0
Found: rapl:::MINIMUM_POWER_CNT:PACKAGE1
Found: rapl:::MAXIMUM_POWER_CNT:PACKAGE0
Found: rapl:::MAXIMUM_POWER_CNT:PACKAGE1
Found: rapl:::MAXIMUM_TIME_WINDOW_CNT:PACKAGE0
Found: rapl:::MAXIMUM_TIME_WINDOW_CNT:PACKAGE1
Found: rapl:::PACKAGE_ENERGY_CNT:PACKAGE0
Found: rapl:::PACKAGE_ENERGY_CNT:PACKAGE1
Found: rapl:::DRAM_ENERGY_CNT:PACKAGE0
Found: rapl:::DRAM_ENERGY_CNT:PACKAGE1
Found: rapl:::PP0_ENERGY_CNT:PACKAGE0
Found: rapl:::PP0_ENERGY_CNT:PACKAGE1
Found: rapl:::THERMAL_SPEC:PACKAGE0
Found: rapl:::THERMAL_SPEC:PACKAGE1
Found: rapl:::MINIMUM_POWER:PACKAGE0
Found: rapl:::MINIMUM_POWER:PACKAGE1
Found: rapl:::MAXIMUM_POWER:PACKAGE0
Found: rapl:::MAXIMUM_POWER:PACKAGE1
Found: rapl:::MAXIMUM_TIME_WINDOW:PACKAGE0
Found: rapl:::MAXIMUM_TIME_WINDOW:PACKAGE1
Found: rapl:::PACKAGE_ENERGY:PACKAGE0
Found: rapl:::PACKAGE_ENERGY:PACKAGE1
Found: rapl:::DRAM_ENERGY:PACKAGE0
Found: rapl:::DRAM_ENERGY:PACKAGE1
Found: rapl:::PP0_ENERGY:PACKAGE0
Found: rapl:::PP0_ENERGY:PACKAGE1
Starting Classify and Insert
Classify 999999 999999  
Time for insertion Flag  1.797187
Deleted Edges: 94827 
Processed Inserts: 293877
 Unprocessed Inserts: 7954
 1.8033 s 0.0000 (* Average Power for rapl:::THERMAL_SPEC_CNT:PACKAGE0 *)
1.8033 s 0.0000 (* Average Power for rapl:::THERMAL_SPEC_CNT:PACKAGE1 *)
1.8033 s 0.0000 (* Average Power for rapl:::MINIMUM_POWER_CNT:PACKAGE0 *)
1.8033 s 0.0000 (* Average Power for rapl:::MINIMUM_POWER_CNT:PACKAGE1 *)
1.8033 s 0.0000 (* Average Power for rapl:::MAXIMUM_POWER_CNT:PACKAGE0 *)
1.8033 s 0.0000 (* Average Power for rapl:::MAXIMUM_POWER_CNT:PACKAGE1 *)
1.8033 s 0.0000 (* Average Power for rapl:::MAXIMUM_TIME_WINDOW_CNT:PACKAGE0 *)
1.8033 s 0.0000 (* Average Power for rapl:::MAXIMUM_TIME_WINDOW_CNT:PACKAGE1 *)
1.8033 s 0.0009 (* Average Power for rapl:::PACKAGE_ENERGY_CNT:PACKAGE0 *)
1.8033 s 0.0011 (* Average Power for rapl:::PACKAGE_ENERGY_CNT:PACKAGE1 *)
1.8033 s 0.0009 (* Average Power for rapl:::DRAM_ENERGY_CNT:PACKAGE0 *)
1.8033 s 0.0010 (* Average Power for rapl:::DRAM_ENERGY_CNT:PACKAGE1 *)
1.8033 s 0.0000 (* Average Power for rapl:::PP0_ENERGY_CNT:PACKAGE0 *)
1.8033 s 0.0000 (* Average Power for rapl:::PP0_ENERGY_CNT:PACKAGE1 *)
1.8033 s 2572708209.6249 (* Average Power for rapl:::THERMAL_SPEC:PACKAGE0 *)
1.8033 s 2572708209.6249 (* Average Power for rapl:::THERMAL_SPEC:PACKAGE1 *)
1.8033 s 2570074177.2391 (* Average Power for rapl:::MINIMUM_POWER:PACKAGE0 *)
1.8033 s 2570074177.2391 (* Average Power for rapl:::MINIMUM_POWER:PACKAGE1 *)
1.8033 s 2575205662.5537 (* Average Power for rapl:::MAXIMUM_POWER:PACKAGE0 *)
1.8033 s 2575205662.5537 (* Average Power for rapl:::MAXIMUM_POWER:PACKAGE1 *)
1.8033 s 2543577762.5726 (* Average Power for rapl:::MAXIMUM_TIME_WINDOW:PACKAGE0 *)
1.8033 s 2543577762.5726 (* Average Power for rapl:::MAXIMUM_TIME_WINDOW:PACKAGE1 *)
1.8033 s 98.8541 (* Total Energy for rapl:::PACKAGE_ENERGY:PACKAGE0 *)
1.8033 s 54.8192 (* Average Power for rapl:::PACKAGE_ENERGY:PACKAGE0 *)
1.8033 s 118.5600 (* Total Energy for rapl:::PACKAGE_ENERGY:PACKAGE1 *)
1.8033 s 65.7470 (* Average Power for rapl:::PACKAGE_ENERGY:PACKAGE1 *)
1.8033 s 14.3401 (* Average Power for rapl:::DRAM_ENERGY:PACKAGE0 *)
1.8033 s 14.9722 (* Average Power for rapl:::DRAM_ENERGY:PACKAGE1 *)
1.8033 s 0.0000 (* Average Power for rapl:::PP0_ENERGY:PACKAGE0 *)
1.8033 s 0.0000 (* Average Power for rapl:::PP0_ENERGY:PACKAGE1 *)
Time for Classify and insert  1.803191 
Found rapl component at cid 2
Found: rapl:::THERMAL_SPEC_CNT:PACKAGE0
Found: rapl:::THERMAL_SPEC_CNT:PACKAGE1
Found: rapl:::MINIMUM_POWER_CNT:PACKAGE0
Found: rapl:::MINIMUM_POWER_CNT:PACKAGE1
Found: rapl:::MAXIMUM_POWER_CNT:PACKAGE0
Found: rapl:::MAXIMUM_POWER_CNT:PACKAGE1
Found: rapl:::MAXIMUM_TIME_WINDOW_CNT:PACKAGE0
Found: rapl:::MAXIMUM_TIME_WINDOW_CNT:PACKAGE1
Found: rapl:::PACKAGE_ENERGY_CNT:PACKAGE0
Found: rapl:::PACKAGE_ENERGY_CNT:PACKAGE1
Found: rapl:::DRAM_ENERGY_CNT:PACKAGE0
Found: rapl:::DRAM_ENERGY_CNT:PACKAGE1
Found: rapl:::PP0_ENERGY_CNT:PACKAGE0
Found: rapl:::PP0_ENERGY_CNT:PACKAGE1
Found: rapl:::THERMAL_SPEC:PACKAGE0
Found: rapl:::THERMAL_SPEC:PACKAGE1
Found: rapl:::MINIMUM_POWER:PACKAGE0
Found: rapl:::MINIMUM_POWER:PACKAGE1
Found: rapl:::MAXIMUM_POWER:PACKAGE0
Found: rapl:::MAXIMUM_POWER:PACKAGE1
Found: rapl:::MAXIMUM_TIME_WINDOW:PACKAGE0
Found: rapl:::MAXIMUM_TIME_WINDOW:PACKAGE1
Found: rapl:::PACKAGE_ENERGY:PACKAGE0
Found: rapl:::PACKAGE_ENERGY:PACKAGE1
Found: rapl:::DRAM_ENERGY:PACKAGE0
Found: rapl:::DRAM_ENERGY:PACKAGE1
Found: rapl:::PP0_ENERGY:PACKAGE0
Found: rapl:::PP0_ENERGY:PACKAGE1
Starting process_deletions
done updating maXE 
0.1095 s 0.0000 (* Average Power for rapl:::THERMAL_SPEC_CNT:PACKAGE0 *)
0.1095 s 0.0000 (* Average Power for rapl:::THERMAL_SPEC_CNT:PACKAGE1 *)
0.1095 s 0.0000 (* Average Power for rapl:::MINIMUM_POWER_CNT:PACKAGE0 *)
0.1095 s 0.0000 (* Average Power for rapl:::MINIMUM_POWER_CNT:PACKAGE1 *)
0.1095 s 0.0000 (* Average Power for rapl:::MAXIMUM_POWER_CNT:PACKAGE0 *)
0.1095 s 0.0000 (* Average Power for rapl:::MAXIMUM_POWER_CNT:PACKAGE1 *)
0.1095 s 0.0000 (* Average Power for rapl:::MAXIMUM_TIME_WINDOW_CNT:PACKAGE0 *)
0.1095 s 0.0000 (* Average Power for rapl:::MAXIMUM_TIME_WINDOW_CNT:PACKAGE1 *)
0.1095 s 0.0012 (* Average Power for rapl:::PACKAGE_ENERGY_CNT:PACKAGE0 *)
0.1095 s 0.0013 (* Average Power for rapl:::PACKAGE_ENERGY_CNT:PACKAGE1 *)
0.1095 s 0.0010 (* Average Power for rapl:::DRAM_ENERGY_CNT:PACKAGE0 *)
0.1095 s 0.0010 (* Average Power for rapl:::DRAM_ENERGY_CNT:PACKAGE1 *)
0.1095 s 0.0000 (* Average Power for rapl:::PP0_ENERGY_CNT:PACKAGE0 *)
0.1095 s 0.0000 (* Average Power for rapl:::PP0_ENERGY_CNT:PACKAGE1 *)
0.1095 s 42364993112.7145 (* Average Power for rapl:::THERMAL_SPEC:PACKAGE0 *)
0.1095 s 42364993112.7145 (* Average Power for rapl:::THERMAL_SPEC:PACKAGE1 *)
0.1095 s 42321618289.4573 (* Average Power for rapl:::MINIMUM_POWER:PACKAGE0 *)
0.1095 s 42321618289.4573 (* Average Power for rapl:::MINIMUM_POWER:PACKAGE1 *)
0.1095 s 42406118871.0620 (* Average Power for rapl:::MAXIMUM_POWER:PACKAGE0 *)
0.1095 s 42406118871.0620 (* Average Power for rapl:::MAXIMUM_POWER:PACKAGE1 *)
0.1095 s 41885299696.9892 (* Average Power for rapl:::MAXIMUM_TIME_WINDOW:PACKAGE0 *)
0.1095 s 41885299696.9892 (* Average Power for rapl:::MAXIMUM_TIME_WINDOW:PACKAGE1 *)
0.1095 s 8.2067 (* Total Energy for rapl:::PACKAGE_ENERGY:PACKAGE0 *)
0.1095 s 74.9418 (* Average Power for rapl:::PACKAGE_ENERGY:PACKAGE0 *)
0.1095 s 8.6663 (* Total Energy for rapl:::PACKAGE_ENERGY:PACKAGE1 *)
0.1095 s 79.1387 (* Average Power for rapl:::PACKAGE_ENERGY:PACKAGE1 *)
0.1095 s 14.7928 (* Average Power for rapl:::DRAM_ENERGY:PACKAGE0 *)
0.1095 s 15.3591 (* Average Power for rapl:::DRAM_ENERGY:PACKAGE1 *)
0.1095 s 0.0000 (* Average Power for rapl:::PP0_ENERGY:PACKAGE0 *)
0.1095 s 0.0000 (* Average Power for rapl:::PP0_ENERGY:PACKAGE1 *)
Time for Deletion  0.109490 
Total Time for Updating at Batch 1 is 1.913439 
=======
Total Time for Updating  2.283845 
	Command being timed: "/home/users/norris/research/easy-parallel-graph/autoperf/mst/lib/xpscode/MST_May5/a.out /home/users/norris/research/easy-parallel-graph/experiment/datasets/youtubeNetwork.diff /home/users/norris/research/easy-parallel-graph/experiment/datasets/youtubeNetwork.cert /home/users/norris/research/easy-parallel-graph/experiment/datasets/youtubeNetwork_changed_75i_1000000S 100 1834890 1000000 64 100"
	User time (seconds): 13.91
	System time (seconds): 0.18
	Percent of CPU this job got: 235%
	Elapsed (wall clock) time (h:mm:ss or m:ss): 0:05.98
	Average shared text size (kbytes): 0
	Average unshared data size (kbytes): 0
	Average stack size (kbytes): 0
	Average total size (kbytes): 0
	Maximum resident set size (kbytes): 308184
	Average resident set size (kbytes): 0
	Major (requiring I/O) page faults: 0
	Minor (reclaiming a frame) page faults: 28674
	Voluntary context switches: 892
	Involuntary context switches: 26
	Swaps: 0
	File system inputs: 0
	File system outputs: 32
	Socket messages sent: 0
	Socket messages received: 0
	Signals delivered: 0
	Page size (bytes): 4096
	Exit status: 0
Highest Edge Value 10 --
Time Taken for Initializing Memory 0.037655 
Total Time for Reading Remainder Edges 1.418782 
Total Time for Reading Certificate Network 1.553405 
Total Time for Reading Update List 0.401249 
Found rapl component at cid 2
Found: rapl:::THERMAL_SPEC_CNT:PACKAGE0
Found: rapl:::THERMAL_SPEC_CNT:PACKAGE1
Found: rapl:::MINIMUM_POWER_CNT:PACKAGE0
Found: rapl:::MINIMUM_POWER_CNT:PACKAGE1
Found: rapl:::MAXIMUM_POWER_CNT:PACKAGE0
Found: rapl:::MAXIMUM_POWER_CNT:PACKAGE1
Found: rapl:::MAXIMUM_TIME_WINDOW_CNT:PACKAGE0
Found: rapl:::MAXIMUM_TIME_WINDOW_CNT:PACKAGE1
Found: rapl:::PACKAGE_ENERGY_CNT:PACKAGE0
Found: rapl:::PACKAGE_ENERGY_CNT:PACKAGE1
Found: rapl:::DRAM_ENERGY_CNT:PACKAGE0
Found: rapl:::DRAM_ENERGY_CNT:PACKAGE1
Found: rapl:::PP0_ENERGY_CNT:PACKAGE0
Found: rapl:::PP0_ENERGY_CNT:PACKAGE1
Found: rapl:::THERMAL_SPEC:PACKAGE0
Found: rapl:::THERMAL_SPEC:PACKAGE1
Found: rapl:::MINIMUM_POWER:PACKAGE0
Found: rapl:::MINIMUM_POWER:PACKAGE1
Found: rapl:::MAXIMUM_POWER:PACKAGE0
Found: rapl:::MAXIMUM_POWER:PACKAGE1
Found: rapl:::MAXIMUM_TIME_WINDOW:PACKAGE0
Found: rapl:::MAXIMUM_TIME_WINDOW:PACKAGE1
Found: rapl:::PACKAGE_ENERGY:PACKAGE0
Found: rapl:::PACKAGE_ENERGY:PACKAGE1
Found: rapl:::DRAM_ENERGY:PACKAGE0
Found: rapl:::DRAM_ENERGY:PACKAGE1
Found: rapl:::PP0_ENERGY:PACKAGE0
Found: rapl:::PP0_ENERGY:PACKAGE1
Starting creation of rooted tree
0.0339 s 0.0000 (* Average Power for rapl:::THERMAL_SPEC_CNT:PACKAGE0 *)
0.0339 s 0.0000 (* Average Power for rapl:::THERMAL_SPEC_CNT:PACKAGE1 *)
0.0339 s 0.0000 (* Average Power for rapl:::MINIMUM_POWER_CNT:PACKAGE0 *)
0.0339 s 0.0000 (* Average Power for rapl:::MINIMUM_POWER_CNT:PACKAGE1 *)
0.0339 s 0.0001 (* Average Power for rapl:::MAXIMUM_POWER_CNT:PACKAGE0 *)
0.0339 s 0.0001 (* Average Power for rapl:::MAXIMUM_POWER_CNT:PACKAGE1 *)
0.0339 s 0.0000 (* Average Power for rapl:::MAXIMUM_TIME_WINDOW_CNT:PACKAGE0 *)
0.0339 s 0.0000 (* Average Power for rapl:::MAXIMUM_TIME_WINDOW_CNT:PACKAGE1 *)
0.0339 s 0.0010 (* Average Power for rapl:::PACKAGE_ENERGY_CNT:PACKAGE0 *)
0.0339 s 0.0012 (* Average Power for rapl:::PACKAGE_ENERGY_CNT:PACKAGE1 *)
0.0339 s 0.0010 (* Average Power for rapl:::DRAM_ENERGY_CNT:PACKAGE0 *)
0.0339 s 0.0011 (* Average Power for rapl:::DRAM_ENERGY_CNT:PACKAGE1 *)
0.0339 s 0.0000 (* Average Power for rapl:::PP0_ENERGY_CNT:PACKAGE0 *)
0.0339 s 0.0000 (* Average Power for rapl:::PP0_ENERGY_CNT:PACKAGE1 *)
0.0339 s 136900216515.2194 (* Average Power for rapl:::THERMAL_SPEC:PACKAGE0 *)
0.0339 s 136900216515.2194 (* Average Power for rapl:::THERMAL_SPEC:PACKAGE1 *)
0.0339 s 136760053086.4325 (* Average Power for rapl:::MINIMUM_POWER:PACKAGE0 *)
0.0339 s 136760053086.4325 (* Average Power for rapl:::MINIMUM_POWER:PACKAGE1 *)
0.0339 s 137033112210.6618 (* Average Power for rapl:::MAXIMUM_POWER:PACKAGE0 *)
0.0339 s 137033112210.6618 (* Average Power for rapl:::MAXIMUM_POWER:PACKAGE1 *)
0.0339 s 135350112817.5983 (* Average Power for rapl:::MAXIMUM_TIME_WINDOW:PACKAGE0 *)
0.0339 s 135350112817.5983 (* Average Power for rapl:::MAXIMUM_TIME_WINDOW:PACKAGE1 *)
0.0339 s 2.0052 (* Total Energy for rapl:::PACKAGE_ENERGY:PACKAGE0 *)
0.0339 s 59.1706 (* Average Power for rapl:::PACKAGE_ENERGY:PACKAGE0 *)
0.0339 s 2.4901 (* Total Energy for rapl:::PACKAGE_ENERGY:PACKAGE1 *)
0.0339 s 73.4802 (* Average Power for rapl:::PACKAGE_ENERGY:PACKAGE1 *)
0.0339 s 15.2483 (* Average Power for rapl:::DRAM_ENERGY:PACKAGE0 *)
0.0339 s 16.3096 (* Average Power for rapl:::DRAM_ENERGY:PACKAGE1 *)
0.0339 s 0.0000 (* Average Power for rapl:::PP0_ENERGY:PACKAGE0 *)
0.0339 s 0.0000 (* Average Power for rapl:::PP0_ENERGY:PACKAGE1 *)
Total Time for Obtaining Degrees of Vertices  0.033825 
==Update Starts =======
root111=0
root=35660
Max height=110
Total Time for Creating Initial Rooted Tree at iter 1 is 0.378470 with Type:1
Found rapl component at cid 2
Found: rapl:::THERMAL_SPEC_CNT:PACKAGE0
Found: rapl:::THERMAL_SPEC_CNT:PACKAGE1
Found: rapl:::MINIMUM_POWER_CNT:PACKAGE0
Found: rapl:::MINIMUM_POWER_CNT:PACKAGE1
Found: rapl:::MAXIMUM_POWER_CNT:PACKAGE0
Found: rapl:::MAXIMUM_POWER_CNT:PACKAGE1
Found: rapl:::MAXIMUM_TIME_WINDOW_CNT:PACKAGE0
Found: rapl:::MAXIMUM_TIME_WINDOW_CNT:PACKAGE1
Found: rapl:::PACKAGE_ENERGY_CNT:PACKAGE0
Found: rapl:::PACKAGE_ENERGY_CNT:PACKAGE1
Found: rapl:::DRAM_ENERGY_CNT:PACKAGE0
Found: rapl:::DRAM_ENERGY_CNT:PACKAGE1
Found: rapl:::PP0_ENERGY_CNT:PACKAGE0
Found: rapl:::PP0_ENERGY_CNT:PACKAGE1
Found: rapl:::THERMAL_SPEC:PACKAGE0
Found: rapl:::THERMAL_SPEC:PACKAGE1
Found: rapl:::MINIMUM_POWER:PACKAGE0
Found: rapl:::MINIMUM_POWER:PACKAGE1
Found: rapl:::MAXIMUM_POWER:PACKAGE0
Found: rapl:::MAXIMUM_POWER:PACKAGE1
Found: rapl:::MAXIMUM_TIME_WINDOW:PACKAGE0
Found: rapl:::MAXIMUM_TIME_WINDOW:PACKAGE1
Found: rapl:::PACKAGE_ENERGY:PACKAGE0
Found: rapl:::PACKAGE_ENERGY:PACKAGE1
Found: rapl:::DRAM_ENERGY:PACKAGE0
Found: rapl:::DRAM_ENERGY:PACKAGE1
Found: rapl:::PP0_ENERGY:PACKAGE0
Found: rapl:::PP0_ENERGY:PACKAGE1
Starting Classify and Insert
Classify 999999 999999  
Time for insertion Flag  1.899945
Deleted Edges: 94827 
Processed Inserts: 293854
 Unprocessed Inserts: 7526
 1.9059 s 0.0000 (* Average Power for rapl:::THERMAL_SPEC_CNT:PACKAGE0 *)
1.9059 s 0.0000 (* Average Power for rapl:::THERMAL_SPEC_CNT:PACKAGE1 *)
1.9059 s 0.0000 (* Average Power for rapl:::MINIMUM_POWER_CNT:PACKAGE0 *)
1.9059 s 0.0000 (* Average Power for rapl:::MINIMUM_POWER_CNT:PACKAGE1 *)
1.9059 s 0.0000 (* Average Power for rapl:::MAXIMUM_POWER_CNT:PACKAGE0 *)
1.9059 s 0.0000 (* Average Power for rapl:::MAXIMUM_POWER_CNT:PACKAGE1 *)
1.9059 s 0.0000 (* Average Power for rapl:::MAXIMUM_TIME_WINDOW_CNT:PACKAGE0 *)
1.9059 s 0.0000 (* Average Power for rapl:::MAXIMUM_TIME_WINDOW_CNT:PACKAGE1 *)
1.9059 s 0.0009 (* Average Power for rapl:::PACKAGE_ENERGY_CNT:PACKAGE0 *)
1.9059 s 0.0013 (* Average Power for rapl:::PACKAGE_ENERGY_CNT:PACKAGE1 *)
1.9059 s 0.0009 (* Average Power for rapl:::DRAM_ENERGY_CNT:PACKAGE0 *)
1.9059 s 0.0010 (* Average Power for rapl:::DRAM_ENERGY_CNT:PACKAGE1 *)
1.9059 s 0.0000 (* Average Power for rapl:::PP0_ENERGY_CNT:PACKAGE0 *)
1.9059 s 0.0000 (* Average Power for rapl:::PP0_ENERGY_CNT:PACKAGE1 *)
1.9059 s 2434121145.0949 (* Average Power for rapl:::THERMAL_SPEC:PACKAGE0 *)
1.9059 s 2434121145.0949 (* Average Power for rapl:::THERMAL_SPEC:PACKAGE1 *)
1.9059 s 2431629003.1943 (* Average Power for rapl:::MINIMUM_POWER:PACKAGE0 *)
1.9059 s 2431629003.1943 (* Average Power for rapl:::MINIMUM_POWER:PACKAGE1 *)
1.9059 s 2436484064.8229 (* Average Power for rapl:::MAXIMUM_POWER:PACKAGE0 *)
1.9059 s 2436484064.8229 (* Average Power for rapl:::MAXIMUM_POWER:PACKAGE1 *)
1.9059 s 2406559901.7053 (* Average Power for rapl:::MAXIMUM_TIME_WINDOW:PACKAGE0 *)
1.9059 s 2406559901.7053 (* Average Power for rapl:::MAXIMUM_TIME_WINDOW:PACKAGE1 *)
1.9059 s 109.8457 (* Total Energy for rapl:::PACKAGE_ENERGY:PACKAGE0 *)
1.9059 s 57.6331 (* Average Power for rapl:::PACKAGE_ENERGY:PACKAGE0 *)
1.9059 s 146.4939 (* Total Energy for rapl:::PACKAGE_ENERGY:PACKAGE1 *)
1.9059 s 76.8615 (* Average Power for rapl:::PACKAGE_ENERGY:PACKAGE1 *)
1.9059 s 13.5187 (* Average Power for rapl:::DRAM_ENERGY:PACKAGE0 *)
1.9059 s 14.9859 (* Average Power for rapl:::DRAM_ENERGY:PACKAGE1 *)
1.9059 s 0.0000 (* Average Power for rapl:::PP0_ENERGY:PACKAGE0 *)
1.9059 s 0.0000 (* Average Power for rapl:::PP0_ENERGY:PACKAGE1 *)
Time for Classify and insert  1.905866 
Found rapl component at cid 2
Found: rapl:::THERMAL_SPEC_CNT:PACKAGE0
Found: rapl:::THERMAL_SPEC_CNT:PACKAGE1
Found: rapl:::MINIMUM_POWER_CNT:PACKAGE0
Found: rapl:::MINIMUM_POWER_CNT:PACKAGE1
Found: rapl:::MAXIMUM_POWER_CNT:PACKAGE0
Found: rapl:::MAXIMUM_POWER_CNT:PACKAGE1
Found: rapl:::MAXIMUM_TIME_WINDOW_CNT:PACKAGE0
Found: rapl:::MAXIMUM_TIME_WINDOW_CNT:PACKAGE1
Found: rapl:::PACKAGE_ENERGY_CNT:PACKAGE0
Found: rapl:::PACKAGE_ENERGY_CNT:PACKAGE1
Found: rapl:::DRAM_ENERGY_CNT:PACKAGE0
Found: rapl:::DRAM_ENERGY_CNT:PACKAGE1
Found: rapl:::PP0_ENERGY_CNT:PACKAGE0
Found: rapl:::PP0_ENERGY_CNT:PACKAGE1
Found: rapl:::THERMAL_SPEC:PACKAGE0
Found: rapl:::THERMAL_SPEC:PACKAGE1
Found: rapl:::MINIMUM_POWER:PACKAGE0
Found: rapl:::MINIMUM_POWER:PACKAGE1
Found: rapl:::MAXIMUM_POWER:PACKAGE0
Found: rapl:::MAXIMUM_POWER:PACKAGE1
Found: rapl:::MAXIMUM_TIME_WINDOW:PACKAGE0
Found: rapl:::MAXIMUM_TIME_WINDOW:PACKAGE1
Found: rapl:::PACKAGE_ENERGY:PACKAGE0
Found: rapl:::PACKAGE_ENERGY:PACKAGE1
Found: rapl:::DRAM_ENERGY:PACKAGE0
Found: rapl:::DRAM_ENERGY:PACKAGE1
Found: rapl:::PP0_ENERGY:PACKAGE0
Found: rapl:::PP0_ENERGY:PACKAGE1
Starting process_deletions
done updating maXE 
0.1114 s 0.0000 (* Average Power for rapl:::THERMAL_SPEC_CNT:PACKAGE0 *)
0.1114 s 0.0000 (* Average Power for rapl:::THERMAL_SPEC_CNT:PACKAGE1 *)
0.1114 s 0.0000 (* Average Power for rapl:::MINIMUM_POWER_CNT:PACKAGE0 *)
0.1114 s 0.0000 (* Average Power for rapl:::MINIMUM_POWER_CNT:PACKAGE1 *)
0.1114 s 0.0000 (* Average Power for rapl:::MAXIMUM_POWER_CNT:PACKAGE0 *)
0.1114 s 0.0000 (* Average Power for rapl:::MAXIMUM_POWER_CNT:PACKAGE1 *)
0.1114 s 0.0000 (* Average Power for rapl:::MAXIMUM_TIME_WINDOW_CNT:PACKAGE0 *)
0.1114 s 0.0000 (* Average Power for rapl:::MAXIMUM_TIME_WINDOW_CNT:PACKAGE1 *)
0.1114 s 0.0011 (* Average Power for rapl:::PACKAGE_ENERGY_CNT:PACKAGE0 *)
0.1114 s 0.0013 (* Average Power for rapl:::PACKAGE_ENERGY_CNT:PACKAGE1 *)
0.1114 s 0.0010 (* Average Power for rapl:::DRAM_ENERGY_CNT:PACKAGE0 *)
0.1114 s 0.0010 (* Average Power for rapl:::DRAM_ENERGY_CNT:PACKAGE1 *)
0.1114 s 0.0000 (* Average Power for rapl:::PP0_ENERGY_CNT:PACKAGE0 *)
0.1114 s 0.0000 (* Average Power for rapl:::PP0_ENERGY_CNT:PACKAGE1 *)
0.1114 s 41638141996.0670 (* Average Power for rapl:::THERMAL_SPEC:PACKAGE0 *)
0.1114 s 41638141996.0670 (* Average Power for rapl:::THERMAL_SPEC:PACKAGE1 *)
0.1114 s 41595511349.4615 (* Average Power for rapl:::MINIMUM_POWER:PACKAGE0 *)
0.1114 s 41595511349.4615 (* Average Power for rapl:::MINIMUM_POWER:PACKAGE1 *)
0.1114 s 41678562164.7005 (* Average Power for rapl:::MAXIMUM_POWER:PACKAGE0 *)
0.1114 s 41678562164.7005 (* Average Power for rapl:::MAXIMUM_POWER:PACKAGE1 *)
0.1114 s 41166678622.8663 (* Average Power for rapl:::MAXIMUM_TIME_WINDOW:PACKAGE0 *)
0.1114 s 41166678622.8663 (* Average Power for rapl:::MAXIMUM_TIME_WINDOW:PACKAGE1 *)
0.1114 s 7.6502 (* Total Energy for rapl:::PACKAGE_ENERGY:PACKAGE0 *)
0.1114 s 68.6612 (* Average Power for rapl:::PACKAGE_ENERGY:PACKAGE0 *)
0.1114 s 8.8904 (* Total Energy for rapl:::PACKAGE_ENERGY:PACKAGE1 *)
0.1114 s 79.7919 (* Average Power for rapl:::PACKAGE_ENERGY:PACKAGE1 *)
0.1114 s 14.5177 (* Average Power for rapl:::DRAM_ENERGY:PACKAGE0 *)
0.1114 s 15.4551 (* Average Power for rapl:::DRAM_ENERGY:PACKAGE1 *)
0.1114 s 0.0000 (* Average Power for rapl:::PP0_ENERGY:PACKAGE0 *)
0.1114 s 0.0000 (* Average Power for rapl:::PP0_ENERGY:PACKAGE1 *)
Time for Deletion  0.111399 
Total Time for Updating at Batch 1 is 2.018009 
=======
Total Time for Updating  2.422913 
	Command being timed: "/home/users/norris/research/easy-parallel-graph/autoperf/mst/lib/xpscode/MST_May5/a.out /home/users/norris/research/easy-parallel-graph/experiment/datasets/youtubeNetwork.diff /home/users/norris/research/easy-parallel-graph/experiment/datasets/youtubeNetwork.cert /home/users/norris/research/easy-parallel-graph/experiment/datasets/youtubeNetwork_changed_75i_1000000S 100 1834890 1000000 64 100"
	User time (seconds): 14.33
	System time (seconds): 0.26
	Percent of CPU this job got: 242%
	Elapsed (wall clock) time (h:mm:ss or m:ss): 0:06.03
	Average shared text size (kbytes): 0
	Average unshared data size (kbytes): 0
	Average stack size (kbytes): 0
	Average total size (kbytes): 0
	Maximum resident set size (kbytes): 308868
	Average resident set size (kbytes): 0
	Major (requiring I/O) page faults: 0
	Minor (reclaiming a frame) page faults: 29231
	Voluntary context switches: 1106
	Involuntary context switches: 49
	Swaps: 0
	File system inputs: 0
	File system outputs: 32
	Socket messages sent: 0
	Socket messages received: 0
	Signals delivered: 0
	Page size (bytes): 4096
	Exit status: 0
