Highest Edge Value 10 --
Time Taken for Initializing Memory 0.079707 
Total Time for Reading Remainder Edges 19.247774 
Total Time for Reading Certificate Network 4.641035 
Total Time for Reading Update List 0.409588 
Found rapl component at cid 2
Found: rapl:::THERMAL_SPEC_CNT:PACKAGE0
Found: rapl:::THERMAL_SPEC_CNT:PACKAGE1
Found: rapl:::MINIMUM_POWER_CNT:PACKAGE0
Found: rapl:::MINIMUM_POWER_CNT:PACKAGE1
Found: rapl:::MAXIMUM_POWER_CNT:PACKAGE0
Found: rapl:::MAXIMUM_POWER_CNT:PACKAGE1
Found: rapl:::MAXIMUM_TIME_WINDOW_CNT:PACKAGE0
Found: rapl:::MAXIMUM_TIME_WINDOW_CNT:PACKAGE1
Found: rapl:::PACKAGE_ENERGY_CNT:PACKAGE0
Found: rapl:::PACKAGE_ENERGY_CNT:PACKAGE1
Found: rapl:::DRAM_ENERGY_CNT:PACKAGE0
Found: rapl:::DRAM_ENERGY_CNT:PACKAGE1
Found: rapl:::PP0_ENERGY_CNT:PACKAGE0
Found: rapl:::PP0_ENERGY_CNT:PACKAGE1
Found: rapl:::THERMAL_SPEC:PACKAGE0
Found: rapl:::THERMAL_SPEC:PACKAGE1
Found: rapl:::MINIMUM_POWER:PACKAGE0
Found: rapl:::MINIMUM_POWER:PACKAGE1
Found: rapl:::MAXIMUM_POWER:PACKAGE0
Found: rapl:::MAXIMUM_POWER:PACKAGE1
Found: rapl:::MAXIMUM_TIME_WINDOW:PACKAGE0
Found: rapl:::MAXIMUM_TIME_WINDOW:PACKAGE1
Found: rapl:::PACKAGE_ENERGY:PACKAGE0
Found: rapl:::PACKAGE_ENERGY:PACKAGE1
Found: rapl:::DRAM_ENERGY:PACKAGE0
Found: rapl:::DRAM_ENERGY:PACKAGE1
Found: rapl:::PP0_ENERGY:PACKAGE0
Found: rapl:::PP0_ENERGY:PACKAGE1
Starting creation of rooted tree
0.0310 s 0.0000 (* Average Power for rapl:::THERMAL_SPEC_CNT:PACKAGE0 *)
0.0310 s 0.0000 (* Average Power for rapl:::THERMAL_SPEC_CNT:PACKAGE1 *)
0.0310 s 0.0000 (* Average Power for rapl:::MINIMUM_POWER_CNT:PACKAGE0 *)
0.0310 s 0.0000 (* Average Power for rapl:::MINIMUM_POWER_CNT:PACKAGE1 *)
0.0310 s 0.0001 (* Average Power for rapl:::MAXIMUM_POWER_CNT:PACKAGE0 *)
0.0310 s 0.0001 (* Average Power for rapl:::MAXIMUM_POWER_CNT:PACKAGE1 *)
0.0310 s 0.0000 (* Average Power for rapl:::MAXIMUM_TIME_WINDOW_CNT:PACKAGE0 *)
0.0310 s 0.0000 (* Average Power for rapl:::MAXIMUM_TIME_WINDOW_CNT:PACKAGE1 *)
0.0310 s 0.0013 (* Average Power for rapl:::PACKAGE_ENERGY_CNT:PACKAGE0 *)
0.0310 s 0.0015 (* Average Power for rapl:::PACKAGE_ENERGY_CNT:PACKAGE1 *)
0.0310 s 0.0011 (* Average Power for rapl:::DRAM_ENERGY_CNT:PACKAGE0 *)
0.0310 s 0.0012 (* Average Power for rapl:::DRAM_ENERGY_CNT:PACKAGE1 *)
0.0310 s 0.0000 (* Average Power for rapl:::PP0_ENERGY_CNT:PACKAGE0 *)
0.0310 s 0.0000 (* Average Power for rapl:::PP0_ENERGY_CNT:PACKAGE1 *)
0.0310 s 149783625532.0736 (* Average Power for rapl:::THERMAL_SPEC:PACKAGE0 *)
0.0310 s 149783625532.0736 (* Average Power for rapl:::THERMAL_SPEC:PACKAGE1 *)
0.0310 s 149630271599.8074 (* Average Power for rapl:::MINIMUM_POWER:PACKAGE0 *)
0.0310 s 149630271599.8074 (* Average Power for rapl:::MINIMUM_POWER:PACKAGE1 *)
0.0310 s 149929027778.9631 (* Average Power for rapl:::MAXIMUM_POWER:PACKAGE0 *)
0.0310 s 149929027778.9631 (* Average Power for rapl:::MAXIMUM_POWER:PACKAGE1 *)
0.0310 s 148087644636.7144 (* Average Power for rapl:::MAXIMUM_TIME_WINDOW:PACKAGE0 *)
0.0310 s 148087644636.7144 (* Average Power for rapl:::MAXIMUM_TIME_WINDOW:PACKAGE1 *)
0.0310 s 2.3693 (* Total Energy for rapl:::PACKAGE_ENERGY:PACKAGE0 *)
0.0310 s 76.4955 (* Average Power for rapl:::PACKAGE_ENERGY:PACKAGE0 *)
0.0310 s 2.8180 (* Total Energy for rapl:::PACKAGE_ENERGY:PACKAGE1 *)
0.0310 s 90.9811 (* Average Power for rapl:::PACKAGE_ENERGY:PACKAGE1 *)
0.0310 s 16.7730 (* Average Power for rapl:::DRAM_ENERGY:PACKAGE0 *)
0.0310 s 18.4445 (* Average Power for rapl:::DRAM_ENERGY:PACKAGE1 *)
0.0310 s 0.0000 (* Average Power for rapl:::PP0_ENERGY:PACKAGE0 *)
0.0310 s 0.0000 (* Average Power for rapl:::PP0_ENERGY:PACKAGE1 *)
Total Time for Obtaining Degrees of Vertices  0.030936 
==Update Starts =======
root111=0
root=447075
Max height=202
Total Time for Creating Initial Rooted Tree at iter 1 is 1.852592 with Type:1
Found rapl component at cid 2
Found: rapl:::THERMAL_SPEC_CNT:PACKAGE0
Found: rapl:::THERMAL_SPEC_CNT:PACKAGE1
Found: rapl:::MINIMUM_POWER_CNT:PACKAGE0
Found: rapl:::MINIMUM_POWER_CNT:PACKAGE1
Found: rapl:::MAXIMUM_POWER_CNT:PACKAGE0
Found: rapl:::MAXIMUM_POWER_CNT:PACKAGE1
Found: rapl:::MAXIMUM_TIME_WINDOW_CNT:PACKAGE0
Found: rapl:::MAXIMUM_TIME_WINDOW_CNT:PACKAGE1
Found: rapl:::PACKAGE_ENERGY_CNT:PACKAGE0
Found: rapl:::PACKAGE_ENERGY_CNT:PACKAGE1
Found: rapl:::DRAM_ENERGY_CNT:PACKAGE0
Found: rapl:::DRAM_ENERGY_CNT:PACKAGE1
Found: rapl:::PP0_ENERGY_CNT:PACKAGE0
Found: rapl:::PP0_ENERGY_CNT:PACKAGE1
Found: rapl:::THERMAL_SPEC:PACKAGE0
Found: rapl:::THERMAL_SPEC:PACKAGE1
Found: rapl:::MINIMUM_POWER:PACKAGE0
Found: rapl:::MINIMUM_POWER:PACKAGE1
Found: rapl:::MAXIMUM_POWER:PACKAGE0
Found: rapl:::MAXIMUM_POWER:PACKAGE1
Found: rapl:::MAXIMUM_TIME_WINDOW:PACKAGE0
Found: rapl:::MAXIMUM_TIME_WINDOW:PACKAGE1
Found: rapl:::PACKAGE_ENERGY:PACKAGE0
Found: rapl:::PACKAGE_ENERGY:PACKAGE1
Found: rapl:::DRAM_ENERGY:PACKAGE0
Found: rapl:::DRAM_ENERGY:PACKAGE1
Found: rapl:::PP0_ENERGY:PACKAGE0
Found: rapl:::PP0_ENERGY:PACKAGE1
Starting Classify and Insert
Classify 999999 999999  
Time for insertion Flag  0.671148
Deleted Edges: 28836 
Processed Inserts: 236759
 Unprocessed Inserts: 642
 0.6776 s 0.0000 (* Average Power for rapl:::THERMAL_SPEC_CNT:PACKAGE0 *)
0.6776 s 0.0000 (* Average Power for rapl:::THERMAL_SPEC_CNT:PACKAGE1 *)
0.6776 s 0.0000 (* Average Power for rapl:::MINIMUM_POWER_CNT:PACKAGE0 *)
0.6776 s 0.0000 (* Average Power for rapl:::MINIMUM_POWER_CNT:PACKAGE1 *)
0.6776 s 0.0000 (* Average Power for rapl:::MAXIMUM_POWER_CNT:PACKAGE0 *)
0.6776 s 0.0000 (* Average Power for rapl:::MAXIMUM_POWER_CNT:PACKAGE1 *)
0.6776 s 0.0000 (* Average Power for rapl:::MAXIMUM_TIME_WINDOW_CNT:PACKAGE0 *)
0.6776 s 0.0000 (* Average Power for rapl:::MAXIMUM_TIME_WINDOW_CNT:PACKAGE1 *)
0.6776 s 0.0007 (* Average Power for rapl:::PACKAGE_ENERGY_CNT:PACKAGE0 *)
0.6776 s 0.0011 (* Average Power for rapl:::PACKAGE_ENERGY_CNT:PACKAGE1 *)
0.6776 s 0.0009 (* Average Power for rapl:::DRAM_ENERGY_CNT:PACKAGE0 *)
0.6776 s 0.0010 (* Average Power for rapl:::DRAM_ENERGY_CNT:PACKAGE1 *)
0.6776 s 0.0000 (* Average Power for rapl:::PP0_ENERGY_CNT:PACKAGE0 *)
0.6776 s 0.0000 (* Average Power for rapl:::PP0_ENERGY_CNT:PACKAGE1 *)
0.6776 s 6846333263.4698 (* Average Power for rapl:::THERMAL_SPEC:PACKAGE0 *)
0.6776 s 6846333263.4698 (* Average Power for rapl:::THERMAL_SPEC:PACKAGE1 *)
0.6776 s 6839323738.0706 (* Average Power for rapl:::MINIMUM_POWER:PACKAGE0 *)
0.6776 s 6839323738.0706 (* Average Power for rapl:::MINIMUM_POWER:PACKAGE1 *)
0.6776 s 6852979331.9965 (* Average Power for rapl:::MAXIMUM_POWER:PACKAGE0 *)
0.6776 s 6852979331.9965 (* Average Power for rapl:::MAXIMUM_POWER:PACKAGE1 *)
0.6776 s 6768813104.7952 (* Average Power for rapl:::MAXIMUM_TIME_WINDOW:PACKAGE0 *)
0.6776 s 6768813104.7952 (* Average Power for rapl:::MAXIMUM_TIME_WINDOW:PACKAGE1 *)
0.6776 s 30.4163 (* Total Energy for rapl:::PACKAGE_ENERGY:PACKAGE0 *)
0.6776 s 44.8861 (* Average Power for rapl:::PACKAGE_ENERGY:PACKAGE0 *)
0.6776 s 45.3253 (* Total Energy for rapl:::PACKAGE_ENERGY:PACKAGE1 *)
0.6776 s 66.8876 (* Average Power for rapl:::PACKAGE_ENERGY:PACKAGE1 *)
0.6776 s 14.4784 (* Average Power for rapl:::DRAM_ENERGY:PACKAGE0 *)
0.6776 s 15.4199 (* Average Power for rapl:::DRAM_ENERGY:PACKAGE1 *)
0.6776 s 0.0000 (* Average Power for rapl:::PP0_ENERGY:PACKAGE0 *)
0.6776 s 0.0000 (* Average Power for rapl:::PP0_ENERGY:PACKAGE1 *)
Time for Classify and insert  0.677598 
Found rapl component at cid 2
Found: rapl:::THERMAL_SPEC_CNT:PACKAGE0
Found: rapl:::THERMAL_SPEC_CNT:PACKAGE1
Found: rapl:::MINIMUM_POWER_CNT:PACKAGE0
Found: rapl:::MINIMUM_POWER_CNT:PACKAGE1
Found: rapl:::MAXIMUM_POWER_CNT:PACKAGE0
Found: rapl:::MAXIMUM_POWER_CNT:PACKAGE1
Found: rapl:::MAXIMUM_TIME_WINDOW_CNT:PACKAGE0
Found: rapl:::MAXIMUM_TIME_WINDOW_CNT:PACKAGE1
Found: rapl:::PACKAGE_ENERGY_CNT:PACKAGE0
Found: rapl:::PACKAGE_ENERGY_CNT:PACKAGE1
Found: rapl:::DRAM_ENERGY_CNT:PACKAGE0
Found: rapl:::DRAM_ENERGY_CNT:PACKAGE1
Found: rapl:::PP0_ENERGY_CNT:PACKAGE0
Found: rapl:::PP0_ENERGY_CNT:PACKAGE1
Found: rapl:::THERMAL_SPEC:PACKAGE0
Found: rapl:::THERMAL_SPEC:PACKAGE1
Found: rapl:::MINIMUM_POWER:PACKAGE0
Found: rapl:::MINIMUM_POWER:PACKAGE1
Found: rapl:::MAXIMUM_POWER:PACKAGE0
Found: rapl:::MAXIMUM_POWER:PACKAGE1
Found: rapl:::MAXIMUM_TIME_WINDOW:PACKAGE0
Found: rapl:::MAXIMUM_TIME_WINDOW:PACKAGE1
Found: rapl:::PACKAGE_ENERGY:PACKAGE0
Found: rapl:::PACKAGE_ENERGY:PACKAGE1
Found: rapl:::DRAM_ENERGY:PACKAGE0
Found: rapl:::DRAM_ENERGY:PACKAGE1
Found: rapl:::PP0_ENERGY:PACKAGE0
Found: rapl:::PP0_ENERGY:PACKAGE1
Starting process_deletions
done updating maXE 
0.7788 s 0.0000 (* Average Power for rapl:::THERMAL_SPEC_CNT:PACKAGE0 *)
0.7788 s 0.0000 (* Average Power for rapl:::THERMAL_SPEC_CNT:PACKAGE1 *)
0.7788 s 0.0000 (* Average Power for rapl:::MINIMUM_POWER_CNT:PACKAGE0 *)
0.7788 s 0.0000 (* Average Power for rapl:::MINIMUM_POWER_CNT:PACKAGE1 *)
0.7788 s 0.0000 (* Average Power for rapl:::MAXIMUM_POWER_CNT:PACKAGE0 *)
0.7788 s 0.0000 (* Average Power for rapl:::MAXIMUM_POWER_CNT:PACKAGE1 *)
0.7788 s 0.0000 (* Average Power for rapl:::MAXIMUM_TIME_WINDOW_CNT:PACKAGE0 *)
0.7788 s 0.0000 (* Average Power for rapl:::MAXIMUM_TIME_WINDOW_CNT:PACKAGE1 *)
0.7788 s 0.0009 (* Average Power for rapl:::PACKAGE_ENERGY_CNT:PACKAGE0 *)
0.7788 s 0.0010 (* Average Power for rapl:::PACKAGE_ENERGY_CNT:PACKAGE1 *)
0.7788 s 0.0009 (* Average Power for rapl:::DRAM_ENERGY_CNT:PACKAGE0 *)
0.7788 s 0.0010 (* Average Power for rapl:::DRAM_ENERGY_CNT:PACKAGE1 *)
0.7788 s 0.0000 (* Average Power for rapl:::PP0_ENERGY_CNT:PACKAGE0 *)
0.7788 s 0.0000 (* Average Power for rapl:::PP0_ENERGY_CNT:PACKAGE1 *)
0.7788 s 5956814434.8150 (* Average Power for rapl:::THERMAL_SPEC:PACKAGE0 *)
0.7788 s 5956814434.8150 (* Average Power for rapl:::THERMAL_SPEC:PACKAGE1 *)
0.7788 s 5950715631.1966 (* Average Power for rapl:::MINIMUM_POWER:PACKAGE0 *)
0.7788 s 5950715631.1966 (* Average Power for rapl:::MINIMUM_POWER:PACKAGE1 *)
0.7788 s 5962597004.1716 (* Average Power for rapl:::MAXIMUM_POWER:PACKAGE0 *)
0.7788 s 5962597004.1716 (* Average Power for rapl:::MAXIMUM_POWER:PACKAGE1 *)
0.7788 s 5889366184.4287 (* Average Power for rapl:::MAXIMUM_TIME_WINDOW:PACKAGE0 *)
0.7788 s 5889366184.4287 (* Average Power for rapl:::MAXIMUM_TIME_WINDOW:PACKAGE1 *)
0.7788 s 43.6219 (* Total Energy for rapl:::PACKAGE_ENERGY:PACKAGE0 *)
0.7788 s 56.0101 (* Average Power for rapl:::PACKAGE_ENERGY:PACKAGE0 *)
0.7788 s 45.2575 (* Total Energy for rapl:::PACKAGE_ENERGY:PACKAGE1 *)
0.7788 s 58.1101 (* Average Power for rapl:::PACKAGE_ENERGY:PACKAGE1 *)
0.7788 s 14.4272 (* Average Power for rapl:::DRAM_ENERGY:PACKAGE0 *)
0.7788 s 15.4226 (* Average Power for rapl:::DRAM_ENERGY:PACKAGE1 *)
0.7788 s 0.0000 (* Average Power for rapl:::PP0_ENERGY:PACKAGE0 *)
0.7788 s 0.0000 (* Average Power for rapl:::PP0_ENERGY:PACKAGE1 *)
Time for Deletion  0.778793 
Total Time for Updating at Batch 1 is 1.457301 
=======
Total Time for Updating  3.356352 
	Command being timed: "/home/users/norris/research/easy-parallel-graph/autoperf/mst/lib/xpscode/MST_May5/a.out /home/users/norris/research/easy-parallel-graph/experiment/datasets/com-lj-org-weighted.diff /home/users/norris/research/easy-parallel-graph/experiment/datasets/com-lj-org-weighted.cert /home/users/norris/research/easy-parallel-graph/experiment/datasets/com-lj-org-weighted_changed_75i_1000000S 100 4036538 1000000 4 100"
	User time (seconds): 30.24
	System time (seconds): 0.74
	Percent of CPU this job got: 110%
	Elapsed (wall clock) time (h:mm:ss or m:ss): 0:28.12
	Average shared text size (kbytes): 0
	Average unshared data size (kbytes): 0
	Average stack size (kbytes): 0
	Average total size (kbytes): 0
	Maximum resident set size (kbytes): 742304
	Average resident set size (kbytes): 0
	Major (requiring I/O) page faults: 0
	Minor (reclaiming a frame) page faults: 69153
	Voluntary context switches: 183
	Involuntary context switches: 40
	Swaps: 0
	File system inputs: 0
	File system outputs: 24
	Socket messages sent: 0
	Socket messages received: 0
	Signals delivered: 0
	Page size (bytes): 4096
	Exit status: 0
Highest Edge Value 10 --
Time Taken for Initializing Memory 0.082100 
Total Time for Reading Remainder Edges 19.757881 
Total Time for Reading Certificate Network 4.621065 
Total Time for Reading Update List 0.406718 
Found rapl component at cid 2
Found: rapl:::THERMAL_SPEC_CNT:PACKAGE0
Found: rapl:::THERMAL_SPEC_CNT:PACKAGE1
Found: rapl:::MINIMUM_POWER_CNT:PACKAGE0
Found: rapl:::MINIMUM_POWER_CNT:PACKAGE1
Found: rapl:::MAXIMUM_POWER_CNT:PACKAGE0
Found: rapl:::MAXIMUM_POWER_CNT:PACKAGE1
Found: rapl:::MAXIMUM_TIME_WINDOW_CNT:PACKAGE0
Found: rapl:::MAXIMUM_TIME_WINDOW_CNT:PACKAGE1
Found: rapl:::PACKAGE_ENERGY_CNT:PACKAGE0
Found: rapl:::PACKAGE_ENERGY_CNT:PACKAGE1
Found: rapl:::DRAM_ENERGY_CNT:PACKAGE0
Found: rapl:::DRAM_ENERGY_CNT:PACKAGE1
Found: rapl:::PP0_ENERGY_CNT:PACKAGE0
Found: rapl:::PP0_ENERGY_CNT:PACKAGE1
Found: rapl:::THERMAL_SPEC:PACKAGE0
Found: rapl:::THERMAL_SPEC:PACKAGE1
Found: rapl:::MINIMUM_POWER:PACKAGE0
Found: rapl:::MINIMUM_POWER:PACKAGE1
Found: rapl:::MAXIMUM_POWER:PACKAGE0
Found: rapl:::MAXIMUM_POWER:PACKAGE1
Found: rapl:::MAXIMUM_TIME_WINDOW:PACKAGE0
Found: rapl:::MAXIMUM_TIME_WINDOW:PACKAGE1
Found: rapl:::PACKAGE_ENERGY:PACKAGE0
Found: rapl:::PACKAGE_ENERGY:PACKAGE1
Found: rapl:::DRAM_ENERGY:PACKAGE0
Found: rapl:::DRAM_ENERGY:PACKAGE1
Found: rapl:::PP0_ENERGY:PACKAGE0
Found: rapl:::PP0_ENERGY:PACKAGE1
Starting creation of rooted tree
0.0283 s 0.0000 (* Average Power for rapl:::THERMAL_SPEC_CNT:PACKAGE0 *)
0.0283 s 0.0000 (* Average Power for rapl:::THERMAL_SPEC_CNT:PACKAGE1 *)
0.0283 s 0.0000 (* Average Power for rapl:::MINIMUM_POWER_CNT:PACKAGE0 *)
0.0283 s 0.0000 (* Average Power for rapl:::MINIMUM_POWER_CNT:PACKAGE1 *)
0.0283 s 0.0001 (* Average Power for rapl:::MAXIMUM_POWER_CNT:PACKAGE0 *)
0.0283 s 0.0001 (* Average Power for rapl:::MAXIMUM_POWER_CNT:PACKAGE1 *)
0.0283 s 0.0000 (* Average Power for rapl:::MAXIMUM_TIME_WINDOW_CNT:PACKAGE0 *)
0.0283 s 0.0000 (* Average Power for rapl:::MAXIMUM_TIME_WINDOW_CNT:PACKAGE1 *)
0.0283 s 0.0015 (* Average Power for rapl:::PACKAGE_ENERGY_CNT:PACKAGE0 *)
0.0283 s 0.0011 (* Average Power for rapl:::PACKAGE_ENERGY_CNT:PACKAGE1 *)
0.0283 s 0.0011 (* Average Power for rapl:::DRAM_ENERGY_CNT:PACKAGE0 *)
0.0283 s 0.0012 (* Average Power for rapl:::DRAM_ENERGY_CNT:PACKAGE1 *)
0.0283 s 0.0000 (* Average Power for rapl:::PP0_ENERGY_CNT:PACKAGE0 *)
0.0283 s 0.0000 (* Average Power for rapl:::PP0_ENERGY_CNT:PACKAGE1 *)
0.0283 s 163787757289.5707 (* Average Power for rapl:::THERMAL_SPEC:PACKAGE0 *)
0.0283 s 163787757289.5707 (* Average Power for rapl:::THERMAL_SPEC:PACKAGE1 *)
0.0283 s 163620065417.0566 (* Average Power for rapl:::MINIMUM_POWER:PACKAGE0 *)
0.0283 s 163620065417.0566 (* Average Power for rapl:::MINIMUM_POWER:PACKAGE1 *)
0.0283 s 163946754027.9545 (* Average Power for rapl:::MAXIMUM_POWER:PACKAGE0 *)
0.0283 s 163946754027.9545 (* Average Power for rapl:::MAXIMUM_POWER:PACKAGE1 *)
0.0283 s 161933209395.7666 (* Average Power for rapl:::MAXIMUM_TIME_WINDOW:PACKAGE0 *)
0.0283 s 161933209395.7666 (* Average Power for rapl:::MAXIMUM_TIME_WINDOW:PACKAGE1 *)
0.0283 s 2.5287 (* Total Energy for rapl:::PACKAGE_ENERGY:PACKAGE0 *)
0.0283 s 89.2737 (* Average Power for rapl:::PACKAGE_ENERGY:PACKAGE0 *)
0.0283 s 1.9059 (* Total Energy for rapl:::PACKAGE_ENERGY:PACKAGE1 *)
0.0283 s 67.2860 (* Average Power for rapl:::PACKAGE_ENERGY:PACKAGE1 *)
0.0283 s 16.4035 (* Average Power for rapl:::DRAM_ENERGY:PACKAGE0 *)
0.0283 s 18.4198 (* Average Power for rapl:::DRAM_ENERGY:PACKAGE1 *)
0.0283 s 0.0000 (* Average Power for rapl:::PP0_ENERGY:PACKAGE0 *)
0.0283 s 0.0000 (* Average Power for rapl:::PP0_ENERGY:PACKAGE1 *)
Total Time for Obtaining Degrees of Vertices  0.028267 
==Update Starts =======
root111=0
root=447075
Max height=202
Total Time for Creating Initial Rooted Tree at iter 1 is 1.847764 with Type:1
Found rapl component at cid 2
Found: rapl:::THERMAL_SPEC_CNT:PACKAGE0
Found: rapl:::THERMAL_SPEC_CNT:PACKAGE1
Found: rapl:::MINIMUM_POWER_CNT:PACKAGE0
Found: rapl:::MINIMUM_POWER_CNT:PACKAGE1
Found: rapl:::MAXIMUM_POWER_CNT:PACKAGE0
Found: rapl:::MAXIMUM_POWER_CNT:PACKAGE1
Found: rapl:::MAXIMUM_TIME_WINDOW_CNT:PACKAGE0
Found: rapl:::MAXIMUM_TIME_WINDOW_CNT:PACKAGE1
Found: rapl:::PACKAGE_ENERGY_CNT:PACKAGE0
Found: rapl:::PACKAGE_ENERGY_CNT:PACKAGE1
Found: rapl:::DRAM_ENERGY_CNT:PACKAGE0
Found: rapl:::DRAM_ENERGY_CNT:PACKAGE1
Found: rapl:::PP0_ENERGY_CNT:PACKAGE0
Found: rapl:::PP0_ENERGY_CNT:PACKAGE1
Found: rapl:::THERMAL_SPEC:PACKAGE0
Found: rapl:::THERMAL_SPEC:PACKAGE1
Found: rapl:::MINIMUM_POWER:PACKAGE0
Found: rapl:::MINIMUM_POWER:PACKAGE1
Found: rapl:::MAXIMUM_POWER:PACKAGE0
Found: rapl:::MAXIMUM_POWER:PACKAGE1
Found: rapl:::MAXIMUM_TIME_WINDOW:PACKAGE0
Found: rapl:::MAXIMUM_TIME_WINDOW:PACKAGE1
Found: rapl:::PACKAGE_ENERGY:PACKAGE0
Found: rapl:::PACKAGE_ENERGY:PACKAGE1
Found: rapl:::DRAM_ENERGY:PACKAGE0
Found: rapl:::DRAM_ENERGY:PACKAGE1
Found: rapl:::PP0_ENERGY:PACKAGE0
Found: rapl:::PP0_ENERGY:PACKAGE1
Starting Classify and Insert
Classify 999999 999999  
Time for insertion Flag  0.640667
Deleted Edges: 28836 
Processed Inserts: 236757
 Unprocessed Inserts: 627
 0.6464 s 0.0000 (* Average Power for rapl:::THERMAL_SPEC_CNT:PACKAGE0 *)
0.6464 s 0.0000 (* Average Power for rapl:::THERMAL_SPEC_CNT:PACKAGE1 *)
0.6464 s 0.0000 (* Average Power for rapl:::MINIMUM_POWER_CNT:PACKAGE0 *)
0.6464 s 0.0000 (* Average Power for rapl:::MINIMUM_POWER_CNT:PACKAGE1 *)
0.6464 s 0.0000 (* Average Power for rapl:::MAXIMUM_POWER_CNT:PACKAGE0 *)
0.6464 s 0.0000 (* Average Power for rapl:::MAXIMUM_POWER_CNT:PACKAGE1 *)
0.6464 s 0.0000 (* Average Power for rapl:::MAXIMUM_TIME_WINDOW_CNT:PACKAGE0 *)
0.6464 s 0.0000 (* Average Power for rapl:::MAXIMUM_TIME_WINDOW_CNT:PACKAGE1 *)
0.6464 s 0.0010 (* Average Power for rapl:::PACKAGE_ENERGY_CNT:PACKAGE0 *)
0.6464 s 0.0009 (* Average Power for rapl:::PACKAGE_ENERGY_CNT:PACKAGE1 *)
0.6464 s 0.0009 (* Average Power for rapl:::DRAM_ENERGY_CNT:PACKAGE0 *)
0.6464 s 0.0010 (* Average Power for rapl:::DRAM_ENERGY_CNT:PACKAGE1 *)
0.6464 s 0.0000 (* Average Power for rapl:::PP0_ENERGY_CNT:PACKAGE0 *)
0.6464 s 0.0000 (* Average Power for rapl:::PP0_ENERGY_CNT:PACKAGE1 *)
0.6464 s 7176727926.7004 (* Average Power for rapl:::THERMAL_SPEC:PACKAGE0 *)
0.6464 s 7176727926.7004 (* Average Power for rapl:::THERMAL_SPEC:PACKAGE1 *)
0.6464 s 7169380131.2091 (* Average Power for rapl:::MINIMUM_POWER:PACKAGE0 *)
0.6464 s 7169380131.2091 (* Average Power for rapl:::MINIMUM_POWER:PACKAGE1 *)
0.6464 s 7183694725.3886 (* Average Power for rapl:::MAXIMUM_POWER:PACKAGE0 *)
0.6464 s 7183694725.3886 (* Average Power for rapl:::MAXIMUM_POWER:PACKAGE1 *)
0.6464 s 7095466751.3775 (* Average Power for rapl:::MAXIMUM_TIME_WINDOW:PACKAGE0 *)
0.6464 s 7095466751.3775 (* Average Power for rapl:::MAXIMUM_TIME_WINDOW:PACKAGE1 *)
0.6464 s 40.4138 (* Total Energy for rapl:::PACKAGE_ENERGY:PACKAGE0 *)
0.6464 s 62.5177 (* Average Power for rapl:::PACKAGE_ENERGY:PACKAGE0 *)
0.6464 s 35.4667 (* Total Energy for rapl:::PACKAGE_ENERGY:PACKAGE1 *)
0.6464 s 54.8648 (* Average Power for rapl:::PACKAGE_ENERGY:PACKAGE1 *)
0.6464 s 14.4401 (* Average Power for rapl:::DRAM_ENERGY:PACKAGE0 *)
0.6464 s 15.3446 (* Average Power for rapl:::DRAM_ENERGY:PACKAGE1 *)
0.6464 s 0.0000 (* Average Power for rapl:::PP0_ENERGY:PACKAGE0 *)
0.6464 s 0.0000 (* Average Power for rapl:::PP0_ENERGY:PACKAGE1 *)
Time for Classify and insert  0.646361 
Found rapl component at cid 2
Found: rapl:::THERMAL_SPEC_CNT:PACKAGE0
Found: rapl:::THERMAL_SPEC_CNT:PACKAGE1
Found: rapl:::MINIMUM_POWER_CNT:PACKAGE0
Found: rapl:::MINIMUM_POWER_CNT:PACKAGE1
Found: rapl:::MAXIMUM_POWER_CNT:PACKAGE0
Found: rapl:::MAXIMUM_POWER_CNT:PACKAGE1
Found: rapl:::MAXIMUM_TIME_WINDOW_CNT:PACKAGE0
Found: rapl:::MAXIMUM_TIME_WINDOW_CNT:PACKAGE1
Found: rapl:::PACKAGE_ENERGY_CNT:PACKAGE0
Found: rapl:::PACKAGE_ENERGY_CNT:PACKAGE1
Found: rapl:::DRAM_ENERGY_CNT:PACKAGE0
Found: rapl:::DRAM_ENERGY_CNT:PACKAGE1
Found: rapl:::PP0_ENERGY_CNT:PACKAGE0
Found: rapl:::PP0_ENERGY_CNT:PACKAGE1
Found: rapl:::THERMAL_SPEC:PACKAGE0
Found: rapl:::THERMAL_SPEC:PACKAGE1
Found: rapl:::MINIMUM_POWER:PACKAGE0
Found: rapl:::MINIMUM_POWER:PACKAGE1
Found: rapl:::MAXIMUM_POWER:PACKAGE0
Found: rapl:::MAXIMUM_POWER:PACKAGE1
Found: rapl:::MAXIMUM_TIME_WINDOW:PACKAGE0
Found: rapl:::MAXIMUM_TIME_WINDOW:PACKAGE1
Found: rapl:::PACKAGE_ENERGY:PACKAGE0
Found: rapl:::PACKAGE_ENERGY:PACKAGE1
Found: rapl:::DRAM_ENERGY:PACKAGE0
Found: rapl:::DRAM_ENERGY:PACKAGE1
Found: rapl:::PP0_ENERGY:PACKAGE0
Found: rapl:::PP0_ENERGY:PACKAGE1
Starting process_deletions
done updating maXE 
0.7812 s 0.0000 (* Average Power for rapl:::THERMAL_SPEC_CNT:PACKAGE0 *)
0.7812 s 0.0000 (* Average Power for rapl:::THERMAL_SPEC_CNT:PACKAGE1 *)
0.7812 s 0.0000 (* Average Power for rapl:::MINIMUM_POWER_CNT:PACKAGE0 *)
0.7812 s 0.0000 (* Average Power for rapl:::MINIMUM_POWER_CNT:PACKAGE1 *)
0.7812 s 0.0000 (* Average Power for rapl:::MAXIMUM_POWER_CNT:PACKAGE0 *)
0.7812 s 0.0000 (* Average Power for rapl:::MAXIMUM_POWER_CNT:PACKAGE1 *)
0.7812 s 0.0000 (* Average Power for rapl:::MAXIMUM_TIME_WINDOW_CNT:PACKAGE0 *)
0.7812 s 0.0000 (* Average Power for rapl:::MAXIMUM_TIME_WINDOW_CNT:PACKAGE1 *)
0.7812 s 0.0012 (* Average Power for rapl:::PACKAGE_ENERGY_CNT:PACKAGE0 *)
0.7812 s 0.0010 (* Average Power for rapl:::PACKAGE_ENERGY_CNT:PACKAGE1 *)
0.7812 s 0.0010 (* Average Power for rapl:::DRAM_ENERGY_CNT:PACKAGE0 *)
0.7812 s 0.0010 (* Average Power for rapl:::DRAM_ENERGY_CNT:PACKAGE1 *)
0.7812 s 0.0000 (* Average Power for rapl:::PP0_ENERGY_CNT:PACKAGE0 *)
0.7812 s 0.0000 (* Average Power for rapl:::PP0_ENERGY_CNT:PACKAGE1 *)
0.7812 s 5938838866.3841 (* Average Power for rapl:::THERMAL_SPEC:PACKAGE0 *)
0.7812 s 5938838866.3841 (* Average Power for rapl:::THERMAL_SPEC:PACKAGE1 *)
0.7812 s 5932758466.8076 (* Average Power for rapl:::MINIMUM_POWER:PACKAGE0 *)
0.7812 s 5932758466.8076 (* Average Power for rapl:::MINIMUM_POWER:PACKAGE1 *)
0.7812 s 5944603985.9826 (* Average Power for rapl:::MAXIMUM_POWER:PACKAGE0 *)
0.7812 s 5944603985.9826 (* Average Power for rapl:::MAXIMUM_POWER:PACKAGE1 *)
0.7812 s 5871594151.0674 (* Average Power for rapl:::MAXIMUM_TIME_WINDOW:PACKAGE0 *)
0.7812 s 5871594151.0674 (* Average Power for rapl:::MAXIMUM_TIME_WINDOW:PACKAGE1 *)
0.7812 s 55.3510 (* Total Energy for rapl:::PACKAGE_ENERGY:PACKAGE0 *)
0.7812 s 70.8555 (* Average Power for rapl:::PACKAGE_ENERGY:PACKAGE0 *)
0.7812 s 45.4478 (* Total Energy for rapl:::PACKAGE_ENERGY:PACKAGE1 *)
0.7812 s 58.1783 (* Average Power for rapl:::PACKAGE_ENERGY:PACKAGE1 *)
0.7812 s 14.5166 (* Average Power for rapl:::DRAM_ENERGY:PACKAGE0 *)
0.7812 s 15.5223 (* Average Power for rapl:::DRAM_ENERGY:PACKAGE1 *)
0.7812 s 0.0000 (* Average Power for rapl:::PP0_ENERGY:PACKAGE0 *)
0.7812 s 0.0000 (* Average Power for rapl:::PP0_ENERGY:PACKAGE1 *)
Time for Deletion  0.781156 
Total Time for Updating at Batch 1 is 1.428443 
=======
Total Time for Updating  3.323698 
	Command being timed: "/home/users/norris/research/easy-parallel-graph/autoperf/mst/lib/xpscode/MST_May5/a.out /home/users/norris/research/easy-parallel-graph/experiment/datasets/com-lj-org-weighted.diff /home/users/norris/research/easy-parallel-graph/experiment/datasets/com-lj-org-weighted.cert /home/users/norris/research/easy-parallel-graph/experiment/datasets/com-lj-org-weighted_changed_75i_1000000S 100 4036538 1000000 4 100"
	User time (seconds): 30.80
	System time (seconds): 0.67
	Percent of CPU this job got: 110%
	Elapsed (wall clock) time (h:mm:ss or m:ss): 0:28.58
	Average shared text size (kbytes): 0
	Average unshared data size (kbytes): 0
	Average stack size (kbytes): 0
	Average total size (kbytes): 0
	Maximum resident set size (kbytes): 745784
	Average resident set size (kbytes): 0
	Major (requiring I/O) page faults: 0
	Minor (reclaiming a frame) page faults: 72469
	Voluntary context switches: 800
	Involuntary context switches: 37
	Swaps: 0
	File system inputs: 0
	File system outputs: 32
	Socket messages sent: 0
	Socket messages received: 0
	Signals delivered: 0
	Page size (bytes): 4096
	Exit status: 0
Highest Edge Value 10 --
Time Taken for Initializing Memory 0.079073 
Total Time for Reading Remainder Edges 19.216206 
Total Time for Reading Certificate Network 4.589901 
Total Time for Reading Update List 0.409284 
Found rapl component at cid 2
Found: rapl:::THERMAL_SPEC_CNT:PACKAGE0
Found: rapl:::THERMAL_SPEC_CNT:PACKAGE1
Found: rapl:::MINIMUM_POWER_CNT:PACKAGE0
Found: rapl:::MINIMUM_POWER_CNT:PACKAGE1
Found: rapl:::MAXIMUM_POWER_CNT:PACKAGE0
Found: rapl:::MAXIMUM_POWER_CNT:PACKAGE1
Found: rapl:::MAXIMUM_TIME_WINDOW_CNT:PACKAGE0
Found: rapl:::MAXIMUM_TIME_WINDOW_CNT:PACKAGE1
Found: rapl:::PACKAGE_ENERGY_CNT:PACKAGE0
Found: rapl:::PACKAGE_ENERGY_CNT:PACKAGE1
Found: rapl:::DRAM_ENERGY_CNT:PACKAGE0
Found: rapl:::DRAM_ENERGY_CNT:PACKAGE1
Found: rapl:::PP0_ENERGY_CNT:PACKAGE0
Found: rapl:::PP0_ENERGY_CNT:PACKAGE1
Found: rapl:::THERMAL_SPEC:PACKAGE0
Found: rapl:::THERMAL_SPEC:PACKAGE1
Found: rapl:::MINIMUM_POWER:PACKAGE0
Found: rapl:::MINIMUM_POWER:PACKAGE1
Found: rapl:::MAXIMUM_POWER:PACKAGE0
Found: rapl:::MAXIMUM_POWER:PACKAGE1
Found: rapl:::MAXIMUM_TIME_WINDOW:PACKAGE0
Found: rapl:::MAXIMUM_TIME_WINDOW:PACKAGE1
Found: rapl:::PACKAGE_ENERGY:PACKAGE0
Found: rapl:::PACKAGE_ENERGY:PACKAGE1
Found: rapl:::DRAM_ENERGY:PACKAGE0
Found: rapl:::DRAM_ENERGY:PACKAGE1
Found: rapl:::PP0_ENERGY:PACKAGE0
Found: rapl:::PP0_ENERGY:PACKAGE1
Starting creation of rooted tree
0.0374 s 0.0000 (* Average Power for rapl:::THERMAL_SPEC_CNT:PACKAGE0 *)
0.0374 s 0.0000 (* Average Power for rapl:::THERMAL_SPEC_CNT:PACKAGE1 *)
0.0374 s 0.0000 (* Average Power for rapl:::MINIMUM_POWER_CNT:PACKAGE0 *)
0.0374 s 0.0000 (* Average Power for rapl:::MINIMUM_POWER_CNT:PACKAGE1 *)
0.0374 s 0.0001 (* Average Power for rapl:::MAXIMUM_POWER_CNT:PACKAGE0 *)
0.0374 s 0.0001 (* Average Power for rapl:::MAXIMUM_POWER_CNT:PACKAGE1 *)
0.0374 s 0.0000 (* Average Power for rapl:::MAXIMUM_TIME_WINDOW_CNT:PACKAGE0 *)
0.0374 s 0.0000 (* Average Power for rapl:::MAXIMUM_TIME_WINDOW_CNT:PACKAGE1 *)
0.0374 s 0.0007 (* Average Power for rapl:::PACKAGE_ENERGY_CNT:PACKAGE0 *)
0.0374 s 0.0012 (* Average Power for rapl:::PACKAGE_ENERGY_CNT:PACKAGE1 *)
0.0374 s 0.0011 (* Average Power for rapl:::DRAM_ENERGY_CNT:PACKAGE0 *)
0.0374 s 0.0012 (* Average Power for rapl:::DRAM_ENERGY_CNT:PACKAGE1 *)
0.0374 s 0.0000 (* Average Power for rapl:::PP0_ENERGY_CNT:PACKAGE0 *)
0.0374 s 0.0000 (* Average Power for rapl:::PP0_ENERGY_CNT:PACKAGE1 *)
0.0374 s 124003924416.5603 (* Average Power for rapl:::THERMAL_SPEC:PACKAGE0 *)
0.0374 s 124003924416.5603 (* Average Power for rapl:::THERMAL_SPEC:PACKAGE1 *)
0.0374 s 123876964681.4212 (* Average Power for rapl:::MINIMUM_POWER:PACKAGE0 *)
0.0374 s 123876964681.4212 (* Average Power for rapl:::MINIMUM_POWER:PACKAGE1 *)
0.0374 s 124124301054.3218 (* Average Power for rapl:::MAXIMUM_POWER:PACKAGE0 *)
0.0374 s 124124301054.3218 (* Average Power for rapl:::MAXIMUM_POWER:PACKAGE1 *)
0.0374 s 122599843790.1702 (* Average Power for rapl:::MAXIMUM_TIME_WINDOW:PACKAGE0 *)
0.0374 s 122599843790.1702 (* Average Power for rapl:::MAXIMUM_TIME_WINDOW:PACKAGE1 *)
0.0374 s 1.7012 (* Total Energy for rapl:::PACKAGE_ENERGY:PACKAGE0 *)
0.0374 s 45.4722 (* Average Power for rapl:::PACKAGE_ENERGY:PACKAGE0 *)
0.0374 s 2.7540 (* Total Energy for rapl:::PACKAGE_ENERGY:PACKAGE1 *)
0.0374 s 73.6124 (* Average Power for rapl:::PACKAGE_ENERGY:PACKAGE1 *)
0.0374 s 16.4735 (* Average Power for rapl:::DRAM_ENERGY:PACKAGE0 *)
0.0374 s 18.1470 (* Average Power for rapl:::DRAM_ENERGY:PACKAGE1 *)
0.0374 s 0.0000 (* Average Power for rapl:::PP0_ENERGY:PACKAGE0 *)
0.0374 s 0.0000 (* Average Power for rapl:::PP0_ENERGY:PACKAGE1 *)
Total Time for Obtaining Degrees of Vertices  0.037352 
==Update Starts =======
root111=0
root=447075
Max height=202
Total Time for Creating Initial Rooted Tree at iter 1 is 1.736038 with Type:1
Found rapl component at cid 2
Found: rapl:::THERMAL_SPEC_CNT:PACKAGE0
Found: rapl:::THERMAL_SPEC_CNT:PACKAGE1
Found: rapl:::MINIMUM_POWER_CNT:PACKAGE0
Found: rapl:::MINIMUM_POWER_CNT:PACKAGE1
Found: rapl:::MAXIMUM_POWER_CNT:PACKAGE0
Found: rapl:::MAXIMUM_POWER_CNT:PACKAGE1
Found: rapl:::MAXIMUM_TIME_WINDOW_CNT:PACKAGE0
Found: rapl:::MAXIMUM_TIME_WINDOW_CNT:PACKAGE1
Found: rapl:::PACKAGE_ENERGY_CNT:PACKAGE0
Found: rapl:::PACKAGE_ENERGY_CNT:PACKAGE1
Found: rapl:::DRAM_ENERGY_CNT:PACKAGE0
Found: rapl:::DRAM_ENERGY_CNT:PACKAGE1
Found: rapl:::PP0_ENERGY_CNT:PACKAGE0
Found: rapl:::PP0_ENERGY_CNT:PACKAGE1
Found: rapl:::THERMAL_SPEC:PACKAGE0
Found: rapl:::THERMAL_SPEC:PACKAGE1
Found: rapl:::MINIMUM_POWER:PACKAGE0
Found: rapl:::MINIMUM_POWER:PACKAGE1
Found: rapl:::MAXIMUM_POWER:PACKAGE0
Found: rapl:::MAXIMUM_POWER:PACKAGE1
Found: rapl:::MAXIMUM_TIME_WINDOW:PACKAGE0
Found: rapl:::MAXIMUM_TIME_WINDOW:PACKAGE1
Found: rapl:::PACKAGE_ENERGY:PACKAGE0
Found: rapl:::PACKAGE_ENERGY:PACKAGE1
Found: rapl:::DRAM_ENERGY:PACKAGE0
Found: rapl:::DRAM_ENERGY:PACKAGE1
Found: rapl:::PP0_ENERGY:PACKAGE0
Found: rapl:::PP0_ENERGY:PACKAGE1
Starting Classify and Insert
Classify 999999 999999  
Time for insertion Flag  0.682614
Deleted Edges: 28836 
Processed Inserts: 236736
 Unprocessed Inserts: 617
 0.6891 s 0.0000 (* Average Power for rapl:::THERMAL_SPEC_CNT:PACKAGE0 *)
0.6891 s 0.0000 (* Average Power for rapl:::THERMAL_SPEC_CNT:PACKAGE1 *)
0.6891 s 0.0000 (* Average Power for rapl:::MINIMUM_POWER_CNT:PACKAGE0 *)
0.6891 s 0.0000 (* Average Power for rapl:::MINIMUM_POWER_CNT:PACKAGE1 *)
0.6891 s 0.0000 (* Average Power for rapl:::MAXIMUM_POWER_CNT:PACKAGE0 *)
0.6891 s 0.0000 (* Average Power for rapl:::MAXIMUM_POWER_CNT:PACKAGE1 *)
0.6891 s 0.0000 (* Average Power for rapl:::MAXIMUM_TIME_WINDOW_CNT:PACKAGE0 *)
0.6891 s 0.0000 (* Average Power for rapl:::MAXIMUM_TIME_WINDOW_CNT:PACKAGE1 *)
0.6891 s 0.0013 (* Average Power for rapl:::PACKAGE_ENERGY_CNT:PACKAGE0 *)
0.6891 s 0.0015 (* Average Power for rapl:::PACKAGE_ENERGY_CNT:PACKAGE1 *)
0.6891 s 0.0009 (* Average Power for rapl:::DRAM_ENERGY_CNT:PACKAGE0 *)
0.6891 s 0.0010 (* Average Power for rapl:::DRAM_ENERGY_CNT:PACKAGE1 *)
0.6891 s 0.0000 (* Average Power for rapl:::PP0_ENERGY_CNT:PACKAGE0 *)
0.6891 s 0.0000 (* Average Power for rapl:::PP0_ENERGY_CNT:PACKAGE1 *)
0.6891 s 6732817026.6965 (* Average Power for rapl:::THERMAL_SPEC:PACKAGE0 *)
0.6891 s 6732817026.6965 (* Average Power for rapl:::THERMAL_SPEC:PACKAGE1 *)
0.6891 s 6725923723.3557 (* Average Power for rapl:::MINIMUM_POWER:PACKAGE0 *)
0.6891 s 6725923723.3557 (* Average Power for rapl:::MINIMUM_POWER:PACKAGE1 *)
0.6891 s 6739352899.4936 (* Average Power for rapl:::MAXIMUM_POWER:PACKAGE0 *)
0.6891 s 6739352899.4936 (* Average Power for rapl:::MAXIMUM_POWER:PACKAGE1 *)
0.6891 s 6656582197.8982 (* Average Power for rapl:::MAXIMUM_TIME_WINDOW:PACKAGE0 *)
0.6891 s 6656582197.8982 (* Average Power for rapl:::MAXIMUM_TIME_WINDOW:PACKAGE1 *)
0.6891 s 53.3554 (* Total Energy for rapl:::PACKAGE_ENERGY:PACKAGE0 *)
0.6891 s 77.4323 (* Average Power for rapl:::PACKAGE_ENERGY:PACKAGE0 *)
0.6891 s 60.9867 (* Total Energy for rapl:::PACKAGE_ENERGY:PACKAGE1 *)
0.6891 s 88.5073 (* Average Power for rapl:::PACKAGE_ENERGY:PACKAGE1 *)
0.6891 s 14.4604 (* Average Power for rapl:::DRAM_ENERGY:PACKAGE0 *)
0.6891 s 15.3745 (* Average Power for rapl:::DRAM_ENERGY:PACKAGE1 *)
0.6891 s 0.0000 (* Average Power for rapl:::PP0_ENERGY:PACKAGE0 *)
0.6891 s 0.0000 (* Average Power for rapl:::PP0_ENERGY:PACKAGE1 *)
Time for Classify and insert  0.689025 
Found rapl component at cid 2
Found: rapl:::THERMAL_SPEC_CNT:PACKAGE0
Found: rapl:::THERMAL_SPEC_CNT:PACKAGE1
Found: rapl:::MINIMUM_POWER_CNT:PACKAGE0
Found: rapl:::MINIMUM_POWER_CNT:PACKAGE1
Found: rapl:::MAXIMUM_POWER_CNT:PACKAGE0
Found: rapl:::MAXIMUM_POWER_CNT:PACKAGE1
Found: rapl:::MAXIMUM_TIME_WINDOW_CNT:PACKAGE0
Found: rapl:::MAXIMUM_TIME_WINDOW_CNT:PACKAGE1
Found: rapl:::PACKAGE_ENERGY_CNT:PACKAGE0
Found: rapl:::PACKAGE_ENERGY_CNT:PACKAGE1
Found: rapl:::DRAM_ENERGY_CNT:PACKAGE0
Found: rapl:::DRAM_ENERGY_CNT:PACKAGE1
Found: rapl:::PP0_ENERGY_CNT:PACKAGE0
Found: rapl:::PP0_ENERGY_CNT:PACKAGE1
Found: rapl:::THERMAL_SPEC:PACKAGE0
Found: rapl:::THERMAL_SPEC:PACKAGE1
Found: rapl:::MINIMUM_POWER:PACKAGE0
Found: rapl:::MINIMUM_POWER:PACKAGE1
Found: rapl:::MAXIMUM_POWER:PACKAGE0
Found: rapl:::MAXIMUM_POWER:PACKAGE1
Found: rapl:::MAXIMUM_TIME_WINDOW:PACKAGE0
Found: rapl:::MAXIMUM_TIME_WINDOW:PACKAGE1
Found: rapl:::PACKAGE_ENERGY:PACKAGE0
Found: rapl:::PACKAGE_ENERGY:PACKAGE1
Found: rapl:::DRAM_ENERGY:PACKAGE0
Found: rapl:::DRAM_ENERGY:PACKAGE1
Found: rapl:::PP0_ENERGY:PACKAGE0
Found: rapl:::PP0_ENERGY:PACKAGE1
Starting process_deletions
done updating maXE 
0.8424 s 0.0000 (* Average Power for rapl:::THERMAL_SPEC_CNT:PACKAGE0 *)
0.8424 s 0.0000 (* Average Power for rapl:::THERMAL_SPEC_CNT:PACKAGE1 *)
0.8424 s 0.0000 (* Average Power for rapl:::MINIMUM_POWER_CNT:PACKAGE0 *)
0.8424 s 0.0000 (* Average Power for rapl:::MINIMUM_POWER_CNT:PACKAGE1 *)
0.8424 s 0.0000 (* Average Power for rapl:::MAXIMUM_POWER_CNT:PACKAGE0 *)
0.8424 s 0.0000 (* Average Power for rapl:::MAXIMUM_POWER_CNT:PACKAGE1 *)
0.8424 s 0.0000 (* Average Power for rapl:::MAXIMUM_TIME_WINDOW_CNT:PACKAGE0 *)
0.8424 s 0.0000 (* Average Power for rapl:::MAXIMUM_TIME_WINDOW_CNT:PACKAGE1 *)
0.8424 s 0.0014 (* Average Power for rapl:::PACKAGE_ENERGY_CNT:PACKAGE0 *)
0.8424 s 0.0015 (* Average Power for rapl:::PACKAGE_ENERGY_CNT:PACKAGE1 *)
0.8424 s 0.0010 (* Average Power for rapl:::DRAM_ENERGY_CNT:PACKAGE0 *)
0.8424 s 0.0010 (* Average Power for rapl:::DRAM_ENERGY_CNT:PACKAGE1 *)
0.8424 s 0.0000 (* Average Power for rapl:::PP0_ENERGY_CNT:PACKAGE0 *)
0.8424 s 0.0000 (* Average Power for rapl:::PP0_ENERGY_CNT:PACKAGE1 *)
0.8424 s 5507172298.6929 (* Average Power for rapl:::THERMAL_SPEC:PACKAGE0 *)
0.8424 s 5507172298.6929 (* Average Power for rapl:::THERMAL_SPEC:PACKAGE1 *)
0.8424 s 5501533855.0735 (* Average Power for rapl:::MINIMUM_POWER:PACKAGE0 *)
0.8424 s 5501533855.0735 (* Average Power for rapl:::MINIMUM_POWER:PACKAGE1 *)
0.8424 s 5512518378.5690 (* Average Power for rapl:::MAXIMUM_POWER:PACKAGE0 *)
0.8424 s 5512518378.5690 (* Average Power for rapl:::MAXIMUM_POWER:PACKAGE1 *)
0.8424 s 5444815288.8872 (* Average Power for rapl:::MAXIMUM_TIME_WINDOW:PACKAGE0 *)
0.8424 s 5444815288.8872 (* Average Power for rapl:::MAXIMUM_TIME_WINDOW:PACKAGE1 *)
0.8424 s 71.6135 (* Total Energy for rapl:::PACKAGE_ENERGY:PACKAGE0 *)
0.8424 s 85.0101 (* Average Power for rapl:::PACKAGE_ENERGY:PACKAGE0 *)
0.8424 s 77.9086 (* Total Energy for rapl:::PACKAGE_ENERGY:PACKAGE1 *)
0.8424 s 92.4828 (* Average Power for rapl:::PACKAGE_ENERGY:PACKAGE1 *)
0.8424 s 14.5337 (* Average Power for rapl:::DRAM_ENERGY:PACKAGE0 *)
0.8424 s 15.5209 (* Average Power for rapl:::DRAM_ENERGY:PACKAGE1 *)
0.8424 s 0.0000 (* Average Power for rapl:::PP0_ENERGY:PACKAGE0 *)
0.8424 s 0.0000 (* Average Power for rapl:::PP0_ENERGY:PACKAGE1 *)
Time for Deletion  0.842382 
Total Time for Updating at Batch 1 is 1.532256 
=======
Total Time for Updating  3.312182 
	Command being timed: "/home/users/norris/research/easy-parallel-graph/autoperf/mst/lib/xpscode/MST_May5/a.out /home/users/norris/research/easy-parallel-graph/experiment/datasets/com-lj-org-weighted.diff /home/users/norris/research/easy-parallel-graph/experiment/datasets/com-lj-org-weighted.cert /home/users/norris/research/easy-parallel-graph/experiment/datasets/com-lj-org-weighted_changed_75i_1000000S 100 4036538 1000000 4 100"
	User time (seconds): 30.30
	System time (seconds): 0.78
	Percent of CPU this job got: 110%
	Elapsed (wall clock) time (h:mm:ss or m:ss): 0:28.01
	Average shared text size (kbytes): 0
	Average unshared data size (kbytes): 0
	Average stack size (kbytes): 0
	Average total size (kbytes): 0
	Maximum resident set size (kbytes): 744632
	Average resident set size (kbytes): 0
	Major (requiring I/O) page faults: 0
	Minor (reclaiming a frame) page faults: 70797
	Voluntary context switches: 409
	Involuntary context switches: 39
	Swaps: 0
	File system inputs: 0
	File system outputs: 32
	Socket messages sent: 0
	Socket messages received: 0
	Signals delivered: 0
	Page size (bytes): 4096
	Exit status: 0
Highest Edge Value 10 --
Time Taken for Initializing Memory 0.088027 
Total Time for Reading Remainder Edges 19.197695 
Total Time for Reading Certificate Network 4.658750 
Total Time for Reading Update List 0.410017 
Found rapl component at cid 2
Found: rapl:::THERMAL_SPEC_CNT:PACKAGE0
Found: rapl:::THERMAL_SPEC_CNT:PACKAGE1
Found: rapl:::MINIMUM_POWER_CNT:PACKAGE0
Found: rapl:::MINIMUM_POWER_CNT:PACKAGE1
Found: rapl:::MAXIMUM_POWER_CNT:PACKAGE0
Found: rapl:::MAXIMUM_POWER_CNT:PACKAGE1
Found: rapl:::MAXIMUM_TIME_WINDOW_CNT:PACKAGE0
Found: rapl:::MAXIMUM_TIME_WINDOW_CNT:PACKAGE1
Found: rapl:::PACKAGE_ENERGY_CNT:PACKAGE0
Found: rapl:::PACKAGE_ENERGY_CNT:PACKAGE1
Found: rapl:::DRAM_ENERGY_CNT:PACKAGE0
Found: rapl:::DRAM_ENERGY_CNT:PACKAGE1
Found: rapl:::PP0_ENERGY_CNT:PACKAGE0
Found: rapl:::PP0_ENERGY_CNT:PACKAGE1
Found: rapl:::THERMAL_SPEC:PACKAGE0
Found: rapl:::THERMAL_SPEC:PACKAGE1
Found: rapl:::MINIMUM_POWER:PACKAGE0
Found: rapl:::MINIMUM_POWER:PACKAGE1
Found: rapl:::MAXIMUM_POWER:PACKAGE0
Found: rapl:::MAXIMUM_POWER:PACKAGE1
Found: rapl:::MAXIMUM_TIME_WINDOW:PACKAGE0
Found: rapl:::MAXIMUM_TIME_WINDOW:PACKAGE1
Found: rapl:::PACKAGE_ENERGY:PACKAGE0
Found: rapl:::PACKAGE_ENERGY:PACKAGE1
Found: rapl:::DRAM_ENERGY:PACKAGE0
Found: rapl:::DRAM_ENERGY:PACKAGE1
Found: rapl:::PP0_ENERGY:PACKAGE0
Found: rapl:::PP0_ENERGY:PACKAGE1
Starting creation of rooted tree
0.0354 s 0.0000 (* Average Power for rapl:::THERMAL_SPEC_CNT:PACKAGE0 *)
0.0354 s 0.0000 (* Average Power for rapl:::THERMAL_SPEC_CNT:PACKAGE1 *)
0.0354 s 0.0000 (* Average Power for rapl:::MINIMUM_POWER_CNT:PACKAGE0 *)
0.0354 s 0.0000 (* Average Power for rapl:::MINIMUM_POWER_CNT:PACKAGE1 *)
0.0354 s 0.0001 (* Average Power for rapl:::MAXIMUM_POWER_CNT:PACKAGE0 *)
0.0354 s 0.0001 (* Average Power for rapl:::MAXIMUM_POWER_CNT:PACKAGE1 *)
0.0354 s 0.0000 (* Average Power for rapl:::MAXIMUM_TIME_WINDOW_CNT:PACKAGE0 *)
0.0354 s 0.0000 (* Average Power for rapl:::MAXIMUM_TIME_WINDOW_CNT:PACKAGE1 *)
0.0354 s 0.0011 (* Average Power for rapl:::PACKAGE_ENERGY_CNT:PACKAGE0 *)
0.0354 s 0.0014 (* Average Power for rapl:::PACKAGE_ENERGY_CNT:PACKAGE1 *)
0.0354 s 0.0011 (* Average Power for rapl:::DRAM_ENERGY_CNT:PACKAGE0 *)
0.0354 s 0.0012 (* Average Power for rapl:::DRAM_ENERGY_CNT:PACKAGE1 *)
0.0354 s 0.0000 (* Average Power for rapl:::PP0_ENERGY_CNT:PACKAGE0 *)
0.0354 s 0.0000 (* Average Power for rapl:::PP0_ENERGY_CNT:PACKAGE1 *)
0.0354 s 130908053481.1522 (* Average Power for rapl:::THERMAL_SPEC:PACKAGE0 *)
0.0354 s 130908053481.1522 (* Average Power for rapl:::THERMAL_SPEC:PACKAGE1 *)
0.0354 s 130774025047.1672 (* Average Power for rapl:::MINIMUM_POWER:PACKAGE0 *)
0.0354 s 130774025047.1672 (* Average Power for rapl:::MINIMUM_POWER:PACKAGE1 *)
0.0354 s 131035132292.6342 (* Average Power for rapl:::MAXIMUM_POWER:PACKAGE0 *)
0.0354 s 131035132292.6342 (* Average Power for rapl:::MAXIMUM_POWER:PACKAGE1 *)
0.0354 s 129425798281.5999 (* Average Power for rapl:::MAXIMUM_TIME_WINDOW:PACKAGE0 *)
0.0354 s 129425798281.5999 (* Average Power for rapl:::MAXIMUM_TIME_WINDOW:PACKAGE1 *)
0.0354 s 2.3792 (* Total Energy for rapl:::PACKAGE_ENERGY:PACKAGE0 *)
0.0354 s 67.1329 (* Average Power for rapl:::PACKAGE_ENERGY:PACKAGE0 *)
0.0354 s 3.0504 (* Total Energy for rapl:::PACKAGE_ENERGY:PACKAGE1 *)
0.0354 s 86.0741 (* Average Power for rapl:::PACKAGE_ENERGY:PACKAGE1 *)
0.0354 s 16.0861 (* Average Power for rapl:::DRAM_ENERGY:PACKAGE0 *)
0.0354 s 18.5774 (* Average Power for rapl:::DRAM_ENERGY:PACKAGE1 *)
0.0354 s 0.0000 (* Average Power for rapl:::PP0_ENERGY:PACKAGE0 *)
0.0354 s 0.0000 (* Average Power for rapl:::PP0_ENERGY:PACKAGE1 *)
Total Time for Obtaining Degrees of Vertices  0.035402 
==Update Starts =======
root111=0
root=447075
Max height=202
Total Time for Creating Initial Rooted Tree at iter 1 is 1.728213 with Type:1
Found rapl component at cid 2
Found: rapl:::THERMAL_SPEC_CNT:PACKAGE0
Found: rapl:::THERMAL_SPEC_CNT:PACKAGE1
Found: rapl:::MINIMUM_POWER_CNT:PACKAGE0
Found: rapl:::MINIMUM_POWER_CNT:PACKAGE1
Found: rapl:::MAXIMUM_POWER_CNT:PACKAGE0
Found: rapl:::MAXIMUM_POWER_CNT:PACKAGE1
Found: rapl:::MAXIMUM_TIME_WINDOW_CNT:PACKAGE0
Found: rapl:::MAXIMUM_TIME_WINDOW_CNT:PACKAGE1
Found: rapl:::PACKAGE_ENERGY_CNT:PACKAGE0
Found: rapl:::PACKAGE_ENERGY_CNT:PACKAGE1
Found: rapl:::DRAM_ENERGY_CNT:PACKAGE0
Found: rapl:::DRAM_ENERGY_CNT:PACKAGE1
Found: rapl:::PP0_ENERGY_CNT:PACKAGE0
Found: rapl:::PP0_ENERGY_CNT:PACKAGE1
Found: rapl:::THERMAL_SPEC:PACKAGE0
Found: rapl:::THERMAL_SPEC:PACKAGE1
Found: rapl:::MINIMUM_POWER:PACKAGE0
Found: rapl:::MINIMUM_POWER:PACKAGE1
Found: rapl:::MAXIMUM_POWER:PACKAGE0
Found: rapl:::MAXIMUM_POWER:PACKAGE1
Found: rapl:::MAXIMUM_TIME_WINDOW:PACKAGE0
Found: rapl:::MAXIMUM_TIME_WINDOW:PACKAGE1
Found: rapl:::PACKAGE_ENERGY:PACKAGE0
Found: rapl:::PACKAGE_ENERGY:PACKAGE1
Found: rapl:::DRAM_ENERGY:PACKAGE0
Found: rapl:::DRAM_ENERGY:PACKAGE1
Found: rapl:::PP0_ENERGY:PACKAGE0
Found: rapl:::PP0_ENERGY:PACKAGE1
Starting Classify and Insert
Classify 999999 999999  
Time for insertion Flag  0.679759
Deleted Edges: 28836 
Processed Inserts: 236699
 Unprocessed Inserts: 645
 0.6861 s 0.0000 (* Average Power for rapl:::THERMAL_SPEC_CNT:PACKAGE0 *)
0.6861 s 0.0000 (* Average Power for rapl:::THERMAL_SPEC_CNT:PACKAGE1 *)
0.6861 s 0.0000 (* Average Power for rapl:::MINIMUM_POWER_CNT:PACKAGE0 *)
0.6861 s 0.0000 (* Average Power for rapl:::MINIMUM_POWER_CNT:PACKAGE1 *)
0.6861 s 0.0000 (* Average Power for rapl:::MAXIMUM_POWER_CNT:PACKAGE0 *)
0.6861 s 0.0000 (* Average Power for rapl:::MAXIMUM_POWER_CNT:PACKAGE1 *)
0.6861 s 0.0000 (* Average Power for rapl:::MAXIMUM_TIME_WINDOW_CNT:PACKAGE0 *)
0.6861 s 0.0000 (* Average Power for rapl:::MAXIMUM_TIME_WINDOW_CNT:PACKAGE1 *)
0.6861 s 0.0007 (* Average Power for rapl:::PACKAGE_ENERGY_CNT:PACKAGE0 *)
0.6861 s 0.0011 (* Average Power for rapl:::PACKAGE_ENERGY_CNT:PACKAGE1 *)
0.6861 s 0.0009 (* Average Power for rapl:::DRAM_ENERGY_CNT:PACKAGE0 *)
0.6861 s 0.0010 (* Average Power for rapl:::DRAM_ENERGY_CNT:PACKAGE1 *)
0.6861 s 0.0000 (* Average Power for rapl:::PP0_ENERGY_CNT:PACKAGE0 *)
0.6861 s 0.0000 (* Average Power for rapl:::PP0_ENERGY_CNT:PACKAGE1 *)
0.6861 s 6761575268.2330 (* Average Power for rapl:::THERMAL_SPEC:PACKAGE0 *)
0.6861 s 6761575268.2330 (* Average Power for rapl:::THERMAL_SPEC:PACKAGE1 *)
0.6861 s 6754652521.1569 (* Average Power for rapl:::MINIMUM_POWER:PACKAGE0 *)
0.6861 s 6754652521.1569 (* Average Power for rapl:::MINIMUM_POWER:PACKAGE1 *)
0.6861 s 6768139058.0533 (* Average Power for rapl:::MAXIMUM_POWER:PACKAGE0 *)
0.6861 s 6768139058.0533 (* Average Power for rapl:::MAXIMUM_POWER:PACKAGE1 *)
0.6861 s 6685014813.5323 (* Average Power for rapl:::MAXIMUM_TIME_WINDOW:PACKAGE0 *)
0.6861 s 6685014813.5323 (* Average Power for rapl:::MAXIMUM_TIME_WINDOW:PACKAGE1 *)
0.6861 s 28.7832 (* Total Energy for rapl:::PACKAGE_ENERGY:PACKAGE0 *)
0.6861 s 41.9502 (* Average Power for rapl:::PACKAGE_ENERGY:PACKAGE0 *)
0.6861 s 45.9897 (* Total Energy for rapl:::PACKAGE_ENERGY:PACKAGE1 *)
0.6861 s 67.0279 (* Average Power for rapl:::PACKAGE_ENERGY:PACKAGE1 *)
0.6861 s 14.4803 (* Average Power for rapl:::DRAM_ENERGY:PACKAGE0 *)
0.6861 s 15.4325 (* Average Power for rapl:::DRAM_ENERGY:PACKAGE1 *)
0.6861 s 0.0000 (* Average Power for rapl:::PP0_ENERGY:PACKAGE0 *)
0.6861 s 0.0000 (* Average Power for rapl:::PP0_ENERGY:PACKAGE1 *)
Time for Classify and insert  0.686096 
Found rapl component at cid 2
Found: rapl:::THERMAL_SPEC_CNT:PACKAGE0
Found: rapl:::THERMAL_SPEC_CNT:PACKAGE1
Found: rapl:::MINIMUM_POWER_CNT:PACKAGE0
Found: rapl:::MINIMUM_POWER_CNT:PACKAGE1
Found: rapl:::MAXIMUM_POWER_CNT:PACKAGE0
Found: rapl:::MAXIMUM_POWER_CNT:PACKAGE1
Found: rapl:::MAXIMUM_TIME_WINDOW_CNT:PACKAGE0
Found: rapl:::MAXIMUM_TIME_WINDOW_CNT:PACKAGE1
Found: rapl:::PACKAGE_ENERGY_CNT:PACKAGE0
Found: rapl:::PACKAGE_ENERGY_CNT:PACKAGE1
Found: rapl:::DRAM_ENERGY_CNT:PACKAGE0
Found: rapl:::DRAM_ENERGY_CNT:PACKAGE1
Found: rapl:::PP0_ENERGY_CNT:PACKAGE0
Found: rapl:::PP0_ENERGY_CNT:PACKAGE1
Found: rapl:::THERMAL_SPEC:PACKAGE0
Found: rapl:::THERMAL_SPEC:PACKAGE1
Found: rapl:::MINIMUM_POWER:PACKAGE0
Found: rapl:::MINIMUM_POWER:PACKAGE1
Found: rapl:::MAXIMUM_POWER:PACKAGE0
Found: rapl:::MAXIMUM_POWER:PACKAGE1
Found: rapl:::MAXIMUM_TIME_WINDOW:PACKAGE0
Found: rapl:::MAXIMUM_TIME_WINDOW:PACKAGE1
Found: rapl:::PACKAGE_ENERGY:PACKAGE0
Found: rapl:::PACKAGE_ENERGY:PACKAGE1
Found: rapl:::DRAM_ENERGY:PACKAGE0
Found: rapl:::DRAM_ENERGY:PACKAGE1
Found: rapl:::PP0_ENERGY:PACKAGE0
Found: rapl:::PP0_ENERGY:PACKAGE1
Starting process_deletions
done updating maXE 
0.7121 s 0.0000 (* Average Power for rapl:::THERMAL_SPEC_CNT:PACKAGE0 *)
0.7121 s 0.0000 (* Average Power for rapl:::THERMAL_SPEC_CNT:PACKAGE1 *)
0.7121 s 0.0000 (* Average Power for rapl:::MINIMUM_POWER_CNT:PACKAGE0 *)
0.7121 s 0.0000 (* Average Power for rapl:::MINIMUM_POWER_CNT:PACKAGE1 *)
0.7121 s 0.0000 (* Average Power for rapl:::MAXIMUM_POWER_CNT:PACKAGE0 *)
0.7121 s 0.0000 (* Average Power for rapl:::MAXIMUM_POWER_CNT:PACKAGE1 *)
0.7121 s 0.0000 (* Average Power for rapl:::MAXIMUM_TIME_WINDOW_CNT:PACKAGE0 *)
0.7121 s 0.0000 (* Average Power for rapl:::MAXIMUM_TIME_WINDOW_CNT:PACKAGE1 *)
0.7121 s 0.0009 (* Average Power for rapl:::PACKAGE_ENERGY_CNT:PACKAGE0 *)
0.7121 s 0.0010 (* Average Power for rapl:::PACKAGE_ENERGY_CNT:PACKAGE1 *)
0.7121 s 0.0009 (* Average Power for rapl:::DRAM_ENERGY_CNT:PACKAGE0 *)
0.7121 s 0.0010 (* Average Power for rapl:::DRAM_ENERGY_CNT:PACKAGE1 *)
0.7121 s 0.0000 (* Average Power for rapl:::PP0_ENERGY_CNT:PACKAGE0 *)
0.7121 s 0.0000 (* Average Power for rapl:::PP0_ENERGY_CNT:PACKAGE1 *)
0.7121 s 6514922569.4445 (* Average Power for rapl:::THERMAL_SPEC:PACKAGE0 *)
0.7121 s 6514922569.4445 (* Average Power for rapl:::THERMAL_SPEC:PACKAGE1 *)
0.7121 s 6508252354.3867 (* Average Power for rapl:::MINIMUM_POWER:PACKAGE0 *)
0.7121 s 6508252354.3867 (* Average Power for rapl:::MINIMUM_POWER:PACKAGE1 *)
0.7121 s 6521246921.4993 (* Average Power for rapl:::MAXIMUM_POWER:PACKAGE0 *)
0.7121 s 6521246921.4993 (* Average Power for rapl:::MAXIMUM_POWER:PACKAGE1 *)
0.7121 s 6441154931.8054 (* Average Power for rapl:::MAXIMUM_TIME_WINDOW:PACKAGE0 *)
0.7121 s 6441154931.8054 (* Average Power for rapl:::MAXIMUM_TIME_WINDOW:PACKAGE1 *)
0.7121 s 37.8873 (* Total Energy for rapl:::PACKAGE_ENERGY:PACKAGE0 *)
0.7121 s 53.2046 (* Average Power for rapl:::PACKAGE_ENERGY:PACKAGE0 *)
0.7121 s 45.5811 (* Total Energy for rapl:::PACKAGE_ENERGY:PACKAGE1 *)
0.7121 s 64.0090 (* Average Power for rapl:::PACKAGE_ENERGY:PACKAGE1 *)
0.7121 s 14.4949 (* Average Power for rapl:::DRAM_ENERGY:PACKAGE0 *)
0.7121 s 15.5946 (* Average Power for rapl:::DRAM_ENERGY:PACKAGE1 *)
0.7121 s 0.0000 (* Average Power for rapl:::PP0_ENERGY:PACKAGE0 *)
0.7121 s 0.0000 (* Average Power for rapl:::PP0_ENERGY:PACKAGE1 *)
Time for Deletion  0.712058 
Total Time for Updating at Batch 1 is 1.399112 
=======
Total Time for Updating  3.169436 
	Command being timed: "/home/users/norris/research/easy-parallel-graph/autoperf/mst/lib/xpscode/MST_May5/a.out /home/users/norris/research/easy-parallel-graph/experiment/datasets/com-lj-org-weighted.diff /home/users/norris/research/easy-parallel-graph/experiment/datasets/com-lj-org-weighted.cert /home/users/norris/research/easy-parallel-graph/experiment/datasets/com-lj-org-weighted_changed_75i_1000000S 100 4036538 1000000 4 100"
	User time (seconds): 29.84
	System time (seconds): 0.77
	Percent of CPU this job got: 109%
	Elapsed (wall clock) time (h:mm:ss or m:ss): 0:27.94
	Average shared text size (kbytes): 0
	Average unshared data size (kbytes): 0
	Average stack size (kbytes): 0
	Average total size (kbytes): 0
	Maximum resident set size (kbytes): 744540
	Average resident set size (kbytes): 0
	Major (requiring I/O) page faults: 0
	Minor (reclaiming a frame) page faults: 73463
	Voluntary context switches: 667
	Involuntary context switches: 35
	Swaps: 0
	File system inputs: 0
	File system outputs: 32
	Socket messages sent: 0
	Socket messages received: 0
	Signals delivered: 0
	Page size (bytes): 4096
	Exit status: 0
Highest Edge Value 10 --
Time Taken for Initializing Memory 0.080789 
Total Time for Reading Remainder Edges 19.199823 
Total Time for Reading Certificate Network 4.639571 
Total Time for Reading Update List 0.409832 
Found rapl component at cid 2
Found: rapl:::THERMAL_SPEC_CNT:PACKAGE0
Found: rapl:::THERMAL_SPEC_CNT:PACKAGE1
Found: rapl:::MINIMUM_POWER_CNT:PACKAGE0
Found: rapl:::MINIMUM_POWER_CNT:PACKAGE1
Found: rapl:::MAXIMUM_POWER_CNT:PACKAGE0
Found: rapl:::MAXIMUM_POWER_CNT:PACKAGE1
Found: rapl:::MAXIMUM_TIME_WINDOW_CNT:PACKAGE0
Found: rapl:::MAXIMUM_TIME_WINDOW_CNT:PACKAGE1
Found: rapl:::PACKAGE_ENERGY_CNT:PACKAGE0
Found: rapl:::PACKAGE_ENERGY_CNT:PACKAGE1
Found: rapl:::DRAM_ENERGY_CNT:PACKAGE0
Found: rapl:::DRAM_ENERGY_CNT:PACKAGE1
Found: rapl:::PP0_ENERGY_CNT:PACKAGE0
Found: rapl:::PP0_ENERGY_CNT:PACKAGE1
Found: rapl:::THERMAL_SPEC:PACKAGE0
Found: rapl:::THERMAL_SPEC:PACKAGE1
Found: rapl:::MINIMUM_POWER:PACKAGE0
Found: rapl:::MINIMUM_POWER:PACKAGE1
Found: rapl:::MAXIMUM_POWER:PACKAGE0
Found: rapl:::MAXIMUM_POWER:PACKAGE1
Found: rapl:::MAXIMUM_TIME_WINDOW:PACKAGE0
Found: rapl:::MAXIMUM_TIME_WINDOW:PACKAGE1
Found: rapl:::PACKAGE_ENERGY:PACKAGE0
Found: rapl:::PACKAGE_ENERGY:PACKAGE1
Found: rapl:::DRAM_ENERGY:PACKAGE0
Found: rapl:::DRAM_ENERGY:PACKAGE1
Found: rapl:::PP0_ENERGY:PACKAGE0
Found: rapl:::PP0_ENERGY:PACKAGE1
Starting creation of rooted tree
0.0306 s 0.0000 (* Average Power for rapl:::THERMAL_SPEC_CNT:PACKAGE0 *)
0.0306 s 0.0000 (* Average Power for rapl:::THERMAL_SPEC_CNT:PACKAGE1 *)
0.0306 s 0.0000 (* Average Power for rapl:::MINIMUM_POWER_CNT:PACKAGE0 *)
0.0306 s 0.0000 (* Average Power for rapl:::MINIMUM_POWER_CNT:PACKAGE1 *)
0.0306 s 0.0001 (* Average Power for rapl:::MAXIMUM_POWER_CNT:PACKAGE0 *)
0.0306 s 0.0001 (* Average Power for rapl:::MAXIMUM_POWER_CNT:PACKAGE1 *)
0.0306 s 0.0000 (* Average Power for rapl:::MAXIMUM_TIME_WINDOW_CNT:PACKAGE0 *)
0.0306 s 0.0000 (* Average Power for rapl:::MAXIMUM_TIME_WINDOW_CNT:PACKAGE1 *)
0.0306 s 0.0012 (* Average Power for rapl:::PACKAGE_ENERGY_CNT:PACKAGE0 *)
0.0306 s 0.0014 (* Average Power for rapl:::PACKAGE_ENERGY_CNT:PACKAGE1 *)
0.0306 s 0.0011 (* Average Power for rapl:::DRAM_ENERGY_CNT:PACKAGE0 *)
0.0306 s 0.0012 (* Average Power for rapl:::DRAM_ENERGY_CNT:PACKAGE1 *)
0.0306 s 0.0000 (* Average Power for rapl:::PP0_ENERGY_CNT:PACKAGE0 *)
0.0306 s 0.0000 (* Average Power for rapl:::PP0_ENERGY_CNT:PACKAGE1 *)
0.0306 s 151492115337.6628 (* Average Power for rapl:::THERMAL_SPEC:PACKAGE0 *)
0.0306 s 151492115337.6628 (* Average Power for rapl:::THERMAL_SPEC:PACKAGE1 *)
0.0306 s 151337012191.2953 (* Average Power for rapl:::MINIMUM_POWER:PACKAGE0 *)
0.0306 s 151337012191.2953 (* Average Power for rapl:::MINIMUM_POWER:PACKAGE1 *)
0.0306 s 151639176098.6631 (* Average Power for rapl:::MAXIMUM_POWER:PACKAGE0 *)
0.0306 s 151639176098.6631 (* Average Power for rapl:::MAXIMUM_POWER:PACKAGE1 *)
0.0306 s 149776789430.0574 (* Average Power for rapl:::MAXIMUM_TIME_WINDOW:PACKAGE0 *)
0.0306 s 149776789430.0574 (* Average Power for rapl:::MAXIMUM_TIME_WINDOW:PACKAGE1 *)
0.0306 s 2.2115 (* Total Energy for rapl:::PACKAGE_ENERGY:PACKAGE0 *)
0.0306 s 72.2160 (* Average Power for rapl:::PACKAGE_ENERGY:PACKAGE0 *)
0.0306 s 2.6710 (* Total Energy for rapl:::PACKAGE_ENERGY:PACKAGE1 *)
0.0306 s 87.2196 (* Average Power for rapl:::PACKAGE_ENERGY:PACKAGE1 *)
0.0306 s 16.9025 (* Average Power for rapl:::DRAM_ENERGY:PACKAGE0 *)
0.0306 s 18.4312 (* Average Power for rapl:::DRAM_ENERGY:PACKAGE1 *)
0.0306 s 0.0000 (* Average Power for rapl:::PP0_ENERGY:PACKAGE0 *)
0.0306 s 0.0000 (* Average Power for rapl:::PP0_ENERGY:PACKAGE1 *)
Total Time for Obtaining Degrees of Vertices  0.030588 
==Update Starts =======
root111=0
root=447075
Max height=202
Total Time for Creating Initial Rooted Tree at iter 1 is 1.736189 with Type:1
Found rapl component at cid 2
Found: rapl:::THERMAL_SPEC_CNT:PACKAGE0
Found: rapl:::THERMAL_SPEC_CNT:PACKAGE1
Found: rapl:::MINIMUM_POWER_CNT:PACKAGE0
Found: rapl:::MINIMUM_POWER_CNT:PACKAGE1
Found: rapl:::MAXIMUM_POWER_CNT:PACKAGE0
Found: rapl:::MAXIMUM_POWER_CNT:PACKAGE1
Found: rapl:::MAXIMUM_TIME_WINDOW_CNT:PACKAGE0
Found: rapl:::MAXIMUM_TIME_WINDOW_CNT:PACKAGE1
Found: rapl:::PACKAGE_ENERGY_CNT:PACKAGE0
Found: rapl:::PACKAGE_ENERGY_CNT:PACKAGE1
Found: rapl:::DRAM_ENERGY_CNT:PACKAGE0
Found: rapl:::DRAM_ENERGY_CNT:PACKAGE1
Found: rapl:::PP0_ENERGY_CNT:PACKAGE0
Found: rapl:::PP0_ENERGY_CNT:PACKAGE1
Found: rapl:::THERMAL_SPEC:PACKAGE0
Found: rapl:::THERMAL_SPEC:PACKAGE1
Found: rapl:::MINIMUM_POWER:PACKAGE0
Found: rapl:::MINIMUM_POWER:PACKAGE1
Found: rapl:::MAXIMUM_POWER:PACKAGE0
Found: rapl:::MAXIMUM_POWER:PACKAGE1
Found: rapl:::MAXIMUM_TIME_WINDOW:PACKAGE0
Found: rapl:::MAXIMUM_TIME_WINDOW:PACKAGE1
Found: rapl:::PACKAGE_ENERGY:PACKAGE0
Found: rapl:::PACKAGE_ENERGY:PACKAGE1
Found: rapl:::DRAM_ENERGY:PACKAGE0
Found: rapl:::DRAM_ENERGY:PACKAGE1
Found: rapl:::PP0_ENERGY:PACKAGE0
Found: rapl:::PP0_ENERGY:PACKAGE1
Starting Classify and Insert
Classify 999999 999999  
Time for insertion Flag  0.659237
Deleted Edges: 28836 
Processed Inserts: 236751
 Unprocessed Inserts: 595
 0.6653 s 0.0000 (* Average Power for rapl:::THERMAL_SPEC_CNT:PACKAGE0 *)
0.6653 s 0.0000 (* Average Power for rapl:::THERMAL_SPEC_CNT:PACKAGE1 *)
0.6653 s 0.0000 (* Average Power for rapl:::MINIMUM_POWER_CNT:PACKAGE0 *)
0.6653 s 0.0000 (* Average Power for rapl:::MINIMUM_POWER_CNT:PACKAGE1 *)
0.6653 s 0.0000 (* Average Power for rapl:::MAXIMUM_POWER_CNT:PACKAGE0 *)
0.6653 s 0.0000 (* Average Power for rapl:::MAXIMUM_POWER_CNT:PACKAGE1 *)
0.6653 s 0.0000 (* Average Power for rapl:::MAXIMUM_TIME_WINDOW_CNT:PACKAGE0 *)
0.6653 s 0.0000 (* Average Power for rapl:::MAXIMUM_TIME_WINDOW_CNT:PACKAGE1 *)
0.6653 s 0.0008 (* Average Power for rapl:::PACKAGE_ENERGY_CNT:PACKAGE0 *)
0.6653 s 0.0009 (* Average Power for rapl:::PACKAGE_ENERGY_CNT:PACKAGE1 *)
0.6653 s 0.0009 (* Average Power for rapl:::DRAM_ENERGY_CNT:PACKAGE0 *)
0.6653 s 0.0010 (* Average Power for rapl:::DRAM_ENERGY_CNT:PACKAGE1 *)
0.6653 s 0.0000 (* Average Power for rapl:::PP0_ENERGY_CNT:PACKAGE0 *)
0.6653 s 0.0000 (* Average Power for rapl:::PP0_ENERGY_CNT:PACKAGE1 *)
0.6653 s 6973365707.4144 (* Average Power for rapl:::THERMAL_SPEC:PACKAGE0 *)
0.6653 s 6973365707.4144 (* Average Power for rapl:::THERMAL_SPEC:PACKAGE1 *)
0.6653 s 6966226121.5714 (* Average Power for rapl:::MINIMUM_POWER:PACKAGE0 *)
0.6653 s 6966226121.5714 (* Average Power for rapl:::MINIMUM_POWER:PACKAGE1 *)
0.6653 s 6980135092.5100 (* Average Power for rapl:::MAXIMUM_POWER:PACKAGE0 *)
0.6653 s 6980135092.5100 (* Average Power for rapl:::MAXIMUM_POWER:PACKAGE1 *)
0.6653 s 6894407176.5729 (* Average Power for rapl:::MAXIMUM_TIME_WINDOW:PACKAGE0 *)
0.6653 s 6894407176.5729 (* Average Power for rapl:::MAXIMUM_TIME_WINDOW:PACKAGE1 *)
0.6653 s 32.7486 (* Total Energy for rapl:::PACKAGE_ENERGY:PACKAGE0 *)
0.6653 s 49.2246 (* Average Power for rapl:::PACKAGE_ENERGY:PACKAGE0 *)
0.6653 s 37.6614 (* Total Energy for rapl:::PACKAGE_ENERGY:PACKAGE1 *)
0.6653 s 56.6090 (* Average Power for rapl:::PACKAGE_ENERGY:PACKAGE1 *)
0.6653 s 14.4199 (* Average Power for rapl:::DRAM_ENERGY:PACKAGE0 *)
0.6653 s 15.3278 (* Average Power for rapl:::DRAM_ENERGY:PACKAGE1 *)
0.6653 s 0.0000 (* Average Power for rapl:::PP0_ENERGY:PACKAGE0 *)
0.6653 s 0.0000 (* Average Power for rapl:::PP0_ENERGY:PACKAGE1 *)
Time for Classify and insert  0.665233 
Found rapl component at cid 2
Found: rapl:::THERMAL_SPEC_CNT:PACKAGE0
Found: rapl:::THERMAL_SPEC_CNT:PACKAGE1
Found: rapl:::MINIMUM_POWER_CNT:PACKAGE0
Found: rapl:::MINIMUM_POWER_CNT:PACKAGE1
Found: rapl:::MAXIMUM_POWER_CNT:PACKAGE0
Found: rapl:::MAXIMUM_POWER_CNT:PACKAGE1
Found: rapl:::MAXIMUM_TIME_WINDOW_CNT:PACKAGE0
Found: rapl:::MAXIMUM_TIME_WINDOW_CNT:PACKAGE1
Found: rapl:::PACKAGE_ENERGY_CNT:PACKAGE0
Found: rapl:::PACKAGE_ENERGY_CNT:PACKAGE1
Found: rapl:::DRAM_ENERGY_CNT:PACKAGE0
Found: rapl:::DRAM_ENERGY_CNT:PACKAGE1
Found: rapl:::PP0_ENERGY_CNT:PACKAGE0
Found: rapl:::PP0_ENERGY_CNT:PACKAGE1
Found: rapl:::THERMAL_SPEC:PACKAGE0
Found: rapl:::THERMAL_SPEC:PACKAGE1
Found: rapl:::MINIMUM_POWER:PACKAGE0
Found: rapl:::MINIMUM_POWER:PACKAGE1
Found: rapl:::MAXIMUM_POWER:PACKAGE0
Found: rapl:::MAXIMUM_POWER:PACKAGE1
Found: rapl:::MAXIMUM_TIME_WINDOW:PACKAGE0
Found: rapl:::MAXIMUM_TIME_WINDOW:PACKAGE1
Found: rapl:::PACKAGE_ENERGY:PACKAGE0
Found: rapl:::PACKAGE_ENERGY:PACKAGE1
Found: rapl:::DRAM_ENERGY:PACKAGE0
Found: rapl:::DRAM_ENERGY:PACKAGE1
Found: rapl:::PP0_ENERGY:PACKAGE0
Found: rapl:::PP0_ENERGY:PACKAGE1
Starting process_deletions
done updating maXE 
0.7933 s 0.0000 (* Average Power for rapl:::THERMAL_SPEC_CNT:PACKAGE0 *)
0.7933 s 0.0000 (* Average Power for rapl:::THERMAL_SPEC_CNT:PACKAGE1 *)
0.7933 s 0.0000 (* Average Power for rapl:::MINIMUM_POWER_CNT:PACKAGE0 *)
0.7933 s 0.0000 (* Average Power for rapl:::MINIMUM_POWER_CNT:PACKAGE1 *)
0.7933 s 0.0000 (* Average Power for rapl:::MAXIMUM_POWER_CNT:PACKAGE0 *)
0.7933 s 0.0000 (* Average Power for rapl:::MAXIMUM_POWER_CNT:PACKAGE1 *)
0.7933 s 0.0000 (* Average Power for rapl:::MAXIMUM_TIME_WINDOW_CNT:PACKAGE0 *)
0.7933 s 0.0000 (* Average Power for rapl:::MAXIMUM_TIME_WINDOW_CNT:PACKAGE1 *)
0.7933 s 0.0010 (* Average Power for rapl:::PACKAGE_ENERGY_CNT:PACKAGE0 *)
0.7933 s 0.0009 (* Average Power for rapl:::PACKAGE_ENERGY_CNT:PACKAGE1 *)
0.7933 s 0.0010 (* Average Power for rapl:::DRAM_ENERGY_CNT:PACKAGE0 *)
0.7933 s 0.0010 (* Average Power for rapl:::DRAM_ENERGY_CNT:PACKAGE1 *)
0.7933 s 0.0000 (* Average Power for rapl:::PP0_ENERGY_CNT:PACKAGE0 *)
0.7933 s 0.0000 (* Average Power for rapl:::PP0_ENERGY_CNT:PACKAGE1 *)
0.7933 s 5848260596.3200 (* Average Power for rapl:::THERMAL_SPEC:PACKAGE0 *)
0.7933 s 5848260596.3200 (* Average Power for rapl:::THERMAL_SPEC:PACKAGE1 *)
0.7933 s 5842272934.0761 (* Average Power for rapl:::MINIMUM_POWER:PACKAGE0 *)
0.7933 s 5842272934.0761 (* Average Power for rapl:::MINIMUM_POWER:PACKAGE1 *)
0.7933 s 5853937787.1884 (* Average Power for rapl:::MAXIMUM_POWER:PACKAGE0 *)
0.7933 s 5853937787.1884 (* Average Power for rapl:::MAXIMUM_POWER:PACKAGE1 *)
0.7933 s 5782041487.2071 (* Average Power for rapl:::MAXIMUM_TIME_WINDOW:PACKAGE0 *)
0.7933 s 5782041487.2071 (* Average Power for rapl:::MAXIMUM_TIME_WINDOW:PACKAGE1 *)
0.7933 s 49.0436 (* Total Energy for rapl:::PACKAGE_ENERGY:PACKAGE0 *)
0.7933 s 61.8239 (* Average Power for rapl:::PACKAGE_ENERGY:PACKAGE0 *)
0.7933 s 44.2528 (* Total Energy for rapl:::PACKAGE_ENERGY:PACKAGE1 *)
0.7933 s 55.7846 (* Average Power for rapl:::PACKAGE_ENERGY:PACKAGE1 *)
0.7933 s 14.5329 (* Average Power for rapl:::DRAM_ENERGY:PACKAGE0 *)
0.7933 s 15.4916 (* Average Power for rapl:::DRAM_ENERGY:PACKAGE1 *)
0.7933 s 0.0000 (* Average Power for rapl:::PP0_ENERGY:PACKAGE0 *)
0.7933 s 0.0000 (* Average Power for rapl:::PP0_ENERGY:PACKAGE1 *)
Time for Deletion  0.793250 
Total Time for Updating at Batch 1 is 1.459457 
=======
Total Time for Updating  3.242150 
	Command being timed: "/home/users/norris/research/easy-parallel-graph/autoperf/mst/lib/xpscode/MST_May5/a.out /home/users/norris/research/easy-parallel-graph/experiment/datasets/com-lj-org-weighted.diff /home/users/norris/research/easy-parallel-graph/experiment/datasets/com-lj-org-weighted.cert /home/users/norris/research/easy-parallel-graph/experiment/datasets/com-lj-org-weighted_changed_75i_1000000S 100 4036538 1000000 4 100"
	User time (seconds): 30.18
	System time (seconds): 0.69
	Percent of CPU this job got: 110%
	Elapsed (wall clock) time (h:mm:ss or m:ss): 0:27.96
	Average shared text size (kbytes): 0
	Average unshared data size (kbytes): 0
	Average stack size (kbytes): 0
	Average total size (kbytes): 0
	Maximum resident set size (kbytes): 743540
	Average resident set size (kbytes): 0
	Major (requiring I/O) page faults: 0
	Minor (reclaiming a frame) page faults: 71062
	Voluntary context switches: 1160
	Involuntary context switches: 42
	Swaps: 0
	File system inputs: 0
	File system outputs: 32
	Socket messages sent: 0
	Socket messages received: 0
	Signals delivered: 0
	Page size (bytes): 4096
	Exit status: 0
Highest Edge Value 10 --
Time Taken for Initializing Memory 0.080087 
Total Time for Reading Remainder Edges 19.253006 
Total Time for Reading Certificate Network 4.652678 
Total Time for Reading Update List 0.409464 
Found rapl component at cid 2
Found: rapl:::THERMAL_SPEC_CNT:PACKAGE0
Found: rapl:::THERMAL_SPEC_CNT:PACKAGE1
Found: rapl:::MINIMUM_POWER_CNT:PACKAGE0
Found: rapl:::MINIMUM_POWER_CNT:PACKAGE1
Found: rapl:::MAXIMUM_POWER_CNT:PACKAGE0
Found: rapl:::MAXIMUM_POWER_CNT:PACKAGE1
Found: rapl:::MAXIMUM_TIME_WINDOW_CNT:PACKAGE0
Found: rapl:::MAXIMUM_TIME_WINDOW_CNT:PACKAGE1
Found: rapl:::PACKAGE_ENERGY_CNT:PACKAGE0
Found: rapl:::PACKAGE_ENERGY_CNT:PACKAGE1
Found: rapl:::DRAM_ENERGY_CNT:PACKAGE0
Found: rapl:::DRAM_ENERGY_CNT:PACKAGE1
Found: rapl:::PP0_ENERGY_CNT:PACKAGE0
Found: rapl:::PP0_ENERGY_CNT:PACKAGE1
Found: rapl:::THERMAL_SPEC:PACKAGE0
Found: rapl:::THERMAL_SPEC:PACKAGE1
Found: rapl:::MINIMUM_POWER:PACKAGE0
Found: rapl:::MINIMUM_POWER:PACKAGE1
Found: rapl:::MAXIMUM_POWER:PACKAGE0
Found: rapl:::MAXIMUM_POWER:PACKAGE1
Found: rapl:::MAXIMUM_TIME_WINDOW:PACKAGE0
Found: rapl:::MAXIMUM_TIME_WINDOW:PACKAGE1
Found: rapl:::PACKAGE_ENERGY:PACKAGE0
Found: rapl:::PACKAGE_ENERGY:PACKAGE1
Found: rapl:::DRAM_ENERGY:PACKAGE0
Found: rapl:::DRAM_ENERGY:PACKAGE1
Found: rapl:::PP0_ENERGY:PACKAGE0
Found: rapl:::PP0_ENERGY:PACKAGE1
Starting creation of rooted tree
0.0360 s 0.0000 (* Average Power for rapl:::THERMAL_SPEC_CNT:PACKAGE0 *)
0.0360 s 0.0000 (* Average Power for rapl:::THERMAL_SPEC_CNT:PACKAGE1 *)
0.0360 s 0.0000 (* Average Power for rapl:::MINIMUM_POWER_CNT:PACKAGE0 *)
0.0360 s 0.0000 (* Average Power for rapl:::MINIMUM_POWER_CNT:PACKAGE1 *)
0.0360 s 0.0001 (* Average Power for rapl:::MAXIMUM_POWER_CNT:PACKAGE0 *)
0.0360 s 0.0001 (* Average Power for rapl:::MAXIMUM_POWER_CNT:PACKAGE1 *)
0.0360 s 0.0000 (* Average Power for rapl:::MAXIMUM_TIME_WINDOW_CNT:PACKAGE0 *)
0.0360 s 0.0000 (* Average Power for rapl:::MAXIMUM_TIME_WINDOW_CNT:PACKAGE1 *)
0.0360 s 0.0012 (* Average Power for rapl:::PACKAGE_ENERGY_CNT:PACKAGE0 *)
0.0360 s 0.0015 (* Average Power for rapl:::PACKAGE_ENERGY_CNT:PACKAGE1 *)
0.0360 s 0.0011 (* Average Power for rapl:::DRAM_ENERGY_CNT:PACKAGE0 *)
0.0360 s 0.0012 (* Average Power for rapl:::DRAM_ENERGY_CNT:PACKAGE1 *)
0.0360 s 0.0000 (* Average Power for rapl:::PP0_ENERGY_CNT:PACKAGE0 *)
0.0360 s 0.0000 (* Average Power for rapl:::PP0_ENERGY_CNT:PACKAGE1 *)
0.0360 s 128704597736.4776 (* Average Power for rapl:::THERMAL_SPEC:PACKAGE0 *)
0.0360 s 128704597736.4776 (* Average Power for rapl:::THERMAL_SPEC:PACKAGE1 *)
0.0360 s 128572825280.7534 (* Average Power for rapl:::MINIMUM_POWER:PACKAGE0 *)
0.0360 s 128572825280.7534 (* Average Power for rapl:::MINIMUM_POWER:PACKAGE1 *)
0.0360 s 128829537546.3494 (* Average Power for rapl:::MAXIMUM_POWER:PACKAGE0 *)
0.0360 s 128829537546.3494 (* Average Power for rapl:::MAXIMUM_POWER:PACKAGE1 *)
0.0360 s 127247291985.3945 (* Average Power for rapl:::MAXIMUM_TIME_WINDOW:PACKAGE0 *)
0.0360 s 127247291985.3945 (* Average Power for rapl:::MAXIMUM_TIME_WINDOW:PACKAGE1 *)
0.0360 s 2.5327 (* Total Energy for rapl:::PACKAGE_ENERGY:PACKAGE0 *)
0.0360 s 70.2631 (* Average Power for rapl:::PACKAGE_ENERGY:PACKAGE0 *)
0.0360 s 3.2357 (* Total Energy for rapl:::PACKAGE_ENERGY:PACKAGE1 *)
0.0360 s 89.7643 (* Average Power for rapl:::PACKAGE_ENERGY:PACKAGE1 *)
0.0360 s 16.1591 (* Average Power for rapl:::DRAM_ENERGY:PACKAGE0 *)
0.0360 s 18.4966 (* Average Power for rapl:::DRAM_ENERGY:PACKAGE1 *)
0.0360 s 0.0000 (* Average Power for rapl:::PP0_ENERGY:PACKAGE0 *)
0.0360 s 0.0000 (* Average Power for rapl:::PP0_ENERGY:PACKAGE1 *)
Total Time for Obtaining Degrees of Vertices  0.036008 
==Update Starts =======
root111=0
root=447075
Max height=202
Total Time for Creating Initial Rooted Tree at iter 1 is 1.730238 with Type:1
Found rapl component at cid 2
Found: rapl:::THERMAL_SPEC_CNT:PACKAGE0
Found: rapl:::THERMAL_SPEC_CNT:PACKAGE1
Found: rapl:::MINIMUM_POWER_CNT:PACKAGE0
Found: rapl:::MINIMUM_POWER_CNT:PACKAGE1
Found: rapl:::MAXIMUM_POWER_CNT:PACKAGE0
Found: rapl:::MAXIMUM_POWER_CNT:PACKAGE1
Found: rapl:::MAXIMUM_TIME_WINDOW_CNT:PACKAGE0
Found: rapl:::MAXIMUM_TIME_WINDOW_CNT:PACKAGE1
Found: rapl:::PACKAGE_ENERGY_CNT:PACKAGE0
Found: rapl:::PACKAGE_ENERGY_CNT:PACKAGE1
Found: rapl:::DRAM_ENERGY_CNT:PACKAGE0
Found: rapl:::DRAM_ENERGY_CNT:PACKAGE1
Found: rapl:::PP0_ENERGY_CNT:PACKAGE0
Found: rapl:::PP0_ENERGY_CNT:PACKAGE1
Found: rapl:::THERMAL_SPEC:PACKAGE0
Found: rapl:::THERMAL_SPEC:PACKAGE1
Found: rapl:::MINIMUM_POWER:PACKAGE0
Found: rapl:::MINIMUM_POWER:PACKAGE1
Found: rapl:::MAXIMUM_POWER:PACKAGE0
Found: rapl:::MAXIMUM_POWER:PACKAGE1
Found: rapl:::MAXIMUM_TIME_WINDOW:PACKAGE0
Found: rapl:::MAXIMUM_TIME_WINDOW:PACKAGE1
Found: rapl:::PACKAGE_ENERGY:PACKAGE0
Found: rapl:::PACKAGE_ENERGY:PACKAGE1
Found: rapl:::DRAM_ENERGY:PACKAGE0
Found: rapl:::DRAM_ENERGY:PACKAGE1
Found: rapl:::PP0_ENERGY:PACKAGE0
Found: rapl:::PP0_ENERGY:PACKAGE1
Starting Classify and Insert
Classify 999999 999999  
Time for insertion Flag  0.701519
Deleted Edges: 28836 
Processed Inserts: 236718
 Unprocessed Inserts: 649
 0.7079 s 0.0000 (* Average Power for rapl:::THERMAL_SPEC_CNT:PACKAGE0 *)
0.7079 s 0.0000 (* Average Power for rapl:::THERMAL_SPEC_CNT:PACKAGE1 *)
0.7079 s 0.0000 (* Average Power for rapl:::MINIMUM_POWER_CNT:PACKAGE0 *)
0.7079 s 0.0000 (* Average Power for rapl:::MINIMUM_POWER_CNT:PACKAGE1 *)
0.7079 s 0.0000 (* Average Power for rapl:::MAXIMUM_POWER_CNT:PACKAGE0 *)
0.7079 s 0.0000 (* Average Power for rapl:::MAXIMUM_POWER_CNT:PACKAGE1 *)
0.7079 s 0.0000 (* Average Power for rapl:::MAXIMUM_TIME_WINDOW_CNT:PACKAGE0 *)
0.7079 s 0.0000 (* Average Power for rapl:::MAXIMUM_TIME_WINDOW_CNT:PACKAGE1 *)
0.7079 s 0.0013 (* Average Power for rapl:::PACKAGE_ENERGY_CNT:PACKAGE0 *)
0.7079 s 0.0014 (* Average Power for rapl:::PACKAGE_ENERGY_CNT:PACKAGE1 *)
0.7079 s 0.0009 (* Average Power for rapl:::DRAM_ENERGY_CNT:PACKAGE0 *)
0.7079 s 0.0010 (* Average Power for rapl:::DRAM_ENERGY_CNT:PACKAGE1 *)
0.7079 s 0.0000 (* Average Power for rapl:::PP0_ENERGY_CNT:PACKAGE0 *)
0.7079 s 0.0000 (* Average Power for rapl:::PP0_ENERGY_CNT:PACKAGE1 *)
0.7079 s 6553285486.0469 (* Average Power for rapl:::THERMAL_SPEC:PACKAGE0 *)
0.7079 s 6553285486.0469 (* Average Power for rapl:::THERMAL_SPEC:PACKAGE1 *)
0.7079 s 6546575993.6376 (* Average Power for rapl:::MINIMUM_POWER:PACKAGE0 *)
0.7079 s 6546575993.6376 (* Average Power for rapl:::MINIMUM_POWER:PACKAGE1 *)
0.7079 s 6559647078.8498 (* Average Power for rapl:::MAXIMUM_POWER:PACKAGE0 *)
0.7079 s 6559647078.8498 (* Average Power for rapl:::MAXIMUM_POWER:PACKAGE1 *)
0.7079 s 6479083469.9941 (* Average Power for rapl:::MAXIMUM_TIME_WINDOW:PACKAGE0 *)
0.7079 s 6479083469.9941 (* Average Power for rapl:::MAXIMUM_TIME_WINDOW:PACKAGE1 *)
0.7079 s 56.0158 (* Total Energy for rapl:::PACKAGE_ENERGY:PACKAGE0 *)
0.7079 s 79.1255 (* Average Power for rapl:::PACKAGE_ENERGY:PACKAGE0 *)
0.7079 s 59.6879 (* Total Energy for rapl:::PACKAGE_ENERGY:PACKAGE1 *)
0.7079 s 84.3125 (* Average Power for rapl:::PACKAGE_ENERGY:PACKAGE1 *)
0.7079 s 14.4338 (* Average Power for rapl:::DRAM_ENERGY:PACKAGE0 *)
0.7079 s 15.3500 (* Average Power for rapl:::DRAM_ENERGY:PACKAGE1 *)
0.7079 s 0.0000 (* Average Power for rapl:::PP0_ENERGY:PACKAGE0 *)
0.7079 s 0.0000 (* Average Power for rapl:::PP0_ENERGY:PACKAGE1 *)
Time for Classify and insert  0.707903 
Found rapl component at cid 2
Found: rapl:::THERMAL_SPEC_CNT:PACKAGE0
Found: rapl:::THERMAL_SPEC_CNT:PACKAGE1
Found: rapl:::MINIMUM_POWER_CNT:PACKAGE0
Found: rapl:::MINIMUM_POWER_CNT:PACKAGE1
Found: rapl:::MAXIMUM_POWER_CNT:PACKAGE0
Found: rapl:::MAXIMUM_POWER_CNT:PACKAGE1
Found: rapl:::MAXIMUM_TIME_WINDOW_CNT:PACKAGE0
Found: rapl:::MAXIMUM_TIME_WINDOW_CNT:PACKAGE1
Found: rapl:::PACKAGE_ENERGY_CNT:PACKAGE0
Found: rapl:::PACKAGE_ENERGY_CNT:PACKAGE1
Found: rapl:::DRAM_ENERGY_CNT:PACKAGE0
Found: rapl:::DRAM_ENERGY_CNT:PACKAGE1
Found: rapl:::PP0_ENERGY_CNT:PACKAGE0
Found: rapl:::PP0_ENERGY_CNT:PACKAGE1
Found: rapl:::THERMAL_SPEC:PACKAGE0
Found: rapl:::THERMAL_SPEC:PACKAGE1
Found: rapl:::MINIMUM_POWER:PACKAGE0
Found: rapl:::MINIMUM_POWER:PACKAGE1
Found: rapl:::MAXIMUM_POWER:PACKAGE0
Found: rapl:::MAXIMUM_POWER:PACKAGE1
Found: rapl:::MAXIMUM_TIME_WINDOW:PACKAGE0
Found: rapl:::MAXIMUM_TIME_WINDOW:PACKAGE1
Found: rapl:::PACKAGE_ENERGY:PACKAGE0
Found: rapl:::PACKAGE_ENERGY:PACKAGE1
Found: rapl:::DRAM_ENERGY:PACKAGE0
Found: rapl:::DRAM_ENERGY:PACKAGE1
Found: rapl:::PP0_ENERGY:PACKAGE0
Found: rapl:::PP0_ENERGY:PACKAGE1
Starting process_deletions
done updating maXE 
0.6937 s 0.0000 (* Average Power for rapl:::THERMAL_SPEC_CNT:PACKAGE0 *)
0.6937 s 0.0000 (* Average Power for rapl:::THERMAL_SPEC_CNT:PACKAGE1 *)
0.6937 s 0.0000 (* Average Power for rapl:::MINIMUM_POWER_CNT:PACKAGE0 *)
0.6937 s 0.0000 (* Average Power for rapl:::MINIMUM_POWER_CNT:PACKAGE1 *)
0.6937 s 0.0000 (* Average Power for rapl:::MAXIMUM_POWER_CNT:PACKAGE0 *)
0.6937 s 0.0000 (* Average Power for rapl:::MAXIMUM_POWER_CNT:PACKAGE1 *)
0.6937 s 0.0000 (* Average Power for rapl:::MAXIMUM_TIME_WINDOW_CNT:PACKAGE0 *)
0.6937 s 0.0000 (* Average Power for rapl:::MAXIMUM_TIME_WINDOW_CNT:PACKAGE1 *)
0.6937 s 0.0015 (* Average Power for rapl:::PACKAGE_ENERGY_CNT:PACKAGE0 *)
0.6937 s 0.0014 (* Average Power for rapl:::PACKAGE_ENERGY_CNT:PACKAGE1 *)
0.6937 s 0.0010 (* Average Power for rapl:::DRAM_ENERGY_CNT:PACKAGE0 *)
0.6937 s 0.0010 (* Average Power for rapl:::DRAM_ENERGY_CNT:PACKAGE1 *)
0.6937 s 0.0000 (* Average Power for rapl:::PP0_ENERGY_CNT:PACKAGE0 *)
0.6937 s 0.0000 (* Average Power for rapl:::PP0_ENERGY_CNT:PACKAGE1 *)
0.6937 s 6687485720.3223 (* Average Power for rapl:::THERMAL_SPEC:PACKAGE0 *)
0.6937 s 6687485720.3223 (* Average Power for rapl:::THERMAL_SPEC:PACKAGE1 *)
0.6937 s 6680638828.8244 (* Average Power for rapl:::MINIMUM_POWER:PACKAGE0 *)
0.6937 s 6680638828.8244 (* Average Power for rapl:::MINIMUM_POWER:PACKAGE1 *)
0.6937 s 6693977587.8166 (* Average Power for rapl:::MAXIMUM_POWER:PACKAGE0 *)
0.6937 s 6693977587.8166 (* Average Power for rapl:::MAXIMUM_POWER:PACKAGE1 *)
0.6937 s 6611764172.1266 (* Average Power for rapl:::MAXIMUM_TIME_WINDOW:PACKAGE0 *)
0.6937 s 6611764172.1266 (* Average Power for rapl:::MAXIMUM_TIME_WINDOW:PACKAGE1 *)
0.6937 s 61.6620 (* Total Energy for rapl:::PACKAGE_ENERGY:PACKAGE0 *)
0.6937 s 88.8848 (* Average Power for rapl:::PACKAGE_ENERGY:PACKAGE0 *)
0.6937 s 57.5989 (* Total Energy for rapl:::PACKAGE_ENERGY:PACKAGE1 *)
0.6937 s 83.0280 (* Average Power for rapl:::PACKAGE_ENERGY:PACKAGE1 *)
0.6937 s 14.5016 (* Average Power for rapl:::DRAM_ENERGY:PACKAGE0 *)
0.6937 s 15.4831 (* Average Power for rapl:::DRAM_ENERGY:PACKAGE1 *)
0.6937 s 0.0000 (* Average Power for rapl:::PP0_ENERGY:PACKAGE0 *)
0.6937 s 0.0000 (* Average Power for rapl:::PP0_ENERGY:PACKAGE1 *)
Time for Deletion  0.693702 
Total Time for Updating at Batch 1 is 1.402520 
=======
Total Time for Updating  3.176736 
	Command being timed: "/home/users/norris/research/easy-parallel-graph/autoperf/mst/lib/xpscode/MST_May5/a.out /home/users/norris/research/easy-parallel-graph/experiment/datasets/com-lj-org-weighted.diff /home/users/norris/research/easy-parallel-graph/experiment/datasets/com-lj-org-weighted.cert /home/users/norris/research/easy-parallel-graph/experiment/datasets/com-lj-org-weighted_changed_75i_1000000S 100 4036538 1000000 4 100"
	User time (seconds): 29.84
	System time (seconds): 0.76
	Percent of CPU this job got: 109%
	Elapsed (wall clock) time (h:mm:ss or m:ss): 0:27.96
	Average shared text size (kbytes): 0
	Average unshared data size (kbytes): 0
	Average stack size (kbytes): 0
	Average total size (kbytes): 0
	Maximum resident set size (kbytes): 744832
	Average resident set size (kbytes): 0
	Major (requiring I/O) page faults: 0
	Minor (reclaiming a frame) page faults: 70851
	Voluntary context switches: 393
	Involuntary context switches: 38
	Swaps: 0
	File system inputs: 0
	File system outputs: 32
	Socket messages sent: 0
	Socket messages received: 0
	Signals delivered: 0
	Page size (bytes): 4096
	Exit status: 0
Highest Edge Value 10 --
Time Taken for Initializing Memory 0.097675 
Total Time for Reading Remainder Edges 19.210937 
Total Time for Reading Certificate Network 4.643190 
Total Time for Reading Update List 0.409903 
Found rapl component at cid 2
Found: rapl:::THERMAL_SPEC_CNT:PACKAGE0
Found: rapl:::THERMAL_SPEC_CNT:PACKAGE1
Found: rapl:::MINIMUM_POWER_CNT:PACKAGE0
Found: rapl:::MINIMUM_POWER_CNT:PACKAGE1
Found: rapl:::MAXIMUM_POWER_CNT:PACKAGE0
Found: rapl:::MAXIMUM_POWER_CNT:PACKAGE1
Found: rapl:::MAXIMUM_TIME_WINDOW_CNT:PACKAGE0
Found: rapl:::MAXIMUM_TIME_WINDOW_CNT:PACKAGE1
Found: rapl:::PACKAGE_ENERGY_CNT:PACKAGE0
Found: rapl:::PACKAGE_ENERGY_CNT:PACKAGE1
Found: rapl:::DRAM_ENERGY_CNT:PACKAGE0
Found: rapl:::DRAM_ENERGY_CNT:PACKAGE1
Found: rapl:::PP0_ENERGY_CNT:PACKAGE0
Found: rapl:::PP0_ENERGY_CNT:PACKAGE1
Found: rapl:::THERMAL_SPEC:PACKAGE0
Found: rapl:::THERMAL_SPEC:PACKAGE1
Found: rapl:::MINIMUM_POWER:PACKAGE0
Found: rapl:::MINIMUM_POWER:PACKAGE1
Found: rapl:::MAXIMUM_POWER:PACKAGE0
Found: rapl:::MAXIMUM_POWER:PACKAGE1
Found: rapl:::MAXIMUM_TIME_WINDOW:PACKAGE0
Found: rapl:::MAXIMUM_TIME_WINDOW:PACKAGE1
Found: rapl:::PACKAGE_ENERGY:PACKAGE0
Found: rapl:::PACKAGE_ENERGY:PACKAGE1
Found: rapl:::DRAM_ENERGY:PACKAGE0
Found: rapl:::DRAM_ENERGY:PACKAGE1
Found: rapl:::PP0_ENERGY:PACKAGE0
Found: rapl:::PP0_ENERGY:PACKAGE1
Starting creation of rooted tree
0.0347 s 0.0000 (* Average Power for rapl:::THERMAL_SPEC_CNT:PACKAGE0 *)
0.0347 s 0.0000 (* Average Power for rapl:::THERMAL_SPEC_CNT:PACKAGE1 *)
0.0347 s 0.0000 (* Average Power for rapl:::MINIMUM_POWER_CNT:PACKAGE0 *)
0.0347 s 0.0000 (* Average Power for rapl:::MINIMUM_POWER_CNT:PACKAGE1 *)
0.0347 s 0.0001 (* Average Power for rapl:::MAXIMUM_POWER_CNT:PACKAGE0 *)
0.0347 s 0.0001 (* Average Power for rapl:::MAXIMUM_POWER_CNT:PACKAGE1 *)
0.0347 s 0.0000 (* Average Power for rapl:::MAXIMUM_TIME_WINDOW_CNT:PACKAGE0 *)
0.0347 s 0.0000 (* Average Power for rapl:::MAXIMUM_TIME_WINDOW_CNT:PACKAGE1 *)
0.0347 s 0.0010 (* Average Power for rapl:::PACKAGE_ENERGY_CNT:PACKAGE0 *)
0.0347 s 0.0015 (* Average Power for rapl:::PACKAGE_ENERGY_CNT:PACKAGE1 *)
0.0347 s 0.0011 (* Average Power for rapl:::DRAM_ENERGY_CNT:PACKAGE0 *)
0.0347 s 0.0012 (* Average Power for rapl:::DRAM_ENERGY_CNT:PACKAGE1 *)
0.0347 s 0.0000 (* Average Power for rapl:::PP0_ENERGY_CNT:PACKAGE0 *)
0.0347 s 0.0000 (* Average Power for rapl:::PP0_ENERGY_CNT:PACKAGE1 *)
0.0347 s 133509984761.0978 (* Average Power for rapl:::THERMAL_SPEC:PACKAGE0 *)
0.0347 s 133509984761.0978 (* Average Power for rapl:::THERMAL_SPEC:PACKAGE1 *)
0.0347 s 133373292375.0830 (* Average Power for rapl:::MINIMUM_POWER:PACKAGE0 *)
0.0347 s 133373292375.0830 (* Average Power for rapl:::MINIMUM_POWER:PACKAGE1 *)
0.0347 s 133639589393.7636 (* Average Power for rapl:::MAXIMUM_POWER:PACKAGE0 *)
0.0347 s 133639589393.7636 (* Average Power for rapl:::MAXIMUM_POWER:PACKAGE1 *)
0.0347 s 131998268225.3938 (* Average Power for rapl:::MAXIMUM_TIME_WINDOW:PACKAGE0 *)
0.0347 s 131998268225.3938 (* Average Power for rapl:::MAXIMUM_TIME_WINDOW:PACKAGE1 *)
0.0347 s 2.0641 (* Total Energy for rapl:::PACKAGE_ENERGY:PACKAGE0 *)
0.0347 s 59.4003 (* Average Power for rapl:::PACKAGE_ENERGY:PACKAGE0 *)
0.0347 s 3.2157 (* Total Energy for rapl:::PACKAGE_ENERGY:PACKAGE1 *)
0.0347 s 92.5414 (* Average Power for rapl:::PACKAGE_ENERGY:PACKAGE1 *)
0.0347 s 16.4652 (* Average Power for rapl:::DRAM_ENERGY:PACKAGE0 *)
0.0347 s 18.6520 (* Average Power for rapl:::DRAM_ENERGY:PACKAGE1 *)
0.0347 s 0.0000 (* Average Power for rapl:::PP0_ENERGY:PACKAGE0 *)
0.0347 s 0.0000 (* Average Power for rapl:::PP0_ENERGY:PACKAGE1 *)
Total Time for Obtaining Degrees of Vertices  0.034689 
==Update Starts =======
root111=0
root=447075
Max height=202
Total Time for Creating Initial Rooted Tree at iter 1 is 1.726556 with Type:1
Found rapl component at cid 2
Found: rapl:::THERMAL_SPEC_CNT:PACKAGE0
Found: rapl:::THERMAL_SPEC_CNT:PACKAGE1
Found: rapl:::MINIMUM_POWER_CNT:PACKAGE0
Found: rapl:::MINIMUM_POWER_CNT:PACKAGE1
Found: rapl:::MAXIMUM_POWER_CNT:PACKAGE0
Found: rapl:::MAXIMUM_POWER_CNT:PACKAGE1
Found: rapl:::MAXIMUM_TIME_WINDOW_CNT:PACKAGE0
Found: rapl:::MAXIMUM_TIME_WINDOW_CNT:PACKAGE1
Found: rapl:::PACKAGE_ENERGY_CNT:PACKAGE0
Found: rapl:::PACKAGE_ENERGY_CNT:PACKAGE1
Found: rapl:::DRAM_ENERGY_CNT:PACKAGE0
Found: rapl:::DRAM_ENERGY_CNT:PACKAGE1
Found: rapl:::PP0_ENERGY_CNT:PACKAGE0
Found: rapl:::PP0_ENERGY_CNT:PACKAGE1
Found: rapl:::THERMAL_SPEC:PACKAGE0
Found: rapl:::THERMAL_SPEC:PACKAGE1
Found: rapl:::MINIMUM_POWER:PACKAGE0
Found: rapl:::MINIMUM_POWER:PACKAGE1
Found: rapl:::MAXIMUM_POWER:PACKAGE0
Found: rapl:::MAXIMUM_POWER:PACKAGE1
Found: rapl:::MAXIMUM_TIME_WINDOW:PACKAGE0
Found: rapl:::MAXIMUM_TIME_WINDOW:PACKAGE1
Found: rapl:::PACKAGE_ENERGY:PACKAGE0
Found: rapl:::PACKAGE_ENERGY:PACKAGE1
Found: rapl:::DRAM_ENERGY:PACKAGE0
Found: rapl:::DRAM_ENERGY:PACKAGE1
Found: rapl:::PP0_ENERGY:PACKAGE0
Found: rapl:::PP0_ENERGY:PACKAGE1
Starting Classify and Insert
Classify 999999 999999  
Time for insertion Flag  0.649381
Deleted Edges: 28836 
Processed Inserts: 236712
 Unprocessed Inserts: 647
 0.6558 s 0.0000 (* Average Power for rapl:::THERMAL_SPEC_CNT:PACKAGE0 *)
0.6558 s 0.0000 (* Average Power for rapl:::THERMAL_SPEC_CNT:PACKAGE1 *)
0.6558 s 0.0000 (* Average Power for rapl:::MINIMUM_POWER_CNT:PACKAGE0 *)
0.6558 s 0.0000 (* Average Power for rapl:::MINIMUM_POWER_CNT:PACKAGE1 *)
0.6558 s 0.0000 (* Average Power for rapl:::MAXIMUM_POWER_CNT:PACKAGE0 *)
0.6558 s 0.0000 (* Average Power for rapl:::MAXIMUM_POWER_CNT:PACKAGE1 *)
0.6558 s 0.0000 (* Average Power for rapl:::MAXIMUM_TIME_WINDOW_CNT:PACKAGE0 *)
0.6558 s 0.0000 (* Average Power for rapl:::MAXIMUM_TIME_WINDOW_CNT:PACKAGE1 *)
0.6558 s 0.0008 (* Average Power for rapl:::PACKAGE_ENERGY_CNT:PACKAGE0 *)
0.6558 s 0.0010 (* Average Power for rapl:::PACKAGE_ENERGY_CNT:PACKAGE1 *)
0.6558 s 0.0009 (* Average Power for rapl:::DRAM_ENERGY_CNT:PACKAGE0 *)
0.6558 s 0.0010 (* Average Power for rapl:::DRAM_ENERGY_CNT:PACKAGE1 *)
0.6558 s 0.0000 (* Average Power for rapl:::PP0_ENERGY_CNT:PACKAGE0 *)
0.6558 s 0.0000 (* Average Power for rapl:::PP0_ENERGY_CNT:PACKAGE1 *)
0.6558 s 7074784320.4008 (* Average Power for rapl:::THERMAL_SPEC:PACKAGE0 *)
0.6558 s 7074784320.4008 (* Average Power for rapl:::THERMAL_SPEC:PACKAGE1 *)
0.6558 s 7067540898.4873 (* Average Power for rapl:::MINIMUM_POWER:PACKAGE0 *)
0.6558 s 7067540898.4873 (* Average Power for rapl:::MINIMUM_POWER:PACKAGE1 *)
0.6558 s 7081652157.4744 (* Average Power for rapl:::MAXIMUM_POWER:PACKAGE0 *)
0.6558 s 7081652157.4744 (* Average Power for rapl:::MAXIMUM_POWER:PACKAGE1 *)
0.6558 s 6994677439.5347 (* Average Power for rapl:::MAXIMUM_TIME_WINDOW:PACKAGE0 *)
0.6558 s 6994677439.5347 (* Average Power for rapl:::MAXIMUM_TIME_WINDOW:PACKAGE1 *)
0.6558 s 32.5812 (* Total Energy for rapl:::PACKAGE_ENERGY:PACKAGE0 *)
0.6558 s 49.6852 (* Average Power for rapl:::PACKAGE_ENERGY:PACKAGE0 *)
0.6558 s 40.7124 (* Total Energy for rapl:::PACKAGE_ENERGY:PACKAGE1 *)
0.6558 s 62.0850 (* Average Power for rapl:::PACKAGE_ENERGY:PACKAGE1 *)
0.6558 s 14.4310 (* Average Power for rapl:::DRAM_ENERGY:PACKAGE0 *)
0.6558 s 15.3953 (* Average Power for rapl:::DRAM_ENERGY:PACKAGE1 *)
0.6558 s 0.0000 (* Average Power for rapl:::PP0_ENERGY:PACKAGE0 *)
0.6558 s 0.0000 (* Average Power for rapl:::PP0_ENERGY:PACKAGE1 *)
Time for Classify and insert  0.655718 
Found rapl component at cid 2
Found: rapl:::THERMAL_SPEC_CNT:PACKAGE0
Found: rapl:::THERMAL_SPEC_CNT:PACKAGE1
Found: rapl:::MINIMUM_POWER_CNT:PACKAGE0
Found: rapl:::MINIMUM_POWER_CNT:PACKAGE1
Found: rapl:::MAXIMUM_POWER_CNT:PACKAGE0
Found: rapl:::MAXIMUM_POWER_CNT:PACKAGE1
Found: rapl:::MAXIMUM_TIME_WINDOW_CNT:PACKAGE0
Found: rapl:::MAXIMUM_TIME_WINDOW_CNT:PACKAGE1
Found: rapl:::PACKAGE_ENERGY_CNT:PACKAGE0
Found: rapl:::PACKAGE_ENERGY_CNT:PACKAGE1
Found: rapl:::DRAM_ENERGY_CNT:PACKAGE0
Found: rapl:::DRAM_ENERGY_CNT:PACKAGE1
Found: rapl:::PP0_ENERGY_CNT:PACKAGE0
Found: rapl:::PP0_ENERGY_CNT:PACKAGE1
Found: rapl:::THERMAL_SPEC:PACKAGE0
Found: rapl:::THERMAL_SPEC:PACKAGE1
Found: rapl:::MINIMUM_POWER:PACKAGE0
Found: rapl:::MINIMUM_POWER:PACKAGE1
Found: rapl:::MAXIMUM_POWER:PACKAGE0
Found: rapl:::MAXIMUM_POWER:PACKAGE1
Found: rapl:::MAXIMUM_TIME_WINDOW:PACKAGE0
Found: rapl:::MAXIMUM_TIME_WINDOW:PACKAGE1
Found: rapl:::PACKAGE_ENERGY:PACKAGE0
Found: rapl:::PACKAGE_ENERGY:PACKAGE1
Found: rapl:::DRAM_ENERGY:PACKAGE0
Found: rapl:::DRAM_ENERGY:PACKAGE1
Found: rapl:::PP0_ENERGY:PACKAGE0
Found: rapl:::PP0_ENERGY:PACKAGE1
Starting process_deletions
done updating maXE 
0.7026 s 0.0000 (* Average Power for rapl:::THERMAL_SPEC_CNT:PACKAGE0 *)
0.7026 s 0.0000 (* Average Power for rapl:::THERMAL_SPEC_CNT:PACKAGE1 *)
0.7026 s 0.0000 (* Average Power for rapl:::MINIMUM_POWER_CNT:PACKAGE0 *)
0.7026 s 0.0000 (* Average Power for rapl:::MINIMUM_POWER_CNT:PACKAGE1 *)
0.7026 s 0.0000 (* Average Power for rapl:::MAXIMUM_POWER_CNT:PACKAGE0 *)
0.7026 s 0.0000 (* Average Power for rapl:::MAXIMUM_POWER_CNT:PACKAGE1 *)
0.7026 s 0.0000 (* Average Power for rapl:::MAXIMUM_TIME_WINDOW_CNT:PACKAGE0 *)
0.7026 s 0.0000 (* Average Power for rapl:::MAXIMUM_TIME_WINDOW_CNT:PACKAGE1 *)
0.7026 s 0.0009 (* Average Power for rapl:::PACKAGE_ENERGY_CNT:PACKAGE0 *)
0.7026 s 0.0011 (* Average Power for rapl:::PACKAGE_ENERGY_CNT:PACKAGE1 *)
0.7026 s 0.0010 (* Average Power for rapl:::DRAM_ENERGY_CNT:PACKAGE0 *)
0.7026 s 0.0010 (* Average Power for rapl:::DRAM_ENERGY_CNT:PACKAGE1 *)
0.7026 s 0.0000 (* Average Power for rapl:::PP0_ENERGY_CNT:PACKAGE0 *)
0.7026 s 0.0000 (* Average Power for rapl:::PP0_ENERGY_CNT:PACKAGE1 *)
0.7026 s 6602835414.1226 (* Average Power for rapl:::THERMAL_SPEC:PACKAGE0 *)
0.7026 s 6602835414.1226 (* Average Power for rapl:::THERMAL_SPEC:PACKAGE1 *)
0.7026 s 6596075190.6919 (* Average Power for rapl:::MINIMUM_POWER:PACKAGE0 *)
0.7026 s 6596075190.6919 (* Average Power for rapl:::MINIMUM_POWER:PACKAGE1 *)
0.7026 s 6609245107.4495 (* Average Power for rapl:::MAXIMUM_POWER:PACKAGE0 *)
0.7026 s 6609245107.4495 (* Average Power for rapl:::MAXIMUM_POWER:PACKAGE1 *)
0.7026 s 6528072350.5516 (* Average Power for rapl:::MAXIMUM_TIME_WINDOW:PACKAGE0 *)
0.7026 s 6528072350.5516 (* Average Power for rapl:::MAXIMUM_TIME_WINDOW:PACKAGE1 *)
0.7026 s 39.8370 (* Total Energy for rapl:::PACKAGE_ENERGY:PACKAGE0 *)
0.7026 s 56.6975 (* Average Power for rapl:::PACKAGE_ENERGY:PACKAGE0 *)
0.7026 s 45.1386 (* Total Energy for rapl:::PACKAGE_ENERGY:PACKAGE1 *)
0.7026 s 64.2430 (* Average Power for rapl:::PACKAGE_ENERGY:PACKAGE1 *)
0.7026 s 14.5490 (* Average Power for rapl:::DRAM_ENERGY:PACKAGE0 *)
0.7026 s 15.6135 (* Average Power for rapl:::DRAM_ENERGY:PACKAGE1 *)
0.7026 s 0.0000 (* Average Power for rapl:::PP0_ENERGY:PACKAGE0 *)
0.7026 s 0.0000 (* Average Power for rapl:::PP0_ENERGY:PACKAGE1 *)
Time for Deletion  0.702600 
Total Time for Updating at Batch 1 is 1.359113 
=======
Total Time for Updating  3.129167 
	Command being timed: "/home/users/norris/research/easy-parallel-graph/autoperf/mst/lib/xpscode/MST_May5/a.out /home/users/norris/research/easy-parallel-graph/experiment/datasets/com-lj-org-weighted.diff /home/users/norris/research/easy-parallel-graph/experiment/datasets/com-lj-org-weighted.cert /home/users/norris/research/easy-parallel-graph/experiment/datasets/com-lj-org-weighted_changed_75i_1000000S 100 4036538 1000000 4 100"
	User time (seconds): 29.75
	System time (seconds): 0.79
	Percent of CPU this job got: 109%
	Elapsed (wall clock) time (h:mm:ss or m:ss): 0:27.89
	Average shared text size (kbytes): 0
	Average unshared data size (kbytes): 0
	Average stack size (kbytes): 0
	Average total size (kbytes): 0
	Maximum resident set size (kbytes): 746040
	Average resident set size (kbytes): 0
	Major (requiring I/O) page faults: 0
	Minor (reclaiming a frame) page faults: 72345
	Voluntary context switches: 534
	Involuntary context switches: 35
	Swaps: 0
	File system inputs: 0
	File system outputs: 32
	Socket messages sent: 0
	Socket messages received: 0
	Signals delivered: 0
	Page size (bytes): 4096
	Exit status: 0
Highest Edge Value 10 --
Time Taken for Initializing Memory 0.079554 
Total Time for Reading Remainder Edges 19.273704 
Total Time for Reading Certificate Network 4.649846 
Total Time for Reading Update List 0.409524 
Found rapl component at cid 2
Found: rapl:::THERMAL_SPEC_CNT:PACKAGE0
Found: rapl:::THERMAL_SPEC_CNT:PACKAGE1
Found: rapl:::MINIMUM_POWER_CNT:PACKAGE0
Found: rapl:::MINIMUM_POWER_CNT:PACKAGE1
Found: rapl:::MAXIMUM_POWER_CNT:PACKAGE0
Found: rapl:::MAXIMUM_POWER_CNT:PACKAGE1
Found: rapl:::MAXIMUM_TIME_WINDOW_CNT:PACKAGE0
Found: rapl:::MAXIMUM_TIME_WINDOW_CNT:PACKAGE1
Found: rapl:::PACKAGE_ENERGY_CNT:PACKAGE0
Found: rapl:::PACKAGE_ENERGY_CNT:PACKAGE1
Found: rapl:::DRAM_ENERGY_CNT:PACKAGE0
Found: rapl:::DRAM_ENERGY_CNT:PACKAGE1
Found: rapl:::PP0_ENERGY_CNT:PACKAGE0
Found: rapl:::PP0_ENERGY_CNT:PACKAGE1
Found: rapl:::THERMAL_SPEC:PACKAGE0
Found: rapl:::THERMAL_SPEC:PACKAGE1
Found: rapl:::MINIMUM_POWER:PACKAGE0
Found: rapl:::MINIMUM_POWER:PACKAGE1
Found: rapl:::MAXIMUM_POWER:PACKAGE0
Found: rapl:::MAXIMUM_POWER:PACKAGE1
Found: rapl:::MAXIMUM_TIME_WINDOW:PACKAGE0
Found: rapl:::MAXIMUM_TIME_WINDOW:PACKAGE1
Found: rapl:::PACKAGE_ENERGY:PACKAGE0
Found: rapl:::PACKAGE_ENERGY:PACKAGE1
Found: rapl:::DRAM_ENERGY:PACKAGE0
Found: rapl:::DRAM_ENERGY:PACKAGE1
Found: rapl:::PP0_ENERGY:PACKAGE0
Found: rapl:::PP0_ENERGY:PACKAGE1
Starting creation of rooted tree
0.0307 s 0.0000 (* Average Power for rapl:::THERMAL_SPEC_CNT:PACKAGE0 *)
0.0307 s 0.0000 (* Average Power for rapl:::THERMAL_SPEC_CNT:PACKAGE1 *)
0.0307 s 0.0000 (* Average Power for rapl:::MINIMUM_POWER_CNT:PACKAGE0 *)
0.0307 s 0.0000 (* Average Power for rapl:::MINIMUM_POWER_CNT:PACKAGE1 *)
0.0307 s 0.0001 (* Average Power for rapl:::MAXIMUM_POWER_CNT:PACKAGE0 *)
0.0307 s 0.0001 (* Average Power for rapl:::MAXIMUM_POWER_CNT:PACKAGE1 *)
0.0307 s 0.0000 (* Average Power for rapl:::MAXIMUM_TIME_WINDOW_CNT:PACKAGE0 *)
0.0307 s 0.0000 (* Average Power for rapl:::MAXIMUM_TIME_WINDOW_CNT:PACKAGE1 *)
0.0307 s 0.0012 (* Average Power for rapl:::PACKAGE_ENERGY_CNT:PACKAGE0 *)
0.0307 s 0.0015 (* Average Power for rapl:::PACKAGE_ENERGY_CNT:PACKAGE1 *)
0.0307 s 0.0011 (* Average Power for rapl:::DRAM_ENERGY_CNT:PACKAGE0 *)
0.0307 s 0.0012 (* Average Power for rapl:::DRAM_ENERGY_CNT:PACKAGE1 *)
0.0307 s 0.0000 (* Average Power for rapl:::PP0_ENERGY_CNT:PACKAGE0 *)
0.0307 s 0.0000 (* Average Power for rapl:::PP0_ENERGY_CNT:PACKAGE1 *)
0.0307 s 150940226680.9830 (* Average Power for rapl:::THERMAL_SPEC:PACKAGE0 *)
0.0307 s 150940226680.9830 (* Average Power for rapl:::THERMAL_SPEC:PACKAGE1 *)
0.0307 s 150785688578.3268 (* Average Power for rapl:::MINIMUM_POWER:PACKAGE0 *)
0.0307 s 150785688578.3268 (* Average Power for rapl:::MINIMUM_POWER:PACKAGE1 *)
0.0307 s 151086751696.8347 (* Average Power for rapl:::MAXIMUM_POWER:PACKAGE0 *)
0.0307 s 151086751696.8347 (* Average Power for rapl:::MAXIMUM_POWER:PACKAGE1 *)
0.0307 s 149231149738.2746 (* Average Power for rapl:::MAXIMUM_TIME_WINDOW:PACKAGE0 *)
0.0307 s 149231149738.2746 (* Average Power for rapl:::MAXIMUM_TIME_WINDOW:PACKAGE1 *)
0.0307 s 2.3435 (* Total Energy for rapl:::PACKAGE_ENERGY:PACKAGE0 *)
0.0307 s 76.2462 (* Average Power for rapl:::PACKAGE_ENERGY:PACKAGE0 *)
0.0307 s 2.8460 (* Total Energy for rapl:::PACKAGE_ENERGY:PACKAGE1 *)
0.0307 s 92.5951 (* Average Power for rapl:::PACKAGE_ENERGY:PACKAGE1 *)
0.0307 s 17.2520 (* Average Power for rapl:::DRAM_ENERGY:PACKAGE0 *)
0.0307 s 18.3963 (* Average Power for rapl:::DRAM_ENERGY:PACKAGE1 *)
0.0307 s 0.0000 (* Average Power for rapl:::PP0_ENERGY:PACKAGE0 *)
0.0307 s 0.0000 (* Average Power for rapl:::PP0_ENERGY:PACKAGE1 *)
Total Time for Obtaining Degrees of Vertices  0.030699 
==Update Starts =======
root111=0
root=447075
Max height=202
Total Time for Creating Initial Rooted Tree at iter 1 is 1.826246 with Type:1
Found rapl component at cid 2
Found: rapl:::THERMAL_SPEC_CNT:PACKAGE0
Found: rapl:::THERMAL_SPEC_CNT:PACKAGE1
Found: rapl:::MINIMUM_POWER_CNT:PACKAGE0
Found: rapl:::MINIMUM_POWER_CNT:PACKAGE1
Found: rapl:::MAXIMUM_POWER_CNT:PACKAGE0
Found: rapl:::MAXIMUM_POWER_CNT:PACKAGE1
Found: rapl:::MAXIMUM_TIME_WINDOW_CNT:PACKAGE0
Found: rapl:::MAXIMUM_TIME_WINDOW_CNT:PACKAGE1
Found: rapl:::PACKAGE_ENERGY_CNT:PACKAGE0
Found: rapl:::PACKAGE_ENERGY_CNT:PACKAGE1
Found: rapl:::DRAM_ENERGY_CNT:PACKAGE0
Found: rapl:::DRAM_ENERGY_CNT:PACKAGE1
Found: rapl:::PP0_ENERGY_CNT:PACKAGE0
Found: rapl:::PP0_ENERGY_CNT:PACKAGE1
Found: rapl:::THERMAL_SPEC:PACKAGE0
Found: rapl:::THERMAL_SPEC:PACKAGE1
Found: rapl:::MINIMUM_POWER:PACKAGE0
Found: rapl:::MINIMUM_POWER:PACKAGE1
Found: rapl:::MAXIMUM_POWER:PACKAGE0
Found: rapl:::MAXIMUM_POWER:PACKAGE1
Found: rapl:::MAXIMUM_TIME_WINDOW:PACKAGE0
Found: rapl:::MAXIMUM_TIME_WINDOW:PACKAGE1
Found: rapl:::PACKAGE_ENERGY:PACKAGE0
Found: rapl:::PACKAGE_ENERGY:PACKAGE1
Found: rapl:::DRAM_ENERGY:PACKAGE0
Found: rapl:::DRAM_ENERGY:PACKAGE1
Found: rapl:::PP0_ENERGY:PACKAGE0
Found: rapl:::PP0_ENERGY:PACKAGE1
Starting Classify and Insert
Classify 999999 999999  
Time for insertion Flag  0.669205
Deleted Edges: 28836 
Processed Inserts: 236765
 Unprocessed Inserts: 614
 0.6756 s 0.0000 (* Average Power for rapl:::THERMAL_SPEC_CNT:PACKAGE0 *)
0.6756 s 0.0000 (* Average Power for rapl:::THERMAL_SPEC_CNT:PACKAGE1 *)
0.6756 s 0.0000 (* Average Power for rapl:::MINIMUM_POWER_CNT:PACKAGE0 *)
0.6756 s 0.0000 (* Average Power for rapl:::MINIMUM_POWER_CNT:PACKAGE1 *)
0.6756 s 0.0000 (* Average Power for rapl:::MAXIMUM_POWER_CNT:PACKAGE0 *)
0.6756 s 0.0000 (* Average Power for rapl:::MAXIMUM_POWER_CNT:PACKAGE1 *)
0.6756 s 0.0000 (* Average Power for rapl:::MAXIMUM_TIME_WINDOW_CNT:PACKAGE0 *)
0.6756 s 0.0000 (* Average Power for rapl:::MAXIMUM_TIME_WINDOW_CNT:PACKAGE1 *)
0.6756 s 0.0009 (* Average Power for rapl:::PACKAGE_ENERGY_CNT:PACKAGE0 *)
0.6756 s 0.0011 (* Average Power for rapl:::PACKAGE_ENERGY_CNT:PACKAGE1 *)
0.6756 s 0.0009 (* Average Power for rapl:::DRAM_ENERGY_CNT:PACKAGE0 *)
0.6756 s 0.0010 (* Average Power for rapl:::DRAM_ENERGY_CNT:PACKAGE1 *)
0.6756 s 0.0000 (* Average Power for rapl:::PP0_ENERGY_CNT:PACKAGE0 *)
0.6756 s 0.0000 (* Average Power for rapl:::PP0_ENERGY_CNT:PACKAGE1 *)
0.6756 s 6867127262.5763 (* Average Power for rapl:::THERMAL_SPEC:PACKAGE0 *)
0.6756 s 6867127262.5763 (* Average Power for rapl:::THERMAL_SPEC:PACKAGE1 *)
0.6756 s 6860096447.5233 (* Average Power for rapl:::MINIMUM_POWER:PACKAGE0 *)
0.6756 s 6860096447.5233 (* Average Power for rapl:::MINIMUM_POWER:PACKAGE1 *)
0.6756 s 6873793516.8488 (* Average Power for rapl:::MAXIMUM_POWER:PACKAGE0 *)
0.6756 s 6873793516.8488 (* Average Power for rapl:::MAXIMUM_POWER:PACKAGE1 *)
0.6756 s 6789371656.1009 (* Average Power for rapl:::MAXIMUM_TIME_WINDOW:PACKAGE0 *)
0.6756 s 6789371656.1009 (* Average Power for rapl:::MAXIMUM_TIME_WINDOW:PACKAGE1 *)
0.6756 s 38.5805 (* Total Energy for rapl:::PACKAGE_ENERGY:PACKAGE0 *)
0.6756 s 57.1071 (* Average Power for rapl:::PACKAGE_ENERGY:PACKAGE0 *)
0.6756 s 44.5756 (* Total Energy for rapl:::PACKAGE_ENERGY:PACKAGE1 *)
0.6756 s 65.9810 (* Average Power for rapl:::PACKAGE_ENERGY:PACKAGE1 *)
0.6756 s 14.4162 (* Average Power for rapl:::DRAM_ENERGY:PACKAGE0 *)
0.6756 s 15.3144 (* Average Power for rapl:::DRAM_ENERGY:PACKAGE1 *)
0.6756 s 0.0000 (* Average Power for rapl:::PP0_ENERGY:PACKAGE0 *)
0.6756 s 0.0000 (* Average Power for rapl:::PP0_ENERGY:PACKAGE1 *)
Time for Classify and insert  0.675526 
Found rapl component at cid 2
Found: rapl:::THERMAL_SPEC_CNT:PACKAGE0
Found: rapl:::THERMAL_SPEC_CNT:PACKAGE1
Found: rapl:::MINIMUM_POWER_CNT:PACKAGE0
Found: rapl:::MINIMUM_POWER_CNT:PACKAGE1
Found: rapl:::MAXIMUM_POWER_CNT:PACKAGE0
Found: rapl:::MAXIMUM_POWER_CNT:PACKAGE1
Found: rapl:::MAXIMUM_TIME_WINDOW_CNT:PACKAGE0
Found: rapl:::MAXIMUM_TIME_WINDOW_CNT:PACKAGE1
Found: rapl:::PACKAGE_ENERGY_CNT:PACKAGE0
Found: rapl:::PACKAGE_ENERGY_CNT:PACKAGE1
Found: rapl:::DRAM_ENERGY_CNT:PACKAGE0
Found: rapl:::DRAM_ENERGY_CNT:PACKAGE1
Found: rapl:::PP0_ENERGY_CNT:PACKAGE0
Found: rapl:::PP0_ENERGY_CNT:PACKAGE1
Found: rapl:::THERMAL_SPEC:PACKAGE0
Found: rapl:::THERMAL_SPEC:PACKAGE1
Found: rapl:::MINIMUM_POWER:PACKAGE0
Found: rapl:::MINIMUM_POWER:PACKAGE1
Found: rapl:::MAXIMUM_POWER:PACKAGE0
Found: rapl:::MAXIMUM_POWER:PACKAGE1
Found: rapl:::MAXIMUM_TIME_WINDOW:PACKAGE0
Found: rapl:::MAXIMUM_TIME_WINDOW:PACKAGE1
Found: rapl:::PACKAGE_ENERGY:PACKAGE0
Found: rapl:::PACKAGE_ENERGY:PACKAGE1
Found: rapl:::DRAM_ENERGY:PACKAGE0
Found: rapl:::DRAM_ENERGY:PACKAGE1
Found: rapl:::PP0_ENERGY:PACKAGE0
Found: rapl:::PP0_ENERGY:PACKAGE1
Starting process_deletions
done updating maXE 
0.6952 s 0.0000 (* Average Power for rapl:::THERMAL_SPEC_CNT:PACKAGE0 *)
0.6952 s 0.0000 (* Average Power for rapl:::THERMAL_SPEC_CNT:PACKAGE1 *)
0.6952 s 0.0000 (* Average Power for rapl:::MINIMUM_POWER_CNT:PACKAGE0 *)
0.6952 s 0.0000 (* Average Power for rapl:::MINIMUM_POWER_CNT:PACKAGE1 *)
0.6952 s 0.0000 (* Average Power for rapl:::MAXIMUM_POWER_CNT:PACKAGE0 *)
0.6952 s 0.0000 (* Average Power for rapl:::MAXIMUM_POWER_CNT:PACKAGE1 *)
0.6952 s 0.0000 (* Average Power for rapl:::MAXIMUM_TIME_WINDOW_CNT:PACKAGE0 *)
0.6952 s 0.0000 (* Average Power for rapl:::MAXIMUM_TIME_WINDOW_CNT:PACKAGE1 *)
0.6952 s 0.0011 (* Average Power for rapl:::PACKAGE_ENERGY_CNT:PACKAGE0 *)
0.6952 s 0.0011 (* Average Power for rapl:::PACKAGE_ENERGY_CNT:PACKAGE1 *)
0.6952 s 0.0010 (* Average Power for rapl:::DRAM_ENERGY_CNT:PACKAGE0 *)
0.6952 s 0.0010 (* Average Power for rapl:::DRAM_ENERGY_CNT:PACKAGE1 *)
0.6952 s 0.0000 (* Average Power for rapl:::PP0_ENERGY_CNT:PACKAGE0 *)
0.6952 s 0.0000 (* Average Power for rapl:::PP0_ENERGY_CNT:PACKAGE1 *)
0.6952 s 6673340704.6767 (* Average Power for rapl:::THERMAL_SPEC:PACKAGE0 *)
0.6952 s 6673340704.6767 (* Average Power for rapl:::THERMAL_SPEC:PACKAGE1 *)
0.6952 s 6666508295.3611 (* Average Power for rapl:::MINIMUM_POWER:PACKAGE0 *)
0.6952 s 6666508295.3611 (* Average Power for rapl:::MINIMUM_POWER:PACKAGE1 *)
0.6952 s 6679818840.9167 (* Average Power for rapl:::MAXIMUM_POWER:PACKAGE0 *)
0.6952 s 6679818840.9167 (* Average Power for rapl:::MAXIMUM_POWER:PACKAGE1 *)
0.6952 s 6597779318.6897 (* Average Power for rapl:::MAXIMUM_TIME_WINDOW:PACKAGE0 *)
0.6952 s 6597779318.6897 (* Average Power for rapl:::MAXIMUM_TIME_WINDOW:PACKAGE1 *)
0.6952 s 45.3707 (* Total Energy for rapl:::PACKAGE_ENERGY:PACKAGE0 *)
0.6952 s 65.2628 (* Average Power for rapl:::PACKAGE_ENERGY:PACKAGE0 *)
0.6952 s 45.9772 (* Total Energy for rapl:::PACKAGE_ENERGY:PACKAGE1 *)
0.6952 s 66.1353 (* Average Power for rapl:::PACKAGE_ENERGY:PACKAGE1 *)
0.6952 s 14.6080 (* Average Power for rapl:::DRAM_ENERGY:PACKAGE0 *)
0.6952 s 15.5250 (* Average Power for rapl:::DRAM_ENERGY:PACKAGE1 *)
0.6952 s 0.0000 (* Average Power for rapl:::PP0_ENERGY:PACKAGE0 *)
0.6952 s 0.0000 (* Average Power for rapl:::PP0_ENERGY:PACKAGE1 *)
Time for Deletion  0.695175 
Total Time for Updating at Batch 1 is 1.371685 
=======
Total Time for Updating  3.248352 
	Command being timed: "/home/users/norris/research/easy-parallel-graph/autoperf/mst/lib/xpscode/MST_May5/a.out /home/users/norris/research/easy-parallel-graph/experiment/datasets/com-lj-org-weighted.diff /home/users/norris/research/easy-parallel-graph/experiment/datasets/com-lj-org-weighted.cert /home/users/norris/research/easy-parallel-graph/experiment/datasets/com-lj-org-weighted_changed_75i_1000000S 100 4036538 1000000 4 100"
	User time (seconds): 29.98
	System time (seconds): 0.68
	Percent of CPU this job got: 109%
	Elapsed (wall clock) time (h:mm:ss or m:ss): 0:28.08
	Average shared text size (kbytes): 0
	Average unshared data size (kbytes): 0
	Average stack size (kbytes): 0
	Average total size (kbytes): 0
	Maximum resident set size (kbytes): 744896
	Average resident set size (kbytes): 0
	Major (requiring I/O) page faults: 0
	Minor (reclaiming a frame) page faults: 73857
	Voluntary context switches: 1008
	Involuntary context switches: 45
	Swaps: 0
	File system inputs: 0
	File system outputs: 32
	Socket messages sent: 0
	Socket messages received: 0
	Signals delivered: 0
	Page size (bytes): 4096
	Exit status: 0
