Highest Edge Value 10 --
Time Taken for Initializing Memory 0.078047 
Total Time for Reading Remainder Edges 19.231914 
Total Time for Reading Certificate Network 4.760576 
Total Time for Reading Update List 0.685511 
Found rapl component at cid 2
Found: rapl:::THERMAL_SPEC_CNT:PACKAGE0
Found: rapl:::THERMAL_SPEC_CNT:PACKAGE1
Found: rapl:::MINIMUM_POWER_CNT:PACKAGE0
Found: rapl:::MINIMUM_POWER_CNT:PACKAGE1
Found: rapl:::MAXIMUM_POWER_CNT:PACKAGE0
Found: rapl:::MAXIMUM_POWER_CNT:PACKAGE1
Found: rapl:::MAXIMUM_TIME_WINDOW_CNT:PACKAGE0
Found: rapl:::MAXIMUM_TIME_WINDOW_CNT:PACKAGE1
Found: rapl:::PACKAGE_ENERGY_CNT:PACKAGE0
Found: rapl:::PACKAGE_ENERGY_CNT:PACKAGE1
Found: rapl:::DRAM_ENERGY_CNT:PACKAGE0
Found: rapl:::DRAM_ENERGY_CNT:PACKAGE1
Found: rapl:::PP0_ENERGY_CNT:PACKAGE0
Found: rapl:::PP0_ENERGY_CNT:PACKAGE1
Found: rapl:::THERMAL_SPEC:PACKAGE0
Found: rapl:::THERMAL_SPEC:PACKAGE1
Found: rapl:::MINIMUM_POWER:PACKAGE0
Found: rapl:::MINIMUM_POWER:PACKAGE1
Found: rapl:::MAXIMUM_POWER:PACKAGE0
Found: rapl:::MAXIMUM_POWER:PACKAGE1
Found: rapl:::MAXIMUM_TIME_WINDOW:PACKAGE0
Found: rapl:::MAXIMUM_TIME_WINDOW:PACKAGE1
Found: rapl:::PACKAGE_ENERGY:PACKAGE0
Found: rapl:::PACKAGE_ENERGY:PACKAGE1
Found: rapl:::DRAM_ENERGY:PACKAGE0
Found: rapl:::DRAM_ENERGY:PACKAGE1
Found: rapl:::PP0_ENERGY:PACKAGE0
Found: rapl:::PP0_ENERGY:PACKAGE1
Starting creation of rooted tree
0.0285 s 0.0000 (* Average Power for rapl:::THERMAL_SPEC_CNT:PACKAGE0 *)
0.0285 s 0.0000 (* Average Power for rapl:::THERMAL_SPEC_CNT:PACKAGE1 *)
0.0285 s 0.0000 (* Average Power for rapl:::MINIMUM_POWER_CNT:PACKAGE0 *)
0.0285 s 0.0000 (* Average Power for rapl:::MINIMUM_POWER_CNT:PACKAGE1 *)
0.0285 s 0.0001 (* Average Power for rapl:::MAXIMUM_POWER_CNT:PACKAGE0 *)
0.0285 s 0.0001 (* Average Power for rapl:::MAXIMUM_POWER_CNT:PACKAGE1 *)
0.0285 s 0.0000 (* Average Power for rapl:::MAXIMUM_TIME_WINDOW_CNT:PACKAGE0 *)
0.0285 s 0.0000 (* Average Power for rapl:::MAXIMUM_TIME_WINDOW_CNT:PACKAGE1 *)
0.0285 s 0.0013 (* Average Power for rapl:::PACKAGE_ENERGY_CNT:PACKAGE0 *)
0.0285 s 0.0015 (* Average Power for rapl:::PACKAGE_ENERGY_CNT:PACKAGE1 *)
0.0285 s 0.0011 (* Average Power for rapl:::DRAM_ENERGY_CNT:PACKAGE0 *)
0.0285 s 0.0013 (* Average Power for rapl:::DRAM_ENERGY_CNT:PACKAGE1 *)
0.0285 s 0.0000 (* Average Power for rapl:::PP0_ENERGY_CNT:PACKAGE0 *)
0.0285 s 0.0000 (* Average Power for rapl:::PP0_ENERGY_CNT:PACKAGE1 *)
0.0285 s 162682508277.5226 (* Average Power for rapl:::THERMAL_SPEC:PACKAGE0 *)
0.0285 s 162682508277.5226 (* Average Power for rapl:::THERMAL_SPEC:PACKAGE1 *)
0.0285 s 162515947999.2099 (* Average Power for rapl:::MINIMUM_POWER:PACKAGE0 *)
0.0285 s 162515947999.2099 (* Average Power for rapl:::MINIMUM_POWER:PACKAGE1 *)
0.0285 s 162840432096.9597 (* Average Power for rapl:::MAXIMUM_POWER:PACKAGE0 *)
0.0285 s 162840432096.9597 (* Average Power for rapl:::MAXIMUM_POWER:PACKAGE1 *)
0.0285 s 160840474977.3690 (* Average Power for rapl:::MAXIMUM_TIME_WINDOW:PACKAGE0 *)
0.0285 s 160840474977.3690 (* Average Power for rapl:::MAXIMUM_TIME_WINDOW:PACKAGE1 *)
0.0285 s 2.1765 (* Total Energy for rapl:::PACKAGE_ENERGY:PACKAGE0 *)
0.0285 s 76.3219 (* Average Power for rapl:::PACKAGE_ENERGY:PACKAGE0 *)
0.0285 s 2.6877 (* Total Energy for rapl:::PACKAGE_ENERGY:PACKAGE1 *)
0.0285 s 94.2488 (* Average Power for rapl:::PACKAGE_ENERGY:PACKAGE1 *)
0.0285 s 16.0563 (* Average Power for rapl:::DRAM_ENERGY:PACKAGE0 *)
0.0285 s 19.1409 (* Average Power for rapl:::DRAM_ENERGY:PACKAGE1 *)
0.0285 s 0.0000 (* Average Power for rapl:::PP0_ENERGY:PACKAGE0 *)
0.0285 s 0.0000 (* Average Power for rapl:::PP0_ENERGY:PACKAGE1 *)
Total Time for Obtaining Degrees of Vertices  0.028476 
==Update Starts =======
root111=0
root=447075
Max height=202
Total Time for Creating Initial Rooted Tree at iter 1 is 1.831284 with Type:1
Found rapl component at cid 2
Found: rapl:::THERMAL_SPEC_CNT:PACKAGE0
Found: rapl:::THERMAL_SPEC_CNT:PACKAGE1
Found: rapl:::MINIMUM_POWER_CNT:PACKAGE0
Found: rapl:::MINIMUM_POWER_CNT:PACKAGE1
Found: rapl:::MAXIMUM_POWER_CNT:PACKAGE0
Found: rapl:::MAXIMUM_POWER_CNT:PACKAGE1
Found: rapl:::MAXIMUM_TIME_WINDOW_CNT:PACKAGE0
Found: rapl:::MAXIMUM_TIME_WINDOW_CNT:PACKAGE1
Found: rapl:::PACKAGE_ENERGY_CNT:PACKAGE0
Found: rapl:::PACKAGE_ENERGY_CNT:PACKAGE1
Found: rapl:::DRAM_ENERGY_CNT:PACKAGE0
Found: rapl:::DRAM_ENERGY_CNT:PACKAGE1
Found: rapl:::PP0_ENERGY_CNT:PACKAGE0
Found: rapl:::PP0_ENERGY_CNT:PACKAGE1
Found: rapl:::THERMAL_SPEC:PACKAGE0
Found: rapl:::THERMAL_SPEC:PACKAGE1
Found: rapl:::MINIMUM_POWER:PACKAGE0
Found: rapl:::MINIMUM_POWER:PACKAGE1
Found: rapl:::MAXIMUM_POWER:PACKAGE0
Found: rapl:::MAXIMUM_POWER:PACKAGE1
Found: rapl:::MAXIMUM_TIME_WINDOW:PACKAGE0
Found: rapl:::MAXIMUM_TIME_WINDOW:PACKAGE1
Found: rapl:::PACKAGE_ENERGY:PACKAGE0
Found: rapl:::PACKAGE_ENERGY:PACKAGE1
Found: rapl:::DRAM_ENERGY:PACKAGE0
Found: rapl:::DRAM_ENERGY:PACKAGE1
Found: rapl:::PP0_ENERGY:PACKAGE0
Found: rapl:::PP0_ENERGY:PACKAGE1
Starting Classify and Insert
Classify 999999 999999  
Time for insertion Flag  0.702737
Deleted Edges: 28836 
Processed Inserts: 236757
 Unprocessed Inserts: 590
 0.7088 s 0.0000 (* Average Power for rapl:::THERMAL_SPEC_CNT:PACKAGE0 *)
0.7088 s 0.0000 (* Average Power for rapl:::THERMAL_SPEC_CNT:PACKAGE1 *)
0.7088 s 0.0000 (* Average Power for rapl:::MINIMUM_POWER_CNT:PACKAGE0 *)
0.7088 s 0.0000 (* Average Power for rapl:::MINIMUM_POWER_CNT:PACKAGE1 *)
0.7088 s 0.0000 (* Average Power for rapl:::MAXIMUM_POWER_CNT:PACKAGE0 *)
0.7088 s 0.0000 (* Average Power for rapl:::MAXIMUM_POWER_CNT:PACKAGE1 *)
0.7088 s 0.0000 (* Average Power for rapl:::MAXIMUM_TIME_WINDOW_CNT:PACKAGE0 *)
0.7088 s 0.0000 (* Average Power for rapl:::MAXIMUM_TIME_WINDOW_CNT:PACKAGE1 *)
0.7088 s 0.0007 (* Average Power for rapl:::PACKAGE_ENERGY_CNT:PACKAGE0 *)
0.7088 s 0.0011 (* Average Power for rapl:::PACKAGE_ENERGY_CNT:PACKAGE1 *)
0.7088 s 0.0009 (* Average Power for rapl:::DRAM_ENERGY_CNT:PACKAGE0 *)
0.7088 s 0.0010 (* Average Power for rapl:::DRAM_ENERGY_CNT:PACKAGE1 *)
0.7088 s 0.0000 (* Average Power for rapl:::PP0_ENERGY_CNT:PACKAGE0 *)
0.7088 s 0.0000 (* Average Power for rapl:::PP0_ENERGY_CNT:PACKAGE1 *)
0.7088 s 6545049948.4715 (* Average Power for rapl:::THERMAL_SPEC:PACKAGE0 *)
0.7088 s 6545049948.4715 (* Average Power for rapl:::THERMAL_SPEC:PACKAGE1 *)
0.7088 s 6538348887.9055 (* Average Power for rapl:::MINIMUM_POWER:PACKAGE0 *)
0.7088 s 6538348887.9055 (* Average Power for rapl:::MINIMUM_POWER:PACKAGE1 *)
0.7088 s 6551403546.6377 (* Average Power for rapl:::MAXIMUM_POWER:PACKAGE0 *)
0.7088 s 6551403546.6377 (* Average Power for rapl:::MAXIMUM_POWER:PACKAGE1 *)
0.7088 s 6470941182.3607 (* Average Power for rapl:::MAXIMUM_TIME_WINDOW:PACKAGE0 *)
0.7088 s 6470941182.3607 (* Average Power for rapl:::MAXIMUM_TIME_WINDOW:PACKAGE1 *)
0.7088 s 28.1395 (* Total Energy for rapl:::PACKAGE_ENERGY:PACKAGE0 *)
0.7088 s 39.6987 (* Average Power for rapl:::PACKAGE_ENERGY:PACKAGE0 *)
0.7088 s 45.6195 (* Total Energy for rapl:::PACKAGE_ENERGY:PACKAGE1 *)
0.7088 s 64.3592 (* Average Power for rapl:::PACKAGE_ENERGY:PACKAGE1 *)
0.7088 s 14.4447 (* Average Power for rapl:::DRAM_ENERGY:PACKAGE0 *)
0.7088 s 15.3789 (* Average Power for rapl:::DRAM_ENERGY:PACKAGE1 *)
0.7088 s 0.0000 (* Average Power for rapl:::PP0_ENERGY:PACKAGE0 *)
0.7088 s 0.0000 (* Average Power for rapl:::PP0_ENERGY:PACKAGE1 *)
Time for Classify and insert  0.708761 
Found rapl component at cid 2
Found: rapl:::THERMAL_SPEC_CNT:PACKAGE0
Found: rapl:::THERMAL_SPEC_CNT:PACKAGE1
Found: rapl:::MINIMUM_POWER_CNT:PACKAGE0
Found: rapl:::MINIMUM_POWER_CNT:PACKAGE1
Found: rapl:::MAXIMUM_POWER_CNT:PACKAGE0
Found: rapl:::MAXIMUM_POWER_CNT:PACKAGE1
Found: rapl:::MAXIMUM_TIME_WINDOW_CNT:PACKAGE0
Found: rapl:::MAXIMUM_TIME_WINDOW_CNT:PACKAGE1
Found: rapl:::PACKAGE_ENERGY_CNT:PACKAGE0
Found: rapl:::PACKAGE_ENERGY_CNT:PACKAGE1
Found: rapl:::DRAM_ENERGY_CNT:PACKAGE0
Found: rapl:::DRAM_ENERGY_CNT:PACKAGE1
Found: rapl:::PP0_ENERGY_CNT:PACKAGE0
Found: rapl:::PP0_ENERGY_CNT:PACKAGE1
Found: rapl:::THERMAL_SPEC:PACKAGE0
Found: rapl:::THERMAL_SPEC:PACKAGE1
Found: rapl:::MINIMUM_POWER:PACKAGE0
Found: rapl:::MINIMUM_POWER:PACKAGE1
Found: rapl:::MAXIMUM_POWER:PACKAGE0
Found: rapl:::MAXIMUM_POWER:PACKAGE1
Found: rapl:::MAXIMUM_TIME_WINDOW:PACKAGE0
Found: rapl:::MAXIMUM_TIME_WINDOW:PACKAGE1
Found: rapl:::PACKAGE_ENERGY:PACKAGE0
Found: rapl:::PACKAGE_ENERGY:PACKAGE1
Found: rapl:::DRAM_ENERGY:PACKAGE0
Found: rapl:::DRAM_ENERGY:PACKAGE1
Found: rapl:::PP0_ENERGY:PACKAGE0
Found: rapl:::PP0_ENERGY:PACKAGE1
Starting process_deletions
done updating maXE 
0.6083 s 0.0000 (* Average Power for rapl:::THERMAL_SPEC_CNT:PACKAGE0 *)
0.6083 s 0.0000 (* Average Power for rapl:::THERMAL_SPEC_CNT:PACKAGE1 *)
0.6083 s 0.0000 (* Average Power for rapl:::MINIMUM_POWER_CNT:PACKAGE0 *)
0.6083 s 0.0000 (* Average Power for rapl:::MINIMUM_POWER_CNT:PACKAGE1 *)
0.6083 s 0.0000 (* Average Power for rapl:::MAXIMUM_POWER_CNT:PACKAGE0 *)
0.6083 s 0.0000 (* Average Power for rapl:::MAXIMUM_POWER_CNT:PACKAGE1 *)
0.6083 s 0.0000 (* Average Power for rapl:::MAXIMUM_TIME_WINDOW_CNT:PACKAGE0 *)
0.6083 s 0.0000 (* Average Power for rapl:::MAXIMUM_TIME_WINDOW_CNT:PACKAGE1 *)
0.6083 s 0.0012 (* Average Power for rapl:::PACKAGE_ENERGY_CNT:PACKAGE0 *)
0.6083 s 0.0013 (* Average Power for rapl:::PACKAGE_ENERGY_CNT:PACKAGE1 *)
0.6083 s 0.0010 (* Average Power for rapl:::DRAM_ENERGY_CNT:PACKAGE0 *)
0.6083 s 0.0010 (* Average Power for rapl:::DRAM_ENERGY_CNT:PACKAGE1 *)
0.6083 s 0.0000 (* Average Power for rapl:::PP0_ENERGY_CNT:PACKAGE0 *)
0.6083 s 0.0000 (* Average Power for rapl:::PP0_ENERGY_CNT:PACKAGE1 *)
0.6083 s 7626117721.8121 (* Average Power for rapl:::THERMAL_SPEC:PACKAGE0 *)
0.6083 s 7626117721.8121 (* Average Power for rapl:::THERMAL_SPEC:PACKAGE1 *)
0.6083 s 7618309824.6777 (* Average Power for rapl:::MINIMUM_POWER:PACKAGE0 *)
0.6083 s 7618309824.6777 (* Average Power for rapl:::MINIMUM_POWER:PACKAGE1 *)
0.6083 s 7633520765.0209 (* Average Power for rapl:::MAXIMUM_POWER:PACKAGE0 *)
0.6083 s 7633520765.0209 (* Average Power for rapl:::MAXIMUM_POWER:PACKAGE1 *)
0.6083 s 7539768163.1336 (* Average Power for rapl:::MAXIMUM_TIME_WINDOW:PACKAGE0 *)
0.6083 s 7539768163.1336 (* Average Power for rapl:::MAXIMUM_TIME_WINDOW:PACKAGE1 *)
0.6083 s 44.7009 (* Total Energy for rapl:::PACKAGE_ENERGY:PACKAGE0 *)
0.6083 s 73.4795 (* Average Power for rapl:::PACKAGE_ENERGY:PACKAGE0 *)
0.6083 s 48.4811 (* Total Energy for rapl:::PACKAGE_ENERGY:PACKAGE1 *)
0.6083 s 79.6935 (* Average Power for rapl:::PACKAGE_ENERGY:PACKAGE1 *)
0.6083 s 14.6441 (* Average Power for rapl:::DRAM_ENERGY:PACKAGE0 *)
0.6083 s 15.7524 (* Average Power for rapl:::DRAM_ENERGY:PACKAGE1 *)
0.6083 s 0.0000 (* Average Power for rapl:::PP0_ENERGY:PACKAGE0 *)
0.6083 s 0.0000 (* Average Power for rapl:::PP0_ENERGY:PACKAGE1 *)
Time for Deletion  0.608310 
Total Time for Updating at Batch 1 is 1.318062 
=======
Total Time for Updating  3.189100 
	Command being timed: "/home/users/norris/research/easy-parallel-graph/autoperf/mst/lib/xpscode/MST_May5/a.out /home/users/norris/research/easy-parallel-graph/experiment/datasets/com-lj-org-weighted.diff /home/users/norris/research/easy-parallel-graph/experiment/datasets/com-lj-org-weighted.cert /home/users/norris/research/easy-parallel-graph/experiment/datasets/com-lj-org-weighted_changed_75i_1000000S 100 4036538 1000000 16 100"
	User time (seconds): 39.33
	System time (seconds): 0.81
	Percent of CPU this job got: 141%
	Elapsed (wall clock) time (h:mm:ss or m:ss): 0:28.34
	Average shared text size (kbytes): 0
	Average unshared data size (kbytes): 0
	Average stack size (kbytes): 0
	Average total size (kbytes): 0
	Maximum resident set size (kbytes): 742812
	Average resident set size (kbytes): 0
	Major (requiring I/O) page faults: 0
	Minor (reclaiming a frame) page faults: 71447
	Voluntary context switches: 491
	Involuntary context switches: 54
	Swaps: 0
	File system inputs: 0
	File system outputs: 24
	Socket messages sent: 0
	Socket messages received: 0
	Signals delivered: 0
	Page size (bytes): 4096
	Exit status: 0
Highest Edge Value 10 --
Time Taken for Initializing Memory 0.093768 
Total Time for Reading Remainder Edges 19.230491 
Total Time for Reading Certificate Network 4.649678 
Total Time for Reading Update List 0.410058 
Found rapl component at cid 2
Found: rapl:::THERMAL_SPEC_CNT:PACKAGE0
Found: rapl:::THERMAL_SPEC_CNT:PACKAGE1
Found: rapl:::MINIMUM_POWER_CNT:PACKAGE0
Found: rapl:::MINIMUM_POWER_CNT:PACKAGE1
Found: rapl:::MAXIMUM_POWER_CNT:PACKAGE0
Found: rapl:::MAXIMUM_POWER_CNT:PACKAGE1
Found: rapl:::MAXIMUM_TIME_WINDOW_CNT:PACKAGE0
Found: rapl:::MAXIMUM_TIME_WINDOW_CNT:PACKAGE1
Found: rapl:::PACKAGE_ENERGY_CNT:PACKAGE0
Found: rapl:::PACKAGE_ENERGY_CNT:PACKAGE1
Found: rapl:::DRAM_ENERGY_CNT:PACKAGE0
Found: rapl:::DRAM_ENERGY_CNT:PACKAGE1
Found: rapl:::PP0_ENERGY_CNT:PACKAGE0
Found: rapl:::PP0_ENERGY_CNT:PACKAGE1
Found: rapl:::THERMAL_SPEC:PACKAGE0
Found: rapl:::THERMAL_SPEC:PACKAGE1
Found: rapl:::MINIMUM_POWER:PACKAGE0
Found: rapl:::MINIMUM_POWER:PACKAGE1
Found: rapl:::MAXIMUM_POWER:PACKAGE0
Found: rapl:::MAXIMUM_POWER:PACKAGE1
Found: rapl:::MAXIMUM_TIME_WINDOW:PACKAGE0
Found: rapl:::MAXIMUM_TIME_WINDOW:PACKAGE1
Found: rapl:::PACKAGE_ENERGY:PACKAGE0
Found: rapl:::PACKAGE_ENERGY:PACKAGE1
Found: rapl:::DRAM_ENERGY:PACKAGE0
Found: rapl:::DRAM_ENERGY:PACKAGE1
Found: rapl:::PP0_ENERGY:PACKAGE0
Found: rapl:::PP0_ENERGY:PACKAGE1
Starting creation of rooted tree
0.0260 s 0.0000 (* Average Power for rapl:::THERMAL_SPEC_CNT:PACKAGE0 *)
0.0260 s 0.0000 (* Average Power for rapl:::THERMAL_SPEC_CNT:PACKAGE1 *)
0.0260 s 0.0000 (* Average Power for rapl:::MINIMUM_POWER_CNT:PACKAGE0 *)
0.0260 s 0.0000 (* Average Power for rapl:::MINIMUM_POWER_CNT:PACKAGE1 *)
0.0260 s 0.0001 (* Average Power for rapl:::MAXIMUM_POWER_CNT:PACKAGE0 *)
0.0260 s 0.0001 (* Average Power for rapl:::MAXIMUM_POWER_CNT:PACKAGE1 *)
0.0260 s 0.0000 (* Average Power for rapl:::MAXIMUM_TIME_WINDOW_CNT:PACKAGE0 *)
0.0260 s 0.0000 (* Average Power for rapl:::MAXIMUM_TIME_WINDOW_CNT:PACKAGE1 *)
0.0260 s 0.0008 (* Average Power for rapl:::PACKAGE_ENERGY_CNT:PACKAGE0 *)
0.0260 s 0.0016 (* Average Power for rapl:::PACKAGE_ENERGY_CNT:PACKAGE1 *)
0.0260 s 0.0010 (* Average Power for rapl:::DRAM_ENERGY_CNT:PACKAGE0 *)
0.0260 s 0.0013 (* Average Power for rapl:::DRAM_ENERGY_CNT:PACKAGE1 *)
0.0260 s 0.0000 (* Average Power for rapl:::PP0_ENERGY_CNT:PACKAGE0 *)
0.0260 s 0.0000 (* Average Power for rapl:::PP0_ENERGY_CNT:PACKAGE1 *)
0.0260 s 178260114221.7805 (* Average Power for rapl:::THERMAL_SPEC:PACKAGE0 *)
0.0260 s 178260114221.7805 (* Average Power for rapl:::THERMAL_SPEC:PACKAGE1 *)
0.0260 s 178077605023.0277 (* Average Power for rapl:::MINIMUM_POWER:PACKAGE0 *)
0.0260 s 178077605023.0277 (* Average Power for rapl:::MINIMUM_POWER:PACKAGE1 *)
0.0260 s 178433159980.5979 (* Average Power for rapl:::MAXIMUM_POWER:PACKAGE0 *)
0.0260 s 178433159980.5979 (* Average Power for rapl:::MAXIMUM_POWER:PACKAGE1 *)
0.0260 s 176241697675.5742 (* Average Power for rapl:::MAXIMUM_TIME_WINDOW:PACKAGE0 *)
0.0260 s 176241697675.5742 (* Average Power for rapl:::MAXIMUM_TIME_WINDOW:PACKAGE1 *)
0.0260 s 1.2844 (* Total Energy for rapl:::PACKAGE_ENERGY:PACKAGE0 *)
0.0260 s 49.3502 (* Average Power for rapl:::PACKAGE_ENERGY:PACKAGE0 *)
0.0260 s 2.5400 (* Total Energy for rapl:::PACKAGE_ENERGY:PACKAGE1 *)
0.0260 s 97.5981 (* Average Power for rapl:::PACKAGE_ENERGY:PACKAGE1 *)
0.0260 s 15.0076 (* Average Power for rapl:::DRAM_ENERGY:PACKAGE0 *)
0.0260 s 19.6523 (* Average Power for rapl:::DRAM_ENERGY:PACKAGE1 *)
0.0260 s 0.0000 (* Average Power for rapl:::PP0_ENERGY:PACKAGE0 *)
0.0260 s 0.0000 (* Average Power for rapl:::PP0_ENERGY:PACKAGE1 *)
Total Time for Obtaining Degrees of Vertices  0.025993 
==Update Starts =======
root111=0
root=447075
Max height=202
Total Time for Creating Initial Rooted Tree at iter 1 is 1.660285 with Type:1
Found rapl component at cid 2
Found: rapl:::THERMAL_SPEC_CNT:PACKAGE0
Found: rapl:::THERMAL_SPEC_CNT:PACKAGE1
Found: rapl:::MINIMUM_POWER_CNT:PACKAGE0
Found: rapl:::MINIMUM_POWER_CNT:PACKAGE1
Found: rapl:::MAXIMUM_POWER_CNT:PACKAGE0
Found: rapl:::MAXIMUM_POWER_CNT:PACKAGE1
Found: rapl:::MAXIMUM_TIME_WINDOW_CNT:PACKAGE0
Found: rapl:::MAXIMUM_TIME_WINDOW_CNT:PACKAGE1
Found: rapl:::PACKAGE_ENERGY_CNT:PACKAGE0
Found: rapl:::PACKAGE_ENERGY_CNT:PACKAGE1
Found: rapl:::DRAM_ENERGY_CNT:PACKAGE0
Found: rapl:::DRAM_ENERGY_CNT:PACKAGE1
Found: rapl:::PP0_ENERGY_CNT:PACKAGE0
Found: rapl:::PP0_ENERGY_CNT:PACKAGE1
Found: rapl:::THERMAL_SPEC:PACKAGE0
Found: rapl:::THERMAL_SPEC:PACKAGE1
Found: rapl:::MINIMUM_POWER:PACKAGE0
Found: rapl:::MINIMUM_POWER:PACKAGE1
Found: rapl:::MAXIMUM_POWER:PACKAGE0
Found: rapl:::MAXIMUM_POWER:PACKAGE1
Found: rapl:::MAXIMUM_TIME_WINDOW:PACKAGE0
Found: rapl:::MAXIMUM_TIME_WINDOW:PACKAGE1
Found: rapl:::PACKAGE_ENERGY:PACKAGE0
Found: rapl:::PACKAGE_ENERGY:PACKAGE1
Found: rapl:::DRAM_ENERGY:PACKAGE0
Found: rapl:::DRAM_ENERGY:PACKAGE1
Found: rapl:::PP0_ENERGY:PACKAGE0
Found: rapl:::PP0_ENERGY:PACKAGE1
Starting Classify and Insert
Classify 999999 999999  
Time for insertion Flag  0.687050
Deleted Edges: 28836 
Processed Inserts: 236772
 Unprocessed Inserts: 600
 0.6935 s 0.0000 (* Average Power for rapl:::THERMAL_SPEC_CNT:PACKAGE0 *)
0.6935 s 0.0000 (* Average Power for rapl:::THERMAL_SPEC_CNT:PACKAGE1 *)
0.6935 s 0.0000 (* Average Power for rapl:::MINIMUM_POWER_CNT:PACKAGE0 *)
0.6935 s 0.0000 (* Average Power for rapl:::MINIMUM_POWER_CNT:PACKAGE1 *)
0.6935 s 0.0000 (* Average Power for rapl:::MAXIMUM_POWER_CNT:PACKAGE0 *)
0.6935 s 0.0000 (* Average Power for rapl:::MAXIMUM_POWER_CNT:PACKAGE1 *)
0.6935 s 0.0000 (* Average Power for rapl:::MAXIMUM_TIME_WINDOW_CNT:PACKAGE0 *)
0.6935 s 0.0000 (* Average Power for rapl:::MAXIMUM_TIME_WINDOW_CNT:PACKAGE1 *)
0.6935 s 0.0009 (* Average Power for rapl:::PACKAGE_ENERGY_CNT:PACKAGE0 *)
0.6935 s 0.0013 (* Average Power for rapl:::PACKAGE_ENERGY_CNT:PACKAGE1 *)
0.6935 s 0.0009 (* Average Power for rapl:::DRAM_ENERGY_CNT:PACKAGE0 *)
0.6935 s 0.0010 (* Average Power for rapl:::DRAM_ENERGY_CNT:PACKAGE1 *)
0.6935 s 0.0000 (* Average Power for rapl:::PP0_ENERGY_CNT:PACKAGE0 *)
0.6935 s 0.0000 (* Average Power for rapl:::PP0_ENERGY_CNT:PACKAGE1 *)
0.6935 s 6689612216.9957 (* Average Power for rapl:::THERMAL_SPEC:PACKAGE0 *)
0.6935 s 6689612216.9957 (* Average Power for rapl:::THERMAL_SPEC:PACKAGE1 *)
0.6935 s 6682763148.3130 (* Average Power for rapl:::MINIMUM_POWER:PACKAGE0 *)
0.6935 s 6682763148.3130 (* Average Power for rapl:::MINIMUM_POWER:PACKAGE1 *)
0.6935 s 6696106148.7838 (* Average Power for rapl:::MAXIMUM_POWER:PACKAGE0 *)
0.6935 s 6696106148.7838 (* Average Power for rapl:::MAXIMUM_POWER:PACKAGE1 *)
0.6935 s 6613866590.7493 (* Average Power for rapl:::MAXIMUM_TIME_WINDOW:PACKAGE0 *)
0.6935 s 6613866590.7493 (* Average Power for rapl:::MAXIMUM_TIME_WINDOW:PACKAGE1 *)
0.6935 s 39.2849 (* Total Energy for rapl:::PACKAGE_ENERGY:PACKAGE0 *)
0.6935 s 56.6465 (* Average Power for rapl:::PACKAGE_ENERGY:PACKAGE0 *)
0.6935 s 53.7549 (* Total Energy for rapl:::PACKAGE_ENERGY:PACKAGE1 *)
0.6935 s 77.5115 (* Average Power for rapl:::PACKAGE_ENERGY:PACKAGE1 *)
0.6935 s 14.3973 (* Average Power for rapl:::DRAM_ENERGY:PACKAGE0 *)
0.6935 s 15.4459 (* Average Power for rapl:::DRAM_ENERGY:PACKAGE1 *)
0.6935 s 0.0000 (* Average Power for rapl:::PP0_ENERGY:PACKAGE0 *)
0.6935 s 0.0000 (* Average Power for rapl:::PP0_ENERGY:PACKAGE1 *)
Time for Classify and insert  0.693455 
Found rapl component at cid 2
Found: rapl:::THERMAL_SPEC_CNT:PACKAGE0
Found: rapl:::THERMAL_SPEC_CNT:PACKAGE1
Found: rapl:::MINIMUM_POWER_CNT:PACKAGE0
Found: rapl:::MINIMUM_POWER_CNT:PACKAGE1
Found: rapl:::MAXIMUM_POWER_CNT:PACKAGE0
Found: rapl:::MAXIMUM_POWER_CNT:PACKAGE1
Found: rapl:::MAXIMUM_TIME_WINDOW_CNT:PACKAGE0
Found: rapl:::MAXIMUM_TIME_WINDOW_CNT:PACKAGE1
Found: rapl:::PACKAGE_ENERGY_CNT:PACKAGE0
Found: rapl:::PACKAGE_ENERGY_CNT:PACKAGE1
Found: rapl:::DRAM_ENERGY_CNT:PACKAGE0
Found: rapl:::DRAM_ENERGY_CNT:PACKAGE1
Found: rapl:::PP0_ENERGY_CNT:PACKAGE0
Found: rapl:::PP0_ENERGY_CNT:PACKAGE1
Found: rapl:::THERMAL_SPEC:PACKAGE0
Found: rapl:::THERMAL_SPEC:PACKAGE1
Found: rapl:::MINIMUM_POWER:PACKAGE0
Found: rapl:::MINIMUM_POWER:PACKAGE1
Found: rapl:::MAXIMUM_POWER:PACKAGE0
Found: rapl:::MAXIMUM_POWER:PACKAGE1
Found: rapl:::MAXIMUM_TIME_WINDOW:PACKAGE0
Found: rapl:::MAXIMUM_TIME_WINDOW:PACKAGE1
Found: rapl:::PACKAGE_ENERGY:PACKAGE0
Found: rapl:::PACKAGE_ENERGY:PACKAGE1
Found: rapl:::DRAM_ENERGY:PACKAGE0
Found: rapl:::DRAM_ENERGY:PACKAGE1
Found: rapl:::PP0_ENERGY:PACKAGE0
Found: rapl:::PP0_ENERGY:PACKAGE1
Starting process_deletions
done updating maXE 
0.6403 s 0.0000 (* Average Power for rapl:::THERMAL_SPEC_CNT:PACKAGE0 *)
0.6403 s 0.0000 (* Average Power for rapl:::THERMAL_SPEC_CNT:PACKAGE1 *)
0.6403 s 0.0000 (* Average Power for rapl:::MINIMUM_POWER_CNT:PACKAGE0 *)
0.6403 s 0.0000 (* Average Power for rapl:::MINIMUM_POWER_CNT:PACKAGE1 *)
0.6403 s 0.0000 (* Average Power for rapl:::MAXIMUM_POWER_CNT:PACKAGE0 *)
0.6403 s 0.0000 (* Average Power for rapl:::MAXIMUM_POWER_CNT:PACKAGE1 *)
0.6403 s 0.0000 (* Average Power for rapl:::MAXIMUM_TIME_WINDOW_CNT:PACKAGE0 *)
0.6403 s 0.0000 (* Average Power for rapl:::MAXIMUM_TIME_WINDOW_CNT:PACKAGE1 *)
0.6403 s 0.0011 (* Average Power for rapl:::PACKAGE_ENERGY_CNT:PACKAGE0 *)
0.6403 s 0.0015 (* Average Power for rapl:::PACKAGE_ENERGY_CNT:PACKAGE1 *)
0.6403 s 0.0010 (* Average Power for rapl:::DRAM_ENERGY_CNT:PACKAGE0 *)
0.6403 s 0.0010 (* Average Power for rapl:::DRAM_ENERGY_CNT:PACKAGE1 *)
0.6403 s 0.0000 (* Average Power for rapl:::PP0_ENERGY_CNT:PACKAGE0 *)
0.6403 s 0.0000 (* Average Power for rapl:::PP0_ENERGY_CNT:PACKAGE1 *)
0.6403 s 7245253574.5921 (* Average Power for rapl:::THERMAL_SPEC:PACKAGE0 *)
0.6403 s 7245253574.5921 (* Average Power for rapl:::THERMAL_SPEC:PACKAGE1 *)
0.6403 s 7237835620.0461 (* Average Power for rapl:::MINIMUM_POWER:PACKAGE0 *)
0.6403 s 7237835620.0461 (* Average Power for rapl:::MINIMUM_POWER:PACKAGE1 *)
0.6403 s 7252286894.4579 (* Average Power for rapl:::MAXIMUM_POWER:PACKAGE0 *)
0.6403 s 7252286894.4579 (* Average Power for rapl:::MAXIMUM_POWER:PACKAGE1 *)
0.6403 s 7163216492.0946 (* Average Power for rapl:::MAXIMUM_TIME_WINDOW:PACKAGE0 *)
0.6403 s 7163216492.0946 (* Average Power for rapl:::MAXIMUM_TIME_WINDOW:PACKAGE1 *)
0.6403 s 43.8315 (* Total Energy for rapl:::PACKAGE_ENERGY:PACKAGE0 *)
0.6403 s 68.4521 (* Average Power for rapl:::PACKAGE_ENERGY:PACKAGE0 *)
0.6403 s 60.4997 (* Total Energy for rapl:::PACKAGE_ENERGY:PACKAGE1 *)
0.6403 s 94.4830 (* Average Power for rapl:::PACKAGE_ENERGY:PACKAGE1 *)
0.6403 s 14.5177 (* Average Power for rapl:::DRAM_ENERGY:PACKAGE0 *)
0.6403 s 15.7465 (* Average Power for rapl:::DRAM_ENERGY:PACKAGE1 *)
0.6403 s 0.0000 (* Average Power for rapl:::PP0_ENERGY:PACKAGE0 *)
0.6403 s 0.0000 (* Average Power for rapl:::PP0_ENERGY:PACKAGE1 *)
Time for Deletion  0.640294 
Total Time for Updating at Batch 1 is 1.334702 
=======
Total Time for Updating  3.032307 
	Command being timed: "/home/users/norris/research/easy-parallel-graph/autoperf/mst/lib/xpscode/MST_May5/a.out /home/users/norris/research/easy-parallel-graph/experiment/datasets/com-lj-org-weighted.diff /home/users/norris/research/easy-parallel-graph/experiment/datasets/com-lj-org-weighted.cert /home/users/norris/research/easy-parallel-graph/experiment/datasets/com-lj-org-weighted_changed_75i_1000000S 100 4036538 1000000 16 100"
	User time (seconds): 39.06
	System time (seconds): 0.83
	Percent of CPU this job got: 143%
	Elapsed (wall clock) time (h:mm:ss or m:ss): 0:27.85
	Average shared text size (kbytes): 0
	Average unshared data size (kbytes): 0
	Average stack size (kbytes): 0
	Average total size (kbytes): 0
	Maximum resident set size (kbytes): 746140
	Average resident set size (kbytes): 0
	Major (requiring I/O) page faults: 0
	Minor (reclaiming a frame) page faults: 76363
	Voluntary context switches: 896
	Involuntary context switches: 77
	Swaps: 0
	File system inputs: 0
	File system outputs: 32
	Socket messages sent: 0
	Socket messages received: 0
	Signals delivered: 0
	Page size (bytes): 4096
	Exit status: 0
Highest Edge Value 10 --
Time Taken for Initializing Memory 0.081053 
Total Time for Reading Remainder Edges 19.213165 
Total Time for Reading Certificate Network 4.653927 
Total Time for Reading Update List 0.410877 
Found rapl component at cid 2
Found: rapl:::THERMAL_SPEC_CNT:PACKAGE0
Found: rapl:::THERMAL_SPEC_CNT:PACKAGE1
Found: rapl:::MINIMUM_POWER_CNT:PACKAGE0
Found: rapl:::MINIMUM_POWER_CNT:PACKAGE1
Found: rapl:::MAXIMUM_POWER_CNT:PACKAGE0
Found: rapl:::MAXIMUM_POWER_CNT:PACKAGE1
Found: rapl:::MAXIMUM_TIME_WINDOW_CNT:PACKAGE0
Found: rapl:::MAXIMUM_TIME_WINDOW_CNT:PACKAGE1
Found: rapl:::PACKAGE_ENERGY_CNT:PACKAGE0
Found: rapl:::PACKAGE_ENERGY_CNT:PACKAGE1
Found: rapl:::DRAM_ENERGY_CNT:PACKAGE0
Found: rapl:::DRAM_ENERGY_CNT:PACKAGE1
Found: rapl:::PP0_ENERGY_CNT:PACKAGE0
Found: rapl:::PP0_ENERGY_CNT:PACKAGE1
Found: rapl:::THERMAL_SPEC:PACKAGE0
Found: rapl:::THERMAL_SPEC:PACKAGE1
Found: rapl:::MINIMUM_POWER:PACKAGE0
Found: rapl:::MINIMUM_POWER:PACKAGE1
Found: rapl:::MAXIMUM_POWER:PACKAGE0
Found: rapl:::MAXIMUM_POWER:PACKAGE1
Found: rapl:::MAXIMUM_TIME_WINDOW:PACKAGE0
Found: rapl:::MAXIMUM_TIME_WINDOW:PACKAGE1
Found: rapl:::PACKAGE_ENERGY:PACKAGE0
Found: rapl:::PACKAGE_ENERGY:PACKAGE1
Found: rapl:::DRAM_ENERGY:PACKAGE0
Found: rapl:::DRAM_ENERGY:PACKAGE1
Found: rapl:::PP0_ENERGY:PACKAGE0
Found: rapl:::PP0_ENERGY:PACKAGE1
Starting creation of rooted tree
0.0255 s 0.0000 (* Average Power for rapl:::THERMAL_SPEC_CNT:PACKAGE0 *)
0.0255 s 0.0000 (* Average Power for rapl:::THERMAL_SPEC_CNT:PACKAGE1 *)
0.0255 s 0.0000 (* Average Power for rapl:::MINIMUM_POWER_CNT:PACKAGE0 *)
0.0255 s 0.0000 (* Average Power for rapl:::MINIMUM_POWER_CNT:PACKAGE1 *)
0.0255 s 0.0001 (* Average Power for rapl:::MAXIMUM_POWER_CNT:PACKAGE0 *)
0.0255 s 0.0001 (* Average Power for rapl:::MAXIMUM_POWER_CNT:PACKAGE1 *)
0.0255 s 0.0000 (* Average Power for rapl:::MAXIMUM_TIME_WINDOW_CNT:PACKAGE0 *)
0.0255 s 0.0000 (* Average Power for rapl:::MAXIMUM_TIME_WINDOW_CNT:PACKAGE1 *)
0.0255 s 0.0014 (* Average Power for rapl:::PACKAGE_ENERGY_CNT:PACKAGE0 *)
0.0255 s 0.0013 (* Average Power for rapl:::PACKAGE_ENERGY_CNT:PACKAGE1 *)
0.0255 s 0.0013 (* Average Power for rapl:::DRAM_ENERGY_CNT:PACKAGE0 *)
0.0255 s 0.0012 (* Average Power for rapl:::DRAM_ENERGY_CNT:PACKAGE1 *)
0.0255 s 0.0000 (* Average Power for rapl:::PP0_ENERGY_CNT:PACKAGE0 *)
0.0255 s 0.0000 (* Average Power for rapl:::PP0_ENERGY_CNT:PACKAGE1 *)
0.0255 s 181671396332.3484 (* Average Power for rapl:::THERMAL_SPEC:PACKAGE0 *)
0.0255 s 181671396332.3484 (* Average Power for rapl:::THERMAL_SPEC:PACKAGE1 *)
0.0255 s 181485394538.7017 (* Average Power for rapl:::MINIMUM_POWER:PACKAGE0 *)
0.0255 s 181485394538.7017 (* Average Power for rapl:::MINIMUM_POWER:PACKAGE1 *)
0.0255 s 181847753588.5467 (* Average Power for rapl:::MAXIMUM_POWER:PACKAGE0 *)
0.0255 s 181847753588.5467 (* Average Power for rapl:::MAXIMUM_POWER:PACKAGE1 *)
0.0255 s 179614354273.7228 (* Average Power for rapl:::MAXIMUM_TIME_WINDOW:PACKAGE0 *)
0.0255 s 179614354273.7228 (* Average Power for rapl:::MAXIMUM_TIME_WINDOW:PACKAGE1 *)
0.0255 s 2.2441 (* Total Energy for rapl:::PACKAGE_ENERGY:PACKAGE0 *)
0.0255 s 87.8763 (* Average Power for rapl:::PACKAGE_ENERGY:PACKAGE0 *)
0.0255 s 2.0417 (* Total Energy for rapl:::PACKAGE_ENERGY:PACKAGE1 *)
0.0255 s 79.9532 (* Average Power for rapl:::PACKAGE_ENERGY:PACKAGE1 *)
0.0255 s 19.4953 (* Average Power for rapl:::DRAM_ENERGY:PACKAGE0 *)
0.0255 s 18.4539 (* Average Power for rapl:::DRAM_ENERGY:PACKAGE1 *)
0.0255 s 0.0000 (* Average Power for rapl:::PP0_ENERGY:PACKAGE0 *)
0.0255 s 0.0000 (* Average Power for rapl:::PP0_ENERGY:PACKAGE1 *)
Total Time for Obtaining Degrees of Vertices  0.025500 
==Update Starts =======
root111=0
root=447075
Max height=202
Total Time for Creating Initial Rooted Tree at iter 1 is 1.749081 with Type:1
Found rapl component at cid 2
Found: rapl:::THERMAL_SPEC_CNT:PACKAGE0
Found: rapl:::THERMAL_SPEC_CNT:PACKAGE1
Found: rapl:::MINIMUM_POWER_CNT:PACKAGE0
Found: rapl:::MINIMUM_POWER_CNT:PACKAGE1
Found: rapl:::MAXIMUM_POWER_CNT:PACKAGE0
Found: rapl:::MAXIMUM_POWER_CNT:PACKAGE1
Found: rapl:::MAXIMUM_TIME_WINDOW_CNT:PACKAGE0
Found: rapl:::MAXIMUM_TIME_WINDOW_CNT:PACKAGE1
Found: rapl:::PACKAGE_ENERGY_CNT:PACKAGE0
Found: rapl:::PACKAGE_ENERGY_CNT:PACKAGE1
Found: rapl:::DRAM_ENERGY_CNT:PACKAGE0
Found: rapl:::DRAM_ENERGY_CNT:PACKAGE1
Found: rapl:::PP0_ENERGY_CNT:PACKAGE0
Found: rapl:::PP0_ENERGY_CNT:PACKAGE1
Found: rapl:::THERMAL_SPEC:PACKAGE0
Found: rapl:::THERMAL_SPEC:PACKAGE1
Found: rapl:::MINIMUM_POWER:PACKAGE0
Found: rapl:::MINIMUM_POWER:PACKAGE1
Found: rapl:::MAXIMUM_POWER:PACKAGE0
Found: rapl:::MAXIMUM_POWER:PACKAGE1
Found: rapl:::MAXIMUM_TIME_WINDOW:PACKAGE0
Found: rapl:::MAXIMUM_TIME_WINDOW:PACKAGE1
Found: rapl:::PACKAGE_ENERGY:PACKAGE0
Found: rapl:::PACKAGE_ENERGY:PACKAGE1
Found: rapl:::DRAM_ENERGY:PACKAGE0
Found: rapl:::DRAM_ENERGY:PACKAGE1
Found: rapl:::PP0_ENERGY:PACKAGE0
Found: rapl:::PP0_ENERGY:PACKAGE1
Starting Classify and Insert
Classify 999999 999999  
Time for insertion Flag  0.669857
Deleted Edges: 28836 
Processed Inserts: 236645
 Unprocessed Inserts: 820
 0.6760 s 0.0000 (* Average Power for rapl:::THERMAL_SPEC_CNT:PACKAGE0 *)
0.6760 s 0.0000 (* Average Power for rapl:::THERMAL_SPEC_CNT:PACKAGE1 *)
0.6760 s 0.0000 (* Average Power for rapl:::MINIMUM_POWER_CNT:PACKAGE0 *)
0.6760 s 0.0000 (* Average Power for rapl:::MINIMUM_POWER_CNT:PACKAGE1 *)
0.6760 s 0.0000 (* Average Power for rapl:::MAXIMUM_POWER_CNT:PACKAGE0 *)
0.6760 s 0.0000 (* Average Power for rapl:::MAXIMUM_POWER_CNT:PACKAGE1 *)
0.6760 s 0.0000 (* Average Power for rapl:::MAXIMUM_TIME_WINDOW_CNT:PACKAGE0 *)
0.6760 s 0.0000 (* Average Power for rapl:::MAXIMUM_TIME_WINDOW_CNT:PACKAGE1 *)
0.6760 s 0.0007 (* Average Power for rapl:::PACKAGE_ENERGY_CNT:PACKAGE0 *)
0.6760 s 0.0010 (* Average Power for rapl:::PACKAGE_ENERGY_CNT:PACKAGE1 *)
0.6760 s 0.0009 (* Average Power for rapl:::DRAM_ENERGY_CNT:PACKAGE0 *)
0.6760 s 0.0010 (* Average Power for rapl:::DRAM_ENERGY_CNT:PACKAGE1 *)
0.6760 s 0.0000 (* Average Power for rapl:::PP0_ENERGY_CNT:PACKAGE0 *)
0.6760 s 0.0000 (* Average Power for rapl:::PP0_ENERGY_CNT:PACKAGE1 *)
0.6760 s 6862921191.9680 (* Average Power for rapl:::THERMAL_SPEC:PACKAGE0 *)
0.6760 s 6862921191.9680 (* Average Power for rapl:::THERMAL_SPEC:PACKAGE1 *)
0.6760 s 6855894683.2433 (* Average Power for rapl:::MINIMUM_POWER:PACKAGE0 *)
0.6760 s 6855894683.2433 (* Average Power for rapl:::MINIMUM_POWER:PACKAGE1 *)
0.6760 s 6869583363.2033 (* Average Power for rapl:::MAXIMUM_POWER:PACKAGE0 *)
0.6760 s 6869583363.2033 (* Average Power for rapl:::MAXIMUM_POWER:PACKAGE1 *)
0.6760 s 6785213210.2939 (* Average Power for rapl:::MAXIMUM_TIME_WINDOW:PACKAGE0 *)
0.6760 s 6785213210.2939 (* Average Power for rapl:::MAXIMUM_TIME_WINDOW:PACKAGE1 *)
0.6760 s 27.5468 (* Total Energy for rapl:::PACKAGE_ENERGY:PACKAGE0 *)
0.6760 s 40.7500 (* Average Power for rapl:::PACKAGE_ENERGY:PACKAGE0 *)
0.6760 s 41.7700 (* Total Energy for rapl:::PACKAGE_ENERGY:PACKAGE1 *)
0.6760 s 61.7904 (* Average Power for rapl:::PACKAGE_ENERGY:PACKAGE1 *)
0.6760 s 14.4822 (* Average Power for rapl:::DRAM_ENERGY:PACKAGE0 *)
0.6760 s 15.3243 (* Average Power for rapl:::DRAM_ENERGY:PACKAGE1 *)
0.6760 s 0.0000 (* Average Power for rapl:::PP0_ENERGY:PACKAGE0 *)
0.6760 s 0.0000 (* Average Power for rapl:::PP0_ENERGY:PACKAGE1 *)
Time for Classify and insert  0.675959 
Found rapl component at cid 2
Found: rapl:::THERMAL_SPEC_CNT:PACKAGE0
Found: rapl:::THERMAL_SPEC_CNT:PACKAGE1
Found: rapl:::MINIMUM_POWER_CNT:PACKAGE0
Found: rapl:::MINIMUM_POWER_CNT:PACKAGE1
Found: rapl:::MAXIMUM_POWER_CNT:PACKAGE0
Found: rapl:::MAXIMUM_POWER_CNT:PACKAGE1
Found: rapl:::MAXIMUM_TIME_WINDOW_CNT:PACKAGE0
Found: rapl:::MAXIMUM_TIME_WINDOW_CNT:PACKAGE1
Found: rapl:::PACKAGE_ENERGY_CNT:PACKAGE0
Found: rapl:::PACKAGE_ENERGY_CNT:PACKAGE1
Found: rapl:::DRAM_ENERGY_CNT:PACKAGE0
Found: rapl:::DRAM_ENERGY_CNT:PACKAGE1
Found: rapl:::PP0_ENERGY_CNT:PACKAGE0
Found: rapl:::PP0_ENERGY_CNT:PACKAGE1
Found: rapl:::THERMAL_SPEC:PACKAGE0
Found: rapl:::THERMAL_SPEC:PACKAGE1
Found: rapl:::MINIMUM_POWER:PACKAGE0
Found: rapl:::MINIMUM_POWER:PACKAGE1
Found: rapl:::MAXIMUM_POWER:PACKAGE0
Found: rapl:::MAXIMUM_POWER:PACKAGE1
Found: rapl:::MAXIMUM_TIME_WINDOW:PACKAGE0
Found: rapl:::MAXIMUM_TIME_WINDOW:PACKAGE1
Found: rapl:::PACKAGE_ENERGY:PACKAGE0
Found: rapl:::PACKAGE_ENERGY:PACKAGE1
Found: rapl:::DRAM_ENERGY:PACKAGE0
Found: rapl:::DRAM_ENERGY:PACKAGE1
Found: rapl:::PP0_ENERGY:PACKAGE0
Found: rapl:::PP0_ENERGY:PACKAGE1
Starting process_deletions
done updating maXE 
0.6606 s 0.0000 (* Average Power for rapl:::THERMAL_SPEC_CNT:PACKAGE0 *)
0.6606 s 0.0000 (* Average Power for rapl:::THERMAL_SPEC_CNT:PACKAGE1 *)
0.6606 s 0.0000 (* Average Power for rapl:::MINIMUM_POWER_CNT:PACKAGE0 *)
0.6606 s 0.0000 (* Average Power for rapl:::MINIMUM_POWER_CNT:PACKAGE1 *)
0.6606 s 0.0000 (* Average Power for rapl:::MAXIMUM_POWER_CNT:PACKAGE0 *)
0.6606 s 0.0000 (* Average Power for rapl:::MAXIMUM_POWER_CNT:PACKAGE1 *)
0.6606 s 0.0000 (* Average Power for rapl:::MAXIMUM_TIME_WINDOW_CNT:PACKAGE0 *)
0.6606 s 0.0000 (* Average Power for rapl:::MAXIMUM_TIME_WINDOW_CNT:PACKAGE1 *)
0.6606 s 0.0015 (* Average Power for rapl:::PACKAGE_ENERGY_CNT:PACKAGE0 *)
0.6606 s 0.0010 (* Average Power for rapl:::PACKAGE_ENERGY_CNT:PACKAGE1 *)
0.6606 s 0.0010 (* Average Power for rapl:::DRAM_ENERGY_CNT:PACKAGE0 *)
0.6606 s 0.0010 (* Average Power for rapl:::DRAM_ENERGY_CNT:PACKAGE1 *)
0.6606 s 0.0000 (* Average Power for rapl:::PP0_ENERGY_CNT:PACKAGE0 *)
0.6606 s 0.0000 (* Average Power for rapl:::PP0_ENERGY_CNT:PACKAGE1 *)
0.6606 s 7023300709.4692 (* Average Power for rapl:::THERMAL_SPEC:PACKAGE0 *)
0.6606 s 7023300709.4692 (* Average Power for rapl:::THERMAL_SPEC:PACKAGE1 *)
0.6606 s 7016109998.3521 (* Average Power for rapl:::MINIMUM_POWER:PACKAGE0 *)
0.6606 s 7016109998.3521 (* Average Power for rapl:::MINIMUM_POWER:PACKAGE1 *)
0.6606 s 7030118568.8989 (* Average Power for rapl:::MAXIMUM_POWER:PACKAGE0 *)
0.6606 s 7030118568.8989 (* Average Power for rapl:::MAXIMUM_POWER:PACKAGE1 *)
0.6606 s 6943776770.9659 (* Average Power for rapl:::MAXIMUM_TIME_WINDOW:PACKAGE0 *)
0.6606 s 6943776770.9659 (* Average Power for rapl:::MAXIMUM_TIME_WINDOW:PACKAGE1 *)
0.6606 s 60.9147 (* Total Energy for rapl:::PACKAGE_ENERGY:PACKAGE0 *)
0.6606 s 92.2168 (* Average Power for rapl:::PACKAGE_ENERGY:PACKAGE0 *)
0.6606 s 41.5581 (* Total Energy for rapl:::PACKAGE_ENERGY:PACKAGE1 *)
0.6606 s 62.9135 (* Average Power for rapl:::PACKAGE_ENERGY:PACKAGE1 *)
0.6606 s 14.6546 (* Average Power for rapl:::DRAM_ENERGY:PACKAGE0 *)
0.6606 s 15.6844 (* Average Power for rapl:::DRAM_ENERGY:PACKAGE1 *)
0.6606 s 0.0000 (* Average Power for rapl:::PP0_ENERGY:PACKAGE0 *)
0.6606 s 0.0000 (* Average Power for rapl:::PP0_ENERGY:PACKAGE1 *)
Time for Deletion  0.660537 
Total Time for Updating at Batch 1 is 1.337286 
=======
Total Time for Updating  3.127038 
	Command being timed: "/home/users/norris/research/easy-parallel-graph/autoperf/mst/lib/xpscode/MST_May5/a.out /home/users/norris/research/easy-parallel-graph/experiment/datasets/com-lj-org-weighted.diff /home/users/norris/research/easy-parallel-graph/experiment/datasets/com-lj-org-weighted.cert /home/users/norris/research/easy-parallel-graph/experiment/datasets/com-lj-org-weighted_changed_75i_1000000S 100 4036538 1000000 16 100"
	User time (seconds): 38.71
	System time (seconds): 0.90
	Percent of CPU this job got: 142%
	Elapsed (wall clock) time (h:mm:ss or m:ss): 0:27.88
	Average shared text size (kbytes): 0
	Average unshared data size (kbytes): 0
	Average stack size (kbytes): 0
	Average total size (kbytes): 0
	Maximum resident set size (kbytes): 744812
	Average resident set size (kbytes): 0
	Major (requiring I/O) page faults: 0
	Minor (reclaiming a frame) page faults: 83002
	Voluntary context switches: 2641
	Involuntary context switches: 52
	Swaps: 0
	File system inputs: 0
	File system outputs: 32
	Socket messages sent: 0
	Socket messages received: 0
	Signals delivered: 0
	Page size (bytes): 4096
	Exit status: 0
Highest Edge Value 10 --
Time Taken for Initializing Memory 0.080410 
Total Time for Reading Remainder Edges 19.268373 
Total Time for Reading Certificate Network 4.651514 
Total Time for Reading Update List 0.409515 
Found rapl component at cid 2
Found: rapl:::THERMAL_SPEC_CNT:PACKAGE0
Found: rapl:::THERMAL_SPEC_CNT:PACKAGE1
Found: rapl:::MINIMUM_POWER_CNT:PACKAGE0
Found: rapl:::MINIMUM_POWER_CNT:PACKAGE1
Found: rapl:::MAXIMUM_POWER_CNT:PACKAGE0
Found: rapl:::MAXIMUM_POWER_CNT:PACKAGE1
Found: rapl:::MAXIMUM_TIME_WINDOW_CNT:PACKAGE0
Found: rapl:::MAXIMUM_TIME_WINDOW_CNT:PACKAGE1
Found: rapl:::PACKAGE_ENERGY_CNT:PACKAGE0
Found: rapl:::PACKAGE_ENERGY_CNT:PACKAGE1
Found: rapl:::DRAM_ENERGY_CNT:PACKAGE0
Found: rapl:::DRAM_ENERGY_CNT:PACKAGE1
Found: rapl:::PP0_ENERGY_CNT:PACKAGE0
Found: rapl:::PP0_ENERGY_CNT:PACKAGE1
Found: rapl:::THERMAL_SPEC:PACKAGE0
Found: rapl:::THERMAL_SPEC:PACKAGE1
Found: rapl:::MINIMUM_POWER:PACKAGE0
Found: rapl:::MINIMUM_POWER:PACKAGE1
Found: rapl:::MAXIMUM_POWER:PACKAGE0
Found: rapl:::MAXIMUM_POWER:PACKAGE1
Found: rapl:::MAXIMUM_TIME_WINDOW:PACKAGE0
Found: rapl:::MAXIMUM_TIME_WINDOW:PACKAGE1
Found: rapl:::PACKAGE_ENERGY:PACKAGE0
Found: rapl:::PACKAGE_ENERGY:PACKAGE1
Found: rapl:::DRAM_ENERGY:PACKAGE0
Found: rapl:::DRAM_ENERGY:PACKAGE1
Found: rapl:::PP0_ENERGY:PACKAGE0
Found: rapl:::PP0_ENERGY:PACKAGE1
Starting creation of rooted tree
0.0293 s 0.0000 (* Average Power for rapl:::THERMAL_SPEC_CNT:PACKAGE0 *)
0.0293 s 0.0000 (* Average Power for rapl:::THERMAL_SPEC_CNT:PACKAGE1 *)
0.0293 s 0.0000 (* Average Power for rapl:::MINIMUM_POWER_CNT:PACKAGE0 *)
0.0293 s 0.0000 (* Average Power for rapl:::MINIMUM_POWER_CNT:PACKAGE1 *)
0.0293 s 0.0001 (* Average Power for rapl:::MAXIMUM_POWER_CNT:PACKAGE0 *)
0.0293 s 0.0001 (* Average Power for rapl:::MAXIMUM_POWER_CNT:PACKAGE1 *)
0.0293 s 0.0000 (* Average Power for rapl:::MAXIMUM_TIME_WINDOW_CNT:PACKAGE0 *)
0.0293 s 0.0000 (* Average Power for rapl:::MAXIMUM_TIME_WINDOW_CNT:PACKAGE1 *)
0.0293 s 0.0011 (* Average Power for rapl:::PACKAGE_ENERGY_CNT:PACKAGE0 *)
0.0293 s 0.0016 (* Average Power for rapl:::PACKAGE_ENERGY_CNT:PACKAGE1 *)
0.0293 s 0.0009 (* Average Power for rapl:::DRAM_ENERGY_CNT:PACKAGE0 *)
0.0293 s 0.0013 (* Average Power for rapl:::DRAM_ENERGY_CNT:PACKAGE1 *)
0.0293 s 0.0000 (* Average Power for rapl:::PP0_ENERGY_CNT:PACKAGE0 *)
0.0293 s 0.0000 (* Average Power for rapl:::PP0_ENERGY_CNT:PACKAGE1 *)
0.0293 s 158327802424.4679 (* Average Power for rapl:::THERMAL_SPEC:PACKAGE0 *)
0.0293 s 158327802424.4679 (* Average Power for rapl:::THERMAL_SPEC:PACKAGE1 *)
0.0293 s 158165700652.6446 (* Average Power for rapl:::MINIMUM_POWER:PACKAGE0 *)
0.0293 s 158165700652.6446 (* Average Power for rapl:::MINIMUM_POWER:PACKAGE1 *)
0.0293 s 158481498919.2337 (* Average Power for rapl:::MAXIMUM_POWER:PACKAGE0 *)
0.0293 s 158481498919.2337 (* Average Power for rapl:::MAXIMUM_POWER:PACKAGE1 *)
0.0293 s 156535076903.4889 (* Average Power for rapl:::MAXIMUM_TIME_WINDOW:PACKAGE0 *)
0.0293 s 156535076903.4889 (* Average Power for rapl:::MAXIMUM_TIME_WINDOW:PACKAGE1 *)
0.0293 s 1.9771 (* Total Energy for rapl:::PACKAGE_ENERGY:PACKAGE0 *)
0.0293 s 67.4718 (* Average Power for rapl:::PACKAGE_ENERGY:PACKAGE0 *)
0.0293 s 2.8093 (* Total Energy for rapl:::PACKAGE_ENERGY:PACKAGE1 *)
0.0293 s 95.8752 (* Average Power for rapl:::PACKAGE_ENERGY:PACKAGE1 *)
0.0293 s 14.4699 (* Average Power for rapl:::DRAM_ENERGY:PACKAGE0 *)
0.0293 s 19.3425 (* Average Power for rapl:::DRAM_ENERGY:PACKAGE1 *)
0.0293 s 0.0000 (* Average Power for rapl:::PP0_ENERGY:PACKAGE0 *)
0.0293 s 0.0000 (* Average Power for rapl:::PP0_ENERGY:PACKAGE1 *)
Total Time for Obtaining Degrees of Vertices  0.029265 
==Update Starts =======
root111=0
root=447075
Max height=202
Total Time for Creating Initial Rooted Tree at iter 1 is 2.091215 with Type:1
Found rapl component at cid 2
Found: rapl:::THERMAL_SPEC_CNT:PACKAGE0
Found: rapl:::THERMAL_SPEC_CNT:PACKAGE1
Found: rapl:::MINIMUM_POWER_CNT:PACKAGE0
Found: rapl:::MINIMUM_POWER_CNT:PACKAGE1
Found: rapl:::MAXIMUM_POWER_CNT:PACKAGE0
Found: rapl:::MAXIMUM_POWER_CNT:PACKAGE1
Found: rapl:::MAXIMUM_TIME_WINDOW_CNT:PACKAGE0
Found: rapl:::MAXIMUM_TIME_WINDOW_CNT:PACKAGE1
Found: rapl:::PACKAGE_ENERGY_CNT:PACKAGE0
Found: rapl:::PACKAGE_ENERGY_CNT:PACKAGE1
Found: rapl:::DRAM_ENERGY_CNT:PACKAGE0
Found: rapl:::DRAM_ENERGY_CNT:PACKAGE1
Found: rapl:::PP0_ENERGY_CNT:PACKAGE0
Found: rapl:::PP0_ENERGY_CNT:PACKAGE1
Found: rapl:::THERMAL_SPEC:PACKAGE0
Found: rapl:::THERMAL_SPEC:PACKAGE1
Found: rapl:::MINIMUM_POWER:PACKAGE0
Found: rapl:::MINIMUM_POWER:PACKAGE1
Found: rapl:::MAXIMUM_POWER:PACKAGE0
Found: rapl:::MAXIMUM_POWER:PACKAGE1
Found: rapl:::MAXIMUM_TIME_WINDOW:PACKAGE0
Found: rapl:::MAXIMUM_TIME_WINDOW:PACKAGE1
Found: rapl:::PACKAGE_ENERGY:PACKAGE0
Found: rapl:::PACKAGE_ENERGY:PACKAGE1
Found: rapl:::DRAM_ENERGY:PACKAGE0
Found: rapl:::DRAM_ENERGY:PACKAGE1
Found: rapl:::PP0_ENERGY:PACKAGE0
Found: rapl:::PP0_ENERGY:PACKAGE1
Starting Classify and Insert
Classify 999999 999999  
Time for insertion Flag  0.803375
Deleted Edges: 28836 
Processed Inserts: 236711
 Unprocessed Inserts: 615
 0.8104 s 0.0000 (* Average Power for rapl:::THERMAL_SPEC_CNT:PACKAGE0 *)
0.8104 s 0.0000 (* Average Power for rapl:::THERMAL_SPEC_CNT:PACKAGE1 *)
0.8104 s 0.0000 (* Average Power for rapl:::MINIMUM_POWER_CNT:PACKAGE0 *)
0.8104 s 0.0000 (* Average Power for rapl:::MINIMUM_POWER_CNT:PACKAGE1 *)
0.8104 s 0.0000 (* Average Power for rapl:::MAXIMUM_POWER_CNT:PACKAGE0 *)
0.8104 s 0.0000 (* Average Power for rapl:::MAXIMUM_POWER_CNT:PACKAGE1 *)
0.8104 s 0.0000 (* Average Power for rapl:::MAXIMUM_TIME_WINDOW_CNT:PACKAGE0 *)
0.8104 s 0.0000 (* Average Power for rapl:::MAXIMUM_TIME_WINDOW_CNT:PACKAGE1 *)
0.8104 s 0.0013 (* Average Power for rapl:::PACKAGE_ENERGY_CNT:PACKAGE0 *)
0.8104 s 0.0013 (* Average Power for rapl:::PACKAGE_ENERGY_CNT:PACKAGE1 *)
0.8104 s 0.0009 (* Average Power for rapl:::DRAM_ENERGY_CNT:PACKAGE0 *)
0.8104 s 0.0010 (* Average Power for rapl:::DRAM_ENERGY_CNT:PACKAGE1 *)
0.8104 s 0.0000 (* Average Power for rapl:::PP0_ENERGY_CNT:PACKAGE0 *)
0.8104 s 0.0000 (* Average Power for rapl:::PP0_ENERGY_CNT:PACKAGE1 *)
0.8104 s 5724586373.9344 (* Average Power for rapl:::THERMAL_SPEC:PACKAGE0 *)
0.8104 s 5724586373.9344 (* Average Power for rapl:::THERMAL_SPEC:PACKAGE1 *)
0.8104 s 5718725333.8646 (* Average Power for rapl:::MINIMUM_POWER:PACKAGE0 *)
0.8104 s 5718725333.8646 (* Average Power for rapl:::MINIMUM_POWER:PACKAGE1 *)
0.8104 s 5730143508.2228 (* Average Power for rapl:::MAXIMUM_POWER:PACKAGE0 *)
0.8104 s 5730143508.2228 (* Average Power for rapl:::MAXIMUM_POWER:PACKAGE1 *)
0.8104 s 5659767612.2738 (* Average Power for rapl:::MAXIMUM_TIME_WINDOW:PACKAGE0 *)
0.8104 s 5659767612.2738 (* Average Power for rapl:::MAXIMUM_TIME_WINDOW:PACKAGE1 *)
0.8104 s 65.7415 (* Total Energy for rapl:::PACKAGE_ENERGY:PACKAGE0 *)
0.8104 s 81.1205 (* Average Power for rapl:::PACKAGE_ENERGY:PACKAGE0 *)
0.8104 s 62.5284 (* Total Energy for rapl:::PACKAGE_ENERGY:PACKAGE1 *)
0.8104 s 77.1558 (* Average Power for rapl:::PACKAGE_ENERGY:PACKAGE1 *)
0.8104 s 14.3484 (* Average Power for rapl:::DRAM_ENERGY:PACKAGE0 *)
0.8104 s 15.4063 (* Average Power for rapl:::DRAM_ENERGY:PACKAGE1 *)
0.8104 s 0.0000 (* Average Power for rapl:::PP0_ENERGY:PACKAGE0 *)
0.8104 s 0.0000 (* Average Power for rapl:::PP0_ENERGY:PACKAGE1 *)
Time for Classify and insert  0.810392 
Found rapl component at cid 2
Found: rapl:::THERMAL_SPEC_CNT:PACKAGE0
Found: rapl:::THERMAL_SPEC_CNT:PACKAGE1
Found: rapl:::MINIMUM_POWER_CNT:PACKAGE0
Found: rapl:::MINIMUM_POWER_CNT:PACKAGE1
Found: rapl:::MAXIMUM_POWER_CNT:PACKAGE0
Found: rapl:::MAXIMUM_POWER_CNT:PACKAGE1
Found: rapl:::MAXIMUM_TIME_WINDOW_CNT:PACKAGE0
Found: rapl:::MAXIMUM_TIME_WINDOW_CNT:PACKAGE1
Found: rapl:::PACKAGE_ENERGY_CNT:PACKAGE0
Found: rapl:::PACKAGE_ENERGY_CNT:PACKAGE1
Found: rapl:::DRAM_ENERGY_CNT:PACKAGE0
Found: rapl:::DRAM_ENERGY_CNT:PACKAGE1
Found: rapl:::PP0_ENERGY_CNT:PACKAGE0
Found: rapl:::PP0_ENERGY_CNT:PACKAGE1
Found: rapl:::THERMAL_SPEC:PACKAGE0
Found: rapl:::THERMAL_SPEC:PACKAGE1
Found: rapl:::MINIMUM_POWER:PACKAGE0
Found: rapl:::MINIMUM_POWER:PACKAGE1
Found: rapl:::MAXIMUM_POWER:PACKAGE0
Found: rapl:::MAXIMUM_POWER:PACKAGE1
Found: rapl:::MAXIMUM_TIME_WINDOW:PACKAGE0
Found: rapl:::MAXIMUM_TIME_WINDOW:PACKAGE1
Found: rapl:::PACKAGE_ENERGY:PACKAGE0
Found: rapl:::PACKAGE_ENERGY:PACKAGE1
Found: rapl:::DRAM_ENERGY:PACKAGE0
Found: rapl:::DRAM_ENERGY:PACKAGE1
Found: rapl:::PP0_ENERGY:PACKAGE0
Found: rapl:::PP0_ENERGY:PACKAGE1
Starting process_deletions
done updating maXE 
0.5317 s 0.0000 (* Average Power for rapl:::THERMAL_SPEC_CNT:PACKAGE0 *)
0.5317 s 0.0000 (* Average Power for rapl:::THERMAL_SPEC_CNT:PACKAGE1 *)
0.5317 s 0.0000 (* Average Power for rapl:::MINIMUM_POWER_CNT:PACKAGE0 *)
0.5317 s 0.0000 (* Average Power for rapl:::MINIMUM_POWER_CNT:PACKAGE1 *)
0.5317 s 0.0000 (* Average Power for rapl:::MAXIMUM_POWER_CNT:PACKAGE0 *)
0.5317 s 0.0000 (* Average Power for rapl:::MAXIMUM_POWER_CNT:PACKAGE1 *)
0.5317 s 0.0000 (* Average Power for rapl:::MAXIMUM_TIME_WINDOW_CNT:PACKAGE0 *)
0.5317 s 0.0000 (* Average Power for rapl:::MAXIMUM_TIME_WINDOW_CNT:PACKAGE1 *)
0.5317 s 0.0013 (* Average Power for rapl:::PACKAGE_ENERGY_CNT:PACKAGE0 *)
0.5317 s 0.0016 (* Average Power for rapl:::PACKAGE_ENERGY_CNT:PACKAGE1 *)
0.5317 s 0.0010 (* Average Power for rapl:::DRAM_ENERGY_CNT:PACKAGE0 *)
0.5317 s 0.0010 (* Average Power for rapl:::DRAM_ENERGY_CNT:PACKAGE1 *)
0.5317 s 0.0000 (* Average Power for rapl:::PP0_ENERGY_CNT:PACKAGE0 *)
0.5317 s 0.0000 (* Average Power for rapl:::PP0_ENERGY_CNT:PACKAGE1 *)
0.5317 s 8724675649.5261 (* Average Power for rapl:::THERMAL_SPEC:PACKAGE0 *)
0.5317 s 8724675649.5261 (* Average Power for rapl:::THERMAL_SPEC:PACKAGE1 *)
0.5317 s 8715743008.7662 (* Average Power for rapl:::MINIMUM_POWER:PACKAGE0 *)
0.5317 s 8715743008.7662 (* Average Power for rapl:::MINIMUM_POWER:PACKAGE1 *)
0.5317 s 8733145116.3207 (* Average Power for rapl:::MAXIMUM_POWER:PACKAGE0 *)
0.5317 s 8733145116.3207 (* Average Power for rapl:::MAXIMUM_POWER:PACKAGE1 *)
0.5317 s 8625887259.4919 (* Average Power for rapl:::MAXIMUM_TIME_WINDOW:PACKAGE0 *)
0.5317 s 8625887259.4919 (* Average Power for rapl:::MAXIMUM_TIME_WINDOW:PACKAGE1 *)
0.5317 s 40.7397 (* Total Energy for rapl:::PACKAGE_ENERGY:PACKAGE0 *)
0.5317 s 76.6150 (* Average Power for rapl:::PACKAGE_ENERGY:PACKAGE0 *)
0.5317 s 52.9693 (* Total Energy for rapl:::PACKAGE_ENERGY:PACKAGE1 *)
0.5317 s 99.6140 (* Average Power for rapl:::PACKAGE_ENERGY:PACKAGE1 *)
0.5317 s 14.6121 (* Average Power for rapl:::DRAM_ENERGY:PACKAGE0 *)
0.5317 s 15.6204 (* Average Power for rapl:::DRAM_ENERGY:PACKAGE1 *)
0.5317 s 0.0000 (* Average Power for rapl:::PP0_ENERGY:PACKAGE0 *)
0.5317 s 0.0000 (* Average Power for rapl:::PP0_ENERGY:PACKAGE1 *)
Time for Deletion  0.531724 
Total Time for Updating at Batch 1 is 1.342900 
=======
Total Time for Updating  3.477569 
	Command being timed: "/home/users/norris/research/easy-parallel-graph/autoperf/mst/lib/xpscode/MST_May5/a.out /home/users/norris/research/easy-parallel-graph/experiment/datasets/com-lj-org-weighted.diff /home/users/norris/research/easy-parallel-graph/experiment/datasets/com-lj-org-weighted.cert /home/users/norris/research/easy-parallel-graph/experiment/datasets/com-lj-org-weighted_changed_75i_1000000S 100 4036538 1000000 16 100"
	User time (seconds): 37.96
	System time (seconds): 0.75
	Percent of CPU this job got: 136%
	Elapsed (wall clock) time (h:mm:ss or m:ss): 0:28.30
	Average shared text size (kbytes): 0
	Average unshared data size (kbytes): 0
	Average stack size (kbytes): 0
	Average total size (kbytes): 0
	Maximum resident set size (kbytes): 742552
	Average resident set size (kbytes): 0
	Major (requiring I/O) page faults: 0
	Minor (reclaiming a frame) page faults: 70061
	Voluntary context switches: 357
	Involuntary context switches: 56
	Swaps: 0
	File system inputs: 0
	File system outputs: 32
	Socket messages sent: 0
	Socket messages received: 0
	Signals delivered: 0
	Page size (bytes): 4096
	Exit status: 0
Highest Edge Value 10 --
Time Taken for Initializing Memory 0.080243 
Total Time for Reading Remainder Edges 19.195151 
Total Time for Reading Certificate Network 4.634187 
Total Time for Reading Update List 0.408901 
Found rapl component at cid 2
Found: rapl:::THERMAL_SPEC_CNT:PACKAGE0
Found: rapl:::THERMAL_SPEC_CNT:PACKAGE1
Found: rapl:::MINIMUM_POWER_CNT:PACKAGE0
Found: rapl:::MINIMUM_POWER_CNT:PACKAGE1
Found: rapl:::MAXIMUM_POWER_CNT:PACKAGE0
Found: rapl:::MAXIMUM_POWER_CNT:PACKAGE1
Found: rapl:::MAXIMUM_TIME_WINDOW_CNT:PACKAGE0
Found: rapl:::MAXIMUM_TIME_WINDOW_CNT:PACKAGE1
Found: rapl:::PACKAGE_ENERGY_CNT:PACKAGE0
Found: rapl:::PACKAGE_ENERGY_CNT:PACKAGE1
Found: rapl:::DRAM_ENERGY_CNT:PACKAGE0
Found: rapl:::DRAM_ENERGY_CNT:PACKAGE1
Found: rapl:::PP0_ENERGY_CNT:PACKAGE0
Found: rapl:::PP0_ENERGY_CNT:PACKAGE1
Found: rapl:::THERMAL_SPEC:PACKAGE0
Found: rapl:::THERMAL_SPEC:PACKAGE1
Found: rapl:::MINIMUM_POWER:PACKAGE0
Found: rapl:::MINIMUM_POWER:PACKAGE1
Found: rapl:::MAXIMUM_POWER:PACKAGE0
Found: rapl:::MAXIMUM_POWER:PACKAGE1
Found: rapl:::MAXIMUM_TIME_WINDOW:PACKAGE0
Found: rapl:::MAXIMUM_TIME_WINDOW:PACKAGE1
Found: rapl:::PACKAGE_ENERGY:PACKAGE0
Found: rapl:::PACKAGE_ENERGY:PACKAGE1
Found: rapl:::DRAM_ENERGY:PACKAGE0
Found: rapl:::DRAM_ENERGY:PACKAGE1
Found: rapl:::PP0_ENERGY:PACKAGE0
Found: rapl:::PP0_ENERGY:PACKAGE1
Starting creation of rooted tree
0.0198 s 0.0001 (* Average Power for rapl:::THERMAL_SPEC_CNT:PACKAGE0 *)
0.0198 s 0.0001 (* Average Power for rapl:::THERMAL_SPEC_CNT:PACKAGE1 *)
0.0198 s 0.0000 (* Average Power for rapl:::MINIMUM_POWER_CNT:PACKAGE0 *)
0.0198 s 0.0000 (* Average Power for rapl:::MINIMUM_POWER_CNT:PACKAGE1 *)
0.0198 s 0.0001 (* Average Power for rapl:::MAXIMUM_POWER_CNT:PACKAGE0 *)
0.0198 s 0.0001 (* Average Power for rapl:::MAXIMUM_POWER_CNT:PACKAGE1 *)
0.0198 s 0.0000 (* Average Power for rapl:::MAXIMUM_TIME_WINDOW_CNT:PACKAGE0 *)
0.0198 s 0.0000 (* Average Power for rapl:::MAXIMUM_TIME_WINDOW_CNT:PACKAGE1 *)
0.0198 s 0.0011 (* Average Power for rapl:::PACKAGE_ENERGY_CNT:PACKAGE0 *)
0.0198 s 0.0018 (* Average Power for rapl:::PACKAGE_ENERGY_CNT:PACKAGE1 *)
0.0198 s 0.0010 (* Average Power for rapl:::DRAM_ENERGY_CNT:PACKAGE0 *)
0.0198 s 0.0014 (* Average Power for rapl:::DRAM_ENERGY_CNT:PACKAGE1 *)
0.0198 s 0.0000 (* Average Power for rapl:::PP0_ENERGY_CNT:PACKAGE0 *)
0.0198 s 0.0000 (* Average Power for rapl:::PP0_ENERGY_CNT:PACKAGE1 *)
0.0198 s 234621626658.5589 (* Average Power for rapl:::THERMAL_SPEC:PACKAGE0 *)
0.0198 s 234621626658.5589 (* Average Power for rapl:::THERMAL_SPEC:PACKAGE1 *)
0.0198 s 234381412490.1878 (* Average Power for rapl:::MINIMUM_POWER:PACKAGE0 *)
0.0198 s 234381412490.1878 (* Average Power for rapl:::MINIMUM_POWER:PACKAGE1 *)
0.0198 s 234849385277.4589 (* Average Power for rapl:::MAXIMUM_POWER:PACKAGE0 *)
0.0198 s 234849385277.4589 (* Average Power for rapl:::MAXIMUM_POWER:PACKAGE1 *)
0.0198 s 231965035892.7958 (* Average Power for rapl:::MAXIMUM_TIME_WINDOW:PACKAGE0 *)
0.0198 s 231965035892.7958 (* Average Power for rapl:::MAXIMUM_TIME_WINDOW:PACKAGE1 *)
0.0198 s 1.3448 (* Total Energy for rapl:::PACKAGE_ENERGY:PACKAGE0 *)
0.0198 s 68.0125 (* Average Power for rapl:::PACKAGE_ENERGY:PACKAGE0 *)
0.0198 s 2.1606 (* Total Energy for rapl:::PACKAGE_ENERGY:PACKAGE1 *)
0.0198 s 109.2663 (* Average Power for rapl:::PACKAGE_ENERGY:PACKAGE1 *)
0.0198 s 14.8949 (* Average Power for rapl:::DRAM_ENERGY:PACKAGE0 *)
0.0198 s 22.0954 (* Average Power for rapl:::DRAM_ENERGY:PACKAGE1 *)
0.0198 s 0.0000 (* Average Power for rapl:::PP0_ENERGY:PACKAGE0 *)
0.0198 s 0.0000 (* Average Power for rapl:::PP0_ENERGY:PACKAGE1 *)
Total Time for Obtaining Degrees of Vertices  0.019737 
==Update Starts =======
root111=0
root=447075
Max height=202
Total Time for Creating Initial Rooted Tree at iter 1 is 1.617592 with Type:1
Found rapl component at cid 2
Found: rapl:::THERMAL_SPEC_CNT:PACKAGE0
Found: rapl:::THERMAL_SPEC_CNT:PACKAGE1
Found: rapl:::MINIMUM_POWER_CNT:PACKAGE0
Found: rapl:::MINIMUM_POWER_CNT:PACKAGE1
Found: rapl:::MAXIMUM_POWER_CNT:PACKAGE0
Found: rapl:::MAXIMUM_POWER_CNT:PACKAGE1
Found: rapl:::MAXIMUM_TIME_WINDOW_CNT:PACKAGE0
Found: rapl:::MAXIMUM_TIME_WINDOW_CNT:PACKAGE1
Found: rapl:::PACKAGE_ENERGY_CNT:PACKAGE0
Found: rapl:::PACKAGE_ENERGY_CNT:PACKAGE1
Found: rapl:::DRAM_ENERGY_CNT:PACKAGE0
Found: rapl:::DRAM_ENERGY_CNT:PACKAGE1
Found: rapl:::PP0_ENERGY_CNT:PACKAGE0
Found: rapl:::PP0_ENERGY_CNT:PACKAGE1
Found: rapl:::THERMAL_SPEC:PACKAGE0
Found: rapl:::THERMAL_SPEC:PACKAGE1
Found: rapl:::MINIMUM_POWER:PACKAGE0
Found: rapl:::MINIMUM_POWER:PACKAGE1
Found: rapl:::MAXIMUM_POWER:PACKAGE0
Found: rapl:::MAXIMUM_POWER:PACKAGE1
Found: rapl:::MAXIMUM_TIME_WINDOW:PACKAGE0
Found: rapl:::MAXIMUM_TIME_WINDOW:PACKAGE1
Found: rapl:::PACKAGE_ENERGY:PACKAGE0
Found: rapl:::PACKAGE_ENERGY:PACKAGE1
Found: rapl:::DRAM_ENERGY:PACKAGE0
Found: rapl:::DRAM_ENERGY:PACKAGE1
Found: rapl:::PP0_ENERGY:PACKAGE0
Found: rapl:::PP0_ENERGY:PACKAGE1
Starting Classify and Insert
Classify 999999 999999  
Time for insertion Flag  0.596860
Deleted Edges: 28836 
Processed Inserts: 236625
 Unprocessed Inserts: 839
 0.6033 s 0.0000 (* Average Power for rapl:::THERMAL_SPEC_CNT:PACKAGE0 *)
0.6033 s 0.0000 (* Average Power for rapl:::THERMAL_SPEC_CNT:PACKAGE1 *)
0.6033 s 0.0000 (* Average Power for rapl:::MINIMUM_POWER_CNT:PACKAGE0 *)
0.6033 s 0.0000 (* Average Power for rapl:::MINIMUM_POWER_CNT:PACKAGE1 *)
0.6033 s 0.0000 (* Average Power for rapl:::MAXIMUM_POWER_CNT:PACKAGE0 *)
0.6033 s 0.0000 (* Average Power for rapl:::MAXIMUM_POWER_CNT:PACKAGE1 *)
0.6033 s 0.0000 (* Average Power for rapl:::MAXIMUM_TIME_WINDOW_CNT:PACKAGE0 *)
0.6033 s 0.0000 (* Average Power for rapl:::MAXIMUM_TIME_WINDOW_CNT:PACKAGE1 *)
0.6033 s 0.0006 (* Average Power for rapl:::PACKAGE_ENERGY_CNT:PACKAGE0 *)
0.6033 s 0.0011 (* Average Power for rapl:::PACKAGE_ENERGY_CNT:PACKAGE1 *)
0.6033 s 0.0009 (* Average Power for rapl:::DRAM_ENERGY_CNT:PACKAGE0 *)
0.6033 s 0.0010 (* Average Power for rapl:::DRAM_ENERGY_CNT:PACKAGE1 *)
0.6033 s 0.0000 (* Average Power for rapl:::PP0_ENERGY_CNT:PACKAGE0 *)
0.6033 s 0.0000 (* Average Power for rapl:::PP0_ENERGY_CNT:PACKAGE1 *)
0.6033 s 7690372042.1225 (* Average Power for rapl:::THERMAL_SPEC:PACKAGE0 *)
0.6033 s 7690372042.1225 (* Average Power for rapl:::THERMAL_SPEC:PACKAGE1 *)
0.6033 s 7682498359.0743 (* Average Power for rapl:::MINIMUM_POWER:PACKAGE0 *)
0.6033 s 7682498359.0743 (* Average Power for rapl:::MINIMUM_POWER:PACKAGE1 *)
0.6033 s 7697837460.1238 (* Average Power for rapl:::MAXIMUM_POWER:PACKAGE0 *)
0.6033 s 7697837460.1238 (* Average Power for rapl:::MAXIMUM_POWER:PACKAGE1 *)
0.6033 s 7603294939.9672 (* Average Power for rapl:::MAXIMUM_TIME_WINDOW:PACKAGE0 *)
0.6033 s 7603294939.9672 (* Average Power for rapl:::MAXIMUM_TIME_WINDOW:PACKAGE1 *)
0.6033 s 23.0986 (* Total Energy for rapl:::PACKAGE_ENERGY:PACKAGE0 *)
0.6033 s 38.2896 (* Average Power for rapl:::PACKAGE_ENERGY:PACKAGE0 *)
0.6033 s 39.0336 (* Total Energy for rapl:::PACKAGE_ENERGY:PACKAGE1 *)
0.6033 s 64.7043 (* Average Power for rapl:::PACKAGE_ENERGY:PACKAGE1 *)
0.6033 s 13.7903 (* Average Power for rapl:::DRAM_ENERGY:PACKAGE0 *)
0.6033 s 15.5608 (* Average Power for rapl:::DRAM_ENERGY:PACKAGE1 *)
0.6033 s 0.0000 (* Average Power for rapl:::PP0_ENERGY:PACKAGE0 *)
0.6033 s 0.0000 (* Average Power for rapl:::PP0_ENERGY:PACKAGE1 *)
Time for Classify and insert  0.603232 
Found rapl component at cid 2
Found: rapl:::THERMAL_SPEC_CNT:PACKAGE0
Found: rapl:::THERMAL_SPEC_CNT:PACKAGE1
Found: rapl:::MINIMUM_POWER_CNT:PACKAGE0
Found: rapl:::MINIMUM_POWER_CNT:PACKAGE1
Found: rapl:::MAXIMUM_POWER_CNT:PACKAGE0
Found: rapl:::MAXIMUM_POWER_CNT:PACKAGE1
Found: rapl:::MAXIMUM_TIME_WINDOW_CNT:PACKAGE0
Found: rapl:::MAXIMUM_TIME_WINDOW_CNT:PACKAGE1
Found: rapl:::PACKAGE_ENERGY_CNT:PACKAGE0
Found: rapl:::PACKAGE_ENERGY_CNT:PACKAGE1
Found: rapl:::DRAM_ENERGY_CNT:PACKAGE0
Found: rapl:::DRAM_ENERGY_CNT:PACKAGE1
Found: rapl:::PP0_ENERGY_CNT:PACKAGE0
Found: rapl:::PP0_ENERGY_CNT:PACKAGE1
Found: rapl:::THERMAL_SPEC:PACKAGE0
Found: rapl:::THERMAL_SPEC:PACKAGE1
Found: rapl:::MINIMUM_POWER:PACKAGE0
Found: rapl:::MINIMUM_POWER:PACKAGE1
Found: rapl:::MAXIMUM_POWER:PACKAGE0
Found: rapl:::MAXIMUM_POWER:PACKAGE1
Found: rapl:::MAXIMUM_TIME_WINDOW:PACKAGE0
Found: rapl:::MAXIMUM_TIME_WINDOW:PACKAGE1
Found: rapl:::PACKAGE_ENERGY:PACKAGE0
Found: rapl:::PACKAGE_ENERGY:PACKAGE1
Found: rapl:::DRAM_ENERGY:PACKAGE0
Found: rapl:::DRAM_ENERGY:PACKAGE1
Found: rapl:::PP0_ENERGY:PACKAGE0
Found: rapl:::PP0_ENERGY:PACKAGE1
Starting process_deletions
done updating maXE 
0.5173 s 0.0000 (* Average Power for rapl:::THERMAL_SPEC_CNT:PACKAGE0 *)
0.5173 s 0.0000 (* Average Power for rapl:::THERMAL_SPEC_CNT:PACKAGE1 *)
0.5173 s 0.0000 (* Average Power for rapl:::MINIMUM_POWER_CNT:PACKAGE0 *)
0.5173 s 0.0000 (* Average Power for rapl:::MINIMUM_POWER_CNT:PACKAGE1 *)
0.5173 s 0.0000 (* Average Power for rapl:::MAXIMUM_POWER_CNT:PACKAGE0 *)
0.5173 s 0.0000 (* Average Power for rapl:::MAXIMUM_POWER_CNT:PACKAGE1 *)
0.5173 s 0.0000 (* Average Power for rapl:::MAXIMUM_TIME_WINDOW_CNT:PACKAGE0 *)
0.5173 s 0.0000 (* Average Power for rapl:::MAXIMUM_TIME_WINDOW_CNT:PACKAGE1 *)
0.5173 s 0.0008 (* Average Power for rapl:::PACKAGE_ENERGY_CNT:PACKAGE0 *)
0.5173 s 0.0016 (* Average Power for rapl:::PACKAGE_ENERGY_CNT:PACKAGE1 *)
0.5173 s 0.0009 (* Average Power for rapl:::DRAM_ENERGY_CNT:PACKAGE0 *)
0.5173 s 0.0010 (* Average Power for rapl:::DRAM_ENERGY_CNT:PACKAGE1 *)
0.5173 s 0.0000 (* Average Power for rapl:::PP0_ENERGY_CNT:PACKAGE0 *)
0.5173 s 0.0000 (* Average Power for rapl:::PP0_ENERGY_CNT:PACKAGE1 *)
0.5173 s 8967651339.5497 (* Average Power for rapl:::THERMAL_SPEC:PACKAGE0 *)
0.5173 s 8967651339.5497 (* Average Power for rapl:::THERMAL_SPEC:PACKAGE1 *)
0.5173 s 8958469931.4270 (* Average Power for rapl:::MINIMUM_POWER:PACKAGE0 *)
0.5173 s 8958469931.4270 (* Average Power for rapl:::MINIMUM_POWER:PACKAGE1 *)
0.5173 s 8976356674.6587 (* Average Power for rapl:::MAXIMUM_POWER:PACKAGE0 *)
0.5173 s 8976356674.6587 (* Average Power for rapl:::MAXIMUM_POWER:PACKAGE1 *)
0.5173 s 8866111766.7554 (* Average Power for rapl:::MAXIMUM_TIME_WINDOW:PACKAGE0 *)
0.5173 s 8866111766.7554 (* Average Power for rapl:::MAXIMUM_TIME_WINDOW:PACKAGE1 *)
0.5173 s 26.1543 (* Total Energy for rapl:::PACKAGE_ENERGY:PACKAGE0 *)
0.5173 s 50.5555 (* Average Power for rapl:::PACKAGE_ENERGY:PACKAGE0 *)
0.5173 s 51.3873 (* Total Energy for rapl:::PACKAGE_ENERGY:PACKAGE1 *)
0.5173 s 99.3303 (* Average Power for rapl:::PACKAGE_ENERGY:PACKAGE1 *)
0.5173 s 14.2413 (* Average Power for rapl:::DRAM_ENERGY:PACKAGE0 *)
0.5173 s 15.7240 (* Average Power for rapl:::DRAM_ENERGY:PACKAGE1 *)
0.5173 s 0.0000 (* Average Power for rapl:::PP0_ENERGY:PACKAGE0 *)
0.5173 s 0.0000 (* Average Power for rapl:::PP0_ENERGY:PACKAGE1 *)
Time for Deletion  0.517308 
Total Time for Updating at Batch 1 is 1.121469 
=======
Total Time for Updating  2.776944 
	Command being timed: "/home/users/norris/research/easy-parallel-graph/autoperf/mst/lib/xpscode/MST_May5/a.out /home/users/norris/research/easy-parallel-graph/experiment/datasets/com-lj-org-weighted.diff /home/users/norris/research/easy-parallel-graph/experiment/datasets/com-lj-org-weighted.cert /home/users/norris/research/easy-parallel-graph/experiment/datasets/com-lj-org-weighted_changed_75i_1000000S 100 4036538 1000000 16 100"
	User time (seconds): 36.23
	System time (seconds): 0.76
	Percent of CPU this job got: 134%
	Elapsed (wall clock) time (h:mm:ss or m:ss): 0:27.55
	Average shared text size (kbytes): 0
	Average unshared data size (kbytes): 0
	Average stack size (kbytes): 0
	Average total size (kbytes): 0
	Maximum resident set size (kbytes): 742228
	Average resident set size (kbytes): 0
	Major (requiring I/O) page faults: 0
	Minor (reclaiming a frame) page faults: 69899
	Voluntary context switches: 242
	Involuntary context switches: 55
	Swaps: 0
	File system inputs: 0
	File system outputs: 32
	Socket messages sent: 0
	Socket messages received: 0
	Signals delivered: 0
	Page size (bytes): 4096
	Exit status: 0
Highest Edge Value 10 --
Time Taken for Initializing Memory 0.099352 
Total Time for Reading Remainder Edges 19.208207 
Total Time for Reading Certificate Network 4.644103 
Total Time for Reading Update List 0.411042 
Found rapl component at cid 2
Found: rapl:::THERMAL_SPEC_CNT:PACKAGE0
Found: rapl:::THERMAL_SPEC_CNT:PACKAGE1
Found: rapl:::MINIMUM_POWER_CNT:PACKAGE0
Found: rapl:::MINIMUM_POWER_CNT:PACKAGE1
Found: rapl:::MAXIMUM_POWER_CNT:PACKAGE0
Found: rapl:::MAXIMUM_POWER_CNT:PACKAGE1
Found: rapl:::MAXIMUM_TIME_WINDOW_CNT:PACKAGE0
Found: rapl:::MAXIMUM_TIME_WINDOW_CNT:PACKAGE1
Found: rapl:::PACKAGE_ENERGY_CNT:PACKAGE0
Found: rapl:::PACKAGE_ENERGY_CNT:PACKAGE1
Found: rapl:::DRAM_ENERGY_CNT:PACKAGE0
Found: rapl:::DRAM_ENERGY_CNT:PACKAGE1
Found: rapl:::PP0_ENERGY_CNT:PACKAGE0
Found: rapl:::PP0_ENERGY_CNT:PACKAGE1
Found: rapl:::THERMAL_SPEC:PACKAGE0
Found: rapl:::THERMAL_SPEC:PACKAGE1
Found: rapl:::MINIMUM_POWER:PACKAGE0
Found: rapl:::MINIMUM_POWER:PACKAGE1
Found: rapl:::MAXIMUM_POWER:PACKAGE0
Found: rapl:::MAXIMUM_POWER:PACKAGE1
Found: rapl:::MAXIMUM_TIME_WINDOW:PACKAGE0
Found: rapl:::MAXIMUM_TIME_WINDOW:PACKAGE1
Found: rapl:::PACKAGE_ENERGY:PACKAGE0
Found: rapl:::PACKAGE_ENERGY:PACKAGE1
Found: rapl:::DRAM_ENERGY:PACKAGE0
Found: rapl:::DRAM_ENERGY:PACKAGE1
Found: rapl:::PP0_ENERGY:PACKAGE0
Found: rapl:::PP0_ENERGY:PACKAGE1
Starting creation of rooted tree
0.0250 s 0.0000 (* Average Power for rapl:::THERMAL_SPEC_CNT:PACKAGE0 *)
0.0250 s 0.0000 (* Average Power for rapl:::THERMAL_SPEC_CNT:PACKAGE1 *)
0.0250 s 0.0000 (* Average Power for rapl:::MINIMUM_POWER_CNT:PACKAGE0 *)
0.0250 s 0.0000 (* Average Power for rapl:::MINIMUM_POWER_CNT:PACKAGE1 *)
0.0250 s 0.0001 (* Average Power for rapl:::MAXIMUM_POWER_CNT:PACKAGE0 *)
0.0250 s 0.0001 (* Average Power for rapl:::MAXIMUM_POWER_CNT:PACKAGE1 *)
0.0250 s 0.0000 (* Average Power for rapl:::MAXIMUM_TIME_WINDOW_CNT:PACKAGE0 *)
0.0250 s 0.0000 (* Average Power for rapl:::MAXIMUM_TIME_WINDOW_CNT:PACKAGE1 *)
0.0250 s 0.0011 (* Average Power for rapl:::PACKAGE_ENERGY_CNT:PACKAGE0 *)
0.0250 s 0.0016 (* Average Power for rapl:::PACKAGE_ENERGY_CNT:PACKAGE1 *)
0.0250 s 0.0010 (* Average Power for rapl:::DRAM_ENERGY_CNT:PACKAGE0 *)
0.0250 s 0.0013 (* Average Power for rapl:::DRAM_ENERGY_CNT:PACKAGE1 *)
0.0250 s 0.0000 (* Average Power for rapl:::PP0_ENERGY_CNT:PACKAGE0 *)
0.0250 s 0.0000 (* Average Power for rapl:::PP0_ENERGY_CNT:PACKAGE1 *)
0.0250 s 185637277322.6587 (* Average Power for rapl:::THERMAL_SPEC:PACKAGE0 *)
0.0250 s 185637277322.6587 (* Average Power for rapl:::THERMAL_SPEC:PACKAGE1 *)
0.0250 s 185447215115.5816 (* Average Power for rapl:::MINIMUM_POWER:PACKAGE0 *)
0.0250 s 185447215115.5816 (* Average Power for rapl:::MINIMUM_POWER:PACKAGE1 *)
0.0250 s 185817484452.3317 (* Average Power for rapl:::MAXIMUM_POWER:PACKAGE0 *)
0.0250 s 185817484452.3317 (* Average Power for rapl:::MAXIMUM_POWER:PACKAGE1 *)
0.0250 s 183535330099.2065 (* Average Power for rapl:::MAXIMUM_TIME_WINDOW:PACKAGE0 *)
0.0250 s 183535330099.2065 (* Average Power for rapl:::MAXIMUM_TIME_WINDOW:PACKAGE1 *)
0.0250 s 1.6603 (* Total Energy for rapl:::PACKAGE_ENERGY:PACKAGE0 *)
0.0250 s 66.4369 (* Average Power for rapl:::PACKAGE_ENERGY:PACKAGE0 *)
0.0250 s 2.5095 (* Total Energy for rapl:::PACKAGE_ENERGY:PACKAGE1 *)
0.0250 s 100.4160 (* Average Power for rapl:::PACKAGE_ENERGY:PACKAGE1 *)
0.0250 s 15.3997 (* Average Power for rapl:::DRAM_ENERGY:PACKAGE0 *)
0.0250 s 20.4942 (* Average Power for rapl:::DRAM_ENERGY:PACKAGE1 *)
0.0250 s 0.0000 (* Average Power for rapl:::PP0_ENERGY:PACKAGE0 *)
0.0250 s 0.0000 (* Average Power for rapl:::PP0_ENERGY:PACKAGE1 *)
Total Time for Obtaining Degrees of Vertices  0.024953 
==Update Starts =======
root111=0
root=447075
Max height=202
Total Time for Creating Initial Rooted Tree at iter 1 is 1.612291 with Type:1
Found rapl component at cid 2
Found: rapl:::THERMAL_SPEC_CNT:PACKAGE0
Found: rapl:::THERMAL_SPEC_CNT:PACKAGE1
Found: rapl:::MINIMUM_POWER_CNT:PACKAGE0
Found: rapl:::MINIMUM_POWER_CNT:PACKAGE1
Found: rapl:::MAXIMUM_POWER_CNT:PACKAGE0
Found: rapl:::MAXIMUM_POWER_CNT:PACKAGE1
Found: rapl:::MAXIMUM_TIME_WINDOW_CNT:PACKAGE0
Found: rapl:::MAXIMUM_TIME_WINDOW_CNT:PACKAGE1
Found: rapl:::PACKAGE_ENERGY_CNT:PACKAGE0
Found: rapl:::PACKAGE_ENERGY_CNT:PACKAGE1
Found: rapl:::DRAM_ENERGY_CNT:PACKAGE0
Found: rapl:::DRAM_ENERGY_CNT:PACKAGE1
Found: rapl:::PP0_ENERGY_CNT:PACKAGE0
Found: rapl:::PP0_ENERGY_CNT:PACKAGE1
Found: rapl:::THERMAL_SPEC:PACKAGE0
Found: rapl:::THERMAL_SPEC:PACKAGE1
Found: rapl:::MINIMUM_POWER:PACKAGE0
Found: rapl:::MINIMUM_POWER:PACKAGE1
Found: rapl:::MAXIMUM_POWER:PACKAGE0
Found: rapl:::MAXIMUM_POWER:PACKAGE1
Found: rapl:::MAXIMUM_TIME_WINDOW:PACKAGE0
Found: rapl:::MAXIMUM_TIME_WINDOW:PACKAGE1
Found: rapl:::PACKAGE_ENERGY:PACKAGE0
Found: rapl:::PACKAGE_ENERGY:PACKAGE1
Found: rapl:::DRAM_ENERGY:PACKAGE0
Found: rapl:::DRAM_ENERGY:PACKAGE1
Found: rapl:::PP0_ENERGY:PACKAGE0
Found: rapl:::PP0_ENERGY:PACKAGE1
Starting Classify and Insert
Classify 999999 999999  
Time for insertion Flag  0.626902
Deleted Edges: 28836 
Processed Inserts: 236602
 Unprocessed Inserts: 839
 0.6333 s 0.0000 (* Average Power for rapl:::THERMAL_SPEC_CNT:PACKAGE0 *)
0.6333 s 0.0000 (* Average Power for rapl:::THERMAL_SPEC_CNT:PACKAGE1 *)
0.6333 s 0.0000 (* Average Power for rapl:::MINIMUM_POWER_CNT:PACKAGE0 *)
0.6333 s 0.0000 (* Average Power for rapl:::MINIMUM_POWER_CNT:PACKAGE1 *)
0.6333 s 0.0000 (* Average Power for rapl:::MAXIMUM_POWER_CNT:PACKAGE0 *)
0.6333 s 0.0000 (* Average Power for rapl:::MAXIMUM_POWER_CNT:PACKAGE1 *)
0.6333 s 0.0000 (* Average Power for rapl:::MAXIMUM_TIME_WINDOW_CNT:PACKAGE0 *)
0.6333 s 0.0000 (* Average Power for rapl:::MAXIMUM_TIME_WINDOW_CNT:PACKAGE1 *)
0.6333 s 0.0013 (* Average Power for rapl:::PACKAGE_ENERGY_CNT:PACKAGE0 *)
0.6333 s 0.0014 (* Average Power for rapl:::PACKAGE_ENERGY_CNT:PACKAGE1 *)
0.6333 s 0.0009 (* Average Power for rapl:::DRAM_ENERGY_CNT:PACKAGE0 *)
0.6333 s 0.0010 (* Average Power for rapl:::DRAM_ENERGY_CNT:PACKAGE1 *)
0.6333 s 0.0000 (* Average Power for rapl:::PP0_ENERGY_CNT:PACKAGE0 *)
0.6333 s 0.0000 (* Average Power for rapl:::PP0_ENERGY_CNT:PACKAGE1 *)
0.6333 s 7325343809.2117 (* Average Power for rapl:::THERMAL_SPEC:PACKAGE0 *)
0.6333 s 7325343809.2117 (* Average Power for rapl:::THERMAL_SPEC:PACKAGE1 *)
0.6333 s 7317843855.3659 (* Average Power for rapl:::MINIMUM_POWER:PACKAGE0 *)
0.6333 s 7317843855.3659 (* Average Power for rapl:::MINIMUM_POWER:PACKAGE1 *)
0.6333 s 7332454876.5617 (* Average Power for rapl:::MAXIMUM_POWER:PACKAGE0 *)
0.6333 s 7332454876.5617 (* Average Power for rapl:::MAXIMUM_POWER:PACKAGE1 *)
0.6333 s 7242399875.1987 (* Average Power for rapl:::MAXIMUM_TIME_WINDOW:PACKAGE0 *)
0.6333 s 7242399875.1987 (* Average Power for rapl:::MAXIMUM_TIME_WINDOW:PACKAGE1 *)
0.6333 s 49.7692 (* Total Energy for rapl:::PACKAGE_ENERGY:PACKAGE0 *)
0.6333 s 78.5843 (* Average Power for rapl:::PACKAGE_ENERGY:PACKAGE0 *)
0.6333 s 53.0632 (* Total Energy for rapl:::PACKAGE_ENERGY:PACKAGE1 *)
0.6333 s 83.7855 (* Average Power for rapl:::PACKAGE_ENERGY:PACKAGE1 *)
0.6333 s 14.3408 (* Average Power for rapl:::DRAM_ENERGY:PACKAGE0 *)
0.6333 s 15.4765 (* Average Power for rapl:::DRAM_ENERGY:PACKAGE1 *)
0.6333 s 0.0000 (* Average Power for rapl:::PP0_ENERGY:PACKAGE0 *)
0.6333 s 0.0000 (* Average Power for rapl:::PP0_ENERGY:PACKAGE1 *)
Time for Classify and insert  0.633293 
Found rapl component at cid 2
Found: rapl:::THERMAL_SPEC_CNT:PACKAGE0
Found: rapl:::THERMAL_SPEC_CNT:PACKAGE1
Found: rapl:::MINIMUM_POWER_CNT:PACKAGE0
Found: rapl:::MINIMUM_POWER_CNT:PACKAGE1
Found: rapl:::MAXIMUM_POWER_CNT:PACKAGE0
Found: rapl:::MAXIMUM_POWER_CNT:PACKAGE1
Found: rapl:::MAXIMUM_TIME_WINDOW_CNT:PACKAGE0
Found: rapl:::MAXIMUM_TIME_WINDOW_CNT:PACKAGE1
Found: rapl:::PACKAGE_ENERGY_CNT:PACKAGE0
Found: rapl:::PACKAGE_ENERGY_CNT:PACKAGE1
Found: rapl:::DRAM_ENERGY_CNT:PACKAGE0
Found: rapl:::DRAM_ENERGY_CNT:PACKAGE1
Found: rapl:::PP0_ENERGY_CNT:PACKAGE0
Found: rapl:::PP0_ENERGY_CNT:PACKAGE1
Found: rapl:::THERMAL_SPEC:PACKAGE0
Found: rapl:::THERMAL_SPEC:PACKAGE1
Found: rapl:::MINIMUM_POWER:PACKAGE0
Found: rapl:::MINIMUM_POWER:PACKAGE1
Found: rapl:::MAXIMUM_POWER:PACKAGE0
Found: rapl:::MAXIMUM_POWER:PACKAGE1
Found: rapl:::MAXIMUM_TIME_WINDOW:PACKAGE0
Found: rapl:::MAXIMUM_TIME_WINDOW:PACKAGE1
Found: rapl:::PACKAGE_ENERGY:PACKAGE0
Found: rapl:::PACKAGE_ENERGY:PACKAGE1
Found: rapl:::DRAM_ENERGY:PACKAGE0
Found: rapl:::DRAM_ENERGY:PACKAGE1
Found: rapl:::PP0_ENERGY:PACKAGE0
Found: rapl:::PP0_ENERGY:PACKAGE1
Starting process_deletions
done updating maXE 
0.6241 s 0.0000 (* Average Power for rapl:::THERMAL_SPEC_CNT:PACKAGE0 *)
0.6241 s 0.0000 (* Average Power for rapl:::THERMAL_SPEC_CNT:PACKAGE1 *)
0.6241 s 0.0000 (* Average Power for rapl:::MINIMUM_POWER_CNT:PACKAGE0 *)
0.6241 s 0.0000 (* Average Power for rapl:::MINIMUM_POWER_CNT:PACKAGE1 *)
0.6241 s 0.0000 (* Average Power for rapl:::MAXIMUM_POWER_CNT:PACKAGE0 *)
0.6241 s 0.0000 (* Average Power for rapl:::MAXIMUM_POWER_CNT:PACKAGE1 *)
0.6241 s 0.0000 (* Average Power for rapl:::MAXIMUM_TIME_WINDOW_CNT:PACKAGE0 *)
0.6241 s 0.0000 (* Average Power for rapl:::MAXIMUM_TIME_WINDOW_CNT:PACKAGE1 *)
0.6241 s 0.0014 (* Average Power for rapl:::PACKAGE_ENERGY_CNT:PACKAGE0 *)
0.6241 s 0.0017 (* Average Power for rapl:::PACKAGE_ENERGY_CNT:PACKAGE1 *)
0.6241 s 0.0009 (* Average Power for rapl:::DRAM_ENERGY_CNT:PACKAGE0 *)
0.6241 s 0.0010 (* Average Power for rapl:::DRAM_ENERGY_CNT:PACKAGE1 *)
0.6241 s 0.0000 (* Average Power for rapl:::PP0_ENERGY_CNT:PACKAGE0 *)
0.6241 s 0.0000 (* Average Power for rapl:::PP0_ENERGY_CNT:PACKAGE1 *)
0.6241 s 7433766216.1908 (* Average Power for rapl:::THERMAL_SPEC:PACKAGE0 *)
0.6241 s 7433766216.1908 (* Average Power for rapl:::THERMAL_SPEC:PACKAGE1 *)
0.6241 s 7426155255.5350 (* Average Power for rapl:::MINIMUM_POWER:PACKAGE0 *)
0.6241 s 7426155255.5350 (* Average Power for rapl:::MINIMUM_POWER:PACKAGE1 *)
0.6241 s 7440982534.4421 (* Average Power for rapl:::MAXIMUM_POWER:PACKAGE0 *)
0.6241 s 7440982534.4421 (* Average Power for rapl:::MAXIMUM_POWER:PACKAGE1 *)
0.6241 s 7349594629.0868 (* Average Power for rapl:::MAXIMUM_TIME_WINDOW:PACKAGE0 *)
0.6241 s 7349594629.0868 (* Average Power for rapl:::MAXIMUM_TIME_WINDOW:PACKAGE1 *)
0.6241 s 54.3917 (* Total Energy for rapl:::PACKAGE_ENERGY:PACKAGE0 *)
0.6241 s 87.1542 (* Average Power for rapl:::PACKAGE_ENERGY:PACKAGE0 *)
0.6241 s 65.1624 (* Total Energy for rapl:::PACKAGE_ENERGY:PACKAGE1 *)
0.6241 s 104.4126 (* Average Power for rapl:::PACKAGE_ENERGY:PACKAGE1 *)
0.6241 s 14.4091 (* Average Power for rapl:::DRAM_ENERGY:PACKAGE0 *)
0.6241 s 15.8301 (* Average Power for rapl:::DRAM_ENERGY:PACKAGE1 *)
0.6241 s 0.0000 (* Average Power for rapl:::PP0_ENERGY:PACKAGE0 *)
0.6241 s 0.0000 (* Average Power for rapl:::PP0_ENERGY:PACKAGE1 *)
Time for Deletion  0.624059 
Total Time for Updating at Batch 1 is 1.258189 
=======
Total Time for Updating  2.909256 
	Command being timed: "/home/users/norris/research/easy-parallel-graph/autoperf/mst/lib/xpscode/MST_May5/a.out /home/users/norris/research/easy-parallel-graph/experiment/datasets/com-lj-org-weighted.diff /home/users/norris/research/easy-parallel-graph/experiment/datasets/com-lj-org-weighted.cert /home/users/norris/research/easy-parallel-graph/experiment/datasets/com-lj-org-weighted_changed_75i_1000000S 100 4036538 1000000 16 100"
	User time (seconds): 37.96
	System time (seconds): 0.71
	Percent of CPU this job got: 139%
	Elapsed (wall clock) time (h:mm:ss or m:ss): 0:27.70
	Average shared text size (kbytes): 0
	Average unshared data size (kbytes): 0
	Average stack size (kbytes): 0
	Average total size (kbytes): 0
	Maximum resident set size (kbytes): 744944
	Average resident set size (kbytes): 0
	Major (requiring I/O) page faults: 0
	Minor (reclaiming a frame) page faults: 73470
	Voluntary context switches: 501
	Involuntary context switches: 39
	Swaps: 0
	File system inputs: 0
	File system outputs: 32
	Socket messages sent: 0
	Socket messages received: 0
	Signals delivered: 0
	Page size (bytes): 4096
	Exit status: 0
Highest Edge Value 10 --
Time Taken for Initializing Memory 0.079577 
Total Time for Reading Remainder Edges 19.212370 
Total Time for Reading Certificate Network 4.635919 
Total Time for Reading Update List 0.409471 
Found rapl component at cid 2
Found: rapl:::THERMAL_SPEC_CNT:PACKAGE0
Found: rapl:::THERMAL_SPEC_CNT:PACKAGE1
Found: rapl:::MINIMUM_POWER_CNT:PACKAGE0
Found: rapl:::MINIMUM_POWER_CNT:PACKAGE1
Found: rapl:::MAXIMUM_POWER_CNT:PACKAGE0
Found: rapl:::MAXIMUM_POWER_CNT:PACKAGE1
Found: rapl:::MAXIMUM_TIME_WINDOW_CNT:PACKAGE0
Found: rapl:::MAXIMUM_TIME_WINDOW_CNT:PACKAGE1
Found: rapl:::PACKAGE_ENERGY_CNT:PACKAGE0
Found: rapl:::PACKAGE_ENERGY_CNT:PACKAGE1
Found: rapl:::DRAM_ENERGY_CNT:PACKAGE0
Found: rapl:::DRAM_ENERGY_CNT:PACKAGE1
Found: rapl:::PP0_ENERGY_CNT:PACKAGE0
Found: rapl:::PP0_ENERGY_CNT:PACKAGE1
Found: rapl:::THERMAL_SPEC:PACKAGE0
Found: rapl:::THERMAL_SPEC:PACKAGE1
Found: rapl:::MINIMUM_POWER:PACKAGE0
Found: rapl:::MINIMUM_POWER:PACKAGE1
Found: rapl:::MAXIMUM_POWER:PACKAGE0
Found: rapl:::MAXIMUM_POWER:PACKAGE1
Found: rapl:::MAXIMUM_TIME_WINDOW:PACKAGE0
Found: rapl:::MAXIMUM_TIME_WINDOW:PACKAGE1
Found: rapl:::PACKAGE_ENERGY:PACKAGE0
Found: rapl:::PACKAGE_ENERGY:PACKAGE1
Found: rapl:::DRAM_ENERGY:PACKAGE0
Found: rapl:::DRAM_ENERGY:PACKAGE1
Found: rapl:::PP0_ENERGY:PACKAGE0
Found: rapl:::PP0_ENERGY:PACKAGE1
Starting creation of rooted tree
0.0306 s 0.0000 (* Average Power for rapl:::THERMAL_SPEC_CNT:PACKAGE0 *)
0.0306 s 0.0000 (* Average Power for rapl:::THERMAL_SPEC_CNT:PACKAGE1 *)
0.0306 s 0.0000 (* Average Power for rapl:::MINIMUM_POWER_CNT:PACKAGE0 *)
0.0306 s 0.0000 (* Average Power for rapl:::MINIMUM_POWER_CNT:PACKAGE1 *)
0.0306 s 0.0001 (* Average Power for rapl:::MAXIMUM_POWER_CNT:PACKAGE0 *)
0.0306 s 0.0001 (* Average Power for rapl:::MAXIMUM_POWER_CNT:PACKAGE1 *)
0.0306 s 0.0000 (* Average Power for rapl:::MAXIMUM_TIME_WINDOW_CNT:PACKAGE0 *)
0.0306 s 0.0000 (* Average Power for rapl:::MAXIMUM_TIME_WINDOW_CNT:PACKAGE1 *)
0.0306 s 0.0008 (* Average Power for rapl:::PACKAGE_ENERGY_CNT:PACKAGE0 *)
0.0306 s 0.0016 (* Average Power for rapl:::PACKAGE_ENERGY_CNT:PACKAGE1 *)
0.0306 s 0.0010 (* Average Power for rapl:::DRAM_ENERGY_CNT:PACKAGE0 *)
0.0306 s 0.0013 (* Average Power for rapl:::DRAM_ENERGY_CNT:PACKAGE1 *)
0.0306 s 0.0000 (* Average Power for rapl:::PP0_ENERGY_CNT:PACKAGE0 *)
0.0306 s 0.0000 (* Average Power for rapl:::PP0_ENERGY_CNT:PACKAGE1 *)
0.0306 s 151712544849.5259 (* Average Power for rapl:::THERMAL_SPEC:PACKAGE0 *)
0.0306 s 151712544849.5259 (* Average Power for rapl:::THERMAL_SPEC:PACKAGE1 *)
0.0306 s 151557216019.3941 (* Average Power for rapl:::MINIMUM_POWER:PACKAGE0 *)
0.0306 s 151557216019.3941 (* Average Power for rapl:::MINIMUM_POWER:PACKAGE1 *)
0.0306 s 151859819592.1694 (* Average Power for rapl:::MAXIMUM_POWER:PACKAGE0 *)
0.0306 s 151859819592.1694 (* Average Power for rapl:::MAXIMUM_POWER:PACKAGE1 *)
0.0306 s 149994723046.6611 (* Average Power for rapl:::MAXIMUM_TIME_WINDOW:PACKAGE0 *)
0.0306 s 149994723046.6611 (* Average Power for rapl:::MAXIMUM_TIME_WINDOW:PACKAGE1 *)
0.0306 s 1.5691 (* Total Energy for rapl:::PACKAGE_ENERGY:PACKAGE0 *)
0.0306 s 51.3118 (* Average Power for rapl:::PACKAGE_ENERGY:PACKAGE0 *)
0.0306 s 3.0653 (* Total Energy for rapl:::PACKAGE_ENERGY:PACKAGE1 *)
0.0306 s 100.2403 (* Average Power for rapl:::PACKAGE_ENERGY:PACKAGE1 *)
0.0306 s 14.9851 (* Average Power for rapl:::DRAM_ENERGY:PACKAGE0 *)
0.0306 s 19.7055 (* Average Power for rapl:::DRAM_ENERGY:PACKAGE1 *)
0.0306 s 0.0000 (* Average Power for rapl:::PP0_ENERGY:PACKAGE0 *)
0.0306 s 0.0000 (* Average Power for rapl:::PP0_ENERGY:PACKAGE1 *)
Total Time for Obtaining Degrees of Vertices  0.030542 
==Update Starts =======
root111=0
root=447075
Max height=202
Total Time for Creating Initial Rooted Tree at iter 1 is 1.629806 with Type:1
Found rapl component at cid 2
Found: rapl:::THERMAL_SPEC_CNT:PACKAGE0
Found: rapl:::THERMAL_SPEC_CNT:PACKAGE1
Found: rapl:::MINIMUM_POWER_CNT:PACKAGE0
Found: rapl:::MINIMUM_POWER_CNT:PACKAGE1
Found: rapl:::MAXIMUM_POWER_CNT:PACKAGE0
Found: rapl:::MAXIMUM_POWER_CNT:PACKAGE1
Found: rapl:::MAXIMUM_TIME_WINDOW_CNT:PACKAGE0
Found: rapl:::MAXIMUM_TIME_WINDOW_CNT:PACKAGE1
Found: rapl:::PACKAGE_ENERGY_CNT:PACKAGE0
Found: rapl:::PACKAGE_ENERGY_CNT:PACKAGE1
Found: rapl:::DRAM_ENERGY_CNT:PACKAGE0
Found: rapl:::DRAM_ENERGY_CNT:PACKAGE1
Found: rapl:::PP0_ENERGY_CNT:PACKAGE0
Found: rapl:::PP0_ENERGY_CNT:PACKAGE1
Found: rapl:::THERMAL_SPEC:PACKAGE0
Found: rapl:::THERMAL_SPEC:PACKAGE1
Found: rapl:::MINIMUM_POWER:PACKAGE0
Found: rapl:::MINIMUM_POWER:PACKAGE1
Found: rapl:::MAXIMUM_POWER:PACKAGE0
Found: rapl:::MAXIMUM_POWER:PACKAGE1
Found: rapl:::MAXIMUM_TIME_WINDOW:PACKAGE0
Found: rapl:::MAXIMUM_TIME_WINDOW:PACKAGE1
Found: rapl:::PACKAGE_ENERGY:PACKAGE0
Found: rapl:::PACKAGE_ENERGY:PACKAGE1
Found: rapl:::DRAM_ENERGY:PACKAGE0
Found: rapl:::DRAM_ENERGY:PACKAGE1
Found: rapl:::PP0_ENERGY:PACKAGE0
Found: rapl:::PP0_ENERGY:PACKAGE1
Starting Classify and Insert
Classify 999999 999999  
Time for insertion Flag  0.620075
Deleted Edges: 28836 
Processed Inserts: 236598
 Unprocessed Inserts: 793
 0.6265 s 0.0000 (* Average Power for rapl:::THERMAL_SPEC_CNT:PACKAGE0 *)
0.6265 s 0.0000 (* Average Power for rapl:::THERMAL_SPEC_CNT:PACKAGE1 *)
0.6265 s 0.0000 (* Average Power for rapl:::MINIMUM_POWER_CNT:PACKAGE0 *)
0.6265 s 0.0000 (* Average Power for rapl:::MINIMUM_POWER_CNT:PACKAGE1 *)
0.6265 s 0.0000 (* Average Power for rapl:::MAXIMUM_POWER_CNT:PACKAGE0 *)
0.6265 s 0.0000 (* Average Power for rapl:::MAXIMUM_POWER_CNT:PACKAGE1 *)
0.6265 s 0.0000 (* Average Power for rapl:::MAXIMUM_TIME_WINDOW_CNT:PACKAGE0 *)
0.6265 s 0.0000 (* Average Power for rapl:::MAXIMUM_TIME_WINDOW_CNT:PACKAGE1 *)
0.6265 s 0.0013 (* Average Power for rapl:::PACKAGE_ENERGY_CNT:PACKAGE0 *)
0.6265 s 0.0014 (* Average Power for rapl:::PACKAGE_ENERGY_CNT:PACKAGE1 *)
0.6265 s 0.0009 (* Average Power for rapl:::DRAM_ENERGY_CNT:PACKAGE0 *)
0.6265 s 0.0010 (* Average Power for rapl:::DRAM_ENERGY_CNT:PACKAGE1 *)
0.6265 s 0.0000 (* Average Power for rapl:::PP0_ENERGY_CNT:PACKAGE0 *)
0.6265 s 0.0000 (* Average Power for rapl:::PP0_ENERGY_CNT:PACKAGE1 *)
0.6265 s 7404774220.4128 (* Average Power for rapl:::THERMAL_SPEC:PACKAGE0 *)
0.6265 s 7404774220.4128 (* Average Power for rapl:::THERMAL_SPEC:PACKAGE1 *)
0.6265 s 7397192942.8184 (* Average Power for rapl:::MINIMUM_POWER:PACKAGE0 *)
0.6265 s 7397192942.8184 (* Average Power for rapl:::MINIMUM_POWER:PACKAGE1 *)
0.6265 s 7411962394.7244 (* Average Power for rapl:::MAXIMUM_POWER:PACKAGE0 *)
0.6265 s 7411962394.7244 (* Average Power for rapl:::MAXIMUM_POWER:PACKAGE1 *)
0.6265 s 7320930905.9806 (* Average Power for rapl:::MAXIMUM_TIME_WINDOW:PACKAGE0 *)
0.6265 s 7320930905.9806 (* Average Power for rapl:::MAXIMUM_TIME_WINDOW:PACKAGE1 *)
0.6265 s 49.1642 (* Total Energy for rapl:::PACKAGE_ENERGY:PACKAGE0 *)
0.6265 s 78.4707 (* Average Power for rapl:::PACKAGE_ENERGY:PACKAGE0 *)
0.6265 s 53.9197 (* Total Energy for rapl:::PACKAGE_ENERGY:PACKAGE1 *)
0.6265 s 86.0609 (* Average Power for rapl:::PACKAGE_ENERGY:PACKAGE1 *)
0.6265 s 14.3669 (* Average Power for rapl:::DRAM_ENERGY:PACKAGE0 *)
0.6265 s 15.5090 (* Average Power for rapl:::DRAM_ENERGY:PACKAGE1 *)
0.6265 s 0.0000 (* Average Power for rapl:::PP0_ENERGY:PACKAGE0 *)
0.6265 s 0.0000 (* Average Power for rapl:::PP0_ENERGY:PACKAGE1 *)
Time for Classify and insert  0.626499 
Found rapl component at cid 2
Found: rapl:::THERMAL_SPEC_CNT:PACKAGE0
Found: rapl:::THERMAL_SPEC_CNT:PACKAGE1
Found: rapl:::MINIMUM_POWER_CNT:PACKAGE0
Found: rapl:::MINIMUM_POWER_CNT:PACKAGE1
Found: rapl:::MAXIMUM_POWER_CNT:PACKAGE0
Found: rapl:::MAXIMUM_POWER_CNT:PACKAGE1
Found: rapl:::MAXIMUM_TIME_WINDOW_CNT:PACKAGE0
Found: rapl:::MAXIMUM_TIME_WINDOW_CNT:PACKAGE1
Found: rapl:::PACKAGE_ENERGY_CNT:PACKAGE0
Found: rapl:::PACKAGE_ENERGY_CNT:PACKAGE1
Found: rapl:::DRAM_ENERGY_CNT:PACKAGE0
Found: rapl:::DRAM_ENERGY_CNT:PACKAGE1
Found: rapl:::PP0_ENERGY_CNT:PACKAGE0
Found: rapl:::PP0_ENERGY_CNT:PACKAGE1
Found: rapl:::THERMAL_SPEC:PACKAGE0
Found: rapl:::THERMAL_SPEC:PACKAGE1
Found: rapl:::MINIMUM_POWER:PACKAGE0
Found: rapl:::MINIMUM_POWER:PACKAGE1
Found: rapl:::MAXIMUM_POWER:PACKAGE0
Found: rapl:::MAXIMUM_POWER:PACKAGE1
Found: rapl:::MAXIMUM_TIME_WINDOW:PACKAGE0
Found: rapl:::MAXIMUM_TIME_WINDOW:PACKAGE1
Found: rapl:::PACKAGE_ENERGY:PACKAGE0
Found: rapl:::PACKAGE_ENERGY:PACKAGE1
Found: rapl:::DRAM_ENERGY:PACKAGE0
Found: rapl:::DRAM_ENERGY:PACKAGE1
Found: rapl:::PP0_ENERGY:PACKAGE0
Found: rapl:::PP0_ENERGY:PACKAGE1
Starting process_deletions
done updating maXE 
0.5144 s 0.0000 (* Average Power for rapl:::THERMAL_SPEC_CNT:PACKAGE0 *)
0.5144 s 0.0000 (* Average Power for rapl:::THERMAL_SPEC_CNT:PACKAGE1 *)
0.5144 s 0.0000 (* Average Power for rapl:::MINIMUM_POWER_CNT:PACKAGE0 *)
0.5144 s 0.0000 (* Average Power for rapl:::MINIMUM_POWER_CNT:PACKAGE1 *)
0.5144 s 0.0000 (* Average Power for rapl:::MAXIMUM_POWER_CNT:PACKAGE0 *)
0.5144 s 0.0000 (* Average Power for rapl:::MAXIMUM_POWER_CNT:PACKAGE1 *)
0.5144 s 0.0000 (* Average Power for rapl:::MAXIMUM_TIME_WINDOW_CNT:PACKAGE0 *)
0.5144 s 0.0000 (* Average Power for rapl:::MAXIMUM_TIME_WINDOW_CNT:PACKAGE1 *)
0.5144 s 0.0010 (* Average Power for rapl:::PACKAGE_ENERGY_CNT:PACKAGE0 *)
0.5144 s 0.0016 (* Average Power for rapl:::PACKAGE_ENERGY_CNT:PACKAGE1 *)
0.5144 s 0.0009 (* Average Power for rapl:::DRAM_ENERGY_CNT:PACKAGE0 *)
0.5144 s 0.0010 (* Average Power for rapl:::DRAM_ENERGY_CNT:PACKAGE1 *)
0.5144 s 0.0000 (* Average Power for rapl:::PP0_ENERGY_CNT:PACKAGE0 *)
0.5144 s 0.0000 (* Average Power for rapl:::PP0_ENERGY_CNT:PACKAGE1 *)
0.5144 s 9018346932.5775 (* Average Power for rapl:::THERMAL_SPEC:PACKAGE0 *)
0.5144 s 9018346932.5775 (* Average Power for rapl:::THERMAL_SPEC:PACKAGE1 *)
0.5144 s 9009113620.4598 (* Average Power for rapl:::MINIMUM_POWER:PACKAGE0 *)
0.5144 s 9009113620.4598 (* Average Power for rapl:::MINIMUM_POWER:PACKAGE1 *)
0.5144 s 9027101480.3631 (* Average Power for rapl:::MAXIMUM_POWER:PACKAGE0 *)
0.5144 s 9027101480.3631 (* Average Power for rapl:::MAXIMUM_POWER:PACKAGE1 *)
0.5144 s 8916233340.0466 (* Average Power for rapl:::MAXIMUM_TIME_WINDOW:PACKAGE0 *)
0.5144 s 8916233340.0466 (* Average Power for rapl:::MAXIMUM_TIME_WINDOW:PACKAGE1 *)
0.5144 s 31.8218 (* Total Energy for rapl:::PACKAGE_ENERGY:PACKAGE0 *)
0.5144 s 61.8584 (* Average Power for rapl:::PACKAGE_ENERGY:PACKAGE0 *)
0.5144 s 49.7370 (* Total Energy for rapl:::PACKAGE_ENERGY:PACKAGE1 *)
0.5144 s 96.6838 (* Average Power for rapl:::PACKAGE_ENERGY:PACKAGE1 *)
0.5144 s 14.4691 (* Average Power for rapl:::DRAM_ENERGY:PACKAGE0 *)
0.5144 s 15.7693 (* Average Power for rapl:::DRAM_ENERGY:PACKAGE1 *)
0.5144 s 0.0000 (* Average Power for rapl:::PP0_ENERGY:PACKAGE0 *)
0.5144 s 0.0000 (* Average Power for rapl:::PP0_ENERGY:PACKAGE1 *)
Time for Deletion  0.514402 
Total Time for Updating at Batch 1 is 1.141771 
=======
Total Time for Updating  2.811231 
	Command being timed: "/home/users/norris/research/easy-parallel-graph/autoperf/mst/lib/xpscode/MST_May5/a.out /home/users/norris/research/easy-parallel-graph/experiment/datasets/com-lj-org-weighted.diff /home/users/norris/research/easy-parallel-graph/experiment/datasets/com-lj-org-weighted.cert /home/users/norris/research/easy-parallel-graph/experiment/datasets/com-lj-org-weighted_changed_75i_1000000S 100 4036538 1000000 16 100"
	User time (seconds): 36.00
	System time (seconds): 0.71
	Percent of CPU this job got: 132%
	Elapsed (wall clock) time (h:mm:ss or m:ss): 0:27.62
	Average shared text size (kbytes): 0
	Average unshared data size (kbytes): 0
	Average stack size (kbytes): 0
	Average total size (kbytes): 0
	Maximum resident set size (kbytes): 743356
	Average resident set size (kbytes): 0
	Major (requiring I/O) page faults: 0
	Minor (reclaiming a frame) page faults: 71190
	Voluntary context switches: 349
	Involuntary context switches: 64
	Swaps: 0
	File system inputs: 0
	File system outputs: 32
	Socket messages sent: 0
	Socket messages received: 0
	Signals delivered: 0
	Page size (bytes): 4096
	Exit status: 0
Highest Edge Value 10 --
Time Taken for Initializing Memory 0.080017 
Total Time for Reading Remainder Edges 19.251211 
Total Time for Reading Certificate Network 4.645653 
Total Time for Reading Update List 0.409745 
Found rapl component at cid 2
Found: rapl:::THERMAL_SPEC_CNT:PACKAGE0
Found: rapl:::THERMAL_SPEC_CNT:PACKAGE1
Found: rapl:::MINIMUM_POWER_CNT:PACKAGE0
Found: rapl:::MINIMUM_POWER_CNT:PACKAGE1
Found: rapl:::MAXIMUM_POWER_CNT:PACKAGE0
Found: rapl:::MAXIMUM_POWER_CNT:PACKAGE1
Found: rapl:::MAXIMUM_TIME_WINDOW_CNT:PACKAGE0
Found: rapl:::MAXIMUM_TIME_WINDOW_CNT:PACKAGE1
Found: rapl:::PACKAGE_ENERGY_CNT:PACKAGE0
Found: rapl:::PACKAGE_ENERGY_CNT:PACKAGE1
Found: rapl:::DRAM_ENERGY_CNT:PACKAGE0
Found: rapl:::DRAM_ENERGY_CNT:PACKAGE1
Found: rapl:::PP0_ENERGY_CNT:PACKAGE0
Found: rapl:::PP0_ENERGY_CNT:PACKAGE1
Found: rapl:::THERMAL_SPEC:PACKAGE0
Found: rapl:::THERMAL_SPEC:PACKAGE1
Found: rapl:::MINIMUM_POWER:PACKAGE0
Found: rapl:::MINIMUM_POWER:PACKAGE1
Found: rapl:::MAXIMUM_POWER:PACKAGE0
Found: rapl:::MAXIMUM_POWER:PACKAGE1
Found: rapl:::MAXIMUM_TIME_WINDOW:PACKAGE0
Found: rapl:::MAXIMUM_TIME_WINDOW:PACKAGE1
Found: rapl:::PACKAGE_ENERGY:PACKAGE0
Found: rapl:::PACKAGE_ENERGY:PACKAGE1
Found: rapl:::DRAM_ENERGY:PACKAGE0
Found: rapl:::DRAM_ENERGY:PACKAGE1
Found: rapl:::PP0_ENERGY:PACKAGE0
Found: rapl:::PP0_ENERGY:PACKAGE1
Starting creation of rooted tree
0.0245 s 0.0000 (* Average Power for rapl:::THERMAL_SPEC_CNT:PACKAGE0 *)
0.0245 s 0.0000 (* Average Power for rapl:::THERMAL_SPEC_CNT:PACKAGE1 *)
0.0245 s 0.0000 (* Average Power for rapl:::MINIMUM_POWER_CNT:PACKAGE0 *)
0.0245 s 0.0000 (* Average Power for rapl:::MINIMUM_POWER_CNT:PACKAGE1 *)
0.0245 s 0.0001 (* Average Power for rapl:::MAXIMUM_POWER_CNT:PACKAGE0 *)
0.0245 s 0.0001 (* Average Power for rapl:::MAXIMUM_POWER_CNT:PACKAGE1 *)
0.0245 s 0.0000 (* Average Power for rapl:::MAXIMUM_TIME_WINDOW_CNT:PACKAGE0 *)
0.0245 s 0.0000 (* Average Power for rapl:::MAXIMUM_TIME_WINDOW_CNT:PACKAGE1 *)
0.0245 s 0.0014 (* Average Power for rapl:::PACKAGE_ENERGY_CNT:PACKAGE0 *)
0.0245 s 0.0015 (* Average Power for rapl:::PACKAGE_ENERGY_CNT:PACKAGE1 *)
0.0245 s 0.0012 (* Average Power for rapl:::DRAM_ENERGY_CNT:PACKAGE0 *)
0.0245 s 0.0013 (* Average Power for rapl:::DRAM_ENERGY_CNT:PACKAGE1 *)
0.0245 s 0.0000 (* Average Power for rapl:::PP0_ENERGY_CNT:PACKAGE0 *)
0.0245 s 0.0000 (* Average Power for rapl:::PP0_ENERGY_CNT:PACKAGE1 *)
0.0245 s 189034356452.2363 (* Average Power for rapl:::THERMAL_SPEC:PACKAGE0 *)
0.0245 s 189034356452.2363 (* Average Power for rapl:::THERMAL_SPEC:PACKAGE1 *)
0.0245 s 188840816191.7946 (* Average Power for rapl:::MINIMUM_POWER:PACKAGE0 *)
0.0245 s 188840816191.7946 (* Average Power for rapl:::MINIMUM_POWER:PACKAGE1 *)
0.0245 s 189217861291.7661 (* Average Power for rapl:::MAXIMUM_POWER:PACKAGE0 *)
0.0245 s 189217861291.7661 (* Average Power for rapl:::MAXIMUM_POWER:PACKAGE1 *)
0.0245 s 186893944534.9077 (* Average Power for rapl:::MAXIMUM_TIME_WINDOW:PACKAGE0 *)
0.0245 s 186893944534.9077 (* Average Power for rapl:::MAXIMUM_TIME_WINDOW:PACKAGE1 *)
0.0245 s 2.1462 (* Total Energy for rapl:::PACKAGE_ENERGY:PACKAGE0 *)
0.0245 s 87.4513 (* Average Power for rapl:::PACKAGE_ENERGY:PACKAGE0 *)
0.0245 s 2.3168 (* Total Energy for rapl:::PACKAGE_ENERGY:PACKAGE1 *)
0.0245 s 94.3998 (* Average Power for rapl:::PACKAGE_ENERGY:PACKAGE1 *)
0.0245 s 18.5328 (* Average Power for rapl:::DRAM_ENERGY:PACKAGE0 *)
0.0245 s 19.7004 (* Average Power for rapl:::DRAM_ENERGY:PACKAGE1 *)
0.0245 s 0.0000 (* Average Power for rapl:::PP0_ENERGY:PACKAGE0 *)
0.0245 s 0.0000 (* Average Power for rapl:::PP0_ENERGY:PACKAGE1 *)
Total Time for Obtaining Degrees of Vertices  0.024505 
==Update Starts =======
root111=0
root=447075
Max height=202
Total Time for Creating Initial Rooted Tree at iter 1 is 1.872600 with Type:1
Found rapl component at cid 2
Found: rapl:::THERMAL_SPEC_CNT:PACKAGE0
Found: rapl:::THERMAL_SPEC_CNT:PACKAGE1
Found: rapl:::MINIMUM_POWER_CNT:PACKAGE0
Found: rapl:::MINIMUM_POWER_CNT:PACKAGE1
Found: rapl:::MAXIMUM_POWER_CNT:PACKAGE0
Found: rapl:::MAXIMUM_POWER_CNT:PACKAGE1
Found: rapl:::MAXIMUM_TIME_WINDOW_CNT:PACKAGE0
Found: rapl:::MAXIMUM_TIME_WINDOW_CNT:PACKAGE1
Found: rapl:::PACKAGE_ENERGY_CNT:PACKAGE0
Found: rapl:::PACKAGE_ENERGY_CNT:PACKAGE1
Found: rapl:::DRAM_ENERGY_CNT:PACKAGE0
Found: rapl:::DRAM_ENERGY_CNT:PACKAGE1
Found: rapl:::PP0_ENERGY_CNT:PACKAGE0
Found: rapl:::PP0_ENERGY_CNT:PACKAGE1
Found: rapl:::THERMAL_SPEC:PACKAGE0
Found: rapl:::THERMAL_SPEC:PACKAGE1
Found: rapl:::MINIMUM_POWER:PACKAGE0
Found: rapl:::MINIMUM_POWER:PACKAGE1
Found: rapl:::MAXIMUM_POWER:PACKAGE0
Found: rapl:::MAXIMUM_POWER:PACKAGE1
Found: rapl:::MAXIMUM_TIME_WINDOW:PACKAGE0
Found: rapl:::MAXIMUM_TIME_WINDOW:PACKAGE1
Found: rapl:::PACKAGE_ENERGY:PACKAGE0
Found: rapl:::PACKAGE_ENERGY:PACKAGE1
Found: rapl:::DRAM_ENERGY:PACKAGE0
Found: rapl:::DRAM_ENERGY:PACKAGE1
Found: rapl:::PP0_ENERGY:PACKAGE0
Found: rapl:::PP0_ENERGY:PACKAGE1
Starting Classify and Insert
Classify 999999 999999  
Time for insertion Flag  0.674709
Deleted Edges: 28836 
Processed Inserts: 236625
 Unprocessed Inserts: 807
 0.6810 s 0.0000 (* Average Power for rapl:::THERMAL_SPEC_CNT:PACKAGE0 *)
0.6810 s 0.0000 (* Average Power for rapl:::THERMAL_SPEC_CNT:PACKAGE1 *)
0.6810 s 0.0000 (* Average Power for rapl:::MINIMUM_POWER_CNT:PACKAGE0 *)
0.6810 s 0.0000 (* Average Power for rapl:::MINIMUM_POWER_CNT:PACKAGE1 *)
0.6810 s 0.0000 (* Average Power for rapl:::MAXIMUM_POWER_CNT:PACKAGE0 *)
0.6810 s 0.0000 (* Average Power for rapl:::MAXIMUM_POWER_CNT:PACKAGE1 *)
0.6810 s 0.0000 (* Average Power for rapl:::MAXIMUM_TIME_WINDOW_CNT:PACKAGE0 *)
0.6810 s 0.0000 (* Average Power for rapl:::MAXIMUM_TIME_WINDOW_CNT:PACKAGE1 *)
0.6810 s 0.0006 (* Average Power for rapl:::PACKAGE_ENERGY_CNT:PACKAGE0 *)
0.6810 s 0.0010 (* Average Power for rapl:::PACKAGE_ENERGY_CNT:PACKAGE1 *)
0.6810 s 0.0007 (* Average Power for rapl:::DRAM_ENERGY_CNT:PACKAGE0 *)
0.6810 s 0.0010 (* Average Power for rapl:::DRAM_ENERGY_CNT:PACKAGE1 *)
0.6810 s 0.0000 (* Average Power for rapl:::PP0_ENERGY_CNT:PACKAGE0 *)
0.6810 s 0.0000 (* Average Power for rapl:::PP0_ENERGY_CNT:PACKAGE1 *)
0.6810 s 6812368146.4749 (* Average Power for rapl:::THERMAL_SPEC:PACKAGE0 *)
0.6810 s 6812368146.4749 (* Average Power for rapl:::THERMAL_SPEC:PACKAGE1 *)
0.6810 s 6805393395.7998 (* Average Power for rapl:::MINIMUM_POWER:PACKAGE0 *)
0.6810 s 6805393395.7998 (* Average Power for rapl:::MINIMUM_POWER:PACKAGE1 *)
0.6810 s 6818981243.4114 (* Average Power for rapl:::MAXIMUM_POWER:PACKAGE0 *)
0.6810 s 6818981243.4114 (* Average Power for rapl:::MAXIMUM_POWER:PACKAGE1 *)
0.6810 s 6735232570.4897 (* Average Power for rapl:::MAXIMUM_TIME_WINDOW:PACKAGE0 *)
0.6810 s 6735232570.4897 (* Average Power for rapl:::MAXIMUM_TIME_WINDOW:PACKAGE1 *)
0.6810 s 25.1923 (* Total Energy for rapl:::PACKAGE_ENERGY:PACKAGE0 *)
0.6810 s 36.9924 (* Average Power for rapl:::PACKAGE_ENERGY:PACKAGE0 *)
0.6810 s 40.5196 (* Total Energy for rapl:::PACKAGE_ENERGY:PACKAGE1 *)
0.6810 s 59.4991 (* Average Power for rapl:::PACKAGE_ENERGY:PACKAGE1 *)
0.6810 s 10.8762 (* Average Power for rapl:::DRAM_ENERGY:PACKAGE0 *)
0.6810 s 15.4250 (* Average Power for rapl:::DRAM_ENERGY:PACKAGE1 *)
0.6810 s 0.0000 (* Average Power for rapl:::PP0_ENERGY:PACKAGE0 *)
0.6810 s 0.0000 (* Average Power for rapl:::PP0_ENERGY:PACKAGE1 *)
Time for Classify and insert  0.680916 
Found rapl component at cid 2
Found: rapl:::THERMAL_SPEC_CNT:PACKAGE0
Found: rapl:::THERMAL_SPEC_CNT:PACKAGE1
Found: rapl:::MINIMUM_POWER_CNT:PACKAGE0
Found: rapl:::MINIMUM_POWER_CNT:PACKAGE1
Found: rapl:::MAXIMUM_POWER_CNT:PACKAGE0
Found: rapl:::MAXIMUM_POWER_CNT:PACKAGE1
Found: rapl:::MAXIMUM_TIME_WINDOW_CNT:PACKAGE0
Found: rapl:::MAXIMUM_TIME_WINDOW_CNT:PACKAGE1
Found: rapl:::PACKAGE_ENERGY_CNT:PACKAGE0
Found: rapl:::PACKAGE_ENERGY_CNT:PACKAGE1
Found: rapl:::DRAM_ENERGY_CNT:PACKAGE0
Found: rapl:::DRAM_ENERGY_CNT:PACKAGE1
Found: rapl:::PP0_ENERGY_CNT:PACKAGE0
Found: rapl:::PP0_ENERGY_CNT:PACKAGE1
Found: rapl:::THERMAL_SPEC:PACKAGE0
Found: rapl:::THERMAL_SPEC:PACKAGE1
Found: rapl:::MINIMUM_POWER:PACKAGE0
Found: rapl:::MINIMUM_POWER:PACKAGE1
Found: rapl:::MAXIMUM_POWER:PACKAGE0
Found: rapl:::MAXIMUM_POWER:PACKAGE1
Found: rapl:::MAXIMUM_TIME_WINDOW:PACKAGE0
Found: rapl:::MAXIMUM_TIME_WINDOW:PACKAGE1
Found: rapl:::PACKAGE_ENERGY:PACKAGE0
Found: rapl:::PACKAGE_ENERGY:PACKAGE1
Found: rapl:::DRAM_ENERGY:PACKAGE0
Found: rapl:::DRAM_ENERGY:PACKAGE1
Found: rapl:::PP0_ENERGY:PACKAGE0
Found: rapl:::PP0_ENERGY:PACKAGE1
Starting process_deletions
done updating maXE 
0.5567 s 0.0000 (* Average Power for rapl:::THERMAL_SPEC_CNT:PACKAGE0 *)
0.5567 s 0.0000 (* Average Power for rapl:::THERMAL_SPEC_CNT:PACKAGE1 *)
0.5567 s 0.0000 (* Average Power for rapl:::MINIMUM_POWER_CNT:PACKAGE0 *)
0.5567 s 0.0000 (* Average Power for rapl:::MINIMUM_POWER_CNT:PACKAGE1 *)
0.5567 s 0.0000 (* Average Power for rapl:::MAXIMUM_POWER_CNT:PACKAGE0 *)
0.5567 s 0.0000 (* Average Power for rapl:::MAXIMUM_POWER_CNT:PACKAGE1 *)
0.5567 s 0.0000 (* Average Power for rapl:::MAXIMUM_TIME_WINDOW_CNT:PACKAGE0 *)
0.5567 s 0.0000 (* Average Power for rapl:::MAXIMUM_TIME_WINDOW_CNT:PACKAGE1 *)
0.5567 s 0.0014 (* Average Power for rapl:::PACKAGE_ENERGY_CNT:PACKAGE0 *)
0.5567 s 0.0011 (* Average Power for rapl:::PACKAGE_ENERGY_CNT:PACKAGE1 *)
0.5567 s 0.0009 (* Average Power for rapl:::DRAM_ENERGY_CNT:PACKAGE0 *)
0.5567 s 0.0010 (* Average Power for rapl:::DRAM_ENERGY_CNT:PACKAGE1 *)
0.5567 s 0.0000 (* Average Power for rapl:::PP0_ENERGY_CNT:PACKAGE0 *)
0.5567 s 0.0000 (* Average Power for rapl:::PP0_ENERGY_CNT:PACKAGE1 *)
0.5567 s 8333231548.2451 (* Average Power for rapl:::THERMAL_SPEC:PACKAGE0 *)
0.5567 s 8333231548.2451 (* Average Power for rapl:::THERMAL_SPEC:PACKAGE1 *)
0.5567 s 8324699682.2159 (* Average Power for rapl:::MINIMUM_POWER:PACKAGE0 *)
0.5567 s 8324699682.2159 (* Average Power for rapl:::MINIMUM_POWER:PACKAGE1 *)
0.5567 s 8341321021.2210 (* Average Power for rapl:::MAXIMUM_POWER:PACKAGE0 *)
0.5567 s 8341321021.2210 (* Average Power for rapl:::MAXIMUM_POWER:PACKAGE1 *)
0.5567 s 8238875429.8628 (* Average Power for rapl:::MAXIMUM_TIME_WINDOW:PACKAGE0 *)
0.5567 s 8238875429.8628 (* Average Power for rapl:::MAXIMUM_TIME_WINDOW:PACKAGE1 *)
0.5567 s 47.2302 (* Total Energy for rapl:::PACKAGE_ENERGY:PACKAGE0 *)
0.5567 s 84.8361 (* Average Power for rapl:::PACKAGE_ENERGY:PACKAGE0 *)
0.5567 s 37.6173 (* Total Energy for rapl:::PACKAGE_ENERGY:PACKAGE1 *)
0.5567 s 67.5691 (* Average Power for rapl:::PACKAGE_ENERGY:PACKAGE1 *)
0.5567 s 14.4833 (* Average Power for rapl:::DRAM_ENERGY:PACKAGE0 *)
0.5567 s 15.6966 (* Average Power for rapl:::DRAM_ENERGY:PACKAGE1 *)
0.5567 s 0.0000 (* Average Power for rapl:::PP0_ENERGY:PACKAGE0 *)
0.5567 s 0.0000 (* Average Power for rapl:::PP0_ENERGY:PACKAGE1 *)
Time for Deletion  0.556700 
Total Time for Updating at Batch 1 is 1.238611 
=======
Total Time for Updating  3.152433 
	Command being timed: "/home/users/norris/research/easy-parallel-graph/autoperf/mst/lib/xpscode/MST_May5/a.out /home/users/norris/research/easy-parallel-graph/experiment/datasets/com-lj-org-weighted.diff /home/users/norris/research/easy-parallel-graph/experiment/datasets/com-lj-org-weighted.cert /home/users/norris/research/easy-parallel-graph/experiment/datasets/com-lj-org-weighted_changed_75i_1000000S 100 4036538 1000000 16 100"
	User time (seconds): 37.27
	System time (seconds): 0.69
	Percent of CPU this job got: 135%
	Elapsed (wall clock) time (h:mm:ss or m:ss): 0:27.93
	Average shared text size (kbytes): 0
	Average unshared data size (kbytes): 0
	Average stack size (kbytes): 0
	Average total size (kbytes): 0
	Maximum resident set size (kbytes): 745816
	Average resident set size (kbytes): 0
	Major (requiring I/O) page faults: 0
	Minor (reclaiming a frame) page faults: 79116
	Voluntary context switches: 1997
	Involuntary context switches: 36
	Swaps: 0
	File system inputs: 0
	File system outputs: 32
	Socket messages sent: 0
	Socket messages received: 0
	Signals delivered: 0
	Page size (bytes): 4096
	Exit status: 0
