Highest Edge Value 10 --
Time Taken for Initializing Memory 0.037461 
Total Time for Reading Remainder Edges 18.071823 
Total Time for Reading Certificate Network 1.908419 
Total Time for Reading Update List 0.410169 
Found rapl component at cid 2
Found: rapl:::THERMAL_SPEC_CNT:PACKAGE0
Found: rapl:::THERMAL_SPEC_CNT:PACKAGE1
Found: rapl:::MINIMUM_POWER_CNT:PACKAGE0
Found: rapl:::MINIMUM_POWER_CNT:PACKAGE1
Found: rapl:::MAXIMUM_POWER_CNT:PACKAGE0
Found: rapl:::MAXIMUM_POWER_CNT:PACKAGE1
Found: rapl:::MAXIMUM_TIME_WINDOW_CNT:PACKAGE0
Found: rapl:::MAXIMUM_TIME_WINDOW_CNT:PACKAGE1
Found: rapl:::PACKAGE_ENERGY_CNT:PACKAGE0
Found: rapl:::PACKAGE_ENERGY_CNT:PACKAGE1
Found: rapl:::DRAM_ENERGY_CNT:PACKAGE0
Found: rapl:::DRAM_ENERGY_CNT:PACKAGE1
Found: rapl:::PP0_ENERGY_CNT:PACKAGE0
Found: rapl:::PP0_ENERGY_CNT:PACKAGE1
Found: rapl:::THERMAL_SPEC:PACKAGE0
Found: rapl:::THERMAL_SPEC:PACKAGE1
Found: rapl:::MINIMUM_POWER:PACKAGE0
Found: rapl:::MINIMUM_POWER:PACKAGE1
Found: rapl:::MAXIMUM_POWER:PACKAGE0
Found: rapl:::MAXIMUM_POWER:PACKAGE1
Found: rapl:::MAXIMUM_TIME_WINDOW:PACKAGE0
Found: rapl:::MAXIMUM_TIME_WINDOW:PACKAGE1
Found: rapl:::PACKAGE_ENERGY:PACKAGE0
Found: rapl:::PACKAGE_ENERGY:PACKAGE1
Found: rapl:::DRAM_ENERGY:PACKAGE0
Found: rapl:::DRAM_ENERGY:PACKAGE1
Found: rapl:::PP0_ENERGY:PACKAGE0
Found: rapl:::PP0_ENERGY:PACKAGE1
Starting creation of rooted tree
0.0140 s 0.0001 (* Average Power for rapl:::THERMAL_SPEC_CNT:PACKAGE0 *)
0.0140 s 0.0001 (* Average Power for rapl:::THERMAL_SPEC_CNT:PACKAGE1 *)
0.0140 s 0.0000 (* Average Power for rapl:::MINIMUM_POWER_CNT:PACKAGE0 *)
0.0140 s 0.0000 (* Average Power for rapl:::MINIMUM_POWER_CNT:PACKAGE1 *)
0.0140 s 0.0002 (* Average Power for rapl:::MAXIMUM_POWER_CNT:PACKAGE0 *)
0.0140 s 0.0002 (* Average Power for rapl:::MAXIMUM_POWER_CNT:PACKAGE1 *)
0.0140 s 0.0000 (* Average Power for rapl:::MAXIMUM_TIME_WINDOW_CNT:PACKAGE0 *)
0.0140 s 0.0000 (* Average Power for rapl:::MAXIMUM_TIME_WINDOW_CNT:PACKAGE1 *)
0.0140 s 0.0013 (* Average Power for rapl:::PACKAGE_ENERGY_CNT:PACKAGE0 *)
0.0140 s 0.0014 (* Average Power for rapl:::PACKAGE_ENERGY_CNT:PACKAGE1 *)
0.0140 s 0.0012 (* Average Power for rapl:::DRAM_ENERGY_CNT:PACKAGE0 *)
0.0140 s 0.0012 (* Average Power for rapl:::DRAM_ENERGY_CNT:PACKAGE1 *)
0.0140 s 0.0000 (* Average Power for rapl:::PP0_ENERGY_CNT:PACKAGE0 *)
0.0140 s 0.0000 (* Average Power for rapl:::PP0_ENERGY_CNT:PACKAGE1 *)
0.0140 s 330275390553.3597 (* Average Power for rapl:::THERMAL_SPEC:PACKAGE0 *)
0.0140 s 330275390553.3597 (* Average Power for rapl:::THERMAL_SPEC:PACKAGE1 *)
0.0140 s 329937242576.9556 (* Average Power for rapl:::MINIMUM_POWER:PACKAGE0 *)
0.0140 s 329937242576.9556 (* Average Power for rapl:::MINIMUM_POWER:PACKAGE1 *)
0.0140 s 330596004930.9871 (* Average Power for rapl:::MAXIMUM_POWER:PACKAGE0 *)
0.0140 s 330596004930.9871 (* Average Power for rapl:::MAXIMUM_POWER:PACKAGE1 *)
0.0140 s 326535724414.3138 (* Average Power for rapl:::MAXIMUM_TIME_WINDOW:PACKAGE0 *)
0.0140 s 326535724414.3138 (* Average Power for rapl:::MAXIMUM_TIME_WINDOW:PACKAGE1 *)
0.0140 s 1.1304 (* Total Energy for rapl:::PACKAGE_ENERGY:PACKAGE0 *)
0.0140 s 80.4762 (* Average Power for rapl:::PACKAGE_ENERGY:PACKAGE0 *)
0.0140 s 1.2329 (* Total Energy for rapl:::PACKAGE_ENERGY:PACKAGE1 *)
0.0140 s 87.7717 (* Average Power for rapl:::PACKAGE_ENERGY:PACKAGE1 *)
0.0140 s 18.7645 (* Average Power for rapl:::DRAM_ENERGY:PACKAGE0 *)
0.0140 s 18.5505 (* Average Power for rapl:::DRAM_ENERGY:PACKAGE1 *)
0.0140 s 0.0000 (* Average Power for rapl:::PP0_ENERGY:PACKAGE0 *)
0.0140 s 0.0000 (* Average Power for rapl:::PP0_ENERGY:PACKAGE1 *)
Total Time for Obtaining Degrees of Vertices  0.014008 
==Update Starts =======
root111=0
root=5934
Max height=251
Total Time for Creating Initial Rooted Tree at iter 1 is 0.717483 with Type:1
Found rapl component at cid 2
Found: rapl:::THERMAL_SPEC_CNT:PACKAGE0
Found: rapl:::THERMAL_SPEC_CNT:PACKAGE1
Found: rapl:::MINIMUM_POWER_CNT:PACKAGE0
Found: rapl:::MINIMUM_POWER_CNT:PACKAGE1
Found: rapl:::MAXIMUM_POWER_CNT:PACKAGE0
Found: rapl:::MAXIMUM_POWER_CNT:PACKAGE1
Found: rapl:::MAXIMUM_TIME_WINDOW_CNT:PACKAGE0
Found: rapl:::MAXIMUM_TIME_WINDOW_CNT:PACKAGE1
Found: rapl:::PACKAGE_ENERGY_CNT:PACKAGE0
Found: rapl:::PACKAGE_ENERGY_CNT:PACKAGE1
Found: rapl:::DRAM_ENERGY_CNT:PACKAGE0
Found: rapl:::DRAM_ENERGY_CNT:PACKAGE1
Found: rapl:::PP0_ENERGY_CNT:PACKAGE0
Found: rapl:::PP0_ENERGY_CNT:PACKAGE1
Found: rapl:::THERMAL_SPEC:PACKAGE0
Found: rapl:::THERMAL_SPEC:PACKAGE1
Found: rapl:::MINIMUM_POWER:PACKAGE0
Found: rapl:::MINIMUM_POWER:PACKAGE1
Found: rapl:::MAXIMUM_POWER:PACKAGE0
Found: rapl:::MAXIMUM_POWER:PACKAGE1
Found: rapl:::MAXIMUM_TIME_WINDOW:PACKAGE0
Found: rapl:::MAXIMUM_TIME_WINDOW:PACKAGE1
Found: rapl:::PACKAGE_ENERGY:PACKAGE0
Found: rapl:::PACKAGE_ENERGY:PACKAGE1
Found: rapl:::DRAM_ENERGY:PACKAGE0
Found: rapl:::DRAM_ENERGY:PACKAGE1
Found: rapl:::PP0_ENERGY:PACKAGE0
Found: rapl:::PP0_ENERGY:PACKAGE1
Starting Classify and Insert
Classify 999999 999999  
Time for insertion Flag  0.468646
Deleted Edges: 38 
Processed Inserts: 131147
 Unprocessed Inserts: 600
 0.4764 s 0.0000 (* Average Power for rapl:::THERMAL_SPEC_CNT:PACKAGE0 *)
0.4764 s 0.0000 (* Average Power for rapl:::THERMAL_SPEC_CNT:PACKAGE1 *)
0.4764 s 0.0000 (* Average Power for rapl:::MINIMUM_POWER_CNT:PACKAGE0 *)
0.4764 s 0.0000 (* Average Power for rapl:::MINIMUM_POWER_CNT:PACKAGE1 *)
0.4764 s 0.0000 (* Average Power for rapl:::MAXIMUM_POWER_CNT:PACKAGE0 *)
0.4764 s 0.0000 (* Average Power for rapl:::MAXIMUM_POWER_CNT:PACKAGE1 *)
0.4764 s 0.0000 (* Average Power for rapl:::MAXIMUM_TIME_WINDOW_CNT:PACKAGE0 *)
0.4764 s 0.0000 (* Average Power for rapl:::MAXIMUM_TIME_WINDOW_CNT:PACKAGE1 *)
0.4764 s 0.0013 (* Average Power for rapl:::PACKAGE_ENERGY_CNT:PACKAGE0 *)
0.4764 s 0.0015 (* Average Power for rapl:::PACKAGE_ENERGY_CNT:PACKAGE1 *)
0.4764 s 0.0010 (* Average Power for rapl:::DRAM_ENERGY_CNT:PACKAGE0 *)
0.4764 s 0.0010 (* Average Power for rapl:::DRAM_ENERGY_CNT:PACKAGE1 *)
0.4764 s 0.0000 (* Average Power for rapl:::PP0_ENERGY_CNT:PACKAGE0 *)
0.4764 s 0.0000 (* Average Power for rapl:::PP0_ENERGY_CNT:PACKAGE1 *)
0.4764 s 9738956632.4547 (* Average Power for rapl:::THERMAL_SPEC:PACKAGE0 *)
0.4764 s 9738956632.4547 (* Average Power for rapl:::THERMAL_SPEC:PACKAGE1 *)
0.4764 s 9728985533.8753 (* Average Power for rapl:::MINIMUM_POWER:PACKAGE0 *)
0.4764 s 9728985533.8753 (* Average Power for rapl:::MINIMUM_POWER:PACKAGE1 *)
0.4764 s 9748410711.1078 (* Average Power for rapl:::MAXIMUM_POWER:PACKAGE0 *)
0.4764 s 9748410711.1078 (* Average Power for rapl:::MAXIMUM_POWER:PACKAGE1 *)
0.4764 s 9628683668.1657 (* Average Power for rapl:::MAXIMUM_TIME_WINDOW:PACKAGE0 *)
0.4764 s 9628683668.1657 (* Average Power for rapl:::MAXIMUM_TIME_WINDOW:PACKAGE1 *)
0.4764 s 38.9006 (* Total Energy for rapl:::PACKAGE_ENERGY:PACKAGE0 *)
0.4764 s 81.6613 (* Average Power for rapl:::PACKAGE_ENERGY:PACKAGE0 *)
0.4764 s 42.7814 (* Total Energy for rapl:::PACKAGE_ENERGY:PACKAGE1 *)
0.4764 s 89.8079 (* Average Power for rapl:::PACKAGE_ENERGY:PACKAGE1 *)
0.4764 s 14.6466 (* Average Power for rapl:::DRAM_ENERGY:PACKAGE0 *)
0.4764 s 15.1812 (* Average Power for rapl:::DRAM_ENERGY:PACKAGE1 *)
0.4764 s 0.0000 (* Average Power for rapl:::PP0_ENERGY:PACKAGE0 *)
0.4764 s 0.0000 (* Average Power for rapl:::PP0_ENERGY:PACKAGE1 *)
Time for Classify and insert  0.476316 
Found rapl component at cid 2
Found: rapl:::THERMAL_SPEC_CNT:PACKAGE0
Found: rapl:::THERMAL_SPEC_CNT:PACKAGE1
Found: rapl:::MINIMUM_POWER_CNT:PACKAGE0
Found: rapl:::MINIMUM_POWER_CNT:PACKAGE1
Found: rapl:::MAXIMUM_POWER_CNT:PACKAGE0
Found: rapl:::MAXIMUM_POWER_CNT:PACKAGE1
Found: rapl:::MAXIMUM_TIME_WINDOW_CNT:PACKAGE0
Found: rapl:::MAXIMUM_TIME_WINDOW_CNT:PACKAGE1
Found: rapl:::PACKAGE_ENERGY_CNT:PACKAGE0
Found: rapl:::PACKAGE_ENERGY_CNT:PACKAGE1
Found: rapl:::DRAM_ENERGY_CNT:PACKAGE0
Found: rapl:::DRAM_ENERGY_CNT:PACKAGE1
Found: rapl:::PP0_ENERGY_CNT:PACKAGE0
Found: rapl:::PP0_ENERGY_CNT:PACKAGE1
Found: rapl:::THERMAL_SPEC:PACKAGE0
Found: rapl:::THERMAL_SPEC:PACKAGE1
Found: rapl:::MINIMUM_POWER:PACKAGE0
Found: rapl:::MINIMUM_POWER:PACKAGE1
Found: rapl:::MAXIMUM_POWER:PACKAGE0
Found: rapl:::MAXIMUM_POWER:PACKAGE1
Found: rapl:::MAXIMUM_TIME_WINDOW:PACKAGE0
Found: rapl:::MAXIMUM_TIME_WINDOW:PACKAGE1
Found: rapl:::PACKAGE_ENERGY:PACKAGE0
Found: rapl:::PACKAGE_ENERGY:PACKAGE1
Found: rapl:::DRAM_ENERGY:PACKAGE0
Found: rapl:::DRAM_ENERGY:PACKAGE1
Found: rapl:::PP0_ENERGY:PACKAGE0
Found: rapl:::PP0_ENERGY:PACKAGE1
Starting process_deletions
done updating maXE 
0.7891 s 0.0000 (* Average Power for rapl:::THERMAL_SPEC_CNT:PACKAGE0 *)
0.7891 s 0.0000 (* Average Power for rapl:::THERMAL_SPEC_CNT:PACKAGE1 *)
0.7891 s 0.0000 (* Average Power for rapl:::MINIMUM_POWER_CNT:PACKAGE0 *)
0.7891 s 0.0000 (* Average Power for rapl:::MINIMUM_POWER_CNT:PACKAGE1 *)
0.7891 s 0.0000 (* Average Power for rapl:::MAXIMUM_POWER_CNT:PACKAGE0 *)
0.7891 s 0.0000 (* Average Power for rapl:::MAXIMUM_POWER_CNT:PACKAGE1 *)
0.7891 s 0.0000 (* Average Power for rapl:::MAXIMUM_TIME_WINDOW_CNT:PACKAGE0 *)
0.7891 s 0.0000 (* Average Power for rapl:::MAXIMUM_TIME_WINDOW_CNT:PACKAGE1 *)
0.7891 s 0.0014 (* Average Power for rapl:::PACKAGE_ENERGY_CNT:PACKAGE0 *)
0.7891 s 0.0014 (* Average Power for rapl:::PACKAGE_ENERGY_CNT:PACKAGE1 *)
0.7891 s 0.0010 (* Average Power for rapl:::DRAM_ENERGY_CNT:PACKAGE0 *)
0.7891 s 0.0010 (* Average Power for rapl:::DRAM_ENERGY_CNT:PACKAGE1 *)
0.7891 s 0.0000 (* Average Power for rapl:::PP0_ENERGY_CNT:PACKAGE0 *)
0.7891 s 0.0000 (* Average Power for rapl:::PP0_ENERGY_CNT:PACKAGE1 *)
0.7891 s 5879272619.3628 (* Average Power for rapl:::THERMAL_SPEC:PACKAGE0 *)
0.7891 s 5879272619.3628 (* Average Power for rapl:::THERMAL_SPEC:PACKAGE1 *)
0.7891 s 5873253205.8799 (* Average Power for rapl:::MINIMUM_POWER:PACKAGE0 *)
0.7891 s 5873253205.8799 (* Average Power for rapl:::MINIMUM_POWER:PACKAGE1 *)
0.7891 s 5884979915.1095 (* Average Power for rapl:::MAXIMUM_POWER:PACKAGE0 *)
0.7891 s 5884979915.1095 (* Average Power for rapl:::MAXIMUM_POWER:PACKAGE1 *)
0.7891 s 5812702365.0667 (* Average Power for rapl:::MAXIMUM_TIME_WINDOW:PACKAGE0 *)
0.7891 s 5812702365.0667 (* Average Power for rapl:::MAXIMUM_TIME_WINDOW:PACKAGE1 *)
0.7891 s 68.8528 (* Total Energy for rapl:::PACKAGE_ENERGY:PACKAGE0 *)
0.7891 s 87.2554 (* Average Power for rapl:::PACKAGE_ENERGY:PACKAGE0 *)
0.7891 s 68.5273 (* Total Energy for rapl:::PACKAGE_ENERGY:PACKAGE1 *)
0.7891 s 86.8429 (* Average Power for rapl:::PACKAGE_ENERGY:PACKAGE1 *)
0.7891 s 14.6012 (* Average Power for rapl:::DRAM_ENERGY:PACKAGE0 *)
0.7891 s 15.5068 (* Average Power for rapl:::DRAM_ENERGY:PACKAGE1 *)
0.7891 s 0.0000 (* Average Power for rapl:::PP0_ENERGY:PACKAGE0 *)
0.7891 s 0.0000 (* Average Power for rapl:::PP0_ENERGY:PACKAGE1 *)
Time for Deletion  0.789076 
Total Time for Updating at Batch 1 is 1.266153 
=======
Total Time for Updating  2.009173 
	Command being timed: "/home/users/norris/research/easy-parallel-graph/autoperf/mst/lib/xpscode/MST_May5/a.out /home/users/norris/research/easy-parallel-graph/experiment/datasets/soc-pokec.diff /home/users/norris/research/easy-parallel-graph/experiment/datasets/soc-pokec.cert /home/users/norris/research/easy-parallel-graph/experiment/datasets/soc-pokec_changed_75i_1000000S 100 1832804 1000000 8 100"
	User time (seconds): 28.19
	System time (seconds): 0.54
	Percent of CPU this job got: 127%
	Elapsed (wall clock) time (h:mm:ss or m:ss): 0:22.58
	Average shared text size (kbytes): 0
	Average unshared data size (kbytes): 0
	Average stack size (kbytes): 0
	Average total size (kbytes): 0
	Maximum resident set size (kbytes): 400420
	Average resident set size (kbytes): 0
	Major (requiring I/O) page faults: 0
	Minor (reclaiming a frame) page faults: 53276
	Voluntary context switches: 297
	Involuntary context switches: 42
	Swaps: 0
	File system inputs: 0
	File system outputs: 24
	Socket messages sent: 0
	Socket messages received: 0
	Signals delivered: 0
	Page size (bytes): 4096
	Exit status: 0
Highest Edge Value 10 --
Time Taken for Initializing Memory 0.047288 
Total Time for Reading Remainder Edges 18.085125 
Total Time for Reading Certificate Network 1.911102 
Total Time for Reading Update List 0.410026 
Found rapl component at cid 2
Found: rapl:::THERMAL_SPEC_CNT:PACKAGE0
Found: rapl:::THERMAL_SPEC_CNT:PACKAGE1
Found: rapl:::MINIMUM_POWER_CNT:PACKAGE0
Found: rapl:::MINIMUM_POWER_CNT:PACKAGE1
Found: rapl:::MAXIMUM_POWER_CNT:PACKAGE0
Found: rapl:::MAXIMUM_POWER_CNT:PACKAGE1
Found: rapl:::MAXIMUM_TIME_WINDOW_CNT:PACKAGE0
Found: rapl:::MAXIMUM_TIME_WINDOW_CNT:PACKAGE1
Found: rapl:::PACKAGE_ENERGY_CNT:PACKAGE0
Found: rapl:::PACKAGE_ENERGY_CNT:PACKAGE1
Found: rapl:::DRAM_ENERGY_CNT:PACKAGE0
Found: rapl:::DRAM_ENERGY_CNT:PACKAGE1
Found: rapl:::PP0_ENERGY_CNT:PACKAGE0
Found: rapl:::PP0_ENERGY_CNT:PACKAGE1
Found: rapl:::THERMAL_SPEC:PACKAGE0
Found: rapl:::THERMAL_SPEC:PACKAGE1
Found: rapl:::MINIMUM_POWER:PACKAGE0
Found: rapl:::MINIMUM_POWER:PACKAGE1
Found: rapl:::MAXIMUM_POWER:PACKAGE0
Found: rapl:::MAXIMUM_POWER:PACKAGE1
Found: rapl:::MAXIMUM_TIME_WINDOW:PACKAGE0
Found: rapl:::MAXIMUM_TIME_WINDOW:PACKAGE1
Found: rapl:::PACKAGE_ENERGY:PACKAGE0
Found: rapl:::PACKAGE_ENERGY:PACKAGE1
Found: rapl:::DRAM_ENERGY:PACKAGE0
Found: rapl:::DRAM_ENERGY:PACKAGE1
Found: rapl:::PP0_ENERGY:PACKAGE0
Found: rapl:::PP0_ENERGY:PACKAGE1
Starting creation of rooted tree
0.0228 s 0.0001 (* Average Power for rapl:::THERMAL_SPEC_CNT:PACKAGE0 *)
0.0228 s 0.0001 (* Average Power for rapl:::THERMAL_SPEC_CNT:PACKAGE1 *)
0.0228 s 0.0000 (* Average Power for rapl:::MINIMUM_POWER_CNT:PACKAGE0 *)
0.0228 s 0.0000 (* Average Power for rapl:::MINIMUM_POWER_CNT:PACKAGE1 *)
0.0228 s 0.0001 (* Average Power for rapl:::MAXIMUM_POWER_CNT:PACKAGE0 *)
0.0228 s 0.0001 (* Average Power for rapl:::MAXIMUM_POWER_CNT:PACKAGE1 *)
0.0228 s 0.0000 (* Average Power for rapl:::MAXIMUM_TIME_WINDOW_CNT:PACKAGE0 *)
0.0228 s 0.0000 (* Average Power for rapl:::MAXIMUM_TIME_WINDOW_CNT:PACKAGE1 *)
0.0228 s 0.0011 (* Average Power for rapl:::PACKAGE_ENERGY_CNT:PACKAGE0 *)
0.0228 s 0.0015 (* Average Power for rapl:::PACKAGE_ENERGY_CNT:PACKAGE1 *)
0.0228 s 0.0010 (* Average Power for rapl:::DRAM_ENERGY_CNT:PACKAGE0 *)
0.0228 s 0.0011 (* Average Power for rapl:::DRAM_ENERGY_CNT:PACKAGE1 *)
0.0228 s 0.0000 (* Average Power for rapl:::PP0_ENERGY_CNT:PACKAGE0 *)
0.0228 s 0.0000 (* Average Power for rapl:::PP0_ENERGY_CNT:PACKAGE1 *)
0.0228 s 203211171003.3976 (* Average Power for rapl:::THERMAL_SPEC:PACKAGE0 *)
0.0228 s 203211171003.3976 (* Average Power for rapl:::THERMAL_SPEC:PACKAGE1 *)
0.0228 s 203003116003.7733 (* Average Power for rapl:::MINIMUM_POWER:PACKAGE0 *)
0.0228 s 203003116003.7733 (* Average Power for rapl:::MINIMUM_POWER:PACKAGE1 *)
0.0228 s 203408437966.0043 (* Average Power for rapl:::MAXIMUM_POWER:PACKAGE0 *)
0.0228 s 203408437966.0043 (* Average Power for rapl:::MAXIMUM_POWER:PACKAGE1 *)
0.0228 s 200910236822.3676 (* Average Power for rapl:::MAXIMUM_TIME_WINDOW:PACKAGE0 *)
0.0228 s 200910236822.3676 (* Average Power for rapl:::MAXIMUM_TIME_WINDOW:PACKAGE1 *)
0.0228 s 1.5170 (* Total Energy for rapl:::PACKAGE_ENERGY:PACKAGE0 *)
0.0228 s 66.4463 (* Average Power for rapl:::PACKAGE_ENERGY:PACKAGE0 *)
0.0228 s 2.0586 (* Total Energy for rapl:::PACKAGE_ENERGY:PACKAGE1 *)
0.0228 s 90.1707 (* Average Power for rapl:::PACKAGE_ENERGY:PACKAGE1 *)
0.0228 s 15.9298 (* Average Power for rapl:::DRAM_ENERGY:PACKAGE0 *)
0.0228 s 17.0387 (* Average Power for rapl:::DRAM_ENERGY:PACKAGE1 *)
0.0228 s 0.0000 (* Average Power for rapl:::PP0_ENERGY:PACKAGE0 *)
0.0228 s 0.0000 (* Average Power for rapl:::PP0_ENERGY:PACKAGE1 *)
Total Time for Obtaining Degrees of Vertices  0.022793 
==Update Starts =======
root111=0
root=5934
Max height=251
Total Time for Creating Initial Rooted Tree at iter 1 is 0.755398 with Type:1
Found rapl component at cid 2
Found: rapl:::THERMAL_SPEC_CNT:PACKAGE0
Found: rapl:::THERMAL_SPEC_CNT:PACKAGE1
Found: rapl:::MINIMUM_POWER_CNT:PACKAGE0
Found: rapl:::MINIMUM_POWER_CNT:PACKAGE1
Found: rapl:::MAXIMUM_POWER_CNT:PACKAGE0
Found: rapl:::MAXIMUM_POWER_CNT:PACKAGE1
Found: rapl:::MAXIMUM_TIME_WINDOW_CNT:PACKAGE0
Found: rapl:::MAXIMUM_TIME_WINDOW_CNT:PACKAGE1
Found: rapl:::PACKAGE_ENERGY_CNT:PACKAGE0
Found: rapl:::PACKAGE_ENERGY_CNT:PACKAGE1
Found: rapl:::DRAM_ENERGY_CNT:PACKAGE0
Found: rapl:::DRAM_ENERGY_CNT:PACKAGE1
Found: rapl:::PP0_ENERGY_CNT:PACKAGE0
Found: rapl:::PP0_ENERGY_CNT:PACKAGE1
Found: rapl:::THERMAL_SPEC:PACKAGE0
Found: rapl:::THERMAL_SPEC:PACKAGE1
Found: rapl:::MINIMUM_POWER:PACKAGE0
Found: rapl:::MINIMUM_POWER:PACKAGE1
Found: rapl:::MAXIMUM_POWER:PACKAGE0
Found: rapl:::MAXIMUM_POWER:PACKAGE1
Found: rapl:::MAXIMUM_TIME_WINDOW:PACKAGE0
Found: rapl:::MAXIMUM_TIME_WINDOW:PACKAGE1
Found: rapl:::PACKAGE_ENERGY:PACKAGE0
Found: rapl:::PACKAGE_ENERGY:PACKAGE1
Found: rapl:::DRAM_ENERGY:PACKAGE0
Found: rapl:::DRAM_ENERGY:PACKAGE1
Found: rapl:::PP0_ENERGY:PACKAGE0
Found: rapl:::PP0_ENERGY:PACKAGE1
Starting Classify and Insert
Classify 999999 999999  
Time for insertion Flag  0.484178
Deleted Edges: 38 
Processed Inserts: 131146
 Unprocessed Inserts: 535
 0.4913 s 0.0000 (* Average Power for rapl:::THERMAL_SPEC_CNT:PACKAGE0 *)
0.4913 s 0.0000 (* Average Power for rapl:::THERMAL_SPEC_CNT:PACKAGE1 *)
0.4913 s 0.0000 (* Average Power for rapl:::MINIMUM_POWER_CNT:PACKAGE0 *)
0.4913 s 0.0000 (* Average Power for rapl:::MINIMUM_POWER_CNT:PACKAGE1 *)
0.4913 s 0.0000 (* Average Power for rapl:::MAXIMUM_POWER_CNT:PACKAGE0 *)
0.4913 s 0.0000 (* Average Power for rapl:::MAXIMUM_POWER_CNT:PACKAGE1 *)
0.4913 s 0.0000 (* Average Power for rapl:::MAXIMUM_TIME_WINDOW_CNT:PACKAGE0 *)
0.4913 s 0.0000 (* Average Power for rapl:::MAXIMUM_TIME_WINDOW_CNT:PACKAGE1 *)
0.4913 s 0.0013 (* Average Power for rapl:::PACKAGE_ENERGY_CNT:PACKAGE0 *)
0.4913 s 0.0015 (* Average Power for rapl:::PACKAGE_ENERGY_CNT:PACKAGE1 *)
0.4913 s 0.0010 (* Average Power for rapl:::DRAM_ENERGY_CNT:PACKAGE0 *)
0.4913 s 0.0010 (* Average Power for rapl:::DRAM_ENERGY_CNT:PACKAGE1 *)
0.4913 s 0.0000 (* Average Power for rapl:::PP0_ENERGY_CNT:PACKAGE0 *)
0.4913 s 0.0000 (* Average Power for rapl:::PP0_ENERGY_CNT:PACKAGE1 *)
0.4913 s 9442531390.9225 (* Average Power for rapl:::THERMAL_SPEC:PACKAGE0 *)
0.4913 s 9442531390.9225 (* Average Power for rapl:::THERMAL_SPEC:PACKAGE1 *)
0.4913 s 9432863783.3038 (* Average Power for rapl:::MINIMUM_POWER:PACKAGE0 *)
0.4913 s 9432863783.3038 (* Average Power for rapl:::MINIMUM_POWER:PACKAGE1 *)
0.4913 s 9451697715.1832 (* Average Power for rapl:::MAXIMUM_POWER:PACKAGE0 *)
0.4913 s 9451697715.1832 (* Average Power for rapl:::MAXIMUM_POWER:PACKAGE1 *)
0.4913 s 9335614811.8509 (* Average Power for rapl:::MAXIMUM_TIME_WINDOW:PACKAGE0 *)
0.4913 s 9335614811.8509 (* Average Power for rapl:::MAXIMUM_TIME_WINDOW:PACKAGE1 *)
0.4913 s 38.8005 (* Total Energy for rapl:::PACKAGE_ENERGY:PACKAGE0 *)
0.4913 s 78.9720 (* Average Power for rapl:::PACKAGE_ENERGY:PACKAGE0 *)
0.4913 s 44.1542 (* Total Energy for rapl:::PACKAGE_ENERGY:PACKAGE1 *)
0.4913 s 89.8686 (* Average Power for rapl:::PACKAGE_ENERGY:PACKAGE1 *)
0.4913 s 14.5682 (* Average Power for rapl:::DRAM_ENERGY:PACKAGE0 *)
0.4913 s 15.2917 (* Average Power for rapl:::DRAM_ENERGY:PACKAGE1 *)
0.4913 s 0.0000 (* Average Power for rapl:::PP0_ENERGY:PACKAGE0 *)
0.4913 s 0.0000 (* Average Power for rapl:::PP0_ENERGY:PACKAGE1 *)
Time for Classify and insert  0.491264 
Found rapl component at cid 2
Found: rapl:::THERMAL_SPEC_CNT:PACKAGE0
Found: rapl:::THERMAL_SPEC_CNT:PACKAGE1
Found: rapl:::MINIMUM_POWER_CNT:PACKAGE0
Found: rapl:::MINIMUM_POWER_CNT:PACKAGE1
Found: rapl:::MAXIMUM_POWER_CNT:PACKAGE0
Found: rapl:::MAXIMUM_POWER_CNT:PACKAGE1
Found: rapl:::MAXIMUM_TIME_WINDOW_CNT:PACKAGE0
Found: rapl:::MAXIMUM_TIME_WINDOW_CNT:PACKAGE1
Found: rapl:::PACKAGE_ENERGY_CNT:PACKAGE0
Found: rapl:::PACKAGE_ENERGY_CNT:PACKAGE1
Found: rapl:::DRAM_ENERGY_CNT:PACKAGE0
Found: rapl:::DRAM_ENERGY_CNT:PACKAGE1
Found: rapl:::PP0_ENERGY_CNT:PACKAGE0
Found: rapl:::PP0_ENERGY_CNT:PACKAGE1
Found: rapl:::THERMAL_SPEC:PACKAGE0
Found: rapl:::THERMAL_SPEC:PACKAGE1
Found: rapl:::MINIMUM_POWER:PACKAGE0
Found: rapl:::MINIMUM_POWER:PACKAGE1
Found: rapl:::MAXIMUM_POWER:PACKAGE0
Found: rapl:::MAXIMUM_POWER:PACKAGE1
Found: rapl:::MAXIMUM_TIME_WINDOW:PACKAGE0
Found: rapl:::MAXIMUM_TIME_WINDOW:PACKAGE1
Found: rapl:::PACKAGE_ENERGY:PACKAGE0
Found: rapl:::PACKAGE_ENERGY:PACKAGE1
Found: rapl:::DRAM_ENERGY:PACKAGE0
Found: rapl:::DRAM_ENERGY:PACKAGE1
Found: rapl:::PP0_ENERGY:PACKAGE0
Found: rapl:::PP0_ENERGY:PACKAGE1
Starting process_deletions
done updating maXE 
0.3730 s 0.0000 (* Average Power for rapl:::THERMAL_SPEC_CNT:PACKAGE0 *)
0.3730 s 0.0000 (* Average Power for rapl:::THERMAL_SPEC_CNT:PACKAGE1 *)
0.3730 s 0.0000 (* Average Power for rapl:::MINIMUM_POWER_CNT:PACKAGE0 *)
0.3730 s 0.0000 (* Average Power for rapl:::MINIMUM_POWER_CNT:PACKAGE1 *)
0.3730 s 0.0000 (* Average Power for rapl:::MAXIMUM_POWER_CNT:PACKAGE0 *)
0.3730 s 0.0000 (* Average Power for rapl:::MAXIMUM_POWER_CNT:PACKAGE1 *)
0.3730 s 0.0000 (* Average Power for rapl:::MAXIMUM_TIME_WINDOW_CNT:PACKAGE0 *)
0.3730 s 0.0000 (* Average Power for rapl:::MAXIMUM_TIME_WINDOW_CNT:PACKAGE1 *)
0.3730 s 0.0017 (* Average Power for rapl:::PACKAGE_ENERGY_CNT:PACKAGE0 *)
0.3730 s 0.0014 (* Average Power for rapl:::PACKAGE_ENERGY_CNT:PACKAGE1 *)
0.3730 s 0.0010 (* Average Power for rapl:::DRAM_ENERGY_CNT:PACKAGE0 *)
0.3730 s 0.0010 (* Average Power for rapl:::DRAM_ENERGY_CNT:PACKAGE1 *)
0.3730 s 0.0000 (* Average Power for rapl:::PP0_ENERGY_CNT:PACKAGE0 *)
0.3730 s 0.0000 (* Average Power for rapl:::PP0_ENERGY_CNT:PACKAGE1 *)
0.3730 s 12438150454.6475 (* Average Power for rapl:::THERMAL_SPEC:PACKAGE0 *)
0.3730 s 12438150454.6475 (* Average Power for rapl:::THERMAL_SPEC:PACKAGE1 *)
0.3730 s 12425415823.1044 (* Average Power for rapl:::MINIMUM_POWER:PACKAGE0 *)
0.3730 s 12425415823.1044 (* Average Power for rapl:::MINIMUM_POWER:PACKAGE1 *)
0.3730 s 12450224771.9624 (* Average Power for rapl:::MAXIMUM_POWER:PACKAGE0 *)
0.3730 s 12450224771.9624 (* Average Power for rapl:::MAXIMUM_POWER:PACKAGE1 *)
0.3730 s 12297314862.8413 (* Average Power for rapl:::MAXIMUM_TIME_WINDOW:PACKAGE0 *)
0.3730 s 12297314862.8413 (* Average Power for rapl:::MAXIMUM_TIME_WINDOW:PACKAGE1 *)
0.3730 s 38.3944 (* Total Energy for rapl:::PACKAGE_ENERGY:PACKAGE0 *)
0.3730 s 102.9368 (* Average Power for rapl:::PACKAGE_ENERGY:PACKAGE0 *)
0.3730 s 31.9243 (* Total Energy for rapl:::PACKAGE_ENERGY:PACKAGE1 *)
0.3730 s 85.5901 (* Average Power for rapl:::PACKAGE_ENERGY:PACKAGE1 *)
0.3730 s 14.7489 (* Average Power for rapl:::DRAM_ENERGY:PACKAGE0 *)
0.3730 s 15.1874 (* Average Power for rapl:::DRAM_ENERGY:PACKAGE1 *)
0.3730 s 0.0000 (* Average Power for rapl:::PP0_ENERGY:PACKAGE0 *)
0.3730 s 0.0000 (* Average Power for rapl:::PP0_ENERGY:PACKAGE1 *)
Time for Deletion  0.372962 
Total Time for Updating at Batch 1 is 0.865041 
=======
Total Time for Updating  1.646564 
	Command being timed: "/home/users/norris/research/easy-parallel-graph/autoperf/mst/lib/xpscode/MST_May5/a.out /home/users/norris/research/easy-parallel-graph/experiment/datasets/soc-pokec.diff /home/users/norris/research/easy-parallel-graph/experiment/datasets/soc-pokec.cert /home/users/norris/research/easy-parallel-graph/experiment/datasets/soc-pokec_changed_75i_1000000S 100 1832804 1000000 8 100"
	User time (seconds): 25.19
	System time (seconds): 0.49
	Percent of CPU this job got: 115%
	Elapsed (wall clock) time (h:mm:ss or m:ss): 0:22.28
	Average shared text size (kbytes): 0
	Average unshared data size (kbytes): 0
	Average stack size (kbytes): 0
	Average total size (kbytes): 0
	Maximum resident set size (kbytes): 401436
	Average resident set size (kbytes): 0
	Major (requiring I/O) page faults: 0
	Minor (reclaiming a frame) page faults: 55661
	Voluntary context switches: 671
	Involuntary context switches: 43
	Swaps: 0
	File system inputs: 0
	File system outputs: 32
	Socket messages sent: 0
	Socket messages received: 0
	Signals delivered: 0
	Page size (bytes): 4096
	Exit status: 0
Highest Edge Value 10 --
Time Taken for Initializing Memory 0.035974 
Total Time for Reading Remainder Edges 18.126716 
Total Time for Reading Certificate Network 1.913599 
Total Time for Reading Update List 0.412667 
Found rapl component at cid 2
Found: rapl:::THERMAL_SPEC_CNT:PACKAGE0
Found: rapl:::THERMAL_SPEC_CNT:PACKAGE1
Found: rapl:::MINIMUM_POWER_CNT:PACKAGE0
Found: rapl:::MINIMUM_POWER_CNT:PACKAGE1
Found: rapl:::MAXIMUM_POWER_CNT:PACKAGE0
Found: rapl:::MAXIMUM_POWER_CNT:PACKAGE1
Found: rapl:::MAXIMUM_TIME_WINDOW_CNT:PACKAGE0
Found: rapl:::MAXIMUM_TIME_WINDOW_CNT:PACKAGE1
Found: rapl:::PACKAGE_ENERGY_CNT:PACKAGE0
Found: rapl:::PACKAGE_ENERGY_CNT:PACKAGE1
Found: rapl:::DRAM_ENERGY_CNT:PACKAGE0
Found: rapl:::DRAM_ENERGY_CNT:PACKAGE1
Found: rapl:::PP0_ENERGY_CNT:PACKAGE0
Found: rapl:::PP0_ENERGY_CNT:PACKAGE1
Found: rapl:::THERMAL_SPEC:PACKAGE0
Found: rapl:::THERMAL_SPEC:PACKAGE1
Found: rapl:::MINIMUM_POWER:PACKAGE0
Found: rapl:::MINIMUM_POWER:PACKAGE1
Found: rapl:::MAXIMUM_POWER:PACKAGE0
Found: rapl:::MAXIMUM_POWER:PACKAGE1
Found: rapl:::MAXIMUM_TIME_WINDOW:PACKAGE0
Found: rapl:::MAXIMUM_TIME_WINDOW:PACKAGE1
Found: rapl:::PACKAGE_ENERGY:PACKAGE0
Found: rapl:::PACKAGE_ENERGY:PACKAGE1
Found: rapl:::DRAM_ENERGY:PACKAGE0
Found: rapl:::DRAM_ENERGY:PACKAGE1
Found: rapl:::PP0_ENERGY:PACKAGE0
Found: rapl:::PP0_ENERGY:PACKAGE1
Starting creation of rooted tree
0.0149 s 0.0001 (* Average Power for rapl:::THERMAL_SPEC_CNT:PACKAGE0 *)
0.0149 s 0.0001 (* Average Power for rapl:::THERMAL_SPEC_CNT:PACKAGE1 *)
0.0149 s 0.0000 (* Average Power for rapl:::MINIMUM_POWER_CNT:PACKAGE0 *)
0.0149 s 0.0000 (* Average Power for rapl:::MINIMUM_POWER_CNT:PACKAGE1 *)
0.0149 s 0.0002 (* Average Power for rapl:::MAXIMUM_POWER_CNT:PACKAGE0 *)
0.0149 s 0.0002 (* Average Power for rapl:::MAXIMUM_POWER_CNT:PACKAGE1 *)
0.0149 s 0.0000 (* Average Power for rapl:::MAXIMUM_TIME_WINDOW_CNT:PACKAGE0 *)
0.0149 s 0.0000 (* Average Power for rapl:::MAXIMUM_TIME_WINDOW_CNT:PACKAGE1 *)
0.0149 s 0.0013 (* Average Power for rapl:::PACKAGE_ENERGY_CNT:PACKAGE0 *)
0.0149 s 0.0013 (* Average Power for rapl:::PACKAGE_ENERGY_CNT:PACKAGE1 *)
0.0149 s 0.0012 (* Average Power for rapl:::DRAM_ENERGY_CNT:PACKAGE0 *)
0.0149 s 0.0011 (* Average Power for rapl:::DRAM_ENERGY_CNT:PACKAGE1 *)
0.0149 s 0.0000 (* Average Power for rapl:::PP0_ENERGY_CNT:PACKAGE0 *)
0.0149 s 0.0000 (* Average Power for rapl:::PP0_ENERGY_CNT:PACKAGE1 *)
0.0149 s 310488121584.8053 (* Average Power for rapl:::THERMAL_SPEC:PACKAGE0 *)
0.0149 s 310488121584.8053 (* Average Power for rapl:::THERMAL_SPEC:PACKAGE1 *)
0.0149 s 310170232535.1989 (* Average Power for rapl:::MINIMUM_POWER:PACKAGE0 *)
0.0149 s 310170232535.1989 (* Average Power for rapl:::MINIMUM_POWER:PACKAGE1 *)
0.0149 s 310789527498.5062 (* Average Power for rapl:::MAXIMUM_POWER:PACKAGE0 *)
0.0149 s 310789527498.5062 (* Average Power for rapl:::MAXIMUM_POWER:PACKAGE1 *)
0.0149 s 306972504169.5288 (* Average Power for rapl:::MAXIMUM_TIME_WINDOW:PACKAGE0 *)
0.0149 s 306972504169.5288 (* Average Power for rapl:::MAXIMUM_TIME_WINDOW:PACKAGE1 *)
0.0149 s 1.2100 (* Total Energy for rapl:::PACKAGE_ENERGY:PACKAGE0 *)
0.0149 s 80.9773 (* Average Power for rapl:::PACKAGE_ENERGY:PACKAGE0 *)
0.0149 s 1.2684 (* Total Energy for rapl:::PACKAGE_ENERGY:PACKAGE1 *)
0.0149 s 84.8906 (* Average Power for rapl:::PACKAGE_ENERGY:PACKAGE1 *)
0.0149 s 18.6298 (* Average Power for rapl:::DRAM_ENERGY:PACKAGE0 *)
0.0149 s 18.1059 (* Average Power for rapl:::DRAM_ENERGY:PACKAGE1 *)
0.0149 s 0.0000 (* Average Power for rapl:::PP0_ENERGY:PACKAGE0 *)
0.0149 s 0.0000 (* Average Power for rapl:::PP0_ENERGY:PACKAGE1 *)
Total Time for Obtaining Degrees of Vertices  0.014905 
==Update Starts =======
root111=0
root=5934
Max height=251
Total Time for Creating Initial Rooted Tree at iter 1 is 0.752785 with Type:1
Found rapl component at cid 2
Found: rapl:::THERMAL_SPEC_CNT:PACKAGE0
Found: rapl:::THERMAL_SPEC_CNT:PACKAGE1
Found: rapl:::MINIMUM_POWER_CNT:PACKAGE0
Found: rapl:::MINIMUM_POWER_CNT:PACKAGE1
Found: rapl:::MAXIMUM_POWER_CNT:PACKAGE0
Found: rapl:::MAXIMUM_POWER_CNT:PACKAGE1
Found: rapl:::MAXIMUM_TIME_WINDOW_CNT:PACKAGE0
Found: rapl:::MAXIMUM_TIME_WINDOW_CNT:PACKAGE1
Found: rapl:::PACKAGE_ENERGY_CNT:PACKAGE0
Found: rapl:::PACKAGE_ENERGY_CNT:PACKAGE1
Found: rapl:::DRAM_ENERGY_CNT:PACKAGE0
Found: rapl:::DRAM_ENERGY_CNT:PACKAGE1
Found: rapl:::PP0_ENERGY_CNT:PACKAGE0
Found: rapl:::PP0_ENERGY_CNT:PACKAGE1
Found: rapl:::THERMAL_SPEC:PACKAGE0
Found: rapl:::THERMAL_SPEC:PACKAGE1
Found: rapl:::MINIMUM_POWER:PACKAGE0
Found: rapl:::MINIMUM_POWER:PACKAGE1
Found: rapl:::MAXIMUM_POWER:PACKAGE0
Found: rapl:::MAXIMUM_POWER:PACKAGE1
Found: rapl:::MAXIMUM_TIME_WINDOW:PACKAGE0
Found: rapl:::MAXIMUM_TIME_WINDOW:PACKAGE1
Found: rapl:::PACKAGE_ENERGY:PACKAGE0
Found: rapl:::PACKAGE_ENERGY:PACKAGE1
Found: rapl:::DRAM_ENERGY:PACKAGE0
Found: rapl:::DRAM_ENERGY:PACKAGE1
Found: rapl:::PP0_ENERGY:PACKAGE0
Found: rapl:::PP0_ENERGY:PACKAGE1
Starting Classify and Insert
Classify 999999 999999  
Time for insertion Flag  0.458814
Deleted Edges: 38 
Processed Inserts: 131146
 Unprocessed Inserts: 548
 0.4664 s 0.0000 (* Average Power for rapl:::THERMAL_SPEC_CNT:PACKAGE0 *)
0.4664 s 0.0000 (* Average Power for rapl:::THERMAL_SPEC_CNT:PACKAGE1 *)
0.4664 s 0.0000 (* Average Power for rapl:::MINIMUM_POWER_CNT:PACKAGE0 *)
0.4664 s 0.0000 (* Average Power for rapl:::MINIMUM_POWER_CNT:PACKAGE1 *)
0.4664 s 0.0000 (* Average Power for rapl:::MAXIMUM_POWER_CNT:PACKAGE0 *)
0.4664 s 0.0000 (* Average Power for rapl:::MAXIMUM_POWER_CNT:PACKAGE1 *)
0.4664 s 0.0000 (* Average Power for rapl:::MAXIMUM_TIME_WINDOW_CNT:PACKAGE0 *)
0.4664 s 0.0000 (* Average Power for rapl:::MAXIMUM_TIME_WINDOW_CNT:PACKAGE1 *)
0.4664 s 0.0013 (* Average Power for rapl:::PACKAGE_ENERGY_CNT:PACKAGE0 *)
0.4664 s 0.0014 (* Average Power for rapl:::PACKAGE_ENERGY_CNT:PACKAGE1 *)
0.4664 s 0.0010 (* Average Power for rapl:::DRAM_ENERGY_CNT:PACKAGE0 *)
0.4664 s 0.0010 (* Average Power for rapl:::DRAM_ENERGY_CNT:PACKAGE1 *)
0.4664 s 0.0000 (* Average Power for rapl:::PP0_ENERGY_CNT:PACKAGE0 *)
0.4664 s 0.0000 (* Average Power for rapl:::PP0_ENERGY_CNT:PACKAGE1 *)
0.4664 s 9946169877.7192 (* Average Power for rapl:::THERMAL_SPEC:PACKAGE0 *)
0.4664 s 9946169877.7192 (* Average Power for rapl:::THERMAL_SPEC:PACKAGE1 *)
0.4664 s 9935986626.6708 (* Average Power for rapl:::MINIMUM_POWER:PACKAGE0 *)
0.4664 s 9935986626.6708 (* Average Power for rapl:::MINIMUM_POWER:PACKAGE1 *)
0.4664 s 9955825108.3429 (* Average Power for rapl:::MAXIMUM_POWER:PACKAGE0 *)
0.4664 s 9955825108.3429 (* Average Power for rapl:::MAXIMUM_POWER:PACKAGE1 *)
0.4664 s 9833550664.2726 (* Average Power for rapl:::MAXIMUM_TIME_WINDOW:PACKAGE0 *)
0.4664 s 9833550664.2726 (* Average Power for rapl:::MAXIMUM_TIME_WINDOW:PACKAGE1 *)
0.4664 s 37.8791 (* Total Energy for rapl:::PACKAGE_ENERGY:PACKAGE0 *)
0.4664 s 81.2087 (* Average Power for rapl:::PACKAGE_ENERGY:PACKAGE0 *)
0.4664 s 39.9368 (* Total Energy for rapl:::PACKAGE_ENERGY:PACKAGE1 *)
0.4664 s 85.6201 (* Average Power for rapl:::PACKAGE_ENERGY:PACKAGE1 *)
0.4664 s 14.5988 (* Average Power for rapl:::DRAM_ENERGY:PACKAGE0 *)
0.4664 s 15.1943 (* Average Power for rapl:::DRAM_ENERGY:PACKAGE1 *)
0.4664 s 0.0000 (* Average Power for rapl:::PP0_ENERGY:PACKAGE0 *)
0.4664 s 0.0000 (* Average Power for rapl:::PP0_ENERGY:PACKAGE1 *)
Time for Classify and insert  0.466391 
Found rapl component at cid 2
Found: rapl:::THERMAL_SPEC_CNT:PACKAGE0
Found: rapl:::THERMAL_SPEC_CNT:PACKAGE1
Found: rapl:::MINIMUM_POWER_CNT:PACKAGE0
Found: rapl:::MINIMUM_POWER_CNT:PACKAGE1
Found: rapl:::MAXIMUM_POWER_CNT:PACKAGE0
Found: rapl:::MAXIMUM_POWER_CNT:PACKAGE1
Found: rapl:::MAXIMUM_TIME_WINDOW_CNT:PACKAGE0
Found: rapl:::MAXIMUM_TIME_WINDOW_CNT:PACKAGE1
Found: rapl:::PACKAGE_ENERGY_CNT:PACKAGE0
Found: rapl:::PACKAGE_ENERGY_CNT:PACKAGE1
Found: rapl:::DRAM_ENERGY_CNT:PACKAGE0
Found: rapl:::DRAM_ENERGY_CNT:PACKAGE1
Found: rapl:::PP0_ENERGY_CNT:PACKAGE0
Found: rapl:::PP0_ENERGY_CNT:PACKAGE1
Found: rapl:::THERMAL_SPEC:PACKAGE0
Found: rapl:::THERMAL_SPEC:PACKAGE1
Found: rapl:::MINIMUM_POWER:PACKAGE0
Found: rapl:::MINIMUM_POWER:PACKAGE1
Found: rapl:::MAXIMUM_POWER:PACKAGE0
Found: rapl:::MAXIMUM_POWER:PACKAGE1
Found: rapl:::MAXIMUM_TIME_WINDOW:PACKAGE0
Found: rapl:::MAXIMUM_TIME_WINDOW:PACKAGE1
Found: rapl:::PACKAGE_ENERGY:PACKAGE0
Found: rapl:::PACKAGE_ENERGY:PACKAGE1
Found: rapl:::DRAM_ENERGY:PACKAGE0
Found: rapl:::DRAM_ENERGY:PACKAGE1
Found: rapl:::PP0_ENERGY:PACKAGE0
Found: rapl:::PP0_ENERGY:PACKAGE1
Starting process_deletions
done updating maXE 
0.9013 s 0.0000 (* Average Power for rapl:::THERMAL_SPEC_CNT:PACKAGE0 *)
0.9013 s 0.0000 (* Average Power for rapl:::THERMAL_SPEC_CNT:PACKAGE1 *)
0.9013 s 0.0000 (* Average Power for rapl:::MINIMUM_POWER_CNT:PACKAGE0 *)
0.9013 s 0.0000 (* Average Power for rapl:::MINIMUM_POWER_CNT:PACKAGE1 *)
0.9013 s 0.0000 (* Average Power for rapl:::MAXIMUM_POWER_CNT:PACKAGE0 *)
0.9013 s 0.0000 (* Average Power for rapl:::MAXIMUM_POWER_CNT:PACKAGE1 *)
0.9013 s 0.0000 (* Average Power for rapl:::MAXIMUM_TIME_WINDOW_CNT:PACKAGE0 *)
0.9013 s 0.0000 (* Average Power for rapl:::MAXIMUM_TIME_WINDOW_CNT:PACKAGE1 *)
0.9013 s 0.0015 (* Average Power for rapl:::PACKAGE_ENERGY_CNT:PACKAGE0 *)
0.9013 s 0.0015 (* Average Power for rapl:::PACKAGE_ENERGY_CNT:PACKAGE1 *)
0.9013 s 0.0010 (* Average Power for rapl:::DRAM_ENERGY_CNT:PACKAGE0 *)
0.9013 s 0.0010 (* Average Power for rapl:::DRAM_ENERGY_CNT:PACKAGE1 *)
0.9013 s 0.0000 (* Average Power for rapl:::PP0_ENERGY_CNT:PACKAGE0 *)
0.9013 s 0.0000 (* Average Power for rapl:::PP0_ENERGY_CNT:PACKAGE1 *)
0.9013 s 5147083112.9256 (* Average Power for rapl:::THERMAL_SPEC:PACKAGE0 *)
0.9013 s 5147083112.9256 (* Average Power for rapl:::THERMAL_SPEC:PACKAGE1 *)
0.9013 s 5141813341.7323 (* Average Power for rapl:::MINIMUM_POWER:PACKAGE0 *)
0.9013 s 5141813341.7323 (* Average Power for rapl:::MINIMUM_POWER:PACKAGE1 *)
0.9013 s 5152079636.7238 (* Average Power for rapl:::MAXIMUM_POWER:PACKAGE0 *)
0.9013 s 5152079636.7238 (* Average Power for rapl:::MAXIMUM_POWER:PACKAGE1 *)
0.9013 s 5088803347.0611 (* Average Power for rapl:::MAXIMUM_TIME_WINDOW:PACKAGE0 *)
0.9013 s 5088803347.0611 (* Average Power for rapl:::MAXIMUM_TIME_WINDOW:PACKAGE1 *)
0.9013 s 82.2083 (* Total Energy for rapl:::PACKAGE_ENERGY:PACKAGE0 *)
0.9013 s 91.2061 (* Average Power for rapl:::PACKAGE_ENERGY:PACKAGE0 *)
0.9013 s 84.7064 (* Total Energy for rapl:::PACKAGE_ENERGY:PACKAGE1 *)
0.9013 s 93.9776 (* Average Power for rapl:::PACKAGE_ENERGY:PACKAGE1 *)
0.9013 s 14.5465 (* Average Power for rapl:::DRAM_ENERGY:PACKAGE0 *)
0.9013 s 15.5383 (* Average Power for rapl:::DRAM_ENERGY:PACKAGE1 *)
0.9013 s 0.0000 (* Average Power for rapl:::PP0_ENERGY:PACKAGE0 *)
0.9013 s 0.0000 (* Average Power for rapl:::PP0_ENERGY:PACKAGE1 *)
Time for Deletion  0.901327 
Total Time for Updating at Batch 1 is 1.368474 
=======
Total Time for Updating  2.149020 
	Command being timed: "/home/users/norris/research/easy-parallel-graph/autoperf/mst/lib/xpscode/MST_May5/a.out /home/users/norris/research/easy-parallel-graph/experiment/datasets/soc-pokec.diff /home/users/norris/research/easy-parallel-graph/experiment/datasets/soc-pokec.cert /home/users/norris/research/easy-parallel-graph/experiment/datasets/soc-pokec_changed_75i_1000000S 100 1832804 1000000 8 100"
	User time (seconds): 29.16
	System time (seconds): 0.57
	Percent of CPU this job got: 130%
	Elapsed (wall clock) time (h:mm:ss or m:ss): 0:22.79
	Average shared text size (kbytes): 0
	Average unshared data size (kbytes): 0
	Average stack size (kbytes): 0
	Average total size (kbytes): 0
	Maximum resident set size (kbytes): 402448
	Average resident set size (kbytes): 0
	Major (requiring I/O) page faults: 0
	Minor (reclaiming a frame) page faults: 60403
	Voluntary context switches: 1529
	Involuntary context switches: 42
	Swaps: 0
	File system inputs: 0
	File system outputs: 24
	Socket messages sent: 0
	Socket messages received: 0
	Signals delivered: 0
	Page size (bytes): 4096
	Exit status: 0
Highest Edge Value 10 --
Time Taken for Initializing Memory 0.035545 
Total Time for Reading Remainder Edges 18.247195 
Total Time for Reading Certificate Network 1.916761 
Total Time for Reading Update List 0.410200 
Found rapl component at cid 2
Found: rapl:::THERMAL_SPEC_CNT:PACKAGE0
Found: rapl:::THERMAL_SPEC_CNT:PACKAGE1
Found: rapl:::MINIMUM_POWER_CNT:PACKAGE0
Found: rapl:::MINIMUM_POWER_CNT:PACKAGE1
Found: rapl:::MAXIMUM_POWER_CNT:PACKAGE0
Found: rapl:::MAXIMUM_POWER_CNT:PACKAGE1
Found: rapl:::MAXIMUM_TIME_WINDOW_CNT:PACKAGE0
Found: rapl:::MAXIMUM_TIME_WINDOW_CNT:PACKAGE1
Found: rapl:::PACKAGE_ENERGY_CNT:PACKAGE0
Found: rapl:::PACKAGE_ENERGY_CNT:PACKAGE1
Found: rapl:::DRAM_ENERGY_CNT:PACKAGE0
Found: rapl:::DRAM_ENERGY_CNT:PACKAGE1
Found: rapl:::PP0_ENERGY_CNT:PACKAGE0
Found: rapl:::PP0_ENERGY_CNT:PACKAGE1
Found: rapl:::THERMAL_SPEC:PACKAGE0
Found: rapl:::THERMAL_SPEC:PACKAGE1
Found: rapl:::MINIMUM_POWER:PACKAGE0
Found: rapl:::MINIMUM_POWER:PACKAGE1
Found: rapl:::MAXIMUM_POWER:PACKAGE0
Found: rapl:::MAXIMUM_POWER:PACKAGE1
Found: rapl:::MAXIMUM_TIME_WINDOW:PACKAGE0
Found: rapl:::MAXIMUM_TIME_WINDOW:PACKAGE1
Found: rapl:::PACKAGE_ENERGY:PACKAGE0
Found: rapl:::PACKAGE_ENERGY:PACKAGE1
Found: rapl:::DRAM_ENERGY:PACKAGE0
Found: rapl:::DRAM_ENERGY:PACKAGE1
Found: rapl:::PP0_ENERGY:PACKAGE0
Found: rapl:::PP0_ENERGY:PACKAGE1
Starting creation of rooted tree
0.0198 s 0.0001 (* Average Power for rapl:::THERMAL_SPEC_CNT:PACKAGE0 *)
0.0198 s 0.0001 (* Average Power for rapl:::THERMAL_SPEC_CNT:PACKAGE1 *)
0.0198 s 0.0000 (* Average Power for rapl:::MINIMUM_POWER_CNT:PACKAGE0 *)
0.0198 s 0.0000 (* Average Power for rapl:::MINIMUM_POWER_CNT:PACKAGE1 *)
0.0198 s 0.0001 (* Average Power for rapl:::MAXIMUM_POWER_CNT:PACKAGE0 *)
0.0198 s 0.0001 (* Average Power for rapl:::MAXIMUM_POWER_CNT:PACKAGE1 *)
0.0198 s 0.0000 (* Average Power for rapl:::MAXIMUM_TIME_WINDOW_CNT:PACKAGE0 *)
0.0198 s 0.0000 (* Average Power for rapl:::MAXIMUM_TIME_WINDOW_CNT:PACKAGE1 *)
0.0198 s 0.0010 (* Average Power for rapl:::PACKAGE_ENERGY_CNT:PACKAGE0 *)
0.0198 s 0.0014 (* Average Power for rapl:::PACKAGE_ENERGY_CNT:PACKAGE1 *)
0.0198 s 0.0011 (* Average Power for rapl:::DRAM_ENERGY_CNT:PACKAGE0 *)
0.0198 s 0.0011 (* Average Power for rapl:::DRAM_ENERGY_CNT:PACKAGE1 *)
0.0198 s 0.0000 (* Average Power for rapl:::PP0_ENERGY_CNT:PACKAGE0 *)
0.0198 s 0.0000 (* Average Power for rapl:::PP0_ENERGY_CNT:PACKAGE1 *)
0.0198 s 234414994543.3322 (* Average Power for rapl:::THERMAL_SPEC:PACKAGE0 *)
0.0198 s 234414994543.3322 (* Average Power for rapl:::THERMAL_SPEC:PACKAGE1 *)
0.0198 s 234174991932.4481 (* Average Power for rapl:::MINIMUM_POWER:PACKAGE0 *)
0.0198 s 234174991932.4481 (* Average Power for rapl:::MINIMUM_POWER:PACKAGE1 *)
0.0198 s 234642552574.3927 (* Average Power for rapl:::MAXIMUM_POWER:PACKAGE0 *)
0.0198 s 234642552574.3927 (* Average Power for rapl:::MAXIMUM_POWER:PACKAGE1 *)
0.0198 s 231760743446.6654 (* Average Power for rapl:::MAXIMUM_TIME_WINDOW:PACKAGE0 *)
0.0198 s 231760743446.6654 (* Average Power for rapl:::MAXIMUM_TIME_WINDOW:PACKAGE1 *)
0.0198 s 1.1439 (* Total Energy for rapl:::PACKAGE_ENERGY:PACKAGE0 *)
0.0198 s 57.7970 (* Average Power for rapl:::PACKAGE_ENERGY:PACKAGE0 *)
0.0198 s 1.6368 (* Total Energy for rapl:::PACKAGE_ENERGY:PACKAGE1 *)
0.0198 s 82.7063 (* Average Power for rapl:::PACKAGE_ENERGY:PACKAGE1 *)
0.0198 s 17.2264 (* Average Power for rapl:::DRAM_ENERGY:PACKAGE0 *)
0.0198 s 16.2210 (* Average Power for rapl:::DRAM_ENERGY:PACKAGE1 *)
0.0198 s 0.0000 (* Average Power for rapl:::PP0_ENERGY:PACKAGE0 *)
0.0198 s 0.0000 (* Average Power for rapl:::PP0_ENERGY:PACKAGE1 *)
Total Time for Obtaining Degrees of Vertices  0.019735 
==Update Starts =======
root111=0
root=5934
Max height=251
Total Time for Creating Initial Rooted Tree at iter 1 is 0.640756 with Type:1
Found rapl component at cid 2
Found: rapl:::THERMAL_SPEC_CNT:PACKAGE0
Found: rapl:::THERMAL_SPEC_CNT:PACKAGE1
Found: rapl:::MINIMUM_POWER_CNT:PACKAGE0
Found: rapl:::MINIMUM_POWER_CNT:PACKAGE1
Found: rapl:::MAXIMUM_POWER_CNT:PACKAGE0
Found: rapl:::MAXIMUM_POWER_CNT:PACKAGE1
Found: rapl:::MAXIMUM_TIME_WINDOW_CNT:PACKAGE0
Found: rapl:::MAXIMUM_TIME_WINDOW_CNT:PACKAGE1
Found: rapl:::PACKAGE_ENERGY_CNT:PACKAGE0
Found: rapl:::PACKAGE_ENERGY_CNT:PACKAGE1
Found: rapl:::DRAM_ENERGY_CNT:PACKAGE0
Found: rapl:::DRAM_ENERGY_CNT:PACKAGE1
Found: rapl:::PP0_ENERGY_CNT:PACKAGE0
Found: rapl:::PP0_ENERGY_CNT:PACKAGE1
Found: rapl:::THERMAL_SPEC:PACKAGE0
Found: rapl:::THERMAL_SPEC:PACKAGE1
Found: rapl:::MINIMUM_POWER:PACKAGE0
Found: rapl:::MINIMUM_POWER:PACKAGE1
Found: rapl:::MAXIMUM_POWER:PACKAGE0
Found: rapl:::MAXIMUM_POWER:PACKAGE1
Found: rapl:::MAXIMUM_TIME_WINDOW:PACKAGE0
Found: rapl:::MAXIMUM_TIME_WINDOW:PACKAGE1
Found: rapl:::PACKAGE_ENERGY:PACKAGE0
Found: rapl:::PACKAGE_ENERGY:PACKAGE1
Found: rapl:::DRAM_ENERGY:PACKAGE0
Found: rapl:::DRAM_ENERGY:PACKAGE1
Found: rapl:::PP0_ENERGY:PACKAGE0
Found: rapl:::PP0_ENERGY:PACKAGE1
Starting Classify and Insert
Classify 999999 999999  
Time for insertion Flag  0.430694
Deleted Edges: 38 
Processed Inserts: 131147
 Unprocessed Inserts: 569
 0.4377 s 0.0000 (* Average Power for rapl:::THERMAL_SPEC_CNT:PACKAGE0 *)
0.4377 s 0.0000 (* Average Power for rapl:::THERMAL_SPEC_CNT:PACKAGE1 *)
0.4377 s 0.0000 (* Average Power for rapl:::MINIMUM_POWER_CNT:PACKAGE0 *)
0.4377 s 0.0000 (* Average Power for rapl:::MINIMUM_POWER_CNT:PACKAGE1 *)
0.4377 s 0.0000 (* Average Power for rapl:::MAXIMUM_POWER_CNT:PACKAGE0 *)
0.4377 s 0.0000 (* Average Power for rapl:::MAXIMUM_POWER_CNT:PACKAGE1 *)
0.4377 s 0.0000 (* Average Power for rapl:::MAXIMUM_TIME_WINDOW_CNT:PACKAGE0 *)
0.4377 s 0.0000 (* Average Power for rapl:::MAXIMUM_TIME_WINDOW_CNT:PACKAGE1 *)
0.4377 s 0.0011 (* Average Power for rapl:::PACKAGE_ENERGY_CNT:PACKAGE0 *)
0.4377 s 0.0014 (* Average Power for rapl:::PACKAGE_ENERGY_CNT:PACKAGE1 *)
0.4377 s 0.0010 (* Average Power for rapl:::DRAM_ENERGY_CNT:PACKAGE0 *)
0.4377 s 0.0010 (* Average Power for rapl:::DRAM_ENERGY_CNT:PACKAGE1 *)
0.4377 s 0.0000 (* Average Power for rapl:::PP0_ENERGY_CNT:PACKAGE0 *)
0.4377 s 0.0000 (* Average Power for rapl:::PP0_ENERGY_CNT:PACKAGE1 *)
0.4377 s 10600444556.6742 (* Average Power for rapl:::THERMAL_SPEC:PACKAGE0 *)
0.4377 s 10600444556.6742 (* Average Power for rapl:::THERMAL_SPEC:PACKAGE1 *)
0.4377 s 10589591435.3750 (* Average Power for rapl:::MINIMUM_POWER:PACKAGE0 *)
0.4377 s 10589591435.3750 (* Average Power for rapl:::MINIMUM_POWER:PACKAGE1 *)
0.4377 s 10610734923.5357 (* Average Power for rapl:::MAXIMUM_POWER:PACKAGE0 *)
0.4377 s 10610734923.5357 (* Average Power for rapl:::MAXIMUM_POWER:PACKAGE1 *)
0.4377 s 10480417074.4539 (* Average Power for rapl:::MAXIMUM_TIME_WINDOW:PACKAGE0 *)
0.4377 s 10480417074.4539 (* Average Power for rapl:::MAXIMUM_TIME_WINDOW:PACKAGE1 *)
0.4377 s 28.2325 (* Total Energy for rapl:::PACKAGE_ENERGY:PACKAGE0 *)
0.4377 s 64.5090 (* Average Power for rapl:::PACKAGE_ENERGY:PACKAGE0 *)
0.4377 s 37.4139 (* Total Energy for rapl:::PACKAGE_ENERGY:PACKAGE1 *)
0.4377 s 85.4877 (* Average Power for rapl:::PACKAGE_ENERGY:PACKAGE1 *)
0.4377 s 14.5884 (* Average Power for rapl:::DRAM_ENERGY:PACKAGE0 *)
0.4377 s 15.1599 (* Average Power for rapl:::DRAM_ENERGY:PACKAGE1 *)
0.4377 s 0.0000 (* Average Power for rapl:::PP0_ENERGY:PACKAGE0 *)
0.4377 s 0.0000 (* Average Power for rapl:::PP0_ENERGY:PACKAGE1 *)
Time for Classify and insert  0.437597 
Found rapl component at cid 2
Found: rapl:::THERMAL_SPEC_CNT:PACKAGE0
Found: rapl:::THERMAL_SPEC_CNT:PACKAGE1
Found: rapl:::MINIMUM_POWER_CNT:PACKAGE0
Found: rapl:::MINIMUM_POWER_CNT:PACKAGE1
Found: rapl:::MAXIMUM_POWER_CNT:PACKAGE0
Found: rapl:::MAXIMUM_POWER_CNT:PACKAGE1
Found: rapl:::MAXIMUM_TIME_WINDOW_CNT:PACKAGE0
Found: rapl:::MAXIMUM_TIME_WINDOW_CNT:PACKAGE1
Found: rapl:::PACKAGE_ENERGY_CNT:PACKAGE0
Found: rapl:::PACKAGE_ENERGY_CNT:PACKAGE1
Found: rapl:::DRAM_ENERGY_CNT:PACKAGE0
Found: rapl:::DRAM_ENERGY_CNT:PACKAGE1
Found: rapl:::PP0_ENERGY_CNT:PACKAGE0
Found: rapl:::PP0_ENERGY_CNT:PACKAGE1
Found: rapl:::THERMAL_SPEC:PACKAGE0
Found: rapl:::THERMAL_SPEC:PACKAGE1
Found: rapl:::MINIMUM_POWER:PACKAGE0
Found: rapl:::MINIMUM_POWER:PACKAGE1
Found: rapl:::MAXIMUM_POWER:PACKAGE0
Found: rapl:::MAXIMUM_POWER:PACKAGE1
Found: rapl:::MAXIMUM_TIME_WINDOW:PACKAGE0
Found: rapl:::MAXIMUM_TIME_WINDOW:PACKAGE1
Found: rapl:::PACKAGE_ENERGY:PACKAGE0
Found: rapl:::PACKAGE_ENERGY:PACKAGE1
Found: rapl:::DRAM_ENERGY:PACKAGE0
Found: rapl:::DRAM_ENERGY:PACKAGE1
Found: rapl:::PP0_ENERGY:PACKAGE0
Found: rapl:::PP0_ENERGY:PACKAGE1
Starting process_deletions
done updating maXE 
0.7369 s 0.0000 (* Average Power for rapl:::THERMAL_SPEC_CNT:PACKAGE0 *)
0.7369 s 0.0000 (* Average Power for rapl:::THERMAL_SPEC_CNT:PACKAGE1 *)
0.7369 s 0.0000 (* Average Power for rapl:::MINIMUM_POWER_CNT:PACKAGE0 *)
0.7369 s 0.0000 (* Average Power for rapl:::MINIMUM_POWER_CNT:PACKAGE1 *)
0.7369 s 0.0000 (* Average Power for rapl:::MAXIMUM_POWER_CNT:PACKAGE0 *)
0.7369 s 0.0000 (* Average Power for rapl:::MAXIMUM_POWER_CNT:PACKAGE1 *)
0.7369 s 0.0000 (* Average Power for rapl:::MAXIMUM_TIME_WINDOW_CNT:PACKAGE0 *)
0.7369 s 0.0000 (* Average Power for rapl:::MAXIMUM_TIME_WINDOW_CNT:PACKAGE1 *)
0.7369 s 0.0015 (* Average Power for rapl:::PACKAGE_ENERGY_CNT:PACKAGE0 *)
0.7369 s 0.0015 (* Average Power for rapl:::PACKAGE_ENERGY_CNT:PACKAGE1 *)
0.7369 s 0.0010 (* Average Power for rapl:::DRAM_ENERGY_CNT:PACKAGE0 *)
0.7369 s 0.0010 (* Average Power for rapl:::DRAM_ENERGY_CNT:PACKAGE1 *)
0.7369 s 0.0000 (* Average Power for rapl:::PP0_ENERGY_CNT:PACKAGE0 *)
0.7369 s 0.0000 (* Average Power for rapl:::PP0_ENERGY_CNT:PACKAGE1 *)
0.7369 s 6295733714.0416 (* Average Power for rapl:::THERMAL_SPEC:PACKAGE0 *)
0.7369 s 6295733714.0416 (* Average Power for rapl:::THERMAL_SPEC:PACKAGE1 *)
0.7369 s 6289287912.5188 (* Average Power for rapl:::MINIMUM_POWER:PACKAGE0 *)
0.7369 s 6289287912.5188 (* Average Power for rapl:::MINIMUM_POWER:PACKAGE1 *)
0.7369 s 6301845288.8188 (* Average Power for rapl:::MAXIMUM_POWER:PACKAGE0 *)
0.7369 s 6301845288.8188 (* Average Power for rapl:::MAXIMUM_POWER:PACKAGE1 *)
0.7369 s 6224447923.8670 (* Average Power for rapl:::MAXIMUM_TIME_WINDOW:PACKAGE0 *)
0.7369 s 6224447923.8670 (* Average Power for rapl:::MAXIMUM_TIME_WINDOW:PACKAGE1 *)
0.7369 s 68.0526 (* Total Energy for rapl:::PACKAGE_ENERGY:PACKAGE0 *)
0.7369 s 92.3502 (* Average Power for rapl:::PACKAGE_ENERGY:PACKAGE0 *)
0.7369 s 68.1562 (* Total Energy for rapl:::PACKAGE_ENERGY:PACKAGE1 *)
0.7369 s 92.4909 (* Average Power for rapl:::PACKAGE_ENERGY:PACKAGE1 *)
0.7369 s 14.6301 (* Average Power for rapl:::DRAM_ENERGY:PACKAGE0 *)
0.7369 s 15.5242 (* Average Power for rapl:::DRAM_ENERGY:PACKAGE1 *)
0.7369 s 0.0000 (* Average Power for rapl:::PP0_ENERGY:PACKAGE0 *)
0.7369 s 0.0000 (* Average Power for rapl:::PP0_ENERGY:PACKAGE1 *)
Time for Deletion  0.736868 
Total Time for Updating at Batch 1 is 1.175306 
=======
Total Time for Updating  1.844218 
	Command being timed: "/home/users/norris/research/easy-parallel-graph/autoperf/mst/lib/xpscode/MST_May5/a.out /home/users/norris/research/easy-parallel-graph/experiment/datasets/soc-pokec.diff /home/users/norris/research/easy-parallel-graph/experiment/datasets/soc-pokec.cert /home/users/norris/research/easy-parallel-graph/experiment/datasets/soc-pokec_changed_75i_1000000S 100 1832804 1000000 8 100"
	User time (seconds): 27.79
	System time (seconds): 0.48
	Percent of CPU this job got: 124%
	Elapsed (wall clock) time (h:mm:ss or m:ss): 0:22.61
	Average shared text size (kbytes): 0
	Average unshared data size (kbytes): 0
	Average stack size (kbytes): 0
	Average total size (kbytes): 0
	Maximum resident set size (kbytes): 399996
	Average resident set size (kbytes): 0
	Major (requiring I/O) page faults: 0
	Minor (reclaiming a frame) page faults: 58269
	Voluntary context switches: 570
	Involuntary context switches: 42
	Swaps: 0
	File system inputs: 0
	File system outputs: 32
	Socket messages sent: 0
	Socket messages received: 0
	Signals delivered: 0
	Page size (bytes): 4096
	Exit status: 0
