Highest Edge Value 10 --
Time Taken for Initializing Memory 0.037093 
Total Time for Reading Remainder Edges 18.082818 
Total Time for Reading Certificate Network 1.909398 
Total Time for Reading Update List 0.412181 
Found rapl component at cid 2
Found: rapl:::THERMAL_SPEC_CNT:PACKAGE0
Found: rapl:::THERMAL_SPEC_CNT:PACKAGE1
Found: rapl:::MINIMUM_POWER_CNT:PACKAGE0
Found: rapl:::MINIMUM_POWER_CNT:PACKAGE1
Found: rapl:::MAXIMUM_POWER_CNT:PACKAGE0
Found: rapl:::MAXIMUM_POWER_CNT:PACKAGE1
Found: rapl:::MAXIMUM_TIME_WINDOW_CNT:PACKAGE0
Found: rapl:::MAXIMUM_TIME_WINDOW_CNT:PACKAGE1
Found: rapl:::PACKAGE_ENERGY_CNT:PACKAGE0
Found: rapl:::PACKAGE_ENERGY_CNT:PACKAGE1
Found: rapl:::DRAM_ENERGY_CNT:PACKAGE0
Found: rapl:::DRAM_ENERGY_CNT:PACKAGE1
Found: rapl:::PP0_ENERGY_CNT:PACKAGE0
Found: rapl:::PP0_ENERGY_CNT:PACKAGE1
Found: rapl:::THERMAL_SPEC:PACKAGE0
Found: rapl:::THERMAL_SPEC:PACKAGE1
Found: rapl:::MINIMUM_POWER:PACKAGE0
Found: rapl:::MINIMUM_POWER:PACKAGE1
Found: rapl:::MAXIMUM_POWER:PACKAGE0
Found: rapl:::MAXIMUM_POWER:PACKAGE1
Found: rapl:::MAXIMUM_TIME_WINDOW:PACKAGE0
Found: rapl:::MAXIMUM_TIME_WINDOW:PACKAGE1
Found: rapl:::PACKAGE_ENERGY:PACKAGE0
Found: rapl:::PACKAGE_ENERGY:PACKAGE1
Found: rapl:::DRAM_ENERGY:PACKAGE0
Found: rapl:::DRAM_ENERGY:PACKAGE1
Found: rapl:::PP0_ENERGY:PACKAGE0
Found: rapl:::PP0_ENERGY:PACKAGE1
Starting creation of rooted tree
0.0249 s 0.0000 (* Average Power for rapl:::THERMAL_SPEC_CNT:PACKAGE0 *)
0.0249 s 0.0000 (* Average Power for rapl:::THERMAL_SPEC_CNT:PACKAGE1 *)
0.0249 s 0.0000 (* Average Power for rapl:::MINIMUM_POWER_CNT:PACKAGE0 *)
0.0249 s 0.0000 (* Average Power for rapl:::MINIMUM_POWER_CNT:PACKAGE1 *)
0.0249 s 0.0001 (* Average Power for rapl:::MAXIMUM_POWER_CNT:PACKAGE0 *)
0.0249 s 0.0001 (* Average Power for rapl:::MAXIMUM_POWER_CNT:PACKAGE1 *)
0.0249 s 0.0000 (* Average Power for rapl:::MAXIMUM_TIME_WINDOW_CNT:PACKAGE0 *)
0.0249 s 0.0000 (* Average Power for rapl:::MAXIMUM_TIME_WINDOW_CNT:PACKAGE1 *)
0.0249 s 0.0014 (* Average Power for rapl:::PACKAGE_ENERGY_CNT:PACKAGE0 *)
0.0249 s 0.0014 (* Average Power for rapl:::PACKAGE_ENERGY_CNT:PACKAGE1 *)
0.0249 s 0.0012 (* Average Power for rapl:::DRAM_ENERGY_CNT:PACKAGE0 *)
0.0249 s 0.0011 (* Average Power for rapl:::DRAM_ENERGY_CNT:PACKAGE1 *)
0.0249 s 0.0000 (* Average Power for rapl:::PP0_ENERGY_CNT:PACKAGE0 *)
0.0249 s 0.0000 (* Average Power for rapl:::PP0_ENERGY_CNT:PACKAGE1 *)
0.0249 s 186399635635.3137 (* Average Power for rapl:::THERMAL_SPEC:PACKAGE0 *)
0.0249 s 186399635635.3137 (* Average Power for rapl:::THERMAL_SPEC:PACKAGE1 *)
0.0249 s 186208792898.0243 (* Average Power for rapl:::MINIMUM_POWER:PACKAGE0 *)
0.0249 s 186208792898.0243 (* Average Power for rapl:::MINIMUM_POWER:PACKAGE1 *)
0.0249 s 186580582823.2622 (* Average Power for rapl:::MAXIMUM_POWER:PACKAGE0 *)
0.0249 s 186580582823.2622 (* Average Power for rapl:::MAXIMUM_POWER:PACKAGE1 *)
0.0249 s 184289056325.8836 (* Average Power for rapl:::MAXIMUM_TIME_WINDOW:PACKAGE0 *)
0.0249 s 184289056325.8836 (* Average Power for rapl:::MAXIMUM_TIME_WINDOW:PACKAGE1 *)
0.0249 s 2.1875 (* Total Energy for rapl:::PACKAGE_ENERGY:PACKAGE0 *)
0.0249 s 87.8901 (* Average Power for rapl:::PACKAGE_ENERGY:PACKAGE0 *)
0.0249 s 2.1591 (* Total Energy for rapl:::PACKAGE_ENERGY:PACKAGE1 *)
0.0249 s 86.7498 (* Average Power for rapl:::PACKAGE_ENERGY:PACKAGE1 *)
0.0249 s 18.3137 (* Average Power for rapl:::DRAM_ENERGY:PACKAGE0 *)
0.0249 s 17.1023 (* Average Power for rapl:::DRAM_ENERGY:PACKAGE1 *)
0.0249 s 0.0000 (* Average Power for rapl:::PP0_ENERGY:PACKAGE0 *)
0.0249 s 0.0000 (* Average Power for rapl:::PP0_ENERGY:PACKAGE1 *)
Total Time for Obtaining Degrees of Vertices  0.024852 
==Update Starts =======
root111=0
root=5934
Max height=251
Total Time for Creating Initial Rooted Tree at iter 1 is 0.743879 with Type:1
Found rapl component at cid 2
Found: rapl:::THERMAL_SPEC_CNT:PACKAGE0
Found: rapl:::THERMAL_SPEC_CNT:PACKAGE1
Found: rapl:::MINIMUM_POWER_CNT:PACKAGE0
Found: rapl:::MINIMUM_POWER_CNT:PACKAGE1
Found: rapl:::MAXIMUM_POWER_CNT:PACKAGE0
Found: rapl:::MAXIMUM_POWER_CNT:PACKAGE1
Found: rapl:::MAXIMUM_TIME_WINDOW_CNT:PACKAGE0
Found: rapl:::MAXIMUM_TIME_WINDOW_CNT:PACKAGE1
Found: rapl:::PACKAGE_ENERGY_CNT:PACKAGE0
Found: rapl:::PACKAGE_ENERGY_CNT:PACKAGE1
Found: rapl:::DRAM_ENERGY_CNT:PACKAGE0
Found: rapl:::DRAM_ENERGY_CNT:PACKAGE1
Found: rapl:::PP0_ENERGY_CNT:PACKAGE0
Found: rapl:::PP0_ENERGY_CNT:PACKAGE1
Found: rapl:::THERMAL_SPEC:PACKAGE0
Found: rapl:::THERMAL_SPEC:PACKAGE1
Found: rapl:::MINIMUM_POWER:PACKAGE0
Found: rapl:::MINIMUM_POWER:PACKAGE1
Found: rapl:::MAXIMUM_POWER:PACKAGE0
Found: rapl:::MAXIMUM_POWER:PACKAGE1
Found: rapl:::MAXIMUM_TIME_WINDOW:PACKAGE0
Found: rapl:::MAXIMUM_TIME_WINDOW:PACKAGE1
Found: rapl:::PACKAGE_ENERGY:PACKAGE0
Found: rapl:::PACKAGE_ENERGY:PACKAGE1
Found: rapl:::DRAM_ENERGY:PACKAGE0
Found: rapl:::DRAM_ENERGY:PACKAGE1
Found: rapl:::PP0_ENERGY:PACKAGE0
Found: rapl:::PP0_ENERGY:PACKAGE1
Starting Classify and Insert
Classify 999999 999999  
Time for insertion Flag  0.505319
Deleted Edges: 38 
Processed Inserts: 131150
 Unprocessed Inserts: 376
 0.5127 s 0.0000 (* Average Power for rapl:::THERMAL_SPEC_CNT:PACKAGE0 *)
0.5127 s 0.0000 (* Average Power for rapl:::THERMAL_SPEC_CNT:PACKAGE1 *)
0.5127 s 0.0000 (* Average Power for rapl:::MINIMUM_POWER_CNT:PACKAGE0 *)
0.5127 s 0.0000 (* Average Power for rapl:::MINIMUM_POWER_CNT:PACKAGE1 *)
0.5127 s 0.0000 (* Average Power for rapl:::MAXIMUM_POWER_CNT:PACKAGE0 *)
0.5127 s 0.0000 (* Average Power for rapl:::MAXIMUM_POWER_CNT:PACKAGE1 *)
0.5127 s 0.0000 (* Average Power for rapl:::MAXIMUM_TIME_WINDOW_CNT:PACKAGE0 *)
0.5127 s 0.0000 (* Average Power for rapl:::MAXIMUM_TIME_WINDOW_CNT:PACKAGE1 *)
0.5127 s 0.0012 (* Average Power for rapl:::PACKAGE_ENERGY_CNT:PACKAGE0 *)
0.5127 s 0.0013 (* Average Power for rapl:::PACKAGE_ENERGY_CNT:PACKAGE1 *)
0.5127 s 0.0010 (* Average Power for rapl:::DRAM_ENERGY_CNT:PACKAGE0 *)
0.5127 s 0.0010 (* Average Power for rapl:::DRAM_ENERGY_CNT:PACKAGE1 *)
0.5127 s 0.0000 (* Average Power for rapl:::PP0_ENERGY_CNT:PACKAGE0 *)
0.5127 s 0.0000 (* Average Power for rapl:::PP0_ENERGY_CNT:PACKAGE1 *)
0.5127 s 9049226636.6807 (* Average Power for rapl:::THERMAL_SPEC:PACKAGE0 *)
0.5127 s 9049226636.6807 (* Average Power for rapl:::THERMAL_SPEC:PACKAGE1 *)
0.5127 s 9039961708.7971 (* Average Power for rapl:::MINIMUM_POWER:PACKAGE0 *)
0.5127 s 9039961708.7971 (* Average Power for rapl:::MINIMUM_POWER:PACKAGE1 *)
0.5127 s 9058011160.8963 (* Average Power for rapl:::MAXIMUM_POWER:PACKAGE0 *)
0.5127 s 9058011160.8963 (* Average Power for rapl:::MAXIMUM_POWER:PACKAGE1 *)
0.5127 s 8946763397.1973 (* Average Power for rapl:::MAXIMUM_TIME_WINDOW:PACKAGE0 *)
0.5127 s 8946763397.1973 (* Average Power for rapl:::MAXIMUM_TIME_WINDOW:PACKAGE1 *)
0.5127 s 36.6958 (* Total Energy for rapl:::PACKAGE_ENERGY:PACKAGE0 *)
0.5127 s 71.5772 (* Average Power for rapl:::PACKAGE_ENERGY:PACKAGE0 *)
0.5127 s 41.1990 (* Total Energy for rapl:::PACKAGE_ENERGY:PACKAGE1 *)
0.5127 s 80.3609 (* Average Power for rapl:::PACKAGE_ENERGY:PACKAGE1 *)
0.5127 s 14.5815 (* Average Power for rapl:::DRAM_ENERGY:PACKAGE0 *)
0.5127 s 15.2215 (* Average Power for rapl:::DRAM_ENERGY:PACKAGE1 *)
0.5127 s 0.0000 (* Average Power for rapl:::PP0_ENERGY:PACKAGE0 *)
0.5127 s 0.0000 (* Average Power for rapl:::PP0_ENERGY:PACKAGE1 *)
Time for Classify and insert  0.512603 
Found rapl component at cid 2
Found: rapl:::THERMAL_SPEC_CNT:PACKAGE0
Found: rapl:::THERMAL_SPEC_CNT:PACKAGE1
Found: rapl:::MINIMUM_POWER_CNT:PACKAGE0
Found: rapl:::MINIMUM_POWER_CNT:PACKAGE1
Found: rapl:::MAXIMUM_POWER_CNT:PACKAGE0
Found: rapl:::MAXIMUM_POWER_CNT:PACKAGE1
Found: rapl:::MAXIMUM_TIME_WINDOW_CNT:PACKAGE0
Found: rapl:::MAXIMUM_TIME_WINDOW_CNT:PACKAGE1
Found: rapl:::PACKAGE_ENERGY_CNT:PACKAGE0
Found: rapl:::PACKAGE_ENERGY_CNT:PACKAGE1
Found: rapl:::DRAM_ENERGY_CNT:PACKAGE0
Found: rapl:::DRAM_ENERGY_CNT:PACKAGE1
Found: rapl:::PP0_ENERGY_CNT:PACKAGE0
Found: rapl:::PP0_ENERGY_CNT:PACKAGE1
Found: rapl:::THERMAL_SPEC:PACKAGE0
Found: rapl:::THERMAL_SPEC:PACKAGE1
Found: rapl:::MINIMUM_POWER:PACKAGE0
Found: rapl:::MINIMUM_POWER:PACKAGE1
Found: rapl:::MAXIMUM_POWER:PACKAGE0
Found: rapl:::MAXIMUM_POWER:PACKAGE1
Found: rapl:::MAXIMUM_TIME_WINDOW:PACKAGE0
Found: rapl:::MAXIMUM_TIME_WINDOW:PACKAGE1
Found: rapl:::PACKAGE_ENERGY:PACKAGE0
Found: rapl:::PACKAGE_ENERGY:PACKAGE1
Found: rapl:::DRAM_ENERGY:PACKAGE0
Found: rapl:::DRAM_ENERGY:PACKAGE1
Found: rapl:::PP0_ENERGY:PACKAGE0
Found: rapl:::PP0_ENERGY:PACKAGE1
Starting process_deletions
done updating maXE 
0.6282 s 0.0000 (* Average Power for rapl:::THERMAL_SPEC_CNT:PACKAGE0 *)
0.6282 s 0.0000 (* Average Power for rapl:::THERMAL_SPEC_CNT:PACKAGE1 *)
0.6282 s 0.0000 (* Average Power for rapl:::MINIMUM_POWER_CNT:PACKAGE0 *)
0.6282 s 0.0000 (* Average Power for rapl:::MINIMUM_POWER_CNT:PACKAGE1 *)
0.6282 s 0.0000 (* Average Power for rapl:::MAXIMUM_POWER_CNT:PACKAGE0 *)
0.6282 s 0.0000 (* Average Power for rapl:::MAXIMUM_POWER_CNT:PACKAGE1 *)
0.6282 s 0.0000 (* Average Power for rapl:::MAXIMUM_TIME_WINDOW_CNT:PACKAGE0 *)
0.6282 s 0.0000 (* Average Power for rapl:::MAXIMUM_TIME_WINDOW_CNT:PACKAGE1 *)
0.6282 s 0.0017 (* Average Power for rapl:::PACKAGE_ENERGY_CNT:PACKAGE0 *)
0.6282 s 0.0018 (* Average Power for rapl:::PACKAGE_ENERGY_CNT:PACKAGE1 *)
0.6282 s 0.0010 (* Average Power for rapl:::DRAM_ENERGY_CNT:PACKAGE0 *)
0.6282 s 0.0010 (* Average Power for rapl:::DRAM_ENERGY_CNT:PACKAGE1 *)
0.6282 s 0.0000 (* Average Power for rapl:::PP0_ENERGY_CNT:PACKAGE0 *)
0.6282 s 0.0000 (* Average Power for rapl:::PP0_ENERGY_CNT:PACKAGE1 *)
0.6282 s 7384957553.8532 (* Average Power for rapl:::THERMAL_SPEC:PACKAGE0 *)
0.6282 s 7384957553.8532 (* Average Power for rapl:::THERMAL_SPEC:PACKAGE1 *)
0.6282 s 7377396565.2840 (* Average Power for rapl:::MINIMUM_POWER:PACKAGE0 *)
0.6282 s 7377396565.2840 (* Average Power for rapl:::MINIMUM_POWER:PACKAGE1 *)
0.6282 s 7392126491.1633 (* Average Power for rapl:::MAXIMUM_POWER:PACKAGE0 *)
0.6282 s 7392126491.1633 (* Average Power for rapl:::MAXIMUM_POWER:PACKAGE1 *)
0.6282 s 7301338621.0100 (* Average Power for rapl:::MAXIMUM_TIME_WINDOW:PACKAGE0 *)
0.6282 s 7301338621.0100 (* Average Power for rapl:::MAXIMUM_TIME_WINDOW:PACKAGE1 *)
0.6282 s 66.5493 (* Total Energy for rapl:::PACKAGE_ENERGY:PACKAGE0 *)
0.6282 s 105.9348 (* Average Power for rapl:::PACKAGE_ENERGY:PACKAGE0 *)
0.6282 s 69.9588 (* Total Energy for rapl:::PACKAGE_ENERGY:PACKAGE1 *)
0.6282 s 111.3621 (* Average Power for rapl:::PACKAGE_ENERGY:PACKAGE1 *)
0.6282 s 14.6204 (* Average Power for rapl:::DRAM_ENERGY:PACKAGE0 *)
0.6282 s 15.6034 (* Average Power for rapl:::DRAM_ENERGY:PACKAGE1 *)
0.6282 s 0.0000 (* Average Power for rapl:::PP0_ENERGY:PACKAGE0 *)
0.6282 s 0.0000 (* Average Power for rapl:::PP0_ENERGY:PACKAGE1 *)
Time for Deletion  0.628184 
Total Time for Updating at Batch 1 is 1.141740 
=======
Total Time for Updating  1.919366 
	Command being timed: "/home/users/norris/research/easy-parallel-graph/autoperf/mst/lib/xpscode/MST_May5/a.out /home/users/norris/research/easy-parallel-graph/experiment/datasets/soc-pokec.diff /home/users/norris/research/easy-parallel-graph/experiment/datasets/soc-pokec.cert /home/users/norris/research/easy-parallel-graph/experiment/datasets/soc-pokec_changed_75i_1000000S 100 1832804 1000000 48 100"
	User time (seconds): 57.97
	System time (seconds): 1.01
	Percent of CPU this job got: 261%
	Elapsed (wall clock) time (h:mm:ss or m:ss): 0:22.57
	Average shared text size (kbytes): 0
	Average unshared data size (kbytes): 0
	Average stack size (kbytes): 0
	Average total size (kbytes): 0
	Maximum resident set size (kbytes): 401900
	Average resident set size (kbytes): 0
	Major (requiring I/O) page faults: 0
	Minor (reclaiming a frame) page faults: 57740
	Voluntary context switches: 1288
	Involuntary context switches: 134
	Swaps: 0
	File system inputs: 0
	File system outputs: 24
	Socket messages sent: 0
	Socket messages received: 0
	Signals delivered: 0
	Page size (bytes): 4096
	Exit status: 0
Highest Edge Value 10 --
Time Taken for Initializing Memory 0.037100 
Total Time for Reading Remainder Edges 18.223585 
Total Time for Reading Certificate Network 1.919112 
Total Time for Reading Update List 0.410129 
Found rapl component at cid 2
Found: rapl:::THERMAL_SPEC_CNT:PACKAGE0
Found: rapl:::THERMAL_SPEC_CNT:PACKAGE1
Found: rapl:::MINIMUM_POWER_CNT:PACKAGE0
Found: rapl:::MINIMUM_POWER_CNT:PACKAGE1
Found: rapl:::MAXIMUM_POWER_CNT:PACKAGE0
Found: rapl:::MAXIMUM_POWER_CNT:PACKAGE1
Found: rapl:::MAXIMUM_TIME_WINDOW_CNT:PACKAGE0
Found: rapl:::MAXIMUM_TIME_WINDOW_CNT:PACKAGE1
Found: rapl:::PACKAGE_ENERGY_CNT:PACKAGE0
Found: rapl:::PACKAGE_ENERGY_CNT:PACKAGE1
Found: rapl:::DRAM_ENERGY_CNT:PACKAGE0
Found: rapl:::DRAM_ENERGY_CNT:PACKAGE1
Found: rapl:::PP0_ENERGY_CNT:PACKAGE0
Found: rapl:::PP0_ENERGY_CNT:PACKAGE1
Found: rapl:::THERMAL_SPEC:PACKAGE0
Found: rapl:::THERMAL_SPEC:PACKAGE1
Found: rapl:::MINIMUM_POWER:PACKAGE0
Found: rapl:::MINIMUM_POWER:PACKAGE1
Found: rapl:::MAXIMUM_POWER:PACKAGE0
Found: rapl:::MAXIMUM_POWER:PACKAGE1
Found: rapl:::MAXIMUM_TIME_WINDOW:PACKAGE0
Found: rapl:::MAXIMUM_TIME_WINDOW:PACKAGE1
Found: rapl:::PACKAGE_ENERGY:PACKAGE0
Found: rapl:::PACKAGE_ENERGY:PACKAGE1
Found: rapl:::DRAM_ENERGY:PACKAGE0
Found: rapl:::DRAM_ENERGY:PACKAGE1
Found: rapl:::PP0_ENERGY:PACKAGE0
Found: rapl:::PP0_ENERGY:PACKAGE1
Starting creation of rooted tree
0.0420 s 0.0000 (* Average Power for rapl:::THERMAL_SPEC_CNT:PACKAGE0 *)
0.0420 s 0.0000 (* Average Power for rapl:::THERMAL_SPEC_CNT:PACKAGE1 *)
0.0420 s 0.0000 (* Average Power for rapl:::MINIMUM_POWER_CNT:PACKAGE0 *)
0.0420 s 0.0000 (* Average Power for rapl:::MINIMUM_POWER_CNT:PACKAGE1 *)
0.0420 s 0.0001 (* Average Power for rapl:::MAXIMUM_POWER_CNT:PACKAGE0 *)
0.0420 s 0.0001 (* Average Power for rapl:::MAXIMUM_POWER_CNT:PACKAGE1 *)
0.0420 s 0.0000 (* Average Power for rapl:::MAXIMUM_TIME_WINDOW_CNT:PACKAGE0 *)
0.0420 s 0.0000 (* Average Power for rapl:::MAXIMUM_TIME_WINDOW_CNT:PACKAGE1 *)
0.0420 s 0.0010 (* Average Power for rapl:::PACKAGE_ENERGY_CNT:PACKAGE0 *)
0.0420 s 0.0015 (* Average Power for rapl:::PACKAGE_ENERGY_CNT:PACKAGE1 *)
0.0420 s 0.0009 (* Average Power for rapl:::DRAM_ENERGY_CNT:PACKAGE0 *)
0.0420 s 0.0010 (* Average Power for rapl:::DRAM_ENERGY_CNT:PACKAGE1 *)
0.0420 s 0.0000 (* Average Power for rapl:::PP0_ENERGY_CNT:PACKAGE0 *)
0.0420 s 0.0000 (* Average Power for rapl:::PP0_ENERGY_CNT:PACKAGE1 *)
0.0420 s 110465228700.1495 (* Average Power for rapl:::THERMAL_SPEC:PACKAGE0 *)
0.0420 s 110465228700.1495 (* Average Power for rapl:::THERMAL_SPEC:PACKAGE1 *)
0.0420 s 110352130374.8841 (* Average Power for rapl:::MINIMUM_POWER:PACKAGE0 *)
0.0420 s 110352130374.8841 (* Average Power for rapl:::MINIMUM_POWER:PACKAGE1 *)
0.0420 s 110572462667.8085 (* Average Power for rapl:::MAXIMUM_POWER:PACKAGE0 *)
0.0420 s 110572462667.8085 (* Average Power for rapl:::MAXIMUM_POWER:PACKAGE1 *)
0.0420 s 109214444999.2514 (* Average Power for rapl:::MAXIMUM_TIME_WINDOW:PACKAGE0 *)
0.0420 s 109214444999.2514 (* Average Power for rapl:::MAXIMUM_TIME_WINDOW:PACKAGE1 *)
0.0420 s 2.6627 (* Total Energy for rapl:::PACKAGE_ENERGY:PACKAGE0 *)
0.0420 s 63.4013 (* Average Power for rapl:::PACKAGE_ENERGY:PACKAGE0 *)
0.0420 s 3.8337 (* Total Energy for rapl:::PACKAGE_ENERGY:PACKAGE1 *)
0.0420 s 91.2827 (* Average Power for rapl:::PACKAGE_ENERGY:PACKAGE1 *)
0.0420 s 14.3269 (* Average Power for rapl:::DRAM_ENERGY:PACKAGE0 *)
0.0420 s 15.7370 (* Average Power for rapl:::DRAM_ENERGY:PACKAGE1 *)
0.0420 s 0.0000 (* Average Power for rapl:::PP0_ENERGY:PACKAGE0 *)
0.0420 s 0.0000 (* Average Power for rapl:::PP0_ENERGY:PACKAGE1 *)
Total Time for Obtaining Degrees of Vertices  0.041961 
==Update Starts =======
root111=0
root=5934
Max height=251
Total Time for Creating Initial Rooted Tree at iter 1 is 0.697966 with Type:1
Found rapl component at cid 2
Found: rapl:::THERMAL_SPEC_CNT:PACKAGE0
Found: rapl:::THERMAL_SPEC_CNT:PACKAGE1
Found: rapl:::MINIMUM_POWER_CNT:PACKAGE0
Found: rapl:::MINIMUM_POWER_CNT:PACKAGE1
Found: rapl:::MAXIMUM_POWER_CNT:PACKAGE0
Found: rapl:::MAXIMUM_POWER_CNT:PACKAGE1
Found: rapl:::MAXIMUM_TIME_WINDOW_CNT:PACKAGE0
Found: rapl:::MAXIMUM_TIME_WINDOW_CNT:PACKAGE1
Found: rapl:::PACKAGE_ENERGY_CNT:PACKAGE0
Found: rapl:::PACKAGE_ENERGY_CNT:PACKAGE1
Found: rapl:::DRAM_ENERGY_CNT:PACKAGE0
Found: rapl:::DRAM_ENERGY_CNT:PACKAGE1
Found: rapl:::PP0_ENERGY_CNT:PACKAGE0
Found: rapl:::PP0_ENERGY_CNT:PACKAGE1
Found: rapl:::THERMAL_SPEC:PACKAGE0
Found: rapl:::THERMAL_SPEC:PACKAGE1
Found: rapl:::MINIMUM_POWER:PACKAGE0
Found: rapl:::MINIMUM_POWER:PACKAGE1
Found: rapl:::MAXIMUM_POWER:PACKAGE0
Found: rapl:::MAXIMUM_POWER:PACKAGE1
Found: rapl:::MAXIMUM_TIME_WINDOW:PACKAGE0
Found: rapl:::MAXIMUM_TIME_WINDOW:PACKAGE1
Found: rapl:::PACKAGE_ENERGY:PACKAGE0
Found: rapl:::PACKAGE_ENERGY:PACKAGE1
Found: rapl:::DRAM_ENERGY:PACKAGE0
Found: rapl:::DRAM_ENERGY:PACKAGE1
Found: rapl:::PP0_ENERGY:PACKAGE0
Found: rapl:::PP0_ENERGY:PACKAGE1
Starting Classify and Insert
Classify 999999 999999  
Time for insertion Flag  0.505612
Deleted Edges: 38 
Processed Inserts: 131149
 Unprocessed Inserts: 377
 0.5121 s 0.0000 (* Average Power for rapl:::THERMAL_SPEC_CNT:PACKAGE0 *)
0.5121 s 0.0000 (* Average Power for rapl:::THERMAL_SPEC_CNT:PACKAGE1 *)
0.5121 s 0.0000 (* Average Power for rapl:::MINIMUM_POWER_CNT:PACKAGE0 *)
0.5121 s 0.0000 (* Average Power for rapl:::MINIMUM_POWER_CNT:PACKAGE1 *)
0.5121 s 0.0000 (* Average Power for rapl:::MAXIMUM_POWER_CNT:PACKAGE0 *)
0.5121 s 0.0000 (* Average Power for rapl:::MAXIMUM_POWER_CNT:PACKAGE1 *)
0.5121 s 0.0000 (* Average Power for rapl:::MAXIMUM_TIME_WINDOW_CNT:PACKAGE0 *)
0.5121 s 0.0000 (* Average Power for rapl:::MAXIMUM_TIME_WINDOW_CNT:PACKAGE1 *)
0.5121 s 0.0009 (* Average Power for rapl:::PACKAGE_ENERGY_CNT:PACKAGE0 *)
0.5121 s 0.0013 (* Average Power for rapl:::PACKAGE_ENERGY_CNT:PACKAGE1 *)
0.5121 s 0.0008 (* Average Power for rapl:::DRAM_ENERGY_CNT:PACKAGE0 *)
0.5121 s 0.0010 (* Average Power for rapl:::DRAM_ENERGY_CNT:PACKAGE1 *)
0.5121 s 0.0000 (* Average Power for rapl:::PP0_ENERGY_CNT:PACKAGE0 *)
0.5121 s 0.0000 (* Average Power for rapl:::PP0_ENERGY_CNT:PACKAGE1 *)
0.5121 s 9059472288.2331 (* Average Power for rapl:::THERMAL_SPEC:PACKAGE0 *)
0.5121 s 9059472288.2331 (* Average Power for rapl:::THERMAL_SPEC:PACKAGE1 *)
0.5121 s 9050196870.4781 (* Average Power for rapl:::MINIMUM_POWER:PACKAGE0 *)
0.5121 s 9050196870.4781 (* Average Power for rapl:::MINIMUM_POWER:PACKAGE1 *)
0.5121 s 9068266758.4007 (* Average Power for rapl:::MAXIMUM_POWER:PACKAGE0 *)
0.5121 s 9068266758.4007 (* Average Power for rapl:::MAXIMUM_POWER:PACKAGE1 *)
0.5121 s 8956893038.5434 (* Average Power for rapl:::MAXIMUM_TIME_WINDOW:PACKAGE0 *)
0.5121 s 8956893038.5434 (* Average Power for rapl:::MAXIMUM_TIME_WINDOW:PACKAGE1 *)
0.5121 s 26.7746 (* Total Energy for rapl:::PACKAGE_ENERGY:PACKAGE0 *)
0.5121 s 52.2845 (* Average Power for rapl:::PACKAGE_ENERGY:PACKAGE0 *)
0.5121 s 39.6315 (* Total Energy for rapl:::PACKAGE_ENERGY:PACKAGE1 *)
0.5121 s 77.3909 (* Average Power for rapl:::PACKAGE_ENERGY:PACKAGE1 *)
0.5121 s 12.7414 (* Average Power for rapl:::DRAM_ENERGY:PACKAGE0 *)
0.5121 s 15.4359 (* Average Power for rapl:::DRAM_ENERGY:PACKAGE1 *)
0.5121 s 0.0000 (* Average Power for rapl:::PP0_ENERGY:PACKAGE0 *)
0.5121 s 0.0000 (* Average Power for rapl:::PP0_ENERGY:PACKAGE1 *)
Time for Classify and insert  0.512065 
Found rapl component at cid 2
Found: rapl:::THERMAL_SPEC_CNT:PACKAGE0
Found: rapl:::THERMAL_SPEC_CNT:PACKAGE1
Found: rapl:::MINIMUM_POWER_CNT:PACKAGE0
Found: rapl:::MINIMUM_POWER_CNT:PACKAGE1
Found: rapl:::MAXIMUM_POWER_CNT:PACKAGE0
Found: rapl:::MAXIMUM_POWER_CNT:PACKAGE1
Found: rapl:::MAXIMUM_TIME_WINDOW_CNT:PACKAGE0
Found: rapl:::MAXIMUM_TIME_WINDOW_CNT:PACKAGE1
Found: rapl:::PACKAGE_ENERGY_CNT:PACKAGE0
Found: rapl:::PACKAGE_ENERGY_CNT:PACKAGE1
Found: rapl:::DRAM_ENERGY_CNT:PACKAGE0
Found: rapl:::DRAM_ENERGY_CNT:PACKAGE1
Found: rapl:::PP0_ENERGY_CNT:PACKAGE0
Found: rapl:::PP0_ENERGY_CNT:PACKAGE1
Found: rapl:::THERMAL_SPEC:PACKAGE0
Found: rapl:::THERMAL_SPEC:PACKAGE1
Found: rapl:::MINIMUM_POWER:PACKAGE0
Found: rapl:::MINIMUM_POWER:PACKAGE1
Found: rapl:::MAXIMUM_POWER:PACKAGE0
Found: rapl:::MAXIMUM_POWER:PACKAGE1
Found: rapl:::MAXIMUM_TIME_WINDOW:PACKAGE0
Found: rapl:::MAXIMUM_TIME_WINDOW:PACKAGE1
Found: rapl:::PACKAGE_ENERGY:PACKAGE0
Found: rapl:::PACKAGE_ENERGY:PACKAGE1
Found: rapl:::DRAM_ENERGY:PACKAGE0
Found: rapl:::DRAM_ENERGY:PACKAGE1
Found: rapl:::PP0_ENERGY:PACKAGE0
Found: rapl:::PP0_ENERGY:PACKAGE1
Starting process_deletions
done updating maXE 
0.6890 s 0.0000 (* Average Power for rapl:::THERMAL_SPEC_CNT:PACKAGE0 *)
0.6890 s 0.0000 (* Average Power for rapl:::THERMAL_SPEC_CNT:PACKAGE1 *)
0.6890 s 0.0000 (* Average Power for rapl:::MINIMUM_POWER_CNT:PACKAGE0 *)
0.6890 s 0.0000 (* Average Power for rapl:::MINIMUM_POWER_CNT:PACKAGE1 *)
0.6890 s 0.0000 (* Average Power for rapl:::MAXIMUM_POWER_CNT:PACKAGE0 *)
0.6890 s 0.0000 (* Average Power for rapl:::MAXIMUM_POWER_CNT:PACKAGE1 *)
0.6890 s 0.0000 (* Average Power for rapl:::MAXIMUM_TIME_WINDOW_CNT:PACKAGE0 *)
0.6890 s 0.0000 (* Average Power for rapl:::MAXIMUM_TIME_WINDOW_CNT:PACKAGE1 *)
0.6890 s 0.0017 (* Average Power for rapl:::PACKAGE_ENERGY_CNT:PACKAGE0 *)
0.6890 s 0.0018 (* Average Power for rapl:::PACKAGE_ENERGY_CNT:PACKAGE1 *)
0.6890 s 0.0009 (* Average Power for rapl:::DRAM_ENERGY_CNT:PACKAGE0 *)
0.6890 s 0.0010 (* Average Power for rapl:::DRAM_ENERGY_CNT:PACKAGE1 *)
0.6890 s 0.0000 (* Average Power for rapl:::PP0_ENERGY_CNT:PACKAGE0 *)
0.6890 s 0.0000 (* Average Power for rapl:::PP0_ENERGY_CNT:PACKAGE1 *)
0.6890 s 6733838499.2203 (* Average Power for rapl:::THERMAL_SPEC:PACKAGE0 *)
0.6890 s 6733838499.2203 (* Average Power for rapl:::THERMAL_SPEC:PACKAGE1 *)
0.6890 s 6726944150.0588 (* Average Power for rapl:::MINIMUM_POWER:PACKAGE0 *)
0.6890 s 6726944150.0588 (* Average Power for rapl:::MINIMUM_POWER:PACKAGE1 *)
0.6890 s 6740375363.6106 (* Average Power for rapl:::MAXIMUM_POWER:PACKAGE0 *)
0.6890 s 6740375363.6106 (* Average Power for rapl:::MAXIMUM_POWER:PACKAGE1 *)
0.6890 s 6657592104.4189 (* Average Power for rapl:::MAXIMUM_TIME_WINDOW:PACKAGE0 *)
0.6890 s 6657592104.4189 (* Average Power for rapl:::MAXIMUM_TIME_WINDOW:PACKAGE1 *)
0.6890 s 73.2227 (* Total Energy for rapl:::PACKAGE_ENERGY:PACKAGE0 *)
0.6890 s 106.2809 (* Average Power for rapl:::PACKAGE_ENERGY:PACKAGE0 *)
0.6890 s 76.8755 (* Total Energy for rapl:::PACKAGE_ENERGY:PACKAGE1 *)
0.6890 s 111.5829 (* Average Power for rapl:::PACKAGE_ENERGY:PACKAGE1 *)
0.6890 s 14.2634 (* Average Power for rapl:::DRAM_ENERGY:PACKAGE0 *)
0.6890 s 15.7028 (* Average Power for rapl:::DRAM_ENERGY:PACKAGE1 *)
0.6890 s 0.0000 (* Average Power for rapl:::PP0_ENERGY:PACKAGE0 *)
0.6890 s 0.0000 (* Average Power for rapl:::PP0_ENERGY:PACKAGE1 *)
Time for Deletion  0.688935 
Total Time for Updating at Batch 1 is 1.202008 
=======
Total Time for Updating  1.924676 
	Command being timed: "/home/users/norris/research/easy-parallel-graph/autoperf/mst/lib/xpscode/MST_May5/a.out /home/users/norris/research/easy-parallel-graph/experiment/datasets/soc-pokec.diff /home/users/norris/research/easy-parallel-graph/experiment/datasets/soc-pokec.cert /home/users/norris/research/easy-parallel-graph/experiment/datasets/soc-pokec_changed_75i_1000000S 100 1832804 1000000 48 100"
	User time (seconds): 60.64
	System time (seconds): 0.84
	Percent of CPU this job got: 270%
	Elapsed (wall clock) time (h:mm:ss or m:ss): 0:22.75
	Average shared text size (kbytes): 0
	Average unshared data size (kbytes): 0
	Average stack size (kbytes): 0
	Average total size (kbytes): 0
	Maximum resident set size (kbytes): 402536
	Average resident set size (kbytes): 0
	Major (requiring I/O) page faults: 0
	Minor (reclaiming a frame) page faults: 65145
	Voluntary context switches: 1517
	Involuntary context switches: 178
	Swaps: 0
	File system inputs: 0
	File system outputs: 32
	Socket messages sent: 0
	Socket messages received: 0
	Signals delivered: 0
	Page size (bytes): 4096
	Exit status: 0
Highest Edge Value 10 --
Time Taken for Initializing Memory 0.037158 
Total Time for Reading Remainder Edges 18.077328 
Total Time for Reading Certificate Network 1.908362 
Total Time for Reading Update List 0.407446 
Found rapl component at cid 2
Found: rapl:::THERMAL_SPEC_CNT:PACKAGE0
Found: rapl:::THERMAL_SPEC_CNT:PACKAGE1
Found: rapl:::MINIMUM_POWER_CNT:PACKAGE0
Found: rapl:::MINIMUM_POWER_CNT:PACKAGE1
Found: rapl:::MAXIMUM_POWER_CNT:PACKAGE0
Found: rapl:::MAXIMUM_POWER_CNT:PACKAGE1
Found: rapl:::MAXIMUM_TIME_WINDOW_CNT:PACKAGE0
Found: rapl:::MAXIMUM_TIME_WINDOW_CNT:PACKAGE1
Found: rapl:::PACKAGE_ENERGY_CNT:PACKAGE0
Found: rapl:::PACKAGE_ENERGY_CNT:PACKAGE1
Found: rapl:::DRAM_ENERGY_CNT:PACKAGE0
Found: rapl:::DRAM_ENERGY_CNT:PACKAGE1
Found: rapl:::PP0_ENERGY_CNT:PACKAGE0
Found: rapl:::PP0_ENERGY_CNT:PACKAGE1
Found: rapl:::THERMAL_SPEC:PACKAGE0
Found: rapl:::THERMAL_SPEC:PACKAGE1
Found: rapl:::MINIMUM_POWER:PACKAGE0
Found: rapl:::MINIMUM_POWER:PACKAGE1
Found: rapl:::MAXIMUM_POWER:PACKAGE0
Found: rapl:::MAXIMUM_POWER:PACKAGE1
Found: rapl:::MAXIMUM_TIME_WINDOW:PACKAGE0
Found: rapl:::MAXIMUM_TIME_WINDOW:PACKAGE1
Found: rapl:::PACKAGE_ENERGY:PACKAGE0
Found: rapl:::PACKAGE_ENERGY:PACKAGE1
Found: rapl:::DRAM_ENERGY:PACKAGE0
Found: rapl:::DRAM_ENERGY:PACKAGE1
Found: rapl:::PP0_ENERGY:PACKAGE0
Found: rapl:::PP0_ENERGY:PACKAGE1
Starting creation of rooted tree
0.0338 s 0.0000 (* Average Power for rapl:::THERMAL_SPEC_CNT:PACKAGE0 *)
0.0338 s 0.0000 (* Average Power for rapl:::THERMAL_SPEC_CNT:PACKAGE1 *)
0.0338 s 0.0000 (* Average Power for rapl:::MINIMUM_POWER_CNT:PACKAGE0 *)
0.0338 s 0.0000 (* Average Power for rapl:::MINIMUM_POWER_CNT:PACKAGE1 *)
0.0338 s 0.0001 (* Average Power for rapl:::MAXIMUM_POWER_CNT:PACKAGE0 *)
0.0338 s 0.0001 (* Average Power for rapl:::MAXIMUM_POWER_CNT:PACKAGE1 *)
0.0338 s 0.0000 (* Average Power for rapl:::MAXIMUM_TIME_WINDOW_CNT:PACKAGE0 *)
0.0338 s 0.0000 (* Average Power for rapl:::MAXIMUM_TIME_WINDOW_CNT:PACKAGE1 *)
0.0338 s 0.0015 (* Average Power for rapl:::PACKAGE_ENERGY_CNT:PACKAGE0 *)
0.0338 s 0.0011 (* Average Power for rapl:::PACKAGE_ENERGY_CNT:PACKAGE1 *)
0.0338 s 0.0010 (* Average Power for rapl:::DRAM_ENERGY_CNT:PACKAGE0 *)
0.0338 s 0.0011 (* Average Power for rapl:::DRAM_ENERGY_CNT:PACKAGE1 *)
0.0338 s 0.0000 (* Average Power for rapl:::PP0_ENERGY_CNT:PACKAGE0 *)
0.0338 s 0.0000 (* Average Power for rapl:::PP0_ENERGY_CNT:PACKAGE1 *)
0.0338 s 137166322571.6101 (* Average Power for rapl:::THERMAL_SPEC:PACKAGE0 *)
0.0338 s 137166322571.6101 (* Average Power for rapl:::THERMAL_SPEC:PACKAGE1 *)
0.0338 s 137025886693.7487 (* Average Power for rapl:::MINIMUM_POWER:PACKAGE0 *)
0.0338 s 137025886693.7487 (* Average Power for rapl:::MINIMUM_POWER:PACKAGE1 *)
0.0338 s 137299476589.1379 (* Average Power for rapl:::MAXIMUM_POWER:PACKAGE0 *)
0.0338 s 137299476589.1379 (* Average Power for rapl:::MAXIMUM_POWER:PACKAGE1 *)
0.0338 s 135613205789.0395 (* Average Power for rapl:::MAXIMUM_TIME_WINDOW:PACKAGE0 *)
0.0338 s 135613205789.0395 (* Average Power for rapl:::MAXIMUM_TIME_WINDOW:PACKAGE1 *)
0.0338 s 3.1666 (* Total Energy for rapl:::PACKAGE_ENERGY:PACKAGE0 *)
0.0338 s 93.6231 (* Average Power for rapl:::PACKAGE_ENERGY:PACKAGE0 *)
0.0338 s 2.3575 (* Total Energy for rapl:::PACKAGE_ENERGY:PACKAGE1 *)
0.0338 s 69.7016 (* Average Power for rapl:::PACKAGE_ENERGY:PACKAGE1 *)
0.0338 s 15.7070 (* Average Power for rapl:::DRAM_ENERGY:PACKAGE0 *)
0.0338 s 16.1748 (* Average Power for rapl:::DRAM_ENERGY:PACKAGE1 *)
0.0338 s 0.0000 (* Average Power for rapl:::PP0_ENERGY:PACKAGE0 *)
0.0338 s 0.0000 (* Average Power for rapl:::PP0_ENERGY:PACKAGE1 *)
Total Time for Obtaining Degrees of Vertices  0.033765 
==Update Starts =======
root111=0
root=5934
Max height=251
Total Time for Creating Initial Rooted Tree at iter 1 is 0.722062 with Type:1
Found rapl component at cid 2
Found: rapl:::THERMAL_SPEC_CNT:PACKAGE0
Found: rapl:::THERMAL_SPEC_CNT:PACKAGE1
Found: rapl:::MINIMUM_POWER_CNT:PACKAGE0
Found: rapl:::MINIMUM_POWER_CNT:PACKAGE1
Found: rapl:::MAXIMUM_POWER_CNT:PACKAGE0
Found: rapl:::MAXIMUM_POWER_CNT:PACKAGE1
Found: rapl:::MAXIMUM_TIME_WINDOW_CNT:PACKAGE0
Found: rapl:::MAXIMUM_TIME_WINDOW_CNT:PACKAGE1
Found: rapl:::PACKAGE_ENERGY_CNT:PACKAGE0
Found: rapl:::PACKAGE_ENERGY_CNT:PACKAGE1
Found: rapl:::DRAM_ENERGY_CNT:PACKAGE0
Found: rapl:::DRAM_ENERGY_CNT:PACKAGE1
Found: rapl:::PP0_ENERGY_CNT:PACKAGE0
Found: rapl:::PP0_ENERGY_CNT:PACKAGE1
Found: rapl:::THERMAL_SPEC:PACKAGE0
Found: rapl:::THERMAL_SPEC:PACKAGE1
Found: rapl:::MINIMUM_POWER:PACKAGE0
Found: rapl:::MINIMUM_POWER:PACKAGE1
Found: rapl:::MAXIMUM_POWER:PACKAGE0
Found: rapl:::MAXIMUM_POWER:PACKAGE1
Found: rapl:::MAXIMUM_TIME_WINDOW:PACKAGE0
Found: rapl:::MAXIMUM_TIME_WINDOW:PACKAGE1
Found: rapl:::PACKAGE_ENERGY:PACKAGE0
Found: rapl:::PACKAGE_ENERGY:PACKAGE1
Found: rapl:::DRAM_ENERGY:PACKAGE0
Found: rapl:::DRAM_ENERGY:PACKAGE1
Found: rapl:::PP0_ENERGY:PACKAGE0
Found: rapl:::PP0_ENERGY:PACKAGE1
Starting Classify and Insert
Classify 999999 999999  
Time for insertion Flag  0.500469
Deleted Edges: 38 
Processed Inserts: 131145
 Unprocessed Inserts: 401
 0.5073 s 0.0000 (* Average Power for rapl:::THERMAL_SPEC_CNT:PACKAGE0 *)
0.5073 s 0.0000 (* Average Power for rapl:::THERMAL_SPEC_CNT:PACKAGE1 *)
0.5073 s 0.0000 (* Average Power for rapl:::MINIMUM_POWER_CNT:PACKAGE0 *)
0.5073 s 0.0000 (* Average Power for rapl:::MINIMUM_POWER_CNT:PACKAGE1 *)
0.5073 s 0.0000 (* Average Power for rapl:::MAXIMUM_POWER_CNT:PACKAGE0 *)
0.5073 s 0.0000 (* Average Power for rapl:::MAXIMUM_POWER_CNT:PACKAGE1 *)
0.5073 s 0.0000 (* Average Power for rapl:::MAXIMUM_TIME_WINDOW_CNT:PACKAGE0 *)
0.5073 s 0.0000 (* Average Power for rapl:::MAXIMUM_TIME_WINDOW_CNT:PACKAGE1 *)
0.5073 s 0.0011 (* Average Power for rapl:::PACKAGE_ENERGY_CNT:PACKAGE0 *)
0.5073 s 0.0014 (* Average Power for rapl:::PACKAGE_ENERGY_CNT:PACKAGE1 *)
0.5073 s 0.0009 (* Average Power for rapl:::DRAM_ENERGY_CNT:PACKAGE0 *)
0.5073 s 0.0010 (* Average Power for rapl:::DRAM_ENERGY_CNT:PACKAGE1 *)
0.5073 s 0.0000 (* Average Power for rapl:::PP0_ENERGY_CNT:PACKAGE0 *)
0.5073 s 0.0000 (* Average Power for rapl:::PP0_ENERGY_CNT:PACKAGE1 *)
0.5073 s 9145964198.2601 (* Average Power for rapl:::THERMAL_SPEC:PACKAGE0 *)
0.5073 s 9145964198.2601 (* Average Power for rapl:::THERMAL_SPEC:PACKAGE1 *)
0.5073 s 9136600226.9369 (* Average Power for rapl:::MINIMUM_POWER:PACKAGE0 *)
0.5073 s 9136600226.9369 (* Average Power for rapl:::MINIMUM_POWER:PACKAGE1 *)
0.5073 s 9154842630.3295 (* Average Power for rapl:::MAXIMUM_POWER:PACKAGE0 *)
0.5073 s 9154842630.3295 (* Average Power for rapl:::MAXIMUM_POWER:PACKAGE1 *)
0.5073 s 9042405611.7004 (* Average Power for rapl:::MAXIMUM_TIME_WINDOW:PACKAGE0 *)
0.5073 s 9042405611.7004 (* Average Power for rapl:::MAXIMUM_TIME_WINDOW:PACKAGE1 *)
0.5073 s 33.6966 (* Total Energy for rapl:::PACKAGE_ENERGY:PACKAGE0 *)
0.5073 s 66.4297 (* Average Power for rapl:::PACKAGE_ENERGY:PACKAGE0 *)
0.5073 s 43.0054 (* Total Energy for rapl:::PACKAGE_ENERGY:PACKAGE1 *)
0.5073 s 84.7811 (* Average Power for rapl:::PACKAGE_ENERGY:PACKAGE1 *)
0.5073 s 14.4660 (* Average Power for rapl:::DRAM_ENERGY:PACKAGE0 *)
0.5073 s 15.3230 (* Average Power for rapl:::DRAM_ENERGY:PACKAGE1 *)
0.5073 s 0.0000 (* Average Power for rapl:::PP0_ENERGY:PACKAGE0 *)
0.5073 s 0.0000 (* Average Power for rapl:::PP0_ENERGY:PACKAGE1 *)
Time for Classify and insert  0.507158 
Found rapl component at cid 2
Found: rapl:::THERMAL_SPEC_CNT:PACKAGE0
Found: rapl:::THERMAL_SPEC_CNT:PACKAGE1
Found: rapl:::MINIMUM_POWER_CNT:PACKAGE0
Found: rapl:::MINIMUM_POWER_CNT:PACKAGE1
Found: rapl:::MAXIMUM_POWER_CNT:PACKAGE0
Found: rapl:::MAXIMUM_POWER_CNT:PACKAGE1
Found: rapl:::MAXIMUM_TIME_WINDOW_CNT:PACKAGE0
Found: rapl:::MAXIMUM_TIME_WINDOW_CNT:PACKAGE1
Found: rapl:::PACKAGE_ENERGY_CNT:PACKAGE0
Found: rapl:::PACKAGE_ENERGY_CNT:PACKAGE1
Found: rapl:::DRAM_ENERGY_CNT:PACKAGE0
Found: rapl:::DRAM_ENERGY_CNT:PACKAGE1
Found: rapl:::PP0_ENERGY_CNT:PACKAGE0
Found: rapl:::PP0_ENERGY_CNT:PACKAGE1
Found: rapl:::THERMAL_SPEC:PACKAGE0
Found: rapl:::THERMAL_SPEC:PACKAGE1
Found: rapl:::MINIMUM_POWER:PACKAGE0
Found: rapl:::MINIMUM_POWER:PACKAGE1
Found: rapl:::MAXIMUM_POWER:PACKAGE0
Found: rapl:::MAXIMUM_POWER:PACKAGE1
Found: rapl:::MAXIMUM_TIME_WINDOW:PACKAGE0
Found: rapl:::MAXIMUM_TIME_WINDOW:PACKAGE1
Found: rapl:::PACKAGE_ENERGY:PACKAGE0
Found: rapl:::PACKAGE_ENERGY:PACKAGE1
Found: rapl:::DRAM_ENERGY:PACKAGE0
Found: rapl:::DRAM_ENERGY:PACKAGE1
Found: rapl:::PP0_ENERGY:PACKAGE0
Found: rapl:::PP0_ENERGY:PACKAGE1
Starting process_deletions
done updating maXE 
0.5355 s 0.0000 (* Average Power for rapl:::THERMAL_SPEC_CNT:PACKAGE0 *)
0.5355 s 0.0000 (* Average Power for rapl:::THERMAL_SPEC_CNT:PACKAGE1 *)
0.5355 s 0.0000 (* Average Power for rapl:::MINIMUM_POWER_CNT:PACKAGE0 *)
0.5355 s 0.0000 (* Average Power for rapl:::MINIMUM_POWER_CNT:PACKAGE1 *)
0.5355 s 0.0000 (* Average Power for rapl:::MAXIMUM_POWER_CNT:PACKAGE0 *)
0.5355 s 0.0000 (* Average Power for rapl:::MAXIMUM_POWER_CNT:PACKAGE1 *)
0.5355 s 0.0000 (* Average Power for rapl:::MAXIMUM_TIME_WINDOW_CNT:PACKAGE0 *)
0.5355 s 0.0000 (* Average Power for rapl:::MAXIMUM_TIME_WINDOW_CNT:PACKAGE1 *)
0.5355 s 0.0018 (* Average Power for rapl:::PACKAGE_ENERGY_CNT:PACKAGE0 *)
0.5355 s 0.0016 (* Average Power for rapl:::PACKAGE_ENERGY_CNT:PACKAGE1 *)
0.5355 s 0.0010 (* Average Power for rapl:::DRAM_ENERGY_CNT:PACKAGE0 *)
0.5355 s 0.0010 (* Average Power for rapl:::DRAM_ENERGY_CNT:PACKAGE1 *)
0.5355 s 0.0000 (* Average Power for rapl:::PP0_ENERGY_CNT:PACKAGE0 *)
0.5355 s 0.0000 (* Average Power for rapl:::PP0_ENERGY_CNT:PACKAGE1 *)
0.5355 s 8663900192.7799 (* Average Power for rapl:::THERMAL_SPEC:PACKAGE0 *)
0.5355 s 8663900192.7799 (* Average Power for rapl:::THERMAL_SPEC:PACKAGE1 *)
0.5355 s 8655029776.1466 (* Average Power for rapl:::MINIMUM_POWER:PACKAGE0 *)
0.5355 s 8655029776.1466 (* Average Power for rapl:::MINIMUM_POWER:PACKAGE1 *)
0.5355 s 8672310661.8842 (* Average Power for rapl:::MAXIMUM_POWER:PACKAGE0 *)
0.5355 s 8672310661.8842 (* Average Power for rapl:::MAXIMUM_POWER:PACKAGE1 *)
0.5355 s 8565799955.4939 (* Average Power for rapl:::MAXIMUM_TIME_WINDOW:PACKAGE0 *)
0.5355 s 8565799955.4939 (* Average Power for rapl:::MAXIMUM_TIME_WINDOW:PACKAGE1 *)
0.5355 s 57.2254 (* Total Energy for rapl:::PACKAGE_ENERGY:PACKAGE0 *)
0.5355 s 106.8684 (* Average Power for rapl:::PACKAGE_ENERGY:PACKAGE0 *)
0.5355 s 52.6644 (* Total Energy for rapl:::PACKAGE_ENERGY:PACKAGE1 *)
0.5355 s 98.3508 (* Average Power for rapl:::PACKAGE_ENERGY:PACKAGE1 *)
0.5355 s 14.5746 (* Average Power for rapl:::DRAM_ENERGY:PACKAGE0 *)
0.5355 s 15.7717 (* Average Power for rapl:::DRAM_ENERGY:PACKAGE1 *)
0.5355 s 0.0000 (* Average Power for rapl:::PP0_ENERGY:PACKAGE0 *)
0.5355 s 0.0000 (* Average Power for rapl:::PP0_ENERGY:PACKAGE1 *)
Time for Deletion  0.535449 
Total Time for Updating at Batch 1 is 1.043476 
=======
Total Time for Updating  1.792198 
	Command being timed: "/home/users/norris/research/easy-parallel-graph/autoperf/mst/lib/xpscode/MST_May5/a.out /home/users/norris/research/easy-parallel-graph/experiment/datasets/soc-pokec.diff /home/users/norris/research/easy-parallel-graph/experiment/datasets/soc-pokec.cert /home/users/norris/research/easy-parallel-graph/experiment/datasets/soc-pokec_changed_75i_1000000S 100 1832804 1000000 48 100"
	User time (seconds): 53.17
	System time (seconds): 0.88
	Percent of CPU this job got: 240%
	Elapsed (wall clock) time (h:mm:ss or m:ss): 0:22.46
	Average shared text size (kbytes): 0
	Average unshared data size (kbytes): 0
	Average stack size (kbytes): 0
	Average total size (kbytes): 0
	Maximum resident set size (kbytes): 402748
	Average resident set size (kbytes): 0
	Major (requiring I/O) page faults: 0
	Minor (reclaiming a frame) page faults: 72448
	Voluntary context switches: 2145
	Involuntary context switches: 147
	Swaps: 0
	File system inputs: 0
	File system outputs: 32
	Socket messages sent: 0
	Socket messages received: 0
	Signals delivered: 0
	Page size (bytes): 4096
	Exit status: 0
Highest Edge Value 10 --
Time Taken for Initializing Memory 0.037296 
Total Time for Reading Remainder Edges 18.076216 
Total Time for Reading Certificate Network 1.911373 
Total Time for Reading Update List 0.410310 
Found rapl component at cid 2
Found: rapl:::THERMAL_SPEC_CNT:PACKAGE0
Found: rapl:::THERMAL_SPEC_CNT:PACKAGE1
Found: rapl:::MINIMUM_POWER_CNT:PACKAGE0
Found: rapl:::MINIMUM_POWER_CNT:PACKAGE1
Found: rapl:::MAXIMUM_POWER_CNT:PACKAGE0
Found: rapl:::MAXIMUM_POWER_CNT:PACKAGE1
Found: rapl:::MAXIMUM_TIME_WINDOW_CNT:PACKAGE0
Found: rapl:::MAXIMUM_TIME_WINDOW_CNT:PACKAGE1
Found: rapl:::PACKAGE_ENERGY_CNT:PACKAGE0
Found: rapl:::PACKAGE_ENERGY_CNT:PACKAGE1
Found: rapl:::DRAM_ENERGY_CNT:PACKAGE0
Found: rapl:::DRAM_ENERGY_CNT:PACKAGE1
Found: rapl:::PP0_ENERGY_CNT:PACKAGE0
Found: rapl:::PP0_ENERGY_CNT:PACKAGE1
Found: rapl:::THERMAL_SPEC:PACKAGE0
Found: rapl:::THERMAL_SPEC:PACKAGE1
Found: rapl:::MINIMUM_POWER:PACKAGE0
Found: rapl:::MINIMUM_POWER:PACKAGE1
Found: rapl:::MAXIMUM_POWER:PACKAGE0
Found: rapl:::MAXIMUM_POWER:PACKAGE1
Found: rapl:::MAXIMUM_TIME_WINDOW:PACKAGE0
Found: rapl:::MAXIMUM_TIME_WINDOW:PACKAGE1
Found: rapl:::PACKAGE_ENERGY:PACKAGE0
Found: rapl:::PACKAGE_ENERGY:PACKAGE1
Found: rapl:::DRAM_ENERGY:PACKAGE0
Found: rapl:::DRAM_ENERGY:PACKAGE1
Found: rapl:::PP0_ENERGY:PACKAGE0
Found: rapl:::PP0_ENERGY:PACKAGE1
Starting creation of rooted tree
0.0251 s 0.0000 (* Average Power for rapl:::THERMAL_SPEC_CNT:PACKAGE0 *)
0.0251 s 0.0000 (* Average Power for rapl:::THERMAL_SPEC_CNT:PACKAGE1 *)
0.0251 s 0.0000 (* Average Power for rapl:::MINIMUM_POWER_CNT:PACKAGE0 *)
0.0251 s 0.0000 (* Average Power for rapl:::MINIMUM_POWER_CNT:PACKAGE1 *)
0.0251 s 0.0001 (* Average Power for rapl:::MAXIMUM_POWER_CNT:PACKAGE0 *)
0.0251 s 0.0001 (* Average Power for rapl:::MAXIMUM_POWER_CNT:PACKAGE1 *)
0.0251 s 0.0000 (* Average Power for rapl:::MAXIMUM_TIME_WINDOW_CNT:PACKAGE0 *)
0.0251 s 0.0000 (* Average Power for rapl:::MAXIMUM_TIME_WINDOW_CNT:PACKAGE1 *)
0.0251 s 0.0013 (* Average Power for rapl:::PACKAGE_ENERGY_CNT:PACKAGE0 *)
0.0251 s 0.0014 (* Average Power for rapl:::PACKAGE_ENERGY_CNT:PACKAGE1 *)
0.0251 s 0.0011 (* Average Power for rapl:::DRAM_ENERGY_CNT:PACKAGE0 *)
0.0251 s 0.0011 (* Average Power for rapl:::DRAM_ENERGY_CNT:PACKAGE1 *)
0.0251 s 0.0000 (* Average Power for rapl:::PP0_ENERGY_CNT:PACKAGE0 *)
0.0251 s 0.0000 (* Average Power for rapl:::PP0_ENERGY_CNT:PACKAGE1 *)
0.0251 s 184989144238.0465 (* Average Power for rapl:::THERMAL_SPEC:PACKAGE0 *)
0.0251 s 184989144238.0465 (* Average Power for rapl:::THERMAL_SPEC:PACKAGE1 *)
0.0251 s 184799745613.2322 (* Average Power for rapl:::MINIMUM_POWER:PACKAGE0 *)
0.0251 s 184799745613.2322 (* Average Power for rapl:::MINIMUM_POWER:PACKAGE1 *)
0.0251 s 185168722193.4260 (* Average Power for rapl:::MAXIMUM_POWER:PACKAGE0 *)
0.0251 s 185168722193.4260 (* Average Power for rapl:::MAXIMUM_POWER:PACKAGE1 *)
0.0251 s 182894535742.8783 (* Average Power for rapl:::MAXIMUM_TIME_WINDOW:PACKAGE0 *)
0.0251 s 182894535742.8783 (* Average Power for rapl:::MAXIMUM_TIME_WINDOW:PACKAGE1 *)
0.0251 s 2.0330 (* Total Energy for rapl:::PACKAGE_ENERGY:PACKAGE0 *)
0.0251 s 81.0653 (* Average Power for rapl:::PACKAGE_ENERGY:PACKAGE0 *)
0.0251 s 2.1812 (* Total Energy for rapl:::PACKAGE_ENERGY:PACKAGE1 *)
0.0251 s 86.9720 (* Average Power for rapl:::PACKAGE_ENERGY:PACKAGE1 *)
0.0251 s 16.6632 (* Average Power for rapl:::DRAM_ENERGY:PACKAGE0 *)
0.0251 s 17.4280 (* Average Power for rapl:::DRAM_ENERGY:PACKAGE1 *)
0.0251 s 0.0000 (* Average Power for rapl:::PP0_ENERGY:PACKAGE0 *)
0.0251 s 0.0000 (* Average Power for rapl:::PP0_ENERGY:PACKAGE1 *)
Total Time for Obtaining Degrees of Vertices  0.025042 
==Update Starts =======
root111=0
root=5934
Max height=251
Total Time for Creating Initial Rooted Tree at iter 1 is 0.742891 with Type:1
Found rapl component at cid 2
Found: rapl:::THERMAL_SPEC_CNT:PACKAGE0
Found: rapl:::THERMAL_SPEC_CNT:PACKAGE1
Found: rapl:::MINIMUM_POWER_CNT:PACKAGE0
Found: rapl:::MINIMUM_POWER_CNT:PACKAGE1
Found: rapl:::MAXIMUM_POWER_CNT:PACKAGE0
Found: rapl:::MAXIMUM_POWER_CNT:PACKAGE1
Found: rapl:::MAXIMUM_TIME_WINDOW_CNT:PACKAGE0
Found: rapl:::MAXIMUM_TIME_WINDOW_CNT:PACKAGE1
Found: rapl:::PACKAGE_ENERGY_CNT:PACKAGE0
Found: rapl:::PACKAGE_ENERGY_CNT:PACKAGE1
Found: rapl:::DRAM_ENERGY_CNT:PACKAGE0
Found: rapl:::DRAM_ENERGY_CNT:PACKAGE1
Found: rapl:::PP0_ENERGY_CNT:PACKAGE0
Found: rapl:::PP0_ENERGY_CNT:PACKAGE1
Found: rapl:::THERMAL_SPEC:PACKAGE0
Found: rapl:::THERMAL_SPEC:PACKAGE1
Found: rapl:::MINIMUM_POWER:PACKAGE0
Found: rapl:::MINIMUM_POWER:PACKAGE1
Found: rapl:::MAXIMUM_POWER:PACKAGE0
Found: rapl:::MAXIMUM_POWER:PACKAGE1
Found: rapl:::MAXIMUM_TIME_WINDOW:PACKAGE0
Found: rapl:::MAXIMUM_TIME_WINDOW:PACKAGE1
Found: rapl:::PACKAGE_ENERGY:PACKAGE0
Found: rapl:::PACKAGE_ENERGY:PACKAGE1
Found: rapl:::DRAM_ENERGY:PACKAGE0
Found: rapl:::DRAM_ENERGY:PACKAGE1
Found: rapl:::PP0_ENERGY:PACKAGE0
Found: rapl:::PP0_ENERGY:PACKAGE1
Starting Classify and Insert
Classify 999999 999999  
Time for insertion Flag  0.470584
Deleted Edges: 38 
Processed Inserts: 131145
 Unprocessed Inserts: 423
 0.4774 s 0.0000 (* Average Power for rapl:::THERMAL_SPEC_CNT:PACKAGE0 *)
0.4774 s 0.0000 (* Average Power for rapl:::THERMAL_SPEC_CNT:PACKAGE1 *)
0.4774 s 0.0000 (* Average Power for rapl:::MINIMUM_POWER_CNT:PACKAGE0 *)
0.4774 s 0.0000 (* Average Power for rapl:::MINIMUM_POWER_CNT:PACKAGE1 *)
0.4774 s 0.0000 (* Average Power for rapl:::MAXIMUM_POWER_CNT:PACKAGE0 *)
0.4774 s 0.0000 (* Average Power for rapl:::MAXIMUM_POWER_CNT:PACKAGE1 *)
0.4774 s 0.0000 (* Average Power for rapl:::MAXIMUM_TIME_WINDOW_CNT:PACKAGE0 *)
0.4774 s 0.0000 (* Average Power for rapl:::MAXIMUM_TIME_WINDOW_CNT:PACKAGE1 *)
0.4774 s 0.0011 (* Average Power for rapl:::PACKAGE_ENERGY_CNT:PACKAGE0 *)
0.4774 s 0.0012 (* Average Power for rapl:::PACKAGE_ENERGY_CNT:PACKAGE1 *)
0.4774 s 0.0010 (* Average Power for rapl:::DRAM_ENERGY_CNT:PACKAGE0 *)
0.4774 s 0.0010 (* Average Power for rapl:::DRAM_ENERGY_CNT:PACKAGE1 *)
0.4774 s 0.0000 (* Average Power for rapl:::PP0_ENERGY_CNT:PACKAGE0 *)
0.4774 s 0.0000 (* Average Power for rapl:::PP0_ENERGY_CNT:PACKAGE1 *)
0.4774 s 9717776152.5284 (* Average Power for rapl:::THERMAL_SPEC:PACKAGE0 *)
0.4774 s 9717776152.5284 (* Average Power for rapl:::THERMAL_SPEC:PACKAGE1 *)
0.4774 s 9707826739.2959 (* Average Power for rapl:::MINIMUM_POWER:PACKAGE0 *)
0.4774 s 9707826739.2959 (* Average Power for rapl:::MINIMUM_POWER:PACKAGE1 *)
0.4774 s 9727209670.2599 (* Average Power for rapl:::MAXIMUM_POWER:PACKAGE0 *)
0.4774 s 9727209670.2599 (* Average Power for rapl:::MAXIMUM_POWER:PACKAGE1 *)
0.4774 s 9607743012.1132 (* Average Power for rapl:::MAXIMUM_TIME_WINDOW:PACKAGE0 *)
0.4774 s 9607743012.1132 (* Average Power for rapl:::MAXIMUM_TIME_WINDOW:PACKAGE1 *)
0.4774 s 31.2532 (* Total Energy for rapl:::PACKAGE_ENERGY:PACKAGE0 *)
0.4774 s 65.4650 (* Average Power for rapl:::PACKAGE_ENERGY:PACKAGE0 *)
0.4774 s 36.4098 (* Total Energy for rapl:::PACKAGE_ENERGY:PACKAGE1 *)
0.4774 s 76.2662 (* Average Power for rapl:::PACKAGE_ENERGY:PACKAGE1 *)
0.4774 s 14.5269 (* Average Power for rapl:::DRAM_ENERGY:PACKAGE0 *)
0.4774 s 15.2997 (* Average Power for rapl:::DRAM_ENERGY:PACKAGE1 *)
0.4774 s 0.0000 (* Average Power for rapl:::PP0_ENERGY:PACKAGE0 *)
0.4774 s 0.0000 (* Average Power for rapl:::PP0_ENERGY:PACKAGE1 *)
Time for Classify and insert  0.477348 
Found rapl component at cid 2
Found: rapl:::THERMAL_SPEC_CNT:PACKAGE0
Found: rapl:::THERMAL_SPEC_CNT:PACKAGE1
Found: rapl:::MINIMUM_POWER_CNT:PACKAGE0
Found: rapl:::MINIMUM_POWER_CNT:PACKAGE1
Found: rapl:::MAXIMUM_POWER_CNT:PACKAGE0
Found: rapl:::MAXIMUM_POWER_CNT:PACKAGE1
Found: rapl:::MAXIMUM_TIME_WINDOW_CNT:PACKAGE0
Found: rapl:::MAXIMUM_TIME_WINDOW_CNT:PACKAGE1
Found: rapl:::PACKAGE_ENERGY_CNT:PACKAGE0
Found: rapl:::PACKAGE_ENERGY_CNT:PACKAGE1
Found: rapl:::DRAM_ENERGY_CNT:PACKAGE0
Found: rapl:::DRAM_ENERGY_CNT:PACKAGE1
Found: rapl:::PP0_ENERGY_CNT:PACKAGE0
Found: rapl:::PP0_ENERGY_CNT:PACKAGE1
Found: rapl:::THERMAL_SPEC:PACKAGE0
Found: rapl:::THERMAL_SPEC:PACKAGE1
Found: rapl:::MINIMUM_POWER:PACKAGE0
Found: rapl:::MINIMUM_POWER:PACKAGE1
Found: rapl:::MAXIMUM_POWER:PACKAGE0
Found: rapl:::MAXIMUM_POWER:PACKAGE1
Found: rapl:::MAXIMUM_TIME_WINDOW:PACKAGE0
Found: rapl:::MAXIMUM_TIME_WINDOW:PACKAGE1
Found: rapl:::PACKAGE_ENERGY:PACKAGE0
Found: rapl:::PACKAGE_ENERGY:PACKAGE1
Found: rapl:::DRAM_ENERGY:PACKAGE0
Found: rapl:::DRAM_ENERGY:PACKAGE1
Found: rapl:::PP0_ENERGY:PACKAGE0
Found: rapl:::PP0_ENERGY:PACKAGE1
Starting process_deletions
done updating maXE 
0.6105 s 0.0000 (* Average Power for rapl:::THERMAL_SPEC_CNT:PACKAGE0 *)
0.6105 s 0.0000 (* Average Power for rapl:::THERMAL_SPEC_CNT:PACKAGE1 *)
0.6105 s 0.0000 (* Average Power for rapl:::MINIMUM_POWER_CNT:PACKAGE0 *)
0.6105 s 0.0000 (* Average Power for rapl:::MINIMUM_POWER_CNT:PACKAGE1 *)
0.6105 s 0.0000 (* Average Power for rapl:::MAXIMUM_POWER_CNT:PACKAGE0 *)
0.6105 s 0.0000 (* Average Power for rapl:::MAXIMUM_POWER_CNT:PACKAGE1 *)
0.6105 s 0.0000 (* Average Power for rapl:::MAXIMUM_TIME_WINDOW_CNT:PACKAGE0 *)
0.6105 s 0.0000 (* Average Power for rapl:::MAXIMUM_TIME_WINDOW_CNT:PACKAGE1 *)
0.6105 s 0.0018 (* Average Power for rapl:::PACKAGE_ENERGY_CNT:PACKAGE0 *)
0.6105 s 0.0017 (* Average Power for rapl:::PACKAGE_ENERGY_CNT:PACKAGE1 *)
0.6105 s 0.0010 (* Average Power for rapl:::DRAM_ENERGY_CNT:PACKAGE0 *)
0.6105 s 0.0010 (* Average Power for rapl:::DRAM_ENERGY_CNT:PACKAGE1 *)
0.6105 s 0.0000 (* Average Power for rapl:::PP0_ENERGY_CNT:PACKAGE0 *)
0.6105 s 0.0000 (* Average Power for rapl:::PP0_ENERGY_CNT:PACKAGE1 *)
0.6105 s 7599089632.5772 (* Average Power for rapl:::THERMAL_SPEC:PACKAGE0 *)
0.6105 s 7599089632.5772 (* Average Power for rapl:::THERMAL_SPEC:PACKAGE1 *)
0.6105 s 7591309407.7852 (* Average Power for rapl:::MINIMUM_POWER:PACKAGE0 *)
0.6105 s 7591309407.7852 (* Average Power for rapl:::MINIMUM_POWER:PACKAGE1 *)
0.6105 s 7606466438.3059 (* Average Power for rapl:::MAXIMUM_POWER:PACKAGE0 *)
0.6105 s 7606466438.3059 (* Average Power for rapl:::MAXIMUM_POWER:PACKAGE1 *)
0.6105 s 7513046109.5072 (* Average Power for rapl:::MAXIMUM_TIME_WINDOW:PACKAGE0 *)
0.6105 s 7513046109.5072 (* Average Power for rapl:::MAXIMUM_TIME_WINDOW:PACKAGE1 *)
0.6105 s 65.8317 (* Total Energy for rapl:::PACKAGE_ENERGY:PACKAGE0 *)
0.6105 s 107.8310 (* Average Power for rapl:::PACKAGE_ENERGY:PACKAGE0 *)
0.6105 s 61.5690 (* Total Energy for rapl:::PACKAGE_ENERGY:PACKAGE1 *)
0.6105 s 100.8488 (* Average Power for rapl:::PACKAGE_ENERGY:PACKAGE1 *)
0.6105 s 14.6469 (* Average Power for rapl:::DRAM_ENERGY:PACKAGE0 *)
0.6105 s 15.6285 (* Average Power for rapl:::DRAM_ENERGY:PACKAGE1 *)
0.6105 s 0.0000 (* Average Power for rapl:::PP0_ENERGY:PACKAGE0 *)
0.6105 s 0.0000 (* Average Power for rapl:::PP0_ENERGY:PACKAGE1 *)
Time for Deletion  0.610481 
Total Time for Updating at Batch 1 is 1.088681 
=======
Total Time for Updating  1.854755 
	Command being timed: "/home/users/norris/research/easy-parallel-graph/autoperf/mst/lib/xpscode/MST_May5/a.out /home/users/norris/research/easy-parallel-graph/experiment/datasets/soc-pokec.diff /home/users/norris/research/easy-parallel-graph/experiment/datasets/soc-pokec.cert /home/users/norris/research/easy-parallel-graph/experiment/datasets/soc-pokec_changed_75i_1000000S 100 1832804 1000000 48 100"
	User time (seconds): 55.99
	System time (seconds): 0.89
	Percent of CPU this job got: 252%
	Elapsed (wall clock) time (h:mm:ss or m:ss): 0:22.53
	Average shared text size (kbytes): 0
	Average unshared data size (kbytes): 0
	Average stack size (kbytes): 0
	Average total size (kbytes): 0
	Maximum resident set size (kbytes): 402804
	Average resident set size (kbytes): 0
	Major (requiring I/O) page faults: 0
	Minor (reclaiming a frame) page faults: 70210
	Voluntary context switches: 1936
	Involuntary context switches: 121
	Swaps: 0
	File system inputs: 0
	File system outputs: 32
	Socket messages sent: 0
	Socket messages received: 0
	Signals delivered: 0
	Page size (bytes): 4096
	Exit status: 0
