Highest Edge Value 10 --
Time Taken for Initializing Memory 0.096540 
Total Time for Reading Remainder Edges 19.209758 
Total Time for Reading Certificate Network 4.610617 
Total Time for Reading Update List 0.402576 
Found rapl component at cid 2
Found: rapl:::THERMAL_SPEC_CNT:PACKAGE0
Found: rapl:::THERMAL_SPEC_CNT:PACKAGE1
Found: rapl:::MINIMUM_POWER_CNT:PACKAGE0
Found: rapl:::MINIMUM_POWER_CNT:PACKAGE1
Found: rapl:::MAXIMUM_POWER_CNT:PACKAGE0
Found: rapl:::MAXIMUM_POWER_CNT:PACKAGE1
Found: rapl:::MAXIMUM_TIME_WINDOW_CNT:PACKAGE0
Found: rapl:::MAXIMUM_TIME_WINDOW_CNT:PACKAGE1
Found: rapl:::PACKAGE_ENERGY_CNT:PACKAGE0
Found: rapl:::PACKAGE_ENERGY_CNT:PACKAGE1
Found: rapl:::DRAM_ENERGY_CNT:PACKAGE0
Found: rapl:::DRAM_ENERGY_CNT:PACKAGE1
Found: rapl:::PP0_ENERGY_CNT:PACKAGE0
Found: rapl:::PP0_ENERGY_CNT:PACKAGE1
Found: rapl:::THERMAL_SPEC:PACKAGE0
Found: rapl:::THERMAL_SPEC:PACKAGE1
Found: rapl:::MINIMUM_POWER:PACKAGE0
Found: rapl:::MINIMUM_POWER:PACKAGE1
Found: rapl:::MAXIMUM_POWER:PACKAGE0
Found: rapl:::MAXIMUM_POWER:PACKAGE1
Found: rapl:::MAXIMUM_TIME_WINDOW:PACKAGE0
Found: rapl:::MAXIMUM_TIME_WINDOW:PACKAGE1
Found: rapl:::PACKAGE_ENERGY:PACKAGE0
Found: rapl:::PACKAGE_ENERGY:PACKAGE1
Found: rapl:::DRAM_ENERGY:PACKAGE0
Found: rapl:::DRAM_ENERGY:PACKAGE1
Found: rapl:::PP0_ENERGY:PACKAGE0
Found: rapl:::PP0_ENERGY:PACKAGE1
Starting creation of rooted tree
0.0359 s 0.0000 (* Average Power for rapl:::THERMAL_SPEC_CNT:PACKAGE0 *)
0.0359 s 0.0000 (* Average Power for rapl:::THERMAL_SPEC_CNT:PACKAGE1 *)
0.0359 s 0.0000 (* Average Power for rapl:::MINIMUM_POWER_CNT:PACKAGE0 *)
0.0359 s 0.0000 (* Average Power for rapl:::MINIMUM_POWER_CNT:PACKAGE1 *)
0.0359 s 0.0001 (* Average Power for rapl:::MAXIMUM_POWER_CNT:PACKAGE0 *)
0.0359 s 0.0001 (* Average Power for rapl:::MAXIMUM_POWER_CNT:PACKAGE1 *)
0.0359 s 0.0000 (* Average Power for rapl:::MAXIMUM_TIME_WINDOW_CNT:PACKAGE0 *)
0.0359 s 0.0000 (* Average Power for rapl:::MAXIMUM_TIME_WINDOW_CNT:PACKAGE1 *)
0.0359 s 0.0011 (* Average Power for rapl:::PACKAGE_ENERGY_CNT:PACKAGE0 *)
0.0359 s 0.0014 (* Average Power for rapl:::PACKAGE_ENERGY_CNT:PACKAGE1 *)
0.0359 s 0.0011 (* Average Power for rapl:::DRAM_ENERGY_CNT:PACKAGE0 *)
0.0359 s 0.0012 (* Average Power for rapl:::DRAM_ENERGY_CNT:PACKAGE1 *)
0.0359 s 0.0000 (* Average Power for rapl:::PP0_ENERGY_CNT:PACKAGE0 *)
0.0359 s 0.0000 (* Average Power for rapl:::PP0_ENERGY_CNT:PACKAGE1 *)
0.0359 s 129329110510.6756 (* Average Power for rapl:::THERMAL_SPEC:PACKAGE0 *)
0.0359 s 129329110510.6756 (* Average Power for rapl:::THERMAL_SPEC:PACKAGE1 *)
0.0359 s 129196698656.0229 (* Average Power for rapl:::MINIMUM_POWER:PACKAGE0 *)
0.0359 s 129196698656.0229 (* Average Power for rapl:::MINIMUM_POWER:PACKAGE1 *)
0.0359 s 129454656565.4574 (* Average Power for rapl:::MAXIMUM_POWER:PACKAGE0 *)
0.0359 s 129454656565.4574 (* Average Power for rapl:::MAXIMUM_POWER:PACKAGE1 *)
0.0359 s 127864733481.0720 (* Average Power for rapl:::MAXIMUM_TIME_WINDOW:PACKAGE0 *)
0.0359 s 127864733481.0720 (* Average Power for rapl:::MAXIMUM_TIME_WINDOW:PACKAGE1 *)
0.0359 s 2.3778 (* Total Energy for rapl:::PACKAGE_ENERGY:PACKAGE0 *)
0.0359 s 66.2857 (* Average Power for rapl:::PACKAGE_ENERGY:PACKAGE0 *)
0.0359 s 3.0682 (* Total Energy for rapl:::PACKAGE_ENERGY:PACKAGE1 *)
0.0359 s 85.5327 (* Average Power for rapl:::PACKAGE_ENERGY:PACKAGE1 *)
0.0359 s 16.2362 (* Average Power for rapl:::DRAM_ENERGY:PACKAGE0 *)
0.0359 s 18.3214 (* Average Power for rapl:::DRAM_ENERGY:PACKAGE1 *)
0.0359 s 0.0000 (* Average Power for rapl:::PP0_ENERGY:PACKAGE0 *)
0.0359 s 0.0000 (* Average Power for rapl:::PP0_ENERGY:PACKAGE1 *)
Total Time for Obtaining Degrees of Vertices  0.035835 
==Update Starts =======
root111=0
root=447075
Max height=202
Total Time for Creating Initial Rooted Tree at iter 1 is 1.744228 with Type:1
Found rapl component at cid 2
Found: rapl:::THERMAL_SPEC_CNT:PACKAGE0
Found: rapl:::THERMAL_SPEC_CNT:PACKAGE1
Found: rapl:::MINIMUM_POWER_CNT:PACKAGE0
Found: rapl:::MINIMUM_POWER_CNT:PACKAGE1
Found: rapl:::MAXIMUM_POWER_CNT:PACKAGE0
Found: rapl:::MAXIMUM_POWER_CNT:PACKAGE1
Found: rapl:::MAXIMUM_TIME_WINDOW_CNT:PACKAGE0
Found: rapl:::MAXIMUM_TIME_WINDOW_CNT:PACKAGE1
Found: rapl:::PACKAGE_ENERGY_CNT:PACKAGE0
Found: rapl:::PACKAGE_ENERGY_CNT:PACKAGE1
Found: rapl:::DRAM_ENERGY_CNT:PACKAGE0
Found: rapl:::DRAM_ENERGY_CNT:PACKAGE1
Found: rapl:::PP0_ENERGY_CNT:PACKAGE0
Found: rapl:::PP0_ENERGY_CNT:PACKAGE1
Found: rapl:::THERMAL_SPEC:PACKAGE0
Found: rapl:::THERMAL_SPEC:PACKAGE1
Found: rapl:::MINIMUM_POWER:PACKAGE0
Found: rapl:::MINIMUM_POWER:PACKAGE1
Found: rapl:::MAXIMUM_POWER:PACKAGE0
Found: rapl:::MAXIMUM_POWER:PACKAGE1
Found: rapl:::MAXIMUM_TIME_WINDOW:PACKAGE0
Found: rapl:::MAXIMUM_TIME_WINDOW:PACKAGE1
Found: rapl:::PACKAGE_ENERGY:PACKAGE0
Found: rapl:::PACKAGE_ENERGY:PACKAGE1
Found: rapl:::DRAM_ENERGY:PACKAGE0
Found: rapl:::DRAM_ENERGY:PACKAGE1
Found: rapl:::PP0_ENERGY:PACKAGE0
Found: rapl:::PP0_ENERGY:PACKAGE1
Starting Classify and Insert
Classify 999999 999999  
Time for insertion Flag  0.758077
Deleted Edges: 0 
Processed Inserts: 300144
 Unprocessed Inserts: 987
 0.7646 s 0.0000 (* Average Power for rapl:::THERMAL_SPEC_CNT:PACKAGE0 *)
0.7646 s 0.0000 (* Average Power for rapl:::THERMAL_SPEC_CNT:PACKAGE1 *)
0.7646 s 0.0000 (* Average Power for rapl:::MINIMUM_POWER_CNT:PACKAGE0 *)
0.7646 s 0.0000 (* Average Power for rapl:::MINIMUM_POWER_CNT:PACKAGE1 *)
0.7646 s 0.0000 (* Average Power for rapl:::MAXIMUM_POWER_CNT:PACKAGE0 *)
0.7646 s 0.0000 (* Average Power for rapl:::MAXIMUM_POWER_CNT:PACKAGE1 *)
0.7646 s 0.0000 (* Average Power for rapl:::MAXIMUM_TIME_WINDOW_CNT:PACKAGE0 *)
0.7646 s 0.0000 (* Average Power for rapl:::MAXIMUM_TIME_WINDOW_CNT:PACKAGE1 *)
0.7646 s 0.0013 (* Average Power for rapl:::PACKAGE_ENERGY_CNT:PACKAGE0 *)
0.7646 s 0.0015 (* Average Power for rapl:::PACKAGE_ENERGY_CNT:PACKAGE1 *)
0.7646 s 0.0009 (* Average Power for rapl:::DRAM_ENERGY_CNT:PACKAGE0 *)
0.7646 s 0.0010 (* Average Power for rapl:::DRAM_ENERGY_CNT:PACKAGE1 *)
0.7646 s 0.0000 (* Average Power for rapl:::PP0_ENERGY_CNT:PACKAGE0 *)
0.7646 s 0.0000 (* Average Power for rapl:::PP0_ENERGY_CNT:PACKAGE1 *)
0.7646 s 6067976670.6384 (* Average Power for rapl:::THERMAL_SPEC:PACKAGE0 *)
0.7646 s 6067976670.6384 (* Average Power for rapl:::THERMAL_SPEC:PACKAGE1 *)
0.7646 s 6061764055.0735 (* Average Power for rapl:::MINIMUM_POWER:PACKAGE0 *)
0.7646 s 6061764055.0735 (* Average Power for rapl:::MINIMUM_POWER:PACKAGE1 *)
0.7646 s 6073867150.5813 (* Average Power for rapl:::MAXIMUM_POWER:PACKAGE0 *)
0.7646 s 6073867150.5813 (* Average Power for rapl:::MAXIMUM_POWER:PACKAGE1 *)
0.7646 s 5999269744.4284 (* Average Power for rapl:::MAXIMUM_TIME_WINDOW:PACKAGE0 *)
0.7646 s 5999269744.4284 (* Average Power for rapl:::MAXIMUM_TIME_WINDOW:PACKAGE1 *)
0.7646 s 61.9962 (* Total Energy for rapl:::PACKAGE_ENERGY:PACKAGE0 *)
0.7646 s 81.0878 (* Average Power for rapl:::PACKAGE_ENERGY:PACKAGE0 *)
0.7646 s 68.0640 (* Total Energy for rapl:::PACKAGE_ENERGY:PACKAGE1 *)
0.7646 s 89.0242 (* Average Power for rapl:::PACKAGE_ENERGY:PACKAGE1 *)
0.7646 s 14.4688 (* Average Power for rapl:::DRAM_ENERGY:PACKAGE0 *)
0.7646 s 15.3971 (* Average Power for rapl:::DRAM_ENERGY:PACKAGE1 *)
0.7646 s 0.0000 (* Average Power for rapl:::PP0_ENERGY:PACKAGE0 *)
0.7646 s 0.0000 (* Average Power for rapl:::PP0_ENERGY:PACKAGE1 *)
Time for Classify and insert  0.764522 
Found rapl component at cid 2
Found: rapl:::THERMAL_SPEC_CNT:PACKAGE0
Found: rapl:::THERMAL_SPEC_CNT:PACKAGE1
Found: rapl:::MINIMUM_POWER_CNT:PACKAGE0
Found: rapl:::MINIMUM_POWER_CNT:PACKAGE1
Found: rapl:::MAXIMUM_POWER_CNT:PACKAGE0
Found: rapl:::MAXIMUM_POWER_CNT:PACKAGE1
Found: rapl:::MAXIMUM_TIME_WINDOW_CNT:PACKAGE0
Found: rapl:::MAXIMUM_TIME_WINDOW_CNT:PACKAGE1
Found: rapl:::PACKAGE_ENERGY_CNT:PACKAGE0
Found: rapl:::PACKAGE_ENERGY_CNT:PACKAGE1
Found: rapl:::DRAM_ENERGY_CNT:PACKAGE0
Found: rapl:::DRAM_ENERGY_CNT:PACKAGE1
Found: rapl:::PP0_ENERGY_CNT:PACKAGE0
Found: rapl:::PP0_ENERGY_CNT:PACKAGE1
Found: rapl:::THERMAL_SPEC:PACKAGE0
Found: rapl:::THERMAL_SPEC:PACKAGE1
Found: rapl:::MINIMUM_POWER:PACKAGE0
Found: rapl:::MINIMUM_POWER:PACKAGE1
Found: rapl:::MAXIMUM_POWER:PACKAGE0
Found: rapl:::MAXIMUM_POWER:PACKAGE1
Found: rapl:::MAXIMUM_TIME_WINDOW:PACKAGE0
Found: rapl:::MAXIMUM_TIME_WINDOW:PACKAGE1
Found: rapl:::PACKAGE_ENERGY:PACKAGE0
Found: rapl:::PACKAGE_ENERGY:PACKAGE1
Found: rapl:::DRAM_ENERGY:PACKAGE0
Found: rapl:::DRAM_ENERGY:PACKAGE1
Found: rapl:::PP0_ENERGY:PACKAGE0
Found: rapl:::PP0_ENERGY:PACKAGE1
Starting process_deletions
0.0000 s 0.0479 (* Average Power for rapl:::THERMAL_SPEC_CNT:PACKAGE0 *)
0.0000 s 0.0479 (* Average Power for rapl:::THERMAL_SPEC_CNT:PACKAGE1 *)
0.0000 s 0.0228 (* Average Power for rapl:::MINIMUM_POWER_CNT:PACKAGE0 *)
0.0000 s 0.0228 (* Average Power for rapl:::MINIMUM_POWER_CNT:PACKAGE1 *)
0.0000 s 0.0958 (* Average Power for rapl:::MAXIMUM_POWER_CNT:PACKAGE0 *)
0.0000 s 0.0958 (* Average Power for rapl:::MAXIMUM_POWER_CNT:PACKAGE1 *)
0.0000 s 0.0019 (* Average Power for rapl:::MAXIMUM_TIME_WINDOW_CNT:PACKAGE0 *)
0.0000 s 0.0019 (* Average Power for rapl:::MAXIMUM_TIME_WINDOW_CNT:PACKAGE1 *)
0.0000 s 0.0000 (* Average Power for rapl:::PACKAGE_ENERGY_CNT:PACKAGE0 *)
0.0000 s 0.0000 (* Average Power for rapl:::PACKAGE_ENERGY_CNT:PACKAGE1 *)
0.0000 s 0.0000 (* Average Power for rapl:::DRAM_ENERGY_CNT:PACKAGE0 *)
0.0000 s 0.0000 (* Average Power for rapl:::DRAM_ENERGY_CNT:PACKAGE1 *)
0.0000 s 0.0000 (* Average Power for rapl:::PP0_ENERGY_CNT:PACKAGE0 *)
0.0000 s 0.0000 (* Average Power for rapl:::PP0_ENERGY_CNT:PACKAGE1 *)
0.0000 s 191524821472035.7188 (* Average Power for rapl:::THERMAL_SPEC:PACKAGE0 *)
0.0000 s 191524821472035.7188 (* Average Power for rapl:::THERMAL_SPEC:PACKAGE1 *)
0.0000 s 191328731382782.0000 (* Average Power for rapl:::MINIMUM_POWER:PACKAGE0 *)
0.0000 s 191328731382782.0000 (* Average Power for rapl:::MINIMUM_POWER:PACKAGE1 *)
0.0000 s 191710743927031.7812 (* Average Power for rapl:::MAXIMUM_POWER:PACKAGE0 *)
0.0000 s 191710743927031.7812 (* Average Power for rapl:::MAXIMUM_POWER:PACKAGE1 *)
0.0000 s 189356210336807.7812 (* Average Power for rapl:::MAXIMUM_TIME_WINDOW:PACKAGE0 *)
0.0000 s 189356210336807.7812 (* Average Power for rapl:::MAXIMUM_TIME_WINDOW:PACKAGE1 *)
0.0000 s 0.0778 (* Total Energy for rapl:::PACKAGE_ENERGY:PACKAGE0 *)
0.0000 s 3210.1222 (* Average Power for rapl:::PACKAGE_ENERGY:PACKAGE0 *)
0.0000 s 0.0000 (* Total Energy for rapl:::PACKAGE_ENERGY:PACKAGE1 *)
0.0000 s 0.0000 (* Average Power for rapl:::PACKAGE_ENERGY:PACKAGE1 *)
0.0000 s 0.0000 (* Average Power for rapl:::DRAM_ENERGY:PACKAGE0 *)
0.0000 s 0.0000 (* Average Power for rapl:::DRAM_ENERGY:PACKAGE1 *)
0.0000 s 0.0000 (* Average Power for rapl:::PP0_ENERGY:PACKAGE0 *)
0.0000 s 0.0000 (* Average Power for rapl:::PP0_ENERGY:PACKAGE1 *)
Time for Deletion  0.000000 
Total Time for Updating at Batch 1 is 0.765328 
=======
Total Time for Updating  2.554071 
	Command being timed: "/home/users/norris/research/easy-parallel-graph/autoperf/mst/lib/xpscode/MST_May5/a.out /home/users/norris/research/easy-parallel-graph/experiment/datasets/com-lj-org-weighted.diff /home/users/norris/research/easy-parallel-graph/experiment/datasets/com-lj-org-weighted.cert /home/users/norris/research/easy-parallel-graph/experiment/datasets/com-lj-org-weighted_changed_100i_1000000S 100 4036538 1000000 4 100"
	User time (seconds): 27.40
	System time (seconds): 0.76
	Percent of CPU this job got: 102%
	Elapsed (wall clock) time (h:mm:ss or m:ss): 0:27.45
	Average shared text size (kbytes): 0
	Average unshared data size (kbytes): 0
	Average stack size (kbytes): 0
	Average total size (kbytes): 0
	Maximum resident set size (kbytes): 745528
	Average resident set size (kbytes): 0
	Major (requiring I/O) page faults: 0
	Minor (reclaiming a frame) page faults: 71270
	Voluntary context switches: 24
	Involuntary context switches: 32
	Swaps: 0
	File system inputs: 0
	File system outputs: 24
	Socket messages sent: 0
	Socket messages received: 0
	Signals delivered: 0
	Page size (bytes): 4096
	Exit status: 0
Highest Edge Value 10 --
Time Taken for Initializing Memory 0.079008 
Total Time for Reading Remainder Edges 19.433312 
Total Time for Reading Certificate Network 4.597962 
Total Time for Reading Update List 0.402539 
Found rapl component at cid 2
Found: rapl:::THERMAL_SPEC_CNT:PACKAGE0
Found: rapl:::THERMAL_SPEC_CNT:PACKAGE1
Found: rapl:::MINIMUM_POWER_CNT:PACKAGE0
Found: rapl:::MINIMUM_POWER_CNT:PACKAGE1
Found: rapl:::MAXIMUM_POWER_CNT:PACKAGE0
Found: rapl:::MAXIMUM_POWER_CNT:PACKAGE1
Found: rapl:::MAXIMUM_TIME_WINDOW_CNT:PACKAGE0
Found: rapl:::MAXIMUM_TIME_WINDOW_CNT:PACKAGE1
Found: rapl:::PACKAGE_ENERGY_CNT:PACKAGE0
Found: rapl:::PACKAGE_ENERGY_CNT:PACKAGE1
Found: rapl:::DRAM_ENERGY_CNT:PACKAGE0
Found: rapl:::DRAM_ENERGY_CNT:PACKAGE1
Found: rapl:::PP0_ENERGY_CNT:PACKAGE0
Found: rapl:::PP0_ENERGY_CNT:PACKAGE1
Found: rapl:::THERMAL_SPEC:PACKAGE0
Found: rapl:::THERMAL_SPEC:PACKAGE1
Found: rapl:::MINIMUM_POWER:PACKAGE0
Found: rapl:::MINIMUM_POWER:PACKAGE1
Found: rapl:::MAXIMUM_POWER:PACKAGE0
Found: rapl:::MAXIMUM_POWER:PACKAGE1
Found: rapl:::MAXIMUM_TIME_WINDOW:PACKAGE0
Found: rapl:::MAXIMUM_TIME_WINDOW:PACKAGE1
Found: rapl:::PACKAGE_ENERGY:PACKAGE0
Found: rapl:::PACKAGE_ENERGY:PACKAGE1
Found: rapl:::DRAM_ENERGY:PACKAGE0
Found: rapl:::DRAM_ENERGY:PACKAGE1
Found: rapl:::PP0_ENERGY:PACKAGE0
Found: rapl:::PP0_ENERGY:PACKAGE1
Starting creation of rooted tree
0.0360 s 0.0000 (* Average Power for rapl:::THERMAL_SPEC_CNT:PACKAGE0 *)
0.0360 s 0.0000 (* Average Power for rapl:::THERMAL_SPEC_CNT:PACKAGE1 *)
0.0360 s 0.0000 (* Average Power for rapl:::MINIMUM_POWER_CNT:PACKAGE0 *)
0.0360 s 0.0000 (* Average Power for rapl:::MINIMUM_POWER_CNT:PACKAGE1 *)
0.0360 s 0.0001 (* Average Power for rapl:::MAXIMUM_POWER_CNT:PACKAGE0 *)
0.0360 s 0.0001 (* Average Power for rapl:::MAXIMUM_POWER_CNT:PACKAGE1 *)
0.0360 s 0.0000 (* Average Power for rapl:::MAXIMUM_TIME_WINDOW_CNT:PACKAGE0 *)
0.0360 s 0.0000 (* Average Power for rapl:::MAXIMUM_TIME_WINDOW_CNT:PACKAGE1 *)
0.0360 s 0.0010 (* Average Power for rapl:::PACKAGE_ENERGY_CNT:PACKAGE0 *)
0.0360 s 0.0014 (* Average Power for rapl:::PACKAGE_ENERGY_CNT:PACKAGE1 *)
0.0360 s 0.0010 (* Average Power for rapl:::DRAM_ENERGY_CNT:PACKAGE0 *)
0.0360 s 0.0012 (* Average Power for rapl:::DRAM_ENERGY_CNT:PACKAGE1 *)
0.0360 s 0.0000 (* Average Power for rapl:::PP0_ENERGY_CNT:PACKAGE0 *)
0.0360 s 0.0000 (* Average Power for rapl:::PP0_ENERGY_CNT:PACKAGE1 *)
0.0360 s 129035385977.4820 (* Average Power for rapl:::THERMAL_SPEC:PACKAGE0 *)
0.0360 s 129035385977.4820 (* Average Power for rapl:::THERMAL_SPEC:PACKAGE1 *)
0.0360 s 128903274848.7064 (* Average Power for rapl:::MINIMUM_POWER:PACKAGE0 *)
0.0360 s 128903274848.7064 (* Average Power for rapl:::MINIMUM_POWER:PACKAGE1 *)
0.0360 s 129160646899.5803 (* Average Power for rapl:::MAXIMUM_POWER:PACKAGE0 *)
0.0360 s 129160646899.5803 (* Average Power for rapl:::MAXIMUM_POWER:PACKAGE1 *)
0.0360 s 127574334753.3196 (* Average Power for rapl:::MAXIMUM_TIME_WINDOW:PACKAGE0 *)
0.0360 s 127574334753.3196 (* Average Power for rapl:::MAXIMUM_TIME_WINDOW:PACKAGE1 *)
0.0360 s 2.2496 (* Total Energy for rapl:::PACKAGE_ENERGY:PACKAGE0 *)
0.0360 s 62.5702 (* Average Power for rapl:::PACKAGE_ENERGY:PACKAGE0 *)
0.0360 s 3.1465 (* Total Energy for rapl:::PACKAGE_ENERGY:PACKAGE1 *)
0.0360 s 87.5148 (* Average Power for rapl:::PACKAGE_ENERGY:PACKAGE1 *)
0.0360 s 15.9104 (* Average Power for rapl:::DRAM_ENERGY:PACKAGE0 *)
0.0360 s 18.4109 (* Average Power for rapl:::DRAM_ENERGY:PACKAGE1 *)
0.0360 s 0.0000 (* Average Power for rapl:::PP0_ENERGY:PACKAGE0 *)
0.0360 s 0.0000 (* Average Power for rapl:::PP0_ENERGY:PACKAGE1 *)
Total Time for Obtaining Degrees of Vertices  0.035897 
==Update Starts =======
root111=0
root=447075
Max height=202
Total Time for Creating Initial Rooted Tree at iter 1 is 1.724285 with Type:1
Found rapl component at cid 2
Found: rapl:::THERMAL_SPEC_CNT:PACKAGE0
Found: rapl:::THERMAL_SPEC_CNT:PACKAGE1
Found: rapl:::MINIMUM_POWER_CNT:PACKAGE0
Found: rapl:::MINIMUM_POWER_CNT:PACKAGE1
Found: rapl:::MAXIMUM_POWER_CNT:PACKAGE0
Found: rapl:::MAXIMUM_POWER_CNT:PACKAGE1
Found: rapl:::MAXIMUM_TIME_WINDOW_CNT:PACKAGE0
Found: rapl:::MAXIMUM_TIME_WINDOW_CNT:PACKAGE1
Found: rapl:::PACKAGE_ENERGY_CNT:PACKAGE0
Found: rapl:::PACKAGE_ENERGY_CNT:PACKAGE1
Found: rapl:::DRAM_ENERGY_CNT:PACKAGE0
Found: rapl:::DRAM_ENERGY_CNT:PACKAGE1
Found: rapl:::PP0_ENERGY_CNT:PACKAGE0
Found: rapl:::PP0_ENERGY_CNT:PACKAGE1
Found: rapl:::THERMAL_SPEC:PACKAGE0
Found: rapl:::THERMAL_SPEC:PACKAGE1
Found: rapl:::MINIMUM_POWER:PACKAGE0
Found: rapl:::MINIMUM_POWER:PACKAGE1
Found: rapl:::MAXIMUM_POWER:PACKAGE0
Found: rapl:::MAXIMUM_POWER:PACKAGE1
Found: rapl:::MAXIMUM_TIME_WINDOW:PACKAGE0
Found: rapl:::MAXIMUM_TIME_WINDOW:PACKAGE1
Found: rapl:::PACKAGE_ENERGY:PACKAGE0
Found: rapl:::PACKAGE_ENERGY:PACKAGE1
Found: rapl:::DRAM_ENERGY:PACKAGE0
Found: rapl:::DRAM_ENERGY:PACKAGE1
Found: rapl:::PP0_ENERGY:PACKAGE0
Found: rapl:::PP0_ENERGY:PACKAGE1
Starting Classify and Insert
Classify 999999 999999  
Time for insertion Flag  0.746959
Deleted Edges: 0 
Processed Inserts: 300144
 Unprocessed Inserts: 1011
 0.7533 s 0.0000 (* Average Power for rapl:::THERMAL_SPEC_CNT:PACKAGE0 *)
0.7533 s 0.0000 (* Average Power for rapl:::THERMAL_SPEC_CNT:PACKAGE1 *)
0.7533 s 0.0000 (* Average Power for rapl:::MINIMUM_POWER_CNT:PACKAGE0 *)
0.7533 s 0.0000 (* Average Power for rapl:::MINIMUM_POWER_CNT:PACKAGE1 *)
0.7533 s 0.0000 (* Average Power for rapl:::MAXIMUM_POWER_CNT:PACKAGE0 *)
0.7533 s 0.0000 (* Average Power for rapl:::MAXIMUM_POWER_CNT:PACKAGE1 *)
0.7533 s 0.0000 (* Average Power for rapl:::MAXIMUM_TIME_WINDOW_CNT:PACKAGE0 *)
0.7533 s 0.0000 (* Average Power for rapl:::MAXIMUM_TIME_WINDOW_CNT:PACKAGE1 *)
0.7533 s 0.0013 (* Average Power for rapl:::PACKAGE_ENERGY_CNT:PACKAGE0 *)
0.7533 s 0.0014 (* Average Power for rapl:::PACKAGE_ENERGY_CNT:PACKAGE1 *)
0.7533 s 0.0009 (* Average Power for rapl:::DRAM_ENERGY_CNT:PACKAGE0 *)
0.7533 s 0.0010 (* Average Power for rapl:::DRAM_ENERGY_CNT:PACKAGE1 *)
0.7533 s 0.0000 (* Average Power for rapl:::PP0_ENERGY_CNT:PACKAGE0 *)
0.7533 s 0.0000 (* Average Power for rapl:::PP0_ENERGY_CNT:PACKAGE1 *)
0.7533 s 6158642284.8681 (* Average Power for rapl:::THERMAL_SPEC:PACKAGE0 *)
0.7533 s 6158642284.8681 (* Average Power for rapl:::THERMAL_SPEC:PACKAGE1 *)
0.7533 s 6152336842.5446 (* Average Power for rapl:::MINIMUM_POWER:PACKAGE0 *)
0.7533 s 6152336842.5446 (* Average Power for rapl:::MINIMUM_POWER:PACKAGE1 *)
0.7533 s 6164620778.3305 (* Average Power for rapl:::MAXIMUM_POWER:PACKAGE0 *)
0.7533 s 6164620778.3305 (* Average Power for rapl:::MAXIMUM_POWER:PACKAGE1 *)
0.7533 s 6088908763.4676 (* Average Power for rapl:::MAXIMUM_TIME_WINDOW:PACKAGE0 *)
0.7533 s 6088908763.4676 (* Average Power for rapl:::MAXIMUM_TIME_WINDOW:PACKAGE1 *)
0.7533 s 59.7559 (* Total Energy for rapl:::PACKAGE_ENERGY:PACKAGE0 *)
0.7533 s 79.3254 (* Average Power for rapl:::PACKAGE_ENERGY:PACKAGE0 *)
0.7533 s 65.4924 (* Total Energy for rapl:::PACKAGE_ENERGY:PACKAGE1 *)
0.7533 s 86.9406 (* Average Power for rapl:::PACKAGE_ENERGY:PACKAGE1 *)
0.7533 s 14.4838 (* Average Power for rapl:::DRAM_ENERGY:PACKAGE0 *)
0.7533 s 15.4497 (* Average Power for rapl:::DRAM_ENERGY:PACKAGE1 *)
0.7533 s 0.0000 (* Average Power for rapl:::PP0_ENERGY:PACKAGE0 *)
0.7533 s 0.0000 (* Average Power for rapl:::PP0_ENERGY:PACKAGE1 *)
Time for Classify and insert  0.753268 
Found rapl component at cid 2
Found: rapl:::THERMAL_SPEC_CNT:PACKAGE0
Found: rapl:::THERMAL_SPEC_CNT:PACKAGE1
Found: rapl:::MINIMUM_POWER_CNT:PACKAGE0
Found: rapl:::MINIMUM_POWER_CNT:PACKAGE1
Found: rapl:::MAXIMUM_POWER_CNT:PACKAGE0
Found: rapl:::MAXIMUM_POWER_CNT:PACKAGE1
Found: rapl:::MAXIMUM_TIME_WINDOW_CNT:PACKAGE0
Found: rapl:::MAXIMUM_TIME_WINDOW_CNT:PACKAGE1
Found: rapl:::PACKAGE_ENERGY_CNT:PACKAGE0
Found: rapl:::PACKAGE_ENERGY_CNT:PACKAGE1
Found: rapl:::DRAM_ENERGY_CNT:PACKAGE0
Found: rapl:::DRAM_ENERGY_CNT:PACKAGE1
Found: rapl:::PP0_ENERGY_CNT:PACKAGE0
Found: rapl:::PP0_ENERGY_CNT:PACKAGE1
Found: rapl:::THERMAL_SPEC:PACKAGE0
Found: rapl:::THERMAL_SPEC:PACKAGE1
Found: rapl:::MINIMUM_POWER:PACKAGE0
Found: rapl:::MINIMUM_POWER:PACKAGE1
Found: rapl:::MAXIMUM_POWER:PACKAGE0
Found: rapl:::MAXIMUM_POWER:PACKAGE1
Found: rapl:::MAXIMUM_TIME_WINDOW:PACKAGE0
Found: rapl:::MAXIMUM_TIME_WINDOW:PACKAGE1
Found: rapl:::PACKAGE_ENERGY:PACKAGE0
Found: rapl:::PACKAGE_ENERGY:PACKAGE1
Found: rapl:::DRAM_ENERGY:PACKAGE0
Found: rapl:::DRAM_ENERGY:PACKAGE1
Found: rapl:::PP0_ENERGY:PACKAGE0
Found: rapl:::PP0_ENERGY:PACKAGE1
Starting process_deletions
0.0000 s 0.0435 (* Average Power for rapl:::THERMAL_SPEC_CNT:PACKAGE0 *)
0.0000 s 0.0435 (* Average Power for rapl:::THERMAL_SPEC_CNT:PACKAGE1 *)
0.0000 s 0.0207 (* Average Power for rapl:::MINIMUM_POWER_CNT:PACKAGE0 *)
0.0000 s 0.0207 (* Average Power for rapl:::MINIMUM_POWER_CNT:PACKAGE1 *)
0.0000 s 0.0869 (* Average Power for rapl:::MAXIMUM_POWER_CNT:PACKAGE0 *)
0.0000 s 0.0869 (* Average Power for rapl:::MAXIMUM_POWER_CNT:PACKAGE1 *)
0.0000 s 0.0018 (* Average Power for rapl:::MAXIMUM_TIME_WINDOW_CNT:PACKAGE0 *)
0.0000 s 0.0018 (* Average Power for rapl:::MAXIMUM_TIME_WINDOW_CNT:PACKAGE1 *)
0.0000 s 0.0000 (* Average Power for rapl:::PACKAGE_ENERGY_CNT:PACKAGE0 *)
0.0000 s 0.0000 (* Average Power for rapl:::PACKAGE_ENERGY_CNT:PACKAGE1 *)
0.0000 s 0.0000 (* Average Power for rapl:::DRAM_ENERGY_CNT:PACKAGE0 *)
0.0000 s 0.0000 (* Average Power for rapl:::DRAM_ENERGY_CNT:PACKAGE1 *)
0.0000 s 0.0000 (* Average Power for rapl:::PP0_ENERGY_CNT:PACKAGE0 *)
0.0000 s 0.0000 (* Average Power for rapl:::PP0_ENERGY_CNT:PACKAGE1 *)
0.0000 s 173841411568071.4062 (* Average Power for rapl:::THERMAL_SPEC:PACKAGE0 *)
0.0000 s 173841411568071.4062 (* Average Power for rapl:::THERMAL_SPEC:PACKAGE1 *)
0.0000 s 173663426398063.7812 (* Average Power for rapl:::MINIMUM_POWER:PACKAGE0 *)
0.0000 s 173663426398063.7812 (* Average Power for rapl:::MINIMUM_POWER:PACKAGE1 *)
0.0000 s 174010167877411.8750 (* Average Power for rapl:::MAXIMUM_POWER:PACKAGE0 *)
0.0000 s 174010167877411.8750 (* Average Power for rapl:::MAXIMUM_POWER:PACKAGE1 *)
0.0000 s 171873027428654.2188 (* Average Power for rapl:::MAXIMUM_TIME_WINDOW:PACKAGE0 *)
0.0000 s 171873027428654.2188 (* Average Power for rapl:::MAXIMUM_TIME_WINDOW:PACKAGE1 *)
0.0000 s 0.0000 (* Total Energy for rapl:::PACKAGE_ENERGY:PACKAGE0 *)
0.0000 s 0.0000 (* Average Power for rapl:::PACKAGE_ENERGY:PACKAGE0 *)
0.0000 s 0.0000 (* Total Energy for rapl:::PACKAGE_ENERGY:PACKAGE1 *)
0.0000 s 0.0000 (* Average Power for rapl:::PACKAGE_ENERGY:PACKAGE1 *)
0.0000 s 0.0000 (* Average Power for rapl:::DRAM_ENERGY:PACKAGE0 *)
0.0000 s 0.0000 (* Average Power for rapl:::DRAM_ENERGY:PACKAGE1 *)
0.0000 s 0.0000 (* Average Power for rapl:::PP0_ENERGY:PACKAGE0 *)
0.0000 s 0.0000 (* Average Power for rapl:::PP0_ENERGY:PACKAGE1 *)
Time for Deletion  0.000000 
Total Time for Updating at Batch 1 is 0.754077 
=======
Total Time for Updating  2.521886 
	Command being timed: "/home/users/norris/research/easy-parallel-graph/autoperf/mst/lib/xpscode/MST_May5/a.out /home/users/norris/research/easy-parallel-graph/experiment/datasets/com-lj-org-weighted.diff /home/users/norris/research/easy-parallel-graph/experiment/datasets/com-lj-org-weighted.cert /home/users/norris/research/easy-parallel-graph/experiment/datasets/com-lj-org-weighted_changed_100i_1000000S 100 4036538 1000000 4 100"
	User time (seconds): 27.55
	System time (seconds): 0.76
	Percent of CPU this job got: 102%
	Elapsed (wall clock) time (h:mm:ss or m:ss): 0:27.59
	Average shared text size (kbytes): 0
	Average unshared data size (kbytes): 0
	Average stack size (kbytes): 0
	Average total size (kbytes): 0
	Maximum resident set size (kbytes): 742812
	Average resident set size (kbytes): 0
	Major (requiring I/O) page faults: 0
	Minor (reclaiming a frame) page faults: 68863
	Voluntary context switches: 26
	Involuntary context switches: 32
	Swaps: 0
	File system inputs: 0
	File system outputs: 32
	Socket messages sent: 0
	Socket messages received: 0
	Signals delivered: 0
	Page size (bytes): 4096
	Exit status: 0
Highest Edge Value 10 --
Time Taken for Initializing Memory 0.097467 
Total Time for Reading Remainder Edges 19.206415 
Total Time for Reading Certificate Network 4.643780 
Total Time for Reading Update List 0.402984 
Found rapl component at cid 2
Found: rapl:::THERMAL_SPEC_CNT:PACKAGE0
Found: rapl:::THERMAL_SPEC_CNT:PACKAGE1
Found: rapl:::MINIMUM_POWER_CNT:PACKAGE0
Found: rapl:::MINIMUM_POWER_CNT:PACKAGE1
Found: rapl:::MAXIMUM_POWER_CNT:PACKAGE0
Found: rapl:::MAXIMUM_POWER_CNT:PACKAGE1
Found: rapl:::MAXIMUM_TIME_WINDOW_CNT:PACKAGE0
Found: rapl:::MAXIMUM_TIME_WINDOW_CNT:PACKAGE1
Found: rapl:::PACKAGE_ENERGY_CNT:PACKAGE0
Found: rapl:::PACKAGE_ENERGY_CNT:PACKAGE1
Found: rapl:::DRAM_ENERGY_CNT:PACKAGE0
Found: rapl:::DRAM_ENERGY_CNT:PACKAGE1
Found: rapl:::PP0_ENERGY_CNT:PACKAGE0
Found: rapl:::PP0_ENERGY_CNT:PACKAGE1
Found: rapl:::THERMAL_SPEC:PACKAGE0
Found: rapl:::THERMAL_SPEC:PACKAGE1
Found: rapl:::MINIMUM_POWER:PACKAGE0
Found: rapl:::MINIMUM_POWER:PACKAGE1
Found: rapl:::MAXIMUM_POWER:PACKAGE0
Found: rapl:::MAXIMUM_POWER:PACKAGE1
Found: rapl:::MAXIMUM_TIME_WINDOW:PACKAGE0
Found: rapl:::MAXIMUM_TIME_WINDOW:PACKAGE1
Found: rapl:::PACKAGE_ENERGY:PACKAGE0
Found: rapl:::PACKAGE_ENERGY:PACKAGE1
Found: rapl:::DRAM_ENERGY:PACKAGE0
Found: rapl:::DRAM_ENERGY:PACKAGE1
Found: rapl:::PP0_ENERGY:PACKAGE0
Found: rapl:::PP0_ENERGY:PACKAGE1
Starting creation of rooted tree
0.0361 s 0.0000 (* Average Power for rapl:::THERMAL_SPEC_CNT:PACKAGE0 *)
0.0361 s 0.0000 (* Average Power for rapl:::THERMAL_SPEC_CNT:PACKAGE1 *)
0.0361 s 0.0000 (* Average Power for rapl:::MINIMUM_POWER_CNT:PACKAGE0 *)
0.0361 s 0.0000 (* Average Power for rapl:::MINIMUM_POWER_CNT:PACKAGE1 *)
0.0361 s 0.0001 (* Average Power for rapl:::MAXIMUM_POWER_CNT:PACKAGE0 *)
0.0361 s 0.0001 (* Average Power for rapl:::MAXIMUM_POWER_CNT:PACKAGE1 *)
0.0361 s 0.0000 (* Average Power for rapl:::MAXIMUM_TIME_WINDOW_CNT:PACKAGE0 *)
0.0361 s 0.0000 (* Average Power for rapl:::MAXIMUM_TIME_WINDOW_CNT:PACKAGE1 *)
0.0361 s 0.0011 (* Average Power for rapl:::PACKAGE_ENERGY_CNT:PACKAGE0 *)
0.0361 s 0.0014 (* Average Power for rapl:::PACKAGE_ENERGY_CNT:PACKAGE1 *)
0.0361 s 0.0011 (* Average Power for rapl:::DRAM_ENERGY_CNT:PACKAGE0 *)
0.0361 s 0.0012 (* Average Power for rapl:::DRAM_ENERGY_CNT:PACKAGE1 *)
0.0361 s 0.0000 (* Average Power for rapl:::PP0_ENERGY_CNT:PACKAGE0 *)
0.0361 s 0.0000 (* Average Power for rapl:::PP0_ENERGY_CNT:PACKAGE1 *)
0.0361 s 128344063760.8336 (* Average Power for rapl:::THERMAL_SPEC:PACKAGE0 *)
0.0361 s 128344063760.8336 (* Average Power for rapl:::THERMAL_SPEC:PACKAGE1 *)
0.0361 s 128212660432.9275 (* Average Power for rapl:::MINIMUM_POWER:PACKAGE0 *)
0.0361 s 128212660432.9275 (* Average Power for rapl:::MINIMUM_POWER:PACKAGE1 *)
0.0361 s 128468653582.8483 (* Average Power for rapl:::MAXIMUM_POWER:PACKAGE0 *)
0.0361 s 128468653582.8483 (* Average Power for rapl:::MAXIMUM_POWER:PACKAGE1 *)
0.0361 s 126890840289.9908 (* Average Power for rapl:::MAXIMUM_TIME_WINDOW:PACKAGE0 *)
0.0361 s 126890840289.9908 (* Average Power for rapl:::MAXIMUM_TIME_WINDOW:PACKAGE1 *)
0.0361 s 2.5227 (* Total Energy for rapl:::PACKAGE_ENERGY:PACKAGE0 *)
0.0361 s 69.7894 (* Average Power for rapl:::PACKAGE_ENERGY:PACKAGE0 *)
0.0361 s 3.0112 (* Total Energy for rapl:::PACKAGE_ENERGY:PACKAGE1 *)
0.0361 s 83.3042 (* Average Power for rapl:::PACKAGE_ENERGY:PACKAGE1 *)
0.0361 s 16.2346 (* Average Power for rapl:::DRAM_ENERGY:PACKAGE0 *)
0.0361 s 18.4790 (* Average Power for rapl:::DRAM_ENERGY:PACKAGE1 *)
0.0361 s 0.0000 (* Average Power for rapl:::PP0_ENERGY:PACKAGE0 *)
0.0361 s 0.0000 (* Average Power for rapl:::PP0_ENERGY:PACKAGE1 *)
Total Time for Obtaining Degrees of Vertices  0.036110 
==Update Starts =======
root111=0
root=447075
Max height=202
Total Time for Creating Initial Rooted Tree at iter 1 is 1.747961 with Type:1
Found rapl component at cid 2
Found: rapl:::THERMAL_SPEC_CNT:PACKAGE0
Found: rapl:::THERMAL_SPEC_CNT:PACKAGE1
Found: rapl:::MINIMUM_POWER_CNT:PACKAGE0
Found: rapl:::MINIMUM_POWER_CNT:PACKAGE1
Found: rapl:::MAXIMUM_POWER_CNT:PACKAGE0
Found: rapl:::MAXIMUM_POWER_CNT:PACKAGE1
Found: rapl:::MAXIMUM_TIME_WINDOW_CNT:PACKAGE0
Found: rapl:::MAXIMUM_TIME_WINDOW_CNT:PACKAGE1
Found: rapl:::PACKAGE_ENERGY_CNT:PACKAGE0
Found: rapl:::PACKAGE_ENERGY_CNT:PACKAGE1
Found: rapl:::DRAM_ENERGY_CNT:PACKAGE0
Found: rapl:::DRAM_ENERGY_CNT:PACKAGE1
Found: rapl:::PP0_ENERGY_CNT:PACKAGE0
Found: rapl:::PP0_ENERGY_CNT:PACKAGE1
Found: rapl:::THERMAL_SPEC:PACKAGE0
Found: rapl:::THERMAL_SPEC:PACKAGE1
Found: rapl:::MINIMUM_POWER:PACKAGE0
Found: rapl:::MINIMUM_POWER:PACKAGE1
Found: rapl:::MAXIMUM_POWER:PACKAGE0
Found: rapl:::MAXIMUM_POWER:PACKAGE1
Found: rapl:::MAXIMUM_TIME_WINDOW:PACKAGE0
Found: rapl:::MAXIMUM_TIME_WINDOW:PACKAGE1
Found: rapl:::PACKAGE_ENERGY:PACKAGE0
Found: rapl:::PACKAGE_ENERGY:PACKAGE1
Found: rapl:::DRAM_ENERGY:PACKAGE0
Found: rapl:::DRAM_ENERGY:PACKAGE1
Found: rapl:::PP0_ENERGY:PACKAGE0
Found: rapl:::PP0_ENERGY:PACKAGE1
Starting Classify and Insert
Classify 999999 999999  
Time for insertion Flag  0.773601
Deleted Edges: 0 
Processed Inserts: 300144
 Unprocessed Inserts: 986
 0.7800 s 0.0000 (* Average Power for rapl:::THERMAL_SPEC_CNT:PACKAGE0 *)
0.7800 s 0.0000 (* Average Power for rapl:::THERMAL_SPEC_CNT:PACKAGE1 *)
0.7800 s 0.0000 (* Average Power for rapl:::MINIMUM_POWER_CNT:PACKAGE0 *)
0.7800 s 0.0000 (* Average Power for rapl:::MINIMUM_POWER_CNT:PACKAGE1 *)
0.7800 s 0.0000 (* Average Power for rapl:::MAXIMUM_POWER_CNT:PACKAGE0 *)
0.7800 s 0.0000 (* Average Power for rapl:::MAXIMUM_POWER_CNT:PACKAGE1 *)
0.7800 s 0.0000 (* Average Power for rapl:::MAXIMUM_TIME_WINDOW_CNT:PACKAGE0 *)
0.7800 s 0.0000 (* Average Power for rapl:::MAXIMUM_TIME_WINDOW_CNT:PACKAGE1 *)
0.7800 s 0.0006 (* Average Power for rapl:::PACKAGE_ENERGY_CNT:PACKAGE0 *)
0.7800 s 0.0010 (* Average Power for rapl:::PACKAGE_ENERGY_CNT:PACKAGE1 *)
0.7800 s 0.0009 (* Average Power for rapl:::DRAM_ENERGY_CNT:PACKAGE0 *)
0.7800 s 0.0010 (* Average Power for rapl:::DRAM_ENERGY_CNT:PACKAGE1 *)
0.7800 s 0.0000 (* Average Power for rapl:::PP0_ENERGY_CNT:PACKAGE0 *)
0.7800 s 0.0000 (* Average Power for rapl:::PP0_ENERGY_CNT:PACKAGE1 *)
0.7800 s 5948095671.5958 (* Average Power for rapl:::THERMAL_SPEC:PACKAGE0 *)
0.7800 s 5948095671.5958 (* Average Power for rapl:::THERMAL_SPEC:PACKAGE1 *)
0.7800 s 5942005794.5649 (* Average Power for rapl:::MINIMUM_POWER:PACKAGE0 *)
0.7800 s 5942005794.5649 (* Average Power for rapl:::MINIMUM_POWER:PACKAGE1 *)
0.7800 s 5953869777.2251 (* Average Power for rapl:::MAXIMUM_POWER:PACKAGE0 *)
0.7800 s 5953869777.2251 (* Average Power for rapl:::MAXIMUM_POWER:PACKAGE1 *)
0.7800 s 5880746142.6539 (* Average Power for rapl:::MAXIMUM_TIME_WINDOW:PACKAGE0 *)
0.7800 s 5880746142.6539 (* Average Power for rapl:::MAXIMUM_TIME_WINDOW:PACKAGE1 *)
0.7800 s 27.3147 (* Total Energy for rapl:::PACKAGE_ENERGY:PACKAGE0 *)
0.7800 s 35.0204 (* Average Power for rapl:::PACKAGE_ENERGY:PACKAGE0 *)
0.7800 s 47.9682 (* Total Energy for rapl:::PACKAGE_ENERGY:PACKAGE1 *)
0.7800 s 61.5005 (* Average Power for rapl:::PACKAGE_ENERGY:PACKAGE1 *)
0.7800 s 13.3873 (* Average Power for rapl:::DRAM_ENERGY:PACKAGE0 *)
0.7800 s 15.4448 (* Average Power for rapl:::DRAM_ENERGY:PACKAGE1 *)
0.7800 s 0.0000 (* Average Power for rapl:::PP0_ENERGY:PACKAGE0 *)
0.7800 s 0.0000 (* Average Power for rapl:::PP0_ENERGY:PACKAGE1 *)
Time for Classify and insert  0.779933 
Found rapl component at cid 2
Found: rapl:::THERMAL_SPEC_CNT:PACKAGE0
Found: rapl:::THERMAL_SPEC_CNT:PACKAGE1
Found: rapl:::MINIMUM_POWER_CNT:PACKAGE0
Found: rapl:::MINIMUM_POWER_CNT:PACKAGE1
Found: rapl:::MAXIMUM_POWER_CNT:PACKAGE0
Found: rapl:::MAXIMUM_POWER_CNT:PACKAGE1
Found: rapl:::MAXIMUM_TIME_WINDOW_CNT:PACKAGE0
Found: rapl:::MAXIMUM_TIME_WINDOW_CNT:PACKAGE1
Found: rapl:::PACKAGE_ENERGY_CNT:PACKAGE0
Found: rapl:::PACKAGE_ENERGY_CNT:PACKAGE1
Found: rapl:::DRAM_ENERGY_CNT:PACKAGE0
Found: rapl:::DRAM_ENERGY_CNT:PACKAGE1
Found: rapl:::PP0_ENERGY_CNT:PACKAGE0
Found: rapl:::PP0_ENERGY_CNT:PACKAGE1
Found: rapl:::THERMAL_SPEC:PACKAGE0
Found: rapl:::THERMAL_SPEC:PACKAGE1
Found: rapl:::MINIMUM_POWER:PACKAGE0
Found: rapl:::MINIMUM_POWER:PACKAGE1
Found: rapl:::MAXIMUM_POWER:PACKAGE0
Found: rapl:::MAXIMUM_POWER:PACKAGE1
Found: rapl:::MAXIMUM_TIME_WINDOW:PACKAGE0
Found: rapl:::MAXIMUM_TIME_WINDOW:PACKAGE1
Found: rapl:::PACKAGE_ENERGY:PACKAGE0
Found: rapl:::PACKAGE_ENERGY:PACKAGE1
Found: rapl:::DRAM_ENERGY:PACKAGE0
Found: rapl:::DRAM_ENERGY:PACKAGE1
Found: rapl:::PP0_ENERGY:PACKAGE0
Found: rapl:::PP0_ENERGY:PACKAGE1
Starting process_deletions
0.0000 s 0.0419 (* Average Power for rapl:::THERMAL_SPEC_CNT:PACKAGE0 *)
0.0000 s 0.0419 (* Average Power for rapl:::THERMAL_SPEC_CNT:PACKAGE1 *)
0.0000 s 0.0200 (* Average Power for rapl:::MINIMUM_POWER_CNT:PACKAGE0 *)
0.0000 s 0.0200 (* Average Power for rapl:::MINIMUM_POWER_CNT:PACKAGE1 *)
0.0000 s 0.0839 (* Average Power for rapl:::MAXIMUM_POWER_CNT:PACKAGE0 *)
0.0000 s 0.0839 (* Average Power for rapl:::MAXIMUM_POWER_CNT:PACKAGE1 *)
0.0000 s 0.0017 (* Average Power for rapl:::MAXIMUM_TIME_WINDOW_CNT:PACKAGE0 *)
0.0000 s 0.0017 (* Average Power for rapl:::MAXIMUM_TIME_WINDOW_CNT:PACKAGE1 *)
0.0000 s 0.0000 (* Average Power for rapl:::PACKAGE_ENERGY_CNT:PACKAGE0 *)
0.0000 s 0.0000 (* Average Power for rapl:::PACKAGE_ENERGY_CNT:PACKAGE1 *)
0.0000 s 0.0248 (* Average Power for rapl:::DRAM_ENERGY_CNT:PACKAGE0 *)
0.0000 s 0.0000 (* Average Power for rapl:::DRAM_ENERGY_CNT:PACKAGE1 *)
0.0000 s 0.0000 (* Average Power for rapl:::PP0_ENERGY_CNT:PACKAGE0 *)
0.0000 s 0.0000 (* Average Power for rapl:::PP0_ENERGY_CNT:PACKAGE1 *)
0.0000 s 167756490707543.7188 (* Average Power for rapl:::THERMAL_SPEC:PACKAGE0 *)
0.0000 s 167756490707543.7188 (* Average Power for rapl:::THERMAL_SPEC:PACKAGE1 *)
0.0000 s 167584735501179.8438 (* Average Power for rapl:::MINIMUM_POWER:PACKAGE0 *)
0.0000 s 167584735501179.8438 (* Average Power for rapl:::MINIMUM_POWER:PACKAGE1 *)
0.0000 s 167919340088392.3750 (* Average Power for rapl:::MAXIMUM_POWER:PACKAGE0 *)
0.0000 s 167919340088392.3750 (* Average Power for rapl:::MAXIMUM_POWER:PACKAGE1 *)
0.0000 s 165857005351238.2812 (* Average Power for rapl:::MAXIMUM_TIME_WINDOW:PACKAGE0 *)
0.0000 s 165857005351238.2812 (* Average Power for rapl:::MAXIMUM_TIME_WINDOW:PACKAGE1 *)
0.0000 s 0.0000 (* Total Energy for rapl:::PACKAGE_ENERGY:PACKAGE0 *)
0.0000 s 0.0000 (* Average Power for rapl:::PACKAGE_ENERGY:PACKAGE0 *)
0.0000 s 0.0000 (* Total Energy for rapl:::PACKAGE_ENERGY:PACKAGE1 *)
0.0000 s 0.0000 (* Average Power for rapl:::PACKAGE_ENERGY:PACKAGE1 *)
0.0000 s 379.0558 (* Average Power for rapl:::DRAM_ENERGY:PACKAGE0 *)
0.0000 s 0.0000 (* Average Power for rapl:::DRAM_ENERGY:PACKAGE1 *)
0.0000 s 0.0000 (* Average Power for rapl:::PP0_ENERGY:PACKAGE0 *)
0.0000 s 0.0000 (* Average Power for rapl:::PP0_ENERGY:PACKAGE1 *)
Time for Deletion  0.000000 
Total Time for Updating at Batch 1 is 0.780826 
=======
Total Time for Updating  2.573617 
	Command being timed: "/home/users/norris/research/easy-parallel-graph/autoperf/mst/lib/xpscode/MST_May5/a.out /home/users/norris/research/easy-parallel-graph/experiment/datasets/com-lj-org-weighted.diff /home/users/norris/research/easy-parallel-graph/experiment/datasets/com-lj-org-weighted.cert /home/users/norris/research/easy-parallel-graph/experiment/datasets/com-lj-org-weighted_changed_100i_1000000S 100 4036538 1000000 4 100"
	User time (seconds): 27.40
	System time (seconds): 0.80
	Percent of CPU this job got: 102%
	Elapsed (wall clock) time (h:mm:ss or m:ss): 0:27.49
	Average shared text size (kbytes): 0
	Average unshared data size (kbytes): 0
	Average stack size (kbytes): 0
	Average total size (kbytes): 0
	Maximum resident set size (kbytes): 745600
	Average resident set size (kbytes): 0
	Major (requiring I/O) page faults: 0
	Minor (reclaiming a frame) page faults: 73569
	Voluntary context switches: 25
	Involuntary context switches: 32
	Swaps: 0
	File system inputs: 0
	File system outputs: 32
	Socket messages sent: 0
	Socket messages received: 0
	Signals delivered: 0
	Page size (bytes): 4096
	Exit status: 0
Highest Edge Value 10 --
Time Taken for Initializing Memory 0.079764 
Total Time for Reading Remainder Edges 19.210903 
Total Time for Reading Certificate Network 4.642894 
Total Time for Reading Update List 0.404186 
Found rapl component at cid 2
Found: rapl:::THERMAL_SPEC_CNT:PACKAGE0
Found: rapl:::THERMAL_SPEC_CNT:PACKAGE1
Found: rapl:::MINIMUM_POWER_CNT:PACKAGE0
Found: rapl:::MINIMUM_POWER_CNT:PACKAGE1
Found: rapl:::MAXIMUM_POWER_CNT:PACKAGE0
Found: rapl:::MAXIMUM_POWER_CNT:PACKAGE1
Found: rapl:::MAXIMUM_TIME_WINDOW_CNT:PACKAGE0
Found: rapl:::MAXIMUM_TIME_WINDOW_CNT:PACKAGE1
Found: rapl:::PACKAGE_ENERGY_CNT:PACKAGE0
Found: rapl:::PACKAGE_ENERGY_CNT:PACKAGE1
Found: rapl:::DRAM_ENERGY_CNT:PACKAGE0
Found: rapl:::DRAM_ENERGY_CNT:PACKAGE1
Found: rapl:::PP0_ENERGY_CNT:PACKAGE0
Found: rapl:::PP0_ENERGY_CNT:PACKAGE1
Found: rapl:::THERMAL_SPEC:PACKAGE0
Found: rapl:::THERMAL_SPEC:PACKAGE1
Found: rapl:::MINIMUM_POWER:PACKAGE0
Found: rapl:::MINIMUM_POWER:PACKAGE1
Found: rapl:::MAXIMUM_POWER:PACKAGE0
Found: rapl:::MAXIMUM_POWER:PACKAGE1
Found: rapl:::MAXIMUM_TIME_WINDOW:PACKAGE0
Found: rapl:::MAXIMUM_TIME_WINDOW:PACKAGE1
Found: rapl:::PACKAGE_ENERGY:PACKAGE0
Found: rapl:::PACKAGE_ENERGY:PACKAGE1
Found: rapl:::DRAM_ENERGY:PACKAGE0
Found: rapl:::DRAM_ENERGY:PACKAGE1
Found: rapl:::PP0_ENERGY:PACKAGE0
Found: rapl:::PP0_ENERGY:PACKAGE1
Starting creation of rooted tree
0.0347 s 0.0000 (* Average Power for rapl:::THERMAL_SPEC_CNT:PACKAGE0 *)
0.0347 s 0.0000 (* Average Power for rapl:::THERMAL_SPEC_CNT:PACKAGE1 *)
0.0347 s 0.0000 (* Average Power for rapl:::MINIMUM_POWER_CNT:PACKAGE0 *)
0.0347 s 0.0000 (* Average Power for rapl:::MINIMUM_POWER_CNT:PACKAGE1 *)
0.0347 s 0.0001 (* Average Power for rapl:::MAXIMUM_POWER_CNT:PACKAGE0 *)
0.0347 s 0.0001 (* Average Power for rapl:::MAXIMUM_POWER_CNT:PACKAGE1 *)
0.0347 s 0.0000 (* Average Power for rapl:::MAXIMUM_TIME_WINDOW_CNT:PACKAGE0 *)
0.0347 s 0.0000 (* Average Power for rapl:::MAXIMUM_TIME_WINDOW_CNT:PACKAGE1 *)
0.0347 s 0.0012 (* Average Power for rapl:::PACKAGE_ENERGY_CNT:PACKAGE0 *)
0.0347 s 0.0015 (* Average Power for rapl:::PACKAGE_ENERGY_CNT:PACKAGE1 *)
0.0347 s 0.0011 (* Average Power for rapl:::DRAM_ENERGY_CNT:PACKAGE0 *)
0.0347 s 0.0012 (* Average Power for rapl:::DRAM_ENERGY_CNT:PACKAGE1 *)
0.0347 s 0.0000 (* Average Power for rapl:::PP0_ENERGY_CNT:PACKAGE0 *)
0.0347 s 0.0000 (* Average Power for rapl:::PP0_ENERGY_CNT:PACKAGE1 *)
0.0347 s 133598031902.0267 (* Average Power for rapl:::THERMAL_SPEC:PACKAGE0 *)
0.0347 s 133598031902.0267 (* Average Power for rapl:::THERMAL_SPEC:PACKAGE1 *)
0.0347 s 133461249370.1416 (* Average Power for rapl:::MINIMUM_POWER:PACKAGE0 *)
0.0347 s 133461249370.1416 (* Average Power for rapl:::MINIMUM_POWER:PACKAGE1 *)
0.0347 s 133727722006.3326 (* Average Power for rapl:::MAXIMUM_POWER:PACKAGE0 *)
0.0347 s 133727722006.3326 (* Average Power for rapl:::MAXIMUM_POWER:PACKAGE1 *)
0.0347 s 132085318419.7715 (* Average Power for rapl:::MAXIMUM_TIME_WINDOW:PACKAGE0 *)
0.0347 s 132085318419.7715 (* Average Power for rapl:::MAXIMUM_TIME_WINDOW:PACKAGE1 *)
0.0347 s 2.4830 (* Total Energy for rapl:::PACKAGE_ENERGY:PACKAGE0 *)
0.0347 s 71.5038 (* Average Power for rapl:::PACKAGE_ENERGY:PACKAGE0 *)
0.0347 s 3.0829 (* Total Energy for rapl:::PACKAGE_ENERGY:PACKAGE1 *)
0.0347 s 88.7796 (* Average Power for rapl:::PACKAGE_ENERGY:PACKAGE1 *)
0.0347 s 16.3530 (* Average Power for rapl:::DRAM_ENERGY:PACKAGE0 *)
0.0347 s 18.5307 (* Average Power for rapl:::DRAM_ENERGY:PACKAGE1 *)
0.0347 s 0.0000 (* Average Power for rapl:::PP0_ENERGY:PACKAGE0 *)
0.0347 s 0.0000 (* Average Power for rapl:::PP0_ENERGY:PACKAGE1 *)
Total Time for Obtaining Degrees of Vertices  0.034688 
==Update Starts =======
root111=0
root=447075
Max height=202
Total Time for Creating Initial Rooted Tree at iter 1 is 1.730596 with Type:1
Found rapl component at cid 2
Found: rapl:::THERMAL_SPEC_CNT:PACKAGE0
Found: rapl:::THERMAL_SPEC_CNT:PACKAGE1
Found: rapl:::MINIMUM_POWER_CNT:PACKAGE0
Found: rapl:::MINIMUM_POWER_CNT:PACKAGE1
Found: rapl:::MAXIMUM_POWER_CNT:PACKAGE0
Found: rapl:::MAXIMUM_POWER_CNT:PACKAGE1
Found: rapl:::MAXIMUM_TIME_WINDOW_CNT:PACKAGE0
Found: rapl:::MAXIMUM_TIME_WINDOW_CNT:PACKAGE1
Found: rapl:::PACKAGE_ENERGY_CNT:PACKAGE0
Found: rapl:::PACKAGE_ENERGY_CNT:PACKAGE1
Found: rapl:::DRAM_ENERGY_CNT:PACKAGE0
Found: rapl:::DRAM_ENERGY_CNT:PACKAGE1
Found: rapl:::PP0_ENERGY_CNT:PACKAGE0
Found: rapl:::PP0_ENERGY_CNT:PACKAGE1
Found: rapl:::THERMAL_SPEC:PACKAGE0
Found: rapl:::THERMAL_SPEC:PACKAGE1
Found: rapl:::MINIMUM_POWER:PACKAGE0
Found: rapl:::MINIMUM_POWER:PACKAGE1
Found: rapl:::MAXIMUM_POWER:PACKAGE0
Found: rapl:::MAXIMUM_POWER:PACKAGE1
Found: rapl:::MAXIMUM_TIME_WINDOW:PACKAGE0
Found: rapl:::MAXIMUM_TIME_WINDOW:PACKAGE1
Found: rapl:::PACKAGE_ENERGY:PACKAGE0
Found: rapl:::PACKAGE_ENERGY:PACKAGE1
Found: rapl:::DRAM_ENERGY:PACKAGE0
Found: rapl:::DRAM_ENERGY:PACKAGE1
Found: rapl:::PP0_ENERGY:PACKAGE0
Found: rapl:::PP0_ENERGY:PACKAGE1
Starting Classify and Insert
Classify 999999 999999  
Time for insertion Flag  0.735807
Deleted Edges: 0 
Processed Inserts: 300144
 Unprocessed Inserts: 996
 0.7417 s 0.0000 (* Average Power for rapl:::THERMAL_SPEC_CNT:PACKAGE0 *)
0.7417 s 0.0000 (* Average Power for rapl:::THERMAL_SPEC_CNT:PACKAGE1 *)
0.7417 s 0.0000 (* Average Power for rapl:::MINIMUM_POWER_CNT:PACKAGE0 *)
0.7417 s 0.0000 (* Average Power for rapl:::MINIMUM_POWER_CNT:PACKAGE1 *)
0.7417 s 0.0000 (* Average Power for rapl:::MAXIMUM_POWER_CNT:PACKAGE0 *)
0.7417 s 0.0000 (* Average Power for rapl:::MAXIMUM_POWER_CNT:PACKAGE1 *)
0.7417 s 0.0000 (* Average Power for rapl:::MAXIMUM_TIME_WINDOW_CNT:PACKAGE0 *)
0.7417 s 0.0000 (* Average Power for rapl:::MAXIMUM_TIME_WINDOW_CNT:PACKAGE1 *)
0.7417 s 0.0008 (* Average Power for rapl:::PACKAGE_ENERGY_CNT:PACKAGE0 *)
0.7417 s 0.0010 (* Average Power for rapl:::PACKAGE_ENERGY_CNT:PACKAGE1 *)
0.7417 s 0.0009 (* Average Power for rapl:::DRAM_ENERGY_CNT:PACKAGE0 *)
0.7417 s 0.0010 (* Average Power for rapl:::DRAM_ENERGY_CNT:PACKAGE1 *)
0.7417 s 0.0000 (* Average Power for rapl:::PP0_ENERGY_CNT:PACKAGE0 *)
0.7417 s 0.0000 (* Average Power for rapl:::PP0_ENERGY_CNT:PACKAGE1 *)
0.7417 s 6254649280.7502 (* Average Power for rapl:::THERMAL_SPEC:PACKAGE0 *)
0.7417 s 6254649280.7502 (* Average Power for rapl:::THERMAL_SPEC:PACKAGE1 *)
0.7417 s 6248245542.9668 (* Average Power for rapl:::MINIMUM_POWER:PACKAGE0 *)
0.7417 s 6248245542.9668 (* Average Power for rapl:::MINIMUM_POWER:PACKAGE1 *)
0.7417 s 6260720972.8707 (* Average Power for rapl:::MAXIMUM_POWER:PACKAGE0 *)
0.7417 s 6260720972.8707 (* Average Power for rapl:::MAXIMUM_POWER:PACKAGE1 *)
0.7417 s 6183828684.3756 (* Average Power for rapl:::MAXIMUM_TIME_WINDOW:PACKAGE0 *)
0.7417 s 6183828684.3756 (* Average Power for rapl:::MAXIMUM_TIME_WINDOW:PACKAGE1 *)
0.7417 s 38.3486 (* Total Energy for rapl:::PACKAGE_ENERGY:PACKAGE0 *)
0.7417 s 51.7011 (* Average Power for rapl:::PACKAGE_ENERGY:PACKAGE0 *)
0.7417 s 43.8763 (* Total Energy for rapl:::PACKAGE_ENERGY:PACKAGE1 *)
0.7417 s 59.1535 (* Average Power for rapl:::PACKAGE_ENERGY:PACKAGE1 *)
0.7417 s 14.4659 (* Average Power for rapl:::DRAM_ENERGY:PACKAGE0 *)
0.7417 s 15.3457 (* Average Power for rapl:::DRAM_ENERGY:PACKAGE1 *)
0.7417 s 0.0000 (* Average Power for rapl:::PP0_ENERGY:PACKAGE0 *)
0.7417 s 0.0000 (* Average Power for rapl:::PP0_ENERGY:PACKAGE1 *)
Time for Classify and insert  0.741680 
Found rapl component at cid 2
Found: rapl:::THERMAL_SPEC_CNT:PACKAGE0
Found: rapl:::THERMAL_SPEC_CNT:PACKAGE1
Found: rapl:::MINIMUM_POWER_CNT:PACKAGE0
Found: rapl:::MINIMUM_POWER_CNT:PACKAGE1
Found: rapl:::MAXIMUM_POWER_CNT:PACKAGE0
Found: rapl:::MAXIMUM_POWER_CNT:PACKAGE1
Found: rapl:::MAXIMUM_TIME_WINDOW_CNT:PACKAGE0
Found: rapl:::MAXIMUM_TIME_WINDOW_CNT:PACKAGE1
Found: rapl:::PACKAGE_ENERGY_CNT:PACKAGE0
Found: rapl:::PACKAGE_ENERGY_CNT:PACKAGE1
Found: rapl:::DRAM_ENERGY_CNT:PACKAGE0
Found: rapl:::DRAM_ENERGY_CNT:PACKAGE1
Found: rapl:::PP0_ENERGY_CNT:PACKAGE0
Found: rapl:::PP0_ENERGY_CNT:PACKAGE1
Found: rapl:::THERMAL_SPEC:PACKAGE0
Found: rapl:::THERMAL_SPEC:PACKAGE1
Found: rapl:::MINIMUM_POWER:PACKAGE0
Found: rapl:::MINIMUM_POWER:PACKAGE1
Found: rapl:::MAXIMUM_POWER:PACKAGE0
Found: rapl:::MAXIMUM_POWER:PACKAGE1
Found: rapl:::MAXIMUM_TIME_WINDOW:PACKAGE0
Found: rapl:::MAXIMUM_TIME_WINDOW:PACKAGE1
Found: rapl:::PACKAGE_ENERGY:PACKAGE0
Found: rapl:::PACKAGE_ENERGY:PACKAGE1
Found: rapl:::DRAM_ENERGY:PACKAGE0
Found: rapl:::DRAM_ENERGY:PACKAGE1
Found: rapl:::PP0_ENERGY:PACKAGE0
Found: rapl:::PP0_ENERGY:PACKAGE1
Starting process_deletions
0.0000 s 0.0476 (* Average Power for rapl:::THERMAL_SPEC_CNT:PACKAGE0 *)
0.0000 s 0.0476 (* Average Power for rapl:::THERMAL_SPEC_CNT:PACKAGE1 *)
0.0000 s 0.0226 (* Average Power for rapl:::MINIMUM_POWER_CNT:PACKAGE0 *)
0.0000 s 0.0226 (* Average Power for rapl:::MINIMUM_POWER_CNT:PACKAGE1 *)
0.0000 s 0.0952 (* Average Power for rapl:::MAXIMUM_POWER_CNT:PACKAGE0 *)
0.0000 s 0.0952 (* Average Power for rapl:::MAXIMUM_POWER_CNT:PACKAGE1 *)
0.0000 s 0.0019 (* Average Power for rapl:::MAXIMUM_TIME_WINDOW_CNT:PACKAGE0 *)
0.0000 s 0.0019 (* Average Power for rapl:::MAXIMUM_TIME_WINDOW_CNT:PACKAGE1 *)
0.0000 s 0.0000 (* Average Power for rapl:::PACKAGE_ENERGY_CNT:PACKAGE0 *)
0.0000 s 0.0000 (* Average Power for rapl:::PACKAGE_ENERGY_CNT:PACKAGE1 *)
0.0000 s 0.0000 (* Average Power for rapl:::DRAM_ENERGY_CNT:PACKAGE0 *)
0.0000 s 0.0438 (* Average Power for rapl:::DRAM_ENERGY_CNT:PACKAGE1 *)
0.0000 s 0.0000 (* Average Power for rapl:::PP0_ENERGY_CNT:PACKAGE0 *)
0.0000 s 0.0000 (* Average Power for rapl:::PP0_ENERGY_CNT:PACKAGE1 *)
0.0000 s 190299263731782.3125 (* Average Power for rapl:::THERMAL_SPEC:PACKAGE0 *)
0.0000 s 190299263731782.3125 (* Average Power for rapl:::THERMAL_SPEC:PACKAGE1 *)
0.0000 s 190104428413188.7500 (* Average Power for rapl:::MINIMUM_POWER:PACKAGE0 *)
0.0000 s 190104428413188.7500 (* Average Power for rapl:::MINIMUM_POWER:PACKAGE1 *)
0.0000 s 190483996478300.6250 (* Average Power for rapl:::MAXIMUM_POWER:PACKAGE0 *)
0.0000 s 190483996478300.6250 (* Average Power for rapl:::MAXIMUM_POWER:PACKAGE1 *)
0.0000 s 188144529430595.7812 (* Average Power for rapl:::MAXIMUM_TIME_WINDOW:PACKAGE0 *)
0.0000 s 188144529430595.7812 (* Average Power for rapl:::MAXIMUM_TIME_WINDOW:PACKAGE1 *)
0.0000 s 0.0000 (* Total Energy for rapl:::PACKAGE_ENERGY:PACKAGE0 *)
0.0000 s 0.0000 (* Average Power for rapl:::PACKAGE_ENERGY:PACKAGE0 *)
0.0000 s 0.0000 (* Total Energy for rapl:::PACKAGE_ENERGY:PACKAGE1 *)
0.0000 s 0.0000 (* Average Power for rapl:::PACKAGE_ENERGY:PACKAGE1 *)
0.0000 s 0.0000 (* Average Power for rapl:::DRAM_ENERGY:PACKAGE0 *)
0.0000 s 0.0000 (* Average Power for rapl:::DRAM_ENERGY:PACKAGE1 *)
0.0000 s 0.0000 (* Average Power for rapl:::PP0_ENERGY:PACKAGE0 *)
0.0000 s 0.0000 (* Average Power for rapl:::PP0_ENERGY:PACKAGE1 *)
Time for Deletion  0.000000 
Total Time for Updating at Batch 1 is 0.742474 
=======
Total Time for Updating  2.517351 
	Command being timed: "/home/users/norris/research/easy-parallel-graph/autoperf/mst/lib/xpscode/MST_May5/a.out /home/users/norris/research/easy-parallel-graph/experiment/datasets/com-lj-org-weighted.diff /home/users/norris/research/easy-parallel-graph/experiment/datasets/com-lj-org-weighted.cert /home/users/norris/research/easy-parallel-graph/experiment/datasets/com-lj-org-weighted_changed_100i_1000000S 100 4036538 1000000 4 100"
	User time (seconds): 27.46
	System time (seconds): 0.72
	Percent of CPU this job got: 102%
	Elapsed (wall clock) time (h:mm:ss or m:ss): 0:27.44
	Average shared text size (kbytes): 0
	Average unshared data size (kbytes): 0
	Average stack size (kbytes): 0
	Average total size (kbytes): 0
	Maximum resident set size (kbytes): 745092
	Average resident set size (kbytes): 0
	Major (requiring I/O) page faults: 0
	Minor (reclaiming a frame) page faults: 71218
	Voluntary context switches: 23
	Involuntary context switches: 34
	Swaps: 0
	File system inputs: 0
	File system outputs: 32
	Socket messages sent: 0
	Socket messages received: 0
	Signals delivered: 0
	Page size (bytes): 4096
	Exit status: 0
Highest Edge Value 10 --
Time Taken for Initializing Memory 0.088943 
Total Time for Reading Remainder Edges 19.219216 
Total Time for Reading Certificate Network 4.591967 
Total Time for Reading Update List 0.401808 
Found rapl component at cid 2
Found: rapl:::THERMAL_SPEC_CNT:PACKAGE0
Found: rapl:::THERMAL_SPEC_CNT:PACKAGE1
Found: rapl:::MINIMUM_POWER_CNT:PACKAGE0
Found: rapl:::MINIMUM_POWER_CNT:PACKAGE1
Found: rapl:::MAXIMUM_POWER_CNT:PACKAGE0
Found: rapl:::MAXIMUM_POWER_CNT:PACKAGE1
Found: rapl:::MAXIMUM_TIME_WINDOW_CNT:PACKAGE0
Found: rapl:::MAXIMUM_TIME_WINDOW_CNT:PACKAGE1
Found: rapl:::PACKAGE_ENERGY_CNT:PACKAGE0
Found: rapl:::PACKAGE_ENERGY_CNT:PACKAGE1
Found: rapl:::DRAM_ENERGY_CNT:PACKAGE0
Found: rapl:::DRAM_ENERGY_CNT:PACKAGE1
Found: rapl:::PP0_ENERGY_CNT:PACKAGE0
Found: rapl:::PP0_ENERGY_CNT:PACKAGE1
Found: rapl:::THERMAL_SPEC:PACKAGE0
Found: rapl:::THERMAL_SPEC:PACKAGE1
Found: rapl:::MINIMUM_POWER:PACKAGE0
Found: rapl:::MINIMUM_POWER:PACKAGE1
Found: rapl:::MAXIMUM_POWER:PACKAGE0
Found: rapl:::MAXIMUM_POWER:PACKAGE1
Found: rapl:::MAXIMUM_TIME_WINDOW:PACKAGE0
Found: rapl:::MAXIMUM_TIME_WINDOW:PACKAGE1
Found: rapl:::PACKAGE_ENERGY:PACKAGE0
Found: rapl:::PACKAGE_ENERGY:PACKAGE1
Found: rapl:::DRAM_ENERGY:PACKAGE0
Found: rapl:::DRAM_ENERGY:PACKAGE1
Found: rapl:::PP0_ENERGY:PACKAGE0
Found: rapl:::PP0_ENERGY:PACKAGE1
Starting creation of rooted tree
0.0314 s 0.0000 (* Average Power for rapl:::THERMAL_SPEC_CNT:PACKAGE0 *)
0.0314 s 0.0000 (* Average Power for rapl:::THERMAL_SPEC_CNT:PACKAGE1 *)
0.0314 s 0.0000 (* Average Power for rapl:::MINIMUM_POWER_CNT:PACKAGE0 *)
0.0314 s 0.0000 (* Average Power for rapl:::MINIMUM_POWER_CNT:PACKAGE1 *)
0.0314 s 0.0001 (* Average Power for rapl:::MAXIMUM_POWER_CNT:PACKAGE0 *)
0.0314 s 0.0001 (* Average Power for rapl:::MAXIMUM_POWER_CNT:PACKAGE1 *)
0.0314 s 0.0000 (* Average Power for rapl:::MAXIMUM_TIME_WINDOW_CNT:PACKAGE0 *)
0.0314 s 0.0000 (* Average Power for rapl:::MAXIMUM_TIME_WINDOW_CNT:PACKAGE1 *)
0.0314 s 0.0014 (* Average Power for rapl:::PACKAGE_ENERGY_CNT:PACKAGE0 *)
0.0314 s 0.0011 (* Average Power for rapl:::PACKAGE_ENERGY_CNT:PACKAGE1 *)
0.0314 s 0.0012 (* Average Power for rapl:::DRAM_ENERGY_CNT:PACKAGE0 *)
0.0314 s 0.0012 (* Average Power for rapl:::DRAM_ENERGY_CNT:PACKAGE1 *)
0.0314 s 0.0000 (* Average Power for rapl:::PP0_ENERGY_CNT:PACKAGE0 *)
0.0314 s 0.0000 (* Average Power for rapl:::PP0_ENERGY_CNT:PACKAGE1 *)
0.0314 s 147806885063.1128 (* Average Power for rapl:::THERMAL_SPEC:PACKAGE0 *)
0.0314 s 147806885063.1128 (* Average Power for rapl:::THERMAL_SPEC:PACKAGE1 *)
0.0314 s 147655554989.7491 (* Average Power for rapl:::MINIMUM_POWER:PACKAGE0 *)
0.0314 s 147655554989.7491 (* Average Power for rapl:::MINIMUM_POWER:PACKAGE1 *)
0.0314 s 147950368391.9317 (* Average Power for rapl:::MAXIMUM_POWER:PACKAGE0 *)
0.0314 s 147950368391.9317 (* Average Power for rapl:::MAXIMUM_POWER:PACKAGE1 *)
0.0314 s 146133286548.0607 (* Average Power for rapl:::MAXIMUM_TIME_WINDOW:PACKAGE0 *)
0.0314 s 146133286548.0607 (* Average Power for rapl:::MAXIMUM_TIME_WINDOW:PACKAGE1 *)
0.0314 s 2.6416 (* Total Energy for rapl:::PACKAGE_ENERGY:PACKAGE0 *)
0.0314 s 84.1606 (* Average Power for rapl:::PACKAGE_ENERGY:PACKAGE0 *)
0.0314 s 2.1057 (* Total Energy for rapl:::PACKAGE_ENERGY:PACKAGE1 *)
0.0314 s 67.0854 (* Average Power for rapl:::PACKAGE_ENERGY:PACKAGE1 *)
0.0314 s 18.6206 (* Average Power for rapl:::DRAM_ENERGY:PACKAGE0 *)
0.0314 s 17.8525 (* Average Power for rapl:::DRAM_ENERGY:PACKAGE1 *)
0.0314 s 0.0000 (* Average Power for rapl:::PP0_ENERGY:PACKAGE0 *)
0.0314 s 0.0000 (* Average Power for rapl:::PP0_ENERGY:PACKAGE1 *)
Total Time for Obtaining Degrees of Vertices  0.031350 
==Update Starts =======
root111=0
root=447075
Max height=202
Total Time for Creating Initial Rooted Tree at iter 1 is 1.714832 with Type:1
Found rapl component at cid 2
Found: rapl:::THERMAL_SPEC_CNT:PACKAGE0
Found: rapl:::THERMAL_SPEC_CNT:PACKAGE1
Found: rapl:::MINIMUM_POWER_CNT:PACKAGE0
Found: rapl:::MINIMUM_POWER_CNT:PACKAGE1
Found: rapl:::MAXIMUM_POWER_CNT:PACKAGE0
Found: rapl:::MAXIMUM_POWER_CNT:PACKAGE1
Found: rapl:::MAXIMUM_TIME_WINDOW_CNT:PACKAGE0
Found: rapl:::MAXIMUM_TIME_WINDOW_CNT:PACKAGE1
Found: rapl:::PACKAGE_ENERGY_CNT:PACKAGE0
Found: rapl:::PACKAGE_ENERGY_CNT:PACKAGE1
Found: rapl:::DRAM_ENERGY_CNT:PACKAGE0
Found: rapl:::DRAM_ENERGY_CNT:PACKAGE1
Found: rapl:::PP0_ENERGY_CNT:PACKAGE0
Found: rapl:::PP0_ENERGY_CNT:PACKAGE1
Found: rapl:::THERMAL_SPEC:PACKAGE0
Found: rapl:::THERMAL_SPEC:PACKAGE1
Found: rapl:::MINIMUM_POWER:PACKAGE0
Found: rapl:::MINIMUM_POWER:PACKAGE1
Found: rapl:::MAXIMUM_POWER:PACKAGE0
Found: rapl:::MAXIMUM_POWER:PACKAGE1
Found: rapl:::MAXIMUM_TIME_WINDOW:PACKAGE0
Found: rapl:::MAXIMUM_TIME_WINDOW:PACKAGE1
Found: rapl:::PACKAGE_ENERGY:PACKAGE0
Found: rapl:::PACKAGE_ENERGY:PACKAGE1
Found: rapl:::DRAM_ENERGY:PACKAGE0
Found: rapl:::DRAM_ENERGY:PACKAGE1
Found: rapl:::PP0_ENERGY:PACKAGE0
Found: rapl:::PP0_ENERGY:PACKAGE1
Starting Classify and Insert
Classify 999999 999999  
Time for insertion Flag  0.697577
Deleted Edges: 0 
Processed Inserts: 300144
 Unprocessed Inserts: 981
 0.7033 s 0.0000 (* Average Power for rapl:::THERMAL_SPEC_CNT:PACKAGE0 *)
0.7033 s 0.0000 (* Average Power for rapl:::THERMAL_SPEC_CNT:PACKAGE1 *)
0.7033 s 0.0000 (* Average Power for rapl:::MINIMUM_POWER_CNT:PACKAGE0 *)
0.7033 s 0.0000 (* Average Power for rapl:::MINIMUM_POWER_CNT:PACKAGE1 *)
0.7033 s 0.0000 (* Average Power for rapl:::MAXIMUM_POWER_CNT:PACKAGE0 *)
0.7033 s 0.0000 (* Average Power for rapl:::MAXIMUM_POWER_CNT:PACKAGE1 *)
0.7033 s 0.0000 (* Average Power for rapl:::MAXIMUM_TIME_WINDOW_CNT:PACKAGE0 *)
0.7033 s 0.0000 (* Average Power for rapl:::MAXIMUM_TIME_WINDOW_CNT:PACKAGE1 *)
0.7033 s 0.0009 (* Average Power for rapl:::PACKAGE_ENERGY_CNT:PACKAGE0 *)
0.7033 s 0.0008 (* Average Power for rapl:::PACKAGE_ENERGY_CNT:PACKAGE1 *)
0.7033 s 0.0010 (* Average Power for rapl:::DRAM_ENERGY_CNT:PACKAGE0 *)
0.7033 s 0.0010 (* Average Power for rapl:::DRAM_ENERGY_CNT:PACKAGE1 *)
0.7033 s 0.0000 (* Average Power for rapl:::PP0_ENERGY_CNT:PACKAGE0 *)
0.7033 s 0.0000 (* Average Power for rapl:::PP0_ENERGY_CNT:PACKAGE1 *)
0.7033 s 6596599214.8402 (* Average Power for rapl:::THERMAL_SPEC:PACKAGE0 *)
0.7033 s 6596599214.8402 (* Average Power for rapl:::THERMAL_SPEC:PACKAGE1 *)
0.7033 s 6589845376.2575 (* Average Power for rapl:::MINIMUM_POWER:PACKAGE0 *)
0.7033 s 6589845376.2575 (* Average Power for rapl:::MINIMUM_POWER:PACKAGE1 *)
0.7033 s 6603002854.3853 (* Average Power for rapl:::MAXIMUM_POWER:PACKAGE0 *)
0.7033 s 6603002854.3853 (* Average Power for rapl:::MAXIMUM_POWER:PACKAGE1 *)
0.7033 s 6521906762.9586 (* Average Power for rapl:::MAXIMUM_TIME_WINDOW:PACKAGE0 *)
0.7033 s 6521906762.9586 (* Average Power for rapl:::MAXIMUM_TIME_WINDOW:PACKAGE1 *)
0.7033 s 39.1885 (* Total Energy for rapl:::PACKAGE_ENERGY:PACKAGE0 *)
0.7033 s 55.7218 (* Average Power for rapl:::PACKAGE_ENERGY:PACKAGE0 *)
0.7033 s 35.0168 (* Total Energy for rapl:::PACKAGE_ENERGY:PACKAGE1 *)
0.7033 s 49.7901 (* Average Power for rapl:::PACKAGE_ENERGY:PACKAGE1 *)
0.7033 s 14.8702 (* Average Power for rapl:::DRAM_ENERGY:PACKAGE0 *)
0.7033 s 15.0572 (* Average Power for rapl:::DRAM_ENERGY:PACKAGE1 *)
0.7033 s 0.0000 (* Average Power for rapl:::PP0_ENERGY:PACKAGE0 *)
0.7033 s 0.0000 (* Average Power for rapl:::PP0_ENERGY:PACKAGE1 *)
Time for Classify and insert  0.703216 
Found rapl component at cid 2
Found: rapl:::THERMAL_SPEC_CNT:PACKAGE0
Found: rapl:::THERMAL_SPEC_CNT:PACKAGE1
Found: rapl:::MINIMUM_POWER_CNT:PACKAGE0
Found: rapl:::MINIMUM_POWER_CNT:PACKAGE1
Found: rapl:::MAXIMUM_POWER_CNT:PACKAGE0
Found: rapl:::MAXIMUM_POWER_CNT:PACKAGE1
Found: rapl:::MAXIMUM_TIME_WINDOW_CNT:PACKAGE0
Found: rapl:::MAXIMUM_TIME_WINDOW_CNT:PACKAGE1
Found: rapl:::PACKAGE_ENERGY_CNT:PACKAGE0
Found: rapl:::PACKAGE_ENERGY_CNT:PACKAGE1
Found: rapl:::DRAM_ENERGY_CNT:PACKAGE0
Found: rapl:::DRAM_ENERGY_CNT:PACKAGE1
Found: rapl:::PP0_ENERGY_CNT:PACKAGE0
Found: rapl:::PP0_ENERGY_CNT:PACKAGE1
Found: rapl:::THERMAL_SPEC:PACKAGE0
Found: rapl:::THERMAL_SPEC:PACKAGE1
Found: rapl:::MINIMUM_POWER:PACKAGE0
Found: rapl:::MINIMUM_POWER:PACKAGE1
Found: rapl:::MAXIMUM_POWER:PACKAGE0
Found: rapl:::MAXIMUM_POWER:PACKAGE1
Found: rapl:::MAXIMUM_TIME_WINDOW:PACKAGE0
Found: rapl:::MAXIMUM_TIME_WINDOW:PACKAGE1
Found: rapl:::PACKAGE_ENERGY:PACKAGE0
Found: rapl:::PACKAGE_ENERGY:PACKAGE1
Found: rapl:::DRAM_ENERGY:PACKAGE0
Found: rapl:::DRAM_ENERGY:PACKAGE1
Found: rapl:::PP0_ENERGY:PACKAGE0
Found: rapl:::PP0_ENERGY:PACKAGE1
Starting process_deletions
0.0000 s 0.0497 (* Average Power for rapl:::THERMAL_SPEC_CNT:PACKAGE0 *)
0.0000 s 0.0497 (* Average Power for rapl:::THERMAL_SPEC_CNT:PACKAGE1 *)
0.0000 s 0.0237 (* Average Power for rapl:::MINIMUM_POWER_CNT:PACKAGE0 *)
0.0000 s 0.0237 (* Average Power for rapl:::MINIMUM_POWER_CNT:PACKAGE1 *)
0.0000 s 0.0995 (* Average Power for rapl:::MAXIMUM_POWER_CNT:PACKAGE0 *)
0.0000 s 0.0995 (* Average Power for rapl:::MAXIMUM_POWER_CNT:PACKAGE1 *)
0.0000 s 0.0020 (* Average Power for rapl:::MAXIMUM_TIME_WINDOW_CNT:PACKAGE0 *)
0.0000 s 0.0020 (* Average Power for rapl:::MAXIMUM_TIME_WINDOW_CNT:PACKAGE1 *)
0.0000 s 0.0378 (* Average Power for rapl:::PACKAGE_ENERGY_CNT:PACKAGE0 *)
0.0000 s 0.0000 (* Average Power for rapl:::PACKAGE_ENERGY_CNT:PACKAGE1 *)
0.0000 s 0.0458 (* Average Power for rapl:::DRAM_ENERGY_CNT:PACKAGE0 *)
0.0000 s 0.0000 (* Average Power for rapl:::DRAM_ENERGY_CNT:PACKAGE1 *)
0.0000 s 0.0000 (* Average Power for rapl:::PP0_ENERGY_CNT:PACKAGE0 *)
0.0000 s 0.0000 (* Average Power for rapl:::PP0_ENERGY_CNT:PACKAGE1 *)
0.0000 s 198881371394397.9688 (* Average Power for rapl:::THERMAL_SPEC:PACKAGE0 *)
0.0000 s 198881371394397.9688 (* Average Power for rapl:::THERMAL_SPEC:PACKAGE1 *)
0.0000 s 198677749401343.0312 (* Average Power for rapl:::MINIMUM_POWER:PACKAGE0 *)
0.0000 s 198677749401343.0312 (* Average Power for rapl:::MINIMUM_POWER:PACKAGE1 *)
0.0000 s 199074435210035.2188 (* Average Power for rapl:::MAXIMUM_POWER:PACKAGE0 *)
0.0000 s 199074435210035.2188 (* Average Power for rapl:::MAXIMUM_POWER:PACKAGE1 *)
0.0000 s 196629462982316.4062 (* Average Power for rapl:::MAXIMUM_TIME_WINDOW:PACKAGE0 *)
0.0000 s 196629462982316.4062 (* Average Power for rapl:::MAXIMUM_TIME_WINDOW:PACKAGE1 *)
0.0000 s 0.0000 (* Total Energy for rapl:::PACKAGE_ENERGY:PACKAGE0 *)
0.0000 s 0.0000 (* Average Power for rapl:::PACKAGE_ENERGY:PACKAGE0 *)
0.0000 s 0.0000 (* Total Energy for rapl:::PACKAGE_ENERGY:PACKAGE1 *)
0.0000 s 0.0000 (* Average Power for rapl:::PACKAGE_ENERGY:PACKAGE1 *)
0.0000 s 698.6062 (* Average Power for rapl:::DRAM_ENERGY:PACKAGE0 *)
0.0000 s 0.0000 (* Average Power for rapl:::DRAM_ENERGY:PACKAGE1 *)
0.0000 s 0.0000 (* Average Power for rapl:::PP0_ENERGY:PACKAGE0 *)
0.0000 s 0.0000 (* Average Power for rapl:::PP0_ENERGY:PACKAGE1 *)
Time for Deletion  0.000000 
Total Time for Updating at Batch 1 is 0.704027 
=======
Total Time for Updating  2.460217 
	Command being timed: "/home/users/norris/research/easy-parallel-graph/autoperf/mst/lib/xpscode/MST_May5/a.out /home/users/norris/research/easy-parallel-graph/experiment/datasets/com-lj-org-weighted.diff /home/users/norris/research/easy-parallel-graph/experiment/datasets/com-lj-org-weighted.cert /home/users/norris/research/easy-parallel-graph/experiment/datasets/com-lj-org-weighted_changed_100i_1000000S 100 4036538 1000000 4 100"
	User time (seconds): 27.37
	System time (seconds): 0.60
	Percent of CPU this job got: 102%
	Elapsed (wall clock) time (h:mm:ss or m:ss): 0:27.28
	Average shared text size (kbytes): 0
	Average unshared data size (kbytes): 0
	Average stack size (kbytes): 0
	Average total size (kbytes): 0
	Maximum resident set size (kbytes): 745524
	Average resident set size (kbytes): 0
	Major (requiring I/O) page faults: 0
	Minor (reclaiming a frame) page faults: 73322
	Voluntary context switches: 20
	Involuntary context switches: 32
	Swaps: 0
	File system inputs: 0
	File system outputs: 32
	Socket messages sent: 0
	Socket messages received: 0
	Signals delivered: 0
	Page size (bytes): 4096
	Exit status: 0
Highest Edge Value 10 --
Time Taken for Initializing Memory 0.079877 
Total Time for Reading Remainder Edges 19.213278 
Total Time for Reading Certificate Network 4.644104 
Total Time for Reading Update List 0.402857 
Found rapl component at cid 2
Found: rapl:::THERMAL_SPEC_CNT:PACKAGE0
Found: rapl:::THERMAL_SPEC_CNT:PACKAGE1
Found: rapl:::MINIMUM_POWER_CNT:PACKAGE0
Found: rapl:::MINIMUM_POWER_CNT:PACKAGE1
Found: rapl:::MAXIMUM_POWER_CNT:PACKAGE0
Found: rapl:::MAXIMUM_POWER_CNT:PACKAGE1
Found: rapl:::MAXIMUM_TIME_WINDOW_CNT:PACKAGE0
Found: rapl:::MAXIMUM_TIME_WINDOW_CNT:PACKAGE1
Found: rapl:::PACKAGE_ENERGY_CNT:PACKAGE0
Found: rapl:::PACKAGE_ENERGY_CNT:PACKAGE1
Found: rapl:::DRAM_ENERGY_CNT:PACKAGE0
Found: rapl:::DRAM_ENERGY_CNT:PACKAGE1
Found: rapl:::PP0_ENERGY_CNT:PACKAGE0
Found: rapl:::PP0_ENERGY_CNT:PACKAGE1
Found: rapl:::THERMAL_SPEC:PACKAGE0
Found: rapl:::THERMAL_SPEC:PACKAGE1
Found: rapl:::MINIMUM_POWER:PACKAGE0
Found: rapl:::MINIMUM_POWER:PACKAGE1
Found: rapl:::MAXIMUM_POWER:PACKAGE0
Found: rapl:::MAXIMUM_POWER:PACKAGE1
Found: rapl:::MAXIMUM_TIME_WINDOW:PACKAGE0
Found: rapl:::MAXIMUM_TIME_WINDOW:PACKAGE1
Found: rapl:::PACKAGE_ENERGY:PACKAGE0
Found: rapl:::PACKAGE_ENERGY:PACKAGE1
Found: rapl:::DRAM_ENERGY:PACKAGE0
Found: rapl:::DRAM_ENERGY:PACKAGE1
Found: rapl:::PP0_ENERGY:PACKAGE0
Found: rapl:::PP0_ENERGY:PACKAGE1
Starting creation of rooted tree
0.0311 s 0.0000 (* Average Power for rapl:::THERMAL_SPEC_CNT:PACKAGE0 *)
0.0311 s 0.0000 (* Average Power for rapl:::THERMAL_SPEC_CNT:PACKAGE1 *)
0.0311 s 0.0000 (* Average Power for rapl:::MINIMUM_POWER_CNT:PACKAGE0 *)
0.0311 s 0.0000 (* Average Power for rapl:::MINIMUM_POWER_CNT:PACKAGE1 *)
0.0311 s 0.0001 (* Average Power for rapl:::MAXIMUM_POWER_CNT:PACKAGE0 *)
0.0311 s 0.0001 (* Average Power for rapl:::MAXIMUM_POWER_CNT:PACKAGE1 *)
0.0311 s 0.0000 (* Average Power for rapl:::MAXIMUM_TIME_WINDOW_CNT:PACKAGE0 *)
0.0311 s 0.0000 (* Average Power for rapl:::MAXIMUM_TIME_WINDOW_CNT:PACKAGE1 *)
0.0311 s 0.0013 (* Average Power for rapl:::PACKAGE_ENERGY_CNT:PACKAGE0 *)
0.0311 s 0.0013 (* Average Power for rapl:::PACKAGE_ENERGY_CNT:PACKAGE1 *)
0.0311 s 0.0011 (* Average Power for rapl:::DRAM_ENERGY_CNT:PACKAGE0 *)
0.0311 s 0.0012 (* Average Power for rapl:::DRAM_ENERGY_CNT:PACKAGE1 *)
0.0311 s 0.0000 (* Average Power for rapl:::PP0_ENERGY_CNT:PACKAGE0 *)
0.0311 s 0.0000 (* Average Power for rapl:::PP0_ENERGY_CNT:PACKAGE1 *)
0.0311 s 149014023563.7065 (* Average Power for rapl:::THERMAL_SPEC:PACKAGE0 *)
0.0311 s 149014023563.7065 (* Average Power for rapl:::THERMAL_SPEC:PACKAGE1 *)
0.0311 s 148861457577.9712 (* Average Power for rapl:::MINIMUM_POWER:PACKAGE0 *)
0.0311 s 148861457577.9712 (* Average Power for rapl:::MINIMUM_POWER:PACKAGE1 *)
0.0311 s 149158678720.5518 (* Average Power for rapl:::MAXIMUM_POWER:PACKAGE0 *)
0.0311 s 149158678720.5518 (* Average Power for rapl:::MAXIMUM_POWER:PACKAGE1 *)
0.0311 s 147326756773.3153 (* Average Power for rapl:::MAXIMUM_TIME_WINDOW:PACKAGE0 *)
0.0311 s 147326756773.3153 (* Average Power for rapl:::MAXIMUM_TIME_WINDOW:PACKAGE1 *)
0.0311 s 2.4268 (* Total Energy for rapl:::PACKAGE_ENERGY:PACKAGE0 *)
0.0311 s 77.9472 (* Average Power for rapl:::PACKAGE_ENERGY:PACKAGE0 *)
0.0311 s 2.5469 (* Total Energy for rapl:::PACKAGE_ENERGY:PACKAGE1 *)
0.0311 s 81.8073 (* Average Power for rapl:::PACKAGE_ENERGY:PACKAGE1 *)
0.0311 s 17.1911 (* Average Power for rapl:::DRAM_ENERGY:PACKAGE0 *)
0.0311 s 17.8944 (* Average Power for rapl:::DRAM_ENERGY:PACKAGE1 *)
0.0311 s 0.0000 (* Average Power for rapl:::PP0_ENERGY:PACKAGE0 *)
0.0311 s 0.0000 (* Average Power for rapl:::PP0_ENERGY:PACKAGE1 *)
Total Time for Obtaining Degrees of Vertices  0.031096 
==Update Starts =======
root111=0
root=447075
Max height=202
Total Time for Creating Initial Rooted Tree at iter 1 is 1.948478 with Type:1
Found rapl component at cid 2
Found: rapl:::THERMAL_SPEC_CNT:PACKAGE0
Found: rapl:::THERMAL_SPEC_CNT:PACKAGE1
Found: rapl:::MINIMUM_POWER_CNT:PACKAGE0
Found: rapl:::MINIMUM_POWER_CNT:PACKAGE1
Found: rapl:::MAXIMUM_POWER_CNT:PACKAGE0
Found: rapl:::MAXIMUM_POWER_CNT:PACKAGE1
Found: rapl:::MAXIMUM_TIME_WINDOW_CNT:PACKAGE0
Found: rapl:::MAXIMUM_TIME_WINDOW_CNT:PACKAGE1
Found: rapl:::PACKAGE_ENERGY_CNT:PACKAGE0
Found: rapl:::PACKAGE_ENERGY_CNT:PACKAGE1
Found: rapl:::DRAM_ENERGY_CNT:PACKAGE0
Found: rapl:::DRAM_ENERGY_CNT:PACKAGE1
Found: rapl:::PP0_ENERGY_CNT:PACKAGE0
Found: rapl:::PP0_ENERGY_CNT:PACKAGE1
Found: rapl:::THERMAL_SPEC:PACKAGE0
Found: rapl:::THERMAL_SPEC:PACKAGE1
Found: rapl:::MINIMUM_POWER:PACKAGE0
Found: rapl:::MINIMUM_POWER:PACKAGE1
Found: rapl:::MAXIMUM_POWER:PACKAGE0
Found: rapl:::MAXIMUM_POWER:PACKAGE1
Found: rapl:::MAXIMUM_TIME_WINDOW:PACKAGE0
Found: rapl:::MAXIMUM_TIME_WINDOW:PACKAGE1
Found: rapl:::PACKAGE_ENERGY:PACKAGE0
Found: rapl:::PACKAGE_ENERGY:PACKAGE1
Found: rapl:::DRAM_ENERGY:PACKAGE0
Found: rapl:::DRAM_ENERGY:PACKAGE1
Found: rapl:::PP0_ENERGY:PACKAGE0
Found: rapl:::PP0_ENERGY:PACKAGE1
Starting Classify and Insert
Classify 999999 999999  
Time for insertion Flag  0.766951
Deleted Edges: 0 
Processed Inserts: 300144
 Unprocessed Inserts: 879
 0.7740 s 0.0000 (* Average Power for rapl:::THERMAL_SPEC_CNT:PACKAGE0 *)
0.7740 s 0.0000 (* Average Power for rapl:::THERMAL_SPEC_CNT:PACKAGE1 *)
0.7740 s 0.0000 (* Average Power for rapl:::MINIMUM_POWER_CNT:PACKAGE0 *)
0.7740 s 0.0000 (* Average Power for rapl:::MINIMUM_POWER_CNT:PACKAGE1 *)
0.7740 s 0.0000 (* Average Power for rapl:::MAXIMUM_POWER_CNT:PACKAGE0 *)
0.7740 s 0.0000 (* Average Power for rapl:::MAXIMUM_POWER_CNT:PACKAGE1 *)
0.7740 s 0.0000 (* Average Power for rapl:::MAXIMUM_TIME_WINDOW_CNT:PACKAGE0 *)
0.7740 s 0.0000 (* Average Power for rapl:::MAXIMUM_TIME_WINDOW_CNT:PACKAGE1 *)
0.7740 s 0.0007 (* Average Power for rapl:::PACKAGE_ENERGY_CNT:PACKAGE0 *)
0.7740 s 0.0011 (* Average Power for rapl:::PACKAGE_ENERGY_CNT:PACKAGE1 *)
0.7740 s 0.0009 (* Average Power for rapl:::DRAM_ENERGY_CNT:PACKAGE0 *)
0.7740 s 0.0010 (* Average Power for rapl:::DRAM_ENERGY_CNT:PACKAGE1 *)
0.7740 s 0.0000 (* Average Power for rapl:::PP0_ENERGY_CNT:PACKAGE0 *)
0.7740 s 0.0000 (* Average Power for rapl:::PP0_ENERGY_CNT:PACKAGE1 *)
0.7740 s 5994153756.3782 (* Average Power for rapl:::THERMAL_SPEC:PACKAGE0 *)
0.7740 s 5994153756.3782 (* Average Power for rapl:::THERMAL_SPEC:PACKAGE1 *)
0.7740 s 5988016723.4023 (* Average Power for rapl:::MINIMUM_POWER:PACKAGE0 *)
0.7740 s 5988016723.4023 (* Average Power for rapl:::MINIMUM_POWER:PACKAGE1 *)
0.7740 s 5999972572.8295 (* Average Power for rapl:::MAXIMUM_POWER:PACKAGE0 *)
0.7740 s 5999972572.8295 (* Average Power for rapl:::MAXIMUM_POWER:PACKAGE1 *)
0.7740 s 5926282717.6145 (* Average Power for rapl:::MAXIMUM_TIME_WINDOW:PACKAGE0 *)
0.7740 s 5926282717.6145 (* Average Power for rapl:::MAXIMUM_TIME_WINDOW:PACKAGE1 *)
0.7740 s 32.0345 (* Total Energy for rapl:::PACKAGE_ENERGY:PACKAGE0 *)
0.7740 s 41.3898 (* Average Power for rapl:::PACKAGE_ENERGY:PACKAGE0 *)
0.7740 s 50.5498 (* Total Energy for rapl:::PACKAGE_ENERGY:PACKAGE1 *)
0.7740 s 65.3122 (* Average Power for rapl:::PACKAGE_ENERGY:PACKAGE1 *)
0.7740 s 14.4619 (* Average Power for rapl:::DRAM_ENERGY:PACKAGE0 *)
0.7740 s 15.2980 (* Average Power for rapl:::DRAM_ENERGY:PACKAGE1 *)
0.7740 s 0.0000 (* Average Power for rapl:::PP0_ENERGY:PACKAGE0 *)
0.7740 s 0.0000 (* Average Power for rapl:::PP0_ENERGY:PACKAGE1 *)
Time for Classify and insert  0.773886 
Found rapl component at cid 2
Found: rapl:::THERMAL_SPEC_CNT:PACKAGE0
Found: rapl:::THERMAL_SPEC_CNT:PACKAGE1
Found: rapl:::MINIMUM_POWER_CNT:PACKAGE0
Found: rapl:::MINIMUM_POWER_CNT:PACKAGE1
Found: rapl:::MAXIMUM_POWER_CNT:PACKAGE0
Found: rapl:::MAXIMUM_POWER_CNT:PACKAGE1
Found: rapl:::MAXIMUM_TIME_WINDOW_CNT:PACKAGE0
Found: rapl:::MAXIMUM_TIME_WINDOW_CNT:PACKAGE1
Found: rapl:::PACKAGE_ENERGY_CNT:PACKAGE0
Found: rapl:::PACKAGE_ENERGY_CNT:PACKAGE1
Found: rapl:::DRAM_ENERGY_CNT:PACKAGE0
Found: rapl:::DRAM_ENERGY_CNT:PACKAGE1
Found: rapl:::PP0_ENERGY_CNT:PACKAGE0
Found: rapl:::PP0_ENERGY_CNT:PACKAGE1
Found: rapl:::THERMAL_SPEC:PACKAGE0
Found: rapl:::THERMAL_SPEC:PACKAGE1
Found: rapl:::MINIMUM_POWER:PACKAGE0
Found: rapl:::MINIMUM_POWER:PACKAGE1
Found: rapl:::MAXIMUM_POWER:PACKAGE0
Found: rapl:::MAXIMUM_POWER:PACKAGE1
Found: rapl:::MAXIMUM_TIME_WINDOW:PACKAGE0
Found: rapl:::MAXIMUM_TIME_WINDOW:PACKAGE1
Found: rapl:::PACKAGE_ENERGY:PACKAGE0
Found: rapl:::PACKAGE_ENERGY:PACKAGE1
Found: rapl:::DRAM_ENERGY:PACKAGE0
Found: rapl:::DRAM_ENERGY:PACKAGE1
Found: rapl:::PP0_ENERGY:PACKAGE0
Found: rapl:::PP0_ENERGY:PACKAGE1
Starting process_deletions
0.0000 s 0.0422 (* Average Power for rapl:::THERMAL_SPEC_CNT:PACKAGE0 *)
0.0000 s 0.0422 (* Average Power for rapl:::THERMAL_SPEC_CNT:PACKAGE1 *)
0.0000 s 0.0201 (* Average Power for rapl:::MINIMUM_POWER_CNT:PACKAGE0 *)
0.0000 s 0.0201 (* Average Power for rapl:::MINIMUM_POWER_CNT:PACKAGE1 *)
0.0000 s 0.0845 (* Average Power for rapl:::MAXIMUM_POWER_CNT:PACKAGE0 *)
0.0000 s 0.0845 (* Average Power for rapl:::MAXIMUM_POWER_CNT:PACKAGE1 *)
0.0000 s 0.0017 (* Average Power for rapl:::MAXIMUM_TIME_WINDOW_CNT:PACKAGE0 *)
0.0000 s 0.0017 (* Average Power for rapl:::MAXIMUM_TIME_WINDOW_CNT:PACKAGE1 *)
0.0000 s 0.0000 (* Average Power for rapl:::PACKAGE_ENERGY_CNT:PACKAGE0 *)
0.0000 s 0.0398 (* Average Power for rapl:::PACKAGE_ENERGY_CNT:PACKAGE1 *)
0.0000 s 0.0000 (* Average Power for rapl:::DRAM_ENERGY_CNT:PACKAGE0 *)
0.0000 s 0.0408 (* Average Power for rapl:::DRAM_ENERGY_CNT:PACKAGE1 *)
0.0000 s 0.0000 (* Average Power for rapl:::PP0_ENERGY_CNT:PACKAGE0 *)
0.0000 s 0.0000 (* Average Power for rapl:::PP0_ENERGY_CNT:PACKAGE1 *)
0.0000 s 168898563802137.8125 (* Average Power for rapl:::THERMAL_SPEC:PACKAGE0 *)
0.0000 s 168898563802137.8125 (* Average Power for rapl:::THERMAL_SPEC:PACKAGE1 *)
0.0000 s 168725639299735.2812 (* Average Power for rapl:::MINIMUM_POWER:PACKAGE0 *)
0.0000 s 168725639299735.2812 (* Average Power for rapl:::MINIMUM_POWER:PACKAGE1 *)
0.0000 s 169062521848860.1875 (* Average Power for rapl:::MAXIMUM_POWER:PACKAGE0 *)
0.0000 s 169062521848860.1875 (* Average Power for rapl:::MAXIMUM_POWER:PACKAGE1 *)
0.0000 s 166986146897789.9688 (* Average Power for rapl:::MAXIMUM_TIME_WINDOW:PACKAGE0 *)
0.0000 s 166986146897789.9688 (* Average Power for rapl:::MAXIMUM_TIME_WINDOW:PACKAGE1 *)
0.0000 s 0.0000 (* Total Energy for rapl:::PACKAGE_ENERGY:PACKAGE0 *)
0.0000 s 0.0000 (* Average Power for rapl:::PACKAGE_ENERGY:PACKAGE0 *)
0.0000 s 0.0667 (* Total Energy for rapl:::PACKAGE_ENERGY:PACKAGE1 *)
0.0000 s 2428.6961 (* Average Power for rapl:::PACKAGE_ENERGY:PACKAGE1 *)
0.0000 s 0.0000 (* Average Power for rapl:::DRAM_ENERGY:PACKAGE0 *)
0.0000 s 623.2839 (* Average Power for rapl:::DRAM_ENERGY:PACKAGE1 *)
0.0000 s 0.0000 (* Average Power for rapl:::PP0_ENERGY:PACKAGE0 *)
0.0000 s 0.0000 (* Average Power for rapl:::PP0_ENERGY:PACKAGE1 *)
Time for Deletion  0.000000 
Total Time for Updating at Batch 1 is 0.774864 
=======
Total Time for Updating  2.790074 
	Command being timed: "/home/users/norris/research/easy-parallel-graph/autoperf/mst/lib/xpscode/MST_May5/a.out /home/users/norris/research/easy-parallel-graph/experiment/datasets/com-lj-org-weighted.diff /home/users/norris/research/easy-parallel-graph/experiment/datasets/com-lj-org-weighted.cert /home/users/norris/research/easy-parallel-graph/experiment/datasets/com-lj-org-weighted_changed_100i_1000000S 100 4036538 1000000 4 100"
	User time (seconds): 27.63
	System time (seconds): 0.83
	Percent of CPU this job got: 102%
	Elapsed (wall clock) time (h:mm:ss or m:ss): 0:27.74
	Average shared text size (kbytes): 0
	Average unshared data size (kbytes): 0
	Average stack size (kbytes): 0
	Average total size (kbytes): 0
	Maximum resident set size (kbytes): 742996
	Average resident set size (kbytes): 0
	Major (requiring I/O) page faults: 0
	Minor (reclaiming a frame) page faults: 70335
	Voluntary context switches: 25
	Involuntary context switches: 33
	Swaps: 0
	File system inputs: 0
	File system outputs: 32
	Socket messages sent: 0
	Socket messages received: 0
	Signals delivered: 0
	Page size (bytes): 4096
	Exit status: 0
Highest Edge Value 10 --
Time Taken for Initializing Memory 0.080064 
Total Time for Reading Remainder Edges 19.205684 
Total Time for Reading Certificate Network 4.644377 
Total Time for Reading Update List 0.402751 
Found rapl component at cid 2
Found: rapl:::THERMAL_SPEC_CNT:PACKAGE0
Found: rapl:::THERMAL_SPEC_CNT:PACKAGE1
Found: rapl:::MINIMUM_POWER_CNT:PACKAGE0
Found: rapl:::MINIMUM_POWER_CNT:PACKAGE1
Found: rapl:::MAXIMUM_POWER_CNT:PACKAGE0
Found: rapl:::MAXIMUM_POWER_CNT:PACKAGE1
Found: rapl:::MAXIMUM_TIME_WINDOW_CNT:PACKAGE0
Found: rapl:::MAXIMUM_TIME_WINDOW_CNT:PACKAGE1
Found: rapl:::PACKAGE_ENERGY_CNT:PACKAGE0
Found: rapl:::PACKAGE_ENERGY_CNT:PACKAGE1
Found: rapl:::DRAM_ENERGY_CNT:PACKAGE0
Found: rapl:::DRAM_ENERGY_CNT:PACKAGE1
Found: rapl:::PP0_ENERGY_CNT:PACKAGE0
Found: rapl:::PP0_ENERGY_CNT:PACKAGE1
Found: rapl:::THERMAL_SPEC:PACKAGE0
Found: rapl:::THERMAL_SPEC:PACKAGE1
Found: rapl:::MINIMUM_POWER:PACKAGE0
Found: rapl:::MINIMUM_POWER:PACKAGE1
Found: rapl:::MAXIMUM_POWER:PACKAGE0
Found: rapl:::MAXIMUM_POWER:PACKAGE1
Found: rapl:::MAXIMUM_TIME_WINDOW:PACKAGE0
Found: rapl:::MAXIMUM_TIME_WINDOW:PACKAGE1
Found: rapl:::PACKAGE_ENERGY:PACKAGE0
Found: rapl:::PACKAGE_ENERGY:PACKAGE1
Found: rapl:::DRAM_ENERGY:PACKAGE0
Found: rapl:::DRAM_ENERGY:PACKAGE1
Found: rapl:::PP0_ENERGY:PACKAGE0
Found: rapl:::PP0_ENERGY:PACKAGE1
Starting creation of rooted tree
0.0312 s 0.0000 (* Average Power for rapl:::THERMAL_SPEC_CNT:PACKAGE0 *)
0.0312 s 0.0000 (* Average Power for rapl:::THERMAL_SPEC_CNT:PACKAGE1 *)
0.0312 s 0.0000 (* Average Power for rapl:::MINIMUM_POWER_CNT:PACKAGE0 *)
0.0312 s 0.0000 (* Average Power for rapl:::MINIMUM_POWER_CNT:PACKAGE1 *)
0.0312 s 0.0001 (* Average Power for rapl:::MAXIMUM_POWER_CNT:PACKAGE0 *)
0.0312 s 0.0001 (* Average Power for rapl:::MAXIMUM_POWER_CNT:PACKAGE1 *)
0.0312 s 0.0000 (* Average Power for rapl:::MAXIMUM_TIME_WINDOW_CNT:PACKAGE0 *)
0.0312 s 0.0000 (* Average Power for rapl:::MAXIMUM_TIME_WINDOW_CNT:PACKAGE1 *)
0.0312 s 0.0011 (* Average Power for rapl:::PACKAGE_ENERGY_CNT:PACKAGE0 *)
0.0312 s 0.0015 (* Average Power for rapl:::PACKAGE_ENERGY_CNT:PACKAGE1 *)
0.0312 s 0.0011 (* Average Power for rapl:::DRAM_ENERGY_CNT:PACKAGE0 *)
0.0312 s 0.0012 (* Average Power for rapl:::DRAM_ENERGY_CNT:PACKAGE1 *)
0.0312 s 0.0000 (* Average Power for rapl:::PP0_ENERGY_CNT:PACKAGE0 *)
0.0312 s 0.0000 (* Average Power for rapl:::PP0_ENERGY_CNT:PACKAGE1 *)
0.0312 s 148476888834.7880 (* Average Power for rapl:::THERMAL_SPEC:PACKAGE0 *)
0.0312 s 148476888834.7880 (* Average Power for rapl:::THERMAL_SPEC:PACKAGE1 *)
0.0312 s 148324872787.1554 (* Average Power for rapl:::MINIMUM_POWER:PACKAGE0 *)
0.0312 s 148324872787.1554 (* Average Power for rapl:::MINIMUM_POWER:PACKAGE1 *)
0.0312 s 148621022568.8397 (* Average Power for rapl:::MAXIMUM_POWER:PACKAGE0 *)
0.0312 s 148621022568.8397 (* Average Power for rapl:::MAXIMUM_POWER:PACKAGE1 *)
0.0312 s 146795703952.4508 (* Average Power for rapl:::MAXIMUM_TIME_WINDOW:PACKAGE0 *)
0.0312 s 146795703952.4508 (* Average Power for rapl:::MAXIMUM_TIME_WINDOW:PACKAGE1 *)
0.0312 s 2.1567 (* Total Energy for rapl:::PACKAGE_ENERGY:PACKAGE0 *)
0.0312 s 69.0226 (* Average Power for rapl:::PACKAGE_ENERGY:PACKAGE0 *)
0.0312 s 2.8348 (* Total Energy for rapl:::PACKAGE_ENERGY:PACKAGE1 *)
0.0312 s 90.7246 (* Average Power for rapl:::PACKAGE_ENERGY:PACKAGE1 *)
0.0312 s 17.0051 (* Average Power for rapl:::DRAM_ENERGY:PACKAGE0 *)
0.0312 s 18.7509 (* Average Power for rapl:::DRAM_ENERGY:PACKAGE1 *)
0.0312 s 0.0000 (* Average Power for rapl:::PP0_ENERGY:PACKAGE0 *)
0.0312 s 0.0000 (* Average Power for rapl:::PP0_ENERGY:PACKAGE1 *)
Total Time for Obtaining Degrees of Vertices  0.031208 
==Update Starts =======
root111=0
root=447075
Max height=202
Total Time for Creating Initial Rooted Tree at iter 1 is 1.839589 with Type:1
Found rapl component at cid 2
Found: rapl:::THERMAL_SPEC_CNT:PACKAGE0
Found: rapl:::THERMAL_SPEC_CNT:PACKAGE1
Found: rapl:::MINIMUM_POWER_CNT:PACKAGE0
Found: rapl:::MINIMUM_POWER_CNT:PACKAGE1
Found: rapl:::MAXIMUM_POWER_CNT:PACKAGE0
Found: rapl:::MAXIMUM_POWER_CNT:PACKAGE1
Found: rapl:::MAXIMUM_TIME_WINDOW_CNT:PACKAGE0
Found: rapl:::MAXIMUM_TIME_WINDOW_CNT:PACKAGE1
Found: rapl:::PACKAGE_ENERGY_CNT:PACKAGE0
Found: rapl:::PACKAGE_ENERGY_CNT:PACKAGE1
Found: rapl:::DRAM_ENERGY_CNT:PACKAGE0
Found: rapl:::DRAM_ENERGY_CNT:PACKAGE1
Found: rapl:::PP0_ENERGY_CNT:PACKAGE0
Found: rapl:::PP0_ENERGY_CNT:PACKAGE1
Found: rapl:::THERMAL_SPEC:PACKAGE0
Found: rapl:::THERMAL_SPEC:PACKAGE1
Found: rapl:::MINIMUM_POWER:PACKAGE0
Found: rapl:::MINIMUM_POWER:PACKAGE1
Found: rapl:::MAXIMUM_POWER:PACKAGE0
Found: rapl:::MAXIMUM_POWER:PACKAGE1
Found: rapl:::MAXIMUM_TIME_WINDOW:PACKAGE0
Found: rapl:::MAXIMUM_TIME_WINDOW:PACKAGE1
Found: rapl:::PACKAGE_ENERGY:PACKAGE0
Found: rapl:::PACKAGE_ENERGY:PACKAGE1
Found: rapl:::DRAM_ENERGY:PACKAGE0
Found: rapl:::DRAM_ENERGY:PACKAGE1
Found: rapl:::PP0_ENERGY:PACKAGE0
Found: rapl:::PP0_ENERGY:PACKAGE1
Starting Classify and Insert
Classify 999999 999999  
Time for insertion Flag  0.761334
Deleted Edges: 0 
Processed Inserts: 300144
 Unprocessed Inserts: 907
 0.7678 s 0.0000 (* Average Power for rapl:::THERMAL_SPEC_CNT:PACKAGE0 *)
0.7678 s 0.0000 (* Average Power for rapl:::THERMAL_SPEC_CNT:PACKAGE1 *)
0.7678 s 0.0000 (* Average Power for rapl:::MINIMUM_POWER_CNT:PACKAGE0 *)
0.7678 s 0.0000 (* Average Power for rapl:::MINIMUM_POWER_CNT:PACKAGE1 *)
0.7678 s 0.0000 (* Average Power for rapl:::MAXIMUM_POWER_CNT:PACKAGE0 *)
0.7678 s 0.0000 (* Average Power for rapl:::MAXIMUM_POWER_CNT:PACKAGE1 *)
0.7678 s 0.0000 (* Average Power for rapl:::MAXIMUM_TIME_WINDOW_CNT:PACKAGE0 *)
0.7678 s 0.0000 (* Average Power for rapl:::MAXIMUM_TIME_WINDOW_CNT:PACKAGE1 *)
0.7678 s 0.0013 (* Average Power for rapl:::PACKAGE_ENERGY_CNT:PACKAGE0 *)
0.7678 s 0.0014 (* Average Power for rapl:::PACKAGE_ENERGY_CNT:PACKAGE1 *)
0.7678 s 0.0009 (* Average Power for rapl:::DRAM_ENERGY_CNT:PACKAGE0 *)
0.7678 s 0.0010 (* Average Power for rapl:::DRAM_ENERGY_CNT:PACKAGE1 *)
0.7678 s 0.0000 (* Average Power for rapl:::PP0_ENERGY_CNT:PACKAGE0 *)
0.7678 s 0.0000 (* Average Power for rapl:::PP0_ENERGY_CNT:PACKAGE1 *)
0.7678 s 6042515127.6550 (* Average Power for rapl:::THERMAL_SPEC:PACKAGE0 *)
0.7678 s 6042515127.6550 (* Average Power for rapl:::THERMAL_SPEC:PACKAGE1 *)
0.7678 s 6036328580.5454 (* Average Power for rapl:::MINIMUM_POWER:PACKAGE0 *)
0.7678 s 6036328580.5454 (* Average Power for rapl:::MINIMUM_POWER:PACKAGE1 *)
0.7678 s 6048380890.8404 (* Average Power for rapl:::MAXIMUM_POWER:PACKAGE0 *)
0.7678 s 6048380890.8404 (* Average Power for rapl:::MAXIMUM_POWER:PACKAGE1 *)
0.7678 s 5974096499.2501 (* Average Power for rapl:::MAXIMUM_TIME_WINDOW:PACKAGE0 *)
0.7678 s 5974096499.2501 (* Average Power for rapl:::MAXIMUM_TIME_WINDOW:PACKAGE1 *)
0.7678 s 60.9746 (* Total Energy for rapl:::PACKAGE_ENERGY:PACKAGE0 *)
0.7678 s 79.4171 (* Average Power for rapl:::PACKAGE_ENERGY:PACKAGE0 *)
0.7678 s 66.8584 (* Total Energy for rapl:::PACKAGE_ENERGY:PACKAGE1 *)
0.7678 s 87.0805 (* Average Power for rapl:::PACKAGE_ENERGY:PACKAGE1 *)
0.7678 s 14.4474 (* Average Power for rapl:::DRAM_ENERGY:PACKAGE0 *)
0.7678 s 15.4282 (* Average Power for rapl:::DRAM_ENERGY:PACKAGE1 *)
0.7678 s 0.0000 (* Average Power for rapl:::PP0_ENERGY:PACKAGE0 *)
0.7678 s 0.0000 (* Average Power for rapl:::PP0_ENERGY:PACKAGE1 *)
Time for Classify and insert  0.767743 
Found rapl component at cid 2
Found: rapl:::THERMAL_SPEC_CNT:PACKAGE0
Found: rapl:::THERMAL_SPEC_CNT:PACKAGE1
Found: rapl:::MINIMUM_POWER_CNT:PACKAGE0
Found: rapl:::MINIMUM_POWER_CNT:PACKAGE1
Found: rapl:::MAXIMUM_POWER_CNT:PACKAGE0
Found: rapl:::MAXIMUM_POWER_CNT:PACKAGE1
Found: rapl:::MAXIMUM_TIME_WINDOW_CNT:PACKAGE0
Found: rapl:::MAXIMUM_TIME_WINDOW_CNT:PACKAGE1
Found: rapl:::PACKAGE_ENERGY_CNT:PACKAGE0
Found: rapl:::PACKAGE_ENERGY_CNT:PACKAGE1
Found: rapl:::DRAM_ENERGY_CNT:PACKAGE0
Found: rapl:::DRAM_ENERGY_CNT:PACKAGE1
Found: rapl:::PP0_ENERGY_CNT:PACKAGE0
Found: rapl:::PP0_ENERGY_CNT:PACKAGE1
Found: rapl:::THERMAL_SPEC:PACKAGE0
Found: rapl:::THERMAL_SPEC:PACKAGE1
Found: rapl:::MINIMUM_POWER:PACKAGE0
Found: rapl:::MINIMUM_POWER:PACKAGE1
Found: rapl:::MAXIMUM_POWER:PACKAGE0
Found: rapl:::MAXIMUM_POWER:PACKAGE1
Found: rapl:::MAXIMUM_TIME_WINDOW:PACKAGE0
Found: rapl:::MAXIMUM_TIME_WINDOW:PACKAGE1
Found: rapl:::PACKAGE_ENERGY:PACKAGE0
Found: rapl:::PACKAGE_ENERGY:PACKAGE1
Found: rapl:::DRAM_ENERGY:PACKAGE0
Found: rapl:::DRAM_ENERGY:PACKAGE1
Found: rapl:::PP0_ENERGY:PACKAGE0
Found: rapl:::PP0_ENERGY:PACKAGE1
Starting process_deletions
0.0000 s 0.0481 (* Average Power for rapl:::THERMAL_SPEC_CNT:PACKAGE0 *)
0.0000 s 0.0481 (* Average Power for rapl:::THERMAL_SPEC_CNT:PACKAGE1 *)
0.0000 s 0.0229 (* Average Power for rapl:::MINIMUM_POWER_CNT:PACKAGE0 *)
0.0000 s 0.0229 (* Average Power for rapl:::MINIMUM_POWER_CNT:PACKAGE1 *)
0.0000 s 0.0961 (* Average Power for rapl:::MAXIMUM_POWER_CNT:PACKAGE0 *)
0.0000 s 0.0961 (* Average Power for rapl:::MAXIMUM_POWER_CNT:PACKAGE1 *)
0.0000 s 0.0019 (* Average Power for rapl:::MAXIMUM_TIME_WINDOW_CNT:PACKAGE0 *)
0.0000 s 0.0019 (* Average Power for rapl:::MAXIMUM_TIME_WINDOW_CNT:PACKAGE1 *)
0.0000 s 0.0000 (* Average Power for rapl:::PACKAGE_ENERGY_CNT:PACKAGE0 *)
0.0000 s 0.0000 (* Average Power for rapl:::PACKAGE_ENERGY_CNT:PACKAGE1 *)
0.0000 s 0.0000 (* Average Power for rapl:::DRAM_ENERGY_CNT:PACKAGE0 *)
0.0000 s 0.0000 (* Average Power for rapl:::DRAM_ENERGY_CNT:PACKAGE1 *)
0.0000 s 0.0000 (* Average Power for rapl:::PP0_ENERGY_CNT:PACKAGE0 *)
0.0000 s 0.0000 (* Average Power for rapl:::PP0_ENERGY_CNT:PACKAGE1 *)
0.0000 s 192223151046907.8750 (* Average Power for rapl:::THERMAL_SPEC:PACKAGE0 *)
0.0000 s 192223151046907.8750 (* Average Power for rapl:::THERMAL_SPEC:PACKAGE1 *)
0.0000 s 192026345982396.0625 (* Average Power for rapl:::MINIMUM_POWER:PACKAGE0 *)
0.0000 s 192026345982396.0625 (* Average Power for rapl:::MINIMUM_POWER:PACKAGE1 *)
0.0000 s 192409751404370.9062 (* Average Power for rapl:::MAXIMUM_POWER:PACKAGE0 *)
0.0000 s 192409751404370.9062 (* Average Power for rapl:::MAXIMUM_POWER:PACKAGE1 *)
0.0000 s 190046632814936.6250 (* Average Power for rapl:::MAXIMUM_TIME_WINDOW:PACKAGE0 *)
0.0000 s 190046632814936.6250 (* Average Power for rapl:::MAXIMUM_TIME_WINDOW:PACKAGE1 *)
0.0000 s 0.0000 (* Total Energy for rapl:::PACKAGE_ENERGY:PACKAGE0 *)
0.0000 s 0.0000 (* Average Power for rapl:::PACKAGE_ENERGY:PACKAGE0 *)
0.0000 s 0.0000 (* Total Energy for rapl:::PACKAGE_ENERGY:PACKAGE1 *)
0.0000 s 0.0000 (* Average Power for rapl:::PACKAGE_ENERGY:PACKAGE1 *)
0.0000 s 0.0000 (* Average Power for rapl:::DRAM_ENERGY:PACKAGE0 *)
0.0000 s 0.0000 (* Average Power for rapl:::DRAM_ENERGY:PACKAGE1 *)
0.0000 s 0.0000 (* Average Power for rapl:::PP0_ENERGY:PACKAGE0 *)
0.0000 s 0.0000 (* Average Power for rapl:::PP0_ENERGY:PACKAGE1 *)
Time for Deletion  0.000000 
Total Time for Updating at Batch 1 is 0.768572 
=======
Total Time for Updating  2.660803 
	Command being timed: "/home/users/norris/research/easy-parallel-graph/autoperf/mst/lib/xpscode/MST_May5/a.out /home/users/norris/research/easy-parallel-graph/experiment/datasets/com-lj-org-weighted.diff /home/users/norris/research/easy-parallel-graph/experiment/datasets/com-lj-org-weighted.cert /home/users/norris/research/easy-parallel-graph/experiment/datasets/com-lj-org-weighted_changed_100i_1000000S 100 4036538 1000000 4 100"
	User time (seconds): 27.41
	System time (seconds): 0.86
	Percent of CPU this job got: 102%
	Elapsed (wall clock) time (h:mm:ss or m:ss): 0:27.57
	Average shared text size (kbytes): 0
	Average unshared data size (kbytes): 0
	Average stack size (kbytes): 0
	Average total size (kbytes): 0
	Maximum resident set size (kbytes): 741860
	Average resident set size (kbytes): 0
	Major (requiring I/O) page faults: 0
	Minor (reclaiming a frame) page faults: 69464
	Voluntary context switches: 25
	Involuntary context switches: 33
	Swaps: 0
	File system inputs: 0
	File system outputs: 32
	Socket messages sent: 0
	Socket messages received: 0
	Signals delivered: 0
	Page size (bytes): 4096
	Exit status: 0
Highest Edge Value 10 --
Time Taken for Initializing Memory 0.080412 
Total Time for Reading Remainder Edges 19.216232 
Total Time for Reading Certificate Network 4.631693 
Total Time for Reading Update List 0.402817 
Found rapl component at cid 2
Found: rapl:::THERMAL_SPEC_CNT:PACKAGE0
Found: rapl:::THERMAL_SPEC_CNT:PACKAGE1
Found: rapl:::MINIMUM_POWER_CNT:PACKAGE0
Found: rapl:::MINIMUM_POWER_CNT:PACKAGE1
Found: rapl:::MAXIMUM_POWER_CNT:PACKAGE0
Found: rapl:::MAXIMUM_POWER_CNT:PACKAGE1
Found: rapl:::MAXIMUM_TIME_WINDOW_CNT:PACKAGE0
Found: rapl:::MAXIMUM_TIME_WINDOW_CNT:PACKAGE1
Found: rapl:::PACKAGE_ENERGY_CNT:PACKAGE0
Found: rapl:::PACKAGE_ENERGY_CNT:PACKAGE1
Found: rapl:::DRAM_ENERGY_CNT:PACKAGE0
Found: rapl:::DRAM_ENERGY_CNT:PACKAGE1
Found: rapl:::PP0_ENERGY_CNT:PACKAGE0
Found: rapl:::PP0_ENERGY_CNT:PACKAGE1
Found: rapl:::THERMAL_SPEC:PACKAGE0
Found: rapl:::THERMAL_SPEC:PACKAGE1
Found: rapl:::MINIMUM_POWER:PACKAGE0
Found: rapl:::MINIMUM_POWER:PACKAGE1
Found: rapl:::MAXIMUM_POWER:PACKAGE0
Found: rapl:::MAXIMUM_POWER:PACKAGE1
Found: rapl:::MAXIMUM_TIME_WINDOW:PACKAGE0
Found: rapl:::MAXIMUM_TIME_WINDOW:PACKAGE1
Found: rapl:::PACKAGE_ENERGY:PACKAGE0
Found: rapl:::PACKAGE_ENERGY:PACKAGE1
Found: rapl:::DRAM_ENERGY:PACKAGE0
Found: rapl:::DRAM_ENERGY:PACKAGE1
Found: rapl:::PP0_ENERGY:PACKAGE0
Found: rapl:::PP0_ENERGY:PACKAGE1
Starting creation of rooted tree
0.0314 s 0.0000 (* Average Power for rapl:::THERMAL_SPEC_CNT:PACKAGE0 *)
0.0314 s 0.0000 (* Average Power for rapl:::THERMAL_SPEC_CNT:PACKAGE1 *)
0.0314 s 0.0000 (* Average Power for rapl:::MINIMUM_POWER_CNT:PACKAGE0 *)
0.0314 s 0.0000 (* Average Power for rapl:::MINIMUM_POWER_CNT:PACKAGE1 *)
0.0314 s 0.0001 (* Average Power for rapl:::MAXIMUM_POWER_CNT:PACKAGE0 *)
0.0314 s 0.0001 (* Average Power for rapl:::MAXIMUM_POWER_CNT:PACKAGE1 *)
0.0314 s 0.0000 (* Average Power for rapl:::MAXIMUM_TIME_WINDOW_CNT:PACKAGE0 *)
0.0314 s 0.0000 (* Average Power for rapl:::MAXIMUM_TIME_WINDOW_CNT:PACKAGE1 *)
0.0314 s 0.0012 (* Average Power for rapl:::PACKAGE_ENERGY_CNT:PACKAGE0 *)
0.0314 s 0.0015 (* Average Power for rapl:::PACKAGE_ENERGY_CNT:PACKAGE1 *)
0.0314 s 0.0011 (* Average Power for rapl:::DRAM_ENERGY_CNT:PACKAGE0 *)
0.0314 s 0.0012 (* Average Power for rapl:::DRAM_ENERGY_CNT:PACKAGE1 *)
0.0314 s 0.0000 (* Average Power for rapl:::PP0_ENERGY_CNT:PACKAGE0 *)
0.0314 s 0.0000 (* Average Power for rapl:::PP0_ENERGY_CNT:PACKAGE1 *)
0.0314 s 147573936556.9043 (* Average Power for rapl:::THERMAL_SPEC:PACKAGE0 *)
0.0314 s 147573936556.9043 (* Average Power for rapl:::THERMAL_SPEC:PACKAGE1 *)
0.0314 s 147422844984.7072 (* Average Power for rapl:::MINIMUM_POWER:PACKAGE0 *)
0.0314 s 147422844984.7072 (* Average Power for rapl:::MINIMUM_POWER:PACKAGE1 *)
0.0314 s 147717193751.2836 (* Average Power for rapl:::MAXIMUM_POWER:PACKAGE0 *)
0.0314 s 147717193751.2836 (* Average Power for rapl:::MAXIMUM_POWER:PACKAGE1 *)
0.0314 s 145902975688.0883 (* Average Power for rapl:::MAXIMUM_TIME_WINDOW:PACKAGE0 *)
0.0314 s 145902975688.0883 (* Average Power for rapl:::MAXIMUM_TIME_WINDOW:PACKAGE1 *)
0.0314 s 2.3377 (* Total Energy for rapl:::PACKAGE_ENERGY:PACKAGE0 *)
0.0314 s 74.3613 (* Average Power for rapl:::PACKAGE_ENERGY:PACKAGE0 *)
0.0314 s 2.9806 (* Total Energy for rapl:::PACKAGE_ENERGY:PACKAGE1 *)
0.0314 s 94.8111 (* Average Power for rapl:::PACKAGE_ENERGY:PACKAGE1 *)
0.0314 s 17.1284 (* Average Power for rapl:::DRAM_ENERGY:PACKAGE0 *)
0.0314 s 18.2986 (* Average Power for rapl:::DRAM_ENERGY:PACKAGE1 *)
0.0314 s 0.0000 (* Average Power for rapl:::PP0_ENERGY:PACKAGE0 *)
0.0314 s 0.0000 (* Average Power for rapl:::PP0_ENERGY:PACKAGE1 *)
Total Time for Obtaining Degrees of Vertices  0.031380 
==Update Starts =======
root111=0
root=447075
Max height=202
Total Time for Creating Initial Rooted Tree at iter 1 is 1.746390 with Type:1
Found rapl component at cid 2
Found: rapl:::THERMAL_SPEC_CNT:PACKAGE0
Found: rapl:::THERMAL_SPEC_CNT:PACKAGE1
Found: rapl:::MINIMUM_POWER_CNT:PACKAGE0
Found: rapl:::MINIMUM_POWER_CNT:PACKAGE1
Found: rapl:::MAXIMUM_POWER_CNT:PACKAGE0
Found: rapl:::MAXIMUM_POWER_CNT:PACKAGE1
Found: rapl:::MAXIMUM_TIME_WINDOW_CNT:PACKAGE0
Found: rapl:::MAXIMUM_TIME_WINDOW_CNT:PACKAGE1
Found: rapl:::PACKAGE_ENERGY_CNT:PACKAGE0
Found: rapl:::PACKAGE_ENERGY_CNT:PACKAGE1
Found: rapl:::DRAM_ENERGY_CNT:PACKAGE0
Found: rapl:::DRAM_ENERGY_CNT:PACKAGE1
Found: rapl:::PP0_ENERGY_CNT:PACKAGE0
Found: rapl:::PP0_ENERGY_CNT:PACKAGE1
Found: rapl:::THERMAL_SPEC:PACKAGE0
Found: rapl:::THERMAL_SPEC:PACKAGE1
Found: rapl:::MINIMUM_POWER:PACKAGE0
Found: rapl:::MINIMUM_POWER:PACKAGE1
Found: rapl:::MAXIMUM_POWER:PACKAGE0
Found: rapl:::MAXIMUM_POWER:PACKAGE1
Found: rapl:::MAXIMUM_TIME_WINDOW:PACKAGE0
Found: rapl:::MAXIMUM_TIME_WINDOW:PACKAGE1
Found: rapl:::PACKAGE_ENERGY:PACKAGE0
Found: rapl:::PACKAGE_ENERGY:PACKAGE1
Found: rapl:::DRAM_ENERGY:PACKAGE0
Found: rapl:::DRAM_ENERGY:PACKAGE1
Found: rapl:::PP0_ENERGY:PACKAGE0
Found: rapl:::PP0_ENERGY:PACKAGE1
Starting Classify and Insert
Classify 999999 999999  
Time for insertion Flag  0.722404
Deleted Edges: 0 
Processed Inserts: 300144
 Unprocessed Inserts: 896
 0.7289 s 0.0000 (* Average Power for rapl:::THERMAL_SPEC_CNT:PACKAGE0 *)
0.7289 s 0.0000 (* Average Power for rapl:::THERMAL_SPEC_CNT:PACKAGE1 *)
0.7289 s 0.0000 (* Average Power for rapl:::MINIMUM_POWER_CNT:PACKAGE0 *)
0.7289 s 0.0000 (* Average Power for rapl:::MINIMUM_POWER_CNT:PACKAGE1 *)
0.7289 s 0.0000 (* Average Power for rapl:::MAXIMUM_POWER_CNT:PACKAGE0 *)
0.7289 s 0.0000 (* Average Power for rapl:::MAXIMUM_POWER_CNT:PACKAGE1 *)
0.7289 s 0.0000 (* Average Power for rapl:::MAXIMUM_TIME_WINDOW_CNT:PACKAGE0 *)
0.7289 s 0.0000 (* Average Power for rapl:::MAXIMUM_TIME_WINDOW_CNT:PACKAGE1 *)
0.7289 s 0.0011 (* Average Power for rapl:::PACKAGE_ENERGY_CNT:PACKAGE0 *)
0.7289 s 0.0012 (* Average Power for rapl:::PACKAGE_ENERGY_CNT:PACKAGE1 *)
0.7289 s 0.0009 (* Average Power for rapl:::DRAM_ENERGY_CNT:PACKAGE0 *)
0.7289 s 0.0010 (* Average Power for rapl:::DRAM_ENERGY_CNT:PACKAGE1 *)
0.7289 s 0.0000 (* Average Power for rapl:::PP0_ENERGY_CNT:PACKAGE0 *)
0.7289 s 0.0000 (* Average Power for rapl:::PP0_ENERGY_CNT:PACKAGE1 *)
0.7289 s 6365102057.3586 (* Average Power for rapl:::THERMAL_SPEC:PACKAGE0 *)
0.7289 s 6365102057.3586 (* Average Power for rapl:::THERMAL_SPEC:PACKAGE1 *)
0.7289 s 6358585233.9989 (* Average Power for rapl:::MINIMUM_POWER:PACKAGE0 *)
0.7289 s 6358585233.9989 (* Average Power for rapl:::MINIMUM_POWER:PACKAGE1 *)
0.7289 s 6371280971.3590 (* Average Power for rapl:::MAXIMUM_POWER:PACKAGE0 *)
0.7289 s 6371280971.3590 (* Average Power for rapl:::MAXIMUM_POWER:PACKAGE1 *)
0.7289 s 6293030818.2766 (* Average Power for rapl:::MAXIMUM_TIME_WINDOW:PACKAGE0 *)
0.7289 s 6293030818.2766 (* Average Power for rapl:::MAXIMUM_TIME_WINDOW:PACKAGE1 *)
0.7289 s 49.2668 (* Total Energy for rapl:::PACKAGE_ENERGY:PACKAGE0 *)
0.7289 s 67.5938 (* Average Power for rapl:::PACKAGE_ENERGY:PACKAGE0 *)
0.7289 s 54.4261 (* Total Energy for rapl:::PACKAGE_ENERGY:PACKAGE1 *)
0.7289 s 74.6724 (* Average Power for rapl:::PACKAGE_ENERGY:PACKAGE1 *)
0.7289 s 14.4651 (* Average Power for rapl:::DRAM_ENERGY:PACKAGE0 *)
0.7289 s 15.4415 (* Average Power for rapl:::DRAM_ENERGY:PACKAGE1 *)
0.7289 s 0.0000 (* Average Power for rapl:::PP0_ENERGY:PACKAGE0 *)
0.7289 s 0.0000 (* Average Power for rapl:::PP0_ENERGY:PACKAGE1 *)
Time for Classify and insert  0.728832 
Found rapl component at cid 2
Found: rapl:::THERMAL_SPEC_CNT:PACKAGE0
Found: rapl:::THERMAL_SPEC_CNT:PACKAGE1
Found: rapl:::MINIMUM_POWER_CNT:PACKAGE0
Found: rapl:::MINIMUM_POWER_CNT:PACKAGE1
Found: rapl:::MAXIMUM_POWER_CNT:PACKAGE0
Found: rapl:::MAXIMUM_POWER_CNT:PACKAGE1
Found: rapl:::MAXIMUM_TIME_WINDOW_CNT:PACKAGE0
Found: rapl:::MAXIMUM_TIME_WINDOW_CNT:PACKAGE1
Found: rapl:::PACKAGE_ENERGY_CNT:PACKAGE0
Found: rapl:::PACKAGE_ENERGY_CNT:PACKAGE1
Found: rapl:::DRAM_ENERGY_CNT:PACKAGE0
Found: rapl:::DRAM_ENERGY_CNT:PACKAGE1
Found: rapl:::PP0_ENERGY_CNT:PACKAGE0
Found: rapl:::PP0_ENERGY_CNT:PACKAGE1
Found: rapl:::THERMAL_SPEC:PACKAGE0
Found: rapl:::THERMAL_SPEC:PACKAGE1
Found: rapl:::MINIMUM_POWER:PACKAGE0
Found: rapl:::MINIMUM_POWER:PACKAGE1
Found: rapl:::MAXIMUM_POWER:PACKAGE0
Found: rapl:::MAXIMUM_POWER:PACKAGE1
Found: rapl:::MAXIMUM_TIME_WINDOW:PACKAGE0
Found: rapl:::MAXIMUM_TIME_WINDOW:PACKAGE1
Found: rapl:::PACKAGE_ENERGY:PACKAGE0
Found: rapl:::PACKAGE_ENERGY:PACKAGE1
Found: rapl:::DRAM_ENERGY:PACKAGE0
Found: rapl:::DRAM_ENERGY:PACKAGE1
Found: rapl:::PP0_ENERGY:PACKAGE0
Found: rapl:::PP0_ENERGY:PACKAGE1
Starting process_deletions
0.0000 s 0.0498 (* Average Power for rapl:::THERMAL_SPEC_CNT:PACKAGE0 *)
0.0000 s 0.0498 (* Average Power for rapl:::THERMAL_SPEC_CNT:PACKAGE1 *)
0.0000 s 0.0237 (* Average Power for rapl:::MINIMUM_POWER_CNT:PACKAGE0 *)
0.0000 s 0.0237 (* Average Power for rapl:::MINIMUM_POWER_CNT:PACKAGE1 *)
0.0000 s 0.0995 (* Average Power for rapl:::MAXIMUM_POWER_CNT:PACKAGE0 *)
0.0000 s 0.0995 (* Average Power for rapl:::MAXIMUM_POWER_CNT:PACKAGE1 *)
0.0000 s 0.0020 (* Average Power for rapl:::MAXIMUM_TIME_WINDOW_CNT:PACKAGE0 *)
0.0000 s 0.0020 (* Average Power for rapl:::MAXIMUM_TIME_WINDOW_CNT:PACKAGE1 *)
0.0000 s 0.0000 (* Average Power for rapl:::PACKAGE_ENERGY_CNT:PACKAGE0 *)
0.0000 s 0.0000 (* Average Power for rapl:::PACKAGE_ENERGY_CNT:PACKAGE1 *)
0.0000 s 0.0000 (* Average Power for rapl:::DRAM_ENERGY_CNT:PACKAGE0 *)
0.0000 s 0.0000 (* Average Power for rapl:::DRAM_ENERGY_CNT:PACKAGE1 *)
0.0000 s 0.0000 (* Average Power for rapl:::PP0_ENERGY_CNT:PACKAGE0 *)
0.0000 s 0.0000 (* Average Power for rapl:::PP0_ENERGY_CNT:PACKAGE1 *)
0.0000 s 199069116091702.2500 (* Average Power for rapl:::THERMAL_SPEC:PACKAGE0 *)
0.0000 s 199069116091702.2500 (* Average Power for rapl:::THERMAL_SPEC:PACKAGE1 *)
0.0000 s 198865301878786.8750 (* Average Power for rapl:::MINIMUM_POWER:PACKAGE0 *)
0.0000 s 198865301878786.8750 (* Average Power for rapl:::MINIMUM_POWER:PACKAGE1 *)
0.0000 s 199262362160244.1875 (* Average Power for rapl:::MAXIMUM_POWER:PACKAGE0 *)
0.0000 s 199262362160244.1875 (* Average Power for rapl:::MAXIMUM_POWER:PACKAGE1 *)
0.0000 s 196815081870349.4688 (* Average Power for rapl:::MAXIMUM_TIME_WINDOW:PACKAGE0 *)
0.0000 s 196815081870349.4688 (* Average Power for rapl:::MAXIMUM_TIME_WINDOW:PACKAGE1 *)
0.0000 s 0.0000 (* Total Energy for rapl:::PACKAGE_ENERGY:PACKAGE0 *)
0.0000 s 0.0000 (* Average Power for rapl:::PACKAGE_ENERGY:PACKAGE0 *)
0.0000 s 0.0000 (* Total Energy for rapl:::PACKAGE_ENERGY:PACKAGE1 *)
0.0000 s 0.0000 (* Average Power for rapl:::PACKAGE_ENERGY:PACKAGE1 *)
0.0000 s 0.0000 (* Average Power for rapl:::DRAM_ENERGY:PACKAGE0 *)
0.0000 s 0.0000 (* Average Power for rapl:::DRAM_ENERGY:PACKAGE1 *)
0.0000 s 0.0000 (* Average Power for rapl:::PP0_ENERGY:PACKAGE0 *)
0.0000 s 0.0000 (* Average Power for rapl:::PP0_ENERGY:PACKAGE1 *)
Time for Deletion  0.000000 
Total Time for Updating at Batch 1 is 0.729597 
=======
Total Time for Updating  2.520533 
	Command being timed: "/home/users/norris/research/easy-parallel-graph/autoperf/mst/lib/xpscode/MST_May5/a.out /home/users/norris/research/easy-parallel-graph/experiment/datasets/com-lj-org-weighted.diff /home/users/norris/research/easy-parallel-graph/experiment/datasets/com-lj-org-weighted.cert /home/users/norris/research/easy-parallel-graph/experiment/datasets/com-lj-org-weighted_changed_100i_1000000S 100 4036538 1000000 4 100"
	User time (seconds): 27.28
	System time (seconds): 0.80
	Percent of CPU this job got: 102%
	Elapsed (wall clock) time (h:mm:ss or m:ss): 0:27.38
	Average shared text size (kbytes): 0
	Average unshared data size (kbytes): 0
	Average stack size (kbytes): 0
	Average total size (kbytes): 0
	Maximum resident set size (kbytes): 742016
	Average resident set size (kbytes): 0
	Major (requiring I/O) page faults: 0
	Minor (reclaiming a frame) page faults: 69974
	Voluntary context switches: 21
	Involuntary context switches: 37
	Swaps: 0
	File system inputs: 0
	File system outputs: 32
	Socket messages sent: 0
	Socket messages received: 0
	Signals delivered: 0
	Page size (bytes): 4096
	Exit status: 0
