Galois Benchmark Suite v2.2.1 (r0)
Copyright (C) 2014 The University of Texas at Austin
http://iss.ices.utexas.edu/galois/

application: Boruvka's Minimum Spanning Tree Algorithm
Computes the minimum spanning forest of a graph
http://iss.ices.utexas.edu/?p=projects/galois/benchmarks/mst

INFO: CommandLine /home/users/norris/research/easy-parallel-graph/autoperf/mst/lib/Galois-2.2.1/build/power/apps/boruvka/boruvka -t=16 /home/users/norris/research/easy-parallel-graph/experiment/datasets/rmat2416_G_75i_1000000.gr
INFO: Hostname arya
Found rapl component at cid 2
Found: rapl:::THERMAL_SPEC_CNT:PACKAGE0
Found: rapl:::THERMAL_SPEC_CNT:PACKAGE1
Found: rapl:::MINIMUM_POWER_CNT:PACKAGE0
Found: rapl:::MINIMUM_POWER_CNT:PACKAGE1
Found: rapl:::MAXIMUM_POWER_CNT:PACKAGE0
Found: rapl:::MAXIMUM_POWER_CNT:PACKAGE1
Found: rapl:::MAXIMUM_TIME_WINDOW_CNT:PACKAGE0
Found: rapl:::MAXIMUM_TIME_WINDOW_CNT:PACKAGE1
Found: rapl:::PACKAGE_ENERGY_CNT:PACKAGE0
Found: rapl:::PACKAGE_ENERGY_CNT:PACKAGE1
Found: rapl:::DRAM_ENERGY_CNT:PACKAGE0
Found: rapl:::DRAM_ENERGY_CNT:PACKAGE1
Found: rapl:::PP0_ENERGY_CNT:PACKAGE0
Found: rapl:::PP0_ENERGY_CNT:PACKAGE1
Found: rapl:::THERMAL_SPEC:PACKAGE0
Found: rapl:::THERMAL_SPEC:PACKAGE1
Found: rapl:::MINIMUM_POWER:PACKAGE0
Found: rapl:::MINIMUM_POWER:PACKAGE1
Found: rapl:::MAXIMUM_POWER:PACKAGE0
Found: rapl:::MAXIMUM_POWER:PACKAGE1
Found: rapl:::MAXIMUM_TIME_WINDOW:PACKAGE0
Found: rapl:::MAXIMUM_TIME_WINDOW:PACKAGE1
Found: rapl:::PACKAGE_ENERGY:PACKAGE0
Found: rapl:::PACKAGE_ENERGY:PACKAGE1
Found: rapl:::DRAM_ENERGY:PACKAGE0
Found: rapl:::DRAM_ENERGY:PACKAGE1
Found: rapl:::PP0_ENERGY:PACKAGE0
Found: rapl:::PP0_ENERGY:PACKAGE1
Nodes: 16777216 edges: 1074505156 heaviest edge: 99
6.5095 s 0.0000 (* Average Power for rapl:::THERMAL_SPEC_CNT:PACKAGE0 *)
6.5095 s 0.0000 (* Average Power for rapl:::THERMAL_SPEC_CNT:PACKAGE1 *)
6.5095 s 0.0000 (* Average Power for rapl:::MINIMUM_POWER_CNT:PACKAGE0 *)
6.5095 s 0.0000 (* Average Power for rapl:::MINIMUM_POWER_CNT:PACKAGE1 *)
6.5095 s 0.0000 (* Average Power for rapl:::MAXIMUM_POWER_CNT:PACKAGE0 *)
6.5095 s 0.0000 (* Average Power for rapl:::MAXIMUM_POWER_CNT:PACKAGE1 *)
6.5095 s 0.0000 (* Average Power for rapl:::MAXIMUM_TIME_WINDOW_CNT:PACKAGE0 *)
6.5095 s 0.0000 (* Average Power for rapl:::MAXIMUM_TIME_WINDOW_CNT:PACKAGE1 *)
6.5095 s 0.0019 (* Average Power for rapl:::PACKAGE_ENERGY_CNT:PACKAGE0 *)
6.5095 s 0.0004 (* Average Power for rapl:::PACKAGE_ENERGY_CNT:PACKAGE1 *)
6.5095 s 0.0015 (* Average Power for rapl:::DRAM_ENERGY_CNT:PACKAGE0 *)
6.5095 s 0.0007 (* Average Power for rapl:::DRAM_ENERGY_CNT:PACKAGE1 *)
6.5095 s 0.0000 (* Average Power for rapl:::PP0_ENERGY_CNT:PACKAGE0 *)
6.5095 s 0.0000 (* Average Power for rapl:::PP0_ENERGY_CNT:PACKAGE1 *)
6.5095 s 712697514.5902 (* Average Power for rapl:::THERMAL_SPEC:PACKAGE0 *)
6.5095 s 712697514.5902 (* Average Power for rapl:::THERMAL_SPEC:PACKAGE1 *)
6.5095 s 711967828.9120 (* Average Power for rapl:::MINIMUM_POWER:PACKAGE0 *)
6.5095 s 711967828.9120 (* Average Power for rapl:::MINIMUM_POWER:PACKAGE1 *)
6.5095 s 713389364.7147 (* Average Power for rapl:::MAXIMUM_POWER:PACKAGE0 *)
6.5095 s 713389364.7147 (* Average Power for rapl:::MAXIMUM_POWER:PACKAGE1 *)
6.5095 s 704627731.4973 (* Average Power for rapl:::MAXIMUM_TIME_WINDOW:PACKAGE0 *)
6.5095 s 704627731.4973 (* Average Power for rapl:::MAXIMUM_TIME_WINDOW:PACKAGE1 *)
6.5095 s 759.6169 (* Total Energy for rapl:::PACKAGE_ENERGY:PACKAGE0 *)
6.5095 s 116.6936 (* Average Power for rapl:::PACKAGE_ENERGY:PACKAGE0 *)
6.5095 s 152.2859 (* Total Energy for rapl:::PACKAGE_ENERGY:PACKAGE1 *)
6.5095 s 23.3944 (* Average Power for rapl:::PACKAGE_ENERGY:PACKAGE1 *)
6.5095 s 22.1889 (* Average Power for rapl:::DRAM_ENERGY:PACKAGE0 *)
6.5095 s 10.6530 (* Average Power for rapl:::DRAM_ENERGY:PACKAGE1 *)
6.5095 s 0.0000 (* Average Power for rapl:::PP0_ENERGY:PACKAGE0 *)
6.5095 s 0.0000 (* Average Power for rapl:::PP0_ENERGY:PACKAGE1 *)
MST weight: 1.21449e+08 (121448569)
Num trees: 53489
Tree edges: 16723727
STATTYPE,LOOP,CATEGORY,n,sum,T0,T1,T2,T3,T4,T5,T6,T7,T8,T9,T10,T11,T12,T13,T14,T15
STAT,(NULL),InitializeSortTime,16,2744,2744,0,0,0,0,0,0,0,0,0,0,0,0,0,0,0
STAT,(NULL),InitializeTime,16,112699,112699,0,0,0,0,0,0,0,0,0,0,0,0,0,0,0
STAT,(NULL),LoopTime,16,9241,9241,0,0,0,0,0,0,0,0,0,0,0,0,0,0,0
STAT,(NULL),MeminfoPost,16,539,33,33,33,33,33,33,33,33,33,33,33,35,35,35,35,36
STAT,(NULL),MeminfoPre,16,0,0,0,0,0,0,0,0,0,0,0,0,0,0,0,0,0
STAT,(NULL),Rounds,16,20,20,0,0,0,0,0,0,0,0,0,0,0,0,0,0,0
STAT,(NULL),Threads,16,16,16,0,0,0,0,0,0,0,0,0,0,0,0,0,0,0
STAT,(NULL),Time,16,6509,6509,0,0,0,0,0,0,0,0,0,0,0,0,0,0,0
STAT,map_reduce,LoopTime,16,134,134,0,0,0,0,0,0,0,0,0,0,0,0,0,0,0
Galois Benchmark Suite v2.2.1 (r0)
Copyright (C) 2014 The University of Texas at Austin
http://iss.ices.utexas.edu/galois/

application: Boruvka's Minimum Spanning Tree Algorithm
Computes the minimum spanning forest of a graph
http://iss.ices.utexas.edu/?p=projects/galois/benchmarks/mst

INFO: CommandLine /home/users/norris/research/easy-parallel-graph/autoperf/mst/lib/Galois-2.2.1/build/power/apps/boruvka/boruvka -t=16 /home/users/norris/research/easy-parallel-graph/experiment/datasets/rmat2416_G_75i_1000000.gr
INFO: Hostname arya
Found rapl component at cid 2
Found: rapl:::THERMAL_SPEC_CNT:PACKAGE0
Found: rapl:::THERMAL_SPEC_CNT:PACKAGE1
Found: rapl:::MINIMUM_POWER_CNT:PACKAGE0
Found: rapl:::MINIMUM_POWER_CNT:PACKAGE1
Found: rapl:::MAXIMUM_POWER_CNT:PACKAGE0
Found: rapl:::MAXIMUM_POWER_CNT:PACKAGE1
Found: rapl:::MAXIMUM_TIME_WINDOW_CNT:PACKAGE0
Found: rapl:::MAXIMUM_TIME_WINDOW_CNT:PACKAGE1
Found: rapl:::PACKAGE_ENERGY_CNT:PACKAGE0
Found: rapl:::PACKAGE_ENERGY_CNT:PACKAGE1
Found: rapl:::DRAM_ENERGY_CNT:PACKAGE0
Found: rapl:::DRAM_ENERGY_CNT:PACKAGE1
Found: rapl:::PP0_ENERGY_CNT:PACKAGE0
Found: rapl:::PP0_ENERGY_CNT:PACKAGE1
Found: rapl:::THERMAL_SPEC:PACKAGE0
Found: rapl:::THERMAL_SPEC:PACKAGE1
Found: rapl:::MINIMUM_POWER:PACKAGE0
Found: rapl:::MINIMUM_POWER:PACKAGE1
Found: rapl:::MAXIMUM_POWER:PACKAGE0
Found: rapl:::MAXIMUM_POWER:PACKAGE1
Found: rapl:::MAXIMUM_TIME_WINDOW:PACKAGE0
Found: rapl:::MAXIMUM_TIME_WINDOW:PACKAGE1
Found: rapl:::PACKAGE_ENERGY:PACKAGE0
Found: rapl:::PACKAGE_ENERGY:PACKAGE1
Found: rapl:::DRAM_ENERGY:PACKAGE0
Found: rapl:::DRAM_ENERGY:PACKAGE1
Found: rapl:::PP0_ENERGY:PACKAGE0
Found: rapl:::PP0_ENERGY:PACKAGE1
Nodes: 16777216 edges: 1074505156 heaviest edge: 99
6.7623 s 0.0000 (* Average Power for rapl:::THERMAL_SPEC_CNT:PACKAGE0 *)
6.7623 s 0.0000 (* Average Power for rapl:::THERMAL_SPEC_CNT:PACKAGE1 *)
6.7623 s 0.0000 (* Average Power for rapl:::MINIMUM_POWER_CNT:PACKAGE0 *)
6.7623 s 0.0000 (* Average Power for rapl:::MINIMUM_POWER_CNT:PACKAGE1 *)
6.7623 s 0.0000 (* Average Power for rapl:::MAXIMUM_POWER_CNT:PACKAGE0 *)
6.7623 s 0.0000 (* Average Power for rapl:::MAXIMUM_POWER_CNT:PACKAGE1 *)
6.7623 s 0.0000 (* Average Power for rapl:::MAXIMUM_TIME_WINDOW_CNT:PACKAGE0 *)
6.7623 s 0.0000 (* Average Power for rapl:::MAXIMUM_TIME_WINDOW_CNT:PACKAGE1 *)
6.7623 s 0.0019 (* Average Power for rapl:::PACKAGE_ENERGY_CNT:PACKAGE0 *)
6.7623 s 0.0004 (* Average Power for rapl:::PACKAGE_ENERGY_CNT:PACKAGE1 *)
6.7623 s 0.0014 (* Average Power for rapl:::DRAM_ENERGY_CNT:PACKAGE0 *)
6.7623 s 0.0007 (* Average Power for rapl:::DRAM_ENERGY_CNT:PACKAGE1 *)
6.7623 s 0.0000 (* Average Power for rapl:::PP0_ENERGY_CNT:PACKAGE0 *)
6.7623 s 0.0000 (* Average Power for rapl:::PP0_ENERGY_CNT:PACKAGE1 *)
6.7623 s 686057206.5662 (* Average Power for rapl:::THERMAL_SPEC:PACKAGE0 *)
6.7623 s 686057206.5662 (* Average Power for rapl:::THERMAL_SPEC:PACKAGE1 *)
6.7623 s 685354796.2059 (* Average Power for rapl:::MINIMUM_POWER:PACKAGE0 *)
6.7623 s 685354796.2059 (* Average Power for rapl:::MINIMUM_POWER:PACKAGE1 *)
6.7623 s 686723195.6487 (* Average Power for rapl:::MAXIMUM_POWER:PACKAGE0 *)
6.7623 s 686723195.6487 (* Average Power for rapl:::MAXIMUM_POWER:PACKAGE1 *)
6.7623 s 678289068.2846 (* Average Power for rapl:::MAXIMUM_TIME_WINDOW:PACKAGE0 *)
6.7623 s 678289068.2846 (* Average Power for rapl:::MAXIMUM_TIME_WINDOW:PACKAGE1 *)
6.7623 s 783.2917 (* Total Energy for rapl:::PACKAGE_ENERGY:PACKAGE0 *)
6.7623 s 115.8326 (* Average Power for rapl:::PACKAGE_ENERGY:PACKAGE0 *)
6.7623 s 154.9525 (* Total Energy for rapl:::PACKAGE_ENERGY:PACKAGE1 *)
6.7623 s 22.9143 (* Average Power for rapl:::PACKAGE_ENERGY:PACKAGE1 *)
6.7623 s 21.8208 (* Average Power for rapl:::DRAM_ENERGY:PACKAGE0 *)
6.7623 s 10.5689 (* Average Power for rapl:::DRAM_ENERGY:PACKAGE1 *)
6.7623 s 0.0000 (* Average Power for rapl:::PP0_ENERGY:PACKAGE0 *)
6.7623 s 0.0000 (* Average Power for rapl:::PP0_ENERGY:PACKAGE1 *)
MST weight: 1.21449e+08 (121448569)
Num trees: 53489
Tree edges: 16723727
STATTYPE,LOOP,CATEGORY,n,sum,T0,T1,T2,T3,T4,T5,T6,T7,T8,T9,T10,T11,T12,T13,T14,T15
STAT,(NULL),InitializeSortTime,16,2763,2763,0,0,0,0,0,0,0,0,0,0,0,0,0,0,0
STAT,(NULL),InitializeTime,16,113671,113671,0,0,0,0,0,0,0,0,0,0,0,0,0,0,0
STAT,(NULL),LoopTime,16,9509,9509,0,0,0,0,0,0,0,0,0,0,0,0,0,0,0
STAT,(NULL),MeminfoPost,16,540,34,33,33,33,33,33,33,33,33,33,33,35,35,35,35,36
STAT,(NULL),MeminfoPre,16,0,0,0,0,0,0,0,0,0,0,0,0,0,0,0,0,0
STAT,(NULL),Rounds,16,20,20,0,0,0,0,0,0,0,0,0,0,0,0,0,0,0
STAT,(NULL),Threads,16,16,16,0,0,0,0,0,0,0,0,0,0,0,0,0,0,0
STAT,(NULL),Time,16,6762,6762,0,0,0,0,0,0,0,0,0,0,0,0,0,0,0
STAT,map_reduce,LoopTime,16,134,134,0,0,0,0,0,0,0,0,0,0,0,0,0,0,0
Galois Benchmark Suite v2.2.1 (r0)
Copyright (C) 2014 The University of Texas at Austin
http://iss.ices.utexas.edu/galois/

application: Boruvka's Minimum Spanning Tree Algorithm
Computes the minimum spanning forest of a graph
http://iss.ices.utexas.edu/?p=projects/galois/benchmarks/mst

INFO: CommandLine /home/users/norris/research/easy-parallel-graph/autoperf/mst/lib/Galois-2.2.1/build/power/apps/boruvka/boruvka -t=16 /home/users/norris/research/easy-parallel-graph/experiment/datasets/rmat2416_G_75i_1000000.gr
INFO: Hostname arya
Found rapl component at cid 2
Found: rapl:::THERMAL_SPEC_CNT:PACKAGE0
Found: rapl:::THERMAL_SPEC_CNT:PACKAGE1
Found: rapl:::MINIMUM_POWER_CNT:PACKAGE0
Found: rapl:::MINIMUM_POWER_CNT:PACKAGE1
Found: rapl:::MAXIMUM_POWER_CNT:PACKAGE0
Found: rapl:::MAXIMUM_POWER_CNT:PACKAGE1
Found: rapl:::MAXIMUM_TIME_WINDOW_CNT:PACKAGE0
Found: rapl:::MAXIMUM_TIME_WINDOW_CNT:PACKAGE1
Found: rapl:::PACKAGE_ENERGY_CNT:PACKAGE0
Found: rapl:::PACKAGE_ENERGY_CNT:PACKAGE1
Found: rapl:::DRAM_ENERGY_CNT:PACKAGE0
Found: rapl:::DRAM_ENERGY_CNT:PACKAGE1
Found: rapl:::PP0_ENERGY_CNT:PACKAGE0
Found: rapl:::PP0_ENERGY_CNT:PACKAGE1
Found: rapl:::THERMAL_SPEC:PACKAGE0
Found: rapl:::THERMAL_SPEC:PACKAGE1
Found: rapl:::MINIMUM_POWER:PACKAGE0
Found: rapl:::MINIMUM_POWER:PACKAGE1
Found: rapl:::MAXIMUM_POWER:PACKAGE0
Found: rapl:::MAXIMUM_POWER:PACKAGE1
Found: rapl:::MAXIMUM_TIME_WINDOW:PACKAGE0
Found: rapl:::MAXIMUM_TIME_WINDOW:PACKAGE1
Found: rapl:::PACKAGE_ENERGY:PACKAGE0
Found: rapl:::PACKAGE_ENERGY:PACKAGE1
Found: rapl:::DRAM_ENERGY:PACKAGE0
Found: rapl:::DRAM_ENERGY:PACKAGE1
Found: rapl:::PP0_ENERGY:PACKAGE0
Found: rapl:::PP0_ENERGY:PACKAGE1
Nodes: 16777216 edges: 1074505156 heaviest edge: 99
6.8752 s 0.0000 (* Average Power for rapl:::THERMAL_SPEC_CNT:PACKAGE0 *)
6.8752 s 0.0000 (* Average Power for rapl:::THERMAL_SPEC_CNT:PACKAGE1 *)
6.8752 s 0.0000 (* Average Power for rapl:::MINIMUM_POWER_CNT:PACKAGE0 *)
6.8752 s 0.0000 (* Average Power for rapl:::MINIMUM_POWER_CNT:PACKAGE1 *)
6.8752 s 0.0000 (* Average Power for rapl:::MAXIMUM_POWER_CNT:PACKAGE0 *)
6.8752 s 0.0000 (* Average Power for rapl:::MAXIMUM_POWER_CNT:PACKAGE1 *)
6.8752 s 0.0000 (* Average Power for rapl:::MAXIMUM_TIME_WINDOW_CNT:PACKAGE0 *)
6.8752 s 0.0000 (* Average Power for rapl:::MAXIMUM_TIME_WINDOW_CNT:PACKAGE1 *)
6.8752 s 0.0019 (* Average Power for rapl:::PACKAGE_ENERGY_CNT:PACKAGE0 *)
6.8752 s 0.0004 (* Average Power for rapl:::PACKAGE_ENERGY_CNT:PACKAGE1 *)
6.8752 s 0.0014 (* Average Power for rapl:::DRAM_ENERGY_CNT:PACKAGE0 *)
6.8752 s 0.0007 (* Average Power for rapl:::DRAM_ENERGY_CNT:PACKAGE1 *)
6.8752 s 0.0000 (* Average Power for rapl:::PP0_ENERGY_CNT:PACKAGE0 *)
6.8752 s 0.0000 (* Average Power for rapl:::PP0_ENERGY_CNT:PACKAGE1 *)
6.8752 s 674785688.7123 (* Average Power for rapl:::THERMAL_SPEC:PACKAGE0 *)
6.8752 s 674785688.7123 (* Average Power for rapl:::THERMAL_SPEC:PACKAGE1 *)
6.8752 s 674094818.5425 (* Average Power for rapl:::MINIMUM_POWER:PACKAGE0 *)
6.8752 s 674094818.5425 (* Average Power for rapl:::MINIMUM_POWER:PACKAGE1 *)
6.8752 s 675440735.9844 (* Average Power for rapl:::MAXIMUM_POWER:PACKAGE0 *)
6.8752 s 675440735.9844 (* Average Power for rapl:::MAXIMUM_POWER:PACKAGE1 *)
6.8752 s 667145176.3903 (* Average Power for rapl:::MAXIMUM_TIME_WINDOW:PACKAGE0 *)
6.8752 s 667145176.3903 (* Average Power for rapl:::MAXIMUM_TIME_WINDOW:PACKAGE1 *)
6.8752 s 798.1551 (* Total Energy for rapl:::PACKAGE_ENERGY:PACKAGE0 *)
6.8752 s 116.0914 (* Average Power for rapl:::PACKAGE_ENERGY:PACKAGE0 *)
6.8752 s 154.8514 (* Total Energy for rapl:::PACKAGE_ENERGY:PACKAGE1 *)
6.8752 s 22.5231 (* Average Power for rapl:::PACKAGE_ENERGY:PACKAGE1 *)
6.8752 s 22.0230 (* Average Power for rapl:::DRAM_ENERGY:PACKAGE0 *)
6.8752 s 10.3914 (* Average Power for rapl:::DRAM_ENERGY:PACKAGE1 *)
6.8752 s 0.0000 (* Average Power for rapl:::PP0_ENERGY:PACKAGE0 *)
6.8752 s 0.0000 (* Average Power for rapl:::PP0_ENERGY:PACKAGE1 *)
MST weight: 1.21449e+08 (121448569)
Num trees: 53489
Tree edges: 16723727
STATTYPE,LOOP,CATEGORY,n,sum,T0,T1,T2,T3,T4,T5,T6,T7,T8,T9,T10,T11,T12,T13,T14,T15
STAT,(NULL),InitializeSortTime,16,2760,2760,0,0,0,0,0,0,0,0,0,0,0,0,0,0,0
STAT,(NULL),InitializeTime,16,112484,112484,0,0,0,0,0,0,0,0,0,0,0,0,0,0,0
STAT,(NULL),LoopTime,16,9615,9615,0,0,0,0,0,0,0,0,0,0,0,0,0,0,0
STAT,(NULL),MeminfoPost,16,542,34,33,33,33,33,33,33,33,33,34,34,35,35,35,35,36
STAT,(NULL),MeminfoPre,16,0,0,0,0,0,0,0,0,0,0,0,0,0,0,0,0,0
STAT,(NULL),Rounds,16,21,21,0,0,0,0,0,0,0,0,0,0,0,0,0,0,0
STAT,(NULL),Threads,16,16,16,0,0,0,0,0,0,0,0,0,0,0,0,0,0,0
STAT,(NULL),Time,16,6875,6875,0,0,0,0,0,0,0,0,0,0,0,0,0,0,0
STAT,map_reduce,LoopTime,16,134,134,0,0,0,0,0,0,0,0,0,0,0,0,0,0,0
Galois Benchmark Suite v2.2.1 (r0)
Copyright (C) 2014 The University of Texas at Austin
http://iss.ices.utexas.edu/galois/

application: Boruvka's Minimum Spanning Tree Algorithm
Computes the minimum spanning forest of a graph
http://iss.ices.utexas.edu/?p=projects/galois/benchmarks/mst

INFO: CommandLine /home/users/norris/research/easy-parallel-graph/autoperf/mst/lib/Galois-2.2.1/build/power/apps/boruvka/boruvka -t=16 /home/users/norris/research/easy-parallel-graph/experiment/datasets/rmat2416_G_75i_1000000.gr
INFO: Hostname arya
Found rapl component at cid 2
Found: rapl:::THERMAL_SPEC_CNT:PACKAGE0
Found: rapl:::THERMAL_SPEC_CNT:PACKAGE1
Found: rapl:::MINIMUM_POWER_CNT:PACKAGE0
Found: rapl:::MINIMUM_POWER_CNT:PACKAGE1
Found: rapl:::MAXIMUM_POWER_CNT:PACKAGE0
Found: rapl:::MAXIMUM_POWER_CNT:PACKAGE1
Found: rapl:::MAXIMUM_TIME_WINDOW_CNT:PACKAGE0
Found: rapl:::MAXIMUM_TIME_WINDOW_CNT:PACKAGE1
Found: rapl:::PACKAGE_ENERGY_CNT:PACKAGE0
Found: rapl:::PACKAGE_ENERGY_CNT:PACKAGE1
Found: rapl:::DRAM_ENERGY_CNT:PACKAGE0
Found: rapl:::DRAM_ENERGY_CNT:PACKAGE1
Found: rapl:::PP0_ENERGY_CNT:PACKAGE0
Found: rapl:::PP0_ENERGY_CNT:PACKAGE1
Found: rapl:::THERMAL_SPEC:PACKAGE0
Found: rapl:::THERMAL_SPEC:PACKAGE1
Found: rapl:::MINIMUM_POWER:PACKAGE0
Found: rapl:::MINIMUM_POWER:PACKAGE1
Found: rapl:::MAXIMUM_POWER:PACKAGE0
Found: rapl:::MAXIMUM_POWER:PACKAGE1
Found: rapl:::MAXIMUM_TIME_WINDOW:PACKAGE0
Found: rapl:::MAXIMUM_TIME_WINDOW:PACKAGE1
Found: rapl:::PACKAGE_ENERGY:PACKAGE0
Found: rapl:::PACKAGE_ENERGY:PACKAGE1
Found: rapl:::DRAM_ENERGY:PACKAGE0
Found: rapl:::DRAM_ENERGY:PACKAGE1
Found: rapl:::PP0_ENERGY:PACKAGE0
Found: rapl:::PP0_ENERGY:PACKAGE1
Nodes: 16777216 edges: 1074505156 heaviest edge: 99
6.7047 s 0.0000 (* Average Power for rapl:::THERMAL_SPEC_CNT:PACKAGE0 *)
6.7047 s 0.0000 (* Average Power for rapl:::THERMAL_SPEC_CNT:PACKAGE1 *)
6.7047 s 0.0000 (* Average Power for rapl:::MINIMUM_POWER_CNT:PACKAGE0 *)
6.7047 s 0.0000 (* Average Power for rapl:::MINIMUM_POWER_CNT:PACKAGE1 *)
6.7047 s 0.0000 (* Average Power for rapl:::MAXIMUM_POWER_CNT:PACKAGE0 *)
6.7047 s 0.0000 (* Average Power for rapl:::MAXIMUM_POWER_CNT:PACKAGE1 *)
6.7047 s 0.0000 (* Average Power for rapl:::MAXIMUM_TIME_WINDOW_CNT:PACKAGE0 *)
6.7047 s 0.0000 (* Average Power for rapl:::MAXIMUM_TIME_WINDOW_CNT:PACKAGE1 *)
6.7047 s 0.0019 (* Average Power for rapl:::PACKAGE_ENERGY_CNT:PACKAGE0 *)
6.7047 s 0.0004 (* Average Power for rapl:::PACKAGE_ENERGY_CNT:PACKAGE1 *)
6.7047 s 0.0015 (* Average Power for rapl:::DRAM_ENERGY_CNT:PACKAGE0 *)
6.7047 s 0.0007 (* Average Power for rapl:::DRAM_ENERGY_CNT:PACKAGE1 *)
6.7047 s 0.0000 (* Average Power for rapl:::PP0_ENERGY_CNT:PACKAGE0 *)
6.7047 s 0.0000 (* Average Power for rapl:::PP0_ENERGY_CNT:PACKAGE1 *)
6.7047 s 691952688.8756 (* Average Power for rapl:::THERMAL_SPEC:PACKAGE0 *)
6.7047 s 691952688.8756 (* Average Power for rapl:::THERMAL_SPEC:PACKAGE1 *)
6.7047 s 691244242.5057 (* Average Power for rapl:::MINIMUM_POWER:PACKAGE0 *)
6.7047 s 691244242.5057 (* Average Power for rapl:::MINIMUM_POWER:PACKAGE1 *)
6.7047 s 692624400.9893 (* Average Power for rapl:::MAXIMUM_POWER:PACKAGE0 *)
6.7047 s 692624400.9893 (* Average Power for rapl:::MAXIMUM_POWER:PACKAGE1 *)
6.7047 s 684117796.7994 (* Average Power for rapl:::MAXIMUM_TIME_WINDOW:PACKAGE0 *)
6.7047 s 684117796.7994 (* Average Power for rapl:::MAXIMUM_TIME_WINDOW:PACKAGE1 *)
6.7047 s 782.3813 (* Total Energy for rapl:::PACKAGE_ENERGY:PACKAGE0 *)
6.7047 s 116.6922 (* Average Power for rapl:::PACKAGE_ENERGY:PACKAGE0 *)
6.7047 s 153.1154 (* Total Energy for rapl:::PACKAGE_ENERGY:PACKAGE1 *)
6.7047 s 22.8372 (* Average Power for rapl:::PACKAGE_ENERGY:PACKAGE1 *)
6.7047 s 22.3330 (* Average Power for rapl:::DRAM_ENERGY:PACKAGE0 *)
6.7047 s 10.6780 (* Average Power for rapl:::DRAM_ENERGY:PACKAGE1 *)
6.7047 s 0.0000 (* Average Power for rapl:::PP0_ENERGY:PACKAGE0 *)
6.7047 s 0.0000 (* Average Power for rapl:::PP0_ENERGY:PACKAGE1 *)
MST weight: 1.21449e+08 (121448569)
Num trees: 53489
Tree edges: 16723727
STATTYPE,LOOP,CATEGORY,n,sum,T0,T1,T2,T3,T4,T5,T6,T7,T8,T9,T10,T11,T12,T13,T14,T15
STAT,(NULL),InitializeSortTime,16,2745,2745,0,0,0,0,0,0,0,0,0,0,0,0,0,0,0
STAT,(NULL),InitializeTime,16,111741,111741,0,0,0,0,0,0,0,0,0,0,0,0,0,0,0
STAT,(NULL),LoopTime,16,9432,9432,0,0,0,0,0,0,0,0,0,0,0,0,0,0,0
STAT,(NULL),MeminfoPost,16,540,33,33,33,33,33,33,33,33,33,33,34,35,35,35,35,36
STAT,(NULL),MeminfoPre,16,0,0,0,0,0,0,0,0,0,0,0,0,0,0,0,0,0
STAT,(NULL),Rounds,16,21,21,0,0,0,0,0,0,0,0,0,0,0,0,0,0,0
STAT,(NULL),Threads,16,16,16,0,0,0,0,0,0,0,0,0,0,0,0,0,0,0
STAT,(NULL),Time,16,6704,6704,0,0,0,0,0,0,0,0,0,0,0,0,0,0,0
STAT,map_reduce,LoopTime,16,134,134,0,0,0,0,0,0,0,0,0,0,0,0,0,0,0
