Galois Benchmark Suite v2.2.1 (r0)
Copyright (C) 2014 The University of Texas at Austin
http://iss.ices.utexas.edu/galois/

application: Boruvka's Minimum Spanning Tree Algorithm
Computes the minimum spanning forest of a graph
http://iss.ices.utexas.edu/?p=projects/galois/benchmarks/mst

INFO: CommandLine /home/users/norris/research/easy-parallel-graph/autoperf/mst/lib/Galois-2.2.1/build/power/apps/boruvka/boruvka -t=4 /home/users/norris/research/easy-parallel-graph/experiment/datasets/rmat2416_ER_75i_1000000.gr
INFO: Hostname arya
Found rapl component at cid 2
Found: rapl:::THERMAL_SPEC_CNT:PACKAGE0
Found: rapl:::THERMAL_SPEC_CNT:PACKAGE1
Found: rapl:::MINIMUM_POWER_CNT:PACKAGE0
Found: rapl:::MINIMUM_POWER_CNT:PACKAGE1
Found: rapl:::MAXIMUM_POWER_CNT:PACKAGE0
Found: rapl:::MAXIMUM_POWER_CNT:PACKAGE1
Found: rapl:::MAXIMUM_TIME_WINDOW_CNT:PACKAGE0
Found: rapl:::MAXIMUM_TIME_WINDOW_CNT:PACKAGE1
Found: rapl:::PACKAGE_ENERGY_CNT:PACKAGE0
Found: rapl:::PACKAGE_ENERGY_CNT:PACKAGE1
Found: rapl:::DRAM_ENERGY_CNT:PACKAGE0
Found: rapl:::DRAM_ENERGY_CNT:PACKAGE1
Found: rapl:::PP0_ENERGY_CNT:PACKAGE0
Found: rapl:::PP0_ENERGY_CNT:PACKAGE1
Found: rapl:::THERMAL_SPEC:PACKAGE0
Found: rapl:::THERMAL_SPEC:PACKAGE1
Found: rapl:::MINIMUM_POWER:PACKAGE0
Found: rapl:::MINIMUM_POWER:PACKAGE1
Found: rapl:::MAXIMUM_POWER:PACKAGE0
Found: rapl:::MAXIMUM_POWER:PACKAGE1
Found: rapl:::MAXIMUM_TIME_WINDOW:PACKAGE0
Found: rapl:::MAXIMUM_TIME_WINDOW:PACKAGE1
Found: rapl:::PACKAGE_ENERGY:PACKAGE0
Found: rapl:::PACKAGE_ENERGY:PACKAGE1
Found: rapl:::DRAM_ENERGY:PACKAGE0
Found: rapl:::DRAM_ENERGY:PACKAGE1
Found: rapl:::PP0_ENERGY:PACKAGE0
Found: rapl:::PP0_ENERGY:PACKAGE1
Nodes: 16777216 edges: 1068876476 heaviest edge: 99
26.4800 s 0.0000 (* Average Power for rapl:::THERMAL_SPEC_CNT:PACKAGE0 *)
26.4800 s 0.0000 (* Average Power for rapl:::THERMAL_SPEC_CNT:PACKAGE1 *)
26.4800 s 0.0000 (* Average Power for rapl:::MINIMUM_POWER_CNT:PACKAGE0 *)
26.4800 s 0.0000 (* Average Power for rapl:::MINIMUM_POWER_CNT:PACKAGE1 *)
26.4800 s 0.0000 (* Average Power for rapl:::MAXIMUM_POWER_CNT:PACKAGE0 *)
26.4800 s 0.0000 (* Average Power for rapl:::MAXIMUM_POWER_CNT:PACKAGE1 *)
26.4800 s 0.0000 (* Average Power for rapl:::MAXIMUM_TIME_WINDOW_CNT:PACKAGE0 *)
26.4800 s 0.0000 (* Average Power for rapl:::MAXIMUM_TIME_WINDOW_CNT:PACKAGE1 *)
26.4800 s 0.0011 (* Average Power for rapl:::PACKAGE_ENERGY_CNT:PACKAGE0 *)
26.4800 s 0.0004 (* Average Power for rapl:::PACKAGE_ENERGY_CNT:PACKAGE1 *)
26.4800 s 0.0012 (* Average Power for rapl:::DRAM_ENERGY_CNT:PACKAGE0 *)
26.4800 s 0.0006 (* Average Power for rapl:::DRAM_ENERGY_CNT:PACKAGE1 *)
26.4800 s 0.0000 (* Average Power for rapl:::PP0_ENERGY_CNT:PACKAGE0 *)
26.4800 s 0.0000 (* Average Power for rapl:::PP0_ENERGY_CNT:PACKAGE1 *)
26.4800 s 175200533.4517 (* Average Power for rapl:::THERMAL_SPEC:PACKAGE0 *)
26.4800 s 175200533.4517 (* Average Power for rapl:::THERMAL_SPEC:PACKAGE1 *)
26.4800 s 175021156.7632 (* Average Power for rapl:::MINIMUM_POWER:PACKAGE0 *)
26.4800 s 175021156.7632 (* Average Power for rapl:::MINIMUM_POWER:PACKAGE1 *)
26.4800 s 175370609.1267 (* Average Power for rapl:::MAXIMUM_POWER:PACKAGE0 *)
26.4800 s 175370609.1267 (* Average Power for rapl:::MAXIMUM_POWER:PACKAGE1 *)
26.4800 s 173216760.1484 (* Average Power for rapl:::MAXIMUM_TIME_WINDOW:PACKAGE0 *)
26.4800 s 173216760.1484 (* Average Power for rapl:::MAXIMUM_TIME_WINDOW:PACKAGE1 *)
26.4800 s 1793.9634 (* Total Energy for rapl:::PACKAGE_ENERGY:PACKAGE0 *)
26.4800 s 67.7479 (* Average Power for rapl:::PACKAGE_ENERGY:PACKAGE0 *)
26.4800 s 626.7493 (* Total Energy for rapl:::PACKAGE_ENERGY:PACKAGE1 *)
26.4800 s 23.6688 (* Average Power for rapl:::PACKAGE_ENERGY:PACKAGE1 *)
26.4800 s 17.9443 (* Average Power for rapl:::DRAM_ENERGY:PACKAGE0 *)
26.4800 s 8.5024 (* Average Power for rapl:::DRAM_ENERGY:PACKAGE1 *)
26.4800 s 0.0000 (* Average Power for rapl:::PP0_ENERGY:PACKAGE0 *)
26.4800 s 0.0000 (* Average Power for rapl:::PP0_ENERGY:PACKAGE1 *)
MST weight: 5.6895e+07 (56895000)
Num trees: 2
Tree edges: 16777214
STATTYPE,LOOP,CATEGORY,n,sum,T0,T1,T2,T3
STAT,(NULL),InitializeSortTime,4,8711,8711,0,0,0
STAT,(NULL),InitializeTime,4,82066,82066,0,0,0
STAT,(NULL),LoopTime,4,35181,35181,0,0,0
STAT,(NULL),MeminfoPost,4,521,131,130,130,130
STAT,(NULL),MeminfoPre,4,0,0,0,0,0
STAT,(NULL),Rounds,4,18,18,0,0,0
STAT,(NULL),Threads,4,4,4,0,0,0
STAT,(NULL),Time,4,26479,26479,0,0,0
STAT,map_reduce,LoopTime,4,182,182,0,0,0
Galois Benchmark Suite v2.2.1 (r0)
Copyright (C) 2014 The University of Texas at Austin
http://iss.ices.utexas.edu/galois/

application: Boruvka's Minimum Spanning Tree Algorithm
Computes the minimum spanning forest of a graph
http://iss.ices.utexas.edu/?p=projects/galois/benchmarks/mst

INFO: CommandLine /home/users/norris/research/easy-parallel-graph/autoperf/mst/lib/Galois-2.2.1/build/power/apps/boruvka/boruvka -t=4 /home/users/norris/research/easy-parallel-graph/experiment/datasets/rmat2416_ER_75i_1000000.gr
INFO: Hostname arya
Found rapl component at cid 2
Found: rapl:::THERMAL_SPEC_CNT:PACKAGE0
Found: rapl:::THERMAL_SPEC_CNT:PACKAGE1
Found: rapl:::MINIMUM_POWER_CNT:PACKAGE0
Found: rapl:::MINIMUM_POWER_CNT:PACKAGE1
Found: rapl:::MAXIMUM_POWER_CNT:PACKAGE0
Found: rapl:::MAXIMUM_POWER_CNT:PACKAGE1
Found: rapl:::MAXIMUM_TIME_WINDOW_CNT:PACKAGE0
Found: rapl:::MAXIMUM_TIME_WINDOW_CNT:PACKAGE1
Found: rapl:::PACKAGE_ENERGY_CNT:PACKAGE0
Found: rapl:::PACKAGE_ENERGY_CNT:PACKAGE1
Found: rapl:::DRAM_ENERGY_CNT:PACKAGE0
Found: rapl:::DRAM_ENERGY_CNT:PACKAGE1
Found: rapl:::PP0_ENERGY_CNT:PACKAGE0
Found: rapl:::PP0_ENERGY_CNT:PACKAGE1
Found: rapl:::THERMAL_SPEC:PACKAGE0
Found: rapl:::THERMAL_SPEC:PACKAGE1
Found: rapl:::MINIMUM_POWER:PACKAGE0
Found: rapl:::MINIMUM_POWER:PACKAGE1
Found: rapl:::MAXIMUM_POWER:PACKAGE0
Found: rapl:::MAXIMUM_POWER:PACKAGE1
Found: rapl:::MAXIMUM_TIME_WINDOW:PACKAGE0
Found: rapl:::MAXIMUM_TIME_WINDOW:PACKAGE1
Found: rapl:::PACKAGE_ENERGY:PACKAGE0
Found: rapl:::PACKAGE_ENERGY:PACKAGE1
Found: rapl:::DRAM_ENERGY:PACKAGE0
Found: rapl:::DRAM_ENERGY:PACKAGE1
Found: rapl:::PP0_ENERGY:PACKAGE0
Found: rapl:::PP0_ENERGY:PACKAGE1
Nodes: 16777216 edges: 1068876476 heaviest edge: 99
26.0799 s 0.0000 (* Average Power for rapl:::THERMAL_SPEC_CNT:PACKAGE0 *)
26.0799 s 0.0000 (* Average Power for rapl:::THERMAL_SPEC_CNT:PACKAGE1 *)
26.0799 s 0.0000 (* Average Power for rapl:::MINIMUM_POWER_CNT:PACKAGE0 *)
26.0799 s 0.0000 (* Average Power for rapl:::MINIMUM_POWER_CNT:PACKAGE1 *)
26.0799 s 0.0000 (* Average Power for rapl:::MAXIMUM_POWER_CNT:PACKAGE0 *)
26.0799 s 0.0000 (* Average Power for rapl:::MAXIMUM_POWER_CNT:PACKAGE1 *)
26.0799 s 0.0000 (* Average Power for rapl:::MAXIMUM_TIME_WINDOW_CNT:PACKAGE0 *)
26.0799 s 0.0000 (* Average Power for rapl:::MAXIMUM_TIME_WINDOW_CNT:PACKAGE1 *)
26.0799 s 0.0011 (* Average Power for rapl:::PACKAGE_ENERGY_CNT:PACKAGE0 *)
26.0799 s 0.0004 (* Average Power for rapl:::PACKAGE_ENERGY_CNT:PACKAGE1 *)
26.0799 s 0.0012 (* Average Power for rapl:::DRAM_ENERGY_CNT:PACKAGE0 *)
26.0799 s 0.0006 (* Average Power for rapl:::DRAM_ENERGY_CNT:PACKAGE1 *)
26.0799 s 0.0000 (* Average Power for rapl:::PP0_ENERGY_CNT:PACKAGE0 *)
26.0799 s 0.0000 (* Average Power for rapl:::PP0_ENERGY_CNT:PACKAGE1 *)
26.0799 s 177888336.6381 (* Average Power for rapl:::THERMAL_SPEC:PACKAGE0 *)
26.0799 s 177888336.6381 (* Average Power for rapl:::THERMAL_SPEC:PACKAGE1 *)
26.0799 s 177706208.0788 (* Average Power for rapl:::MINIMUM_POWER:PACKAGE0 *)
26.0799 s 177706208.0788 (* Average Power for rapl:::MINIMUM_POWER:PACKAGE1 *)
26.0799 s 178061021.4944 (* Average Power for rapl:::MAXIMUM_POWER:PACKAGE0 *)
26.0799 s 178061021.4944 (* Average Power for rapl:::MAXIMUM_POWER:PACKAGE1 *)
26.0799 s 175874129.6821 (* Average Power for rapl:::MAXIMUM_TIME_WINDOW:PACKAGE0 *)
26.0799 s 175874129.6821 (* Average Power for rapl:::MAXIMUM_TIME_WINDOW:PACKAGE1 *)
26.0799 s 1768.6124 (* Total Energy for rapl:::PACKAGE_ENERGY:PACKAGE0 *)
26.0799 s 67.8152 (* Average Power for rapl:::PACKAGE_ENERGY:PACKAGE0 *)
26.0799 s 619.9947 (* Total Energy for rapl:::PACKAGE_ENERGY:PACKAGE1 *)
26.0799 s 23.7729 (* Average Power for rapl:::PACKAGE_ENERGY:PACKAGE1 *)
26.0799 s 17.9784 (* Average Power for rapl:::DRAM_ENERGY:PACKAGE0 *)
26.0799 s 8.4432 (* Average Power for rapl:::DRAM_ENERGY:PACKAGE1 *)
26.0799 s 0.0000 (* Average Power for rapl:::PP0_ENERGY:PACKAGE0 *)
26.0799 s 0.0000 (* Average Power for rapl:::PP0_ENERGY:PACKAGE1 *)
MST weight: 5.6895e+07 (56895000)
Num trees: 2
Tree edges: 16777214
STATTYPE,LOOP,CATEGORY,n,sum,T0,T1,T2,T3
STAT,(NULL),InitializeSortTime,4,8714,8714,0,0,0
STAT,(NULL),InitializeTime,4,82296,82296,0,0,0
STAT,(NULL),LoopTime,4,34783,34783,0,0,0
STAT,(NULL),MeminfoPost,4,521,131,130,130,130
STAT,(NULL),MeminfoPre,4,0,0,0,0,0
STAT,(NULL),Rounds,4,18,18,0,0,0
STAT,(NULL),Threads,4,4,4,0,0,0
STAT,(NULL),Time,4,26079,26079,0,0,0
STAT,map_reduce,LoopTime,4,182,182,0,0,0
Galois Benchmark Suite v2.2.1 (r0)
Copyright (C) 2014 The University of Texas at Austin
http://iss.ices.utexas.edu/galois/

application: Boruvka's Minimum Spanning Tree Algorithm
Computes the minimum spanning forest of a graph
http://iss.ices.utexas.edu/?p=projects/galois/benchmarks/mst

INFO: CommandLine /home/users/norris/research/easy-parallel-graph/autoperf/mst/lib/Galois-2.2.1/build/power/apps/boruvka/boruvka -t=4 /home/users/norris/research/easy-parallel-graph/experiment/datasets/rmat2416_ER_75i_1000000.gr
INFO: Hostname arya
Found rapl component at cid 2
Found: rapl:::THERMAL_SPEC_CNT:PACKAGE0
Found: rapl:::THERMAL_SPEC_CNT:PACKAGE1
Found: rapl:::MINIMUM_POWER_CNT:PACKAGE0
Found: rapl:::MINIMUM_POWER_CNT:PACKAGE1
Found: rapl:::MAXIMUM_POWER_CNT:PACKAGE0
Found: rapl:::MAXIMUM_POWER_CNT:PACKAGE1
Found: rapl:::MAXIMUM_TIME_WINDOW_CNT:PACKAGE0
Found: rapl:::MAXIMUM_TIME_WINDOW_CNT:PACKAGE1
Found: rapl:::PACKAGE_ENERGY_CNT:PACKAGE0
Found: rapl:::PACKAGE_ENERGY_CNT:PACKAGE1
Found: rapl:::DRAM_ENERGY_CNT:PACKAGE0
Found: rapl:::DRAM_ENERGY_CNT:PACKAGE1
Found: rapl:::PP0_ENERGY_CNT:PACKAGE0
Found: rapl:::PP0_ENERGY_CNT:PACKAGE1
Found: rapl:::THERMAL_SPEC:PACKAGE0
Found: rapl:::THERMAL_SPEC:PACKAGE1
Found: rapl:::MINIMUM_POWER:PACKAGE0
Found: rapl:::MINIMUM_POWER:PACKAGE1
Found: rapl:::MAXIMUM_POWER:PACKAGE0
Found: rapl:::MAXIMUM_POWER:PACKAGE1
Found: rapl:::MAXIMUM_TIME_WINDOW:PACKAGE0
Found: rapl:::MAXIMUM_TIME_WINDOW:PACKAGE1
Found: rapl:::PACKAGE_ENERGY:PACKAGE0
Found: rapl:::PACKAGE_ENERGY:PACKAGE1
Found: rapl:::DRAM_ENERGY:PACKAGE0
Found: rapl:::DRAM_ENERGY:PACKAGE1
Found: rapl:::PP0_ENERGY:PACKAGE0
Found: rapl:::PP0_ENERGY:PACKAGE1
Nodes: 16777216 edges: 1068876476 heaviest edge: 99
26.8407 s 0.0000 (* Average Power for rapl:::THERMAL_SPEC_CNT:PACKAGE0 *)
26.8407 s 0.0000 (* Average Power for rapl:::THERMAL_SPEC_CNT:PACKAGE1 *)
26.8407 s 0.0000 (* Average Power for rapl:::MINIMUM_POWER_CNT:PACKAGE0 *)
26.8407 s 0.0000 (* Average Power for rapl:::MINIMUM_POWER_CNT:PACKAGE1 *)
26.8407 s 0.0000 (* Average Power for rapl:::MAXIMUM_POWER_CNT:PACKAGE0 *)
26.8407 s 0.0000 (* Average Power for rapl:::MAXIMUM_POWER_CNT:PACKAGE1 *)
26.8407 s 0.0000 (* Average Power for rapl:::MAXIMUM_TIME_WINDOW_CNT:PACKAGE0 *)
26.8407 s 0.0000 (* Average Power for rapl:::MAXIMUM_TIME_WINDOW_CNT:PACKAGE1 *)
26.8407 s 0.0011 (* Average Power for rapl:::PACKAGE_ENERGY_CNT:PACKAGE0 *)
26.8407 s 0.0004 (* Average Power for rapl:::PACKAGE_ENERGY_CNT:PACKAGE1 *)
26.8407 s 0.0012 (* Average Power for rapl:::DRAM_ENERGY_CNT:PACKAGE0 *)
26.8407 s 0.0006 (* Average Power for rapl:::DRAM_ENERGY_CNT:PACKAGE1 *)
26.8407 s 0.0000 (* Average Power for rapl:::PP0_ENERGY_CNT:PACKAGE0 *)
26.8407 s 0.0000 (* Average Power for rapl:::PP0_ENERGY_CNT:PACKAGE1 *)
26.8407 s 172845727.6818 (* Average Power for rapl:::THERMAL_SPEC:PACKAGE0 *)
26.8407 s 172845727.6818 (* Average Power for rapl:::THERMAL_SPEC:PACKAGE1 *)
26.8407 s 172668761.9292 (* Average Power for rapl:::MINIMUM_POWER:PACKAGE0 *)
26.8407 s 172668761.9292 (* Average Power for rapl:::MINIMUM_POWER:PACKAGE1 *)
26.8407 s 173013517.4324 (* Average Power for rapl:::MAXIMUM_POWER:PACKAGE0 *)
26.8407 s 173013517.4324 (* Average Power for rapl:::MAXIMUM_POWER:PACKAGE1 *)
26.8407 s 170888617.5441 (* Average Power for rapl:::MAXIMUM_TIME_WINDOW:PACKAGE0 *)
26.8407 s 170888617.5441 (* Average Power for rapl:::MAXIMUM_TIME_WINDOW:PACKAGE1 *)
26.8407 s 1818.2077 (* Total Energy for rapl:::PACKAGE_ENERGY:PACKAGE0 *)
26.8407 s 67.7406 (* Average Power for rapl:::PACKAGE_ENERGY:PACKAGE0 *)
26.8407 s 633.1490 (* Total Energy for rapl:::PACKAGE_ENERGY:PACKAGE1 *)
26.8407 s 23.5891 (* Average Power for rapl:::PACKAGE_ENERGY:PACKAGE1 *)
26.8407 s 18.0139 (* Average Power for rapl:::DRAM_ENERGY:PACKAGE0 *)
26.8407 s 8.6315 (* Average Power for rapl:::DRAM_ENERGY:PACKAGE1 *)
26.8407 s 0.0000 (* Average Power for rapl:::PP0_ENERGY:PACKAGE0 *)
26.8407 s 0.0000 (* Average Power for rapl:::PP0_ENERGY:PACKAGE1 *)
MST weight: 5.6895e+07 (56895000)
Num trees: 2
Tree edges: 16777214
STATTYPE,LOOP,CATEGORY,n,sum,T0,T1,T2,T3
STAT,(NULL),InitializeSortTime,4,8702,8702,0,0,0
STAT,(NULL),InitializeTime,4,82591,82591,0,0,0
STAT,(NULL),LoopTime,4,35529,35529,0,0,0
STAT,(NULL),MeminfoPost,4,519,132,129,129,129
STAT,(NULL),MeminfoPre,4,0,0,0,0,0
STAT,(NULL),Rounds,4,19,19,0,0,0
STAT,(NULL),Threads,4,4,4,0,0,0
STAT,(NULL),Time,4,26840,26840,0,0,0
STAT,map_reduce,LoopTime,4,190,190,0,0,0
Galois Benchmark Suite v2.2.1 (r0)
Copyright (C) 2014 The University of Texas at Austin
http://iss.ices.utexas.edu/galois/

application: Boruvka's Minimum Spanning Tree Algorithm
Computes the minimum spanning forest of a graph
http://iss.ices.utexas.edu/?p=projects/galois/benchmarks/mst

INFO: CommandLine /home/users/norris/research/easy-parallel-graph/autoperf/mst/lib/Galois-2.2.1/build/power/apps/boruvka/boruvka -t=4 /home/users/norris/research/easy-parallel-graph/experiment/datasets/rmat2416_ER_75i_1000000.gr
INFO: Hostname arya
Found rapl component at cid 2
Found: rapl:::THERMAL_SPEC_CNT:PACKAGE0
Found: rapl:::THERMAL_SPEC_CNT:PACKAGE1
Found: rapl:::MINIMUM_POWER_CNT:PACKAGE0
Found: rapl:::MINIMUM_POWER_CNT:PACKAGE1
Found: rapl:::MAXIMUM_POWER_CNT:PACKAGE0
Found: rapl:::MAXIMUM_POWER_CNT:PACKAGE1
Found: rapl:::MAXIMUM_TIME_WINDOW_CNT:PACKAGE0
Found: rapl:::MAXIMUM_TIME_WINDOW_CNT:PACKAGE1
Found: rapl:::PACKAGE_ENERGY_CNT:PACKAGE0
Found: rapl:::PACKAGE_ENERGY_CNT:PACKAGE1
Found: rapl:::DRAM_ENERGY_CNT:PACKAGE0
Found: rapl:::DRAM_ENERGY_CNT:PACKAGE1
Found: rapl:::PP0_ENERGY_CNT:PACKAGE0
Found: rapl:::PP0_ENERGY_CNT:PACKAGE1
Found: rapl:::THERMAL_SPEC:PACKAGE0
Found: rapl:::THERMAL_SPEC:PACKAGE1
Found: rapl:::MINIMUM_POWER:PACKAGE0
Found: rapl:::MINIMUM_POWER:PACKAGE1
Found: rapl:::MAXIMUM_POWER:PACKAGE0
Found: rapl:::MAXIMUM_POWER:PACKAGE1
Found: rapl:::MAXIMUM_TIME_WINDOW:PACKAGE0
Found: rapl:::MAXIMUM_TIME_WINDOW:PACKAGE1
Found: rapl:::PACKAGE_ENERGY:PACKAGE0
Found: rapl:::PACKAGE_ENERGY:PACKAGE1
Found: rapl:::DRAM_ENERGY:PACKAGE0
Found: rapl:::DRAM_ENERGY:PACKAGE1
Found: rapl:::PP0_ENERGY:PACKAGE0
Found: rapl:::PP0_ENERGY:PACKAGE1
Nodes: 16777216 edges: 1068876476 heaviest edge: 99
27.3723 s 0.0000 (* Average Power for rapl:::THERMAL_SPEC_CNT:PACKAGE0 *)
27.3723 s 0.0000 (* Average Power for rapl:::THERMAL_SPEC_CNT:PACKAGE1 *)
27.3723 s 0.0000 (* Average Power for rapl:::MINIMUM_POWER_CNT:PACKAGE0 *)
27.3723 s 0.0000 (* Average Power for rapl:::MINIMUM_POWER_CNT:PACKAGE1 *)
27.3723 s 0.0000 (* Average Power for rapl:::MAXIMUM_POWER_CNT:PACKAGE0 *)
27.3723 s 0.0000 (* Average Power for rapl:::MAXIMUM_POWER_CNT:PACKAGE1 *)
27.3723 s 0.0000 (* Average Power for rapl:::MAXIMUM_TIME_WINDOW_CNT:PACKAGE0 *)
27.3723 s 0.0000 (* Average Power for rapl:::MAXIMUM_TIME_WINDOW_CNT:PACKAGE1 *)
27.3723 s 0.0011 (* Average Power for rapl:::PACKAGE_ENERGY_CNT:PACKAGE0 *)
27.3723 s 0.0004 (* Average Power for rapl:::PACKAGE_ENERGY_CNT:PACKAGE1 *)
27.3723 s 0.0012 (* Average Power for rapl:::DRAM_ENERGY_CNT:PACKAGE0 *)
27.3723 s 0.0006 (* Average Power for rapl:::DRAM_ENERGY_CNT:PACKAGE1 *)
27.3723 s 0.0000 (* Average Power for rapl:::PP0_ENERGY_CNT:PACKAGE0 *)
27.3723 s 0.0000 (* Average Power for rapl:::PP0_ENERGY_CNT:PACKAGE1 *)
27.3723 s 169488838.9311 (* Average Power for rapl:::THERMAL_SPEC:PACKAGE0 *)
27.3723 s 169488838.9311 (* Average Power for rapl:::THERMAL_SPEC:PACKAGE1 *)
27.3723 s 169315310.0835 (* Average Power for rapl:::MINIMUM_POWER:PACKAGE0 *)
27.3723 s 169315310.0835 (* Average Power for rapl:::MINIMUM_POWER:PACKAGE1 *)
27.3723 s 169653369.9866 (* Average Power for rapl:::MAXIMUM_POWER:PACKAGE0 *)
27.3723 s 169653369.9866 (* Average Power for rapl:::MAXIMUM_POWER:PACKAGE1 *)
27.3723 s 167569738.4167 (* Average Power for rapl:::MAXIMUM_TIME_WINDOW:PACKAGE0 *)
27.3723 s 167569738.4167 (* Average Power for rapl:::MAXIMUM_TIME_WINDOW:PACKAGE1 *)
27.3723 s 1851.6509 (* Total Energy for rapl:::PACKAGE_ENERGY:PACKAGE0 *)
27.3723 s 67.6468 (* Average Power for rapl:::PACKAGE_ENERGY:PACKAGE0 *)
27.3723 s 645.0217 (* Total Energy for rapl:::PACKAGE_ENERGY:PACKAGE1 *)
27.3723 s 23.5647 (* Average Power for rapl:::PACKAGE_ENERGY:PACKAGE1 *)
27.3723 s 17.9311 (* Average Power for rapl:::DRAM_ENERGY:PACKAGE0 *)
27.3723 s 8.5891 (* Average Power for rapl:::DRAM_ENERGY:PACKAGE1 *)
27.3723 s 0.0000 (* Average Power for rapl:::PP0_ENERGY:PACKAGE0 *)
27.3723 s 0.0000 (* Average Power for rapl:::PP0_ENERGY:PACKAGE1 *)
MST weight: 5.6895e+07 (56895000)
Num trees: 2
Tree edges: 16777214
STATTYPE,LOOP,CATEGORY,n,sum,T0,T1,T2,T3
STAT,(NULL),InitializeSortTime,4,8707,8707,0,0,0
STAT,(NULL),InitializeTime,4,82349,82349,0,0,0
STAT,(NULL),LoopTime,4,36067,36067,0,0,0
STAT,(NULL),MeminfoPost,4,519,132,129,129,129
STAT,(NULL),MeminfoPre,4,0,0,0,0,0
STAT,(NULL),Rounds,4,19,19,0,0,0
STAT,(NULL),Threads,4,4,4,0,0,0
STAT,(NULL),Time,4,27372,27372,0,0,0
STAT,map_reduce,LoopTime,4,190,190,0,0,0
