Time Taken for Initializing Memory 0.362448 
Highest Edge Value 10 --
Total Time for Reading Remainder Edges 169.151309 
Total Time for Reading Certificate Network 18.695651 
Total Time for Reading Update List 0.420586 
==Update Starts =======
Total Time for Initial Tree Creation  9.952955 
Found rapl component at cid 2
Found: rapl:::THERMAL_SPEC_CNT:PACKAGE0
Found: rapl:::THERMAL_SPEC_CNT:PACKAGE1
Found: rapl:::MINIMUM_POWER_CNT:PACKAGE0
Found: rapl:::MINIMUM_POWER_CNT:PACKAGE1
Found: rapl:::MAXIMUM_POWER_CNT:PACKAGE0
Found: rapl:::MAXIMUM_POWER_CNT:PACKAGE1
Found: rapl:::MAXIMUM_TIME_WINDOW_CNT:PACKAGE0
Found: rapl:::MAXIMUM_TIME_WINDOW_CNT:PACKAGE1
Found: rapl:::PACKAGE_ENERGY_CNT:PACKAGE0
Found: rapl:::PACKAGE_ENERGY_CNT:PACKAGE1
Found: rapl:::DRAM_ENERGY_CNT:PACKAGE0
Found: rapl:::DRAM_ENERGY_CNT:PACKAGE1
Found: rapl:::PP0_ENERGY_CNT:PACKAGE0
Found: rapl:::PP0_ENERGY_CNT:PACKAGE1
Found: rapl:::THERMAL_SPEC:PACKAGE0
Found: rapl:::THERMAL_SPEC:PACKAGE1
Found: rapl:::MINIMUM_POWER:PACKAGE0
Found: rapl:::MINIMUM_POWER:PACKAGE1
Found: rapl:::MAXIMUM_POWER:PACKAGE0
Found: rapl:::MAXIMUM_POWER:PACKAGE1
Found: rapl:::MAXIMUM_TIME_WINDOW:PACKAGE0
Found: rapl:::MAXIMUM_TIME_WINDOW:PACKAGE1
Found: rapl:::PACKAGE_ENERGY:PACKAGE0
Found: rapl:::PACKAGE_ENERGY:PACKAGE1
Found: rapl:::DRAM_ENERGY:PACKAGE0
Found: rapl:::DRAM_ENERGY:PACKAGE1
Found: rapl:::PP0_ENERGY:PACKAGE0
Found: rapl:::PP0_ENERGY:PACKAGE1
Starting Classify and Insert
Classify 999999 999999  
Deleted Edges: 0 
Processed Inserts: 59597
 Unprocessed Inserts: 19
 0.2588 s 0.0000 (* Average Power for rapl:::THERMAL_SPEC_CNT:PACKAGE0 *)
0.2588 s 0.0000 (* Average Power for rapl:::THERMAL_SPEC_CNT:PACKAGE1 *)
0.2588 s 0.0000 (* Average Power for rapl:::MINIMUM_POWER_CNT:PACKAGE0 *)
0.2588 s 0.0000 (* Average Power for rapl:::MINIMUM_POWER_CNT:PACKAGE1 *)
0.2588 s 0.0000 (* Average Power for rapl:::MAXIMUM_POWER_CNT:PACKAGE0 *)
0.2588 s 0.0000 (* Average Power for rapl:::MAXIMUM_POWER_CNT:PACKAGE1 *)
0.2588 s 0.0000 (* Average Power for rapl:::MAXIMUM_TIME_WINDOW_CNT:PACKAGE0 *)
0.2588 s 0.0000 (* Average Power for rapl:::MAXIMUM_TIME_WINDOW_CNT:PACKAGE1 *)
0.2588 s 0.0018 (* Average Power for rapl:::PACKAGE_ENERGY_CNT:PACKAGE0 *)
0.2588 s 0.0015 (* Average Power for rapl:::PACKAGE_ENERGY_CNT:PACKAGE1 *)
0.2588 s 0.0010 (* Average Power for rapl:::DRAM_ENERGY_CNT:PACKAGE0 *)
0.2588 s 0.0010 (* Average Power for rapl:::DRAM_ENERGY_CNT:PACKAGE1 *)
0.2588 s 0.0000 (* Average Power for rapl:::PP0_ENERGY_CNT:PACKAGE0 *)
0.2588 s 0.0000 (* Average Power for rapl:::PP0_ENERGY_CNT:PACKAGE1 *)
0.2588 s 17929402871.4986 (* Average Power for rapl:::THERMAL_SPEC:PACKAGE0 *)
0.2588 s 17929402871.4986 (* Average Power for rapl:::THERMAL_SPEC:PACKAGE1 *)
0.2588 s 17911046095.6911 (* Average Power for rapl:::MINIMUM_POWER:PACKAGE0 *)
0.2588 s 17911046095.6911 (* Average Power for rapl:::MINIMUM_POWER:PACKAGE1 *)
0.2588 s 17946807814.4865 (* Average Power for rapl:::MAXIMUM_POWER:PACKAGE0 *)
0.2588 s 17946807814.4865 (* Average Power for rapl:::MAXIMUM_POWER:PACKAGE1 *)
0.2588 s 17726390528.6791 (* Average Power for rapl:::MAXIMUM_TIME_WINDOW:PACKAGE0 *)
0.2588 s 17726390528.6791 (* Average Power for rapl:::MAXIMUM_TIME_WINDOW:PACKAGE1 *)
0.2588 s 29.1588 (* Total Energy for rapl:::PACKAGE_ENERGY:PACKAGE0 *)
0.2588 s 112.6893 (* Average Power for rapl:::PACKAGE_ENERGY:PACKAGE0 *)
0.2588 s 24.0181 (* Total Energy for rapl:::PACKAGE_ENERGY:PACKAGE1 *)
0.2588 s 92.8222 (* Average Power for rapl:::PACKAGE_ENERGY:PACKAGE1 *)
0.2588 s 15.7286 (* Average Power for rapl:::DRAM_ENERGY:PACKAGE0 *)
0.2588 s 15.0277 (* Average Power for rapl:::DRAM_ENERGY:PACKAGE1 *)
0.2588 s 0.0000 (* Average Power for rapl:::PP0_ENERGY:PACKAGE0 *)
0.2588 s 0.0000 (* Average Power for rapl:::PP0_ENERGY:PACKAGE1 *)
Time for Classify and insert  0.258722 
Found rapl component at cid 2
Found: rapl:::THERMAL_SPEC_CNT:PACKAGE0
Found: rapl:::THERMAL_SPEC_CNT:PACKAGE1
Found: rapl:::MINIMUM_POWER_CNT:PACKAGE0
Found: rapl:::MINIMUM_POWER_CNT:PACKAGE1
Found: rapl:::MAXIMUM_POWER_CNT:PACKAGE0
Found: rapl:::MAXIMUM_POWER_CNT:PACKAGE1
Found: rapl:::MAXIMUM_TIME_WINDOW_CNT:PACKAGE0
Found: rapl:::MAXIMUM_TIME_WINDOW_CNT:PACKAGE1
Found: rapl:::PACKAGE_ENERGY_CNT:PACKAGE0
Found: rapl:::PACKAGE_ENERGY_CNT:PACKAGE1
Found: rapl:::DRAM_ENERGY_CNT:PACKAGE0
Found: rapl:::DRAM_ENERGY_CNT:PACKAGE1
Found: rapl:::PP0_ENERGY_CNT:PACKAGE0
Found: rapl:::PP0_ENERGY_CNT:PACKAGE1
Found: rapl:::THERMAL_SPEC:PACKAGE0
Found: rapl:::THERMAL_SPEC:PACKAGE1
Found: rapl:::MINIMUM_POWER:PACKAGE0
Found: rapl:::MINIMUM_POWER:PACKAGE1
Found: rapl:::MAXIMUM_POWER:PACKAGE0
Found: rapl:::MAXIMUM_POWER:PACKAGE1
Found: rapl:::MAXIMUM_TIME_WINDOW:PACKAGE0
Found: rapl:::MAXIMUM_TIME_WINDOW:PACKAGE1
Found: rapl:::PACKAGE_ENERGY:PACKAGE0
Found: rapl:::PACKAGE_ENERGY:PACKAGE1
Found: rapl:::DRAM_ENERGY:PACKAGE0
Found: rapl:::DRAM_ENERGY:PACKAGE1
Found: rapl:::PP0_ENERGY:PACKAGE0
Found: rapl:::PP0_ENERGY:PACKAGE1
Starting process_deletions
0.0000 s 0.0413 (* Average Power for rapl:::THERMAL_SPEC_CNT:PACKAGE0 *)
0.0000 s 0.0413 (* Average Power for rapl:::THERMAL_SPEC_CNT:PACKAGE1 *)
0.0000 s 0.0196 (* Average Power for rapl:::MINIMUM_POWER_CNT:PACKAGE0 *)
0.0000 s 0.0196 (* Average Power for rapl:::MINIMUM_POWER_CNT:PACKAGE1 *)
0.0000 s 0.0826 (* Average Power for rapl:::MAXIMUM_POWER_CNT:PACKAGE0 *)
0.0000 s 0.0826 (* Average Power for rapl:::MAXIMUM_POWER_CNT:PACKAGE1 *)
0.0000 s 0.0017 (* Average Power for rapl:::MAXIMUM_TIME_WINDOW_CNT:PACKAGE0 *)
0.0000 s 0.0017 (* Average Power for rapl:::MAXIMUM_TIME_WINDOW_CNT:PACKAGE1 *)
0.0000 s 0.0000 (* Average Power for rapl:::PACKAGE_ENERGY_CNT:PACKAGE0 *)
0.0000 s 0.0000 (* Average Power for rapl:::PACKAGE_ENERGY_CNT:PACKAGE1 *)
0.0000 s 0.0000 (* Average Power for rapl:::DRAM_ENERGY_CNT:PACKAGE0 *)
0.0000 s 0.0000 (* Average Power for rapl:::DRAM_ENERGY_CNT:PACKAGE1 *)
0.0000 s 0.0000 (* Average Power for rapl:::PP0_ENERGY_CNT:PACKAGE0 *)
0.0000 s 0.0000 (* Average Power for rapl:::PP0_ENERGY_CNT:PACKAGE1 *)
0.0000 s 165117476973239.9062 (* Average Power for rapl:::THERMAL_SPEC:PACKAGE0 *)
0.0000 s 165117476973239.9062 (* Average Power for rapl:::THERMAL_SPEC:PACKAGE1 *)
0.0000 s 164948423685273.4688 (* Average Power for rapl:::MINIMUM_POWER:PACKAGE0 *)
0.0000 s 164948423685273.4688 (* Average Power for rapl:::MINIMUM_POWER:PACKAGE1 *)
0.0000 s 165277764535163.5938 (* Average Power for rapl:::MAXIMUM_POWER:PACKAGE0 *)
0.0000 s 165277764535163.5938 (* Average Power for rapl:::MAXIMUM_POWER:PACKAGE1 *)
0.0000 s 163247872832989.1250 (* Average Power for rapl:::MAXIMUM_TIME_WINDOW:PACKAGE0 *)
0.0000 s 163247872832989.1250 (* Average Power for rapl:::MAXIMUM_TIME_WINDOW:PACKAGE1 *)
0.0000 s 0.0000 (* Total Energy for rapl:::PACKAGE_ENERGY:PACKAGE0 *)
0.0000 s 0.0000 (* Average Power for rapl:::PACKAGE_ENERGY:PACKAGE0 *)
0.0000 s 0.0000 (* Total Energy for rapl:::PACKAGE_ENERGY:PACKAGE1 *)
0.0000 s 0.0000 (* Average Power for rapl:::PACKAGE_ENERGY:PACKAGE1 *)
0.0000 s 0.0000 (* Average Power for rapl:::DRAM_ENERGY:PACKAGE0 *)
0.0000 s 0.0000 (* Average Power for rapl:::DRAM_ENERGY:PACKAGE1 *)
0.0000 s 0.0000 (* Average Power for rapl:::PP0_ENERGY:PACKAGE0 *)
0.0000 s 0.0000 (* Average Power for rapl:::PP0_ENERGY:PACKAGE1 *)
Time for Deletion  0.000000 
Total Time for Updating at Batch 1 is 0.349729 
Total Time for Updating Rooted Tree at iter 1 is 10.394906 with Rewire:0
Total Time for Updating  10.748995 
Time Taken for Initializing Memory 0.383500 
Highest Edge Value 10 --
Total Time for Reading Remainder Edges 168.717252 
Total Time for Reading Certificate Network 18.619046 
Total Time for Reading Update List 0.418092 
==Update Starts =======
Total Time for Initial Tree Creation  12.240895 
Found rapl component at cid 2
Found: rapl:::THERMAL_SPEC_CNT:PACKAGE0
Found: rapl:::THERMAL_SPEC_CNT:PACKAGE1
Found: rapl:::MINIMUM_POWER_CNT:PACKAGE0
Found: rapl:::MINIMUM_POWER_CNT:PACKAGE1
Found: rapl:::MAXIMUM_POWER_CNT:PACKAGE0
Found: rapl:::MAXIMUM_POWER_CNT:PACKAGE1
Found: rapl:::MAXIMUM_TIME_WINDOW_CNT:PACKAGE0
Found: rapl:::MAXIMUM_TIME_WINDOW_CNT:PACKAGE1
Found: rapl:::PACKAGE_ENERGY_CNT:PACKAGE0
Found: rapl:::PACKAGE_ENERGY_CNT:PACKAGE1
Found: rapl:::DRAM_ENERGY_CNT:PACKAGE0
Found: rapl:::DRAM_ENERGY_CNT:PACKAGE1
Found: rapl:::PP0_ENERGY_CNT:PACKAGE0
Found: rapl:::PP0_ENERGY_CNT:PACKAGE1
Found: rapl:::THERMAL_SPEC:PACKAGE0
Found: rapl:::THERMAL_SPEC:PACKAGE1
Found: rapl:::MINIMUM_POWER:PACKAGE0
Found: rapl:::MINIMUM_POWER:PACKAGE1
Found: rapl:::MAXIMUM_POWER:PACKAGE0
Found: rapl:::MAXIMUM_POWER:PACKAGE1
Found: rapl:::MAXIMUM_TIME_WINDOW:PACKAGE0
Found: rapl:::MAXIMUM_TIME_WINDOW:PACKAGE1
Found: rapl:::PACKAGE_ENERGY:PACKAGE0
Found: rapl:::PACKAGE_ENERGY:PACKAGE1
Found: rapl:::DRAM_ENERGY:PACKAGE0
Found: rapl:::DRAM_ENERGY:PACKAGE1
Found: rapl:::PP0_ENERGY:PACKAGE0
Found: rapl:::PP0_ENERGY:PACKAGE1
Starting Classify and Insert
Classify 999999 999999  
Deleted Edges: 0 
Processed Inserts: 59597
 Unprocessed Inserts: 10
 0.3105 s 0.0000 (* Average Power for rapl:::THERMAL_SPEC_CNT:PACKAGE0 *)
0.3105 s 0.0000 (* Average Power for rapl:::THERMAL_SPEC_CNT:PACKAGE1 *)
0.3105 s 0.0000 (* Average Power for rapl:::MINIMUM_POWER_CNT:PACKAGE0 *)
0.3105 s 0.0000 (* Average Power for rapl:::MINIMUM_POWER_CNT:PACKAGE1 *)
0.3105 s 0.0000 (* Average Power for rapl:::MAXIMUM_POWER_CNT:PACKAGE0 *)
0.3105 s 0.0000 (* Average Power for rapl:::MAXIMUM_POWER_CNT:PACKAGE1 *)
0.3105 s 0.0000 (* Average Power for rapl:::MAXIMUM_TIME_WINDOW_CNT:PACKAGE0 *)
0.3105 s 0.0000 (* Average Power for rapl:::MAXIMUM_TIME_WINDOW_CNT:PACKAGE1 *)
0.3105 s 0.0013 (* Average Power for rapl:::PACKAGE_ENERGY_CNT:PACKAGE0 *)
0.3105 s 0.0016 (* Average Power for rapl:::PACKAGE_ENERGY_CNT:PACKAGE1 *)
0.3105 s 0.0010 (* Average Power for rapl:::DRAM_ENERGY_CNT:PACKAGE0 *)
0.3105 s 0.0010 (* Average Power for rapl:::DRAM_ENERGY_CNT:PACKAGE1 *)
0.3105 s 0.0000 (* Average Power for rapl:::PP0_ENERGY_CNT:PACKAGE0 *)
0.3105 s 0.0000 (* Average Power for rapl:::PP0_ENERGY_CNT:PACKAGE1 *)
0.3105 s 14941239294.3354 (* Average Power for rapl:::THERMAL_SPEC:PACKAGE0 *)
0.3105 s 14941239294.3354 (* Average Power for rapl:::THERMAL_SPEC:PACKAGE1 *)
0.3105 s 14925941909.2535 (* Average Power for rapl:::MINIMUM_POWER:PACKAGE0 *)
0.3105 s 14925941909.2535 (* Average Power for rapl:::MINIMUM_POWER:PACKAGE1 *)
0.3105 s 14955743481.6722 (* Average Power for rapl:::MAXIMUM_POWER:PACKAGE0 *)
0.3105 s 14955743481.6722 (* Average Power for rapl:::MAXIMUM_POWER:PACKAGE1 *)
0.3105 s 14772061546.7266 (* Average Power for rapl:::MAXIMUM_TIME_WINDOW:PACKAGE0 *)
0.3105 s 14772061546.7266 (* Average Power for rapl:::MAXIMUM_TIME_WINDOW:PACKAGE1 *)
0.3105 s 24.8561 (* Total Energy for rapl:::PACKAGE_ENERGY:PACKAGE0 *)
0.3105 s 80.0511 (* Average Power for rapl:::PACKAGE_ENERGY:PACKAGE0 *)
0.3105 s 30.1344 (* Total Energy for rapl:::PACKAGE_ENERGY:PACKAGE1 *)
0.3105 s 97.0501 (* Average Power for rapl:::PACKAGE_ENERGY:PACKAGE1 *)
0.3105 s 15.4697 (* Average Power for rapl:::DRAM_ENERGY:PACKAGE0 *)
0.3105 s 15.1837 (* Average Power for rapl:::DRAM_ENERGY:PACKAGE1 *)
0.3105 s 0.0000 (* Average Power for rapl:::PP0_ENERGY:PACKAGE0 *)
0.3105 s 0.0000 (* Average Power for rapl:::PP0_ENERGY:PACKAGE1 *)
Time for Classify and insert  0.310448 
Found rapl component at cid 2
Found: rapl:::THERMAL_SPEC_CNT:PACKAGE0
Found: rapl:::THERMAL_SPEC_CNT:PACKAGE1
Found: rapl:::MINIMUM_POWER_CNT:PACKAGE0
Found: rapl:::MINIMUM_POWER_CNT:PACKAGE1
Found: rapl:::MAXIMUM_POWER_CNT:PACKAGE0
Found: rapl:::MAXIMUM_POWER_CNT:PACKAGE1
Found: rapl:::MAXIMUM_TIME_WINDOW_CNT:PACKAGE0
Found: rapl:::MAXIMUM_TIME_WINDOW_CNT:PACKAGE1
Found: rapl:::PACKAGE_ENERGY_CNT:PACKAGE0
Found: rapl:::PACKAGE_ENERGY_CNT:PACKAGE1
Found: rapl:::DRAM_ENERGY_CNT:PACKAGE0
Found: rapl:::DRAM_ENERGY_CNT:PACKAGE1
Found: rapl:::PP0_ENERGY_CNT:PACKAGE0
Found: rapl:::PP0_ENERGY_CNT:PACKAGE1
Found: rapl:::THERMAL_SPEC:PACKAGE0
Found: rapl:::THERMAL_SPEC:PACKAGE1
Found: rapl:::MINIMUM_POWER:PACKAGE0
Found: rapl:::MINIMUM_POWER:PACKAGE1
Found: rapl:::MAXIMUM_POWER:PACKAGE0
Found: rapl:::MAXIMUM_POWER:PACKAGE1
Found: rapl:::MAXIMUM_TIME_WINDOW:PACKAGE0
Found: rapl:::MAXIMUM_TIME_WINDOW:PACKAGE1
Found: rapl:::PACKAGE_ENERGY:PACKAGE0
Found: rapl:::PACKAGE_ENERGY:PACKAGE1
Found: rapl:::DRAM_ENERGY:PACKAGE0
Found: rapl:::DRAM_ENERGY:PACKAGE1
Found: rapl:::PP0_ENERGY:PACKAGE0
Found: rapl:::PP0_ENERGY:PACKAGE1
Starting process_deletions
0.0000 s 0.0445 (* Average Power for rapl:::THERMAL_SPEC_CNT:PACKAGE0 *)
0.0000 s 0.0445 (* Average Power for rapl:::THERMAL_SPEC_CNT:PACKAGE1 *)
0.0000 s 0.0212 (* Average Power for rapl:::MINIMUM_POWER_CNT:PACKAGE0 *)
0.0000 s 0.0212 (* Average Power for rapl:::MINIMUM_POWER_CNT:PACKAGE1 *)
0.0000 s 0.0890 (* Average Power for rapl:::MAXIMUM_POWER_CNT:PACKAGE0 *)
0.0000 s 0.0890 (* Average Power for rapl:::MAXIMUM_POWER_CNT:PACKAGE1 *)
0.0000 s 0.0018 (* Average Power for rapl:::MAXIMUM_TIME_WINDOW_CNT:PACKAGE0 *)
0.0000 s 0.0018 (* Average Power for rapl:::MAXIMUM_TIME_WINDOW_CNT:PACKAGE1 *)
0.0000 s 0.0000 (* Average Power for rapl:::PACKAGE_ENERGY_CNT:PACKAGE0 *)
0.0000 s 0.0000 (* Average Power for rapl:::PACKAGE_ENERGY_CNT:PACKAGE1 *)
0.0000 s 0.0000 (* Average Power for rapl:::DRAM_ENERGY_CNT:PACKAGE0 *)
0.0000 s 0.0000 (* Average Power for rapl:::DRAM_ENERGY_CNT:PACKAGE1 *)
0.0000 s 0.0000 (* Average Power for rapl:::PP0_ENERGY_CNT:PACKAGE0 *)
0.0000 s 0.0000 (* Average Power for rapl:::PP0_ENERGY_CNT:PACKAGE1 *)
0.0000 s 178071843953368.9688 (* Average Power for rapl:::THERMAL_SPEC:PACKAGE0 *)
0.0000 s 178071843953368.9688 (* Average Power for rapl:::THERMAL_SPEC:PACKAGE1 *)
0.0000 s 177889527512575.4688 (* Average Power for rapl:::MINIMUM_POWER:PACKAGE0 *)
0.0000 s 177889527512575.4688 (* Average Power for rapl:::MINIMUM_POWER:PACKAGE1 *)
0.0000 s 178244706949084.2188 (* Average Power for rapl:::MAXIMUM_POWER:PACKAGE0 *)
0.0000 s 178244706949084.2188 (* Average Power for rapl:::MAXIMUM_POWER:PACKAGE1 *)
0.0000 s 176055559167408.5625 (* Average Power for rapl:::MAXIMUM_TIME_WINDOW:PACKAGE0 *)
0.0000 s 176055559167408.5625 (* Average Power for rapl:::MAXIMUM_TIME_WINDOW:PACKAGE1 *)
0.0000 s 0.0000 (* Total Energy for rapl:::PACKAGE_ENERGY:PACKAGE0 *)
0.0000 s 0.0000 (* Average Power for rapl:::PACKAGE_ENERGY:PACKAGE0 *)
0.0000 s 0.0000 (* Total Energy for rapl:::PACKAGE_ENERGY:PACKAGE1 *)
0.0000 s 0.0000 (* Average Power for rapl:::PACKAGE_ENERGY:PACKAGE1 *)
0.0000 s 0.0000 (* Average Power for rapl:::DRAM_ENERGY:PACKAGE0 *)
0.0000 s 0.0000 (* Average Power for rapl:::DRAM_ENERGY:PACKAGE1 *)
0.0000 s 0.0000 (* Average Power for rapl:::PP0_ENERGY:PACKAGE0 *)
0.0000 s 0.0000 (* Average Power for rapl:::PP0_ENERGY:PACKAGE1 *)
Time for Deletion  0.000000 
Total Time for Updating at Batch 1 is 0.428586 
Total Time for Updating Rooted Tree at iter 1 is 10.160455 with Rewire:0
Total Time for Updating  10.592925 
Time Taken for Initializing Memory 0.388956 
Highest Edge Value 10 --
Total Time for Reading Remainder Edges 169.018457 
Total Time for Reading Certificate Network 18.702286 
Total Time for Reading Update List 0.419027 
==Update Starts =======
Total Time for Initial Tree Creation  9.742851 
Found rapl component at cid 2
Found: rapl:::THERMAL_SPEC_CNT:PACKAGE0
Found: rapl:::THERMAL_SPEC_CNT:PACKAGE1
Found: rapl:::MINIMUM_POWER_CNT:PACKAGE0
Found: rapl:::MINIMUM_POWER_CNT:PACKAGE1
Found: rapl:::MAXIMUM_POWER_CNT:PACKAGE0
Found: rapl:::MAXIMUM_POWER_CNT:PACKAGE1
Found: rapl:::MAXIMUM_TIME_WINDOW_CNT:PACKAGE0
Found: rapl:::MAXIMUM_TIME_WINDOW_CNT:PACKAGE1
Found: rapl:::PACKAGE_ENERGY_CNT:PACKAGE0
Found: rapl:::PACKAGE_ENERGY_CNT:PACKAGE1
Found: rapl:::DRAM_ENERGY_CNT:PACKAGE0
Found: rapl:::DRAM_ENERGY_CNT:PACKAGE1
Found: rapl:::PP0_ENERGY_CNT:PACKAGE0
Found: rapl:::PP0_ENERGY_CNT:PACKAGE1
Found: rapl:::THERMAL_SPEC:PACKAGE0
Found: rapl:::THERMAL_SPEC:PACKAGE1
Found: rapl:::MINIMUM_POWER:PACKAGE0
Found: rapl:::MINIMUM_POWER:PACKAGE1
Found: rapl:::MAXIMUM_POWER:PACKAGE0
Found: rapl:::MAXIMUM_POWER:PACKAGE1
Found: rapl:::MAXIMUM_TIME_WINDOW:PACKAGE0
Found: rapl:::MAXIMUM_TIME_WINDOW:PACKAGE1
Found: rapl:::PACKAGE_ENERGY:PACKAGE0
Found: rapl:::PACKAGE_ENERGY:PACKAGE1
Found: rapl:::DRAM_ENERGY:PACKAGE0
Found: rapl:::DRAM_ENERGY:PACKAGE1
Found: rapl:::PP0_ENERGY:PACKAGE0
Found: rapl:::PP0_ENERGY:PACKAGE1
Starting Classify and Insert
Classify 999999 999999  
Deleted Edges: 0 
Processed Inserts: 59597
 Unprocessed Inserts: 14
 0.2572 s 0.0000 (* Average Power for rapl:::THERMAL_SPEC_CNT:PACKAGE0 *)
0.2572 s 0.0000 (* Average Power for rapl:::THERMAL_SPEC_CNT:PACKAGE1 *)
0.2572 s 0.0000 (* Average Power for rapl:::MINIMUM_POWER_CNT:PACKAGE0 *)
0.2572 s 0.0000 (* Average Power for rapl:::MINIMUM_POWER_CNT:PACKAGE1 *)
0.2572 s 0.0000 (* Average Power for rapl:::MAXIMUM_POWER_CNT:PACKAGE0 *)
0.2572 s 0.0000 (* Average Power for rapl:::MAXIMUM_POWER_CNT:PACKAGE1 *)
0.2572 s 0.0000 (* Average Power for rapl:::MAXIMUM_TIME_WINDOW_CNT:PACKAGE0 *)
0.2572 s 0.0000 (* Average Power for rapl:::MAXIMUM_TIME_WINDOW_CNT:PACKAGE1 *)
0.2572 s 0.0017 (* Average Power for rapl:::PACKAGE_ENERGY_CNT:PACKAGE0 *)
0.2572 s 0.0017 (* Average Power for rapl:::PACKAGE_ENERGY_CNT:PACKAGE1 *)
0.2572 s 0.0010 (* Average Power for rapl:::DRAM_ENERGY_CNT:PACKAGE0 *)
0.2572 s 0.0011 (* Average Power for rapl:::DRAM_ENERGY_CNT:PACKAGE1 *)
0.2572 s 0.0000 (* Average Power for rapl:::PP0_ENERGY_CNT:PACKAGE0 *)
0.2572 s 0.0000 (* Average Power for rapl:::PP0_ENERGY_CNT:PACKAGE1 *)
0.2572 s 18035120966.7401 (* Average Power for rapl:::THERMAL_SPEC:PACKAGE0 *)
0.2572 s 18035120966.7401 (* Average Power for rapl:::THERMAL_SPEC:PACKAGE1 *)
0.2572 s 18016655952.8954 (* Average Power for rapl:::MINIMUM_POWER:PACKAGE0 *)
0.2572 s 18016655952.8954 (* Average Power for rapl:::MINIMUM_POWER:PACKAGE1 *)
0.2572 s 18052628535.4224 (* Average Power for rapl:::MAXIMUM_POWER:PACKAGE0 *)
0.2572 s 18052628535.4224 (* Average Power for rapl:::MAXIMUM_POWER:PACKAGE1 *)
0.2572 s 17830911591.4066 (* Average Power for rapl:::MAXIMUM_TIME_WINDOW:PACKAGE0 *)
0.2572 s 17830911591.4066 (* Average Power for rapl:::MAXIMUM_TIME_WINDOW:PACKAGE1 *)
0.2572 s 26.1233 (* Total Energy for rapl:::PACKAGE_ENERGY:PACKAGE0 *)
0.2572 s 101.5533 (* Average Power for rapl:::PACKAGE_ENERGY:PACKAGE0 *)
0.2572 s 26.7161 (* Total Energy for rapl:::PACKAGE_ENERGY:PACKAGE1 *)
0.2572 s 103.8579 (* Average Power for rapl:::PACKAGE_ENERGY:PACKAGE1 *)
0.2572 s 14.5369 (* Average Power for rapl:::DRAM_ENERGY:PACKAGE0 *)
0.2572 s 16.3895 (* Average Power for rapl:::DRAM_ENERGY:PACKAGE1 *)
0.2572 s 0.0000 (* Average Power for rapl:::PP0_ENERGY:PACKAGE0 *)
0.2572 s 0.0000 (* Average Power for rapl:::PP0_ENERGY:PACKAGE1 *)
Time for Classify and insert  0.257175 
Found rapl component at cid 2
Found: rapl:::THERMAL_SPEC_CNT:PACKAGE0
Found: rapl:::THERMAL_SPEC_CNT:PACKAGE1
Found: rapl:::MINIMUM_POWER_CNT:PACKAGE0
Found: rapl:::MINIMUM_POWER_CNT:PACKAGE1
Found: rapl:::MAXIMUM_POWER_CNT:PACKAGE0
Found: rapl:::MAXIMUM_POWER_CNT:PACKAGE1
Found: rapl:::MAXIMUM_TIME_WINDOW_CNT:PACKAGE0
Found: rapl:::MAXIMUM_TIME_WINDOW_CNT:PACKAGE1
Found: rapl:::PACKAGE_ENERGY_CNT:PACKAGE0
Found: rapl:::PACKAGE_ENERGY_CNT:PACKAGE1
Found: rapl:::DRAM_ENERGY_CNT:PACKAGE0
Found: rapl:::DRAM_ENERGY_CNT:PACKAGE1
Found: rapl:::PP0_ENERGY_CNT:PACKAGE0
Found: rapl:::PP0_ENERGY_CNT:PACKAGE1
Found: rapl:::THERMAL_SPEC:PACKAGE0
Found: rapl:::THERMAL_SPEC:PACKAGE1
Found: rapl:::MINIMUM_POWER:PACKAGE0
Found: rapl:::MINIMUM_POWER:PACKAGE1
Found: rapl:::MAXIMUM_POWER:PACKAGE0
Found: rapl:::MAXIMUM_POWER:PACKAGE1
Found: rapl:::MAXIMUM_TIME_WINDOW:PACKAGE0
Found: rapl:::MAXIMUM_TIME_WINDOW:PACKAGE1
Found: rapl:::PACKAGE_ENERGY:PACKAGE0
Found: rapl:::PACKAGE_ENERGY:PACKAGE1
Found: rapl:::DRAM_ENERGY:PACKAGE0
Found: rapl:::DRAM_ENERGY:PACKAGE1
Found: rapl:::PP0_ENERGY:PACKAGE0
Found: rapl:::PP0_ENERGY:PACKAGE1
Starting process_deletions
0.0000 s 0.0394 (* Average Power for rapl:::THERMAL_SPEC_CNT:PACKAGE0 *)
0.0000 s 0.0394 (* Average Power for rapl:::THERMAL_SPEC_CNT:PACKAGE1 *)
0.0000 s 0.0188 (* Average Power for rapl:::MINIMUM_POWER_CNT:PACKAGE0 *)
0.0000 s 0.0188 (* Average Power for rapl:::MINIMUM_POWER_CNT:PACKAGE1 *)
0.0000 s 0.0788 (* Average Power for rapl:::MAXIMUM_POWER_CNT:PACKAGE0 *)
0.0000 s 0.0788 (* Average Power for rapl:::MAXIMUM_POWER_CNT:PACKAGE1 *)
0.0000 s 0.0016 (* Average Power for rapl:::MAXIMUM_TIME_WINDOW_CNT:PACKAGE0 *)
0.0000 s 0.0016 (* Average Power for rapl:::MAXIMUM_TIME_WINDOW_CNT:PACKAGE1 *)
0.0000 s 0.0000 (* Average Power for rapl:::PACKAGE_ENERGY_CNT:PACKAGE0 *)
0.0000 s 0.0000 (* Average Power for rapl:::PACKAGE_ENERGY_CNT:PACKAGE1 *)
0.0000 s 0.0000 (* Average Power for rapl:::DRAM_ENERGY_CNT:PACKAGE0 *)
0.0000 s 0.0000 (* Average Power for rapl:::DRAM_ENERGY_CNT:PACKAGE1 *)
0.0000 s 0.0000 (* Average Power for rapl:::PP0_ENERGY_CNT:PACKAGE0 *)
0.0000 s 0.0000 (* Average Power for rapl:::PP0_ENERGY_CNT:PACKAGE1 *)
0.0000 s 157660088034973.1875 (* Average Power for rapl:::THERMAL_SPEC:PACKAGE0 *)
0.0000 s 157660088034973.1875 (* Average Power for rapl:::THERMAL_SPEC:PACKAGE1 *)
0.0000 s 157498669893465.9375 (* Average Power for rapl:::MINIMUM_POWER:PACKAGE0 *)
0.0000 s 157498669893465.9375 (* Average Power for rapl:::MINIMUM_POWER:PACKAGE1 *)
0.0000 s 157813136346920.7812 (* Average Power for rapl:::MAXIMUM_POWER:PACKAGE0 *)
0.0000 s 157813136346920.7812 (* Average Power for rapl:::MAXIMUM_POWER:PACKAGE1 *)
0.0000 s 155874922958896.7188 (* Average Power for rapl:::MAXIMUM_TIME_WINDOW:PACKAGE0 *)
0.0000 s 155874922958896.7188 (* Average Power for rapl:::MAXIMUM_TIME_WINDOW:PACKAGE1 *)
0.0000 s 0.0000 (* Total Energy for rapl:::PACKAGE_ENERGY:PACKAGE0 *)
0.0000 s 0.0000 (* Average Power for rapl:::PACKAGE_ENERGY:PACKAGE0 *)
0.0000 s 0.0000 (* Total Energy for rapl:::PACKAGE_ENERGY:PACKAGE1 *)
0.0000 s 0.0000 (* Average Power for rapl:::PACKAGE_ENERGY:PACKAGE1 *)
0.0000 s 0.0000 (* Average Power for rapl:::DRAM_ENERGY:PACKAGE0 *)
0.0000 s 0.0000 (* Average Power for rapl:::DRAM_ENERGY:PACKAGE1 *)
0.0000 s 0.0000 (* Average Power for rapl:::PP0_ENERGY:PACKAGE0 *)
0.0000 s 0.0000 (* Average Power for rapl:::PP0_ENERGY:PACKAGE1 *)
Time for Deletion  0.000000 
Total Time for Updating at Batch 1 is 0.350046 
Total Time for Updating Rooted Tree at iter 1 is 10.149999 with Rewire:0
Total Time for Updating  10.504218 
Time Taken for Initializing Memory 0.388504 
Highest Edge Value 10 --
Total Time for Reading Remainder Edges 168.824498 
Total Time for Reading Certificate Network 20.568336 
Total Time for Reading Update List 0.419125 
==Update Starts =======
Total Time for Initial Tree Creation  9.779539 
Found rapl component at cid 2
Found: rapl:::THERMAL_SPEC_CNT:PACKAGE0
Found: rapl:::THERMAL_SPEC_CNT:PACKAGE1
Found: rapl:::MINIMUM_POWER_CNT:PACKAGE0
Found: rapl:::MINIMUM_POWER_CNT:PACKAGE1
Found: rapl:::MAXIMUM_POWER_CNT:PACKAGE0
Found: rapl:::MAXIMUM_POWER_CNT:PACKAGE1
Found: rapl:::MAXIMUM_TIME_WINDOW_CNT:PACKAGE0
Found: rapl:::MAXIMUM_TIME_WINDOW_CNT:PACKAGE1
Found: rapl:::PACKAGE_ENERGY_CNT:PACKAGE0
Found: rapl:::PACKAGE_ENERGY_CNT:PACKAGE1
Found: rapl:::DRAM_ENERGY_CNT:PACKAGE0
Found: rapl:::DRAM_ENERGY_CNT:PACKAGE1
Found: rapl:::PP0_ENERGY_CNT:PACKAGE0
Found: rapl:::PP0_ENERGY_CNT:PACKAGE1
Found: rapl:::THERMAL_SPEC:PACKAGE0
Found: rapl:::THERMAL_SPEC:PACKAGE1
Found: rapl:::MINIMUM_POWER:PACKAGE0
Found: rapl:::MINIMUM_POWER:PACKAGE1
Found: rapl:::MAXIMUM_POWER:PACKAGE0
Found: rapl:::MAXIMUM_POWER:PACKAGE1
Found: rapl:::MAXIMUM_TIME_WINDOW:PACKAGE0
Found: rapl:::MAXIMUM_TIME_WINDOW:PACKAGE1
Found: rapl:::PACKAGE_ENERGY:PACKAGE0
Found: rapl:::PACKAGE_ENERGY:PACKAGE1
Found: rapl:::DRAM_ENERGY:PACKAGE0
Found: rapl:::DRAM_ENERGY:PACKAGE1
Found: rapl:::PP0_ENERGY:PACKAGE0
Found: rapl:::PP0_ENERGY:PACKAGE1
Starting Classify and Insert
Classify 999999 999999  
Deleted Edges: 0 
Processed Inserts: 59447
 Unprocessed Inserts: 14
 0.2657 s 0.0000 (* Average Power for rapl:::THERMAL_SPEC_CNT:PACKAGE0 *)
0.2657 s 0.0000 (* Average Power for rapl:::THERMAL_SPEC_CNT:PACKAGE1 *)
0.2657 s 0.0000 (* Average Power for rapl:::MINIMUM_POWER_CNT:PACKAGE0 *)
0.2657 s 0.0000 (* Average Power for rapl:::MINIMUM_POWER_CNT:PACKAGE1 *)
0.2657 s 0.0000 (* Average Power for rapl:::MAXIMUM_POWER_CNT:PACKAGE0 *)
0.2657 s 0.0000 (* Average Power for rapl:::MAXIMUM_POWER_CNT:PACKAGE1 *)
0.2657 s 0.0000 (* Average Power for rapl:::MAXIMUM_TIME_WINDOW_CNT:PACKAGE0 *)
0.2657 s 0.0000 (* Average Power for rapl:::MAXIMUM_TIME_WINDOW_CNT:PACKAGE1 *)
0.2657 s 0.0014 (* Average Power for rapl:::PACKAGE_ENERGY_CNT:PACKAGE0 *)
0.2657 s 0.0017 (* Average Power for rapl:::PACKAGE_ENERGY_CNT:PACKAGE1 *)
0.2657 s 0.0010 (* Average Power for rapl:::DRAM_ENERGY_CNT:PACKAGE0 *)
0.2657 s 0.0011 (* Average Power for rapl:::DRAM_ENERGY_CNT:PACKAGE1 *)
0.2657 s 0.0000 (* Average Power for rapl:::PP0_ENERGY_CNT:PACKAGE0 *)
0.2657 s 0.0000 (* Average Power for rapl:::PP0_ENERGY_CNT:PACKAGE1 *)
0.2657 s 17461861785.5780 (* Average Power for rapl:::THERMAL_SPEC:PACKAGE0 *)
0.2657 s 17461861785.5780 (* Average Power for rapl:::THERMAL_SPEC:PACKAGE1 *)
0.2657 s 17443983695.3662 (* Average Power for rapl:::MINIMUM_POWER:PACKAGE0 *)
0.2657 s 17443983695.3662 (* Average Power for rapl:::MINIMUM_POWER:PACKAGE1 *)
0.2657 s 17478812863.7047 (* Average Power for rapl:::MAXIMUM_POWER:PACKAGE0 *)
0.2657 s 17478812863.7047 (* Average Power for rapl:::MAXIMUM_POWER:PACKAGE1 *)
0.2657 s 17264143350.8656 (* Average Power for rapl:::MAXIMUM_TIME_WINDOW:PACKAGE0 *)
0.2657 s 17264143350.8656 (* Average Power for rapl:::MAXIMUM_TIME_WINDOW:PACKAGE1 *)
0.2657 s 23.0119 (* Total Energy for rapl:::PACKAGE_ENERGY:PACKAGE0 *)
0.2657 s 86.6144 (* Average Power for rapl:::PACKAGE_ENERGY:PACKAGE0 *)
0.2657 s 28.0740 (* Total Energy for rapl:::PACKAGE_ENERGY:PACKAGE1 *)
0.2657 s 105.6677 (* Average Power for rapl:::PACKAGE_ENERGY:PACKAGE1 *)
0.2657 s 14.6127 (* Average Power for rapl:::DRAM_ENERGY:PACKAGE0 *)
0.2657 s 16.3928 (* Average Power for rapl:::DRAM_ENERGY:PACKAGE1 *)
0.2657 s 0.0000 (* Average Power for rapl:::PP0_ENERGY:PACKAGE0 *)
0.2657 s 0.0000 (* Average Power for rapl:::PP0_ENERGY:PACKAGE1 *)
Time for Classify and insert  0.265622 
Found rapl component at cid 2
Found: rapl:::THERMAL_SPEC_CNT:PACKAGE0
Found: rapl:::THERMAL_SPEC_CNT:PACKAGE1
Found: rapl:::MINIMUM_POWER_CNT:PACKAGE0
Found: rapl:::MINIMUM_POWER_CNT:PACKAGE1
Found: rapl:::MAXIMUM_POWER_CNT:PACKAGE0
Found: rapl:::MAXIMUM_POWER_CNT:PACKAGE1
Found: rapl:::MAXIMUM_TIME_WINDOW_CNT:PACKAGE0
Found: rapl:::MAXIMUM_TIME_WINDOW_CNT:PACKAGE1
Found: rapl:::PACKAGE_ENERGY_CNT:PACKAGE0
Found: rapl:::PACKAGE_ENERGY_CNT:PACKAGE1
Found: rapl:::DRAM_ENERGY_CNT:PACKAGE0
Found: rapl:::DRAM_ENERGY_CNT:PACKAGE1
Found: rapl:::PP0_ENERGY_CNT:PACKAGE0
Found: rapl:::PP0_ENERGY_CNT:PACKAGE1
Found: rapl:::THERMAL_SPEC:PACKAGE0
Found: rapl:::THERMAL_SPEC:PACKAGE1
Found: rapl:::MINIMUM_POWER:PACKAGE0
Found: rapl:::MINIMUM_POWER:PACKAGE1
Found: rapl:::MAXIMUM_POWER:PACKAGE0
Found: rapl:::MAXIMUM_POWER:PACKAGE1
Found: rapl:::MAXIMUM_TIME_WINDOW:PACKAGE0
Found: rapl:::MAXIMUM_TIME_WINDOW:PACKAGE1
Found: rapl:::PACKAGE_ENERGY:PACKAGE0
Found: rapl:::PACKAGE_ENERGY:PACKAGE1
Found: rapl:::DRAM_ENERGY:PACKAGE0
Found: rapl:::DRAM_ENERGY:PACKAGE1
Found: rapl:::PP0_ENERGY:PACKAGE0
Found: rapl:::PP0_ENERGY:PACKAGE1
Starting process_deletions
0.0000 s 0.0377 (* Average Power for rapl:::THERMAL_SPEC_CNT:PACKAGE0 *)
0.0000 s 0.0377 (* Average Power for rapl:::THERMAL_SPEC_CNT:PACKAGE1 *)
0.0000 s 0.0179 (* Average Power for rapl:::MINIMUM_POWER_CNT:PACKAGE0 *)
0.0000 s 0.0179 (* Average Power for rapl:::MINIMUM_POWER_CNT:PACKAGE1 *)
0.0000 s 0.0753 (* Average Power for rapl:::MAXIMUM_POWER_CNT:PACKAGE0 *)
0.0000 s 0.0753 (* Average Power for rapl:::MAXIMUM_POWER_CNT:PACKAGE1 *)
0.0000 s 0.0015 (* Average Power for rapl:::MAXIMUM_TIME_WINDOW_CNT:PACKAGE0 *)
0.0000 s 0.0015 (* Average Power for rapl:::MAXIMUM_TIME_WINDOW_CNT:PACKAGE1 *)
0.0000 s 0.0000 (* Average Power for rapl:::PACKAGE_ENERGY_CNT:PACKAGE0 *)
0.0000 s 0.0000 (* Average Power for rapl:::PACKAGE_ENERGY_CNT:PACKAGE1 *)
0.0000 s 0.0000 (* Average Power for rapl:::DRAM_ENERGY_CNT:PACKAGE0 *)
0.0000 s 0.0000 (* Average Power for rapl:::DRAM_ENERGY_CNT:PACKAGE1 *)
0.0000 s 0.0000 (* Average Power for rapl:::PP0_ENERGY_CNT:PACKAGE0 *)
0.0000 s 0.0000 (* Average Power for rapl:::PP0_ENERGY_CNT:PACKAGE1 *)
0.0000 s 150636591678586.9688 (* Average Power for rapl:::THERMAL_SPEC:PACKAGE0 *)
0.0000 s 150636591678586.9688 (* Average Power for rapl:::THERMAL_SPEC:PACKAGE1 *)
0.0000 s 150482364448507.3438 (* Average Power for rapl:::MINIMUM_POWER:PACKAGE0 *)
0.0000 s 150482364448507.3438 (* Average Power for rapl:::MINIMUM_POWER:PACKAGE1 *)
0.0000 s 150782821941180.9688 (* Average Power for rapl:::MAXIMUM_POWER:PACKAGE0 *)
0.0000 s 150782821941180.9688 (* Average Power for rapl:::MAXIMUM_POWER:PACKAGE1 *)
0.0000 s 148930952756298.9375 (* Average Power for rapl:::MAXIMUM_TIME_WINDOW:PACKAGE0 *)
0.0000 s 148930952756298.9375 (* Average Power for rapl:::MAXIMUM_TIME_WINDOW:PACKAGE1 *)
0.0000 s 0.0000 (* Total Energy for rapl:::PACKAGE_ENERGY:PACKAGE0 *)
0.0000 s 0.0000 (* Average Power for rapl:::PACKAGE_ENERGY:PACKAGE0 *)
0.0000 s 0.0000 (* Total Energy for rapl:::PACKAGE_ENERGY:PACKAGE1 *)
0.0000 s 0.0000 (* Average Power for rapl:::PACKAGE_ENERGY:PACKAGE1 *)
0.0000 s 0.0000 (* Average Power for rapl:::DRAM_ENERGY:PACKAGE0 *)
0.0000 s 0.0000 (* Average Power for rapl:::DRAM_ENERGY:PACKAGE1 *)
0.0000 s 0.0000 (* Average Power for rapl:::PP0_ENERGY:PACKAGE0 *)
0.0000 s 0.0000 (* Average Power for rapl:::PP0_ENERGY:PACKAGE1 *)
Time for Deletion  0.000000 
Total Time for Updating at Batch 1 is 0.356469 
Total Time for Updating Rooted Tree at iter 1 is 10.602973 with Rewire:0
Total Time for Updating  10.963885 
