Time Taken for Initializing Memory 0.384091 
Highest Edge Value 10 --
Total Time for Reading Remainder Edges 167.669990 
Total Time for Reading Certificate Network 18.817697 
Total Time for Reading Update List 0.427823 
==Update Starts =======
Total Time for Initial Tree Creation  7.204303 
Found rapl component at cid 2
Found: rapl:::THERMAL_SPEC_CNT:PACKAGE0
Found: rapl:::THERMAL_SPEC_CNT:PACKAGE1
Found: rapl:::MINIMUM_POWER_CNT:PACKAGE0
Found: rapl:::MINIMUM_POWER_CNT:PACKAGE1
Found: rapl:::MAXIMUM_POWER_CNT:PACKAGE0
Found: rapl:::MAXIMUM_POWER_CNT:PACKAGE1
Found: rapl:::MAXIMUM_TIME_WINDOW_CNT:PACKAGE0
Found: rapl:::MAXIMUM_TIME_WINDOW_CNT:PACKAGE1
Found: rapl:::PACKAGE_ENERGY_CNT:PACKAGE0
Found: rapl:::PACKAGE_ENERGY_CNT:PACKAGE1
Found: rapl:::DRAM_ENERGY_CNT:PACKAGE0
Found: rapl:::DRAM_ENERGY_CNT:PACKAGE1
Found: rapl:::PP0_ENERGY_CNT:PACKAGE0
Found: rapl:::PP0_ENERGY_CNT:PACKAGE1
Found: rapl:::THERMAL_SPEC:PACKAGE0
Found: rapl:::THERMAL_SPEC:PACKAGE1
Found: rapl:::MINIMUM_POWER:PACKAGE0
Found: rapl:::MINIMUM_POWER:PACKAGE1
Found: rapl:::MAXIMUM_POWER:PACKAGE0
Found: rapl:::MAXIMUM_POWER:PACKAGE1
Found: rapl:::MAXIMUM_TIME_WINDOW:PACKAGE0
Found: rapl:::MAXIMUM_TIME_WINDOW:PACKAGE1
Found: rapl:::PACKAGE_ENERGY:PACKAGE0
Found: rapl:::PACKAGE_ENERGY:PACKAGE1
Found: rapl:::DRAM_ENERGY:PACKAGE0
Found: rapl:::DRAM_ENERGY:PACKAGE1
Found: rapl:::PP0_ENERGY:PACKAGE0
Found: rapl:::PP0_ENERGY:PACKAGE1
Starting Classify and Insert
Classify 999999 999999  
Deleted Edges: 15622 
Processed Inserts: 94486
 Unprocessed Inserts: 88
 0.5304 s 0.0000 (* Average Power for rapl:::THERMAL_SPEC_CNT:PACKAGE0 *)
0.5304 s 0.0000 (* Average Power for rapl:::THERMAL_SPEC_CNT:PACKAGE1 *)
0.5304 s 0.0000 (* Average Power for rapl:::MINIMUM_POWER_CNT:PACKAGE0 *)
0.5304 s 0.0000 (* Average Power for rapl:::MINIMUM_POWER_CNT:PACKAGE1 *)
0.5304 s 0.0000 (* Average Power for rapl:::MAXIMUM_POWER_CNT:PACKAGE0 *)
0.5304 s 0.0000 (* Average Power for rapl:::MAXIMUM_POWER_CNT:PACKAGE1 *)
0.5304 s 0.0000 (* Average Power for rapl:::MAXIMUM_TIME_WINDOW_CNT:PACKAGE0 *)
0.5304 s 0.0000 (* Average Power for rapl:::MAXIMUM_TIME_WINDOW_CNT:PACKAGE1 *)
0.5304 s 0.0007 (* Average Power for rapl:::PACKAGE_ENERGY_CNT:PACKAGE0 *)
0.5304 s 0.0011 (* Average Power for rapl:::PACKAGE_ENERGY_CNT:PACKAGE1 *)
0.5304 s 0.0009 (* Average Power for rapl:::DRAM_ENERGY_CNT:PACKAGE0 *)
0.5304 s 0.0010 (* Average Power for rapl:::DRAM_ENERGY_CNT:PACKAGE1 *)
0.5304 s 0.0000 (* Average Power for rapl:::PP0_ENERGY_CNT:PACKAGE0 *)
0.5304 s 0.0000 (* Average Power for rapl:::PP0_ENERGY_CNT:PACKAGE1 *)
0.5304 s 8746642522.1394 (* Average Power for rapl:::THERMAL_SPEC:PACKAGE0 *)
0.5304 s 8746642522.1394 (* Average Power for rapl:::THERMAL_SPEC:PACKAGE1 *)
0.5304 s 8737687390.8950 (* Average Power for rapl:::MINIMUM_POWER:PACKAGE0 *)
0.5304 s 8737687390.8950 (* Average Power for rapl:::MINIMUM_POWER:PACKAGE1 *)
0.5304 s 8755133313.2451 (* Average Power for rapl:::MAXIMUM_POWER:PACKAGE0 *)
0.5304 s 8755133313.2451 (* Average Power for rapl:::MAXIMUM_POWER:PACKAGE1 *)
0.5304 s 8647605404.0072 (* Average Power for rapl:::MAXIMUM_TIME_WINDOW:PACKAGE0 *)
0.5304 s 8647605404.0072 (* Average Power for rapl:::MAXIMUM_TIME_WINDOW:PACKAGE1 *)
0.5304 s 23.0052 (* Total Energy for rapl:::PACKAGE_ENERGY:PACKAGE0 *)
0.5304 s 43.3726 (* Average Power for rapl:::PACKAGE_ENERGY:PACKAGE0 *)
0.5304 s 36.6913 (* Total Energy for rapl:::PACKAGE_ENERGY:PACKAGE1 *)
0.5304 s 69.1753 (* Average Power for rapl:::PACKAGE_ENERGY:PACKAGE1 *)
0.5304 s 14.4471 (* Average Power for rapl:::DRAM_ENERGY:PACKAGE0 *)
0.5304 s 15.4085 (* Average Power for rapl:::DRAM_ENERGY:PACKAGE1 *)
0.5304 s 0.0000 (* Average Power for rapl:::PP0_ENERGY:PACKAGE0 *)
0.5304 s 0.0000 (* Average Power for rapl:::PP0_ENERGY:PACKAGE1 *)
Time for Classify and insert  0.530345 
Found rapl component at cid 2
Found: rapl:::THERMAL_SPEC_CNT:PACKAGE0
Found: rapl:::THERMAL_SPEC_CNT:PACKAGE1
Found: rapl:::MINIMUM_POWER_CNT:PACKAGE0
Found: rapl:::MINIMUM_POWER_CNT:PACKAGE1
Found: rapl:::MAXIMUM_POWER_CNT:PACKAGE0
Found: rapl:::MAXIMUM_POWER_CNT:PACKAGE1
Found: rapl:::MAXIMUM_TIME_WINDOW_CNT:PACKAGE0
Found: rapl:::MAXIMUM_TIME_WINDOW_CNT:PACKAGE1
Found: rapl:::PACKAGE_ENERGY_CNT:PACKAGE0
Found: rapl:::PACKAGE_ENERGY_CNT:PACKAGE1
Found: rapl:::DRAM_ENERGY_CNT:PACKAGE0
Found: rapl:::DRAM_ENERGY_CNT:PACKAGE1
Found: rapl:::PP0_ENERGY_CNT:PACKAGE0
Found: rapl:::PP0_ENERGY_CNT:PACKAGE1
Found: rapl:::THERMAL_SPEC:PACKAGE0
Found: rapl:::THERMAL_SPEC:PACKAGE1
Found: rapl:::MINIMUM_POWER:PACKAGE0
Found: rapl:::MINIMUM_POWER:PACKAGE1
Found: rapl:::MAXIMUM_POWER:PACKAGE0
Found: rapl:::MAXIMUM_POWER:PACKAGE1
Found: rapl:::MAXIMUM_TIME_WINDOW:PACKAGE0
Found: rapl:::MAXIMUM_TIME_WINDOW:PACKAGE1
Found: rapl:::PACKAGE_ENERGY:PACKAGE0
Found: rapl:::PACKAGE_ENERGY:PACKAGE1
Found: rapl:::DRAM_ENERGY:PACKAGE0
Found: rapl:::DRAM_ENERGY:PACKAGE1
Found: rapl:::PP0_ENERGY:PACKAGE0
Found: rapl:::PP0_ENERGY:PACKAGE1
Starting process_deletions
6.6620 s 0.0000 (* Average Power for rapl:::THERMAL_SPEC_CNT:PACKAGE0 *)
6.6620 s 0.0000 (* Average Power for rapl:::THERMAL_SPEC_CNT:PACKAGE1 *)
6.6620 s 0.0000 (* Average Power for rapl:::MINIMUM_POWER_CNT:PACKAGE0 *)
6.6620 s 0.0000 (* Average Power for rapl:::MINIMUM_POWER_CNT:PACKAGE1 *)
6.6620 s 0.0000 (* Average Power for rapl:::MAXIMUM_POWER_CNT:PACKAGE0 *)
6.6620 s 0.0000 (* Average Power for rapl:::MAXIMUM_POWER_CNT:PACKAGE1 *)
6.6620 s 0.0000 (* Average Power for rapl:::MAXIMUM_TIME_WINDOW_CNT:PACKAGE0 *)
6.6620 s 0.0000 (* Average Power for rapl:::MAXIMUM_TIME_WINDOW_CNT:PACKAGE1 *)
6.6620 s 0.0009 (* Average Power for rapl:::PACKAGE_ENERGY_CNT:PACKAGE0 *)
6.6620 s 0.0010 (* Average Power for rapl:::PACKAGE_ENERGY_CNT:PACKAGE1 *)
6.6620 s 0.0009 (* Average Power for rapl:::DRAM_ENERGY_CNT:PACKAGE0 *)
6.6620 s 0.0010 (* Average Power for rapl:::DRAM_ENERGY_CNT:PACKAGE1 *)
6.6620 s 0.0000 (* Average Power for rapl:::PP0_ENERGY_CNT:PACKAGE0 *)
6.6620 s 0.0000 (* Average Power for rapl:::PP0_ENERGY_CNT:PACKAGE1 *)
6.6620 s 696387456.3411 (* Average Power for rapl:::THERMAL_SPEC:PACKAGE0 *)
6.6620 s 696387456.3411 (* Average Power for rapl:::THERMAL_SPEC:PACKAGE1 *)
6.6620 s 695674469.4947 (* Average Power for rapl:::MINIMUM_POWER:PACKAGE0 *)
6.6620 s 695674469.4947 (* Average Power for rapl:::MINIMUM_POWER:PACKAGE1 *)
6.6620 s 697063473.4992 (* Average Power for rapl:::MAXIMUM_POWER:PACKAGE0 *)
6.6620 s 697063473.4992 (* Average Power for rapl:::MAXIMUM_POWER:PACKAGE1 *)
6.6620 s 688502349.9583 (* Average Power for rapl:::MAXIMUM_TIME_WINDOW:PACKAGE0 *)
6.6620 s 688502349.9583 (* Average Power for rapl:::MAXIMUM_TIME_WINDOW:PACKAGE1 *)
6.6620 s 379.1130 (* Total Energy for rapl:::PACKAGE_ENERGY:PACKAGE0 *)
6.6620 s 56.9071 (* Average Power for rapl:::PACKAGE_ENERGY:PACKAGE0 *)
6.6620 s 424.8209 (* Total Energy for rapl:::PACKAGE_ENERGY:PACKAGE1 *)
6.6620 s 63.7681 (* Average Power for rapl:::PACKAGE_ENERGY:PACKAGE1 *)
6.6620 s 14.2332 (* Average Power for rapl:::DRAM_ENERGY:PACKAGE0 *)
6.6620 s 15.5932 (* Average Power for rapl:::DRAM_ENERGY:PACKAGE1 *)
6.6620 s 0.0000 (* Average Power for rapl:::PP0_ENERGY:PACKAGE0 *)
6.6620 s 0.0000 (* Average Power for rapl:::PP0_ENERGY:PACKAGE1 *)
Time for Deletion  6.661900 
Total Time for Updating at Batch 1 is 7.329474 
Total Time for Updating Rooted Tree at iter 1 is 3.913528 with Rewire:0
Total Time for Updating  11.247189 
Time Taken for Initializing Memory 0.386504 
Highest Edge Value 10 --
Total Time for Reading Remainder Edges 167.790589 
Total Time for Reading Certificate Network 18.818948 
Total Time for Reading Update List 0.427228 
==Update Starts =======
Total Time for Initial Tree Creation  7.735131 
Found rapl component at cid 2
Found: rapl:::THERMAL_SPEC_CNT:PACKAGE0
Found: rapl:::THERMAL_SPEC_CNT:PACKAGE1
Found: rapl:::MINIMUM_POWER_CNT:PACKAGE0
Found: rapl:::MINIMUM_POWER_CNT:PACKAGE1
Found: rapl:::MAXIMUM_POWER_CNT:PACKAGE0
Found: rapl:::MAXIMUM_POWER_CNT:PACKAGE1
Found: rapl:::MAXIMUM_TIME_WINDOW_CNT:PACKAGE0
Found: rapl:::MAXIMUM_TIME_WINDOW_CNT:PACKAGE1
Found: rapl:::PACKAGE_ENERGY_CNT:PACKAGE0
Found: rapl:::PACKAGE_ENERGY_CNT:PACKAGE1
Found: rapl:::DRAM_ENERGY_CNT:PACKAGE0
Found: rapl:::DRAM_ENERGY_CNT:PACKAGE1
Found: rapl:::PP0_ENERGY_CNT:PACKAGE0
Found: rapl:::PP0_ENERGY_CNT:PACKAGE1
Found: rapl:::THERMAL_SPEC:PACKAGE0
Found: rapl:::THERMAL_SPEC:PACKAGE1
Found: rapl:::MINIMUM_POWER:PACKAGE0
Found: rapl:::MINIMUM_POWER:PACKAGE1
Found: rapl:::MAXIMUM_POWER:PACKAGE0
Found: rapl:::MAXIMUM_POWER:PACKAGE1
Found: rapl:::MAXIMUM_TIME_WINDOW:PACKAGE0
Found: rapl:::MAXIMUM_TIME_WINDOW:PACKAGE1
Found: rapl:::PACKAGE_ENERGY:PACKAGE0
Found: rapl:::PACKAGE_ENERGY:PACKAGE1
Found: rapl:::DRAM_ENERGY:PACKAGE0
Found: rapl:::DRAM_ENERGY:PACKAGE1
Found: rapl:::PP0_ENERGY:PACKAGE0
Found: rapl:::PP0_ENERGY:PACKAGE1
Starting Classify and Insert
Classify 999999 999999  
Deleted Edges: 15622 
Processed Inserts: 94492
 Unprocessed Inserts: 80
 0.5719 s 0.0000 (* Average Power for rapl:::THERMAL_SPEC_CNT:PACKAGE0 *)
0.5719 s 0.0000 (* Average Power for rapl:::THERMAL_SPEC_CNT:PACKAGE1 *)
0.5719 s 0.0000 (* Average Power for rapl:::MINIMUM_POWER_CNT:PACKAGE0 *)
0.5719 s 0.0000 (* Average Power for rapl:::MINIMUM_POWER_CNT:PACKAGE1 *)
0.5719 s 0.0000 (* Average Power for rapl:::MAXIMUM_POWER_CNT:PACKAGE0 *)
0.5719 s 0.0000 (* Average Power for rapl:::MAXIMUM_POWER_CNT:PACKAGE1 *)
0.5719 s 0.0000 (* Average Power for rapl:::MAXIMUM_TIME_WINDOW_CNT:PACKAGE0 *)
0.5719 s 0.0000 (* Average Power for rapl:::MAXIMUM_TIME_WINDOW_CNT:PACKAGE1 *)
0.5719 s 0.0007 (* Average Power for rapl:::PACKAGE_ENERGY_CNT:PACKAGE0 *)
0.5719 s 0.0013 (* Average Power for rapl:::PACKAGE_ENERGY_CNT:PACKAGE1 *)
0.5719 s 0.0009 (* Average Power for rapl:::DRAM_ENERGY_CNT:PACKAGE0 *)
0.5719 s 0.0010 (* Average Power for rapl:::DRAM_ENERGY_CNT:PACKAGE1 *)
0.5719 s 0.0000 (* Average Power for rapl:::PP0_ENERGY_CNT:PACKAGE0 *)
0.5719 s 0.0000 (* Average Power for rapl:::PP0_ENERGY_CNT:PACKAGE1 *)
0.5719 s 8112232817.0148 (* Average Power for rapl:::THERMAL_SPEC:PACKAGE0 *)
0.5719 s 8112232817.0148 (* Average Power for rapl:::THERMAL_SPEC:PACKAGE1 *)
0.5719 s 8103927217.5373 (* Average Power for rapl:::MINIMUM_POWER:PACKAGE0 *)
0.5719 s 8103927217.5373 (* Average Power for rapl:::MINIMUM_POWER:PACKAGE1 *)
0.5719 s 8120107755.7786 (* Average Power for rapl:::MAXIMUM_POWER:PACKAGE0 *)
0.5719 s 8120107755.7786 (* Average Power for rapl:::MAXIMUM_POWER:PACKAGE1 *)
0.5719 s 8020379039.0902 (* Average Power for rapl:::MAXIMUM_TIME_WINDOW:PACKAGE0 *)
0.5719 s 8020379039.0902 (* Average Power for rapl:::MAXIMUM_TIME_WINDOW:PACKAGE1 *)
0.5719 s 22.7036 (* Total Energy for rapl:::PACKAGE_ENERGY:PACKAGE0 *)
0.5719 s 39.6992 (* Average Power for rapl:::PACKAGE_ENERGY:PACKAGE0 *)
0.5719 s 44.8672 (* Total Energy for rapl:::PACKAGE_ENERGY:PACKAGE1 *)
0.5719 s 78.4543 (* Average Power for rapl:::PACKAGE_ENERGY:PACKAGE1 *)
0.5719 s 14.4554 (* Average Power for rapl:::DRAM_ENERGY:PACKAGE0 *)
0.5719 s 15.4551 (* Average Power for rapl:::DRAM_ENERGY:PACKAGE1 *)
0.5719 s 0.0000 (* Average Power for rapl:::PP0_ENERGY:PACKAGE0 *)
0.5719 s 0.0000 (* Average Power for rapl:::PP0_ENERGY:PACKAGE1 *)
Time for Classify and insert  0.571860 
Found rapl component at cid 2
Found: rapl:::THERMAL_SPEC_CNT:PACKAGE0
Found: rapl:::THERMAL_SPEC_CNT:PACKAGE1
Found: rapl:::MINIMUM_POWER_CNT:PACKAGE0
Found: rapl:::MINIMUM_POWER_CNT:PACKAGE1
Found: rapl:::MAXIMUM_POWER_CNT:PACKAGE0
Found: rapl:::MAXIMUM_POWER_CNT:PACKAGE1
Found: rapl:::MAXIMUM_TIME_WINDOW_CNT:PACKAGE0
Found: rapl:::MAXIMUM_TIME_WINDOW_CNT:PACKAGE1
Found: rapl:::PACKAGE_ENERGY_CNT:PACKAGE0
Found: rapl:::PACKAGE_ENERGY_CNT:PACKAGE1
Found: rapl:::DRAM_ENERGY_CNT:PACKAGE0
Found: rapl:::DRAM_ENERGY_CNT:PACKAGE1
Found: rapl:::PP0_ENERGY_CNT:PACKAGE0
Found: rapl:::PP0_ENERGY_CNT:PACKAGE1
Found: rapl:::THERMAL_SPEC:PACKAGE0
Found: rapl:::THERMAL_SPEC:PACKAGE1
Found: rapl:::MINIMUM_POWER:PACKAGE0
Found: rapl:::MINIMUM_POWER:PACKAGE1
Found: rapl:::MAXIMUM_POWER:PACKAGE0
Found: rapl:::MAXIMUM_POWER:PACKAGE1
Found: rapl:::MAXIMUM_TIME_WINDOW:PACKAGE0
Found: rapl:::MAXIMUM_TIME_WINDOW:PACKAGE1
Found: rapl:::PACKAGE_ENERGY:PACKAGE0
Found: rapl:::PACKAGE_ENERGY:PACKAGE1
Found: rapl:::DRAM_ENERGY:PACKAGE0
Found: rapl:::DRAM_ENERGY:PACKAGE1
Found: rapl:::PP0_ENERGY:PACKAGE0
Found: rapl:::PP0_ENERGY:PACKAGE1
Starting process_deletions
6.8549 s 0.0000 (* Average Power for rapl:::THERMAL_SPEC_CNT:PACKAGE0 *)
6.8549 s 0.0000 (* Average Power for rapl:::THERMAL_SPEC_CNT:PACKAGE1 *)
6.8549 s 0.0000 (* Average Power for rapl:::MINIMUM_POWER_CNT:PACKAGE0 *)
6.8549 s 0.0000 (* Average Power for rapl:::MINIMUM_POWER_CNT:PACKAGE1 *)
6.8549 s 0.0000 (* Average Power for rapl:::MAXIMUM_POWER_CNT:PACKAGE0 *)
6.8549 s 0.0000 (* Average Power for rapl:::MAXIMUM_POWER_CNT:PACKAGE1 *)
6.8549 s 0.0000 (* Average Power for rapl:::MAXIMUM_TIME_WINDOW_CNT:PACKAGE0 *)
6.8549 s 0.0000 (* Average Power for rapl:::MAXIMUM_TIME_WINDOW_CNT:PACKAGE1 *)
6.8549 s 0.0010 (* Average Power for rapl:::PACKAGE_ENERGY_CNT:PACKAGE0 *)
6.8549 s 0.0012 (* Average Power for rapl:::PACKAGE_ENERGY_CNT:PACKAGE1 *)
6.8549 s 0.0009 (* Average Power for rapl:::DRAM_ENERGY_CNT:PACKAGE0 *)
6.8549 s 0.0010 (* Average Power for rapl:::DRAM_ENERGY_CNT:PACKAGE1 *)
6.8549 s 0.0000 (* Average Power for rapl:::PP0_ENERGY_CNT:PACKAGE0 *)
6.8549 s 0.0000 (* Average Power for rapl:::PP0_ENERGY_CNT:PACKAGE1 *)
6.8549 s 676782977.7442 (* Average Power for rapl:::THERMAL_SPEC:PACKAGE0 *)
6.8549 s 676782977.7442 (* Average Power for rapl:::THERMAL_SPEC:PACKAGE1 *)
6.8549 s 676090062.6772 (* Average Power for rapl:::MINIMUM_POWER:PACKAGE0 *)
6.8549 s 676090062.6772 (* Average Power for rapl:::MINIMUM_POWER:PACKAGE1 *)
6.8549 s 677439963.8819 (* Average Power for rapl:::MAXIMUM_POWER:PACKAGE0 *)
6.8549 s 677439963.8819 (* Average Power for rapl:::MAXIMUM_POWER:PACKAGE1 *)
6.8549 s 669119850.3731 (* Average Power for rapl:::MAXIMUM_TIME_WINDOW:PACKAGE0 *)
6.8549 s 669119850.3731 (* Average Power for rapl:::MAXIMUM_TIME_WINDOW:PACKAGE1 *)
6.8549 s 437.7739 (* Total Energy for rapl:::PACKAGE_ENERGY:PACKAGE0 *)
6.8549 s 63.8626 (* Average Power for rapl:::PACKAGE_ENERGY:PACKAGE0 *)
6.8549 s 498.6681 (* Total Energy for rapl:::PACKAGE_ENERGY:PACKAGE1 *)
6.8549 s 72.7458 (* Average Power for rapl:::PACKAGE_ENERGY:PACKAGE1 *)
6.8549 s 14.3458 (* Average Power for rapl:::DRAM_ENERGY:PACKAGE0 *)
6.8549 s 15.5989 (* Average Power for rapl:::DRAM_ENERGY:PACKAGE1 *)
6.8549 s 0.0000 (* Average Power for rapl:::PP0_ENERGY:PACKAGE0 *)
6.8549 s 0.0000 (* Average Power for rapl:::PP0_ENERGY:PACKAGE1 *)
Time for Deletion  6.854883 
Total Time for Updating at Batch 1 is 7.572183 
Total Time for Updating Rooted Tree at iter 1 is 4.061344 with Rewire:0
Total Time for Updating  11.637440 
Time Taken for Initializing Memory 0.376387 
Highest Edge Value 10 --
Total Time for Reading Remainder Edges 169.856991 
Total Time for Reading Certificate Network 18.794750 
Total Time for Reading Update List 0.426473 
==Update Starts =======
Total Time for Initial Tree Creation  7.960423 
Found rapl component at cid 2
Found: rapl:::THERMAL_SPEC_CNT:PACKAGE0
Found: rapl:::THERMAL_SPEC_CNT:PACKAGE1
Found: rapl:::MINIMUM_POWER_CNT:PACKAGE0
Found: rapl:::MINIMUM_POWER_CNT:PACKAGE1
Found: rapl:::MAXIMUM_POWER_CNT:PACKAGE0
Found: rapl:::MAXIMUM_POWER_CNT:PACKAGE1
Found: rapl:::MAXIMUM_TIME_WINDOW_CNT:PACKAGE0
Found: rapl:::MAXIMUM_TIME_WINDOW_CNT:PACKAGE1
Found: rapl:::PACKAGE_ENERGY_CNT:PACKAGE0
Found: rapl:::PACKAGE_ENERGY_CNT:PACKAGE1
Found: rapl:::DRAM_ENERGY_CNT:PACKAGE0
Found: rapl:::DRAM_ENERGY_CNT:PACKAGE1
Found: rapl:::PP0_ENERGY_CNT:PACKAGE0
Found: rapl:::PP0_ENERGY_CNT:PACKAGE1
Found: rapl:::THERMAL_SPEC:PACKAGE0
Found: rapl:::THERMAL_SPEC:PACKAGE1
Found: rapl:::MINIMUM_POWER:PACKAGE0
Found: rapl:::MINIMUM_POWER:PACKAGE1
Found: rapl:::MAXIMUM_POWER:PACKAGE0
Found: rapl:::MAXIMUM_POWER:PACKAGE1
Found: rapl:::MAXIMUM_TIME_WINDOW:PACKAGE0
Found: rapl:::MAXIMUM_TIME_WINDOW:PACKAGE1
Found: rapl:::PACKAGE_ENERGY:PACKAGE0
Found: rapl:::PACKAGE_ENERGY:PACKAGE1
Found: rapl:::DRAM_ENERGY:PACKAGE0
Found: rapl:::DRAM_ENERGY:PACKAGE1
Found: rapl:::PP0_ENERGY:PACKAGE0
Found: rapl:::PP0_ENERGY:PACKAGE1
Starting Classify and Insert
Classify 999999 999999  
Deleted Edges: 15622 
Processed Inserts: 94483
 Unprocessed Inserts: 74
 0.5674 s 0.0000 (* Average Power for rapl:::THERMAL_SPEC_CNT:PACKAGE0 *)
0.5674 s 0.0000 (* Average Power for rapl:::THERMAL_SPEC_CNT:PACKAGE1 *)
0.5674 s 0.0000 (* Average Power for rapl:::MINIMUM_POWER_CNT:PACKAGE0 *)
0.5674 s 0.0000 (* Average Power for rapl:::MINIMUM_POWER_CNT:PACKAGE1 *)
0.5674 s 0.0000 (* Average Power for rapl:::MAXIMUM_POWER_CNT:PACKAGE0 *)
0.5674 s 0.0000 (* Average Power for rapl:::MAXIMUM_POWER_CNT:PACKAGE1 *)
0.5674 s 0.0000 (* Average Power for rapl:::MAXIMUM_TIME_WINDOW_CNT:PACKAGE0 *)
0.5674 s 0.0000 (* Average Power for rapl:::MAXIMUM_TIME_WINDOW_CNT:PACKAGE1 *)
0.5674 s 0.0007 (* Average Power for rapl:::PACKAGE_ENERGY_CNT:PACKAGE0 *)
0.5674 s 0.0011 (* Average Power for rapl:::PACKAGE_ENERGY_CNT:PACKAGE1 *)
0.5674 s 0.0010 (* Average Power for rapl:::DRAM_ENERGY_CNT:PACKAGE0 *)
0.5674 s 0.0010 (* Average Power for rapl:::DRAM_ENERGY_CNT:PACKAGE1 *)
0.5674 s 0.0000 (* Average Power for rapl:::PP0_ENERGY_CNT:PACKAGE0 *)
0.5674 s 0.0000 (* Average Power for rapl:::PP0_ENERGY_CNT:PACKAGE1 *)
0.5674 s 8175743833.5003 (* Average Power for rapl:::THERMAL_SPEC:PACKAGE0 *)
0.5674 s 8175743833.5003 (* Average Power for rapl:::THERMAL_SPEC:PACKAGE1 *)
0.5674 s 8167373209.1305 (* Average Power for rapl:::MINIMUM_POWER:PACKAGE0 *)
0.5674 s 8167373209.1305 (* Average Power for rapl:::MINIMUM_POWER:PACKAGE1 *)
0.5674 s 8183680425.4953 (* Average Power for rapl:::MAXIMUM_POWER:PACKAGE0 *)
0.5674 s 8183680425.4953 (* Average Power for rapl:::MAXIMUM_POWER:PACKAGE1 *)
0.5674 s 8083170928.4333 (* Average Power for rapl:::MAXIMUM_TIME_WINDOW:PACKAGE0 *)
0.5674 s 8083170928.4333 (* Average Power for rapl:::MAXIMUM_TIME_WINDOW:PACKAGE1 *)
0.5674 s 24.6072 (* Total Energy for rapl:::PACKAGE_ENERGY:PACKAGE0 *)
0.5674 s 43.3647 (* Average Power for rapl:::PACKAGE_ENERGY:PACKAGE0 *)
0.5674 s 37.8152 (* Total Energy for rapl:::PACKAGE_ENERGY:PACKAGE1 *)
0.5674 s 66.6408 (* Average Power for rapl:::PACKAGE_ENERGY:PACKAGE1 *)
0.5674 s 14.5975 (* Average Power for rapl:::DRAM_ENERGY:PACKAGE0 *)
0.5674 s 15.1535 (* Average Power for rapl:::DRAM_ENERGY:PACKAGE1 *)
0.5674 s 0.0000 (* Average Power for rapl:::PP0_ENERGY:PACKAGE0 *)
0.5674 s 0.0000 (* Average Power for rapl:::PP0_ENERGY:PACKAGE1 *)
Time for Classify and insert  0.567405 
Found rapl component at cid 2
Found: rapl:::THERMAL_SPEC_CNT:PACKAGE0
Found: rapl:::THERMAL_SPEC_CNT:PACKAGE1
Found: rapl:::MINIMUM_POWER_CNT:PACKAGE0
Found: rapl:::MINIMUM_POWER_CNT:PACKAGE1
Found: rapl:::MAXIMUM_POWER_CNT:PACKAGE0
Found: rapl:::MAXIMUM_POWER_CNT:PACKAGE1
Found: rapl:::MAXIMUM_TIME_WINDOW_CNT:PACKAGE0
Found: rapl:::MAXIMUM_TIME_WINDOW_CNT:PACKAGE1
Found: rapl:::PACKAGE_ENERGY_CNT:PACKAGE0
Found: rapl:::PACKAGE_ENERGY_CNT:PACKAGE1
Found: rapl:::DRAM_ENERGY_CNT:PACKAGE0
Found: rapl:::DRAM_ENERGY_CNT:PACKAGE1
Found: rapl:::PP0_ENERGY_CNT:PACKAGE0
Found: rapl:::PP0_ENERGY_CNT:PACKAGE1
Found: rapl:::THERMAL_SPEC:PACKAGE0
Found: rapl:::THERMAL_SPEC:PACKAGE1
Found: rapl:::MINIMUM_POWER:PACKAGE0
Found: rapl:::MINIMUM_POWER:PACKAGE1
Found: rapl:::MAXIMUM_POWER:PACKAGE0
Found: rapl:::MAXIMUM_POWER:PACKAGE1
Found: rapl:::MAXIMUM_TIME_WINDOW:PACKAGE0
Found: rapl:::MAXIMUM_TIME_WINDOW:PACKAGE1
Found: rapl:::PACKAGE_ENERGY:PACKAGE0
Found: rapl:::PACKAGE_ENERGY:PACKAGE1
Found: rapl:::DRAM_ENERGY:PACKAGE0
Found: rapl:::DRAM_ENERGY:PACKAGE1
Found: rapl:::PP0_ENERGY:PACKAGE0
Found: rapl:::PP0_ENERGY:PACKAGE1
Starting process_deletions
6.8782 s 0.0000 (* Average Power for rapl:::THERMAL_SPEC_CNT:PACKAGE0 *)
6.8782 s 0.0000 (* Average Power for rapl:::THERMAL_SPEC_CNT:PACKAGE1 *)
6.8782 s 0.0000 (* Average Power for rapl:::MINIMUM_POWER_CNT:PACKAGE0 *)
6.8782 s 0.0000 (* Average Power for rapl:::MINIMUM_POWER_CNT:PACKAGE1 *)
6.8782 s 0.0000 (* Average Power for rapl:::MAXIMUM_POWER_CNT:PACKAGE0 *)
6.8782 s 0.0000 (* Average Power for rapl:::MAXIMUM_POWER_CNT:PACKAGE1 *)
6.8782 s 0.0000 (* Average Power for rapl:::MAXIMUM_TIME_WINDOW_CNT:PACKAGE0 *)
6.8782 s 0.0000 (* Average Power for rapl:::MAXIMUM_TIME_WINDOW_CNT:PACKAGE1 *)
6.8782 s 0.0011 (* Average Power for rapl:::PACKAGE_ENERGY_CNT:PACKAGE0 *)
6.8782 s 0.0011 (* Average Power for rapl:::PACKAGE_ENERGY_CNT:PACKAGE1 *)
6.8782 s 0.0010 (* Average Power for rapl:::DRAM_ENERGY_CNT:PACKAGE0 *)
6.8782 s 0.0010 (* Average Power for rapl:::DRAM_ENERGY_CNT:PACKAGE1 *)
6.8782 s 0.0000 (* Average Power for rapl:::PP0_ENERGY_CNT:PACKAGE0 *)
6.8782 s 0.0000 (* Average Power for rapl:::PP0_ENERGY_CNT:PACKAGE1 *)
6.8782 s 674494496.4994 (* Average Power for rapl:::THERMAL_SPEC:PACKAGE0 *)
6.8782 s 674494496.4994 (* Average Power for rapl:::THERMAL_SPEC:PACKAGE1 *)
6.8782 s 673803924.4628 (* Average Power for rapl:::MINIMUM_POWER:PACKAGE0 *)
6.8782 s 673803924.4628 (* Average Power for rapl:::MINIMUM_POWER:PACKAGE1 *)
6.8782 s 675149261.0970 (* Average Power for rapl:::MAXIMUM_POWER:PACKAGE0 *)
6.8782 s 675149261.0970 (* Average Power for rapl:::MAXIMUM_POWER:PACKAGE1 *)
6.8782 s 666857281.3096 (* Average Power for rapl:::MAXIMUM_TIME_WINDOW:PACKAGE0 *)
6.8782 s 666857281.3096 (* Average Power for rapl:::MAXIMUM_TIME_WINDOW:PACKAGE1 *)
6.8782 s 457.3814 (* Total Energy for rapl:::PACKAGE_ENERGY:PACKAGE0 *)
6.8782 s 66.4973 (* Average Power for rapl:::PACKAGE_ENERGY:PACKAGE0 *)
6.8782 s 460.1398 (* Total Energy for rapl:::PACKAGE_ENERGY:PACKAGE1 *)
6.8782 s 66.8983 (* Average Power for rapl:::PACKAGE_ENERGY:PACKAGE1 *)
6.8782 s 14.6353 (* Average Power for rapl:::DRAM_ENERGY:PACKAGE0 *)
6.8782 s 15.2831 (* Average Power for rapl:::DRAM_ENERGY:PACKAGE1 *)
6.8782 s 0.0000 (* Average Power for rapl:::PP0_ENERGY:PACKAGE0 *)
6.8782 s 0.0000 (* Average Power for rapl:::PP0_ENERGY:PACKAGE1 *)
Time for Deletion  6.878139 
Total Time for Updating at Batch 1 is 7.596978 
Total Time for Updating Rooted Tree at iter 1 is 3.975764 with Rewire:0
Total Time for Updating  11.576405 
Time Taken for Initializing Memory 0.378486 
Highest Edge Value 10 --
Total Time for Reading Remainder Edges 168.704073 
Total Time for Reading Certificate Network 18.812463 
Total Time for Reading Update List 0.432450 
==Update Starts =======
Total Time for Initial Tree Creation  8.159832 
Found rapl component at cid 2
Found: rapl:::THERMAL_SPEC_CNT:PACKAGE0
Found: rapl:::THERMAL_SPEC_CNT:PACKAGE1
Found: rapl:::MINIMUM_POWER_CNT:PACKAGE0
Found: rapl:::MINIMUM_POWER_CNT:PACKAGE1
Found: rapl:::MAXIMUM_POWER_CNT:PACKAGE0
Found: rapl:::MAXIMUM_POWER_CNT:PACKAGE1
Found: rapl:::MAXIMUM_TIME_WINDOW_CNT:PACKAGE0
Found: rapl:::MAXIMUM_TIME_WINDOW_CNT:PACKAGE1
Found: rapl:::PACKAGE_ENERGY_CNT:PACKAGE0
Found: rapl:::PACKAGE_ENERGY_CNT:PACKAGE1
Found: rapl:::DRAM_ENERGY_CNT:PACKAGE0
Found: rapl:::DRAM_ENERGY_CNT:PACKAGE1
Found: rapl:::PP0_ENERGY_CNT:PACKAGE0
Found: rapl:::PP0_ENERGY_CNT:PACKAGE1
Found: rapl:::THERMAL_SPEC:PACKAGE0
Found: rapl:::THERMAL_SPEC:PACKAGE1
Found: rapl:::MINIMUM_POWER:PACKAGE0
Found: rapl:::MINIMUM_POWER:PACKAGE1
Found: rapl:::MAXIMUM_POWER:PACKAGE0
Found: rapl:::MAXIMUM_POWER:PACKAGE1
Found: rapl:::MAXIMUM_TIME_WINDOW:PACKAGE0
Found: rapl:::MAXIMUM_TIME_WINDOW:PACKAGE1
Found: rapl:::PACKAGE_ENERGY:PACKAGE0
Found: rapl:::PACKAGE_ENERGY:PACKAGE1
Found: rapl:::DRAM_ENERGY:PACKAGE0
Found: rapl:::DRAM_ENERGY:PACKAGE1
Found: rapl:::PP0_ENERGY:PACKAGE0
Found: rapl:::PP0_ENERGY:PACKAGE1
Starting Classify and Insert
Classify 999999 999999  
Deleted Edges: 15622 
Processed Inserts: 94476
 Unprocessed Inserts: 87
 0.5535 s 0.0000 (* Average Power for rapl:::THERMAL_SPEC_CNT:PACKAGE0 *)
0.5535 s 0.0000 (* Average Power for rapl:::THERMAL_SPEC_CNT:PACKAGE1 *)
0.5535 s 0.0000 (* Average Power for rapl:::MINIMUM_POWER_CNT:PACKAGE0 *)
0.5535 s 0.0000 (* Average Power for rapl:::MINIMUM_POWER_CNT:PACKAGE1 *)
0.5535 s 0.0000 (* Average Power for rapl:::MAXIMUM_POWER_CNT:PACKAGE0 *)
0.5535 s 0.0000 (* Average Power for rapl:::MAXIMUM_POWER_CNT:PACKAGE1 *)
0.5535 s 0.0000 (* Average Power for rapl:::MAXIMUM_TIME_WINDOW_CNT:PACKAGE0 *)
0.5535 s 0.0000 (* Average Power for rapl:::MAXIMUM_TIME_WINDOW_CNT:PACKAGE1 *)
0.5535 s 0.0007 (* Average Power for rapl:::PACKAGE_ENERGY_CNT:PACKAGE0 *)
0.5535 s 0.0015 (* Average Power for rapl:::PACKAGE_ENERGY_CNT:PACKAGE1 *)
0.5535 s 0.0010 (* Average Power for rapl:::DRAM_ENERGY_CNT:PACKAGE0 *)
0.5535 s 0.0010 (* Average Power for rapl:::DRAM_ENERGY_CNT:PACKAGE1 *)
0.5535 s 0.0000 (* Average Power for rapl:::PP0_ENERGY_CNT:PACKAGE0 *)
0.5535 s 0.0000 (* Average Power for rapl:::PP0_ENERGY_CNT:PACKAGE1 *)
0.5535 s 8381932011.4106 (* Average Power for rapl:::THERMAL_SPEC:PACKAGE0 *)
0.5535 s 8381932011.4106 (* Average Power for rapl:::THERMAL_SPEC:PACKAGE1 *)
0.5535 s 8373350284.0731 (* Average Power for rapl:::MINIMUM_POWER:PACKAGE0 *)
0.5535 s 8373350284.0731 (* Average Power for rapl:::MINIMUM_POWER:PACKAGE1 *)
0.5535 s 8390068760.2935 (* Average Power for rapl:::MAXIMUM_POWER:PACKAGE0 *)
0.5535 s 8390068760.2935 (* Average Power for rapl:::MAXIMUM_POWER:PACKAGE1 *)
0.5535 s 8287024463.8929 (* Average Power for rapl:::MAXIMUM_TIME_WINDOW:PACKAGE0 *)
0.5535 s 8287024463.8929 (* Average Power for rapl:::MAXIMUM_TIME_WINDOW:PACKAGE1 *)
0.5535 s 23.7594 (* Total Energy for rapl:::PACKAGE_ENERGY:PACKAGE0 *)
0.5535 s 42.9266 (* Average Power for rapl:::PACKAGE_ENERGY:PACKAGE0 *)
0.5535 s 49.5594 (* Total Energy for rapl:::PACKAGE_ENERGY:PACKAGE1 *)
0.5535 s 89.5400 (* Average Power for rapl:::PACKAGE_ENERGY:PACKAGE1 *)
0.5535 s 14.5969 (* Average Power for rapl:::DRAM_ENERGY:PACKAGE0 *)
0.5535 s 15.1931 (* Average Power for rapl:::DRAM_ENERGY:PACKAGE1 *)
0.5535 s 0.0000 (* Average Power for rapl:::PP0_ENERGY:PACKAGE0 *)
0.5535 s 0.0000 (* Average Power for rapl:::PP0_ENERGY:PACKAGE1 *)
Time for Classify and insert  0.553453 
Found rapl component at cid 2
Found: rapl:::THERMAL_SPEC_CNT:PACKAGE0
Found: rapl:::THERMAL_SPEC_CNT:PACKAGE1
Found: rapl:::MINIMUM_POWER_CNT:PACKAGE0
Found: rapl:::MINIMUM_POWER_CNT:PACKAGE1
Found: rapl:::MAXIMUM_POWER_CNT:PACKAGE0
Found: rapl:::MAXIMUM_POWER_CNT:PACKAGE1
Found: rapl:::MAXIMUM_TIME_WINDOW_CNT:PACKAGE0
Found: rapl:::MAXIMUM_TIME_WINDOW_CNT:PACKAGE1
Found: rapl:::PACKAGE_ENERGY_CNT:PACKAGE0
Found: rapl:::PACKAGE_ENERGY_CNT:PACKAGE1
Found: rapl:::DRAM_ENERGY_CNT:PACKAGE0
Found: rapl:::DRAM_ENERGY_CNT:PACKAGE1
Found: rapl:::PP0_ENERGY_CNT:PACKAGE0
Found: rapl:::PP0_ENERGY_CNT:PACKAGE1
Found: rapl:::THERMAL_SPEC:PACKAGE0
Found: rapl:::THERMAL_SPEC:PACKAGE1
Found: rapl:::MINIMUM_POWER:PACKAGE0
Found: rapl:::MINIMUM_POWER:PACKAGE1
Found: rapl:::MAXIMUM_POWER:PACKAGE0
Found: rapl:::MAXIMUM_POWER:PACKAGE1
Found: rapl:::MAXIMUM_TIME_WINDOW:PACKAGE0
Found: rapl:::MAXIMUM_TIME_WINDOW:PACKAGE1
Found: rapl:::PACKAGE_ENERGY:PACKAGE0
Found: rapl:::PACKAGE_ENERGY:PACKAGE1
Found: rapl:::DRAM_ENERGY:PACKAGE0
Found: rapl:::DRAM_ENERGY:PACKAGE1
Found: rapl:::PP0_ENERGY:PACKAGE0
Found: rapl:::PP0_ENERGY:PACKAGE1
Starting process_deletions
6.7533 s 0.0000 (* Average Power for rapl:::THERMAL_SPEC_CNT:PACKAGE0 *)
6.7533 s 0.0000 (* Average Power for rapl:::THERMAL_SPEC_CNT:PACKAGE1 *)
6.7533 s 0.0000 (* Average Power for rapl:::MINIMUM_POWER_CNT:PACKAGE0 *)
6.7533 s 0.0000 (* Average Power for rapl:::MINIMUM_POWER_CNT:PACKAGE1 *)
6.7533 s 0.0000 (* Average Power for rapl:::MAXIMUM_POWER_CNT:PACKAGE0 *)
6.7533 s 0.0000 (* Average Power for rapl:::MAXIMUM_POWER_CNT:PACKAGE1 *)
6.7533 s 0.0000 (* Average Power for rapl:::MAXIMUM_TIME_WINDOW_CNT:PACKAGE0 *)
6.7533 s 0.0000 (* Average Power for rapl:::MAXIMUM_TIME_WINDOW_CNT:PACKAGE1 *)
6.7533 s 0.0011 (* Average Power for rapl:::PACKAGE_ENERGY_CNT:PACKAGE0 *)
6.7533 s 0.0013 (* Average Power for rapl:::PACKAGE_ENERGY_CNT:PACKAGE1 *)
6.7533 s 0.0010 (* Average Power for rapl:::DRAM_ENERGY_CNT:PACKAGE0 *)
6.7533 s 0.0010 (* Average Power for rapl:::DRAM_ENERGY_CNT:PACKAGE1 *)
6.7533 s 0.0000 (* Average Power for rapl:::PP0_ENERGY_CNT:PACKAGE0 *)
6.7533 s 0.0000 (* Average Power for rapl:::PP0_ENERGY_CNT:PACKAGE1 *)
6.7533 s 686966139.4212 (* Average Power for rapl:::THERMAL_SPEC:PACKAGE0 *)
6.7533 s 686966139.4212 (* Average Power for rapl:::THERMAL_SPEC:PACKAGE1 *)
6.7533 s 686262798.4622 (* Average Power for rapl:::MINIMUM_POWER:PACKAGE0 *)
6.7533 s 686262798.4622 (* Average Power for rapl:::MINIMUM_POWER:PACKAGE1 *)
6.7533 s 687633010.8489 (* Average Power for rapl:::MAXIMUM_POWER:PACKAGE0 *)
6.7533 s 687633010.8489 (* Average Power for rapl:::MAXIMUM_POWER:PACKAGE1 *)
6.7533 s 679187709.4087 (* Average Power for rapl:::MAXIMUM_TIME_WINDOW:PACKAGE0 *)
6.7533 s 679187709.4087 (* Average Power for rapl:::MAXIMUM_TIME_WINDOW:PACKAGE1 *)
6.7533 s 463.9930 (* Total Energy for rapl:::PACKAGE_ENERGY:PACKAGE0 *)
6.7533 s 68.7059 (* Average Power for rapl:::PACKAGE_ENERGY:PACKAGE0 *)
6.7533 s 524.8758 (* Total Energy for rapl:::PACKAGE_ENERGY:PACKAGE1 *)
6.7533 s 77.7211 (* Average Power for rapl:::PACKAGE_ENERGY:PACKAGE1 *)
6.7533 s 14.5710 (* Average Power for rapl:::DRAM_ENERGY:PACKAGE0 *)
6.7533 s 15.1656 (* Average Power for rapl:::DRAM_ENERGY:PACKAGE1 *)
6.7533 s 0.0000 (* Average Power for rapl:::PP0_ENERGY:PACKAGE0 *)
6.7533 s 0.0000 (* Average Power for rapl:::PP0_ENERGY:PACKAGE1 *)
Time for Deletion  6.753294 
Total Time for Updating at Batch 1 is 7.450086 
Total Time for Updating Rooted Tree at iter 1 is 4.083336 with Rewire:0
Total Time for Updating  11.537366 
