Time Taken for Initializing Memory 0.371120 
Highest Edge Value 10 --
Total Time for Reading Remainder Edges 167.678785 
Total Time for Reading Certificate Network 18.812241 
Total Time for Reading Update List 0.427675 
==Update Starts =======
Total Time for Initial Tree Creation  8.381407 
Found rapl component at cid 2
Found: rapl:::THERMAL_SPEC_CNT:PACKAGE0
Found: rapl:::THERMAL_SPEC_CNT:PACKAGE1
Found: rapl:::MINIMUM_POWER_CNT:PACKAGE0
Found: rapl:::MINIMUM_POWER_CNT:PACKAGE1
Found: rapl:::MAXIMUM_POWER_CNT:PACKAGE0
Found: rapl:::MAXIMUM_POWER_CNT:PACKAGE1
Found: rapl:::MAXIMUM_TIME_WINDOW_CNT:PACKAGE0
Found: rapl:::MAXIMUM_TIME_WINDOW_CNT:PACKAGE1
Found: rapl:::PACKAGE_ENERGY_CNT:PACKAGE0
Found: rapl:::PACKAGE_ENERGY_CNT:PACKAGE1
Found: rapl:::DRAM_ENERGY_CNT:PACKAGE0
Found: rapl:::DRAM_ENERGY_CNT:PACKAGE1
Found: rapl:::PP0_ENERGY_CNT:PACKAGE0
Found: rapl:::PP0_ENERGY_CNT:PACKAGE1
Found: rapl:::THERMAL_SPEC:PACKAGE0
Found: rapl:::THERMAL_SPEC:PACKAGE1
Found: rapl:::MINIMUM_POWER:PACKAGE0
Found: rapl:::MINIMUM_POWER:PACKAGE1
Found: rapl:::MAXIMUM_POWER:PACKAGE0
Found: rapl:::MAXIMUM_POWER:PACKAGE1
Found: rapl:::MAXIMUM_TIME_WINDOW:PACKAGE0
Found: rapl:::MAXIMUM_TIME_WINDOW:PACKAGE1
Found: rapl:::PACKAGE_ENERGY:PACKAGE0
Found: rapl:::PACKAGE_ENERGY:PACKAGE1
Found: rapl:::DRAM_ENERGY:PACKAGE0
Found: rapl:::DRAM_ENERGY:PACKAGE1
Found: rapl:::PP0_ENERGY:PACKAGE0
Found: rapl:::PP0_ENERGY:PACKAGE1
Starting Classify and Insert
Classify 999999 999999  
Deleted Edges: 15622 
Processed Inserts: 94533
 Unprocessed Inserts: 40
 0.6914 s 0.0000 (* Average Power for rapl:::THERMAL_SPEC_CNT:PACKAGE0 *)
0.6914 s 0.0000 (* Average Power for rapl:::THERMAL_SPEC_CNT:PACKAGE1 *)
0.6914 s 0.0000 (* Average Power for rapl:::MINIMUM_POWER_CNT:PACKAGE0 *)
0.6914 s 0.0000 (* Average Power for rapl:::MINIMUM_POWER_CNT:PACKAGE1 *)
0.6914 s 0.0000 (* Average Power for rapl:::MAXIMUM_POWER_CNT:PACKAGE0 *)
0.6914 s 0.0000 (* Average Power for rapl:::MAXIMUM_POWER_CNT:PACKAGE1 *)
0.6914 s 0.0000 (* Average Power for rapl:::MAXIMUM_TIME_WINDOW_CNT:PACKAGE0 *)
0.6914 s 0.0000 (* Average Power for rapl:::MAXIMUM_TIME_WINDOW_CNT:PACKAGE1 *)
0.6914 s 0.0011 (* Average Power for rapl:::PACKAGE_ENERGY_CNT:PACKAGE0 *)
0.6914 s 0.0011 (* Average Power for rapl:::PACKAGE_ENERGY_CNT:PACKAGE1 *)
0.6914 s 0.0009 (* Average Power for rapl:::DRAM_ENERGY_CNT:PACKAGE0 *)
0.6914 s 0.0010 (* Average Power for rapl:::DRAM_ENERGY_CNT:PACKAGE1 *)
0.6914 s 0.0000 (* Average Power for rapl:::PP0_ENERGY_CNT:PACKAGE0 *)
0.6914 s 0.0000 (* Average Power for rapl:::PP0_ENERGY_CNT:PACKAGE1 *)
0.6914 s 6710430025.4227 (* Average Power for rapl:::THERMAL_SPEC:PACKAGE0 *)
0.6914 s 6710430025.4227 (* Average Power for rapl:::THERMAL_SPEC:PACKAGE1 *)
0.6914 s 6703559642.7094 (* Average Power for rapl:::MINIMUM_POWER:PACKAGE0 *)
0.6914 s 6703559642.7094 (* Average Power for rapl:::MINIMUM_POWER:PACKAGE1 *)
0.6914 s 6716944166.0695 (* Average Power for rapl:::MAXIMUM_POWER:PACKAGE0 *)
0.6914 s 6716944166.0695 (* Average Power for rapl:::MAXIMUM_POWER:PACKAGE1 *)
0.6914 s 6634448681.7856 (* Average Power for rapl:::MAXIMUM_TIME_WINDOW:PACKAGE0 *)
0.6914 s 6634448681.7856 (* Average Power for rapl:::MAXIMUM_TIME_WINDOW:PACKAGE1 *)
0.6914 s 47.3521 (* Total Energy for rapl:::PACKAGE_ENERGY:PACKAGE0 *)
0.6914 s 68.4914 (* Average Power for rapl:::PACKAGE_ENERGY:PACKAGE0 *)
0.6914 s 48.2104 (* Total Energy for rapl:::PACKAGE_ENERGY:PACKAGE1 *)
0.6914 s 69.7329 (* Average Power for rapl:::PACKAGE_ENERGY:PACKAGE1 *)
0.6914 s 14.4801 (* Average Power for rapl:::DRAM_ENERGY:PACKAGE0 *)
0.6914 s 15.2177 (* Average Power for rapl:::DRAM_ENERGY:PACKAGE1 *)
0.6914 s 0.0000 (* Average Power for rapl:::PP0_ENERGY:PACKAGE0 *)
0.6914 s 0.0000 (* Average Power for rapl:::PP0_ENERGY:PACKAGE1 *)
Time for Classify and insert  0.691324 
Found rapl component at cid 2
Found: rapl:::THERMAL_SPEC_CNT:PACKAGE0
Found: rapl:::THERMAL_SPEC_CNT:PACKAGE1
Found: rapl:::MINIMUM_POWER_CNT:PACKAGE0
Found: rapl:::MINIMUM_POWER_CNT:PACKAGE1
Found: rapl:::MAXIMUM_POWER_CNT:PACKAGE0
Found: rapl:::MAXIMUM_POWER_CNT:PACKAGE1
Found: rapl:::MAXIMUM_TIME_WINDOW_CNT:PACKAGE0
Found: rapl:::MAXIMUM_TIME_WINDOW_CNT:PACKAGE1
Found: rapl:::PACKAGE_ENERGY_CNT:PACKAGE0
Found: rapl:::PACKAGE_ENERGY_CNT:PACKAGE1
Found: rapl:::DRAM_ENERGY_CNT:PACKAGE0
Found: rapl:::DRAM_ENERGY_CNT:PACKAGE1
Found: rapl:::PP0_ENERGY_CNT:PACKAGE0
Found: rapl:::PP0_ENERGY_CNT:PACKAGE1
Found: rapl:::THERMAL_SPEC:PACKAGE0
Found: rapl:::THERMAL_SPEC:PACKAGE1
Found: rapl:::MINIMUM_POWER:PACKAGE0
Found: rapl:::MINIMUM_POWER:PACKAGE1
Found: rapl:::MAXIMUM_POWER:PACKAGE0
Found: rapl:::MAXIMUM_POWER:PACKAGE1
Found: rapl:::MAXIMUM_TIME_WINDOW:PACKAGE0
Found: rapl:::MAXIMUM_TIME_WINDOW:PACKAGE1
Found: rapl:::PACKAGE_ENERGY:PACKAGE0
Found: rapl:::PACKAGE_ENERGY:PACKAGE1
Found: rapl:::DRAM_ENERGY:PACKAGE0
Found: rapl:::DRAM_ENERGY:PACKAGE1
Found: rapl:::PP0_ENERGY:PACKAGE0
Found: rapl:::PP0_ENERGY:PACKAGE1
Starting process_deletions
10.8992 s 0.0000 (* Average Power for rapl:::THERMAL_SPEC_CNT:PACKAGE0 *)
10.8992 s 0.0000 (* Average Power for rapl:::THERMAL_SPEC_CNT:PACKAGE1 *)
10.8992 s 0.0000 (* Average Power for rapl:::MINIMUM_POWER_CNT:PACKAGE0 *)
10.8992 s 0.0000 (* Average Power for rapl:::MINIMUM_POWER_CNT:PACKAGE1 *)
10.8992 s 0.0000 (* Average Power for rapl:::MAXIMUM_POWER_CNT:PACKAGE0 *)
10.8992 s 0.0000 (* Average Power for rapl:::MAXIMUM_POWER_CNT:PACKAGE1 *)
10.8992 s 0.0000 (* Average Power for rapl:::MAXIMUM_TIME_WINDOW_CNT:PACKAGE0 *)
10.8992 s 0.0000 (* Average Power for rapl:::MAXIMUM_TIME_WINDOW_CNT:PACKAGE1 *)
10.8992 s 0.0008 (* Average Power for rapl:::PACKAGE_ENERGY_CNT:PACKAGE0 *)
10.8992 s 0.0009 (* Average Power for rapl:::PACKAGE_ENERGY_CNT:PACKAGE1 *)
10.8992 s 0.0009 (* Average Power for rapl:::DRAM_ENERGY_CNT:PACKAGE0 *)
10.8992 s 0.0010 (* Average Power for rapl:::DRAM_ENERGY_CNT:PACKAGE1 *)
10.8992 s 0.0000 (* Average Power for rapl:::PP0_ENERGY_CNT:PACKAGE0 *)
10.8992 s 0.0000 (* Average Power for rapl:::PP0_ENERGY_CNT:PACKAGE1 *)
10.8992 s 425656795.8741 (* Average Power for rapl:::THERMAL_SPEC:PACKAGE0 *)
10.8992 s 425656795.8741 (* Average Power for rapl:::THERMAL_SPEC:PACKAGE1 *)
10.8992 s 425220992.9403 (* Average Power for rapl:::MINIMUM_POWER:PACKAGE0 *)
10.8992 s 425220992.9403 (* Average Power for rapl:::MINIMUM_POWER:PACKAGE1 *)
10.8992 s 426070001.6188 (* Average Power for rapl:::MAXIMUM_POWER:PACKAGE0 *)
10.8992 s 426070001.6188 (* Average Power for rapl:::MAXIMUM_POWER:PACKAGE1 *)
10.8992 s 420837138.2432 (* Average Power for rapl:::MAXIMUM_TIME_WINDOW:PACKAGE0 *)
10.8992 s 420837138.2432 (* Average Power for rapl:::MAXIMUM_TIME_WINDOW:PACKAGE1 *)
10.8992 s 508.2037 (* Total Energy for rapl:::PACKAGE_ENERGY:PACKAGE0 *)
10.8992 s 46.6277 (* Average Power for rapl:::PACKAGE_ENERGY:PACKAGE0 *)
10.8992 s 627.4897 (* Total Energy for rapl:::PACKAGE_ENERGY:PACKAGE1 *)
10.8992 s 57.5723 (* Average Power for rapl:::PACKAGE_ENERGY:PACKAGE1 *)
10.8992 s 13.6552 (* Average Power for rapl:::DRAM_ENERGY:PACKAGE0 *)
10.8992 s 15.0725 (* Average Power for rapl:::DRAM_ENERGY:PACKAGE1 *)
10.8992 s 0.0000 (* Average Power for rapl:::PP0_ENERGY:PACKAGE0 *)
10.8992 s 0.0000 (* Average Power for rapl:::PP0_ENERGY:PACKAGE1 *)
Time for Deletion  10.899134 
Total Time for Updating at Batch 1 is 11.815881 
Total Time for Updating Rooted Tree at iter 1 is 7.783050 with Rewire:0
Total Time for Updating  19.602547 
Time Taken for Initializing Memory 0.376371 
Highest Edge Value 10 --
Total Time for Reading Remainder Edges 167.811585 
Total Time for Reading Certificate Network 18.831371 
Total Time for Reading Update List 0.427468 
==Update Starts =======
Total Time for Initial Tree Creation  9.789878 
Found rapl component at cid 2
Found: rapl:::THERMAL_SPEC_CNT:PACKAGE0
Found: rapl:::THERMAL_SPEC_CNT:PACKAGE1
Found: rapl:::MINIMUM_POWER_CNT:PACKAGE0
Found: rapl:::MINIMUM_POWER_CNT:PACKAGE1
Found: rapl:::MAXIMUM_POWER_CNT:PACKAGE0
Found: rapl:::MAXIMUM_POWER_CNT:PACKAGE1
Found: rapl:::MAXIMUM_TIME_WINDOW_CNT:PACKAGE0
Found: rapl:::MAXIMUM_TIME_WINDOW_CNT:PACKAGE1
Found: rapl:::PACKAGE_ENERGY_CNT:PACKAGE0
Found: rapl:::PACKAGE_ENERGY_CNT:PACKAGE1
Found: rapl:::DRAM_ENERGY_CNT:PACKAGE0
Found: rapl:::DRAM_ENERGY_CNT:PACKAGE1
Found: rapl:::PP0_ENERGY_CNT:PACKAGE0
Found: rapl:::PP0_ENERGY_CNT:PACKAGE1
Found: rapl:::THERMAL_SPEC:PACKAGE0
Found: rapl:::THERMAL_SPEC:PACKAGE1
Found: rapl:::MINIMUM_POWER:PACKAGE0
Found: rapl:::MINIMUM_POWER:PACKAGE1
Found: rapl:::MAXIMUM_POWER:PACKAGE0
Found: rapl:::MAXIMUM_POWER:PACKAGE1
Found: rapl:::MAXIMUM_TIME_WINDOW:PACKAGE0
Found: rapl:::MAXIMUM_TIME_WINDOW:PACKAGE1
Found: rapl:::PACKAGE_ENERGY:PACKAGE0
Found: rapl:::PACKAGE_ENERGY:PACKAGE1
Found: rapl:::DRAM_ENERGY:PACKAGE0
Found: rapl:::DRAM_ENERGY:PACKAGE1
Found: rapl:::PP0_ENERGY:PACKAGE0
Found: rapl:::PP0_ENERGY:PACKAGE1
Starting Classify and Insert
Classify 999999 999999  
Deleted Edges: 15622 
Processed Inserts: 94519
 Unprocessed Inserts: 37
 0.6419 s 0.0000 (* Average Power for rapl:::THERMAL_SPEC_CNT:PACKAGE0 *)
0.6419 s 0.0000 (* Average Power for rapl:::THERMAL_SPEC_CNT:PACKAGE1 *)
0.6419 s 0.0000 (* Average Power for rapl:::MINIMUM_POWER_CNT:PACKAGE0 *)
0.6419 s 0.0000 (* Average Power for rapl:::MINIMUM_POWER_CNT:PACKAGE1 *)
0.6419 s 0.0000 (* Average Power for rapl:::MAXIMUM_POWER_CNT:PACKAGE0 *)
0.6419 s 0.0000 (* Average Power for rapl:::MAXIMUM_POWER_CNT:PACKAGE1 *)
0.6419 s 0.0000 (* Average Power for rapl:::MAXIMUM_TIME_WINDOW_CNT:PACKAGE0 *)
0.6419 s 0.0000 (* Average Power for rapl:::MAXIMUM_TIME_WINDOW_CNT:PACKAGE1 *)
0.6419 s 0.0011 (* Average Power for rapl:::PACKAGE_ENERGY_CNT:PACKAGE0 *)
0.6419 s 0.0011 (* Average Power for rapl:::PACKAGE_ENERGY_CNT:PACKAGE1 *)
0.6419 s 0.0010 (* Average Power for rapl:::DRAM_ENERGY_CNT:PACKAGE0 *)
0.6419 s 0.0010 (* Average Power for rapl:::DRAM_ENERGY_CNT:PACKAGE1 *)
0.6419 s 0.0000 (* Average Power for rapl:::PP0_ENERGY_CNT:PACKAGE0 *)
0.6419 s 0.0000 (* Average Power for rapl:::PP0_ENERGY_CNT:PACKAGE1 *)
0.6419 s 7227478443.7753 (* Average Power for rapl:::THERMAL_SPEC:PACKAGE0 *)
0.6419 s 7227478443.7753 (* Average Power for rapl:::THERMAL_SPEC:PACKAGE1 *)
0.6419 s 7220078688.0558 (* Average Power for rapl:::MINIMUM_POWER:PACKAGE0 *)
0.6419 s 7220078688.0558 (* Average Power for rapl:::MINIMUM_POWER:PACKAGE1 *)
0.6419 s 7234494508.4575 (* Average Power for rapl:::MAXIMUM_POWER:PACKAGE0 *)
0.6419 s 7234494508.4575 (* Average Power for rapl:::MAXIMUM_POWER:PACKAGE1 *)
0.6419 s 7145642626.8178 (* Average Power for rapl:::MAXIMUM_TIME_WINDOW:PACKAGE0 *)
0.6419 s 7145642626.8178 (* Average Power for rapl:::MAXIMUM_TIME_WINDOW:PACKAGE1 *)
0.6419 s 43.7648 (* Total Energy for rapl:::PACKAGE_ENERGY:PACKAGE0 *)
0.6419 s 68.1802 (* Average Power for rapl:::PACKAGE_ENERGY:PACKAGE0 *)
0.6419 s 41.9801 (* Total Energy for rapl:::PACKAGE_ENERGY:PACKAGE1 *)
0.6419 s 65.3999 (* Average Power for rapl:::PACKAGE_ENERGY:PACKAGE1 *)
0.6419 s 14.6544 (* Average Power for rapl:::DRAM_ENERGY:PACKAGE0 *)
0.6419 s 15.0480 (* Average Power for rapl:::DRAM_ENERGY:PACKAGE1 *)
0.6419 s 0.0000 (* Average Power for rapl:::PP0_ENERGY:PACKAGE0 *)
0.6419 s 0.0000 (* Average Power for rapl:::PP0_ENERGY:PACKAGE1 *)
Time for Classify and insert  0.641863 
Found rapl component at cid 2
Found: rapl:::THERMAL_SPEC_CNT:PACKAGE0
Found: rapl:::THERMAL_SPEC_CNT:PACKAGE1
Found: rapl:::MINIMUM_POWER_CNT:PACKAGE0
Found: rapl:::MINIMUM_POWER_CNT:PACKAGE1
Found: rapl:::MAXIMUM_POWER_CNT:PACKAGE0
Found: rapl:::MAXIMUM_POWER_CNT:PACKAGE1
Found: rapl:::MAXIMUM_TIME_WINDOW_CNT:PACKAGE0
Found: rapl:::MAXIMUM_TIME_WINDOW_CNT:PACKAGE1
Found: rapl:::PACKAGE_ENERGY_CNT:PACKAGE0
Found: rapl:::PACKAGE_ENERGY_CNT:PACKAGE1
Found: rapl:::DRAM_ENERGY_CNT:PACKAGE0
Found: rapl:::DRAM_ENERGY_CNT:PACKAGE1
Found: rapl:::PP0_ENERGY_CNT:PACKAGE0
Found: rapl:::PP0_ENERGY_CNT:PACKAGE1
Found: rapl:::THERMAL_SPEC:PACKAGE0
Found: rapl:::THERMAL_SPEC:PACKAGE1
Found: rapl:::MINIMUM_POWER:PACKAGE0
Found: rapl:::MINIMUM_POWER:PACKAGE1
Found: rapl:::MAXIMUM_POWER:PACKAGE0
Found: rapl:::MAXIMUM_POWER:PACKAGE1
Found: rapl:::MAXIMUM_TIME_WINDOW:PACKAGE0
Found: rapl:::MAXIMUM_TIME_WINDOW:PACKAGE1
Found: rapl:::PACKAGE_ENERGY:PACKAGE0
Found: rapl:::PACKAGE_ENERGY:PACKAGE1
Found: rapl:::DRAM_ENERGY:PACKAGE0
Found: rapl:::DRAM_ENERGY:PACKAGE1
Found: rapl:::PP0_ENERGY:PACKAGE0
Found: rapl:::PP0_ENERGY:PACKAGE1
Starting process_deletions
11.6308 s 0.0000 (* Average Power for rapl:::THERMAL_SPEC_CNT:PACKAGE0 *)
11.6308 s 0.0000 (* Average Power for rapl:::THERMAL_SPEC_CNT:PACKAGE1 *)
11.6308 s 0.0000 (* Average Power for rapl:::MINIMUM_POWER_CNT:PACKAGE0 *)
11.6308 s 0.0000 (* Average Power for rapl:::MINIMUM_POWER_CNT:PACKAGE1 *)
11.6308 s 0.0000 (* Average Power for rapl:::MAXIMUM_POWER_CNT:PACKAGE0 *)
11.6308 s 0.0000 (* Average Power for rapl:::MAXIMUM_POWER_CNT:PACKAGE1 *)
11.6308 s 0.0000 (* Average Power for rapl:::MAXIMUM_TIME_WINDOW_CNT:PACKAGE0 *)
11.6308 s 0.0000 (* Average Power for rapl:::MAXIMUM_TIME_WINDOW_CNT:PACKAGE1 *)
11.6308 s 0.0009 (* Average Power for rapl:::PACKAGE_ENERGY_CNT:PACKAGE0 *)
11.6308 s 0.0009 (* Average Power for rapl:::PACKAGE_ENERGY_CNT:PACKAGE1 *)
11.6308 s 0.0010 (* Average Power for rapl:::DRAM_ENERGY_CNT:PACKAGE0 *)
11.6308 s 0.0010 (* Average Power for rapl:::DRAM_ENERGY_CNT:PACKAGE1 *)
11.6308 s 0.0000 (* Average Power for rapl:::PP0_ENERGY_CNT:PACKAGE0 *)
11.6308 s 0.0000 (* Average Power for rapl:::PP0_ENERGY_CNT:PACKAGE1 *)
11.6308 s 398879927.5091 (* Average Power for rapl:::THERMAL_SPEC:PACKAGE0 *)
11.6308 s 398879927.5091 (* Average Power for rapl:::THERMAL_SPEC:PACKAGE1 *)
11.6308 s 398471539.7086 (* Average Power for rapl:::MINIMUM_POWER:PACKAGE0 *)
11.6308 s 398471539.7086 (* Average Power for rapl:::MINIMUM_POWER:PACKAGE1 *)
11.6308 s 399267139.6459 (* Average Power for rapl:::MAXIMUM_POWER:PACKAGE0 *)
11.6308 s 399267139.6459 (* Average Power for rapl:::MAXIMUM_POWER:PACKAGE1 *)
11.6308 s 394363460.9448 (* Average Power for rapl:::MAXIMUM_TIME_WINDOW:PACKAGE0 *)
11.6308 s 394363460.9448 (* Average Power for rapl:::MAXIMUM_TIME_WINDOW:PACKAGE1 *)
11.6308 s 608.9016 (* Total Energy for rapl:::PACKAGE_ENERGY:PACKAGE0 *)
11.6308 s 52.3524 (* Average Power for rapl:::PACKAGE_ENERGY:PACKAGE0 *)
11.6308 s 642.0954 (* Total Energy for rapl:::PACKAGE_ENERGY:PACKAGE1 *)
11.6308 s 55.2063 (* Average Power for rapl:::PACKAGE_ENERGY:PACKAGE1 *)
11.6308 s 14.5144 (* Average Power for rapl:::DRAM_ENERGY:PACKAGE0 *)
11.6308 s 15.0797 (* Average Power for rapl:::DRAM_ENERGY:PACKAGE1 *)
11.6308 s 0.0000 (* Average Power for rapl:::PP0_ENERGY:PACKAGE0 *)
11.6308 s 0.0000 (* Average Power for rapl:::PP0_ENERGY:PACKAGE1 *)
Time for Deletion  11.630764 
Total Time for Updating at Batch 1 is 12.510841 
Total Time for Updating Rooted Tree at iter 1 is 7.370679 with Rewire:0
Total Time for Updating  19.885326 
Time Taken for Initializing Memory 0.382337 
Highest Edge Value 10 --
Total Time for Reading Remainder Edges 167.704909 
Total Time for Reading Certificate Network 18.818642 
Total Time for Reading Update List 0.429002 
==Update Starts =======
Total Time for Initial Tree Creation  9.777596 
Found rapl component at cid 2
Found: rapl:::THERMAL_SPEC_CNT:PACKAGE0
Found: rapl:::THERMAL_SPEC_CNT:PACKAGE1
Found: rapl:::MINIMUM_POWER_CNT:PACKAGE0
Found: rapl:::MINIMUM_POWER_CNT:PACKAGE1
Found: rapl:::MAXIMUM_POWER_CNT:PACKAGE0
Found: rapl:::MAXIMUM_POWER_CNT:PACKAGE1
Found: rapl:::MAXIMUM_TIME_WINDOW_CNT:PACKAGE0
Found: rapl:::MAXIMUM_TIME_WINDOW_CNT:PACKAGE1
Found: rapl:::PACKAGE_ENERGY_CNT:PACKAGE0
Found: rapl:::PACKAGE_ENERGY_CNT:PACKAGE1
Found: rapl:::DRAM_ENERGY_CNT:PACKAGE0
Found: rapl:::DRAM_ENERGY_CNT:PACKAGE1
Found: rapl:::PP0_ENERGY_CNT:PACKAGE0
Found: rapl:::PP0_ENERGY_CNT:PACKAGE1
Found: rapl:::THERMAL_SPEC:PACKAGE0
Found: rapl:::THERMAL_SPEC:PACKAGE1
Found: rapl:::MINIMUM_POWER:PACKAGE0
Found: rapl:::MINIMUM_POWER:PACKAGE1
Found: rapl:::MAXIMUM_POWER:PACKAGE0
Found: rapl:::MAXIMUM_POWER:PACKAGE1
Found: rapl:::MAXIMUM_TIME_WINDOW:PACKAGE0
Found: rapl:::MAXIMUM_TIME_WINDOW:PACKAGE1
Found: rapl:::PACKAGE_ENERGY:PACKAGE0
Found: rapl:::PACKAGE_ENERGY:PACKAGE1
Found: rapl:::DRAM_ENERGY:PACKAGE0
Found: rapl:::DRAM_ENERGY:PACKAGE1
Found: rapl:::PP0_ENERGY:PACKAGE0
Found: rapl:::PP0_ENERGY:PACKAGE1
Starting Classify and Insert
Classify 999999 999999  
Deleted Edges: 15622 
Processed Inserts: 94523
 Unprocessed Inserts: 34
 0.6501 s 0.0000 (* Average Power for rapl:::THERMAL_SPEC_CNT:PACKAGE0 *)
0.6501 s 0.0000 (* Average Power for rapl:::THERMAL_SPEC_CNT:PACKAGE1 *)
0.6501 s 0.0000 (* Average Power for rapl:::MINIMUM_POWER_CNT:PACKAGE0 *)
0.6501 s 0.0000 (* Average Power for rapl:::MINIMUM_POWER_CNT:PACKAGE1 *)
0.6501 s 0.0000 (* Average Power for rapl:::MAXIMUM_POWER_CNT:PACKAGE0 *)
0.6501 s 0.0000 (* Average Power for rapl:::MAXIMUM_POWER_CNT:PACKAGE1 *)
0.6501 s 0.0000 (* Average Power for rapl:::MAXIMUM_TIME_WINDOW_CNT:PACKAGE0 *)
0.6501 s 0.0000 (* Average Power for rapl:::MAXIMUM_TIME_WINDOW_CNT:PACKAGE1 *)
0.6501 s 0.0011 (* Average Power for rapl:::PACKAGE_ENERGY_CNT:PACKAGE0 *)
0.6501 s 0.0011 (* Average Power for rapl:::PACKAGE_ENERGY_CNT:PACKAGE1 *)
0.6501 s 0.0010 (* Average Power for rapl:::DRAM_ENERGY_CNT:PACKAGE0 *)
0.6501 s 0.0010 (* Average Power for rapl:::DRAM_ENERGY_CNT:PACKAGE1 *)
0.6501 s 0.0000 (* Average Power for rapl:::PP0_ENERGY_CNT:PACKAGE0 *)
0.6501 s 0.0000 (* Average Power for rapl:::PP0_ENERGY_CNT:PACKAGE1 *)
0.6501 s 7136506658.0582 (* Average Power for rapl:::THERMAL_SPEC:PACKAGE0 *)
0.6501 s 7136506658.0582 (* Average Power for rapl:::THERMAL_SPEC:PACKAGE1 *)
0.6501 s 7129200042.5669 (* Average Power for rapl:::MINIMUM_POWER:PACKAGE0 *)
0.6501 s 7129200042.5669 (* Average Power for rapl:::MINIMUM_POWER:PACKAGE1 *)
0.6501 s 7143434412.0055 (* Average Power for rapl:::MAXIMUM_POWER:PACKAGE0 *)
0.6501 s 7143434412.0055 (* Average Power for rapl:::MAXIMUM_POWER:PACKAGE1 *)
0.6501 s 7055700903.0321 (* Average Power for rapl:::MAXIMUM_TIME_WINDOW:PACKAGE0 *)
0.6501 s 7055700903.0321 (* Average Power for rapl:::MAXIMUM_TIME_WINDOW:PACKAGE1 *)
0.6501 s 43.2485 (* Total Energy for rapl:::PACKAGE_ENERGY:PACKAGE0 *)
0.6501 s 66.5279 (* Average Power for rapl:::PACKAGE_ENERGY:PACKAGE0 *)
0.6501 s 45.0603 (* Total Energy for rapl:::PACKAGE_ENERGY:PACKAGE1 *)
0.6501 s 69.3149 (* Average Power for rapl:::PACKAGE_ENERGY:PACKAGE1 *)
0.6501 s 14.6299 (* Average Power for rapl:::DRAM_ENERGY:PACKAGE0 *)
0.6501 s 15.0200 (* Average Power for rapl:::DRAM_ENERGY:PACKAGE1 *)
0.6501 s 0.0000 (* Average Power for rapl:::PP0_ENERGY:PACKAGE0 *)
0.6501 s 0.0000 (* Average Power for rapl:::PP0_ENERGY:PACKAGE1 *)
Time for Classify and insert  0.650045 
Found rapl component at cid 2
Found: rapl:::THERMAL_SPEC_CNT:PACKAGE0
Found: rapl:::THERMAL_SPEC_CNT:PACKAGE1
Found: rapl:::MINIMUM_POWER_CNT:PACKAGE0
Found: rapl:::MINIMUM_POWER_CNT:PACKAGE1
Found: rapl:::MAXIMUM_POWER_CNT:PACKAGE0
Found: rapl:::MAXIMUM_POWER_CNT:PACKAGE1
Found: rapl:::MAXIMUM_TIME_WINDOW_CNT:PACKAGE0
Found: rapl:::MAXIMUM_TIME_WINDOW_CNT:PACKAGE1
Found: rapl:::PACKAGE_ENERGY_CNT:PACKAGE0
Found: rapl:::PACKAGE_ENERGY_CNT:PACKAGE1
Found: rapl:::DRAM_ENERGY_CNT:PACKAGE0
Found: rapl:::DRAM_ENERGY_CNT:PACKAGE1
Found: rapl:::PP0_ENERGY_CNT:PACKAGE0
Found: rapl:::PP0_ENERGY_CNT:PACKAGE1
Found: rapl:::THERMAL_SPEC:PACKAGE0
Found: rapl:::THERMAL_SPEC:PACKAGE1
Found: rapl:::MINIMUM_POWER:PACKAGE0
Found: rapl:::MINIMUM_POWER:PACKAGE1
Found: rapl:::MAXIMUM_POWER:PACKAGE0
Found: rapl:::MAXIMUM_POWER:PACKAGE1
Found: rapl:::MAXIMUM_TIME_WINDOW:PACKAGE0
Found: rapl:::MAXIMUM_TIME_WINDOW:PACKAGE1
Found: rapl:::PACKAGE_ENERGY:PACKAGE0
Found: rapl:::PACKAGE_ENERGY:PACKAGE1
Found: rapl:::DRAM_ENERGY:PACKAGE0
Found: rapl:::DRAM_ENERGY:PACKAGE1
Found: rapl:::PP0_ENERGY:PACKAGE0
Found: rapl:::PP0_ENERGY:PACKAGE1
Starting process_deletions
11.0258 s 0.0000 (* Average Power for rapl:::THERMAL_SPEC_CNT:PACKAGE0 *)
11.0258 s 0.0000 (* Average Power for rapl:::THERMAL_SPEC_CNT:PACKAGE1 *)
11.0258 s 0.0000 (* Average Power for rapl:::MINIMUM_POWER_CNT:PACKAGE0 *)
11.0258 s 0.0000 (* Average Power for rapl:::MINIMUM_POWER_CNT:PACKAGE1 *)
11.0258 s 0.0000 (* Average Power for rapl:::MAXIMUM_POWER_CNT:PACKAGE0 *)
11.0258 s 0.0000 (* Average Power for rapl:::MAXIMUM_POWER_CNT:PACKAGE1 *)
11.0258 s 0.0000 (* Average Power for rapl:::MAXIMUM_TIME_WINDOW_CNT:PACKAGE0 *)
11.0258 s 0.0000 (* Average Power for rapl:::MAXIMUM_TIME_WINDOW_CNT:PACKAGE1 *)
11.0258 s 0.0008 (* Average Power for rapl:::PACKAGE_ENERGY_CNT:PACKAGE0 *)
11.0258 s 0.0009 (* Average Power for rapl:::PACKAGE_ENERGY_CNT:PACKAGE1 *)
11.0258 s 0.0010 (* Average Power for rapl:::DRAM_ENERGY_CNT:PACKAGE0 *)
11.0258 s 0.0010 (* Average Power for rapl:::DRAM_ENERGY_CNT:PACKAGE1 *)
11.0258 s 0.0000 (* Average Power for rapl:::PP0_ENERGY_CNT:PACKAGE0 *)
11.0258 s 0.0000 (* Average Power for rapl:::PP0_ENERGY_CNT:PACKAGE1 *)
11.0258 s 420769916.8683 (* Average Power for rapl:::THERMAL_SPEC:PACKAGE0 *)
11.0258 s 420769916.8683 (* Average Power for rapl:::THERMAL_SPEC:PACKAGE1 *)
11.0258 s 420339117.2993 (* Average Power for rapl:::MINIMUM_POWER:PACKAGE0 *)
11.0258 s 420339117.2993 (* Average Power for rapl:::MINIMUM_POWER:PACKAGE1 *)
11.0258 s 421178378.6820 (* Average Power for rapl:::MAXIMUM_POWER:PACKAGE0 *)
11.0258 s 421178378.6820 (* Average Power for rapl:::MAXIMUM_POWER:PACKAGE1 *)
11.0258 s 416005592.7454 (* Average Power for rapl:::MAXIMUM_TIME_WINDOW:PACKAGE0 *)
11.0258 s 416005592.7454 (* Average Power for rapl:::MAXIMUM_TIME_WINDOW:PACKAGE1 *)
11.0258 s 548.0374 (* Total Energy for rapl:::PACKAGE_ENERGY:PACKAGE0 *)
11.0258 s 49.7052 (* Average Power for rapl:::PACKAGE_ENERGY:PACKAGE0 *)
11.0258 s 582.0750 (* Total Energy for rapl:::PACKAGE_ENERGY:PACKAGE1 *)
11.0258 s 52.7923 (* Average Power for rapl:::PACKAGE_ENERGY:PACKAGE1 *)
11.0258 s 14.5631 (* Average Power for rapl:::DRAM_ENERGY:PACKAGE0 *)
11.0258 s 15.2498 (* Average Power for rapl:::DRAM_ENERGY:PACKAGE1 *)
11.0258 s 0.0000 (* Average Power for rapl:::PP0_ENERGY:PACKAGE0 *)
11.0258 s 0.0000 (* Average Power for rapl:::PP0_ENERGY:PACKAGE1 *)
Time for Deletion  11.025720 
Total Time for Updating at Batch 1 is 11.917954 
Total Time for Updating Rooted Tree at iter 1 is 7.269441 with Rewire:0
Total Time for Updating  19.191296 
Time Taken for Initializing Memory 0.383552 
Highest Edge Value 10 --
Total Time for Reading Remainder Edges 167.669735 
Total Time for Reading Certificate Network 18.811138 
Total Time for Reading Update List 0.428025 
==Update Starts =======
Total Time for Initial Tree Creation  9.750482 
Found rapl component at cid 2
Found: rapl:::THERMAL_SPEC_CNT:PACKAGE0
Found: rapl:::THERMAL_SPEC_CNT:PACKAGE1
Found: rapl:::MINIMUM_POWER_CNT:PACKAGE0
Found: rapl:::MINIMUM_POWER_CNT:PACKAGE1
Found: rapl:::MAXIMUM_POWER_CNT:PACKAGE0
Found: rapl:::MAXIMUM_POWER_CNT:PACKAGE1
Found: rapl:::MAXIMUM_TIME_WINDOW_CNT:PACKAGE0
Found: rapl:::MAXIMUM_TIME_WINDOW_CNT:PACKAGE1
Found: rapl:::PACKAGE_ENERGY_CNT:PACKAGE0
Found: rapl:::PACKAGE_ENERGY_CNT:PACKAGE1
Found: rapl:::DRAM_ENERGY_CNT:PACKAGE0
Found: rapl:::DRAM_ENERGY_CNT:PACKAGE1
Found: rapl:::PP0_ENERGY_CNT:PACKAGE0
Found: rapl:::PP0_ENERGY_CNT:PACKAGE1
Found: rapl:::THERMAL_SPEC:PACKAGE0
Found: rapl:::THERMAL_SPEC:PACKAGE1
Found: rapl:::MINIMUM_POWER:PACKAGE0
Found: rapl:::MINIMUM_POWER:PACKAGE1
Found: rapl:::MAXIMUM_POWER:PACKAGE0
Found: rapl:::MAXIMUM_POWER:PACKAGE1
Found: rapl:::MAXIMUM_TIME_WINDOW:PACKAGE0
Found: rapl:::MAXIMUM_TIME_WINDOW:PACKAGE1
Found: rapl:::PACKAGE_ENERGY:PACKAGE0
Found: rapl:::PACKAGE_ENERGY:PACKAGE1
Found: rapl:::DRAM_ENERGY:PACKAGE0
Found: rapl:::DRAM_ENERGY:PACKAGE1
Found: rapl:::PP0_ENERGY:PACKAGE0
Found: rapl:::PP0_ENERGY:PACKAGE1
Starting Classify and Insert
Classify 999999 999999  
Deleted Edges: 15622 
Processed Inserts: 94526
 Unprocessed Inserts: 40
 0.6484 s 0.0000 (* Average Power for rapl:::THERMAL_SPEC_CNT:PACKAGE0 *)
0.6484 s 0.0000 (* Average Power for rapl:::THERMAL_SPEC_CNT:PACKAGE1 *)
0.6484 s 0.0000 (* Average Power for rapl:::MINIMUM_POWER_CNT:PACKAGE0 *)
0.6484 s 0.0000 (* Average Power for rapl:::MINIMUM_POWER_CNT:PACKAGE1 *)
0.6484 s 0.0000 (* Average Power for rapl:::MAXIMUM_POWER_CNT:PACKAGE0 *)
0.6484 s 0.0000 (* Average Power for rapl:::MAXIMUM_POWER_CNT:PACKAGE1 *)
0.6484 s 0.0000 (* Average Power for rapl:::MAXIMUM_TIME_WINDOW_CNT:PACKAGE0 *)
0.6484 s 0.0000 (* Average Power for rapl:::MAXIMUM_TIME_WINDOW_CNT:PACKAGE1 *)
0.6484 s 0.0014 (* Average Power for rapl:::PACKAGE_ENERGY_CNT:PACKAGE0 *)
0.6484 s 0.0015 (* Average Power for rapl:::PACKAGE_ENERGY_CNT:PACKAGE1 *)
0.6484 s 0.0010 (* Average Power for rapl:::DRAM_ENERGY_CNT:PACKAGE0 *)
0.6484 s 0.0010 (* Average Power for rapl:::DRAM_ENERGY_CNT:PACKAGE1 *)
0.6484 s 0.0000 (* Average Power for rapl:::PP0_ENERGY_CNT:PACKAGE0 *)
0.6484 s 0.0000 (* Average Power for rapl:::PP0_ENERGY_CNT:PACKAGE1 *)
0.6484 s 7155525597.2229 (* Average Power for rapl:::THERMAL_SPEC:PACKAGE0 *)
0.6484 s 7155525597.2229 (* Average Power for rapl:::THERMAL_SPEC:PACKAGE1 *)
0.6484 s 7148199509.4488 (* Average Power for rapl:::MINIMUM_POWER:PACKAGE0 *)
0.6484 s 7148199509.4488 (* Average Power for rapl:::MINIMUM_POWER:PACKAGE1 *)
0.6484 s 7162471813.7790 (* Average Power for rapl:::MAXIMUM_POWER:PACKAGE0 *)
0.6484 s 7162471813.7790 (* Average Power for rapl:::MAXIMUM_POWER:PACKAGE1 *)
0.6484 s 7074504493.1734 (* Average Power for rapl:::MAXIMUM_TIME_WINDOW:PACKAGE0 *)
0.6484 s 7074504493.1734 (* Average Power for rapl:::MAXIMUM_TIME_WINDOW:PACKAGE1 *)
0.6484 s 53.7557 (* Total Energy for rapl:::PACKAGE_ENERGY:PACKAGE0 *)
0.6484 s 82.9111 (* Average Power for rapl:::PACKAGE_ENERGY:PACKAGE0 *)
0.6484 s 57.5167 (* Total Energy for rapl:::PACKAGE_ENERGY:PACKAGE1 *)
0.6484 s 88.7121 (* Average Power for rapl:::PACKAGE_ENERGY:PACKAGE1 *)
0.6484 s 14.6386 (* Average Power for rapl:::DRAM_ENERGY:PACKAGE0 *)
0.6484 s 15.0189 (* Average Power for rapl:::DRAM_ENERGY:PACKAGE1 *)
0.6484 s 0.0000 (* Average Power for rapl:::PP0_ENERGY:PACKAGE0 *)
0.6484 s 0.0000 (* Average Power for rapl:::PP0_ENERGY:PACKAGE1 *)
Time for Classify and insert  0.648315 
Found rapl component at cid 2
Found: rapl:::THERMAL_SPEC_CNT:PACKAGE0
Found: rapl:::THERMAL_SPEC_CNT:PACKAGE1
Found: rapl:::MINIMUM_POWER_CNT:PACKAGE0
Found: rapl:::MINIMUM_POWER_CNT:PACKAGE1
Found: rapl:::MAXIMUM_POWER_CNT:PACKAGE0
Found: rapl:::MAXIMUM_POWER_CNT:PACKAGE1
Found: rapl:::MAXIMUM_TIME_WINDOW_CNT:PACKAGE0
Found: rapl:::MAXIMUM_TIME_WINDOW_CNT:PACKAGE1
Found: rapl:::PACKAGE_ENERGY_CNT:PACKAGE0
Found: rapl:::PACKAGE_ENERGY_CNT:PACKAGE1
Found: rapl:::DRAM_ENERGY_CNT:PACKAGE0
Found: rapl:::DRAM_ENERGY_CNT:PACKAGE1
Found: rapl:::PP0_ENERGY_CNT:PACKAGE0
Found: rapl:::PP0_ENERGY_CNT:PACKAGE1
Found: rapl:::THERMAL_SPEC:PACKAGE0
Found: rapl:::THERMAL_SPEC:PACKAGE1
Found: rapl:::MINIMUM_POWER:PACKAGE0
Found: rapl:::MINIMUM_POWER:PACKAGE1
Found: rapl:::MAXIMUM_POWER:PACKAGE0
Found: rapl:::MAXIMUM_POWER:PACKAGE1
Found: rapl:::MAXIMUM_TIME_WINDOW:PACKAGE0
Found: rapl:::MAXIMUM_TIME_WINDOW:PACKAGE1
Found: rapl:::PACKAGE_ENERGY:PACKAGE0
Found: rapl:::PACKAGE_ENERGY:PACKAGE1
Found: rapl:::DRAM_ENERGY:PACKAGE0
Found: rapl:::DRAM_ENERGY:PACKAGE1
Found: rapl:::PP0_ENERGY:PACKAGE0
Found: rapl:::PP0_ENERGY:PACKAGE1
Starting process_deletions
11.6263 s 0.0000 (* Average Power for rapl:::THERMAL_SPEC_CNT:PACKAGE0 *)
11.6263 s 0.0000 (* Average Power for rapl:::THERMAL_SPEC_CNT:PACKAGE1 *)
11.6263 s 0.0000 (* Average Power for rapl:::MINIMUM_POWER_CNT:PACKAGE0 *)
11.6263 s 0.0000 (* Average Power for rapl:::MINIMUM_POWER_CNT:PACKAGE1 *)
11.6263 s 0.0000 (* Average Power for rapl:::MAXIMUM_POWER_CNT:PACKAGE0 *)
11.6263 s 0.0000 (* Average Power for rapl:::MAXIMUM_POWER_CNT:PACKAGE1 *)
11.6263 s 0.0000 (* Average Power for rapl:::MAXIMUM_TIME_WINDOW_CNT:PACKAGE0 *)
11.6263 s 0.0000 (* Average Power for rapl:::MAXIMUM_TIME_WINDOW_CNT:PACKAGE1 *)
11.6263 s 0.0009 (* Average Power for rapl:::PACKAGE_ENERGY_CNT:PACKAGE0 *)
11.6263 s 0.0010 (* Average Power for rapl:::PACKAGE_ENERGY_CNT:PACKAGE1 *)
11.6263 s 0.0009 (* Average Power for rapl:::DRAM_ENERGY_CNT:PACKAGE0 *)
11.6263 s 0.0010 (* Average Power for rapl:::DRAM_ENERGY_CNT:PACKAGE1 *)
11.6263 s 0.0000 (* Average Power for rapl:::PP0_ENERGY_CNT:PACKAGE0 *)
11.6263 s 0.0000 (* Average Power for rapl:::PP0_ENERGY_CNT:PACKAGE1 *)
11.6263 s 399035492.2446 (* Average Power for rapl:::THERMAL_SPEC:PACKAGE0 *)
11.6263 s 399035492.2446 (* Average Power for rapl:::THERMAL_SPEC:PACKAGE1 *)
11.6263 s 398626945.1713 (* Average Power for rapl:::MINIMUM_POWER:PACKAGE0 *)
11.6263 s 398626945.1713 (* Average Power for rapl:::MINIMUM_POWER:PACKAGE1 *)
11.6263 s 399422855.3957 (* Average Power for rapl:::MAXIMUM_POWER:PACKAGE0 *)
11.6263 s 399422855.3957 (* Average Power for rapl:::MAXIMUM_POWER:PACKAGE1 *)
11.6263 s 394517264.2407 (* Average Power for rapl:::MAXIMUM_TIME_WINDOW:PACKAGE0 *)
11.6263 s 394517264.2407 (* Average Power for rapl:::MAXIMUM_TIME_WINDOW:PACKAGE1 *)
11.6263 s 659.0986 (* Total Energy for rapl:::PACKAGE_ENERGY:PACKAGE0 *)
11.6263 s 56.6903 (* Average Power for rapl:::PACKAGE_ENERGY:PACKAGE0 *)
11.6263 s 701.3663 (* Total Energy for rapl:::PACKAGE_ENERGY:PACKAGE1 *)
11.6263 s 60.3258 (* Average Power for rapl:::PACKAGE_ENERGY:PACKAGE1 *)
11.6263 s 14.4929 (* Average Power for rapl:::DRAM_ENERGY:PACKAGE0 *)
11.6263 s 15.1199 (* Average Power for rapl:::DRAM_ENERGY:PACKAGE1 *)
11.6263 s 0.0000 (* Average Power for rapl:::PP0_ENERGY:PACKAGE0 *)
11.6263 s 0.0000 (* Average Power for rapl:::PP0_ENERGY:PACKAGE1 *)
Time for Deletion  11.626261 
Total Time for Updating at Batch 1 is 12.517575 
Total Time for Updating Rooted Tree at iter 1 is 7.557013 with Rewire:0
Total Time for Updating  20.078415 
