Galois Benchmark Suite v2.2.1 (r0)
Copyright (C) 2014 The University of Texas at Austin
http://iss.ices.utexas.edu/galois/

application: Boruvka's Minimum Spanning Tree Algorithm
Computes the minimum spanning forest of a graph
http://iss.ices.utexas.edu/?p=projects/galois/benchmarks/mst

INFO: CommandLine /home/users/norris/research/easy-parallel-graph/autoperf/mst/lib/Galois-2.2.1/build/power/apps/boruvka/boruvka -t=32 /home/users/norris/research/easy-parallel-graph/experiment/datasets/com-lj.ungraph_100i_1000000.gr
INFO: Hostname arya
Found rapl component at cid 2
Found: rapl:::THERMAL_SPEC_CNT:PACKAGE0
Found: rapl:::THERMAL_SPEC_CNT:PACKAGE1
Found: rapl:::MINIMUM_POWER_CNT:PACKAGE0
Found: rapl:::MINIMUM_POWER_CNT:PACKAGE1
Found: rapl:::MAXIMUM_POWER_CNT:PACKAGE0
Found: rapl:::MAXIMUM_POWER_CNT:PACKAGE1
Found: rapl:::MAXIMUM_TIME_WINDOW_CNT:PACKAGE0
Found: rapl:::MAXIMUM_TIME_WINDOW_CNT:PACKAGE1
Found: rapl:::PACKAGE_ENERGY_CNT:PACKAGE0
Found: rapl:::PACKAGE_ENERGY_CNT:PACKAGE1
Found: rapl:::DRAM_ENERGY_CNT:PACKAGE0
Found: rapl:::DRAM_ENERGY_CNT:PACKAGE1
Found: rapl:::PP0_ENERGY_CNT:PACKAGE0
Found: rapl:::PP0_ENERGY_CNT:PACKAGE1
Found: rapl:::THERMAL_SPEC:PACKAGE0
Found: rapl:::THERMAL_SPEC:PACKAGE1
Found: rapl:::MINIMUM_POWER:PACKAGE0
Found: rapl:::MINIMUM_POWER:PACKAGE1
Found: rapl:::MAXIMUM_POWER:PACKAGE0
Found: rapl:::MAXIMUM_POWER:PACKAGE1
Found: rapl:::MAXIMUM_TIME_WINDOW:PACKAGE0
Found: rapl:::MAXIMUM_TIME_WINDOW:PACKAGE1
Found: rapl:::PACKAGE_ENERGY:PACKAGE0
Found: rapl:::PACKAGE_ENERGY:PACKAGE1
Found: rapl:::DRAM_ENERGY:PACKAGE0
Found: rapl:::DRAM_ENERGY:PACKAGE1
Found: rapl:::PP0_ENERGY:PACKAGE0
Found: rapl:::PP0_ENERGY:PACKAGE1
Nodes: 4036538 edges: 140724756 heaviest edge: 99
0.6042 s 0.0000 (* Average Power for rapl:::THERMAL_SPEC_CNT:PACKAGE0 *)
0.6042 s 0.0000 (* Average Power for rapl:::THERMAL_SPEC_CNT:PACKAGE1 *)
0.6042 s 0.0000 (* Average Power for rapl:::MINIMUM_POWER_CNT:PACKAGE0 *)
0.6042 s 0.0000 (* Average Power for rapl:::MINIMUM_POWER_CNT:PACKAGE1 *)
0.6042 s 0.0000 (* Average Power for rapl:::MAXIMUM_POWER_CNT:PACKAGE0 *)
0.6042 s 0.0000 (* Average Power for rapl:::MAXIMUM_POWER_CNT:PACKAGE1 *)
0.6042 s 0.0000 (* Average Power for rapl:::MAXIMUM_TIME_WINDOW_CNT:PACKAGE0 *)
0.6042 s 0.0000 (* Average Power for rapl:::MAXIMUM_TIME_WINDOW_CNT:PACKAGE1 *)
0.6042 s 0.0019 (* Average Power for rapl:::PACKAGE_ENERGY_CNT:PACKAGE0 *)
0.6042 s 0.0018 (* Average Power for rapl:::PACKAGE_ENERGY_CNT:PACKAGE1 *)
0.6042 s 0.0011 (* Average Power for rapl:::DRAM_ENERGY_CNT:PACKAGE0 *)
0.6042 s 0.0013 (* Average Power for rapl:::DRAM_ENERGY_CNT:PACKAGE1 *)
0.6042 s 0.0000 (* Average Power for rapl:::PP0_ENERGY_CNT:PACKAGE0 *)
0.6042 s 0.0000 (* Average Power for rapl:::PP0_ENERGY_CNT:PACKAGE1 *)
0.6042 s 7678684105.7976 (* Average Power for rapl:::THERMAL_SPEC:PACKAGE0 *)
0.6042 s 7678684105.7976 (* Average Power for rapl:::THERMAL_SPEC:PACKAGE1 *)
0.6042 s 7670822389.2844 (* Average Power for rapl:::MINIMUM_POWER:PACKAGE0 *)
0.6042 s 7670822389.2844 (* Average Power for rapl:::MINIMUM_POWER:PACKAGE1 *)
0.6042 s 7686138177.7508 (* Average Power for rapl:::MAXIMUM_POWER:PACKAGE0 *)
0.6042 s 7686138177.7508 (* Average Power for rapl:::MAXIMUM_POWER:PACKAGE1 *)
0.6042 s 7591739344.6552 (* Average Power for rapl:::MAXIMUM_TIME_WINDOW:PACKAGE0 *)
0.6042 s 7591739344.6552 (* Average Power for rapl:::MAXIMUM_TIME_WINDOW:PACKAGE1 *)
0.6042 s 70.9582 (* Total Energy for rapl:::PACKAGE_ENERGY:PACKAGE0 *)
0.6042 s 117.4455 (* Average Power for rapl:::PACKAGE_ENERGY:PACKAGE0 *)
0.6042 s 65.1623 (* Total Energy for rapl:::PACKAGE_ENERGY:PACKAGE1 *)
0.6042 s 107.8525 (* Average Power for rapl:::PACKAGE_ENERGY:PACKAGE1 *)
0.6042 s 17.2416 (* Average Power for rapl:::DRAM_ENERGY:PACKAGE0 *)
0.6042 s 20.0809 (* Average Power for rapl:::DRAM_ENERGY:PACKAGE1 *)
0.6042 s 0.0000 (* Average Power for rapl:::PP0_ENERGY:PACKAGE0 *)
0.6042 s 0.0000 (* Average Power for rapl:::PP0_ENERGY:PACKAGE1 *)
MST weight: 7.6187e+07 (76187011)
Num trees: 23516
Tree edges: 4013022
STATTYPE,LOOP,CATEGORY,n,sum,T0,T1,T2,T3,T4,T5,T6,T7,T8,T9,T10,T11,T12,T13,T14,T15,T16,T17,T18,T19,T20,T21,T22,T23,T24,T25,T26,T27,T28,T29,T30,T31
STAT,(NULL),InitializeSortTime,32,227,227,0,0,0,0,0,0,0,0,0,0,0,0,0,0,0,0,0,0,0,0,0,0,0,0,0,0,0,0,0,0,0
STAT,(NULL),InitializeTime,32,7814,7814,0,0,0,0,0,0,0,0,0,0,0,0,0,0,0,0,0,0,0,0,0,0,0,0,0,0,0,0,0,0,0
STAT,(NULL),LoopTime,32,810,810,0,0,0,0,0,0,0,0,0,0,0,0,0,0,0,0,0,0,0,0,0,0,0,0,0,0,0,0,0,0,0
STAT,(NULL),MeminfoPost,32,194,4,4,4,4,4,4,4,4,4,4,4,4,4,4,4,5,5,5,5,6,6,6,7,7,7,8,8,9,9,12,13,16
STAT,(NULL),MeminfoPre,32,0,0,0,0,0,0,0,0,0,0,0,0,0,0,0,0,0,0,0,0,0,0,0,0,0,0,0,0,0,0,0,0,0
STAT,(NULL),Rounds,32,20,20,0,0,0,0,0,0,0,0,0,0,0,0,0,0,0,0,0,0,0,0,0,0,0,0,0,0,0,0,0,0,0
STAT,(NULL),Threads,32,32,32,0,0,0,0,0,0,0,0,0,0,0,0,0,0,0,0,0,0,0,0,0,0,0,0,0,0,0,0,0,0,0
STAT,(NULL),Time,32,604,604,0,0,0,0,0,0,0,0,0,0,0,0,0,0,0,0,0,0,0,0,0,0,0,0,0,0,0,0,0,0,0
STAT,map_reduce,LoopTime,32,26,26,0,0,0,0,0,0,0,0,0,0,0,0,0,0,0,0,0,0,0,0,0,0,0,0,0,0,0,0,0,0,0
Galois Benchmark Suite v2.2.1 (r0)
Copyright (C) 2014 The University of Texas at Austin
http://iss.ices.utexas.edu/galois/

application: Boruvka's Minimum Spanning Tree Algorithm
Computes the minimum spanning forest of a graph
http://iss.ices.utexas.edu/?p=projects/galois/benchmarks/mst

INFO: CommandLine /home/users/norris/research/easy-parallel-graph/autoperf/mst/lib/Galois-2.2.1/build/power/apps/boruvka/boruvka -t=32 /home/users/norris/research/easy-parallel-graph/experiment/datasets/com-lj.ungraph_100i_1000000.gr
INFO: Hostname arya
Found rapl component at cid 2
Found: rapl:::THERMAL_SPEC_CNT:PACKAGE0
Found: rapl:::THERMAL_SPEC_CNT:PACKAGE1
Found: rapl:::MINIMUM_POWER_CNT:PACKAGE0
Found: rapl:::MINIMUM_POWER_CNT:PACKAGE1
Found: rapl:::MAXIMUM_POWER_CNT:PACKAGE0
Found: rapl:::MAXIMUM_POWER_CNT:PACKAGE1
Found: rapl:::MAXIMUM_TIME_WINDOW_CNT:PACKAGE0
Found: rapl:::MAXIMUM_TIME_WINDOW_CNT:PACKAGE1
Found: rapl:::PACKAGE_ENERGY_CNT:PACKAGE0
Found: rapl:::PACKAGE_ENERGY_CNT:PACKAGE1
Found: rapl:::DRAM_ENERGY_CNT:PACKAGE0
Found: rapl:::DRAM_ENERGY_CNT:PACKAGE1
Found: rapl:::PP0_ENERGY_CNT:PACKAGE0
Found: rapl:::PP0_ENERGY_CNT:PACKAGE1
Found: rapl:::THERMAL_SPEC:PACKAGE0
Found: rapl:::THERMAL_SPEC:PACKAGE1
Found: rapl:::MINIMUM_POWER:PACKAGE0
Found: rapl:::MINIMUM_POWER:PACKAGE1
Found: rapl:::MAXIMUM_POWER:PACKAGE0
Found: rapl:::MAXIMUM_POWER:PACKAGE1
Found: rapl:::MAXIMUM_TIME_WINDOW:PACKAGE0
Found: rapl:::MAXIMUM_TIME_WINDOW:PACKAGE1
Found: rapl:::PACKAGE_ENERGY:PACKAGE0
Found: rapl:::PACKAGE_ENERGY:PACKAGE1
Found: rapl:::DRAM_ENERGY:PACKAGE0
Found: rapl:::DRAM_ENERGY:PACKAGE1
Found: rapl:::PP0_ENERGY:PACKAGE0
Found: rapl:::PP0_ENERGY:PACKAGE1
Nodes: 4036538 edges: 140724756 heaviest edge: 99
0.6067 s 0.0000 (* Average Power for rapl:::THERMAL_SPEC_CNT:PACKAGE0 *)
0.6067 s 0.0000 (* Average Power for rapl:::THERMAL_SPEC_CNT:PACKAGE1 *)
0.6067 s 0.0000 (* Average Power for rapl:::MINIMUM_POWER_CNT:PACKAGE0 *)
0.6067 s 0.0000 (* Average Power for rapl:::MINIMUM_POWER_CNT:PACKAGE1 *)
0.6067 s 0.0000 (* Average Power for rapl:::MAXIMUM_POWER_CNT:PACKAGE0 *)
0.6067 s 0.0000 (* Average Power for rapl:::MAXIMUM_POWER_CNT:PACKAGE1 *)
0.6067 s 0.0000 (* Average Power for rapl:::MAXIMUM_TIME_WINDOW_CNT:PACKAGE0 *)
0.6067 s 0.0000 (* Average Power for rapl:::MAXIMUM_TIME_WINDOW_CNT:PACKAGE1 *)
0.6067 s 0.0019 (* Average Power for rapl:::PACKAGE_ENERGY_CNT:PACKAGE0 *)
0.6067 s 0.0018 (* Average Power for rapl:::PACKAGE_ENERGY_CNT:PACKAGE1 *)
0.6067 s 0.0011 (* Average Power for rapl:::DRAM_ENERGY_CNT:PACKAGE0 *)
0.6067 s 0.0013 (* Average Power for rapl:::DRAM_ENERGY_CNT:PACKAGE1 *)
0.6067 s 0.0000 (* Average Power for rapl:::PP0_ENERGY_CNT:PACKAGE0 *)
0.6067 s 0.0000 (* Average Power for rapl:::PP0_ENERGY_CNT:PACKAGE1 *)
0.6067 s 7646477059.3185 (* Average Power for rapl:::THERMAL_SPEC:PACKAGE0 *)
0.6067 s 7646477059.3185 (* Average Power for rapl:::THERMAL_SPEC:PACKAGE1 *)
0.6067 s 7638648317.5527 (* Average Power for rapl:::MINIMUM_POWER:PACKAGE0 *)
0.6067 s 7638648317.5527 (* Average Power for rapl:::MINIMUM_POWER:PACKAGE1 *)
0.6067 s 7653899866.3260 (* Average Power for rapl:::MAXIMUM_POWER:PACKAGE0 *)
0.6067 s 7653899866.3260 (* Average Power for rapl:::MAXIMUM_POWER:PACKAGE1 *)
0.6067 s 7559896974.4571 (* Average Power for rapl:::MAXIMUM_TIME_WINDOW:PACKAGE0 *)
0.6067 s 7559896974.4571 (* Average Power for rapl:::MAXIMUM_TIME_WINDOW:PACKAGE1 *)
0.6067 s 71.2900 (* Total Energy for rapl:::PACKAGE_ENERGY:PACKAGE0 *)
0.6067 s 117.4997 (* Average Power for rapl:::PACKAGE_ENERGY:PACKAGE0 *)
0.6067 s 65.7614 (* Total Energy for rapl:::PACKAGE_ENERGY:PACKAGE1 *)
0.6067 s 108.3875 (* Average Power for rapl:::PACKAGE_ENERGY:PACKAGE1 *)
0.6067 s 17.2755 (* Average Power for rapl:::DRAM_ENERGY:PACKAGE0 *)
0.6067 s 20.3762 (* Average Power for rapl:::DRAM_ENERGY:PACKAGE1 *)
0.6067 s 0.0000 (* Average Power for rapl:::PP0_ENERGY:PACKAGE0 *)
0.6067 s 0.0000 (* Average Power for rapl:::PP0_ENERGY:PACKAGE1 *)
MST weight: 7.6187e+07 (76187011)
Num trees: 23516
Tree edges: 4013022
STATTYPE,LOOP,CATEGORY,n,sum,T0,T1,T2,T3,T4,T5,T6,T7,T8,T9,T10,T11,T12,T13,T14,T15,T16,T17,T18,T19,T20,T21,T22,T23,T24,T25,T26,T27,T28,T29,T30,T31
STAT,(NULL),InitializeSortTime,32,230,230,0,0,0,0,0,0,0,0,0,0,0,0,0,0,0,0,0,0,0,0,0,0,0,0,0,0,0,0,0,0,0
STAT,(NULL),InitializeTime,32,7529,7529,0,0,0,0,0,0,0,0,0,0,0,0,0,0,0,0,0,0,0,0,0,0,0,0,0,0,0,0,0,0,0
STAT,(NULL),LoopTime,32,817,817,0,0,0,0,0,0,0,0,0,0,0,0,0,0,0,0,0,0,0,0,0,0,0,0,0,0,0,0,0,0,0
STAT,(NULL),MeminfoPost,32,194,4,4,4,4,4,4,4,4,4,4,4,4,4,4,4,5,5,5,5,6,6,6,7,7,7,8,8,9,9,12,13,16
STAT,(NULL),MeminfoPre,32,0,0,0,0,0,0,0,0,0,0,0,0,0,0,0,0,0,0,0,0,0,0,0,0,0,0,0,0,0,0,0,0,0
STAT,(NULL),Rounds,32,20,20,0,0,0,0,0,0,0,0,0,0,0,0,0,0,0,0,0,0,0,0,0,0,0,0,0,0,0,0,0,0,0
STAT,(NULL),Threads,32,32,32,0,0,0,0,0,0,0,0,0,0,0,0,0,0,0,0,0,0,0,0,0,0,0,0,0,0,0,0,0,0,0
STAT,(NULL),Time,32,606,606,0,0,0,0,0,0,0,0,0,0,0,0,0,0,0,0,0,0,0,0,0,0,0,0,0,0,0,0,0,0,0
STAT,map_reduce,LoopTime,32,26,26,0,0,0,0,0,0,0,0,0,0,0,0,0,0,0,0,0,0,0,0,0,0,0,0,0,0,0,0,0,0,0
Galois Benchmark Suite v2.2.1 (r0)
Copyright (C) 2014 The University of Texas at Austin
http://iss.ices.utexas.edu/galois/

application: Boruvka's Minimum Spanning Tree Algorithm
Computes the minimum spanning forest of a graph
http://iss.ices.utexas.edu/?p=projects/galois/benchmarks/mst

INFO: CommandLine /home/users/norris/research/easy-parallel-graph/autoperf/mst/lib/Galois-2.2.1/build/power/apps/boruvka/boruvka -t=32 /home/users/norris/research/easy-parallel-graph/experiment/datasets/com-lj.ungraph_100i_1000000.gr
INFO: Hostname arya
Found rapl component at cid 2
Found: rapl:::THERMAL_SPEC_CNT:PACKAGE0
Found: rapl:::THERMAL_SPEC_CNT:PACKAGE1
Found: rapl:::MINIMUM_POWER_CNT:PACKAGE0
Found: rapl:::MINIMUM_POWER_CNT:PACKAGE1
Found: rapl:::MAXIMUM_POWER_CNT:PACKAGE0
Found: rapl:::MAXIMUM_POWER_CNT:PACKAGE1
Found: rapl:::MAXIMUM_TIME_WINDOW_CNT:PACKAGE0
Found: rapl:::MAXIMUM_TIME_WINDOW_CNT:PACKAGE1
Found: rapl:::PACKAGE_ENERGY_CNT:PACKAGE0
Found: rapl:::PACKAGE_ENERGY_CNT:PACKAGE1
Found: rapl:::DRAM_ENERGY_CNT:PACKAGE0
Found: rapl:::DRAM_ENERGY_CNT:PACKAGE1
Found: rapl:::PP0_ENERGY_CNT:PACKAGE0
Found: rapl:::PP0_ENERGY_CNT:PACKAGE1
Found: rapl:::THERMAL_SPEC:PACKAGE0
Found: rapl:::THERMAL_SPEC:PACKAGE1
Found: rapl:::MINIMUM_POWER:PACKAGE0
Found: rapl:::MINIMUM_POWER:PACKAGE1
Found: rapl:::MAXIMUM_POWER:PACKAGE0
Found: rapl:::MAXIMUM_POWER:PACKAGE1
Found: rapl:::MAXIMUM_TIME_WINDOW:PACKAGE0
Found: rapl:::MAXIMUM_TIME_WINDOW:PACKAGE1
Found: rapl:::PACKAGE_ENERGY:PACKAGE0
Found: rapl:::PACKAGE_ENERGY:PACKAGE1
Found: rapl:::DRAM_ENERGY:PACKAGE0
Found: rapl:::DRAM_ENERGY:PACKAGE1
Found: rapl:::PP0_ENERGY:PACKAGE0
Found: rapl:::PP0_ENERGY:PACKAGE1
Nodes: 4036538 edges: 140724756 heaviest edge: 99
0.6156 s 0.0000 (* Average Power for rapl:::THERMAL_SPEC_CNT:PACKAGE0 *)
0.6156 s 0.0000 (* Average Power for rapl:::THERMAL_SPEC_CNT:PACKAGE1 *)
0.6156 s 0.0000 (* Average Power for rapl:::MINIMUM_POWER_CNT:PACKAGE0 *)
0.6156 s 0.0000 (* Average Power for rapl:::MINIMUM_POWER_CNT:PACKAGE1 *)
0.6156 s 0.0000 (* Average Power for rapl:::MAXIMUM_POWER_CNT:PACKAGE0 *)
0.6156 s 0.0000 (* Average Power for rapl:::MAXIMUM_POWER_CNT:PACKAGE1 *)
0.6156 s 0.0000 (* Average Power for rapl:::MAXIMUM_TIME_WINDOW_CNT:PACKAGE0 *)
0.6156 s 0.0000 (* Average Power for rapl:::MAXIMUM_TIME_WINDOW_CNT:PACKAGE1 *)
0.6156 s 0.0019 (* Average Power for rapl:::PACKAGE_ENERGY_CNT:PACKAGE0 *)
0.6156 s 0.0018 (* Average Power for rapl:::PACKAGE_ENERGY_CNT:PACKAGE1 *)
0.6156 s 0.0011 (* Average Power for rapl:::DRAM_ENERGY_CNT:PACKAGE0 *)
0.6156 s 0.0013 (* Average Power for rapl:::DRAM_ENERGY_CNT:PACKAGE1 *)
0.6156 s 0.0000 (* Average Power for rapl:::PP0_ENERGY_CNT:PACKAGE0 *)
0.6156 s 0.0000 (* Average Power for rapl:::PP0_ENERGY_CNT:PACKAGE1 *)
0.6156 s 7536076499.9803 (* Average Power for rapl:::THERMAL_SPEC:PACKAGE0 *)
0.6156 s 7536076499.9803 (* Average Power for rapl:::THERMAL_SPEC:PACKAGE1 *)
0.6156 s 7528360790.3290 (* Average Power for rapl:::MINIMUM_POWER:PACKAGE0 *)
0.6156 s 7528360790.3290 (* Average Power for rapl:::MINIMUM_POWER:PACKAGE1 *)
0.6156 s 7543392135.7979 (* Average Power for rapl:::MAXIMUM_POWER:PACKAGE0 *)
0.6156 s 7543392135.7979 (* Average Power for rapl:::MAXIMUM_POWER:PACKAGE1 *)
0.6156 s 7450746466.5769 (* Average Power for rapl:::MAXIMUM_TIME_WINDOW:PACKAGE0 *)
0.6156 s 7450746466.5769 (* Average Power for rapl:::MAXIMUM_TIME_WINDOW:PACKAGE1 *)
0.6156 s 72.3360 (* Total Energy for rapl:::PACKAGE_ENERGY:PACKAGE0 *)
0.6156 s 117.5024 (* Average Power for rapl:::PACKAGE_ENERGY:PACKAGE0 *)
0.6156 s 66.6000 (* Total Energy for rapl:::PACKAGE_ENERGY:PACKAGE1 *)
0.6156 s 108.1848 (* Average Power for rapl:::PACKAGE_ENERGY:PACKAGE1 *)
0.6156 s 17.1617 (* Average Power for rapl:::DRAM_ENERGY:PACKAGE0 *)
0.6156 s 20.1029 (* Average Power for rapl:::DRAM_ENERGY:PACKAGE1 *)
0.6156 s 0.0000 (* Average Power for rapl:::PP0_ENERGY:PACKAGE0 *)
0.6156 s 0.0000 (* Average Power for rapl:::PP0_ENERGY:PACKAGE1 *)
MST weight: 7.6187e+07 (76187011)
Num trees: 23516
Tree edges: 4013022
STATTYPE,LOOP,CATEGORY,n,sum,T0,T1,T2,T3,T4,T5,T6,T7,T8,T9,T10,T11,T12,T13,T14,T15,T16,T17,T18,T19,T20,T21,T22,T23,T24,T25,T26,T27,T28,T29,T30,T31
STAT,(NULL),InitializeSortTime,32,230,230,0,0,0,0,0,0,0,0,0,0,0,0,0,0,0,0,0,0,0,0,0,0,0,0,0,0,0,0,0,0,0
STAT,(NULL),InitializeTime,32,7566,7566,0,0,0,0,0,0,0,0,0,0,0,0,0,0,0,0,0,0,0,0,0,0,0,0,0,0,0,0,0,0,0
STAT,(NULL),LoopTime,32,826,826,0,0,0,0,0,0,0,0,0,0,0,0,0,0,0,0,0,0,0,0,0,0,0,0,0,0,0,0,0,0,0
STAT,(NULL),MeminfoPost,32,194,4,4,4,4,4,4,4,4,4,4,4,4,4,4,4,5,5,5,5,6,6,6,7,7,7,8,8,9,9,12,13,16
STAT,(NULL),MeminfoPre,32,0,0,0,0,0,0,0,0,0,0,0,0,0,0,0,0,0,0,0,0,0,0,0,0,0,0,0,0,0,0,0,0,0
STAT,(NULL),Rounds,32,20,20,0,0,0,0,0,0,0,0,0,0,0,0,0,0,0,0,0,0,0,0,0,0,0,0,0,0,0,0,0,0,0
STAT,(NULL),Threads,32,32,32,0,0,0,0,0,0,0,0,0,0,0,0,0,0,0,0,0,0,0,0,0,0,0,0,0,0,0,0,0,0,0
STAT,(NULL),Time,32,615,615,0,0,0,0,0,0,0,0,0,0,0,0,0,0,0,0,0,0,0,0,0,0,0,0,0,0,0,0,0,0,0
STAT,map_reduce,LoopTime,32,26,26,0,0,0,0,0,0,0,0,0,0,0,0,0,0,0,0,0,0,0,0,0,0,0,0,0,0,0,0,0,0,0
Galois Benchmark Suite v2.2.1 (r0)
Copyright (C) 2014 The University of Texas at Austin
http://iss.ices.utexas.edu/galois/

application: Boruvka's Minimum Spanning Tree Algorithm
Computes the minimum spanning forest of a graph
http://iss.ices.utexas.edu/?p=projects/galois/benchmarks/mst

INFO: CommandLine /home/users/norris/research/easy-parallel-graph/autoperf/mst/lib/Galois-2.2.1/build/power/apps/boruvka/boruvka -t=32 /home/users/norris/research/easy-parallel-graph/experiment/datasets/com-lj.ungraph_100i_1000000.gr
INFO: Hostname arya
Found rapl component at cid 2
Found: rapl:::THERMAL_SPEC_CNT:PACKAGE0
Found: rapl:::THERMAL_SPEC_CNT:PACKAGE1
Found: rapl:::MINIMUM_POWER_CNT:PACKAGE0
Found: rapl:::MINIMUM_POWER_CNT:PACKAGE1
Found: rapl:::MAXIMUM_POWER_CNT:PACKAGE0
Found: rapl:::MAXIMUM_POWER_CNT:PACKAGE1
Found: rapl:::MAXIMUM_TIME_WINDOW_CNT:PACKAGE0
Found: rapl:::MAXIMUM_TIME_WINDOW_CNT:PACKAGE1
Found: rapl:::PACKAGE_ENERGY_CNT:PACKAGE0
Found: rapl:::PACKAGE_ENERGY_CNT:PACKAGE1
Found: rapl:::DRAM_ENERGY_CNT:PACKAGE0
Found: rapl:::DRAM_ENERGY_CNT:PACKAGE1
Found: rapl:::PP0_ENERGY_CNT:PACKAGE0
Found: rapl:::PP0_ENERGY_CNT:PACKAGE1
Found: rapl:::THERMAL_SPEC:PACKAGE0
Found: rapl:::THERMAL_SPEC:PACKAGE1
Found: rapl:::MINIMUM_POWER:PACKAGE0
Found: rapl:::MINIMUM_POWER:PACKAGE1
Found: rapl:::MAXIMUM_POWER:PACKAGE0
Found: rapl:::MAXIMUM_POWER:PACKAGE1
Found: rapl:::MAXIMUM_TIME_WINDOW:PACKAGE0
Found: rapl:::MAXIMUM_TIME_WINDOW:PACKAGE1
Found: rapl:::PACKAGE_ENERGY:PACKAGE0
Found: rapl:::PACKAGE_ENERGY:PACKAGE1
Found: rapl:::DRAM_ENERGY:PACKAGE0
Found: rapl:::DRAM_ENERGY:PACKAGE1
Found: rapl:::PP0_ENERGY:PACKAGE0
Found: rapl:::PP0_ENERGY:PACKAGE1
Nodes: 4036538 edges: 140724756 heaviest edge: 99
0.6224 s 0.0000 (* Average Power for rapl:::THERMAL_SPEC_CNT:PACKAGE0 *)
0.6224 s 0.0000 (* Average Power for rapl:::THERMAL_SPEC_CNT:PACKAGE1 *)
0.6224 s 0.0000 (* Average Power for rapl:::MINIMUM_POWER_CNT:PACKAGE0 *)
0.6224 s 0.0000 (* Average Power for rapl:::MINIMUM_POWER_CNT:PACKAGE1 *)
0.6224 s 0.0000 (* Average Power for rapl:::MAXIMUM_POWER_CNT:PACKAGE0 *)
0.6224 s 0.0000 (* Average Power for rapl:::MAXIMUM_POWER_CNT:PACKAGE1 *)
0.6224 s 0.0000 (* Average Power for rapl:::MAXIMUM_TIME_WINDOW_CNT:PACKAGE0 *)
0.6224 s 0.0000 (* Average Power for rapl:::MAXIMUM_TIME_WINDOW_CNT:PACKAGE1 *)
0.6224 s 0.0019 (* Average Power for rapl:::PACKAGE_ENERGY_CNT:PACKAGE0 *)
0.6224 s 0.0018 (* Average Power for rapl:::PACKAGE_ENERGY_CNT:PACKAGE1 *)
0.6224 s 0.0011 (* Average Power for rapl:::DRAM_ENERGY_CNT:PACKAGE0 *)
0.6224 s 0.0013 (* Average Power for rapl:::DRAM_ENERGY_CNT:PACKAGE1 *)
0.6224 s 0.0000 (* Average Power for rapl:::PP0_ENERGY_CNT:PACKAGE0 *)
0.6224 s 0.0000 (* Average Power for rapl:::PP0_ENERGY_CNT:PACKAGE1 *)
0.6224 s 7453983642.6725 (* Average Power for rapl:::THERMAL_SPEC:PACKAGE0 *)
0.6224 s 7453983642.6725 (* Average Power for rapl:::THERMAL_SPEC:PACKAGE1 *)
0.6224 s 7446351982.6790 (* Average Power for rapl:::MINIMUM_POWER:PACKAGE0 *)
0.6224 s 7446351982.6790 (* Average Power for rapl:::MINIMUM_POWER:PACKAGE1 *)
0.6224 s 7461219586.9626 (* Average Power for rapl:::MAXIMUM_POWER:PACKAGE0 *)
0.6224 s 7461219586.9626 (* Average Power for rapl:::MAXIMUM_POWER:PACKAGE1 *)
0.6224 s 7369583136.2260 (* Average Power for rapl:::MAXIMUM_TIME_WINDOW:PACKAGE0 *)
0.6224 s 7369583136.2260 (* Average Power for rapl:::MAXIMUM_TIME_WINDOW:PACKAGE1 *)
0.6224 s 73.0475 (* Total Energy for rapl:::PACKAGE_ENERGY:PACKAGE0 *)
0.6224 s 117.3657 (* Average Power for rapl:::PACKAGE_ENERGY:PACKAGE0 *)
0.6224 s 67.2156 (* Total Energy for rapl:::PACKAGE_ENERGY:PACKAGE1 *)
0.6224 s 107.9955 (* Average Power for rapl:::PACKAGE_ENERGY:PACKAGE1 *)
0.6224 s 17.1629 (* Average Power for rapl:::DRAM_ENERGY:PACKAGE0 *)
0.6224 s 20.1126 (* Average Power for rapl:::DRAM_ENERGY:PACKAGE1 *)
0.6224 s 0.0000 (* Average Power for rapl:::PP0_ENERGY:PACKAGE0 *)
0.6224 s 0.0000 (* Average Power for rapl:::PP0_ENERGY:PACKAGE1 *)
MST weight: 7.6187e+07 (76187011)
Num trees: 23516
Tree edges: 4013022
STATTYPE,LOOP,CATEGORY,n,sum,T0,T1,T2,T3,T4,T5,T6,T7,T8,T9,T10,T11,T12,T13,T14,T15,T16,T17,T18,T19,T20,T21,T22,T23,T24,T25,T26,T27,T28,T29,T30,T31
STAT,(NULL),InitializeSortTime,32,230,230,0,0,0,0,0,0,0,0,0,0,0,0,0,0,0,0,0,0,0,0,0,0,0,0,0,0,0,0,0,0,0
STAT,(NULL),InitializeTime,32,7604,7604,0,0,0,0,0,0,0,0,0,0,0,0,0,0,0,0,0,0,0,0,0,0,0,0,0,0,0,0,0,0,0
STAT,(NULL),LoopTime,32,835,835,0,0,0,0,0,0,0,0,0,0,0,0,0,0,0,0,0,0,0,0,0,0,0,0,0,0,0,0,0,0,0
STAT,(NULL),MeminfoPost,32,194,4,4,4,4,4,4,4,4,4,4,4,4,4,4,4,5,5,5,5,6,6,6,7,7,7,8,8,9,9,12,13,16
STAT,(NULL),MeminfoPre,32,0,0,0,0,0,0,0,0,0,0,0,0,0,0,0,0,0,0,0,0,0,0,0,0,0,0,0,0,0,0,0,0,0
STAT,(NULL),Rounds,32,20,20,0,0,0,0,0,0,0,0,0,0,0,0,0,0,0,0,0,0,0,0,0,0,0,0,0,0,0,0,0,0,0
STAT,(NULL),Threads,32,32,32,0,0,0,0,0,0,0,0,0,0,0,0,0,0,0,0,0,0,0,0,0,0,0,0,0,0,0,0,0,0,0
STAT,(NULL),Time,32,622,622,0,0,0,0,0,0,0,0,0,0,0,0,0,0,0,0,0,0,0,0,0,0,0,0,0,0,0,0,0,0,0
STAT,map_reduce,LoopTime,32,26,26,0,0,0,0,0,0,0,0,0,0,0,0,0,0,0,0,0,0,0,0,0,0,0,0,0,0,0,0,0,0,0
