Galois Benchmark Suite v2.2.1 (r0)
Copyright (C) 2014 The University of Texas at Austin
http://iss.ices.utexas.edu/galois/

application: Boruvka's Minimum Spanning Tree Algorithm
Computes the minimum spanning forest of a graph
http://iss.ices.utexas.edu/?p=projects/galois/benchmarks/mst

INFO: CommandLine /home/users/norris/research/easy-parallel-graph/autoperf/mst/lib/Galois-2.2.1/build/power/apps/boruvka/boruvka -t=4 /home/users/norris/research/easy-parallel-graph/experiment/datasets/com-lj.ungraph_75i_1000000.gr
INFO: Hostname arya
Found rapl component at cid 2
Found: rapl:::THERMAL_SPEC_CNT:PACKAGE0
Found: rapl:::THERMAL_SPEC_CNT:PACKAGE1
Found: rapl:::MINIMUM_POWER_CNT:PACKAGE0
Found: rapl:::MINIMUM_POWER_CNT:PACKAGE1
Found: rapl:::MAXIMUM_POWER_CNT:PACKAGE0
Found: rapl:::MAXIMUM_POWER_CNT:PACKAGE1
Found: rapl:::MAXIMUM_TIME_WINDOW_CNT:PACKAGE0
Found: rapl:::MAXIMUM_TIME_WINDOW_CNT:PACKAGE1
Found: rapl:::PACKAGE_ENERGY_CNT:PACKAGE0
Found: rapl:::PACKAGE_ENERGY_CNT:PACKAGE1
Found: rapl:::DRAM_ENERGY_CNT:PACKAGE0
Found: rapl:::DRAM_ENERGY_CNT:PACKAGE1
Found: rapl:::PP0_ENERGY_CNT:PACKAGE0
Found: rapl:::PP0_ENERGY_CNT:PACKAGE1
Found: rapl:::THERMAL_SPEC:PACKAGE0
Found: rapl:::THERMAL_SPEC:PACKAGE1
Found: rapl:::MINIMUM_POWER:PACKAGE0
Found: rapl:::MINIMUM_POWER:PACKAGE1
Found: rapl:::MAXIMUM_POWER:PACKAGE0
Found: rapl:::MAXIMUM_POWER:PACKAGE1
Found: rapl:::MAXIMUM_TIME_WINDOW:PACKAGE0
Found: rapl:::MAXIMUM_TIME_WINDOW:PACKAGE1
Found: rapl:::PACKAGE_ENERGY:PACKAGE0
Found: rapl:::PACKAGE_ENERGY:PACKAGE1
Found: rapl:::DRAM_ENERGY:PACKAGE0
Found: rapl:::DRAM_ENERGY:PACKAGE1
Found: rapl:::PP0_ENERGY:PACKAGE0
Found: rapl:::PP0_ENERGY:PACKAGE1
Nodes: 4036538 edges: 139725700 heaviest edge: 99
2.8007 s 0.0000 (* Average Power for rapl:::THERMAL_SPEC_CNT:PACKAGE0 *)
2.8007 s 0.0000 (* Average Power for rapl:::THERMAL_SPEC_CNT:PACKAGE1 *)
2.8007 s 0.0000 (* Average Power for rapl:::MINIMUM_POWER_CNT:PACKAGE0 *)
2.8007 s 0.0000 (* Average Power for rapl:::MINIMUM_POWER_CNT:PACKAGE1 *)
2.8007 s 0.0000 (* Average Power for rapl:::MAXIMUM_POWER_CNT:PACKAGE0 *)
2.8007 s 0.0000 (* Average Power for rapl:::MAXIMUM_POWER_CNT:PACKAGE1 *)
2.8007 s 0.0000 (* Average Power for rapl:::MAXIMUM_TIME_WINDOW_CNT:PACKAGE0 *)
2.8007 s 0.0000 (* Average Power for rapl:::MAXIMUM_TIME_WINDOW_CNT:PACKAGE1 *)
2.8007 s 0.0011 (* Average Power for rapl:::PACKAGE_ENERGY_CNT:PACKAGE0 *)
2.8007 s 0.0004 (* Average Power for rapl:::PACKAGE_ENERGY_CNT:PACKAGE1 *)
2.8007 s 0.0011 (* Average Power for rapl:::DRAM_ENERGY_CNT:PACKAGE0 *)
2.8007 s 0.0006 (* Average Power for rapl:::DRAM_ENERGY_CNT:PACKAGE1 *)
2.8007 s 0.0000 (* Average Power for rapl:::PP0_ENERGY_CNT:PACKAGE0 *)
2.8007 s 0.0000 (* Average Power for rapl:::PP0_ENERGY_CNT:PACKAGE1 *)
2.8007 s 1656470495.9445 (* Average Power for rapl:::THERMAL_SPEC:PACKAGE0 *)
2.8007 s 1656470495.9445 (* Average Power for rapl:::THERMAL_SPEC:PACKAGE1 *)
2.8007 s 1654774541.1074 (* Average Power for rapl:::MINIMUM_POWER:PACKAGE0 *)
2.8007 s 1654774541.1074 (* Average Power for rapl:::MINIMUM_POWER:PACKAGE1 *)
2.8007 s 1658078512.3826 (* Average Power for rapl:::MAXIMUM_POWER:PACKAGE0 *)
2.8007 s 1658078512.3826 (* Average Power for rapl:::MAXIMUM_POWER:PACKAGE1 *)
2.8007 s 1637714491.7092 (* Average Power for rapl:::MAXIMUM_TIME_WINDOW:PACKAGE0 *)
2.8007 s 1637714491.7092 (* Average Power for rapl:::MAXIMUM_TIME_WINDOW:PACKAGE1 *)
2.8007 s 183.1290 (* Total Energy for rapl:::PACKAGE_ENERGY:PACKAGE0 *)
2.8007 s 65.3864 (* Average Power for rapl:::PACKAGE_ENERGY:PACKAGE0 *)
2.8007 s 62.1852 (* Total Energy for rapl:::PACKAGE_ENERGY:PACKAGE1 *)
2.8007 s 22.2033 (* Average Power for rapl:::PACKAGE_ENERGY:PACKAGE1 *)
2.8007 s 16.7725 (* Average Power for rapl:::DRAM_ENERGY:PACKAGE0 *)
2.8007 s 8.5920 (* Average Power for rapl:::DRAM_ENERGY:PACKAGE1 *)
2.8007 s 0.0000 (* Average Power for rapl:::PP0_ENERGY:PACKAGE0 *)
2.8007 s 0.0000 (* Average Power for rapl:::PP0_ENERGY:PACKAGE1 *)
MST weight: 7.81238e+07 (78123845)
Num trees: 26678
Tree edges: 4009860
STATTYPE,LOOP,CATEGORY,n,sum,T0,T1,T2,T3
STAT,(NULL),InitializeSortTime,4,1426,1426,0,0,0
STAT,(NULL),InitializeTime,4,8836,8836,0,0,0
STAT,(NULL),LoopTime,4,4212,4212,0,0,0
STAT,(NULL),MeminfoPost,4,128,12,18,30,68
STAT,(NULL),MeminfoPre,4,0,0,0,0,0
STAT,(NULL),Rounds,4,21,21,0,0,0
STAT,(NULL),Threads,4,4,4,0,0,0
STAT,(NULL),Time,4,2800,2800,0,0,0
STAT,map_reduce,LoopTime,4,37,37,0,0,0
Galois Benchmark Suite v2.2.1 (r0)
Copyright (C) 2014 The University of Texas at Austin
http://iss.ices.utexas.edu/galois/

application: Boruvka's Minimum Spanning Tree Algorithm
Computes the minimum spanning forest of a graph
http://iss.ices.utexas.edu/?p=projects/galois/benchmarks/mst

INFO: CommandLine /home/users/norris/research/easy-parallel-graph/autoperf/mst/lib/Galois-2.2.1/build/power/apps/boruvka/boruvka -t=4 /home/users/norris/research/easy-parallel-graph/experiment/datasets/com-lj.ungraph_75i_1000000.gr
INFO: Hostname arya
Found rapl component at cid 2
Found: rapl:::THERMAL_SPEC_CNT:PACKAGE0
Found: rapl:::THERMAL_SPEC_CNT:PACKAGE1
Found: rapl:::MINIMUM_POWER_CNT:PACKAGE0
Found: rapl:::MINIMUM_POWER_CNT:PACKAGE1
Found: rapl:::MAXIMUM_POWER_CNT:PACKAGE0
Found: rapl:::MAXIMUM_POWER_CNT:PACKAGE1
Found: rapl:::MAXIMUM_TIME_WINDOW_CNT:PACKAGE0
Found: rapl:::MAXIMUM_TIME_WINDOW_CNT:PACKAGE1
Found: rapl:::PACKAGE_ENERGY_CNT:PACKAGE0
Found: rapl:::PACKAGE_ENERGY_CNT:PACKAGE1
Found: rapl:::DRAM_ENERGY_CNT:PACKAGE0
Found: rapl:::DRAM_ENERGY_CNT:PACKAGE1
Found: rapl:::PP0_ENERGY_CNT:PACKAGE0
Found: rapl:::PP0_ENERGY_CNT:PACKAGE1
Found: rapl:::THERMAL_SPEC:PACKAGE0
Found: rapl:::THERMAL_SPEC:PACKAGE1
Found: rapl:::MINIMUM_POWER:PACKAGE0
Found: rapl:::MINIMUM_POWER:PACKAGE1
Found: rapl:::MAXIMUM_POWER:PACKAGE0
Found: rapl:::MAXIMUM_POWER:PACKAGE1
Found: rapl:::MAXIMUM_TIME_WINDOW:PACKAGE0
Found: rapl:::MAXIMUM_TIME_WINDOW:PACKAGE1
Found: rapl:::PACKAGE_ENERGY:PACKAGE0
Found: rapl:::PACKAGE_ENERGY:PACKAGE1
Found: rapl:::DRAM_ENERGY:PACKAGE0
Found: rapl:::DRAM_ENERGY:PACKAGE1
Found: rapl:::PP0_ENERGY:PACKAGE0
Found: rapl:::PP0_ENERGY:PACKAGE1
Nodes: 4036538 edges: 139725700 heaviest edge: 99
3.1290 s 0.0000 (* Average Power for rapl:::THERMAL_SPEC_CNT:PACKAGE0 *)
3.1290 s 0.0000 (* Average Power for rapl:::THERMAL_SPEC_CNT:PACKAGE1 *)
3.1290 s 0.0000 (* Average Power for rapl:::MINIMUM_POWER_CNT:PACKAGE0 *)
3.1290 s 0.0000 (* Average Power for rapl:::MINIMUM_POWER_CNT:PACKAGE1 *)
3.1290 s 0.0000 (* Average Power for rapl:::MAXIMUM_POWER_CNT:PACKAGE0 *)
3.1290 s 0.0000 (* Average Power for rapl:::MAXIMUM_POWER_CNT:PACKAGE1 *)
3.1290 s 0.0000 (* Average Power for rapl:::MAXIMUM_TIME_WINDOW_CNT:PACKAGE0 *)
3.1290 s 0.0000 (* Average Power for rapl:::MAXIMUM_TIME_WINDOW_CNT:PACKAGE1 *)
3.1290 s 0.0011 (* Average Power for rapl:::PACKAGE_ENERGY_CNT:PACKAGE0 *)
3.1290 s 0.0004 (* Average Power for rapl:::PACKAGE_ENERGY_CNT:PACKAGE1 *)
3.1290 s 0.0011 (* Average Power for rapl:::DRAM_ENERGY_CNT:PACKAGE0 *)
3.1290 s 0.0006 (* Average Power for rapl:::DRAM_ENERGY_CNT:PACKAGE1 *)
3.1290 s 0.0000 (* Average Power for rapl:::PP0_ENERGY_CNT:PACKAGE0 *)
3.1290 s 0.0000 (* Average Power for rapl:::PP0_ENERGY_CNT:PACKAGE1 *)
3.1290 s 1482680655.6123 (* Average Power for rapl:::THERMAL_SPEC:PACKAGE0 *)
3.1290 s 1482680655.6123 (* Average Power for rapl:::THERMAL_SPEC:PACKAGE1 *)
3.1290 s 1481162633.1447 (* Average Power for rapl:::MINIMUM_POWER:PACKAGE0 *)
3.1290 s 1481162633.1447 (* Average Power for rapl:::MINIMUM_POWER:PACKAGE1 *)
3.1290 s 1484119965.8038 (* Average Power for rapl:::MAXIMUM_POWER:PACKAGE0 *)
3.1290 s 1484119965.8038 (* Average Power for rapl:::MAXIMUM_POWER:PACKAGE1 *)
3.1290 s 1465892451.5819 (* Average Power for rapl:::MAXIMUM_TIME_WINDOW:PACKAGE0 *)
3.1290 s 1465892451.5819 (* Average Power for rapl:::MAXIMUM_TIME_WINDOW:PACKAGE1 *)
3.1290 s 204.0414 (* Total Energy for rapl:::PACKAGE_ENERGY:PACKAGE0 *)
3.1290 s 65.2098 (* Average Power for rapl:::PACKAGE_ENERGY:PACKAGE0 *)
3.1290 s 71.5556 (* Total Energy for rapl:::PACKAGE_ENERGY:PACKAGE1 *)
3.1290 s 22.8685 (* Average Power for rapl:::PACKAGE_ENERGY:PACKAGE1 *)
3.1290 s 16.5061 (* Average Power for rapl:::DRAM_ENERGY:PACKAGE0 *)
3.1290 s 8.6370 (* Average Power for rapl:::DRAM_ENERGY:PACKAGE1 *)
3.1290 s 0.0000 (* Average Power for rapl:::PP0_ENERGY:PACKAGE0 *)
3.1290 s 0.0000 (* Average Power for rapl:::PP0_ENERGY:PACKAGE1 *)
MST weight: 7.81238e+07 (78123845)
Num trees: 26678
Tree edges: 4009860
STATTYPE,LOOP,CATEGORY,n,sum,T0,T1,T2,T3
STAT,(NULL),InitializeSortTime,4,1428,1428,0,0,0
STAT,(NULL),InitializeTime,4,9064,9064,0,0,0
STAT,(NULL),LoopTime,4,4543,4543,0,0,0
STAT,(NULL),MeminfoPost,4,128,12,18,30,68
STAT,(NULL),MeminfoPre,4,0,0,0,0,0
STAT,(NULL),Rounds,4,21,21,0,0,0
STAT,(NULL),Threads,4,4,4,0,0,0
STAT,(NULL),Time,4,3128,3128,0,0,0
STAT,map_reduce,LoopTime,4,37,37,0,0,0
Galois Benchmark Suite v2.2.1 (r0)
Copyright (C) 2014 The University of Texas at Austin
http://iss.ices.utexas.edu/galois/

application: Boruvka's Minimum Spanning Tree Algorithm
Computes the minimum spanning forest of a graph
http://iss.ices.utexas.edu/?p=projects/galois/benchmarks/mst

INFO: CommandLine /home/users/norris/research/easy-parallel-graph/autoperf/mst/lib/Galois-2.2.1/build/power/apps/boruvka/boruvka -t=4 /home/users/norris/research/easy-parallel-graph/experiment/datasets/com-lj.ungraph_75i_1000000.gr
INFO: Hostname arya
Found rapl component at cid 2
Found: rapl:::THERMAL_SPEC_CNT:PACKAGE0
Found: rapl:::THERMAL_SPEC_CNT:PACKAGE1
Found: rapl:::MINIMUM_POWER_CNT:PACKAGE0
Found: rapl:::MINIMUM_POWER_CNT:PACKAGE1
Found: rapl:::MAXIMUM_POWER_CNT:PACKAGE0
Found: rapl:::MAXIMUM_POWER_CNT:PACKAGE1
Found: rapl:::MAXIMUM_TIME_WINDOW_CNT:PACKAGE0
Found: rapl:::MAXIMUM_TIME_WINDOW_CNT:PACKAGE1
Found: rapl:::PACKAGE_ENERGY_CNT:PACKAGE0
Found: rapl:::PACKAGE_ENERGY_CNT:PACKAGE1
Found: rapl:::DRAM_ENERGY_CNT:PACKAGE0
Found: rapl:::DRAM_ENERGY_CNT:PACKAGE1
Found: rapl:::PP0_ENERGY_CNT:PACKAGE0
Found: rapl:::PP0_ENERGY_CNT:PACKAGE1
Found: rapl:::THERMAL_SPEC:PACKAGE0
Found: rapl:::THERMAL_SPEC:PACKAGE1
Found: rapl:::MINIMUM_POWER:PACKAGE0
Found: rapl:::MINIMUM_POWER:PACKAGE1
Found: rapl:::MAXIMUM_POWER:PACKAGE0
Found: rapl:::MAXIMUM_POWER:PACKAGE1
Found: rapl:::MAXIMUM_TIME_WINDOW:PACKAGE0
Found: rapl:::MAXIMUM_TIME_WINDOW:PACKAGE1
Found: rapl:::PACKAGE_ENERGY:PACKAGE0
Found: rapl:::PACKAGE_ENERGY:PACKAGE1
Found: rapl:::DRAM_ENERGY:PACKAGE0
Found: rapl:::DRAM_ENERGY:PACKAGE1
Found: rapl:::PP0_ENERGY:PACKAGE0
Found: rapl:::PP0_ENERGY:PACKAGE1
Nodes: 4036538 edges: 139725700 heaviest edge: 99
3.2907 s 0.0000 (* Average Power for rapl:::THERMAL_SPEC_CNT:PACKAGE0 *)
3.2907 s 0.0000 (* Average Power for rapl:::THERMAL_SPEC_CNT:PACKAGE1 *)
3.2907 s 0.0000 (* Average Power for rapl:::MINIMUM_POWER_CNT:PACKAGE0 *)
3.2907 s 0.0000 (* Average Power for rapl:::MINIMUM_POWER_CNT:PACKAGE1 *)
3.2907 s 0.0000 (* Average Power for rapl:::MAXIMUM_POWER_CNT:PACKAGE0 *)
3.2907 s 0.0000 (* Average Power for rapl:::MAXIMUM_POWER_CNT:PACKAGE1 *)
3.2907 s 0.0000 (* Average Power for rapl:::MAXIMUM_TIME_WINDOW_CNT:PACKAGE0 *)
3.2907 s 0.0000 (* Average Power for rapl:::MAXIMUM_TIME_WINDOW_CNT:PACKAGE1 *)
3.2907 s 0.0011 (* Average Power for rapl:::PACKAGE_ENERGY_CNT:PACKAGE0 *)
3.2907 s 0.0004 (* Average Power for rapl:::PACKAGE_ENERGY_CNT:PACKAGE1 *)
3.2907 s 0.0011 (* Average Power for rapl:::DRAM_ENERGY_CNT:PACKAGE0 *)
3.2907 s 0.0006 (* Average Power for rapl:::DRAM_ENERGY_CNT:PACKAGE1 *)
3.2907 s 0.0000 (* Average Power for rapl:::PP0_ENERGY_CNT:PACKAGE0 *)
3.2907 s 0.0000 (* Average Power for rapl:::PP0_ENERGY_CNT:PACKAGE1 *)
3.2907 s 1409844700.2595 (* Average Power for rapl:::THERMAL_SPEC:PACKAGE0 *)
3.2907 s 1409844700.2595 (* Average Power for rapl:::THERMAL_SPEC:PACKAGE1 *)
3.2907 s 1408401249.8963 (* Average Power for rapl:::MINIMUM_POWER:PACKAGE0 *)
3.2907 s 1408401249.8963 (* Average Power for rapl:::MINIMUM_POWER:PACKAGE1 *)
3.2907 s 1411213305.0482 (* Average Power for rapl:::MAXIMUM_POWER:PACKAGE0 *)
3.2907 s 1411213305.0482 (* Average Power for rapl:::MAXIMUM_POWER:PACKAGE1 *)
3.2907 s 1393881208.4654 (* Average Power for rapl:::MAXIMUM_TIME_WINDOW:PACKAGE0 *)
3.2907 s 1393881208.4654 (* Average Power for rapl:::MAXIMUM_TIME_WINDOW:PACKAGE1 *)
3.2907 s 215.2669 (* Total Energy for rapl:::PACKAGE_ENERGY:PACKAGE0 *)
3.2907 s 65.4177 (* Average Power for rapl:::PACKAGE_ENERGY:PACKAGE0 *)
3.2907 s 78.4986 (* Total Energy for rapl:::PACKAGE_ENERGY:PACKAGE1 *)
3.2907 s 23.8550 (* Average Power for rapl:::PACKAGE_ENERGY:PACKAGE1 *)
3.2907 s 16.3088 (* Average Power for rapl:::DRAM_ENERGY:PACKAGE0 *)
3.2907 s 8.7696 (* Average Power for rapl:::DRAM_ENERGY:PACKAGE1 *)
3.2907 s 0.0000 (* Average Power for rapl:::PP0_ENERGY:PACKAGE0 *)
3.2907 s 0.0000 (* Average Power for rapl:::PP0_ENERGY:PACKAGE1 *)
MST weight: 7.81238e+07 (78123845)
Num trees: 26678
Tree edges: 4009860
STATTYPE,LOOP,CATEGORY,n,sum,T0,T1,T2,T3
STAT,(NULL),InitializeSortTime,4,1427,1427,0,0,0
STAT,(NULL),InitializeTime,4,8978,8978,0,0,0
STAT,(NULL),LoopTime,4,4703,4703,0,0,0
STAT,(NULL),MeminfoPost,4,127,12,17,30,68
STAT,(NULL),MeminfoPre,4,0,0,0,0,0
STAT,(NULL),Rounds,4,21,21,0,0,0
STAT,(NULL),Threads,4,4,4,0,0,0
STAT,(NULL),Time,4,3290,3290,0,0,0
STAT,map_reduce,LoopTime,4,37,37,0,0,0
Galois Benchmark Suite v2.2.1 (r0)
Copyright (C) 2014 The University of Texas at Austin
http://iss.ices.utexas.edu/galois/

application: Boruvka's Minimum Spanning Tree Algorithm
Computes the minimum spanning forest of a graph
http://iss.ices.utexas.edu/?p=projects/galois/benchmarks/mst

INFO: CommandLine /home/users/norris/research/easy-parallel-graph/autoperf/mst/lib/Galois-2.2.1/build/power/apps/boruvka/boruvka -t=4 /home/users/norris/research/easy-parallel-graph/experiment/datasets/com-lj.ungraph_75i_1000000.gr
INFO: Hostname arya
Found rapl component at cid 2
Found: rapl:::THERMAL_SPEC_CNT:PACKAGE0
Found: rapl:::THERMAL_SPEC_CNT:PACKAGE1
Found: rapl:::MINIMUM_POWER_CNT:PACKAGE0
Found: rapl:::MINIMUM_POWER_CNT:PACKAGE1
Found: rapl:::MAXIMUM_POWER_CNT:PACKAGE0
Found: rapl:::MAXIMUM_POWER_CNT:PACKAGE1
Found: rapl:::MAXIMUM_TIME_WINDOW_CNT:PACKAGE0
Found: rapl:::MAXIMUM_TIME_WINDOW_CNT:PACKAGE1
Found: rapl:::PACKAGE_ENERGY_CNT:PACKAGE0
Found: rapl:::PACKAGE_ENERGY_CNT:PACKAGE1
Found: rapl:::DRAM_ENERGY_CNT:PACKAGE0
Found: rapl:::DRAM_ENERGY_CNT:PACKAGE1
Found: rapl:::PP0_ENERGY_CNT:PACKAGE0
Found: rapl:::PP0_ENERGY_CNT:PACKAGE1
Found: rapl:::THERMAL_SPEC:PACKAGE0
Found: rapl:::THERMAL_SPEC:PACKAGE1
Found: rapl:::MINIMUM_POWER:PACKAGE0
Found: rapl:::MINIMUM_POWER:PACKAGE1
Found: rapl:::MAXIMUM_POWER:PACKAGE0
Found: rapl:::MAXIMUM_POWER:PACKAGE1
Found: rapl:::MAXIMUM_TIME_WINDOW:PACKAGE0
Found: rapl:::MAXIMUM_TIME_WINDOW:PACKAGE1
Found: rapl:::PACKAGE_ENERGY:PACKAGE0
Found: rapl:::PACKAGE_ENERGY:PACKAGE1
Found: rapl:::DRAM_ENERGY:PACKAGE0
Found: rapl:::DRAM_ENERGY:PACKAGE1
Found: rapl:::PP0_ENERGY:PACKAGE0
Found: rapl:::PP0_ENERGY:PACKAGE1
Nodes: 4036538 edges: 139725700 heaviest edge: 99
2.6719 s 0.0000 (* Average Power for rapl:::THERMAL_SPEC_CNT:PACKAGE0 *)
2.6719 s 0.0000 (* Average Power for rapl:::THERMAL_SPEC_CNT:PACKAGE1 *)
2.6719 s 0.0000 (* Average Power for rapl:::MINIMUM_POWER_CNT:PACKAGE0 *)
2.6719 s 0.0000 (* Average Power for rapl:::MINIMUM_POWER_CNT:PACKAGE1 *)
2.6719 s 0.0000 (* Average Power for rapl:::MAXIMUM_POWER_CNT:PACKAGE0 *)
2.6719 s 0.0000 (* Average Power for rapl:::MAXIMUM_POWER_CNT:PACKAGE1 *)
2.6719 s 0.0000 (* Average Power for rapl:::MAXIMUM_TIME_WINDOW_CNT:PACKAGE0 *)
2.6719 s 0.0000 (* Average Power for rapl:::MAXIMUM_TIME_WINDOW_CNT:PACKAGE1 *)
2.6719 s 0.0011 (* Average Power for rapl:::PACKAGE_ENERGY_CNT:PACKAGE0 *)
2.6719 s 0.0006 (* Average Power for rapl:::PACKAGE_ENERGY_CNT:PACKAGE1 *)
2.6719 s 0.0011 (* Average Power for rapl:::DRAM_ENERGY_CNT:PACKAGE0 *)
2.6719 s 0.0008 (* Average Power for rapl:::DRAM_ENERGY_CNT:PACKAGE1 *)
2.6719 s 0.0000 (* Average Power for rapl:::PP0_ENERGY_CNT:PACKAGE0 *)
2.6719 s 0.0000 (* Average Power for rapl:::PP0_ENERGY_CNT:PACKAGE1 *)
2.6719 s 1736311241.5303 (* Average Power for rapl:::THERMAL_SPEC:PACKAGE0 *)
2.6719 s 1736311241.5303 (* Average Power for rapl:::THERMAL_SPEC:PACKAGE1 *)
2.6719 s 1734533542.8293 (* Average Power for rapl:::MINIMUM_POWER:PACKAGE0 *)
2.6719 s 1734533542.8293 (* Average Power for rapl:::MINIMUM_POWER:PACKAGE1 *)
2.6719 s 1737996763.2615 (* Average Power for rapl:::MAXIMUM_POWER:PACKAGE0 *)
2.6719 s 1737996763.2615 (* Average Power for rapl:::MAXIMUM_POWER:PACKAGE1 *)
2.6719 s 1716651210.7120 (* Average Power for rapl:::MAXIMUM_TIME_WINDOW:PACKAGE0 *)
2.6719 s 1716651210.7120 (* Average Power for rapl:::MAXIMUM_TIME_WINDOW:PACKAGE1 *)
2.6719 s 175.5936 (* Total Energy for rapl:::PACKAGE_ENERGY:PACKAGE0 *)
2.6719 s 65.7178 (* Average Power for rapl:::PACKAGE_ENERGY:PACKAGE0 *)
2.6719 s 103.3607 (* Total Energy for rapl:::PACKAGE_ENERGY:PACKAGE1 *)
2.6719 s 38.6839 (* Average Power for rapl:::PACKAGE_ENERGY:PACKAGE1 *)
2.6719 s 16.7930 (* Average Power for rapl:::DRAM_ENERGY:PACKAGE0 *)
2.6719 s 12.1329 (* Average Power for rapl:::DRAM_ENERGY:PACKAGE1 *)
2.6719 s 0.0000 (* Average Power for rapl:::PP0_ENERGY:PACKAGE0 *)
2.6719 s 0.0000 (* Average Power for rapl:::PP0_ENERGY:PACKAGE1 *)
MST weight: 7.81238e+07 (78123845)
Num trees: 26678
Tree edges: 4009860
STATTYPE,LOOP,CATEGORY,n,sum,T0,T1,T2,T3
STAT,(NULL),InitializeSortTime,4,1425,1425,0,0,0
STAT,(NULL),InitializeTime,4,8728,8728,0,0,0
STAT,(NULL),LoopTime,4,4079,4079,0,0,0
STAT,(NULL),MeminfoPost,4,128,12,18,30,68
STAT,(NULL),MeminfoPre,4,0,0,0,0,0
STAT,(NULL),Rounds,4,21,21,0,0,0
STAT,(NULL),Threads,4,4,4,0,0,0
STAT,(NULL),Time,4,2671,2671,0,0,0
STAT,map_reduce,LoopTime,4,34,34,0,0,0
