Galois Benchmark Suite v2.2.1 (r0)
Copyright (C) 2014 The University of Texas at Austin
http://iss.ices.utexas.edu/galois/

application: Boruvka's Minimum Spanning Tree Algorithm
Computes the minimum spanning forest of a graph
http://iss.ices.utexas.edu/?p=projects/galois/benchmarks/mst

INFO: CommandLine /home/users/norris/research/easy-parallel-graph/autoperf/mst/lib/Galois-2.2.1/build/power/apps/boruvka/boruvka -t=1 /home/users/norris/research/easy-parallel-graph/experiment/datasets/com-lj.ungraph_75i_1000000.gr
INFO: Hostname arya
Found rapl component at cid 2
Found: rapl:::THERMAL_SPEC_CNT:PACKAGE0
Found: rapl:::THERMAL_SPEC_CNT:PACKAGE1
Found: rapl:::MINIMUM_POWER_CNT:PACKAGE0
Found: rapl:::MINIMUM_POWER_CNT:PACKAGE1
Found: rapl:::MAXIMUM_POWER_CNT:PACKAGE0
Found: rapl:::MAXIMUM_POWER_CNT:PACKAGE1
Found: rapl:::MAXIMUM_TIME_WINDOW_CNT:PACKAGE0
Found: rapl:::MAXIMUM_TIME_WINDOW_CNT:PACKAGE1
Found: rapl:::PACKAGE_ENERGY_CNT:PACKAGE0
Found: rapl:::PACKAGE_ENERGY_CNT:PACKAGE1
Found: rapl:::DRAM_ENERGY_CNT:PACKAGE0
Found: rapl:::DRAM_ENERGY_CNT:PACKAGE1
Found: rapl:::PP0_ENERGY_CNT:PACKAGE0
Found: rapl:::PP0_ENERGY_CNT:PACKAGE1
Found: rapl:::THERMAL_SPEC:PACKAGE0
Found: rapl:::THERMAL_SPEC:PACKAGE1
Found: rapl:::MINIMUM_POWER:PACKAGE0
Found: rapl:::MINIMUM_POWER:PACKAGE1
Found: rapl:::MAXIMUM_POWER:PACKAGE0
Found: rapl:::MAXIMUM_POWER:PACKAGE1
Found: rapl:::MAXIMUM_TIME_WINDOW:PACKAGE0
Found: rapl:::MAXIMUM_TIME_WINDOW:PACKAGE1
Found: rapl:::PACKAGE_ENERGY:PACKAGE0
Found: rapl:::PACKAGE_ENERGY:PACKAGE1
Found: rapl:::DRAM_ENERGY:PACKAGE0
Found: rapl:::DRAM_ENERGY:PACKAGE1
Found: rapl:::PP0_ENERGY:PACKAGE0
Found: rapl:::PP0_ENERGY:PACKAGE1
Nodes: 4036538 edges: 139725700 heaviest edge: 99
7.0352 s 0.0000 (* Average Power for rapl:::THERMAL_SPEC_CNT:PACKAGE0 *)
7.0352 s 0.0000 (* Average Power for rapl:::THERMAL_SPEC_CNT:PACKAGE1 *)
7.0352 s 0.0000 (* Average Power for rapl:::MINIMUM_POWER_CNT:PACKAGE0 *)
7.0352 s 0.0000 (* Average Power for rapl:::MINIMUM_POWER_CNT:PACKAGE1 *)
7.0352 s 0.0000 (* Average Power for rapl:::MAXIMUM_POWER_CNT:PACKAGE0 *)
7.0352 s 0.0000 (* Average Power for rapl:::MAXIMUM_POWER_CNT:PACKAGE1 *)
7.0352 s 0.0000 (* Average Power for rapl:::MAXIMUM_TIME_WINDOW_CNT:PACKAGE0 *)
7.0352 s 0.0000 (* Average Power for rapl:::MAXIMUM_TIME_WINDOW_CNT:PACKAGE1 *)
7.0352 s 0.0008 (* Average Power for rapl:::PACKAGE_ENERGY_CNT:PACKAGE0 *)
7.0352 s 0.0004 (* Average Power for rapl:::PACKAGE_ENERGY_CNT:PACKAGE1 *)
7.0352 s 0.0010 (* Average Power for rapl:::DRAM_ENERGY_CNT:PACKAGE0 *)
7.0352 s 0.0005 (* Average Power for rapl:::DRAM_ENERGY_CNT:PACKAGE1 *)
7.0352 s 0.0000 (* Average Power for rapl:::PP0_ENERGY_CNT:PACKAGE0 *)
7.0352 s 0.0000 (* Average Power for rapl:::PP0_ENERGY_CNT:PACKAGE1 *)
7.0352 s 659444337.3932 (* Average Power for rapl:::THERMAL_SPEC:PACKAGE0 *)
7.0352 s 659444337.3932 (* Average Power for rapl:::THERMAL_SPEC:PACKAGE1 *)
7.0352 s 658769174.2578 (* Average Power for rapl:::MINIMUM_POWER:PACKAGE0 *)
7.0352 s 658769174.2578 (* Average Power for rapl:::MINIMUM_POWER:PACKAGE1 *)
7.0352 s 660084492.0698 (* Average Power for rapl:::MAXIMUM_POWER:PACKAGE0 *)
7.0352 s 660084492.0698 (* Average Power for rapl:::MAXIMUM_POWER:PACKAGE1 *)
7.0352 s 651977533.2362 (* Average Power for rapl:::MAXIMUM_TIME_WINDOW:PACKAGE0 *)
7.0352 s 651977533.2362 (* Average Power for rapl:::MAXIMUM_TIME_WINDOW:PACKAGE1 *)
7.0352 s 345.9993 (* Total Energy for rapl:::PACKAGE_ENERGY:PACKAGE0 *)
7.0352 s 49.1813 (* Average Power for rapl:::PACKAGE_ENERGY:PACKAGE0 *)
7.0352 s 166.4937 (* Total Energy for rapl:::PACKAGE_ENERGY:PACKAGE1 *)
7.0352 s 23.6659 (* Average Power for rapl:::PACKAGE_ENERGY:PACKAGE1 *)
7.0352 s 15.3848 (* Average Power for rapl:::DRAM_ENERGY:PACKAGE0 *)
7.0352 s 7.8760 (* Average Power for rapl:::DRAM_ENERGY:PACKAGE1 *)
7.0352 s 0.0000 (* Average Power for rapl:::PP0_ENERGY:PACKAGE0 *)
7.0352 s 0.0000 (* Average Power for rapl:::PP0_ENERGY:PACKAGE1 *)
MST weight: 7.81238e+07 (78123845)
Num trees: 26678
Tree edges: 4009860
STATTYPE,LOOP,CATEGORY,n,sum,T0
STAT,(NULL),InitializeSortTime,1,4230,4230
STAT,(NULL),InitializeTime,1,14106,14106
STAT,(NULL),LoopTime,1,11254,11254
STAT,(NULL),MeminfoPost,1,119,119
STAT,(NULL),MeminfoPre,1,0,0
STAT,(NULL),Rounds,1,20,20
STAT,(NULL),Threads,1,1,1
STAT,(NULL),Time,1,7035,7035
STAT,map_reduce,LoopTime,1,78,78
Galois Benchmark Suite v2.2.1 (r0)
Copyright (C) 2014 The University of Texas at Austin
http://iss.ices.utexas.edu/galois/

application: Boruvka's Minimum Spanning Tree Algorithm
Computes the minimum spanning forest of a graph
http://iss.ices.utexas.edu/?p=projects/galois/benchmarks/mst

INFO: CommandLine /home/users/norris/research/easy-parallel-graph/autoperf/mst/lib/Galois-2.2.1/build/power/apps/boruvka/boruvka -t=1 /home/users/norris/research/easy-parallel-graph/experiment/datasets/com-lj.ungraph_75i_1000000.gr
INFO: Hostname arya
Found rapl component at cid 2
Found: rapl:::THERMAL_SPEC_CNT:PACKAGE0
Found: rapl:::THERMAL_SPEC_CNT:PACKAGE1
Found: rapl:::MINIMUM_POWER_CNT:PACKAGE0
Found: rapl:::MINIMUM_POWER_CNT:PACKAGE1
Found: rapl:::MAXIMUM_POWER_CNT:PACKAGE0
Found: rapl:::MAXIMUM_POWER_CNT:PACKAGE1
Found: rapl:::MAXIMUM_TIME_WINDOW_CNT:PACKAGE0
Found: rapl:::MAXIMUM_TIME_WINDOW_CNT:PACKAGE1
Found: rapl:::PACKAGE_ENERGY_CNT:PACKAGE0
Found: rapl:::PACKAGE_ENERGY_CNT:PACKAGE1
Found: rapl:::DRAM_ENERGY_CNT:PACKAGE0
Found: rapl:::DRAM_ENERGY_CNT:PACKAGE1
Found: rapl:::PP0_ENERGY_CNT:PACKAGE0
Found: rapl:::PP0_ENERGY_CNT:PACKAGE1
Found: rapl:::THERMAL_SPEC:PACKAGE0
Found: rapl:::THERMAL_SPEC:PACKAGE1
Found: rapl:::MINIMUM_POWER:PACKAGE0
Found: rapl:::MINIMUM_POWER:PACKAGE1
Found: rapl:::MAXIMUM_POWER:PACKAGE0
Found: rapl:::MAXIMUM_POWER:PACKAGE1
Found: rapl:::MAXIMUM_TIME_WINDOW:PACKAGE0
Found: rapl:::MAXIMUM_TIME_WINDOW:PACKAGE1
Found: rapl:::PACKAGE_ENERGY:PACKAGE0
Found: rapl:::PACKAGE_ENERGY:PACKAGE1
Found: rapl:::DRAM_ENERGY:PACKAGE0
Found: rapl:::DRAM_ENERGY:PACKAGE1
Found: rapl:::PP0_ENERGY:PACKAGE0
Found: rapl:::PP0_ENERGY:PACKAGE1
Nodes: 4036538 edges: 139725700 heaviest edge: 99
6.9450 s 0.0000 (* Average Power for rapl:::THERMAL_SPEC_CNT:PACKAGE0 *)
6.9450 s 0.0000 (* Average Power for rapl:::THERMAL_SPEC_CNT:PACKAGE1 *)
6.9450 s 0.0000 (* Average Power for rapl:::MINIMUM_POWER_CNT:PACKAGE0 *)
6.9450 s 0.0000 (* Average Power for rapl:::MINIMUM_POWER_CNT:PACKAGE1 *)
6.9450 s 0.0000 (* Average Power for rapl:::MAXIMUM_POWER_CNT:PACKAGE0 *)
6.9450 s 0.0000 (* Average Power for rapl:::MAXIMUM_POWER_CNT:PACKAGE1 *)
6.9450 s 0.0000 (* Average Power for rapl:::MAXIMUM_TIME_WINDOW_CNT:PACKAGE0 *)
6.9450 s 0.0000 (* Average Power for rapl:::MAXIMUM_TIME_WINDOW_CNT:PACKAGE1 *)
6.9450 s 0.0008 (* Average Power for rapl:::PACKAGE_ENERGY_CNT:PACKAGE0 *)
6.9450 s 0.0004 (* Average Power for rapl:::PACKAGE_ENERGY_CNT:PACKAGE1 *)
6.9450 s 0.0010 (* Average Power for rapl:::DRAM_ENERGY_CNT:PACKAGE0 *)
6.9450 s 0.0006 (* Average Power for rapl:::DRAM_ENERGY_CNT:PACKAGE1 *)
6.9450 s 0.0000 (* Average Power for rapl:::PP0_ENERGY_CNT:PACKAGE0 *)
6.9450 s 0.0000 (* Average Power for rapl:::PP0_ENERGY_CNT:PACKAGE1 *)
6.9450 s 668005399.3731 (* Average Power for rapl:::THERMAL_SPEC:PACKAGE0 *)
6.9450 s 668005399.3731 (* Average Power for rapl:::THERMAL_SPEC:PACKAGE1 *)
6.9450 s 667321471.1106 (* Average Power for rapl:::MINIMUM_POWER:PACKAGE0 *)
6.9450 s 667321471.1106 (* Average Power for rapl:::MINIMUM_POWER:PACKAGE1 *)
6.9450 s 668653864.6887 (* Average Power for rapl:::MAXIMUM_POWER:PACKAGE0 *)
6.9450 s 668653864.6887 (* Average Power for rapl:::MAXIMUM_POWER:PACKAGE1 *)
6.9450 s 660441659.4028 (* Average Power for rapl:::MAXIMUM_TIME_WINDOW:PACKAGE0 *)
6.9450 s 660441659.4028 (* Average Power for rapl:::MAXIMUM_TIME_WINDOW:PACKAGE1 *)
6.9450 s 343.4719 (* Total Energy for rapl:::PACKAGE_ENERGY:PACKAGE0 *)
6.9450 s 49.4559 (* Average Power for rapl:::PACKAGE_ENERGY:PACKAGE0 *)
6.9450 s 187.3755 (* Total Energy for rapl:::PACKAGE_ENERGY:PACKAGE1 *)
6.9450 s 26.9799 (* Average Power for rapl:::PACKAGE_ENERGY:PACKAGE1 *)
6.9450 s 15.3767 (* Average Power for rapl:::DRAM_ENERGY:PACKAGE0 *)
6.9450 s 8.4135 (* Average Power for rapl:::DRAM_ENERGY:PACKAGE1 *)
6.9450 s 0.0000 (* Average Power for rapl:::PP0_ENERGY:PACKAGE0 *)
6.9450 s 0.0000 (* Average Power for rapl:::PP0_ENERGY:PACKAGE1 *)
MST weight: 7.81238e+07 (78123845)
Num trees: 26678
Tree edges: 4009860
STATTYPE,LOOP,CATEGORY,n,sum,T0
STAT,(NULL),InitializeSortTime,1,4232,4232
STAT,(NULL),InitializeTime,1,12232,12232
STAT,(NULL),LoopTime,1,11165,11165
STAT,(NULL),MeminfoPost,1,119,119
STAT,(NULL),MeminfoPre,1,0,0
STAT,(NULL),Rounds,1,20,20
STAT,(NULL),Threads,1,1,1
STAT,(NULL),Time,1,6945,6945
STAT,map_reduce,LoopTime,1,78,78
Galois Benchmark Suite v2.2.1 (r0)
Copyright (C) 2014 The University of Texas at Austin
http://iss.ices.utexas.edu/galois/

application: Boruvka's Minimum Spanning Tree Algorithm
Computes the minimum spanning forest of a graph
http://iss.ices.utexas.edu/?p=projects/galois/benchmarks/mst

INFO: CommandLine /home/users/norris/research/easy-parallel-graph/autoperf/mst/lib/Galois-2.2.1/build/power/apps/boruvka/boruvka -t=1 /home/users/norris/research/easy-parallel-graph/experiment/datasets/com-lj.ungraph_75i_1000000.gr
INFO: Hostname arya
Found rapl component at cid 2
Found: rapl:::THERMAL_SPEC_CNT:PACKAGE0
Found: rapl:::THERMAL_SPEC_CNT:PACKAGE1
Found: rapl:::MINIMUM_POWER_CNT:PACKAGE0
Found: rapl:::MINIMUM_POWER_CNT:PACKAGE1
Found: rapl:::MAXIMUM_POWER_CNT:PACKAGE0
Found: rapl:::MAXIMUM_POWER_CNT:PACKAGE1
Found: rapl:::MAXIMUM_TIME_WINDOW_CNT:PACKAGE0
Found: rapl:::MAXIMUM_TIME_WINDOW_CNT:PACKAGE1
Found: rapl:::PACKAGE_ENERGY_CNT:PACKAGE0
Found: rapl:::PACKAGE_ENERGY_CNT:PACKAGE1
Found: rapl:::DRAM_ENERGY_CNT:PACKAGE0
Found: rapl:::DRAM_ENERGY_CNT:PACKAGE1
Found: rapl:::PP0_ENERGY_CNT:PACKAGE0
Found: rapl:::PP0_ENERGY_CNT:PACKAGE1
Found: rapl:::THERMAL_SPEC:PACKAGE0
Found: rapl:::THERMAL_SPEC:PACKAGE1
Found: rapl:::MINIMUM_POWER:PACKAGE0
Found: rapl:::MINIMUM_POWER:PACKAGE1
Found: rapl:::MAXIMUM_POWER:PACKAGE0
Found: rapl:::MAXIMUM_POWER:PACKAGE1
Found: rapl:::MAXIMUM_TIME_WINDOW:PACKAGE0
Found: rapl:::MAXIMUM_TIME_WINDOW:PACKAGE1
Found: rapl:::PACKAGE_ENERGY:PACKAGE0
Found: rapl:::PACKAGE_ENERGY:PACKAGE1
Found: rapl:::DRAM_ENERGY:PACKAGE0
Found: rapl:::DRAM_ENERGY:PACKAGE1
Found: rapl:::PP0_ENERGY:PACKAGE0
Found: rapl:::PP0_ENERGY:PACKAGE1
Nodes: 4036538 edges: 139725700 heaviest edge: 99
6.4956 s 0.0000 (* Average Power for rapl:::THERMAL_SPEC_CNT:PACKAGE0 *)
6.4956 s 0.0000 (* Average Power for rapl:::THERMAL_SPEC_CNT:PACKAGE1 *)
6.4956 s 0.0000 (* Average Power for rapl:::MINIMUM_POWER_CNT:PACKAGE0 *)
6.4956 s 0.0000 (* Average Power for rapl:::MINIMUM_POWER_CNT:PACKAGE1 *)
6.4956 s 0.0000 (* Average Power for rapl:::MAXIMUM_POWER_CNT:PACKAGE0 *)
6.4956 s 0.0000 (* Average Power for rapl:::MAXIMUM_POWER_CNT:PACKAGE1 *)
6.4956 s 0.0000 (* Average Power for rapl:::MAXIMUM_TIME_WINDOW_CNT:PACKAGE0 *)
6.4956 s 0.0000 (* Average Power for rapl:::MAXIMUM_TIME_WINDOW_CNT:PACKAGE1 *)
6.4956 s 0.0008 (* Average Power for rapl:::PACKAGE_ENERGY_CNT:PACKAGE0 *)
6.4956 s 0.0006 (* Average Power for rapl:::PACKAGE_ENERGY_CNT:PACKAGE1 *)
6.4956 s 0.0010 (* Average Power for rapl:::DRAM_ENERGY_CNT:PACKAGE0 *)
6.4956 s 0.0007 (* Average Power for rapl:::DRAM_ENERGY_CNT:PACKAGE1 *)
6.4956 s 0.0000 (* Average Power for rapl:::PP0_ENERGY_CNT:PACKAGE0 *)
6.4956 s 0.0000 (* Average Power for rapl:::PP0_ENERGY_CNT:PACKAGE1 *)
6.4956 s 714220406.3114 (* Average Power for rapl:::THERMAL_SPEC:PACKAGE0 *)
6.4956 s 714220406.3114 (* Average Power for rapl:::THERMAL_SPEC:PACKAGE1 *)
6.4956 s 713489161.4412 (* Average Power for rapl:::MINIMUM_POWER:PACKAGE0 *)
6.4956 s 713489161.4412 (* Average Power for rapl:::MINIMUM_POWER:PACKAGE1 *)
6.4956 s 714913734.7810 (* Average Power for rapl:::MAXIMUM_POWER:PACKAGE0 *)
6.4956 s 714913734.7810 (* Average Power for rapl:::MAXIMUM_POWER:PACKAGE1 *)
6.4956 s 706133379.7097 (* Average Power for rapl:::MAXIMUM_TIME_WINDOW:PACKAGE0 *)
6.4956 s 706133379.7097 (* Average Power for rapl:::MAXIMUM_TIME_WINDOW:PACKAGE1 *)
6.4956 s 317.6544 (* Total Energy for rapl:::PACKAGE_ENERGY:PACKAGE0 *)
6.4956 s 48.9028 (* Average Power for rapl:::PACKAGE_ENERGY:PACKAGE0 *)
6.4956 s 241.4357 (* Total Energy for rapl:::PACKAGE_ENERGY:PACKAGE1 *)
6.4956 s 37.1690 (* Average Power for rapl:::PACKAGE_ENERGY:PACKAGE1 *)
6.4956 s 15.4483 (* Average Power for rapl:::DRAM_ENERGY:PACKAGE0 *)
6.4956 s 10.8895 (* Average Power for rapl:::DRAM_ENERGY:PACKAGE1 *)
6.4956 s 0.0000 (* Average Power for rapl:::PP0_ENERGY:PACKAGE0 *)
6.4956 s 0.0000 (* Average Power for rapl:::PP0_ENERGY:PACKAGE1 *)
MST weight: 7.81238e+07 (78123845)
Num trees: 26678
Tree edges: 4009860
STATTYPE,LOOP,CATEGORY,n,sum,T0
STAT,(NULL),InitializeSortTime,1,4232,4232
STAT,(NULL),InitializeTime,1,12218,12218
STAT,(NULL),LoopTime,1,10716,10716
STAT,(NULL),MeminfoPost,1,119,119
STAT,(NULL),MeminfoPre,1,0,0
STAT,(NULL),Rounds,1,20,20
STAT,(NULL),Threads,1,1,1
STAT,(NULL),Time,1,6495,6495
STAT,map_reduce,LoopTime,1,70,70
Galois Benchmark Suite v2.2.1 (r0)
Copyright (C) 2014 The University of Texas at Austin
http://iss.ices.utexas.edu/galois/

application: Boruvka's Minimum Spanning Tree Algorithm
Computes the minimum spanning forest of a graph
http://iss.ices.utexas.edu/?p=projects/galois/benchmarks/mst

INFO: CommandLine /home/users/norris/research/easy-parallel-graph/autoperf/mst/lib/Galois-2.2.1/build/power/apps/boruvka/boruvka -t=1 /home/users/norris/research/easy-parallel-graph/experiment/datasets/com-lj.ungraph_75i_1000000.gr
INFO: Hostname arya
Found rapl component at cid 2
Found: rapl:::THERMAL_SPEC_CNT:PACKAGE0
Found: rapl:::THERMAL_SPEC_CNT:PACKAGE1
Found: rapl:::MINIMUM_POWER_CNT:PACKAGE0
Found: rapl:::MINIMUM_POWER_CNT:PACKAGE1
Found: rapl:::MAXIMUM_POWER_CNT:PACKAGE0
Found: rapl:::MAXIMUM_POWER_CNT:PACKAGE1
Found: rapl:::MAXIMUM_TIME_WINDOW_CNT:PACKAGE0
Found: rapl:::MAXIMUM_TIME_WINDOW_CNT:PACKAGE1
Found: rapl:::PACKAGE_ENERGY_CNT:PACKAGE0
Found: rapl:::PACKAGE_ENERGY_CNT:PACKAGE1
Found: rapl:::DRAM_ENERGY_CNT:PACKAGE0
Found: rapl:::DRAM_ENERGY_CNT:PACKAGE1
Found: rapl:::PP0_ENERGY_CNT:PACKAGE0
Found: rapl:::PP0_ENERGY_CNT:PACKAGE1
Found: rapl:::THERMAL_SPEC:PACKAGE0
Found: rapl:::THERMAL_SPEC:PACKAGE1
Found: rapl:::MINIMUM_POWER:PACKAGE0
Found: rapl:::MINIMUM_POWER:PACKAGE1
Found: rapl:::MAXIMUM_POWER:PACKAGE0
Found: rapl:::MAXIMUM_POWER:PACKAGE1
Found: rapl:::MAXIMUM_TIME_WINDOW:PACKAGE0
Found: rapl:::MAXIMUM_TIME_WINDOW:PACKAGE1
Found: rapl:::PACKAGE_ENERGY:PACKAGE0
Found: rapl:::PACKAGE_ENERGY:PACKAGE1
Found: rapl:::DRAM_ENERGY:PACKAGE0
Found: rapl:::DRAM_ENERGY:PACKAGE1
Found: rapl:::PP0_ENERGY:PACKAGE0
Found: rapl:::PP0_ENERGY:PACKAGE1
Nodes: 4036538 edges: 139725700 heaviest edge: 99
7.0012 s 0.0000 (* Average Power for rapl:::THERMAL_SPEC_CNT:PACKAGE0 *)
7.0012 s 0.0000 (* Average Power for rapl:::THERMAL_SPEC_CNT:PACKAGE1 *)
7.0012 s 0.0000 (* Average Power for rapl:::MINIMUM_POWER_CNT:PACKAGE0 *)
7.0012 s 0.0000 (* Average Power for rapl:::MINIMUM_POWER_CNT:PACKAGE1 *)
7.0012 s 0.0000 (* Average Power for rapl:::MAXIMUM_POWER_CNT:PACKAGE0 *)
7.0012 s 0.0000 (* Average Power for rapl:::MAXIMUM_POWER_CNT:PACKAGE1 *)
7.0012 s 0.0000 (* Average Power for rapl:::MAXIMUM_TIME_WINDOW_CNT:PACKAGE0 *)
7.0012 s 0.0000 (* Average Power for rapl:::MAXIMUM_TIME_WINDOW_CNT:PACKAGE1 *)
7.0012 s 0.0008 (* Average Power for rapl:::PACKAGE_ENERGY_CNT:PACKAGE0 *)
7.0012 s 0.0004 (* Average Power for rapl:::PACKAGE_ENERGY_CNT:PACKAGE1 *)
7.0012 s 0.0010 (* Average Power for rapl:::DRAM_ENERGY_CNT:PACKAGE0 *)
7.0012 s 0.0005 (* Average Power for rapl:::DRAM_ENERGY_CNT:PACKAGE1 *)
7.0012 s 0.0000 (* Average Power for rapl:::PP0_ENERGY_CNT:PACKAGE0 *)
7.0012 s 0.0000 (* Average Power for rapl:::PP0_ENERGY_CNT:PACKAGE1 *)
7.0012 s 662645006.3892 (* Average Power for rapl:::THERMAL_SPEC:PACKAGE0 *)
7.0012 s 662645006.3892 (* Average Power for rapl:::THERMAL_SPEC:PACKAGE1 *)
7.0012 s 661966566.2923 (* Average Power for rapl:::MINIMUM_POWER:PACKAGE0 *)
7.0012 s 661966566.2923 (* Average Power for rapl:::MINIMUM_POWER:PACKAGE1 *)
7.0012 s 663288268.1108 (* Average Power for rapl:::MAXIMUM_POWER:PACKAGE0 *)
7.0012 s 663288268.1108 (* Average Power for rapl:::MAXIMUM_POWER:PACKAGE1 *)
7.0012 s 655141961.4653 (* Average Power for rapl:::MAXIMUM_TIME_WINDOW:PACKAGE0 *)
7.0012 s 655141961.4653 (* Average Power for rapl:::MAXIMUM_TIME_WINDOW:PACKAGE1 *)
7.0012 s 346.4449 (* Total Energy for rapl:::PACKAGE_ENERGY:PACKAGE0 *)
7.0012 s 49.4837 (* Average Power for rapl:::PACKAGE_ENERGY:PACKAGE0 *)
7.0012 s 165.5052 (* Total Energy for rapl:::PACKAGE_ENERGY:PACKAGE1 *)
7.0012 s 23.6396 (* Average Power for rapl:::PACKAGE_ENERGY:PACKAGE1 *)
7.0012 s 15.4404 (* Average Power for rapl:::DRAM_ENERGY:PACKAGE0 *)
7.0012 s 7.8936 (* Average Power for rapl:::DRAM_ENERGY:PACKAGE1 *)
7.0012 s 0.0000 (* Average Power for rapl:::PP0_ENERGY:PACKAGE0 *)
7.0012 s 0.0000 (* Average Power for rapl:::PP0_ENERGY:PACKAGE1 *)
MST weight: 7.81238e+07 (78123845)
Num trees: 26678
Tree edges: 4009860
STATTYPE,LOOP,CATEGORY,n,sum,T0
STAT,(NULL),InitializeSortTime,1,4232,4232
STAT,(NULL),InitializeTime,1,12510,12510
STAT,(NULL),LoopTime,1,11221,11221
STAT,(NULL),MeminfoPost,1,119,119
STAT,(NULL),MeminfoPre,1,0,0
STAT,(NULL),Rounds,1,20,20
STAT,(NULL),Threads,1,1,1
STAT,(NULL),Time,1,7001,7001
STAT,map_reduce,LoopTime,1,78,78
