Time Taken for Initializing Memory 0.080374 
Highest Edge Value 10 --
Total Time for Reading Remainder Edges 19.240788 
Total Time for Reading Certificate Network 4.634041 
Total Time for Reading Update List 0.407908 
==Update Starts =======
Total Time for Initial Tree Creation  1.728043 
Found rapl component at cid 2
Found: rapl:::THERMAL_SPEC_CNT:PACKAGE0
Found: rapl:::THERMAL_SPEC_CNT:PACKAGE1
Found: rapl:::MINIMUM_POWER_CNT:PACKAGE0
Found: rapl:::MINIMUM_POWER_CNT:PACKAGE1
Found: rapl:::MAXIMUM_POWER_CNT:PACKAGE0
Found: rapl:::MAXIMUM_POWER_CNT:PACKAGE1
Found: rapl:::MAXIMUM_TIME_WINDOW_CNT:PACKAGE0
Found: rapl:::MAXIMUM_TIME_WINDOW_CNT:PACKAGE1
Found: rapl:::PACKAGE_ENERGY_CNT:PACKAGE0
Found: rapl:::PACKAGE_ENERGY_CNT:PACKAGE1
Found: rapl:::DRAM_ENERGY_CNT:PACKAGE0
Found: rapl:::DRAM_ENERGY_CNT:PACKAGE1
Found: rapl:::PP0_ENERGY_CNT:PACKAGE0
Found: rapl:::PP0_ENERGY_CNT:PACKAGE1
Found: rapl:::THERMAL_SPEC:PACKAGE0
Found: rapl:::THERMAL_SPEC:PACKAGE1
Found: rapl:::MINIMUM_POWER:PACKAGE0
Found: rapl:::MINIMUM_POWER:PACKAGE1
Found: rapl:::MAXIMUM_POWER:PACKAGE0
Found: rapl:::MAXIMUM_POWER:PACKAGE1
Found: rapl:::MAXIMUM_TIME_WINDOW:PACKAGE0
Found: rapl:::MAXIMUM_TIME_WINDOW:PACKAGE1
Found: rapl:::PACKAGE_ENERGY:PACKAGE0
Found: rapl:::PACKAGE_ENERGY:PACKAGE1
Found: rapl:::DRAM_ENERGY:PACKAGE0
Found: rapl:::DRAM_ENERGY:PACKAGE1
Found: rapl:::PP0_ENERGY:PACKAGE0
Found: rapl:::PP0_ENERGY:PACKAGE1
Starting Classify and Insert
Classify 999999 999999  
Deleted Edges: 28700 
Processed Inserts: 235268
 Unprocessed Inserts: 909
 0.5857 s 0.0000 (* Average Power for rapl:::THERMAL_SPEC_CNT:PACKAGE0 *)
0.5857 s 0.0000 (* Average Power for rapl:::THERMAL_SPEC_CNT:PACKAGE1 *)
0.5857 s 0.0000 (* Average Power for rapl:::MINIMUM_POWER_CNT:PACKAGE0 *)
0.5857 s 0.0000 (* Average Power for rapl:::MINIMUM_POWER_CNT:PACKAGE1 *)
0.5857 s 0.0000 (* Average Power for rapl:::MAXIMUM_POWER_CNT:PACKAGE0 *)
0.5857 s 0.0000 (* Average Power for rapl:::MAXIMUM_POWER_CNT:PACKAGE1 *)
0.5857 s 0.0000 (* Average Power for rapl:::MAXIMUM_TIME_WINDOW_CNT:PACKAGE0 *)
0.5857 s 0.0000 (* Average Power for rapl:::MAXIMUM_TIME_WINDOW_CNT:PACKAGE1 *)
0.5857 s 0.0012 (* Average Power for rapl:::PACKAGE_ENERGY_CNT:PACKAGE0 *)
0.5857 s 0.0012 (* Average Power for rapl:::PACKAGE_ENERGY_CNT:PACKAGE1 *)
0.5857 s 0.0009 (* Average Power for rapl:::DRAM_ENERGY_CNT:PACKAGE0 *)
0.5857 s 0.0010 (* Average Power for rapl:::DRAM_ENERGY_CNT:PACKAGE1 *)
0.5857 s 0.0000 (* Average Power for rapl:::PP0_ENERGY_CNT:PACKAGE0 *)
0.5857 s 0.0000 (* Average Power for rapl:::PP0_ENERGY_CNT:PACKAGE1 *)
0.5857 s 7920706355.6690 (* Average Power for rapl:::THERMAL_SPEC:PACKAGE0 *)
0.5857 s 7920706355.6690 (* Average Power for rapl:::THERMAL_SPEC:PACKAGE1 *)
0.5857 s 7912596847.9598 (* Average Power for rapl:::MINIMUM_POWER:PACKAGE0 *)
0.5857 s 7912596847.9598 (* Average Power for rapl:::MINIMUM_POWER:PACKAGE1 *)
0.5857 s 7928395370.3859 (* Average Power for rapl:::MAXIMUM_POWER:PACKAGE0 *)
0.5857 s 7928395370.3859 (* Average Power for rapl:::MAXIMUM_POWER:PACKAGE1 *)
0.5857 s 7831021207.4477 (* Average Power for rapl:::MAXIMUM_TIME_WINDOW:PACKAGE0 *)
0.5857 s 7831021207.4477 (* Average Power for rapl:::MAXIMUM_TIME_WINDOW:PACKAGE1 *)
0.5857 s 41.9540 (* Total Energy for rapl:::PACKAGE_ENERGY:PACKAGE0 *)
0.5857 s 71.6283 (* Average Power for rapl:::PACKAGE_ENERGY:PACKAGE0 *)
0.5857 s 42.9977 (* Total Energy for rapl:::PACKAGE_ENERGY:PACKAGE1 *)
0.5857 s 73.4102 (* Average Power for rapl:::PACKAGE_ENERGY:PACKAGE1 *)
0.5857 s 14.4088 (* Average Power for rapl:::DRAM_ENERGY:PACKAGE0 *)
0.5857 s 15.3608 (* Average Power for rapl:::DRAM_ENERGY:PACKAGE1 *)
0.5857 s 0.0000 (* Average Power for rapl:::PP0_ENERGY:PACKAGE0 *)
0.5857 s 0.0000 (* Average Power for rapl:::PP0_ENERGY:PACKAGE1 *)
Time for Classify and insert  0.585666 
Found rapl component at cid 2
Found: rapl:::THERMAL_SPEC_CNT:PACKAGE0
Found: rapl:::THERMAL_SPEC_CNT:PACKAGE1
Found: rapl:::MINIMUM_POWER_CNT:PACKAGE0
Found: rapl:::MINIMUM_POWER_CNT:PACKAGE1
Found: rapl:::MAXIMUM_POWER_CNT:PACKAGE0
Found: rapl:::MAXIMUM_POWER_CNT:PACKAGE1
Found: rapl:::MAXIMUM_TIME_WINDOW_CNT:PACKAGE0
Found: rapl:::MAXIMUM_TIME_WINDOW_CNT:PACKAGE1
Found: rapl:::PACKAGE_ENERGY_CNT:PACKAGE0
Found: rapl:::PACKAGE_ENERGY_CNT:PACKAGE1
Found: rapl:::DRAM_ENERGY_CNT:PACKAGE0
Found: rapl:::DRAM_ENERGY_CNT:PACKAGE1
Found: rapl:::PP0_ENERGY_CNT:PACKAGE0
Found: rapl:::PP0_ENERGY_CNT:PACKAGE1
Found: rapl:::THERMAL_SPEC:PACKAGE0
Found: rapl:::THERMAL_SPEC:PACKAGE1
Found: rapl:::MINIMUM_POWER:PACKAGE0
Found: rapl:::MINIMUM_POWER:PACKAGE1
Found: rapl:::MAXIMUM_POWER:PACKAGE0
Found: rapl:::MAXIMUM_POWER:PACKAGE1
Found: rapl:::MAXIMUM_TIME_WINDOW:PACKAGE0
Found: rapl:::MAXIMUM_TIME_WINDOW:PACKAGE1
Found: rapl:::PACKAGE_ENERGY:PACKAGE0
Found: rapl:::PACKAGE_ENERGY:PACKAGE1
Found: rapl:::DRAM_ENERGY:PACKAGE0
Found: rapl:::DRAM_ENERGY:PACKAGE1
Found: rapl:::PP0_ENERGY:PACKAGE0
Found: rapl:::PP0_ENERGY:PACKAGE1
Starting process_deletions
0.3601 s 0.0000 (* Average Power for rapl:::THERMAL_SPEC_CNT:PACKAGE0 *)
0.3601 s 0.0000 (* Average Power for rapl:::THERMAL_SPEC_CNT:PACKAGE1 *)
0.3601 s 0.0000 (* Average Power for rapl:::MINIMUM_POWER_CNT:PACKAGE0 *)
0.3601 s 0.0000 (* Average Power for rapl:::MINIMUM_POWER_CNT:PACKAGE1 *)
0.3601 s 0.0000 (* Average Power for rapl:::MAXIMUM_POWER_CNT:PACKAGE0 *)
0.3601 s 0.0000 (* Average Power for rapl:::MAXIMUM_POWER_CNT:PACKAGE1 *)
0.3601 s 0.0000 (* Average Power for rapl:::MAXIMUM_TIME_WINDOW_CNT:PACKAGE0 *)
0.3601 s 0.0000 (* Average Power for rapl:::MAXIMUM_TIME_WINDOW_CNT:PACKAGE1 *)
0.3601 s 0.0016 (* Average Power for rapl:::PACKAGE_ENERGY_CNT:PACKAGE0 *)
0.3601 s 0.0012 (* Average Power for rapl:::PACKAGE_ENERGY_CNT:PACKAGE1 *)
0.3601 s 0.0010 (* Average Power for rapl:::DRAM_ENERGY_CNT:PACKAGE0 *)
0.3601 s 0.0010 (* Average Power for rapl:::DRAM_ENERGY_CNT:PACKAGE1 *)
0.3601 s 0.0000 (* Average Power for rapl:::PP0_ENERGY_CNT:PACKAGE0 *)
0.3601 s 0.0000 (* Average Power for rapl:::PP0_ENERGY_CNT:PACKAGE1 *)
0.3601 s 12883250006.3145 (* Average Power for rapl:::THERMAL_SPEC:PACKAGE0 *)
0.3601 s 12883250006.3145 (* Average Power for rapl:::THERMAL_SPEC:PACKAGE1 *)
0.3601 s 12870059665.6359 (* Average Power for rapl:::MINIMUM_POWER:PACKAGE0 *)
0.3601 s 12870059665.6359 (* Average Power for rapl:::MINIMUM_POWER:PACKAGE1 *)
0.3601 s 12895756403.4023 (* Average Power for rapl:::MAXIMUM_POWER:PACKAGE0 *)
0.3601 s 12895756403.4023 (* Average Power for rapl:::MAXIMUM_POWER:PACKAGE1 *)
0.3601 s 12737374609.0324 (* Average Power for rapl:::MAXIMUM_TIME_WINDOW:PACKAGE0 *)
0.3601 s 12737374609.0324 (* Average Power for rapl:::MAXIMUM_TIME_WINDOW:PACKAGE1 *)
0.3601 s 34.9330 (* Total Energy for rapl:::PACKAGE_ENERGY:PACKAGE0 *)
0.3601 s 97.0081 (* Average Power for rapl:::PACKAGE_ENERGY:PACKAGE0 *)
0.3601 s 26.5004 (* Total Energy for rapl:::PACKAGE_ENERGY:PACKAGE1 *)
0.3601 s 73.5911 (* Average Power for rapl:::PACKAGE_ENERGY:PACKAGE1 *)
0.3601 s 14.6275 (* Average Power for rapl:::DRAM_ENERGY:PACKAGE0 *)
0.3601 s 15.6586 (* Average Power for rapl:::DRAM_ENERGY:PACKAGE1 *)
0.3601 s 0.0000 (* Average Power for rapl:::PP0_ENERGY:PACKAGE0 *)
0.3601 s 0.0000 (* Average Power for rapl:::PP0_ENERGY:PACKAGE1 *)
Time for Deletion  0.360077 
Total Time for Updating at Batch 1 is 0.980029 
Total Time for Updating Rooted Tree at iter 1 is 0.313942 with Rewire:0
Total Time for Updating  1.296915 
Time Taken for Initializing Memory 0.079846 
Highest Edge Value 10 --
Total Time for Reading Remainder Edges 19.304575 
Total Time for Reading Certificate Network 4.623163 
Total Time for Reading Update List 0.407703 
==Update Starts =======
Total Time for Initial Tree Creation  1.750302 
Found rapl component at cid 2
Found: rapl:::THERMAL_SPEC_CNT:PACKAGE0
Found: rapl:::THERMAL_SPEC_CNT:PACKAGE1
Found: rapl:::MINIMUM_POWER_CNT:PACKAGE0
Found: rapl:::MINIMUM_POWER_CNT:PACKAGE1
Found: rapl:::MAXIMUM_POWER_CNT:PACKAGE0
Found: rapl:::MAXIMUM_POWER_CNT:PACKAGE1
Found: rapl:::MAXIMUM_TIME_WINDOW_CNT:PACKAGE0
Found: rapl:::MAXIMUM_TIME_WINDOW_CNT:PACKAGE1
Found: rapl:::PACKAGE_ENERGY_CNT:PACKAGE0
Found: rapl:::PACKAGE_ENERGY_CNT:PACKAGE1
Found: rapl:::DRAM_ENERGY_CNT:PACKAGE0
Found: rapl:::DRAM_ENERGY_CNT:PACKAGE1
Found: rapl:::PP0_ENERGY_CNT:PACKAGE0
Found: rapl:::PP0_ENERGY_CNT:PACKAGE1
Found: rapl:::THERMAL_SPEC:PACKAGE0
Found: rapl:::THERMAL_SPEC:PACKAGE1
Found: rapl:::MINIMUM_POWER:PACKAGE0
Found: rapl:::MINIMUM_POWER:PACKAGE1
Found: rapl:::MAXIMUM_POWER:PACKAGE0
Found: rapl:::MAXIMUM_POWER:PACKAGE1
Found: rapl:::MAXIMUM_TIME_WINDOW:PACKAGE0
Found: rapl:::MAXIMUM_TIME_WINDOW:PACKAGE1
Found: rapl:::PACKAGE_ENERGY:PACKAGE0
Found: rapl:::PACKAGE_ENERGY:PACKAGE1
Found: rapl:::DRAM_ENERGY:PACKAGE0
Found: rapl:::DRAM_ENERGY:PACKAGE1
Found: rapl:::PP0_ENERGY:PACKAGE0
Found: rapl:::PP0_ENERGY:PACKAGE1
Starting Classify and Insert
Classify 999999 999999  
Deleted Edges: 28700 
Processed Inserts: 235301
 Unprocessed Inserts: 871
 0.5832 s 0.0000 (* Average Power for rapl:::THERMAL_SPEC_CNT:PACKAGE0 *)
0.5832 s 0.0000 (* Average Power for rapl:::THERMAL_SPEC_CNT:PACKAGE1 *)
0.5832 s 0.0000 (* Average Power for rapl:::MINIMUM_POWER_CNT:PACKAGE0 *)
0.5832 s 0.0000 (* Average Power for rapl:::MINIMUM_POWER_CNT:PACKAGE1 *)
0.5832 s 0.0000 (* Average Power for rapl:::MAXIMUM_POWER_CNT:PACKAGE0 *)
0.5832 s 0.0000 (* Average Power for rapl:::MAXIMUM_POWER_CNT:PACKAGE1 *)
0.5832 s 0.0000 (* Average Power for rapl:::MAXIMUM_TIME_WINDOW_CNT:PACKAGE0 *)
0.5832 s 0.0000 (* Average Power for rapl:::MAXIMUM_TIME_WINDOW_CNT:PACKAGE1 *)
0.5832 s 0.0011 (* Average Power for rapl:::PACKAGE_ENERGY_CNT:PACKAGE0 *)
0.5832 s 0.0014 (* Average Power for rapl:::PACKAGE_ENERGY_CNT:PACKAGE1 *)
0.5832 s 0.0009 (* Average Power for rapl:::DRAM_ENERGY_CNT:PACKAGE0 *)
0.5832 s 0.0010 (* Average Power for rapl:::DRAM_ENERGY_CNT:PACKAGE1 *)
0.5832 s 0.0000 (* Average Power for rapl:::PP0_ENERGY_CNT:PACKAGE0 *)
0.5832 s 0.0000 (* Average Power for rapl:::PP0_ENERGY_CNT:PACKAGE1 *)
0.5832 s 7954636558.1456 (* Average Power for rapl:::THERMAL_SPEC:PACKAGE0 *)
0.5832 s 7954636558.1456 (* Average Power for rapl:::THERMAL_SPEC:PACKAGE1 *)
0.5832 s 7946492311.4591 (* Average Power for rapl:::MINIMUM_POWER:PACKAGE0 *)
0.5832 s 7946492311.4591 (* Average Power for rapl:::MINIMUM_POWER:PACKAGE1 *)
0.5832 s 7962358510.5596 (* Average Power for rapl:::MAXIMUM_POWER:PACKAGE0 *)
0.5832 s 7962358510.5596 (* Average Power for rapl:::MAXIMUM_POWER:PACKAGE1 *)
0.5832 s 7864567222.5676 (* Average Power for rapl:::MAXIMUM_TIME_WINDOW:PACKAGE0 *)
0.5832 s 7864567222.5676 (* Average Power for rapl:::MAXIMUM_TIME_WINDOW:PACKAGE1 *)
0.5832 s 40.0283 (* Total Energy for rapl:::PACKAGE_ENERGY:PACKAGE0 *)
0.5832 s 68.6332 (* Average Power for rapl:::PACKAGE_ENERGY:PACKAGE0 *)
0.5832 s 50.9069 (* Total Energy for rapl:::PACKAGE_ENERGY:PACKAGE1 *)
0.5832 s 87.2858 (* Average Power for rapl:::PACKAGE_ENERGY:PACKAGE1 *)
0.5832 s 14.4579 (* Average Power for rapl:::DRAM_ENERGY:PACKAGE0 *)
0.5832 s 15.3123 (* Average Power for rapl:::DRAM_ENERGY:PACKAGE1 *)
0.5832 s 0.0000 (* Average Power for rapl:::PP0_ENERGY:PACKAGE0 *)
0.5832 s 0.0000 (* Average Power for rapl:::PP0_ENERGY:PACKAGE1 *)
Time for Classify and insert  0.583186 
Found rapl component at cid 2
Found: rapl:::THERMAL_SPEC_CNT:PACKAGE0
Found: rapl:::THERMAL_SPEC_CNT:PACKAGE1
Found: rapl:::MINIMUM_POWER_CNT:PACKAGE0
Found: rapl:::MINIMUM_POWER_CNT:PACKAGE1
Found: rapl:::MAXIMUM_POWER_CNT:PACKAGE0
Found: rapl:::MAXIMUM_POWER_CNT:PACKAGE1
Found: rapl:::MAXIMUM_TIME_WINDOW_CNT:PACKAGE0
Found: rapl:::MAXIMUM_TIME_WINDOW_CNT:PACKAGE1
Found: rapl:::PACKAGE_ENERGY_CNT:PACKAGE0
Found: rapl:::PACKAGE_ENERGY_CNT:PACKAGE1
Found: rapl:::DRAM_ENERGY_CNT:PACKAGE0
Found: rapl:::DRAM_ENERGY_CNT:PACKAGE1
Found: rapl:::PP0_ENERGY_CNT:PACKAGE0
Found: rapl:::PP0_ENERGY_CNT:PACKAGE1
Found: rapl:::THERMAL_SPEC:PACKAGE0
Found: rapl:::THERMAL_SPEC:PACKAGE1
Found: rapl:::MINIMUM_POWER:PACKAGE0
Found: rapl:::MINIMUM_POWER:PACKAGE1
Found: rapl:::MAXIMUM_POWER:PACKAGE0
Found: rapl:::MAXIMUM_POWER:PACKAGE1
Found: rapl:::MAXIMUM_TIME_WINDOW:PACKAGE0
Found: rapl:::MAXIMUM_TIME_WINDOW:PACKAGE1
Found: rapl:::PACKAGE_ENERGY:PACKAGE0
Found: rapl:::PACKAGE_ENERGY:PACKAGE1
Found: rapl:::DRAM_ENERGY:PACKAGE0
Found: rapl:::DRAM_ENERGY:PACKAGE1
Found: rapl:::PP0_ENERGY:PACKAGE0
Found: rapl:::PP0_ENERGY:PACKAGE1
Starting process_deletions
0.3737 s 0.0000 (* Average Power for rapl:::THERMAL_SPEC_CNT:PACKAGE0 *)
0.3737 s 0.0000 (* Average Power for rapl:::THERMAL_SPEC_CNT:PACKAGE1 *)
0.3737 s 0.0000 (* Average Power for rapl:::MINIMUM_POWER_CNT:PACKAGE0 *)
0.3737 s 0.0000 (* Average Power for rapl:::MINIMUM_POWER_CNT:PACKAGE1 *)
0.3737 s 0.0000 (* Average Power for rapl:::MAXIMUM_POWER_CNT:PACKAGE0 *)
0.3737 s 0.0000 (* Average Power for rapl:::MAXIMUM_POWER_CNT:PACKAGE1 *)
0.3737 s 0.0000 (* Average Power for rapl:::MAXIMUM_TIME_WINDOW_CNT:PACKAGE0 *)
0.3737 s 0.0000 (* Average Power for rapl:::MAXIMUM_TIME_WINDOW_CNT:PACKAGE1 *)
0.3737 s 0.0017 (* Average Power for rapl:::PACKAGE_ENERGY_CNT:PACKAGE0 *)
0.3737 s 0.0011 (* Average Power for rapl:::PACKAGE_ENERGY_CNT:PACKAGE1 *)
0.3737 s 0.0010 (* Average Power for rapl:::DRAM_ENERGY_CNT:PACKAGE0 *)
0.3737 s 0.0010 (* Average Power for rapl:::DRAM_ENERGY_CNT:PACKAGE1 *)
0.3737 s 0.0000 (* Average Power for rapl:::PP0_ENERGY_CNT:PACKAGE0 *)
0.3737 s 0.0000 (* Average Power for rapl:::PP0_ENERGY_CNT:PACKAGE1 *)
0.3737 s 12415839126.2215 (* Average Power for rapl:::THERMAL_SPEC:PACKAGE0 *)
0.3737 s 12415839126.2215 (* Average Power for rapl:::THERMAL_SPEC:PACKAGE1 *)
0.3737 s 12403127337.8292 (* Average Power for rapl:::MINIMUM_POWER:PACKAGE0 *)
0.3737 s 12403127337.8292 (* Average Power for rapl:::MINIMUM_POWER:PACKAGE1 *)
0.3737 s 12427891784.8453 (* Average Power for rapl:::MAXIMUM_POWER:PACKAGE0 *)
0.3737 s 12427891784.8453 (* Average Power for rapl:::MAXIMUM_POWER:PACKAGE1 *)
0.3737 s 12275256162.7425 (* Average Power for rapl:::MAXIMUM_TIME_WINDOW:PACKAGE0 *)
0.3737 s 12275256162.7425 (* Average Power for rapl:::MAXIMUM_TIME_WINDOW:PACKAGE1 *)
0.3737 s 38.0780 (* Total Energy for rapl:::PACKAGE_ENERGY:PACKAGE0 *)
0.3737 s 101.9054 (* Average Power for rapl:::PACKAGE_ENERGY:PACKAGE0 *)
0.3737 s 26.1378 (* Total Energy for rapl:::PACKAGE_ENERGY:PACKAGE1 *)
0.3737 s 69.9508 (* Average Power for rapl:::PACKAGE_ENERGY:PACKAGE1 *)
0.3737 s 14.5399 (* Average Power for rapl:::DRAM_ENERGY:PACKAGE0 *)
0.3737 s 15.7625 (* Average Power for rapl:::DRAM_ENERGY:PACKAGE1 *)
0.3737 s 0.0000 (* Average Power for rapl:::PP0_ENERGY:PACKAGE0 *)
0.3737 s 0.0000 (* Average Power for rapl:::PP0_ENERGY:PACKAGE1 *)
Time for Deletion  0.373635 
Total Time for Updating at Batch 1 is 0.991869 
Total Time for Updating Rooted Tree at iter 1 is 0.302907 with Rewire:0
Total Time for Updating  1.297614 
Time Taken for Initializing Memory 0.079764 
Highest Edge Value 10 --
Total Time for Reading Remainder Edges 19.615057 
Total Time for Reading Certificate Network 4.619640 
Total Time for Reading Update List 0.408716 
==Update Starts =======
Total Time for Initial Tree Creation  1.943903 
Found rapl component at cid 2
Found: rapl:::THERMAL_SPEC_CNT:PACKAGE0
Found: rapl:::THERMAL_SPEC_CNT:PACKAGE1
Found: rapl:::MINIMUM_POWER_CNT:PACKAGE0
Found: rapl:::MINIMUM_POWER_CNT:PACKAGE1
Found: rapl:::MAXIMUM_POWER_CNT:PACKAGE0
Found: rapl:::MAXIMUM_POWER_CNT:PACKAGE1
Found: rapl:::MAXIMUM_TIME_WINDOW_CNT:PACKAGE0
Found: rapl:::MAXIMUM_TIME_WINDOW_CNT:PACKAGE1
Found: rapl:::PACKAGE_ENERGY_CNT:PACKAGE0
Found: rapl:::PACKAGE_ENERGY_CNT:PACKAGE1
Found: rapl:::DRAM_ENERGY_CNT:PACKAGE0
Found: rapl:::DRAM_ENERGY_CNT:PACKAGE1
Found: rapl:::PP0_ENERGY_CNT:PACKAGE0
Found: rapl:::PP0_ENERGY_CNT:PACKAGE1
Found: rapl:::THERMAL_SPEC:PACKAGE0
Found: rapl:::THERMAL_SPEC:PACKAGE1
Found: rapl:::MINIMUM_POWER:PACKAGE0
Found: rapl:::MINIMUM_POWER:PACKAGE1
Found: rapl:::MAXIMUM_POWER:PACKAGE0
Found: rapl:::MAXIMUM_POWER:PACKAGE1
Found: rapl:::MAXIMUM_TIME_WINDOW:PACKAGE0
Found: rapl:::MAXIMUM_TIME_WINDOW:PACKAGE1
Found: rapl:::PACKAGE_ENERGY:PACKAGE0
Found: rapl:::PACKAGE_ENERGY:PACKAGE1
Found: rapl:::DRAM_ENERGY:PACKAGE0
Found: rapl:::DRAM_ENERGY:PACKAGE1
Found: rapl:::PP0_ENERGY:PACKAGE0
Found: rapl:::PP0_ENERGY:PACKAGE1
Starting Classify and Insert
Classify 999999 999999  
Deleted Edges: 28700 
Processed Inserts: 235168
 Unprocessed Inserts: 993
 0.6405 s 0.0000 (* Average Power for rapl:::THERMAL_SPEC_CNT:PACKAGE0 *)
0.6405 s 0.0000 (* Average Power for rapl:::THERMAL_SPEC_CNT:PACKAGE1 *)
0.6405 s 0.0000 (* Average Power for rapl:::MINIMUM_POWER_CNT:PACKAGE0 *)
0.6405 s 0.0000 (* Average Power for rapl:::MINIMUM_POWER_CNT:PACKAGE1 *)
0.6405 s 0.0000 (* Average Power for rapl:::MAXIMUM_POWER_CNT:PACKAGE0 *)
0.6405 s 0.0000 (* Average Power for rapl:::MAXIMUM_POWER_CNT:PACKAGE1 *)
0.6405 s 0.0000 (* Average Power for rapl:::MAXIMUM_TIME_WINDOW_CNT:PACKAGE0 *)
0.6405 s 0.0000 (* Average Power for rapl:::MAXIMUM_TIME_WINDOW_CNT:PACKAGE1 *)
0.6405 s 0.0013 (* Average Power for rapl:::PACKAGE_ENERGY_CNT:PACKAGE0 *)
0.6405 s 0.0008 (* Average Power for rapl:::PACKAGE_ENERGY_CNT:PACKAGE1 *)
0.6405 s 0.0010 (* Average Power for rapl:::DRAM_ENERGY_CNT:PACKAGE0 *)
0.6405 s 0.0010 (* Average Power for rapl:::DRAM_ENERGY_CNT:PACKAGE1 *)
0.6405 s 0.0000 (* Average Power for rapl:::PP0_ENERGY_CNT:PACKAGE0 *)
0.6405 s 0.0000 (* Average Power for rapl:::PP0_ENERGY_CNT:PACKAGE1 *)
0.6405 s 7243161550.5832 (* Average Power for rapl:::THERMAL_SPEC:PACKAGE0 *)
0.6405 s 7243161550.5832 (* Average Power for rapl:::THERMAL_SPEC:PACKAGE1 *)
0.6405 s 7235745737.9276 (* Average Power for rapl:::MINIMUM_POWER:PACKAGE0 *)
0.6405 s 7235745737.9276 (* Average Power for rapl:::MINIMUM_POWER:PACKAGE1 *)
0.6405 s 7250192839.6196 (* Average Power for rapl:::MAXIMUM_POWER:PACKAGE0 *)
0.6405 s 7250192839.6196 (* Average Power for rapl:::MAXIMUM_POWER:PACKAGE1 *)
0.6405 s 7161148155.8069 (* Average Power for rapl:::MAXIMUM_TIME_WINDOW:PACKAGE0 *)
0.6405 s 7161148155.8069 (* Average Power for rapl:::MAXIMUM_TIME_WINDOW:PACKAGE1 *)
0.6405 s 51.9749 (* Total Energy for rapl:::PACKAGE_ENERGY:PACKAGE0 *)
0.6405 s 81.1463 (* Average Power for rapl:::PACKAGE_ENERGY:PACKAGE0 *)
0.6405 s 30.8760 (* Total Energy for rapl:::PACKAGE_ENERGY:PACKAGE1 *)
0.6405 s 48.2054 (* Average Power for rapl:::PACKAGE_ENERGY:PACKAGE1 *)
0.6405 s 14.7575 (* Average Power for rapl:::DRAM_ENERGY:PACKAGE0 *)
0.6405 s 14.9126 (* Average Power for rapl:::DRAM_ENERGY:PACKAGE1 *)
0.6405 s 0.0000 (* Average Power for rapl:::PP0_ENERGY:PACKAGE0 *)
0.6405 s 0.0000 (* Average Power for rapl:::PP0_ENERGY:PACKAGE1 *)
Time for Classify and insert  0.640466 
Found rapl component at cid 2
Found: rapl:::THERMAL_SPEC_CNT:PACKAGE0
Found: rapl:::THERMAL_SPEC_CNT:PACKAGE1
Found: rapl:::MINIMUM_POWER_CNT:PACKAGE0
Found: rapl:::MINIMUM_POWER_CNT:PACKAGE1
Found: rapl:::MAXIMUM_POWER_CNT:PACKAGE0
Found: rapl:::MAXIMUM_POWER_CNT:PACKAGE1
Found: rapl:::MAXIMUM_TIME_WINDOW_CNT:PACKAGE0
Found: rapl:::MAXIMUM_TIME_WINDOW_CNT:PACKAGE1
Found: rapl:::PACKAGE_ENERGY_CNT:PACKAGE0
Found: rapl:::PACKAGE_ENERGY_CNT:PACKAGE1
Found: rapl:::DRAM_ENERGY_CNT:PACKAGE0
Found: rapl:::DRAM_ENERGY_CNT:PACKAGE1
Found: rapl:::PP0_ENERGY_CNT:PACKAGE0
Found: rapl:::PP0_ENERGY_CNT:PACKAGE1
Found: rapl:::THERMAL_SPEC:PACKAGE0
Found: rapl:::THERMAL_SPEC:PACKAGE1
Found: rapl:::MINIMUM_POWER:PACKAGE0
Found: rapl:::MINIMUM_POWER:PACKAGE1
Found: rapl:::MAXIMUM_POWER:PACKAGE0
Found: rapl:::MAXIMUM_POWER:PACKAGE1
Found: rapl:::MAXIMUM_TIME_WINDOW:PACKAGE0
Found: rapl:::MAXIMUM_TIME_WINDOW:PACKAGE1
Found: rapl:::PACKAGE_ENERGY:PACKAGE0
Found: rapl:::PACKAGE_ENERGY:PACKAGE1
Found: rapl:::DRAM_ENERGY:PACKAGE0
Found: rapl:::DRAM_ENERGY:PACKAGE1
Found: rapl:::PP0_ENERGY:PACKAGE0
Found: rapl:::PP0_ENERGY:PACKAGE1
Starting process_deletions
0.4071 s 0.0000 (* Average Power for rapl:::THERMAL_SPEC_CNT:PACKAGE0 *)
0.4071 s 0.0000 (* Average Power for rapl:::THERMAL_SPEC_CNT:PACKAGE1 *)
0.4071 s 0.0000 (* Average Power for rapl:::MINIMUM_POWER_CNT:PACKAGE0 *)
0.4071 s 0.0000 (* Average Power for rapl:::MINIMUM_POWER_CNT:PACKAGE1 *)
0.4071 s 0.0000 (* Average Power for rapl:::MAXIMUM_POWER_CNT:PACKAGE0 *)
0.4071 s 0.0000 (* Average Power for rapl:::MAXIMUM_POWER_CNT:PACKAGE1 *)
0.4071 s 0.0000 (* Average Power for rapl:::MAXIMUM_TIME_WINDOW_CNT:PACKAGE0 *)
0.4071 s 0.0000 (* Average Power for rapl:::MAXIMUM_TIME_WINDOW_CNT:PACKAGE1 *)
0.4071 s 0.0014 (* Average Power for rapl:::PACKAGE_ENERGY_CNT:PACKAGE0 *)
0.4071 s 0.0017 (* Average Power for rapl:::PACKAGE_ENERGY_CNT:PACKAGE1 *)
0.4071 s 0.0010 (* Average Power for rapl:::DRAM_ENERGY_CNT:PACKAGE0 *)
0.4071 s 0.0010 (* Average Power for rapl:::DRAM_ENERGY_CNT:PACKAGE1 *)
0.4071 s 0.0000 (* Average Power for rapl:::PP0_ENERGY_CNT:PACKAGE0 *)
0.4071 s 0.0000 (* Average Power for rapl:::PP0_ENERGY_CNT:PACKAGE1 *)
0.4071 s 11396348993.1885 (* Average Power for rapl:::THERMAL_SPEC:PACKAGE0 *)
0.4071 s 11396348993.1885 (* Average Power for rapl:::THERMAL_SPEC:PACKAGE1 *)
0.4071 s 11384680995.9333 (* Average Power for rapl:::MINIMUM_POWER:PACKAGE0 *)
0.4071 s 11384680995.9333 (* Average Power for rapl:::MINIMUM_POWER:PACKAGE1 *)
0.4071 s 11407411983.1787 (* Average Power for rapl:::MAXIMUM_POWER:PACKAGE0 *)
0.4071 s 11407411983.1787 (* Average Power for rapl:::MAXIMUM_POWER:PACKAGE1 *)
0.4071 s 11267309586.5068 (* Average Power for rapl:::MAXIMUM_TIME_WINDOW:PACKAGE0 *)
0.4071 s 11267309586.5068 (* Average Power for rapl:::MAXIMUM_TIME_WINDOW:PACKAGE1 *)
0.4071 s 33.7017 (* Total Energy for rapl:::PACKAGE_ENERGY:PACKAGE0 *)
0.4071 s 82.7875 (* Average Power for rapl:::PACKAGE_ENERGY:PACKAGE0 *)
0.4071 s 41.7380 (* Total Energy for rapl:::PACKAGE_ENERGY:PACKAGE1 *)
0.4071 s 102.5284 (* Average Power for rapl:::PACKAGE_ENERGY:PACKAGE1 *)
0.4071 s 15.0159 (* Average Power for rapl:::DRAM_ENERGY:PACKAGE0 *)
0.4071 s 15.1678 (* Average Power for rapl:::DRAM_ENERGY:PACKAGE1 *)
0.4071 s 0.0000 (* Average Power for rapl:::PP0_ENERGY:PACKAGE0 *)
0.4071 s 0.0000 (* Average Power for rapl:::PP0_ENERGY:PACKAGE1 *)
Time for Deletion  0.407060 
Total Time for Updating at Batch 1 is 1.081934 
Total Time for Updating Rooted Tree at iter 1 is 0.318822 with Rewire:0
Total Time for Updating  1.403540 
Time Taken for Initializing Memory 0.079907 
Highest Edge Value 10 --
Total Time for Reading Remainder Edges 19.278671 
Total Time for Reading Certificate Network 4.576671 
Total Time for Reading Update List 0.407476 
==Update Starts =======
Total Time for Initial Tree Creation  1.748097 
Found rapl component at cid 2
Found: rapl:::THERMAL_SPEC_CNT:PACKAGE0
Found: rapl:::THERMAL_SPEC_CNT:PACKAGE1
Found: rapl:::MINIMUM_POWER_CNT:PACKAGE0
Found: rapl:::MINIMUM_POWER_CNT:PACKAGE1
Found: rapl:::MAXIMUM_POWER_CNT:PACKAGE0
Found: rapl:::MAXIMUM_POWER_CNT:PACKAGE1
Found: rapl:::MAXIMUM_TIME_WINDOW_CNT:PACKAGE0
Found: rapl:::MAXIMUM_TIME_WINDOW_CNT:PACKAGE1
Found: rapl:::PACKAGE_ENERGY_CNT:PACKAGE0
Found: rapl:::PACKAGE_ENERGY_CNT:PACKAGE1
Found: rapl:::DRAM_ENERGY_CNT:PACKAGE0
Found: rapl:::DRAM_ENERGY_CNT:PACKAGE1
Found: rapl:::PP0_ENERGY_CNT:PACKAGE0
Found: rapl:::PP0_ENERGY_CNT:PACKAGE1
Found: rapl:::THERMAL_SPEC:PACKAGE0
Found: rapl:::THERMAL_SPEC:PACKAGE1
Found: rapl:::MINIMUM_POWER:PACKAGE0
Found: rapl:::MINIMUM_POWER:PACKAGE1
Found: rapl:::MAXIMUM_POWER:PACKAGE0
Found: rapl:::MAXIMUM_POWER:PACKAGE1
Found: rapl:::MAXIMUM_TIME_WINDOW:PACKAGE0
Found: rapl:::MAXIMUM_TIME_WINDOW:PACKAGE1
Found: rapl:::PACKAGE_ENERGY:PACKAGE0
Found: rapl:::PACKAGE_ENERGY:PACKAGE1
Found: rapl:::DRAM_ENERGY:PACKAGE0
Found: rapl:::DRAM_ENERGY:PACKAGE1
Found: rapl:::PP0_ENERGY:PACKAGE0
Found: rapl:::PP0_ENERGY:PACKAGE1
Starting Classify and Insert
Classify 999999 999999  
Deleted Edges: 28700 
Processed Inserts: 235315
 Unprocessed Inserts: 974
 0.5467 s 0.0000 (* Average Power for rapl:::THERMAL_SPEC_CNT:PACKAGE0 *)
0.5467 s 0.0000 (* Average Power for rapl:::THERMAL_SPEC_CNT:PACKAGE1 *)
0.5467 s 0.0000 (* Average Power for rapl:::MINIMUM_POWER_CNT:PACKAGE0 *)
0.5467 s 0.0000 (* Average Power for rapl:::MINIMUM_POWER_CNT:PACKAGE1 *)
0.5467 s 0.0000 (* Average Power for rapl:::MAXIMUM_POWER_CNT:PACKAGE0 *)
0.5467 s 0.0000 (* Average Power for rapl:::MAXIMUM_POWER_CNT:PACKAGE1 *)
0.5467 s 0.0000 (* Average Power for rapl:::MAXIMUM_TIME_WINDOW_CNT:PACKAGE0 *)
0.5467 s 0.0000 (* Average Power for rapl:::MAXIMUM_TIME_WINDOW_CNT:PACKAGE1 *)
0.5467 s 0.0009 (* Average Power for rapl:::PACKAGE_ENERGY_CNT:PACKAGE0 *)
0.5467 s 0.0015 (* Average Power for rapl:::PACKAGE_ENERGY_CNT:PACKAGE1 *)
0.5467 s 0.0009 (* Average Power for rapl:::DRAM_ENERGY_CNT:PACKAGE0 *)
0.5467 s 0.0010 (* Average Power for rapl:::DRAM_ENERGY_CNT:PACKAGE1 *)
0.5467 s 0.0000 (* Average Power for rapl:::PP0_ENERGY_CNT:PACKAGE0 *)
0.5467 s 0.0000 (* Average Power for rapl:::PP0_ENERGY_CNT:PACKAGE1 *)
0.5467 s 8485538308.8787 (* Average Power for rapl:::THERMAL_SPEC:PACKAGE0 *)
0.5467 s 8485538308.8787 (* Average Power for rapl:::THERMAL_SPEC:PACKAGE1 *)
0.5467 s 8476850505.6396 (* Average Power for rapl:::MINIMUM_POWER:PACKAGE0 *)
0.5467 s 8476850505.6396 (* Average Power for rapl:::MINIMUM_POWER:PACKAGE1 *)
0.5467 s 8493775633.4313 (* Average Power for rapl:::MAXIMUM_POWER:PACKAGE0 *)
0.5467 s 8493775633.4313 (* Average Power for rapl:::MAXIMUM_POWER:PACKAGE1 *)
0.5467 s 8389457640.4640 (* Average Power for rapl:::MAXIMUM_TIME_WINDOW:PACKAGE0 *)
0.5467 s 8389457640.4640 (* Average Power for rapl:::MAXIMUM_TIME_WINDOW:PACKAGE1 *)
0.5467 s 29.8029 (* Total Energy for rapl:::PACKAGE_ENERGY:PACKAGE0 *)
0.5467 s 54.5111 (* Average Power for rapl:::PACKAGE_ENERGY:PACKAGE0 *)
0.5467 s 49.6890 (* Total Energy for rapl:::PACKAGE_ENERGY:PACKAGE1 *)
0.5467 s 90.8839 (* Average Power for rapl:::PACKAGE_ENERGY:PACKAGE1 *)
0.5467 s 13.3806 (* Average Power for rapl:::DRAM_ENERGY:PACKAGE0 *)
0.5467 s 15.4274 (* Average Power for rapl:::DRAM_ENERGY:PACKAGE1 *)
0.5467 s 0.0000 (* Average Power for rapl:::PP0_ENERGY:PACKAGE0 *)
0.5467 s 0.0000 (* Average Power for rapl:::PP0_ENERGY:PACKAGE1 *)
Time for Classify and insert  0.546692 
Found rapl component at cid 2
Found: rapl:::THERMAL_SPEC_CNT:PACKAGE0
Found: rapl:::THERMAL_SPEC_CNT:PACKAGE1
Found: rapl:::MINIMUM_POWER_CNT:PACKAGE0
Found: rapl:::MINIMUM_POWER_CNT:PACKAGE1
Found: rapl:::MAXIMUM_POWER_CNT:PACKAGE0
Found: rapl:::MAXIMUM_POWER_CNT:PACKAGE1
Found: rapl:::MAXIMUM_TIME_WINDOW_CNT:PACKAGE0
Found: rapl:::MAXIMUM_TIME_WINDOW_CNT:PACKAGE1
Found: rapl:::PACKAGE_ENERGY_CNT:PACKAGE0
Found: rapl:::PACKAGE_ENERGY_CNT:PACKAGE1
Found: rapl:::DRAM_ENERGY_CNT:PACKAGE0
Found: rapl:::DRAM_ENERGY_CNT:PACKAGE1
Found: rapl:::PP0_ENERGY_CNT:PACKAGE0
Found: rapl:::PP0_ENERGY_CNT:PACKAGE1
Found: rapl:::THERMAL_SPEC:PACKAGE0
Found: rapl:::THERMAL_SPEC:PACKAGE1
Found: rapl:::MINIMUM_POWER:PACKAGE0
Found: rapl:::MINIMUM_POWER:PACKAGE1
Found: rapl:::MAXIMUM_POWER:PACKAGE0
Found: rapl:::MAXIMUM_POWER:PACKAGE1
Found: rapl:::MAXIMUM_TIME_WINDOW:PACKAGE0
Found: rapl:::MAXIMUM_TIME_WINDOW:PACKAGE1
Found: rapl:::PACKAGE_ENERGY:PACKAGE0
Found: rapl:::PACKAGE_ENERGY:PACKAGE1
Found: rapl:::DRAM_ENERGY:PACKAGE0
Found: rapl:::DRAM_ENERGY:PACKAGE1
Found: rapl:::PP0_ENERGY:PACKAGE0
Found: rapl:::PP0_ENERGY:PACKAGE1
Starting process_deletions
0.2868 s 0.0000 (* Average Power for rapl:::THERMAL_SPEC_CNT:PACKAGE0 *)
0.2868 s 0.0000 (* Average Power for rapl:::THERMAL_SPEC_CNT:PACKAGE1 *)
0.2868 s 0.0000 (* Average Power for rapl:::MINIMUM_POWER_CNT:PACKAGE0 *)
0.2868 s 0.0000 (* Average Power for rapl:::MINIMUM_POWER_CNT:PACKAGE1 *)
0.2868 s 0.0000 (* Average Power for rapl:::MAXIMUM_POWER_CNT:PACKAGE0 *)
0.2868 s 0.0000 (* Average Power for rapl:::MAXIMUM_POWER_CNT:PACKAGE1 *)
0.2868 s 0.0000 (* Average Power for rapl:::MAXIMUM_TIME_WINDOW_CNT:PACKAGE0 *)
0.2868 s 0.0000 (* Average Power for rapl:::MAXIMUM_TIME_WINDOW_CNT:PACKAGE1 *)
0.2868 s 0.0010 (* Average Power for rapl:::PACKAGE_ENERGY_CNT:PACKAGE0 *)
0.2868 s 0.0019 (* Average Power for rapl:::PACKAGE_ENERGY_CNT:PACKAGE1 *)
0.2868 s 0.0009 (* Average Power for rapl:::DRAM_ENERGY_CNT:PACKAGE0 *)
0.2868 s 0.0010 (* Average Power for rapl:::DRAM_ENERGY_CNT:PACKAGE1 *)
0.2868 s 0.0000 (* Average Power for rapl:::PP0_ENERGY_CNT:PACKAGE0 *)
0.2868 s 0.0000 (* Average Power for rapl:::PP0_ENERGY_CNT:PACKAGE1 *)
0.2868 s 16176814911.5770 (* Average Power for rapl:::THERMAL_SPEC:PACKAGE0 *)
0.2868 s 16176814911.5770 (* Average Power for rapl:::THERMAL_SPEC:PACKAGE1 *)
0.2868 s 16160252499.1676 (* Average Power for rapl:::MINIMUM_POWER:PACKAGE0 *)
0.2868 s 16160252499.1676 (* Average Power for rapl:::MINIMUM_POWER:PACKAGE1 *)
0.2868 s 16192518532.2318 (* Average Power for rapl:::MAXIMUM_POWER:PACKAGE0 *)
0.2868 s 16192518532.2318 (* Average Power for rapl:::MAXIMUM_POWER:PACKAGE1 *)
0.2868 s 15993646898.7829 (* Average Power for rapl:::MAXIMUM_TIME_WINDOW:PACKAGE0 *)
0.2868 s 15993646898.7829 (* Average Power for rapl:::MAXIMUM_TIME_WINDOW:PACKAGE1 *)
0.2868 s 17.3719 (* Total Energy for rapl:::PACKAGE_ENERGY:PACKAGE0 *)
0.2868 s 60.5741 (* Average Power for rapl:::PACKAGE_ENERGY:PACKAGE0 *)
0.2868 s 32.4215 (* Total Energy for rapl:::PACKAGE_ENERGY:PACKAGE1 *)
0.2868 s 113.0507 (* Average Power for rapl:::PACKAGE_ENERGY:PACKAGE1 *)
0.2868 s 14.0805 (* Average Power for rapl:::DRAM_ENERGY:PACKAGE0 *)
0.2868 s 15.7811 (* Average Power for rapl:::DRAM_ENERGY:PACKAGE1 *)
0.2868 s 0.0000 (* Average Power for rapl:::PP0_ENERGY:PACKAGE0 *)
0.2868 s 0.0000 (* Average Power for rapl:::PP0_ENERGY:PACKAGE1 *)
Time for Deletion  0.286760 
Total Time for Updating at Batch 1 is 0.872136 
Total Time for Updating Rooted Tree at iter 1 is 0.302628 with Rewire:0
Total Time for Updating  1.177765 
