Time Taken for Initializing Memory 0.080968 
Highest Edge Value 10 --
Total Time for Reading Remainder Edges 19.313510 
Total Time for Reading Certificate Network 4.620090 
Total Time for Reading Update List 0.406494 
==Update Starts =======
Total Time for Initial Tree Creation  2.109334 
Found rapl component at cid 2
Found: rapl:::THERMAL_SPEC_CNT:PACKAGE0
Found: rapl:::THERMAL_SPEC_CNT:PACKAGE1
Found: rapl:::MINIMUM_POWER_CNT:PACKAGE0
Found: rapl:::MINIMUM_POWER_CNT:PACKAGE1
Found: rapl:::MAXIMUM_POWER_CNT:PACKAGE0
Found: rapl:::MAXIMUM_POWER_CNT:PACKAGE1
Found: rapl:::MAXIMUM_TIME_WINDOW_CNT:PACKAGE0
Found: rapl:::MAXIMUM_TIME_WINDOW_CNT:PACKAGE1
Found: rapl:::PACKAGE_ENERGY_CNT:PACKAGE0
Found: rapl:::PACKAGE_ENERGY_CNT:PACKAGE1
Found: rapl:::DRAM_ENERGY_CNT:PACKAGE0
Found: rapl:::DRAM_ENERGY_CNT:PACKAGE1
Found: rapl:::PP0_ENERGY_CNT:PACKAGE0
Found: rapl:::PP0_ENERGY_CNT:PACKAGE1
Found: rapl:::THERMAL_SPEC:PACKAGE0
Found: rapl:::THERMAL_SPEC:PACKAGE1
Found: rapl:::MINIMUM_POWER:PACKAGE0
Found: rapl:::MINIMUM_POWER:PACKAGE1
Found: rapl:::MAXIMUM_POWER:PACKAGE0
Found: rapl:::MAXIMUM_POWER:PACKAGE1
Found: rapl:::MAXIMUM_TIME_WINDOW:PACKAGE0
Found: rapl:::MAXIMUM_TIME_WINDOW:PACKAGE1
Found: rapl:::PACKAGE_ENERGY:PACKAGE0
Found: rapl:::PACKAGE_ENERGY:PACKAGE1
Found: rapl:::DRAM_ENERGY:PACKAGE0
Found: rapl:::DRAM_ENERGY:PACKAGE1
Found: rapl:::PP0_ENERGY:PACKAGE0
Found: rapl:::PP0_ENERGY:PACKAGE1
Starting Classify and Insert
Classify 999999 999999  
Deleted Edges: 28700 
Processed Inserts: 235261
 Unprocessed Inserts: 802
 0.5917 s 0.0000 (* Average Power for rapl:::THERMAL_SPEC_CNT:PACKAGE0 *)
0.5917 s 0.0000 (* Average Power for rapl:::THERMAL_SPEC_CNT:PACKAGE1 *)
0.5917 s 0.0000 (* Average Power for rapl:::MINIMUM_POWER_CNT:PACKAGE0 *)
0.5917 s 0.0000 (* Average Power for rapl:::MINIMUM_POWER_CNT:PACKAGE1 *)
0.5917 s 0.0000 (* Average Power for rapl:::MAXIMUM_POWER_CNT:PACKAGE0 *)
0.5917 s 0.0000 (* Average Power for rapl:::MAXIMUM_POWER_CNT:PACKAGE1 *)
0.5917 s 0.0000 (* Average Power for rapl:::MAXIMUM_TIME_WINDOW_CNT:PACKAGE0 *)
0.5917 s 0.0000 (* Average Power for rapl:::MAXIMUM_TIME_WINDOW_CNT:PACKAGE1 *)
0.5917 s 0.0011 (* Average Power for rapl:::PACKAGE_ENERGY_CNT:PACKAGE0 *)
0.5917 s 0.0012 (* Average Power for rapl:::PACKAGE_ENERGY_CNT:PACKAGE1 *)
0.5917 s 0.0009 (* Average Power for rapl:::DRAM_ENERGY_CNT:PACKAGE0 *)
0.5917 s 0.0010 (* Average Power for rapl:::DRAM_ENERGY_CNT:PACKAGE1 *)
0.5917 s 0.0000 (* Average Power for rapl:::PP0_ENERGY_CNT:PACKAGE0 *)
0.5917 s 0.0000 (* Average Power for rapl:::PP0_ENERGY_CNT:PACKAGE1 *)
0.5917 s 7841019692.9791 (* Average Power for rapl:::THERMAL_SPEC:PACKAGE0 *)
0.5917 s 7841019692.9791 (* Average Power for rapl:::THERMAL_SPEC:PACKAGE1 *)
0.5917 s 7832991771.3780 (* Average Power for rapl:::MINIMUM_POWER:PACKAGE0 *)
0.5917 s 7832991771.3780 (* Average Power for rapl:::MINIMUM_POWER:PACKAGE1 *)
0.5917 s 7848631351.9786 (* Average Power for rapl:::MAXIMUM_POWER:PACKAGE0 *)
0.5917 s 7848631351.9786 (* Average Power for rapl:::MAXIMUM_POWER:PACKAGE1 *)
0.5917 s 7752236826.6799 (* Average Power for rapl:::MAXIMUM_TIME_WINDOW:PACKAGE0 *)
0.5917 s 7752236826.6799 (* Average Power for rapl:::MAXIMUM_TIME_WINDOW:PACKAGE1 *)
0.5917 s 38.4794 (* Total Energy for rapl:::PACKAGE_ENERGY:PACKAGE0 *)
0.5917 s 65.0352 (* Average Power for rapl:::PACKAGE_ENERGY:PACKAGE0 *)
0.5917 s 45.0713 (* Total Energy for rapl:::PACKAGE_ENERGY:PACKAGE1 *)
0.5917 s 76.1762 (* Average Power for rapl:::PACKAGE_ENERGY:PACKAGE1 *)
0.5917 s 14.4119 (* Average Power for rapl:::DRAM_ENERGY:PACKAGE0 *)
0.5917 s 15.4146 (* Average Power for rapl:::DRAM_ENERGY:PACKAGE1 *)
0.5917 s 0.0000 (* Average Power for rapl:::PP0_ENERGY:PACKAGE0 *)
0.5917 s 0.0000 (* Average Power for rapl:::PP0_ENERGY:PACKAGE1 *)
Time for Classify and insert  0.591626 
Found rapl component at cid 2
Found: rapl:::THERMAL_SPEC_CNT:PACKAGE0
Found: rapl:::THERMAL_SPEC_CNT:PACKAGE1
Found: rapl:::MINIMUM_POWER_CNT:PACKAGE0
Found: rapl:::MINIMUM_POWER_CNT:PACKAGE1
Found: rapl:::MAXIMUM_POWER_CNT:PACKAGE0
Found: rapl:::MAXIMUM_POWER_CNT:PACKAGE1
Found: rapl:::MAXIMUM_TIME_WINDOW_CNT:PACKAGE0
Found: rapl:::MAXIMUM_TIME_WINDOW_CNT:PACKAGE1
Found: rapl:::PACKAGE_ENERGY_CNT:PACKAGE0
Found: rapl:::PACKAGE_ENERGY_CNT:PACKAGE1
Found: rapl:::DRAM_ENERGY_CNT:PACKAGE0
Found: rapl:::DRAM_ENERGY_CNT:PACKAGE1
Found: rapl:::PP0_ENERGY_CNT:PACKAGE0
Found: rapl:::PP0_ENERGY_CNT:PACKAGE1
Found: rapl:::THERMAL_SPEC:PACKAGE0
Found: rapl:::THERMAL_SPEC:PACKAGE1
Found: rapl:::MINIMUM_POWER:PACKAGE0
Found: rapl:::MINIMUM_POWER:PACKAGE1
Found: rapl:::MAXIMUM_POWER:PACKAGE0
Found: rapl:::MAXIMUM_POWER:PACKAGE1
Found: rapl:::MAXIMUM_TIME_WINDOW:PACKAGE0
Found: rapl:::MAXIMUM_TIME_WINDOW:PACKAGE1
Found: rapl:::PACKAGE_ENERGY:PACKAGE0
Found: rapl:::PACKAGE_ENERGY:PACKAGE1
Found: rapl:::DRAM_ENERGY:PACKAGE0
Found: rapl:::DRAM_ENERGY:PACKAGE1
Found: rapl:::PP0_ENERGY:PACKAGE0
Found: rapl:::PP0_ENERGY:PACKAGE1
Starting process_deletions
0.3794 s 0.0000 (* Average Power for rapl:::THERMAL_SPEC_CNT:PACKAGE0 *)
0.3794 s 0.0000 (* Average Power for rapl:::THERMAL_SPEC_CNT:PACKAGE1 *)
0.3794 s 0.0000 (* Average Power for rapl:::MINIMUM_POWER_CNT:PACKAGE0 *)
0.3794 s 0.0000 (* Average Power for rapl:::MINIMUM_POWER_CNT:PACKAGE1 *)
0.3794 s 0.0000 (* Average Power for rapl:::MAXIMUM_POWER_CNT:PACKAGE0 *)
0.3794 s 0.0000 (* Average Power for rapl:::MAXIMUM_POWER_CNT:PACKAGE1 *)
0.3794 s 0.0000 (* Average Power for rapl:::MAXIMUM_TIME_WINDOW_CNT:PACKAGE0 *)
0.3794 s 0.0000 (* Average Power for rapl:::MAXIMUM_TIME_WINDOW_CNT:PACKAGE1 *)
0.3794 s 0.0017 (* Average Power for rapl:::PACKAGE_ENERGY_CNT:PACKAGE0 *)
0.3794 s 0.0018 (* Average Power for rapl:::PACKAGE_ENERGY_CNT:PACKAGE1 *)
0.3794 s 0.0009 (* Average Power for rapl:::DRAM_ENERGY_CNT:PACKAGE0 *)
0.3794 s 0.0010 (* Average Power for rapl:::DRAM_ENERGY_CNT:PACKAGE1 *)
0.3794 s 0.0000 (* Average Power for rapl:::PP0_ENERGY_CNT:PACKAGE0 *)
0.3794 s 0.0000 (* Average Power for rapl:::PP0_ENERGY_CNT:PACKAGE1 *)
0.3794 s 12226816750.9452 (* Average Power for rapl:::THERMAL_SPEC:PACKAGE0 *)
0.3794 s 12226816750.9452 (* Average Power for rapl:::THERMAL_SPEC:PACKAGE1 *)
0.3794 s 12214298490.5466 (* Average Power for rapl:::MINIMUM_POWER:PACKAGE0 *)
0.3794 s 12214298490.5466 (* Average Power for rapl:::MINIMUM_POWER:PACKAGE1 *)
0.3794 s 12238685916.3601 (* Average Power for rapl:::MAXIMUM_POWER:PACKAGE0 *)
0.3794 s 12238685916.3601 (* Average Power for rapl:::MAXIMUM_POWER:PACKAGE1 *)
0.3794 s 12088374063.7222 (* Average Power for rapl:::MAXIMUM_TIME_WINDOW:PACKAGE0 *)
0.3794 s 12088374063.7222 (* Average Power for rapl:::MAXIMUM_TIME_WINDOW:PACKAGE1 *)
0.3794 s 39.2133 (* Total Energy for rapl:::PACKAGE_ENERGY:PACKAGE0 *)
0.3794 s 103.3459 (* Average Power for rapl:::PACKAGE_ENERGY:PACKAGE0 *)
0.3794 s 41.4001 (* Total Energy for rapl:::PACKAGE_ENERGY:PACKAGE1 *)
0.3794 s 109.1093 (* Average Power for rapl:::PACKAGE_ENERGY:PACKAGE1 *)
0.3794 s 14.2298 (* Average Power for rapl:::DRAM_ENERGY:PACKAGE0 *)
0.3794 s 15.9592 (* Average Power for rapl:::DRAM_ENERGY:PACKAGE1 *)
0.3794 s 0.0000 (* Average Power for rapl:::PP0_ENERGY:PACKAGE0 *)
0.3794 s 0.0000 (* Average Power for rapl:::PP0_ENERGY:PACKAGE1 *)
Time for Deletion  0.379414 
Total Time for Updating at Batch 1 is 1.002650 
Total Time for Updating Rooted Tree at iter 1 is 0.156439 with Rewire:0
Total Time for Updating  1.163002 
Time Taken for Initializing Memory 0.080821 
Highest Edge Value 10 --
Total Time for Reading Remainder Edges 19.248764 
Total Time for Reading Certificate Network 4.608984 
Total Time for Reading Update List 0.406337 
==Update Starts =======
Total Time for Initial Tree Creation  2.110880 
Found rapl component at cid 2
Found: rapl:::THERMAL_SPEC_CNT:PACKAGE0
Found: rapl:::THERMAL_SPEC_CNT:PACKAGE1
Found: rapl:::MINIMUM_POWER_CNT:PACKAGE0
Found: rapl:::MINIMUM_POWER_CNT:PACKAGE1
Found: rapl:::MAXIMUM_POWER_CNT:PACKAGE0
Found: rapl:::MAXIMUM_POWER_CNT:PACKAGE1
Found: rapl:::MAXIMUM_TIME_WINDOW_CNT:PACKAGE0
Found: rapl:::MAXIMUM_TIME_WINDOW_CNT:PACKAGE1
Found: rapl:::PACKAGE_ENERGY_CNT:PACKAGE0
Found: rapl:::PACKAGE_ENERGY_CNT:PACKAGE1
Found: rapl:::DRAM_ENERGY_CNT:PACKAGE0
Found: rapl:::DRAM_ENERGY_CNT:PACKAGE1
Found: rapl:::PP0_ENERGY_CNT:PACKAGE0
Found: rapl:::PP0_ENERGY_CNT:PACKAGE1
Found: rapl:::THERMAL_SPEC:PACKAGE0
Found: rapl:::THERMAL_SPEC:PACKAGE1
Found: rapl:::MINIMUM_POWER:PACKAGE0
Found: rapl:::MINIMUM_POWER:PACKAGE1
Found: rapl:::MAXIMUM_POWER:PACKAGE0
Found: rapl:::MAXIMUM_POWER:PACKAGE1
Found: rapl:::MAXIMUM_TIME_WINDOW:PACKAGE0
Found: rapl:::MAXIMUM_TIME_WINDOW:PACKAGE1
Found: rapl:::PACKAGE_ENERGY:PACKAGE0
Found: rapl:::PACKAGE_ENERGY:PACKAGE1
Found: rapl:::DRAM_ENERGY:PACKAGE0
Found: rapl:::DRAM_ENERGY:PACKAGE1
Found: rapl:::PP0_ENERGY:PACKAGE0
Found: rapl:::PP0_ENERGY:PACKAGE1
Starting Classify and Insert
Classify 999999 999999  
Deleted Edges: 28700 
Processed Inserts: 235281
 Unprocessed Inserts: 760
 0.6034 s 0.0000 (* Average Power for rapl:::THERMAL_SPEC_CNT:PACKAGE0 *)
0.6034 s 0.0000 (* Average Power for rapl:::THERMAL_SPEC_CNT:PACKAGE1 *)
0.6034 s 0.0000 (* Average Power for rapl:::MINIMUM_POWER_CNT:PACKAGE0 *)
0.6034 s 0.0000 (* Average Power for rapl:::MINIMUM_POWER_CNT:PACKAGE1 *)
0.6034 s 0.0000 (* Average Power for rapl:::MAXIMUM_POWER_CNT:PACKAGE0 *)
0.6034 s 0.0000 (* Average Power for rapl:::MAXIMUM_POWER_CNT:PACKAGE1 *)
0.6034 s 0.0000 (* Average Power for rapl:::MAXIMUM_TIME_WINDOW_CNT:PACKAGE0 *)
0.6034 s 0.0000 (* Average Power for rapl:::MAXIMUM_TIME_WINDOW_CNT:PACKAGE1 *)
0.6034 s 0.0012 (* Average Power for rapl:::PACKAGE_ENERGY_CNT:PACKAGE0 *)
0.6034 s 0.0012 (* Average Power for rapl:::PACKAGE_ENERGY_CNT:PACKAGE1 *)
0.6034 s 0.0009 (* Average Power for rapl:::DRAM_ENERGY_CNT:PACKAGE0 *)
0.6034 s 0.0010 (* Average Power for rapl:::DRAM_ENERGY_CNT:PACKAGE1 *)
0.6034 s 0.0000 (* Average Power for rapl:::PP0_ENERGY_CNT:PACKAGE0 *)
0.6034 s 0.0000 (* Average Power for rapl:::PP0_ENERGY_CNT:PACKAGE1 *)
0.6034 s 7688656150.4535 (* Average Power for rapl:::THERMAL_SPEC:PACKAGE0 *)
0.6034 s 7688656150.4535 (* Average Power for rapl:::THERMAL_SPEC:PACKAGE1 *)
0.6034 s 7680784224.1977 (* Average Power for rapl:::MINIMUM_POWER:PACKAGE0 *)
0.6034 s 7680784224.1977 (* Average Power for rapl:::MINIMUM_POWER:PACKAGE1 *)
0.6034 s 7696119902.7553 (* Average Power for rapl:::MAXIMUM_POWER:PACKAGE0 *)
0.6034 s 7696119902.7553 (* Average Power for rapl:::MAXIMUM_POWER:PACKAGE1 *)
0.6034 s 7601598477.1208 (* Average Power for rapl:::MAXIMUM_TIME_WINDOW:PACKAGE0 *)
0.6034 s 7601598477.1208 (* Average Power for rapl:::MAXIMUM_TIME_WINDOW:PACKAGE1 *)
0.6034 s 42.3932 (* Total Energy for rapl:::PACKAGE_ENERGY:PACKAGE0 *)
0.6034 s 70.2577 (* Average Power for rapl:::PACKAGE_ENERGY:PACKAGE0 *)
0.6034 s 44.9045 (* Total Energy for rapl:::PACKAGE_ENERGY:PACKAGE1 *)
0.6034 s 74.4196 (* Average Power for rapl:::PACKAGE_ENERGY:PACKAGE1 *)
0.6034 s 14.4920 (* Average Power for rapl:::DRAM_ENERGY:PACKAGE0 *)
0.6034 s 15.3695 (* Average Power for rapl:::DRAM_ENERGY:PACKAGE1 *)
0.6034 s 0.0000 (* Average Power for rapl:::PP0_ENERGY:PACKAGE0 *)
0.6034 s 0.0000 (* Average Power for rapl:::PP0_ENERGY:PACKAGE1 *)
Time for Classify and insert  0.603367 
Found rapl component at cid 2
Found: rapl:::THERMAL_SPEC_CNT:PACKAGE0
Found: rapl:::THERMAL_SPEC_CNT:PACKAGE1
Found: rapl:::MINIMUM_POWER_CNT:PACKAGE0
Found: rapl:::MINIMUM_POWER_CNT:PACKAGE1
Found: rapl:::MAXIMUM_POWER_CNT:PACKAGE0
Found: rapl:::MAXIMUM_POWER_CNT:PACKAGE1
Found: rapl:::MAXIMUM_TIME_WINDOW_CNT:PACKAGE0
Found: rapl:::MAXIMUM_TIME_WINDOW_CNT:PACKAGE1
Found: rapl:::PACKAGE_ENERGY_CNT:PACKAGE0
Found: rapl:::PACKAGE_ENERGY_CNT:PACKAGE1
Found: rapl:::DRAM_ENERGY_CNT:PACKAGE0
Found: rapl:::DRAM_ENERGY_CNT:PACKAGE1
Found: rapl:::PP0_ENERGY_CNT:PACKAGE0
Found: rapl:::PP0_ENERGY_CNT:PACKAGE1
Found: rapl:::THERMAL_SPEC:PACKAGE0
Found: rapl:::THERMAL_SPEC:PACKAGE1
Found: rapl:::MINIMUM_POWER:PACKAGE0
Found: rapl:::MINIMUM_POWER:PACKAGE1
Found: rapl:::MAXIMUM_POWER:PACKAGE0
Found: rapl:::MAXIMUM_POWER:PACKAGE1
Found: rapl:::MAXIMUM_TIME_WINDOW:PACKAGE0
Found: rapl:::MAXIMUM_TIME_WINDOW:PACKAGE1
Found: rapl:::PACKAGE_ENERGY:PACKAGE0
Found: rapl:::PACKAGE_ENERGY:PACKAGE1
Found: rapl:::DRAM_ENERGY:PACKAGE0
Found: rapl:::DRAM_ENERGY:PACKAGE1
Found: rapl:::PP0_ENERGY:PACKAGE0
Found: rapl:::PP0_ENERGY:PACKAGE1
Starting process_deletions
0.4357 s 0.0000 (* Average Power for rapl:::THERMAL_SPEC_CNT:PACKAGE0 *)
0.4357 s 0.0000 (* Average Power for rapl:::THERMAL_SPEC_CNT:PACKAGE1 *)
0.4357 s 0.0000 (* Average Power for rapl:::MINIMUM_POWER_CNT:PACKAGE0 *)
0.4357 s 0.0000 (* Average Power for rapl:::MINIMUM_POWER_CNT:PACKAGE1 *)
0.4357 s 0.0000 (* Average Power for rapl:::MAXIMUM_POWER_CNT:PACKAGE0 *)
0.4357 s 0.0000 (* Average Power for rapl:::MAXIMUM_POWER_CNT:PACKAGE1 *)
0.4357 s 0.0000 (* Average Power for rapl:::MAXIMUM_TIME_WINDOW_CNT:PACKAGE0 *)
0.4357 s 0.0000 (* Average Power for rapl:::MAXIMUM_TIME_WINDOW_CNT:PACKAGE1 *)
0.4357 s 0.0017 (* Average Power for rapl:::PACKAGE_ENERGY_CNT:PACKAGE0 *)
0.4357 s 0.0018 (* Average Power for rapl:::PACKAGE_ENERGY_CNT:PACKAGE1 *)
0.4357 s 0.0010 (* Average Power for rapl:::DRAM_ENERGY_CNT:PACKAGE0 *)
0.4357 s 0.0010 (* Average Power for rapl:::DRAM_ENERGY_CNT:PACKAGE1 *)
0.4357 s 0.0000 (* Average Power for rapl:::PP0_ENERGY_CNT:PACKAGE0 *)
0.4357 s 0.0000 (* Average Power for rapl:::PP0_ENERGY_CNT:PACKAGE1 *)
0.4357 s 10647078718.7521 (* Average Power for rapl:::THERMAL_SPEC:PACKAGE0 *)
0.4357 s 10647078718.7521 (* Average Power for rapl:::THERMAL_SPEC:PACKAGE1 *)
0.4357 s 10636177851.6989 (* Average Power for rapl:::MINIMUM_POWER:PACKAGE0 *)
0.4357 s 10636177851.6989 (* Average Power for rapl:::MINIMUM_POWER:PACKAGE1 *)
0.4357 s 10657414355.6617 (* Average Power for rapl:::MAXIMUM_POWER:PACKAGE0 *)
0.4357 s 10657414355.6617 (* Average Power for rapl:::MAXIMUM_POWER:PACKAGE1 *)
0.4357 s 10526523203.8602 (* Average Power for rapl:::MAXIMUM_TIME_WINDOW:PACKAGE0 *)
0.4357 s 10526523203.8602 (* Average Power for rapl:::MAXIMUM_TIME_WINDOW:PACKAGE1 *)
0.4357 s 45.5670 (* Total Energy for rapl:::PACKAGE_ENERGY:PACKAGE0 *)
0.4357 s 104.5750 (* Average Power for rapl:::PACKAGE_ENERGY:PACKAGE0 *)
0.4357 s 47.3351 (* Total Energy for rapl:::PACKAGE_ENERGY:PACKAGE1 *)
0.4357 s 108.6328 (* Average Power for rapl:::PACKAGE_ENERGY:PACKAGE1 *)
0.4357 s 14.5393 (* Average Power for rapl:::DRAM_ENERGY:PACKAGE0 *)
0.4357 s 15.7193 (* Average Power for rapl:::DRAM_ENERGY:PACKAGE1 *)
0.4357 s 0.0000 (* Average Power for rapl:::PP0_ENERGY:PACKAGE0 *)
0.4357 s 0.0000 (* Average Power for rapl:::PP0_ENERGY:PACKAGE1 *)
Time for Deletion  0.435707 
Total Time for Updating at Batch 1 is 1.072768 
Total Time for Updating Rooted Tree at iter 1 is 0.161595 with Rewire:0
Total Time for Updating  1.238247 
Time Taken for Initializing Memory 0.080740 
Highest Edge Value 10 --
Total Time for Reading Remainder Edges 19.276447 
Total Time for Reading Certificate Network 4.613665 
Total Time for Reading Update List 0.407117 
==Update Starts =======
Total Time for Initial Tree Creation  2.102132 
Found rapl component at cid 2
Found: rapl:::THERMAL_SPEC_CNT:PACKAGE0
Found: rapl:::THERMAL_SPEC_CNT:PACKAGE1
Found: rapl:::MINIMUM_POWER_CNT:PACKAGE0
Found: rapl:::MINIMUM_POWER_CNT:PACKAGE1
Found: rapl:::MAXIMUM_POWER_CNT:PACKAGE0
Found: rapl:::MAXIMUM_POWER_CNT:PACKAGE1
Found: rapl:::MAXIMUM_TIME_WINDOW_CNT:PACKAGE0
Found: rapl:::MAXIMUM_TIME_WINDOW_CNT:PACKAGE1
Found: rapl:::PACKAGE_ENERGY_CNT:PACKAGE0
Found: rapl:::PACKAGE_ENERGY_CNT:PACKAGE1
Found: rapl:::DRAM_ENERGY_CNT:PACKAGE0
Found: rapl:::DRAM_ENERGY_CNT:PACKAGE1
Found: rapl:::PP0_ENERGY_CNT:PACKAGE0
Found: rapl:::PP0_ENERGY_CNT:PACKAGE1
Found: rapl:::THERMAL_SPEC:PACKAGE0
Found: rapl:::THERMAL_SPEC:PACKAGE1
Found: rapl:::MINIMUM_POWER:PACKAGE0
Found: rapl:::MINIMUM_POWER:PACKAGE1
Found: rapl:::MAXIMUM_POWER:PACKAGE0
Found: rapl:::MAXIMUM_POWER:PACKAGE1
Found: rapl:::MAXIMUM_TIME_WINDOW:PACKAGE0
Found: rapl:::MAXIMUM_TIME_WINDOW:PACKAGE1
Found: rapl:::PACKAGE_ENERGY:PACKAGE0
Found: rapl:::PACKAGE_ENERGY:PACKAGE1
Found: rapl:::DRAM_ENERGY:PACKAGE0
Found: rapl:::DRAM_ENERGY:PACKAGE1
Found: rapl:::PP0_ENERGY:PACKAGE0
Found: rapl:::PP0_ENERGY:PACKAGE1
Starting Classify and Insert
Classify 999999 999999  
Deleted Edges: 28700 
Processed Inserts: 235221
 Unprocessed Inserts: 832
 0.6297 s 0.0000 (* Average Power for rapl:::THERMAL_SPEC_CNT:PACKAGE0 *)
0.6297 s 0.0000 (* Average Power for rapl:::THERMAL_SPEC_CNT:PACKAGE1 *)
0.6297 s 0.0000 (* Average Power for rapl:::MINIMUM_POWER_CNT:PACKAGE0 *)
0.6297 s 0.0000 (* Average Power for rapl:::MINIMUM_POWER_CNT:PACKAGE1 *)
0.6297 s 0.0000 (* Average Power for rapl:::MAXIMUM_POWER_CNT:PACKAGE0 *)
0.6297 s 0.0000 (* Average Power for rapl:::MAXIMUM_POWER_CNT:PACKAGE1 *)
0.6297 s 0.0000 (* Average Power for rapl:::MAXIMUM_TIME_WINDOW_CNT:PACKAGE0 *)
0.6297 s 0.0000 (* Average Power for rapl:::MAXIMUM_TIME_WINDOW_CNT:PACKAGE1 *)
0.6297 s 0.0007 (* Average Power for rapl:::PACKAGE_ENERGY_CNT:PACKAGE0 *)
0.6297 s 0.0012 (* Average Power for rapl:::PACKAGE_ENERGY_CNT:PACKAGE1 *)
0.6297 s 0.0009 (* Average Power for rapl:::DRAM_ENERGY_CNT:PACKAGE0 *)
0.6297 s 0.0010 (* Average Power for rapl:::DRAM_ENERGY_CNT:PACKAGE1 *)
0.6297 s 0.0000 (* Average Power for rapl:::PP0_ENERGY_CNT:PACKAGE0 *)
0.6297 s 0.0000 (* Average Power for rapl:::PP0_ENERGY_CNT:PACKAGE1 *)
0.6297 s 7367840890.4164 (* Average Power for rapl:::THERMAL_SPEC:PACKAGE0 *)
0.6297 s 7367840890.4164 (* Average Power for rapl:::THERMAL_SPEC:PACKAGE1 *)
0.6297 s 7360297426.5107 (* Average Power for rapl:::MINIMUM_POWER:PACKAGE0 *)
0.6297 s 7360297426.5107 (* Average Power for rapl:::MINIMUM_POWER:PACKAGE1 *)
0.6297 s 7374993211.7491 (* Average Power for rapl:::MAXIMUM_POWER:PACKAGE0 *)
0.6297 s 7374993211.7491 (* Average Power for rapl:::MAXIMUM_POWER:PACKAGE1 *)
0.6297 s 7284415767.3710 (* Average Power for rapl:::MAXIMUM_TIME_WINDOW:PACKAGE0 *)
0.6297 s 7284415767.3710 (* Average Power for rapl:::MAXIMUM_TIME_WINDOW:PACKAGE1 *)
0.6297 s 27.0169 (* Total Energy for rapl:::PACKAGE_ENERGY:PACKAGE0 *)
0.6297 s 42.9065 (* Average Power for rapl:::PACKAGE_ENERGY:PACKAGE0 *)
0.6297 s 47.5652 (* Total Energy for rapl:::PACKAGE_ENERGY:PACKAGE1 *)
0.6297 s 75.5400 (* Average Power for rapl:::PACKAGE_ENERGY:PACKAGE1 *)
0.6297 s 14.4473 (* Average Power for rapl:::DRAM_ENERGY:PACKAGE0 *)
0.6297 s 15.2739 (* Average Power for rapl:::DRAM_ENERGY:PACKAGE1 *)
0.6297 s 0.0000 (* Average Power for rapl:::PP0_ENERGY:PACKAGE0 *)
0.6297 s 0.0000 (* Average Power for rapl:::PP0_ENERGY:PACKAGE1 *)
Time for Classify and insert  0.629632 
Found rapl component at cid 2
Found: rapl:::THERMAL_SPEC_CNT:PACKAGE0
Found: rapl:::THERMAL_SPEC_CNT:PACKAGE1
Found: rapl:::MINIMUM_POWER_CNT:PACKAGE0
Found: rapl:::MINIMUM_POWER_CNT:PACKAGE1
Found: rapl:::MAXIMUM_POWER_CNT:PACKAGE0
Found: rapl:::MAXIMUM_POWER_CNT:PACKAGE1
Found: rapl:::MAXIMUM_TIME_WINDOW_CNT:PACKAGE0
Found: rapl:::MAXIMUM_TIME_WINDOW_CNT:PACKAGE1
Found: rapl:::PACKAGE_ENERGY_CNT:PACKAGE0
Found: rapl:::PACKAGE_ENERGY_CNT:PACKAGE1
Found: rapl:::DRAM_ENERGY_CNT:PACKAGE0
Found: rapl:::DRAM_ENERGY_CNT:PACKAGE1
Found: rapl:::PP0_ENERGY_CNT:PACKAGE0
Found: rapl:::PP0_ENERGY_CNT:PACKAGE1
Found: rapl:::THERMAL_SPEC:PACKAGE0
Found: rapl:::THERMAL_SPEC:PACKAGE1
Found: rapl:::MINIMUM_POWER:PACKAGE0
Found: rapl:::MINIMUM_POWER:PACKAGE1
Found: rapl:::MAXIMUM_POWER:PACKAGE0
Found: rapl:::MAXIMUM_POWER:PACKAGE1
Found: rapl:::MAXIMUM_TIME_WINDOW:PACKAGE0
Found: rapl:::MAXIMUM_TIME_WINDOW:PACKAGE1
Found: rapl:::PACKAGE_ENERGY:PACKAGE0
Found: rapl:::PACKAGE_ENERGY:PACKAGE1
Found: rapl:::DRAM_ENERGY:PACKAGE0
Found: rapl:::DRAM_ENERGY:PACKAGE1
Found: rapl:::PP0_ENERGY:PACKAGE0
Found: rapl:::PP0_ENERGY:PACKAGE1
Starting process_deletions
0.3868 s 0.0000 (* Average Power for rapl:::THERMAL_SPEC_CNT:PACKAGE0 *)
0.3868 s 0.0000 (* Average Power for rapl:::THERMAL_SPEC_CNT:PACKAGE1 *)
0.3868 s 0.0000 (* Average Power for rapl:::MINIMUM_POWER_CNT:PACKAGE0 *)
0.3868 s 0.0000 (* Average Power for rapl:::MINIMUM_POWER_CNT:PACKAGE1 *)
0.3868 s 0.0000 (* Average Power for rapl:::MAXIMUM_POWER_CNT:PACKAGE0 *)
0.3868 s 0.0000 (* Average Power for rapl:::MAXIMUM_POWER_CNT:PACKAGE1 *)
0.3868 s 0.0000 (* Average Power for rapl:::MAXIMUM_TIME_WINDOW_CNT:PACKAGE0 *)
0.3868 s 0.0000 (* Average Power for rapl:::MAXIMUM_TIME_WINDOW_CNT:PACKAGE1 *)
0.3868 s 0.0017 (* Average Power for rapl:::PACKAGE_ENERGY_CNT:PACKAGE0 *)
0.3868 s 0.0018 (* Average Power for rapl:::PACKAGE_ENERGY_CNT:PACKAGE1 *)
0.3868 s 0.0010 (* Average Power for rapl:::DRAM_ENERGY_CNT:PACKAGE0 *)
0.3868 s 0.0010 (* Average Power for rapl:::DRAM_ENERGY_CNT:PACKAGE1 *)
0.3868 s 0.0000 (* Average Power for rapl:::PP0_ENERGY_CNT:PACKAGE0 *)
0.3868 s 0.0000 (* Average Power for rapl:::PP0_ENERGY_CNT:PACKAGE1 *)
0.3868 s 11992578746.4789 (* Average Power for rapl:::THERMAL_SPEC:PACKAGE0 *)
0.3868 s 11992578746.4789 (* Average Power for rapl:::THERMAL_SPEC:PACKAGE1 *)
0.3868 s 11980300307.4823 (* Average Power for rapl:::MINIMUM_POWER:PACKAGE0 *)
0.3868 s 11980300307.4823 (* Average Power for rapl:::MINIMUM_POWER:PACKAGE1 *)
0.3868 s 12004220525.6757 (* Average Power for rapl:::MAXIMUM_POWER:PACKAGE0 *)
0.3868 s 12004220525.6757 (* Average Power for rapl:::MAXIMUM_POWER:PACKAGE1 *)
0.3868 s 11856788306.3165 (* Average Power for rapl:::MAXIMUM_TIME_WINDOW:PACKAGE0 *)
0.3868 s 11856788306.3165 (* Average Power for rapl:::MAXIMUM_TIME_WINDOW:PACKAGE1 *)
0.3868 s 39.8265 (* Total Energy for rapl:::PACKAGE_ENERGY:PACKAGE0 *)
0.3868 s 102.9512 (* Average Power for rapl:::PACKAGE_ENERGY:PACKAGE0 *)
0.3868 s 42.3287 (* Total Energy for rapl:::PACKAGE_ENERGY:PACKAGE1 *)
0.3868 s 109.4195 (* Average Power for rapl:::PACKAGE_ENERGY:PACKAGE1 *)
0.3868 s 14.5527 (* Average Power for rapl:::DRAM_ENERGY:PACKAGE0 *)
0.3868 s 15.6385 (* Average Power for rapl:::DRAM_ENERGY:PACKAGE1 *)
0.3868 s 0.0000 (* Average Power for rapl:::PP0_ENERGY:PACKAGE0 *)
0.3868 s 0.0000 (* Average Power for rapl:::PP0_ENERGY:PACKAGE1 *)
Time for Deletion  0.386825 
Total Time for Updating at Batch 1 is 1.048799 
Total Time for Updating Rooted Tree at iter 1 is 0.163771 with Rewire:0
Total Time for Updating  1.216482 
Time Taken for Initializing Memory 0.081408 
Highest Edge Value 10 --
Total Time for Reading Remainder Edges 19.297749 
Total Time for Reading Certificate Network 4.625758 
Total Time for Reading Update List 0.409420 
==Update Starts =======
Total Time for Initial Tree Creation  1.861282 
Found rapl component at cid 2
Found: rapl:::THERMAL_SPEC_CNT:PACKAGE0
Found: rapl:::THERMAL_SPEC_CNT:PACKAGE1
Found: rapl:::MINIMUM_POWER_CNT:PACKAGE0
Found: rapl:::MINIMUM_POWER_CNT:PACKAGE1
Found: rapl:::MAXIMUM_POWER_CNT:PACKAGE0
Found: rapl:::MAXIMUM_POWER_CNT:PACKAGE1
Found: rapl:::MAXIMUM_TIME_WINDOW_CNT:PACKAGE0
Found: rapl:::MAXIMUM_TIME_WINDOW_CNT:PACKAGE1
Found: rapl:::PACKAGE_ENERGY_CNT:PACKAGE0
Found: rapl:::PACKAGE_ENERGY_CNT:PACKAGE1
Found: rapl:::DRAM_ENERGY_CNT:PACKAGE0
Found: rapl:::DRAM_ENERGY_CNT:PACKAGE1
Found: rapl:::PP0_ENERGY_CNT:PACKAGE0
Found: rapl:::PP0_ENERGY_CNT:PACKAGE1
Found: rapl:::THERMAL_SPEC:PACKAGE0
Found: rapl:::THERMAL_SPEC:PACKAGE1
Found: rapl:::MINIMUM_POWER:PACKAGE0
Found: rapl:::MINIMUM_POWER:PACKAGE1
Found: rapl:::MAXIMUM_POWER:PACKAGE0
Found: rapl:::MAXIMUM_POWER:PACKAGE1
Found: rapl:::MAXIMUM_TIME_WINDOW:PACKAGE0
Found: rapl:::MAXIMUM_TIME_WINDOW:PACKAGE1
Found: rapl:::PACKAGE_ENERGY:PACKAGE0
Found: rapl:::PACKAGE_ENERGY:PACKAGE1
Found: rapl:::DRAM_ENERGY:PACKAGE0
Found: rapl:::DRAM_ENERGY:PACKAGE1
Found: rapl:::PP0_ENERGY:PACKAGE0
Found: rapl:::PP0_ENERGY:PACKAGE1
Starting Classify and Insert
Classify 999999 999999  
Deleted Edges: 28700 
Processed Inserts: 235243
 Unprocessed Inserts: 821
 0.6016 s 0.0000 (* Average Power for rapl:::THERMAL_SPEC_CNT:PACKAGE0 *)
0.6016 s 0.0000 (* Average Power for rapl:::THERMAL_SPEC_CNT:PACKAGE1 *)
0.6016 s 0.0000 (* Average Power for rapl:::MINIMUM_POWER_CNT:PACKAGE0 *)
0.6016 s 0.0000 (* Average Power for rapl:::MINIMUM_POWER_CNT:PACKAGE1 *)
0.6016 s 0.0000 (* Average Power for rapl:::MAXIMUM_POWER_CNT:PACKAGE0 *)
0.6016 s 0.0000 (* Average Power for rapl:::MAXIMUM_POWER_CNT:PACKAGE1 *)
0.6016 s 0.0000 (* Average Power for rapl:::MAXIMUM_TIME_WINDOW_CNT:PACKAGE0 *)
0.6016 s 0.0000 (* Average Power for rapl:::MAXIMUM_TIME_WINDOW_CNT:PACKAGE1 *)
0.6016 s 0.0012 (* Average Power for rapl:::PACKAGE_ENERGY_CNT:PACKAGE0 *)
0.6016 s 0.0015 (* Average Power for rapl:::PACKAGE_ENERGY_CNT:PACKAGE1 *)
0.6016 s 0.0009 (* Average Power for rapl:::DRAM_ENERGY_CNT:PACKAGE0 *)
0.6016 s 0.0010 (* Average Power for rapl:::DRAM_ENERGY_CNT:PACKAGE1 *)
0.6016 s 0.0000 (* Average Power for rapl:::PP0_ENERGY_CNT:PACKAGE0 *)
0.6016 s 0.0000 (* Average Power for rapl:::PP0_ENERGY_CNT:PACKAGE1 *)
0.6016 s 7711275122.3894 (* Average Power for rapl:::THERMAL_SPEC:PACKAGE0 *)
0.6016 s 7711275122.3894 (* Average Power for rapl:::THERMAL_SPEC:PACKAGE1 *)
0.6016 s 7703380038.0061 (* Average Power for rapl:::MINIMUM_POWER:PACKAGE0 *)
0.6016 s 7703380038.0061 (* Average Power for rapl:::MINIMUM_POWER:PACKAGE1 *)
0.6016 s 7718760832.0268 (* Average Power for rapl:::MAXIMUM_POWER:PACKAGE0 *)
0.6016 s 7718760832.0268 (* Average Power for rapl:::MAXIMUM_POWER:PACKAGE1 *)
0.6016 s 7623961337.3213 (* Average Power for rapl:::MAXIMUM_TIME_WINDOW:PACKAGE0 *)
0.6016 s 7623961337.3213 (* Average Power for rapl:::MAXIMUM_TIME_WINDOW:PACKAGE1 *)
0.6016 s 44.4008 (* Total Energy for rapl:::PACKAGE_ENERGY:PACKAGE0 *)
0.6016 s 73.8012 (* Average Power for rapl:::PACKAGE_ENERGY:PACKAGE0 *)
0.6016 s 55.4354 (* Total Energy for rapl:::PACKAGE_ENERGY:PACKAGE1 *)
0.6016 s 92.1425 (* Average Power for rapl:::PACKAGE_ENERGY:PACKAGE1 *)
0.6016 s 14.3387 (* Average Power for rapl:::DRAM_ENERGY:PACKAGE0 *)
0.6016 s 15.4987 (* Average Power for rapl:::DRAM_ENERGY:PACKAGE1 *)
0.6016 s 0.0000 (* Average Power for rapl:::PP0_ENERGY:PACKAGE0 *)
0.6016 s 0.0000 (* Average Power for rapl:::PP0_ENERGY:PACKAGE1 *)
Time for Classify and insert  0.601593 
Found rapl component at cid 2
Found: rapl:::THERMAL_SPEC_CNT:PACKAGE0
Found: rapl:::THERMAL_SPEC_CNT:PACKAGE1
Found: rapl:::MINIMUM_POWER_CNT:PACKAGE0
Found: rapl:::MINIMUM_POWER_CNT:PACKAGE1
Found: rapl:::MAXIMUM_POWER_CNT:PACKAGE0
Found: rapl:::MAXIMUM_POWER_CNT:PACKAGE1
Found: rapl:::MAXIMUM_TIME_WINDOW_CNT:PACKAGE0
Found: rapl:::MAXIMUM_TIME_WINDOW_CNT:PACKAGE1
Found: rapl:::PACKAGE_ENERGY_CNT:PACKAGE0
Found: rapl:::PACKAGE_ENERGY_CNT:PACKAGE1
Found: rapl:::DRAM_ENERGY_CNT:PACKAGE0
Found: rapl:::DRAM_ENERGY_CNT:PACKAGE1
Found: rapl:::PP0_ENERGY_CNT:PACKAGE0
Found: rapl:::PP0_ENERGY_CNT:PACKAGE1
Found: rapl:::THERMAL_SPEC:PACKAGE0
Found: rapl:::THERMAL_SPEC:PACKAGE1
Found: rapl:::MINIMUM_POWER:PACKAGE0
Found: rapl:::MINIMUM_POWER:PACKAGE1
Found: rapl:::MAXIMUM_POWER:PACKAGE0
Found: rapl:::MAXIMUM_POWER:PACKAGE1
Found: rapl:::MAXIMUM_TIME_WINDOW:PACKAGE0
Found: rapl:::MAXIMUM_TIME_WINDOW:PACKAGE1
Found: rapl:::PACKAGE_ENERGY:PACKAGE0
Found: rapl:::PACKAGE_ENERGY:PACKAGE1
Found: rapl:::DRAM_ENERGY:PACKAGE0
Found: rapl:::DRAM_ENERGY:PACKAGE1
Found: rapl:::PP0_ENERGY:PACKAGE0
Found: rapl:::PP0_ENERGY:PACKAGE1
Starting process_deletions
0.3846 s 0.0000 (* Average Power for rapl:::THERMAL_SPEC_CNT:PACKAGE0 *)
0.3846 s 0.0000 (* Average Power for rapl:::THERMAL_SPEC_CNT:PACKAGE1 *)
0.3846 s 0.0000 (* Average Power for rapl:::MINIMUM_POWER_CNT:PACKAGE0 *)
0.3846 s 0.0000 (* Average Power for rapl:::MINIMUM_POWER_CNT:PACKAGE1 *)
0.3846 s 0.0000 (* Average Power for rapl:::MAXIMUM_POWER_CNT:PACKAGE0 *)
0.3846 s 0.0000 (* Average Power for rapl:::MAXIMUM_POWER_CNT:PACKAGE1 *)
0.3846 s 0.0000 (* Average Power for rapl:::MAXIMUM_TIME_WINDOW_CNT:PACKAGE0 *)
0.3846 s 0.0000 (* Average Power for rapl:::MAXIMUM_TIME_WINDOW_CNT:PACKAGE1 *)
0.3846 s 0.0017 (* Average Power for rapl:::PACKAGE_ENERGY_CNT:PACKAGE0 *)
0.3846 s 0.0018 (* Average Power for rapl:::PACKAGE_ENERGY_CNT:PACKAGE1 *)
0.3846 s 0.0009 (* Average Power for rapl:::DRAM_ENERGY_CNT:PACKAGE0 *)
0.3846 s 0.0011 (* Average Power for rapl:::DRAM_ENERGY_CNT:PACKAGE1 *)
0.3846 s 0.0000 (* Average Power for rapl:::PP0_ENERGY_CNT:PACKAGE0 *)
0.3846 s 0.0000 (* Average Power for rapl:::PP0_ENERGY_CNT:PACKAGE1 *)
0.3846 s 12064209449.9284 (* Average Power for rapl:::THERMAL_SPEC:PACKAGE0 *)
0.3846 s 12064209449.9284 (* Average Power for rapl:::THERMAL_SPEC:PACKAGE1 *)
0.3846 s 12051857672.8081 (* Average Power for rapl:::MINIMUM_POWER:PACKAGE0 *)
0.3846 s 12051857672.8081 (* Average Power for rapl:::MINIMUM_POWER:PACKAGE1 *)
0.3846 s 12075920764.5312 (* Average Power for rapl:::MAXIMUM_POWER:PACKAGE0 *)
0.3846 s 12075920764.5312 (* Average Power for rapl:::MAXIMUM_POWER:PACKAGE1 *)
0.3846 s 11927607944.4433 (* Average Power for rapl:::MAXIMUM_TIME_WINDOW:PACKAGE0 *)
0.3846 s 11927607944.4433 (* Average Power for rapl:::MAXIMUM_TIME_WINDOW:PACKAGE1 *)
0.3846 s 40.1581 (* Total Energy for rapl:::PACKAGE_ENERGY:PACKAGE0 *)
0.3846 s 104.4286 (* Average Power for rapl:::PACKAGE_ENERGY:PACKAGE0 *)
0.3846 s 42.1711 (* Total Energy for rapl:::PACKAGE_ENERGY:PACKAGE1 *)
0.3846 s 109.6631 (* Average Power for rapl:::PACKAGE_ENERGY:PACKAGE1 *)
0.3846 s 14.0954 (* Average Power for rapl:::DRAM_ENERGY:PACKAGE0 *)
0.3846 s 16.1077 (* Average Power for rapl:::DRAM_ENERGY:PACKAGE1 *)
0.3846 s 0.0000 (* Average Power for rapl:::PP0_ENERGY:PACKAGE0 *)
0.3846 s 0.0000 (* Average Power for rapl:::PP0_ENERGY:PACKAGE1 *)
Time for Deletion  0.384525 
Total Time for Updating at Batch 1 is 1.024309 
Total Time for Updating Rooted Tree at iter 1 is 0.178205 with Rewire:0
Total Time for Updating  1.205396 
