Time Taken for Initializing Memory 0.095967 
Highest Edge Value 10 --
Total Time for Reading Remainder Edges 19.244402 
Total Time for Reading Certificate Network 4.600197 
Total Time for Reading Update List 0.407109 
==Update Starts =======
Total Time for Initial Tree Creation  2.050342 
Found rapl component at cid 2
Found: rapl:::THERMAL_SPEC_CNT:PACKAGE0
Found: rapl:::THERMAL_SPEC_CNT:PACKAGE1
Found: rapl:::MINIMUM_POWER_CNT:PACKAGE0
Found: rapl:::MINIMUM_POWER_CNT:PACKAGE1
Found: rapl:::MAXIMUM_POWER_CNT:PACKAGE0
Found: rapl:::MAXIMUM_POWER_CNT:PACKAGE1
Found: rapl:::MAXIMUM_TIME_WINDOW_CNT:PACKAGE0
Found: rapl:::MAXIMUM_TIME_WINDOW_CNT:PACKAGE1
Found: rapl:::PACKAGE_ENERGY_CNT:PACKAGE0
Found: rapl:::PACKAGE_ENERGY_CNT:PACKAGE1
Found: rapl:::DRAM_ENERGY_CNT:PACKAGE0
Found: rapl:::DRAM_ENERGY_CNT:PACKAGE1
Found: rapl:::PP0_ENERGY_CNT:PACKAGE0
Found: rapl:::PP0_ENERGY_CNT:PACKAGE1
Found: rapl:::THERMAL_SPEC:PACKAGE0
Found: rapl:::THERMAL_SPEC:PACKAGE1
Found: rapl:::MINIMUM_POWER:PACKAGE0
Found: rapl:::MINIMUM_POWER:PACKAGE1
Found: rapl:::MAXIMUM_POWER:PACKAGE0
Found: rapl:::MAXIMUM_POWER:PACKAGE1
Found: rapl:::MAXIMUM_TIME_WINDOW:PACKAGE0
Found: rapl:::MAXIMUM_TIME_WINDOW:PACKAGE1
Found: rapl:::PACKAGE_ENERGY:PACKAGE0
Found: rapl:::PACKAGE_ENERGY:PACKAGE1
Found: rapl:::DRAM_ENERGY:PACKAGE0
Found: rapl:::DRAM_ENERGY:PACKAGE1
Found: rapl:::PP0_ENERGY:PACKAGE0
Found: rapl:::PP0_ENERGY:PACKAGE1
Starting Classify and Insert
Classify 999999 999999  
Deleted Edges: 28700 
Processed Inserts: 235965
 Unprocessed Inserts: 295
 0.8139 s 0.0000 (* Average Power for rapl:::THERMAL_SPEC_CNT:PACKAGE0 *)
0.8139 s 0.0000 (* Average Power for rapl:::THERMAL_SPEC_CNT:PACKAGE1 *)
0.8139 s 0.0000 (* Average Power for rapl:::MINIMUM_POWER_CNT:PACKAGE0 *)
0.8139 s 0.0000 (* Average Power for rapl:::MINIMUM_POWER_CNT:PACKAGE1 *)
0.8139 s 0.0000 (* Average Power for rapl:::MAXIMUM_POWER_CNT:PACKAGE0 *)
0.8139 s 0.0000 (* Average Power for rapl:::MAXIMUM_POWER_CNT:PACKAGE1 *)
0.8139 s 0.0000 (* Average Power for rapl:::MAXIMUM_TIME_WINDOW_CNT:PACKAGE0 *)
0.8139 s 0.0000 (* Average Power for rapl:::MAXIMUM_TIME_WINDOW_CNT:PACKAGE1 *)
0.8139 s 0.0012 (* Average Power for rapl:::PACKAGE_ENERGY_CNT:PACKAGE0 *)
0.8139 s 0.0014 (* Average Power for rapl:::PACKAGE_ENERGY_CNT:PACKAGE1 *)
0.8139 s 0.0009 (* Average Power for rapl:::DRAM_ENERGY_CNT:PACKAGE0 *)
0.8139 s 0.0010 (* Average Power for rapl:::DRAM_ENERGY_CNT:PACKAGE1 *)
0.8139 s 0.0000 (* Average Power for rapl:::PP0_ENERGY_CNT:PACKAGE0 *)
0.8139 s 0.0000 (* Average Power for rapl:::PP0_ENERGY_CNT:PACKAGE1 *)
0.8139 s 5700364389.8922 (* Average Power for rapl:::THERMAL_SPEC:PACKAGE0 *)
0.8139 s 5700364389.8922 (* Average Power for rapl:::THERMAL_SPEC:PACKAGE1 *)
0.8139 s 5694528149.1720 (* Average Power for rapl:::MINIMUM_POWER:PACKAGE0 *)
0.8139 s 5694528149.1720 (* Average Power for rapl:::MINIMUM_POWER:PACKAGE1 *)
0.8139 s 5705898010.7231 (* Average Power for rapl:::MAXIMUM_POWER:PACKAGE0 *)
0.8139 s 5705898010.7231 (* Average Power for rapl:::MAXIMUM_POWER:PACKAGE1 *)
0.8139 s 5635819890.6687 (* Average Power for rapl:::MAXIMUM_TIME_WINDOW:PACKAGE0 *)
0.8139 s 5635819890.6687 (* Average Power for rapl:::MAXIMUM_TIME_WINDOW:PACKAGE1 *)
0.8139 s 59.2551 (* Total Energy for rapl:::PACKAGE_ENERGY:PACKAGE0 *)
0.8139 s 72.8073 (* Average Power for rapl:::PACKAGE_ENERGY:PACKAGE0 *)
0.8139 s 68.3385 (* Total Energy for rapl:::PACKAGE_ENERGY:PACKAGE1 *)
0.8139 s 83.9682 (* Average Power for rapl:::PACKAGE_ENERGY:PACKAGE1 *)
0.8139 s 14.3750 (* Average Power for rapl:::DRAM_ENERGY:PACKAGE0 *)
0.8139 s 15.3047 (* Average Power for rapl:::DRAM_ENERGY:PACKAGE1 *)
0.8139 s 0.0000 (* Average Power for rapl:::PP0_ENERGY:PACKAGE0 *)
0.8139 s 0.0000 (* Average Power for rapl:::PP0_ENERGY:PACKAGE1 *)
Time for Classify and insert  0.813824 
Found rapl component at cid 2
Found: rapl:::THERMAL_SPEC_CNT:PACKAGE0
Found: rapl:::THERMAL_SPEC_CNT:PACKAGE1
Found: rapl:::MINIMUM_POWER_CNT:PACKAGE0
Found: rapl:::MINIMUM_POWER_CNT:PACKAGE1
Found: rapl:::MAXIMUM_POWER_CNT:PACKAGE0
Found: rapl:::MAXIMUM_POWER_CNT:PACKAGE1
Found: rapl:::MAXIMUM_TIME_WINDOW_CNT:PACKAGE0
Found: rapl:::MAXIMUM_TIME_WINDOW_CNT:PACKAGE1
Found: rapl:::PACKAGE_ENERGY_CNT:PACKAGE0
Found: rapl:::PACKAGE_ENERGY_CNT:PACKAGE1
Found: rapl:::DRAM_ENERGY_CNT:PACKAGE0
Found: rapl:::DRAM_ENERGY_CNT:PACKAGE1
Found: rapl:::PP0_ENERGY_CNT:PACKAGE0
Found: rapl:::PP0_ENERGY_CNT:PACKAGE1
Found: rapl:::THERMAL_SPEC:PACKAGE0
Found: rapl:::THERMAL_SPEC:PACKAGE1
Found: rapl:::MINIMUM_POWER:PACKAGE0
Found: rapl:::MINIMUM_POWER:PACKAGE1
Found: rapl:::MAXIMUM_POWER:PACKAGE0
Found: rapl:::MAXIMUM_POWER:PACKAGE1
Found: rapl:::MAXIMUM_TIME_WINDOW:PACKAGE0
Found: rapl:::MAXIMUM_TIME_WINDOW:PACKAGE1
Found: rapl:::PACKAGE_ENERGY:PACKAGE0
Found: rapl:::PACKAGE_ENERGY:PACKAGE1
Found: rapl:::DRAM_ENERGY:PACKAGE0
Found: rapl:::DRAM_ENERGY:PACKAGE1
Found: rapl:::PP0_ENERGY:PACKAGE0
Found: rapl:::PP0_ENERGY:PACKAGE1
Starting process_deletions
1.1949 s 0.0000 (* Average Power for rapl:::THERMAL_SPEC_CNT:PACKAGE0 *)
1.1949 s 0.0000 (* Average Power for rapl:::THERMAL_SPEC_CNT:PACKAGE1 *)
1.1949 s 0.0000 (* Average Power for rapl:::MINIMUM_POWER_CNT:PACKAGE0 *)
1.1949 s 0.0000 (* Average Power for rapl:::MINIMUM_POWER_CNT:PACKAGE1 *)
1.1949 s 0.0000 (* Average Power for rapl:::MAXIMUM_POWER_CNT:PACKAGE0 *)
1.1949 s 0.0000 (* Average Power for rapl:::MAXIMUM_POWER_CNT:PACKAGE1 *)
1.1949 s 0.0000 (* Average Power for rapl:::MAXIMUM_TIME_WINDOW_CNT:PACKAGE0 *)
1.1949 s 0.0000 (* Average Power for rapl:::MAXIMUM_TIME_WINDOW_CNT:PACKAGE1 *)
1.1949 s 0.0009 (* Average Power for rapl:::PACKAGE_ENERGY_CNT:PACKAGE0 *)
1.1949 s 0.0011 (* Average Power for rapl:::PACKAGE_ENERGY_CNT:PACKAGE1 *)
1.1949 s 0.0009 (* Average Power for rapl:::DRAM_ENERGY_CNT:PACKAGE0 *)
1.1949 s 0.0010 (* Average Power for rapl:::DRAM_ENERGY_CNT:PACKAGE1 *)
1.1949 s 0.0000 (* Average Power for rapl:::PP0_ENERGY_CNT:PACKAGE0 *)
1.1949 s 0.0000 (* Average Power for rapl:::PP0_ENERGY_CNT:PACKAGE1 *)
1.1949 s 3882428126.5701 (* Average Power for rapl:::THERMAL_SPEC:PACKAGE0 *)
1.1949 s 3882428126.5701 (* Average Power for rapl:::THERMAL_SPEC:PACKAGE1 *)
1.1949 s 3878453155.2217 (* Average Power for rapl:::MINIMUM_POWER:PACKAGE0 *)
1.1949 s 3878453155.2217 (* Average Power for rapl:::MINIMUM_POWER:PACKAGE1 *)
1.1949 s 3886196988.2930 (* Average Power for rapl:::MAXIMUM_POWER:PACKAGE0 *)
1.1949 s 3886196988.2930 (* Average Power for rapl:::MAXIMUM_POWER:PACKAGE1 *)
1.1949 s 3838467887.8799 (* Average Power for rapl:::MAXIMUM_TIME_WINDOW:PACKAGE0 *)
1.1949 s 3838467887.8799 (* Average Power for rapl:::MAXIMUM_TIME_WINDOW:PACKAGE1 *)
1.1949 s 67.1193 (* Total Energy for rapl:::PACKAGE_ENERGY:PACKAGE0 *)
1.1949 s 56.1691 (* Average Power for rapl:::PACKAGE_ENERGY:PACKAGE0 *)
1.1949 s 82.2448 (* Total Energy for rapl:::PACKAGE_ENERGY:PACKAGE1 *)
1.1949 s 68.8270 (* Average Power for rapl:::PACKAGE_ENERGY:PACKAGE1 *)
1.1949 s 14.3175 (* Average Power for rapl:::DRAM_ENERGY:PACKAGE0 *)
1.1949 s 15.2304 (* Average Power for rapl:::DRAM_ENERGY:PACKAGE1 *)
1.1949 s 0.0000 (* Average Power for rapl:::PP0_ENERGY:PACKAGE0 *)
1.1949 s 0.0000 (* Average Power for rapl:::PP0_ENERGY:PACKAGE1 *)
Time for Deletion  1.194920 
Total Time for Updating at Batch 1 is 2.084185 
Total Time for Updating Rooted Tree at iter 1 is 1.564305 with Rewire:0
Total Time for Updating  3.651347 
Time Taken for Initializing Memory 0.094149 
Highest Edge Value 10 --
Total Time for Reading Remainder Edges 19.243120 
Total Time for Reading Certificate Network 4.598291 
Total Time for Reading Update List 0.407085 
==Update Starts =======
Total Time for Initial Tree Creation  2.048092 
Found rapl component at cid 2
Found: rapl:::THERMAL_SPEC_CNT:PACKAGE0
Found: rapl:::THERMAL_SPEC_CNT:PACKAGE1
Found: rapl:::MINIMUM_POWER_CNT:PACKAGE0
Found: rapl:::MINIMUM_POWER_CNT:PACKAGE1
Found: rapl:::MAXIMUM_POWER_CNT:PACKAGE0
Found: rapl:::MAXIMUM_POWER_CNT:PACKAGE1
Found: rapl:::MAXIMUM_TIME_WINDOW_CNT:PACKAGE0
Found: rapl:::MAXIMUM_TIME_WINDOW_CNT:PACKAGE1
Found: rapl:::PACKAGE_ENERGY_CNT:PACKAGE0
Found: rapl:::PACKAGE_ENERGY_CNT:PACKAGE1
Found: rapl:::DRAM_ENERGY_CNT:PACKAGE0
Found: rapl:::DRAM_ENERGY_CNT:PACKAGE1
Found: rapl:::PP0_ENERGY_CNT:PACKAGE0
Found: rapl:::PP0_ENERGY_CNT:PACKAGE1
Found: rapl:::THERMAL_SPEC:PACKAGE0
Found: rapl:::THERMAL_SPEC:PACKAGE1
Found: rapl:::MINIMUM_POWER:PACKAGE0
Found: rapl:::MINIMUM_POWER:PACKAGE1
Found: rapl:::MAXIMUM_POWER:PACKAGE0
Found: rapl:::MAXIMUM_POWER:PACKAGE1
Found: rapl:::MAXIMUM_TIME_WINDOW:PACKAGE0
Found: rapl:::MAXIMUM_TIME_WINDOW:PACKAGE1
Found: rapl:::PACKAGE_ENERGY:PACKAGE0
Found: rapl:::PACKAGE_ENERGY:PACKAGE1
Found: rapl:::DRAM_ENERGY:PACKAGE0
Found: rapl:::DRAM_ENERGY:PACKAGE1
Found: rapl:::PP0_ENERGY:PACKAGE0
Found: rapl:::PP0_ENERGY:PACKAGE1
Starting Classify and Insert
Classify 999999 999999  
Deleted Edges: 28700 
Processed Inserts: 235968
 Unprocessed Inserts: 328
 0.8156 s 0.0000 (* Average Power for rapl:::THERMAL_SPEC_CNT:PACKAGE0 *)
0.8156 s 0.0000 (* Average Power for rapl:::THERMAL_SPEC_CNT:PACKAGE1 *)
0.8156 s 0.0000 (* Average Power for rapl:::MINIMUM_POWER_CNT:PACKAGE0 *)
0.8156 s 0.0000 (* Average Power for rapl:::MINIMUM_POWER_CNT:PACKAGE1 *)
0.8156 s 0.0000 (* Average Power for rapl:::MAXIMUM_POWER_CNT:PACKAGE0 *)
0.8156 s 0.0000 (* Average Power for rapl:::MAXIMUM_POWER_CNT:PACKAGE1 *)
0.8156 s 0.0000 (* Average Power for rapl:::MAXIMUM_TIME_WINDOW_CNT:PACKAGE0 *)
0.8156 s 0.0000 (* Average Power for rapl:::MAXIMUM_TIME_WINDOW_CNT:PACKAGE1 *)
0.8156 s 0.0010 (* Average Power for rapl:::PACKAGE_ENERGY_CNT:PACKAGE0 *)
0.8156 s 0.0013 (* Average Power for rapl:::PACKAGE_ENERGY_CNT:PACKAGE1 *)
0.8156 s 0.0009 (* Average Power for rapl:::DRAM_ENERGY_CNT:PACKAGE0 *)
0.8156 s 0.0010 (* Average Power for rapl:::DRAM_ENERGY_CNT:PACKAGE1 *)
0.8156 s 0.0000 (* Average Power for rapl:::PP0_ENERGY_CNT:PACKAGE0 *)
0.8156 s 0.0000 (* Average Power for rapl:::PP0_ENERGY_CNT:PACKAGE1 *)
0.8156 s 5688532692.1800 (* Average Power for rapl:::THERMAL_SPEC:PACKAGE0 *)
0.8156 s 5688532692.1800 (* Average Power for rapl:::THERMAL_SPEC:PACKAGE1 *)
0.8156 s 5682708565.1830 (* Average Power for rapl:::MINIMUM_POWER:PACKAGE0 *)
0.8156 s 5682708565.1830 (* Average Power for rapl:::MINIMUM_POWER:PACKAGE1 *)
0.8156 s 5694054827.4068 (* Average Power for rapl:::MAXIMUM_POWER:PACKAGE0 *)
0.8156 s 5694054827.4068 (* Average Power for rapl:::MAXIMUM_POWER:PACKAGE1 *)
0.8156 s 5624122161.7613 (* Average Power for rapl:::MAXIMUM_TIME_WINDOW:PACKAGE0 *)
0.8156 s 5624122161.7613 (* Average Power for rapl:::MAXIMUM_TIME_WINDOW:PACKAGE1 *)
0.8156 s 48.7674 (* Total Energy for rapl:::PACKAGE_ENERGY:PACKAGE0 *)
0.8156 s 59.7966 (* Average Power for rapl:::PACKAGE_ENERGY:PACKAGE0 *)
0.8156 s 65.8412 (* Total Energy for rapl:::PACKAGE_ENERGY:PACKAGE1 *)
0.8156 s 80.7319 (* Average Power for rapl:::PACKAGE_ENERGY:PACKAGE1 *)
0.8156 s 14.4201 (* Average Power for rapl:::DRAM_ENERGY:PACKAGE0 *)
0.8156 s 15.2995 (* Average Power for rapl:::DRAM_ENERGY:PACKAGE1 *)
0.8156 s 0.0000 (* Average Power for rapl:::PP0_ENERGY:PACKAGE0 *)
0.8156 s 0.0000 (* Average Power for rapl:::PP0_ENERGY:PACKAGE1 *)
Time for Classify and insert  0.815511 
Found rapl component at cid 2
Found: rapl:::THERMAL_SPEC_CNT:PACKAGE0
Found: rapl:::THERMAL_SPEC_CNT:PACKAGE1
Found: rapl:::MINIMUM_POWER_CNT:PACKAGE0
Found: rapl:::MINIMUM_POWER_CNT:PACKAGE1
Found: rapl:::MAXIMUM_POWER_CNT:PACKAGE0
Found: rapl:::MAXIMUM_POWER_CNT:PACKAGE1
Found: rapl:::MAXIMUM_TIME_WINDOW_CNT:PACKAGE0
Found: rapl:::MAXIMUM_TIME_WINDOW_CNT:PACKAGE1
Found: rapl:::PACKAGE_ENERGY_CNT:PACKAGE0
Found: rapl:::PACKAGE_ENERGY_CNT:PACKAGE1
Found: rapl:::DRAM_ENERGY_CNT:PACKAGE0
Found: rapl:::DRAM_ENERGY_CNT:PACKAGE1
Found: rapl:::PP0_ENERGY_CNT:PACKAGE0
Found: rapl:::PP0_ENERGY_CNT:PACKAGE1
Found: rapl:::THERMAL_SPEC:PACKAGE0
Found: rapl:::THERMAL_SPEC:PACKAGE1
Found: rapl:::MINIMUM_POWER:PACKAGE0
Found: rapl:::MINIMUM_POWER:PACKAGE1
Found: rapl:::MAXIMUM_POWER:PACKAGE0
Found: rapl:::MAXIMUM_POWER:PACKAGE1
Found: rapl:::MAXIMUM_TIME_WINDOW:PACKAGE0
Found: rapl:::MAXIMUM_TIME_WINDOW:PACKAGE1
Found: rapl:::PACKAGE_ENERGY:PACKAGE0
Found: rapl:::PACKAGE_ENERGY:PACKAGE1
Found: rapl:::DRAM_ENERGY:PACKAGE0
Found: rapl:::DRAM_ENERGY:PACKAGE1
Found: rapl:::PP0_ENERGY:PACKAGE0
Found: rapl:::PP0_ENERGY:PACKAGE1
Starting process_deletions
1.2377 s 0.0000 (* Average Power for rapl:::THERMAL_SPEC_CNT:PACKAGE0 *)
1.2377 s 0.0000 (* Average Power for rapl:::THERMAL_SPEC_CNT:PACKAGE1 *)
1.2377 s 0.0000 (* Average Power for rapl:::MINIMUM_POWER_CNT:PACKAGE0 *)
1.2377 s 0.0000 (* Average Power for rapl:::MINIMUM_POWER_CNT:PACKAGE1 *)
1.2377 s 0.0000 (* Average Power for rapl:::MAXIMUM_POWER_CNT:PACKAGE0 *)
1.2377 s 0.0000 (* Average Power for rapl:::MAXIMUM_POWER_CNT:PACKAGE1 *)
1.2377 s 0.0000 (* Average Power for rapl:::MAXIMUM_TIME_WINDOW_CNT:PACKAGE0 *)
1.2377 s 0.0000 (* Average Power for rapl:::MAXIMUM_TIME_WINDOW_CNT:PACKAGE1 *)
1.2377 s 0.0013 (* Average Power for rapl:::PACKAGE_ENERGY_CNT:PACKAGE0 *)
1.2377 s 0.0013 (* Average Power for rapl:::PACKAGE_ENERGY_CNT:PACKAGE1 *)
1.2377 s 0.0009 (* Average Power for rapl:::DRAM_ENERGY_CNT:PACKAGE0 *)
1.2377 s 0.0010 (* Average Power for rapl:::DRAM_ENERGY_CNT:PACKAGE1 *)
1.2377 s 0.0000 (* Average Power for rapl:::PP0_ENERGY_CNT:PACKAGE0 *)
1.2377 s 0.0000 (* Average Power for rapl:::PP0_ENERGY_CNT:PACKAGE1 *)
1.2377 s 3748475598.9336 (* Average Power for rapl:::THERMAL_SPEC:PACKAGE0 *)
1.2377 s 3748475598.9336 (* Average Power for rapl:::THERMAL_SPEC:PACKAGE1 *)
1.2377 s 3744637773.0627 (* Average Power for rapl:::MINIMUM_POWER:PACKAGE0 *)
1.2377 s 3744637773.0627 (* Average Power for rapl:::MINIMUM_POWER:PACKAGE1 *)
1.2377 s 3752114426.4260 (* Average Power for rapl:::MAXIMUM_POWER:PACKAGE0 *)
1.2377 s 3752114426.4260 (* Average Power for rapl:::MAXIMUM_POWER:PACKAGE1 *)
1.2377 s 3706032087.6357 (* Average Power for rapl:::MAXIMUM_TIME_WINDOW:PACKAGE0 *)
1.2377 s 3706032087.6357 (* Average Power for rapl:::MAXIMUM_TIME_WINDOW:PACKAGE1 *)
1.2377 s 98.3148 (* Total Energy for rapl:::PACKAGE_ENERGY:PACKAGE0 *)
1.2377 s 79.4366 (* Average Power for rapl:::PACKAGE_ENERGY:PACKAGE0 *)
1.2377 s 98.3470 (* Total Energy for rapl:::PACKAGE_ENERGY:PACKAGE1 *)
1.2377 s 79.4626 (* Average Power for rapl:::PACKAGE_ENERGY:PACKAGE1 *)
1.2377 s 14.3539 (* Average Power for rapl:::DRAM_ENERGY:PACKAGE0 *)
1.2377 s 15.2659 (* Average Power for rapl:::DRAM_ENERGY:PACKAGE1 *)
1.2377 s 0.0000 (* Average Power for rapl:::PP0_ENERGY:PACKAGE0 *)
1.2377 s 0.0000 (* Average Power for rapl:::PP0_ENERGY:PACKAGE1 *)
Time for Deletion  1.237619 
Total Time for Updating at Batch 1 is 2.126438 
Total Time for Updating Rooted Tree at iter 1 is 1.702468 with Rewire:0
Total Time for Updating  3.831837 
Time Taken for Initializing Memory 0.079412 
Highest Edge Value 10 --
Total Time for Reading Remainder Edges 19.484391 
Total Time for Reading Certificate Network 4.602719 
Total Time for Reading Update List 0.406752 
==Update Starts =======
Total Time for Initial Tree Creation  2.049407 
Found rapl component at cid 2
Found: rapl:::THERMAL_SPEC_CNT:PACKAGE0
Found: rapl:::THERMAL_SPEC_CNT:PACKAGE1
Found: rapl:::MINIMUM_POWER_CNT:PACKAGE0
Found: rapl:::MINIMUM_POWER_CNT:PACKAGE1
Found: rapl:::MAXIMUM_POWER_CNT:PACKAGE0
Found: rapl:::MAXIMUM_POWER_CNT:PACKAGE1
Found: rapl:::MAXIMUM_TIME_WINDOW_CNT:PACKAGE0
Found: rapl:::MAXIMUM_TIME_WINDOW_CNT:PACKAGE1
Found: rapl:::PACKAGE_ENERGY_CNT:PACKAGE0
Found: rapl:::PACKAGE_ENERGY_CNT:PACKAGE1
Found: rapl:::DRAM_ENERGY_CNT:PACKAGE0
Found: rapl:::DRAM_ENERGY_CNT:PACKAGE1
Found: rapl:::PP0_ENERGY_CNT:PACKAGE0
Found: rapl:::PP0_ENERGY_CNT:PACKAGE1
Found: rapl:::THERMAL_SPEC:PACKAGE0
Found: rapl:::THERMAL_SPEC:PACKAGE1
Found: rapl:::MINIMUM_POWER:PACKAGE0
Found: rapl:::MINIMUM_POWER:PACKAGE1
Found: rapl:::MAXIMUM_POWER:PACKAGE0
Found: rapl:::MAXIMUM_POWER:PACKAGE1
Found: rapl:::MAXIMUM_TIME_WINDOW:PACKAGE0
Found: rapl:::MAXIMUM_TIME_WINDOW:PACKAGE1
Found: rapl:::PACKAGE_ENERGY:PACKAGE0
Found: rapl:::PACKAGE_ENERGY:PACKAGE1
Found: rapl:::DRAM_ENERGY:PACKAGE0
Found: rapl:::DRAM_ENERGY:PACKAGE1
Found: rapl:::PP0_ENERGY:PACKAGE0
Found: rapl:::PP0_ENERGY:PACKAGE1
Starting Classify and Insert
Classify 999999 999999  
Deleted Edges: 28700 
Processed Inserts: 235977
 Unprocessed Inserts: 323
 0.8113 s 0.0000 (* Average Power for rapl:::THERMAL_SPEC_CNT:PACKAGE0 *)
0.8113 s 0.0000 (* Average Power for rapl:::THERMAL_SPEC_CNT:PACKAGE1 *)
0.8113 s 0.0000 (* Average Power for rapl:::MINIMUM_POWER_CNT:PACKAGE0 *)
0.8113 s 0.0000 (* Average Power for rapl:::MINIMUM_POWER_CNT:PACKAGE1 *)
0.8113 s 0.0000 (* Average Power for rapl:::MAXIMUM_POWER_CNT:PACKAGE0 *)
0.8113 s 0.0000 (* Average Power for rapl:::MAXIMUM_POWER_CNT:PACKAGE1 *)
0.8113 s 0.0000 (* Average Power for rapl:::MAXIMUM_TIME_WINDOW_CNT:PACKAGE0 *)
0.8113 s 0.0000 (* Average Power for rapl:::MAXIMUM_TIME_WINDOW_CNT:PACKAGE1 *)
0.8113 s 0.0012 (* Average Power for rapl:::PACKAGE_ENERGY_CNT:PACKAGE0 *)
0.8113 s 0.0015 (* Average Power for rapl:::PACKAGE_ENERGY_CNT:PACKAGE1 *)
0.8113 s 0.0009 (* Average Power for rapl:::DRAM_ENERGY_CNT:PACKAGE0 *)
0.8113 s 0.0010 (* Average Power for rapl:::DRAM_ENERGY_CNT:PACKAGE1 *)
0.8113 s 0.0000 (* Average Power for rapl:::PP0_ENERGY_CNT:PACKAGE0 *)
0.8113 s 0.0000 (* Average Power for rapl:::PP0_ENERGY_CNT:PACKAGE1 *)
0.8113 s 5718091915.7752 (* Average Power for rapl:::THERMAL_SPEC:PACKAGE0 *)
0.8113 s 5718091915.7752 (* Average Power for rapl:::THERMAL_SPEC:PACKAGE1 *)
0.8113 s 5712237524.9683 (* Average Power for rapl:::MINIMUM_POWER:PACKAGE0 *)
0.8113 s 5712237524.9683 (* Average Power for rapl:::MINIMUM_POWER:PACKAGE1 *)
0.8113 s 5723642745.5773 (* Average Power for rapl:::MAXIMUM_POWER:PACKAGE0 *)
0.8113 s 5723642745.5773 (* Average Power for rapl:::MAXIMUM_POWER:PACKAGE1 *)
0.8113 s 5653346690.0363 (* Average Power for rapl:::MAXIMUM_TIME_WINDOW:PACKAGE0 *)
0.8113 s 5653346690.0363 (* Average Power for rapl:::MAXIMUM_TIME_WINDOW:PACKAGE1 *)
0.8113 s 61.5945 (* Total Energy for rapl:::PACKAGE_ENERGY:PACKAGE0 *)
0.8113 s 75.9172 (* Average Power for rapl:::PACKAGE_ENERGY:PACKAGE0 *)
0.8113 s 73.6473 (* Total Energy for rapl:::PACKAGE_ENERGY:PACKAGE1 *)
0.8113 s 90.7726 (* Average Power for rapl:::PACKAGE_ENERGY:PACKAGE1 *)
0.8113 s 14.4054 (* Average Power for rapl:::DRAM_ENERGY:PACKAGE0 *)
0.8113 s 15.3027 (* Average Power for rapl:::DRAM_ENERGY:PACKAGE1 *)
0.8113 s 0.0000 (* Average Power for rapl:::PP0_ENERGY:PACKAGE0 *)
0.8113 s 0.0000 (* Average Power for rapl:::PP0_ENERGY:PACKAGE1 *)
Time for Classify and insert  0.811302 
Found rapl component at cid 2
Found: rapl:::THERMAL_SPEC_CNT:PACKAGE0
Found: rapl:::THERMAL_SPEC_CNT:PACKAGE1
Found: rapl:::MINIMUM_POWER_CNT:PACKAGE0
Found: rapl:::MINIMUM_POWER_CNT:PACKAGE1
Found: rapl:::MAXIMUM_POWER_CNT:PACKAGE0
Found: rapl:::MAXIMUM_POWER_CNT:PACKAGE1
Found: rapl:::MAXIMUM_TIME_WINDOW_CNT:PACKAGE0
Found: rapl:::MAXIMUM_TIME_WINDOW_CNT:PACKAGE1
Found: rapl:::PACKAGE_ENERGY_CNT:PACKAGE0
Found: rapl:::PACKAGE_ENERGY_CNT:PACKAGE1
Found: rapl:::DRAM_ENERGY_CNT:PACKAGE0
Found: rapl:::DRAM_ENERGY_CNT:PACKAGE1
Found: rapl:::PP0_ENERGY_CNT:PACKAGE0
Found: rapl:::PP0_ENERGY_CNT:PACKAGE1
Found: rapl:::THERMAL_SPEC:PACKAGE0
Found: rapl:::THERMAL_SPEC:PACKAGE1
Found: rapl:::MINIMUM_POWER:PACKAGE0
Found: rapl:::MINIMUM_POWER:PACKAGE1
Found: rapl:::MAXIMUM_POWER:PACKAGE0
Found: rapl:::MAXIMUM_POWER:PACKAGE1
Found: rapl:::MAXIMUM_TIME_WINDOW:PACKAGE0
Found: rapl:::MAXIMUM_TIME_WINDOW:PACKAGE1
Found: rapl:::PACKAGE_ENERGY:PACKAGE0
Found: rapl:::PACKAGE_ENERGY:PACKAGE1
Found: rapl:::DRAM_ENERGY:PACKAGE0
Found: rapl:::DRAM_ENERGY:PACKAGE1
Found: rapl:::PP0_ENERGY:PACKAGE0
Found: rapl:::PP0_ENERGY:PACKAGE1
Starting process_deletions
1.1962 s 0.0000 (* Average Power for rapl:::THERMAL_SPEC_CNT:PACKAGE0 *)
1.1962 s 0.0000 (* Average Power for rapl:::THERMAL_SPEC_CNT:PACKAGE1 *)
1.1962 s 0.0000 (* Average Power for rapl:::MINIMUM_POWER_CNT:PACKAGE0 *)
1.1962 s 0.0000 (* Average Power for rapl:::MINIMUM_POWER_CNT:PACKAGE1 *)
1.1962 s 0.0000 (* Average Power for rapl:::MAXIMUM_POWER_CNT:PACKAGE0 *)
1.1962 s 0.0000 (* Average Power for rapl:::MAXIMUM_POWER_CNT:PACKAGE1 *)
1.1962 s 0.0000 (* Average Power for rapl:::MAXIMUM_TIME_WINDOW_CNT:PACKAGE0 *)
1.1962 s 0.0000 (* Average Power for rapl:::MAXIMUM_TIME_WINDOW_CNT:PACKAGE1 *)
1.1962 s 0.0011 (* Average Power for rapl:::PACKAGE_ENERGY_CNT:PACKAGE0 *)
1.1962 s 0.0012 (* Average Power for rapl:::PACKAGE_ENERGY_CNT:PACKAGE1 *)
1.1962 s 0.0009 (* Average Power for rapl:::DRAM_ENERGY_CNT:PACKAGE0 *)
1.1962 s 0.0010 (* Average Power for rapl:::DRAM_ENERGY_CNT:PACKAGE1 *)
1.1962 s 0.0000 (* Average Power for rapl:::PP0_ENERGY_CNT:PACKAGE0 *)
1.1962 s 0.0000 (* Average Power for rapl:::PP0_ENERGY_CNT:PACKAGE1 *)
1.1962 s 3878384683.0440 (* Average Power for rapl:::THERMAL_SPEC:PACKAGE0 *)
1.1962 s 3878384683.0440 (* Average Power for rapl:::THERMAL_SPEC:PACKAGE1 *)
1.1962 s 3874413851.5203 (* Average Power for rapl:::MINIMUM_POWER:PACKAGE0 *)
1.1962 s 3874413851.5203 (* Average Power for rapl:::MINIMUM_POWER:PACKAGE1 *)
1.1962 s 3882149619.5997 (* Average Power for rapl:::MAXIMUM_POWER:PACKAGE0 *)
1.1962 s 3882149619.5997 (* Average Power for rapl:::MAXIMUM_POWER:PACKAGE1 *)
1.1962 s 3834470227.7493 (* Average Power for rapl:::MAXIMUM_TIME_WINDOW:PACKAGE0 *)
1.1962 s 3834470227.7493 (* Average Power for rapl:::MAXIMUM_TIME_WINDOW:PACKAGE1 *)
1.1962 s 80.3160 (* Total Energy for rapl:::PACKAGE_ENERGY:PACKAGE0 *)
1.1962 s 67.1429 (* Average Power for rapl:::PACKAGE_ENERGY:PACKAGE0 *)
1.1962 s 84.8148 (* Total Energy for rapl:::PACKAGE_ENERGY:PACKAGE1 *)
1.1962 s 70.9038 (* Average Power for rapl:::PACKAGE_ENERGY:PACKAGE1 *)
1.1962 s 14.3279 (* Average Power for rapl:::DRAM_ENERGY:PACKAGE0 *)
1.1962 s 15.2928 (* Average Power for rapl:::DRAM_ENERGY:PACKAGE1 *)
1.1962 s 0.0000 (* Average Power for rapl:::PP0_ENERGY:PACKAGE0 *)
1.1962 s 0.0000 (* Average Power for rapl:::PP0_ENERGY:PACKAGE1 *)
Time for Deletion  1.196165 
Total Time for Updating at Batch 1 is 2.081218 
Total Time for Updating Rooted Tree at iter 1 is 1.557000 with Rewire:0
Total Time for Updating  3.641100 
Time Taken for Initializing Memory 0.096426 
Highest Edge Value 10 --
Total Time for Reading Remainder Edges 19.252433 
Total Time for Reading Certificate Network 4.607987 
Total Time for Reading Update List 0.407449 
==Update Starts =======
Total Time for Initial Tree Creation  2.076371 
Found rapl component at cid 2
Found: rapl:::THERMAL_SPEC_CNT:PACKAGE0
Found: rapl:::THERMAL_SPEC_CNT:PACKAGE1
Found: rapl:::MINIMUM_POWER_CNT:PACKAGE0
Found: rapl:::MINIMUM_POWER_CNT:PACKAGE1
Found: rapl:::MAXIMUM_POWER_CNT:PACKAGE0
Found: rapl:::MAXIMUM_POWER_CNT:PACKAGE1
Found: rapl:::MAXIMUM_TIME_WINDOW_CNT:PACKAGE0
Found: rapl:::MAXIMUM_TIME_WINDOW_CNT:PACKAGE1
Found: rapl:::PACKAGE_ENERGY_CNT:PACKAGE0
Found: rapl:::PACKAGE_ENERGY_CNT:PACKAGE1
Found: rapl:::DRAM_ENERGY_CNT:PACKAGE0
Found: rapl:::DRAM_ENERGY_CNT:PACKAGE1
Found: rapl:::PP0_ENERGY_CNT:PACKAGE0
Found: rapl:::PP0_ENERGY_CNT:PACKAGE1
Found: rapl:::THERMAL_SPEC:PACKAGE0
Found: rapl:::THERMAL_SPEC:PACKAGE1
Found: rapl:::MINIMUM_POWER:PACKAGE0
Found: rapl:::MINIMUM_POWER:PACKAGE1
Found: rapl:::MAXIMUM_POWER:PACKAGE0
Found: rapl:::MAXIMUM_POWER:PACKAGE1
Found: rapl:::MAXIMUM_TIME_WINDOW:PACKAGE0
Found: rapl:::MAXIMUM_TIME_WINDOW:PACKAGE1
Found: rapl:::PACKAGE_ENERGY:PACKAGE0
Found: rapl:::PACKAGE_ENERGY:PACKAGE1
Found: rapl:::DRAM_ENERGY:PACKAGE0
Found: rapl:::DRAM_ENERGY:PACKAGE1
Found: rapl:::PP0_ENERGY:PACKAGE0
Found: rapl:::PP0_ENERGY:PACKAGE1
Starting Classify and Insert
Classify 999999 999999  
Deleted Edges: 28700 
Processed Inserts: 235974
 Unprocessed Inserts: 278
 0.8258 s 0.0000 (* Average Power for rapl:::THERMAL_SPEC_CNT:PACKAGE0 *)
0.8258 s 0.0000 (* Average Power for rapl:::THERMAL_SPEC_CNT:PACKAGE1 *)
0.8258 s 0.0000 (* Average Power for rapl:::MINIMUM_POWER_CNT:PACKAGE0 *)
0.8258 s 0.0000 (* Average Power for rapl:::MINIMUM_POWER_CNT:PACKAGE1 *)
0.8258 s 0.0000 (* Average Power for rapl:::MAXIMUM_POWER_CNT:PACKAGE0 *)
0.8258 s 0.0000 (* Average Power for rapl:::MAXIMUM_POWER_CNT:PACKAGE1 *)
0.8258 s 0.0000 (* Average Power for rapl:::MAXIMUM_TIME_WINDOW_CNT:PACKAGE0 *)
0.8258 s 0.0000 (* Average Power for rapl:::MAXIMUM_TIME_WINDOW_CNT:PACKAGE1 *)
0.8258 s 0.0010 (* Average Power for rapl:::PACKAGE_ENERGY_CNT:PACKAGE0 *)
0.8258 s 0.0014 (* Average Power for rapl:::PACKAGE_ENERGY_CNT:PACKAGE1 *)
0.8258 s 0.0009 (* Average Power for rapl:::DRAM_ENERGY_CNT:PACKAGE0 *)
0.8258 s 0.0010 (* Average Power for rapl:::DRAM_ENERGY_CNT:PACKAGE1 *)
0.8258 s 0.0000 (* Average Power for rapl:::PP0_ENERGY_CNT:PACKAGE0 *)
0.8258 s 0.0000 (* Average Power for rapl:::PP0_ENERGY_CNT:PACKAGE1 *)
0.8258 s 5618181054.2952 (* Average Power for rapl:::THERMAL_SPEC:PACKAGE0 *)
0.8258 s 5618181054.2952 (* Average Power for rapl:::THERMAL_SPEC:PACKAGE1 *)
0.8258 s 5612428955.8679 (* Average Power for rapl:::MINIMUM_POWER:PACKAGE0 *)
0.8258 s 5612428955.8679 (* Average Power for rapl:::MINIMUM_POWER:PACKAGE1 *)
0.8258 s 5623634895.7670 (* Average Power for rapl:::MAXIMUM_POWER:PACKAGE0 *)
0.8258 s 5623634895.7670 (* Average Power for rapl:::MAXIMUM_POWER:PACKAGE1 *)
0.8258 s 5554567106.5028 (* Average Power for rapl:::MAXIMUM_TIME_WINDOW:PACKAGE0 *)
0.8258 s 5554567106.5028 (* Average Power for rapl:::MAXIMUM_TIME_WINDOW:PACKAGE1 *)
0.8258 s 49.6002 (* Total Energy for rapl:::PACKAGE_ENERGY:PACKAGE0 *)
0.8258 s 60.0657 (* Average Power for rapl:::PACKAGE_ENERGY:PACKAGE0 *)
0.8258 s 72.3904 (* Total Energy for rapl:::PACKAGE_ENERGY:PACKAGE1 *)
0.8258 s 87.6645 (* Average Power for rapl:::PACKAGE_ENERGY:PACKAGE1 *)
0.8258 s 14.3747 (* Average Power for rapl:::DRAM_ENERGY:PACKAGE0 *)
0.8258 s 15.2680 (* Average Power for rapl:::DRAM_ENERGY:PACKAGE1 *)
0.8258 s 0.0000 (* Average Power for rapl:::PP0_ENERGY:PACKAGE0 *)
0.8258 s 0.0000 (* Average Power for rapl:::PP0_ENERGY:PACKAGE1 *)
Time for Classify and insert  0.825731 
Found rapl component at cid 2
Found: rapl:::THERMAL_SPEC_CNT:PACKAGE0
Found: rapl:::THERMAL_SPEC_CNT:PACKAGE1
Found: rapl:::MINIMUM_POWER_CNT:PACKAGE0
Found: rapl:::MINIMUM_POWER_CNT:PACKAGE1
Found: rapl:::MAXIMUM_POWER_CNT:PACKAGE0
Found: rapl:::MAXIMUM_POWER_CNT:PACKAGE1
Found: rapl:::MAXIMUM_TIME_WINDOW_CNT:PACKAGE0
Found: rapl:::MAXIMUM_TIME_WINDOW_CNT:PACKAGE1
Found: rapl:::PACKAGE_ENERGY_CNT:PACKAGE0
Found: rapl:::PACKAGE_ENERGY_CNT:PACKAGE1
Found: rapl:::DRAM_ENERGY_CNT:PACKAGE0
Found: rapl:::DRAM_ENERGY_CNT:PACKAGE1
Found: rapl:::PP0_ENERGY_CNT:PACKAGE0
Found: rapl:::PP0_ENERGY_CNT:PACKAGE1
Found: rapl:::THERMAL_SPEC:PACKAGE0
Found: rapl:::THERMAL_SPEC:PACKAGE1
Found: rapl:::MINIMUM_POWER:PACKAGE0
Found: rapl:::MINIMUM_POWER:PACKAGE1
Found: rapl:::MAXIMUM_POWER:PACKAGE0
Found: rapl:::MAXIMUM_POWER:PACKAGE1
Found: rapl:::MAXIMUM_TIME_WINDOW:PACKAGE0
Found: rapl:::MAXIMUM_TIME_WINDOW:PACKAGE1
Found: rapl:::PACKAGE_ENERGY:PACKAGE0
Found: rapl:::PACKAGE_ENERGY:PACKAGE1
Found: rapl:::DRAM_ENERGY:PACKAGE0
Found: rapl:::DRAM_ENERGY:PACKAGE1
Found: rapl:::PP0_ENERGY:PACKAGE0
Found: rapl:::PP0_ENERGY:PACKAGE1
Starting process_deletions
1.2296 s 0.0000 (* Average Power for rapl:::THERMAL_SPEC_CNT:PACKAGE0 *)
1.2296 s 0.0000 (* Average Power for rapl:::THERMAL_SPEC_CNT:PACKAGE1 *)
1.2296 s 0.0000 (* Average Power for rapl:::MINIMUM_POWER_CNT:PACKAGE0 *)
1.2296 s 0.0000 (* Average Power for rapl:::MINIMUM_POWER_CNT:PACKAGE1 *)
1.2296 s 0.0000 (* Average Power for rapl:::MAXIMUM_POWER_CNT:PACKAGE0 *)
1.2296 s 0.0000 (* Average Power for rapl:::MAXIMUM_POWER_CNT:PACKAGE1 *)
1.2296 s 0.0000 (* Average Power for rapl:::MAXIMUM_TIME_WINDOW_CNT:PACKAGE0 *)
1.2296 s 0.0000 (* Average Power for rapl:::MAXIMUM_TIME_WINDOW_CNT:PACKAGE1 *)
1.2296 s 0.0013 (* Average Power for rapl:::PACKAGE_ENERGY_CNT:PACKAGE0 *)
1.2296 s 0.0015 (* Average Power for rapl:::PACKAGE_ENERGY_CNT:PACKAGE1 *)
1.2296 s 0.0009 (* Average Power for rapl:::DRAM_ENERGY_CNT:PACKAGE0 *)
1.2296 s 0.0010 (* Average Power for rapl:::DRAM_ENERGY_CNT:PACKAGE1 *)
1.2296 s 0.0000 (* Average Power for rapl:::PP0_ENERGY_CNT:PACKAGE0 *)
1.2296 s 0.0000 (* Average Power for rapl:::PP0_ENERGY_CNT:PACKAGE1 *)
1.2296 s 3772992046.2958 (* Average Power for rapl:::THERMAL_SPEC:PACKAGE0 *)
1.2296 s 3772992046.2958 (* Average Power for rapl:::THERMAL_SPEC:PACKAGE1 *)
1.2296 s 3769129119.5930 (* Average Power for rapl:::MINIMUM_POWER:PACKAGE0 *)
1.2296 s 3769129119.5930 (* Average Power for rapl:::MINIMUM_POWER:PACKAGE1 *)
1.2296 s 3776654673.0955 (* Average Power for rapl:::MAXIMUM_POWER:PACKAGE0 *)
1.2296 s 3776654673.0955 (* Average Power for rapl:::MAXIMUM_POWER:PACKAGE1 *)
1.2296 s 3730270938.3901 (* Average Power for rapl:::MAXIMUM_TIME_WINDOW:PACKAGE0 *)
1.2296 s 3730270938.3901 (* Average Power for rapl:::MAXIMUM_TIME_WINDOW:PACKAGE1 *)
1.2296 s 99.8919 (* Total Energy for rapl:::PACKAGE_ENERGY:PACKAGE0 *)
1.2296 s 81.2387 (* Average Power for rapl:::PACKAGE_ENERGY:PACKAGE0 *)
1.2296 s 109.2148 (* Total Energy for rapl:::PACKAGE_ENERGY:PACKAGE1 *)
1.2296 s 88.8207 (* Average Power for rapl:::PACKAGE_ENERGY:PACKAGE1 *)
1.2296 s 14.3227 (* Average Power for rapl:::DRAM_ENERGY:PACKAGE0 *)
1.2296 s 15.2494 (* Average Power for rapl:::DRAM_ENERGY:PACKAGE1 *)
1.2296 s 0.0000 (* Average Power for rapl:::PP0_ENERGY:PACKAGE0 *)
1.2296 s 0.0000 (* Average Power for rapl:::PP0_ENERGY:PACKAGE1 *)
Time for Deletion  1.229578 
Total Time for Updating at Batch 1 is 2.129658 
Total Time for Updating Rooted Tree at iter 1 is 1.572249 with Rewire:0
Total Time for Updating  3.704923 
