Time Taken for Initializing Memory 0.081462 
Highest Edge Value 10 --
Total Time for Reading Remainder Edges 19.244227 
Total Time for Reading Certificate Network 4.616499 
Total Time for Reading Update List 0.406925 
==Update Starts =======
Total Time for Initial Tree Creation  1.794155 
Found rapl component at cid 2
Found: rapl:::THERMAL_SPEC_CNT:PACKAGE0
Found: rapl:::THERMAL_SPEC_CNT:PACKAGE1
Found: rapl:::MINIMUM_POWER_CNT:PACKAGE0
Found: rapl:::MINIMUM_POWER_CNT:PACKAGE1
Found: rapl:::MAXIMUM_POWER_CNT:PACKAGE0
Found: rapl:::MAXIMUM_POWER_CNT:PACKAGE1
Found: rapl:::MAXIMUM_TIME_WINDOW_CNT:PACKAGE0
Found: rapl:::MAXIMUM_TIME_WINDOW_CNT:PACKAGE1
Found: rapl:::PACKAGE_ENERGY_CNT:PACKAGE0
Found: rapl:::PACKAGE_ENERGY_CNT:PACKAGE1
Found: rapl:::DRAM_ENERGY_CNT:PACKAGE0
Found: rapl:::DRAM_ENERGY_CNT:PACKAGE1
Found: rapl:::PP0_ENERGY_CNT:PACKAGE0
Found: rapl:::PP0_ENERGY_CNT:PACKAGE1
Found: rapl:::THERMAL_SPEC:PACKAGE0
Found: rapl:::THERMAL_SPEC:PACKAGE1
Found: rapl:::MINIMUM_POWER:PACKAGE0
Found: rapl:::MINIMUM_POWER:PACKAGE1
Found: rapl:::MAXIMUM_POWER:PACKAGE0
Found: rapl:::MAXIMUM_POWER:PACKAGE1
Found: rapl:::MAXIMUM_TIME_WINDOW:PACKAGE0
Found: rapl:::MAXIMUM_TIME_WINDOW:PACKAGE1
Found: rapl:::PACKAGE_ENERGY:PACKAGE0
Found: rapl:::PACKAGE_ENERGY:PACKAGE1
Found: rapl:::DRAM_ENERGY:PACKAGE0
Found: rapl:::DRAM_ENERGY:PACKAGE1
Found: rapl:::PP0_ENERGY:PACKAGE0
Found: rapl:::PP0_ENERGY:PACKAGE1
Starting Classify and Insert
Classify 999999 999999  
Deleted Edges: 28700 
Processed Inserts: 235651
 Unprocessed Inserts: 609
 0.6767 s 0.0000 (* Average Power for rapl:::THERMAL_SPEC_CNT:PACKAGE0 *)
0.6767 s 0.0000 (* Average Power for rapl:::THERMAL_SPEC_CNT:PACKAGE1 *)
0.6767 s 0.0000 (* Average Power for rapl:::MINIMUM_POWER_CNT:PACKAGE0 *)
0.6767 s 0.0000 (* Average Power for rapl:::MINIMUM_POWER_CNT:PACKAGE1 *)
0.6767 s 0.0000 (* Average Power for rapl:::MAXIMUM_POWER_CNT:PACKAGE0 *)
0.6767 s 0.0000 (* Average Power for rapl:::MAXIMUM_POWER_CNT:PACKAGE1 *)
0.6767 s 0.0000 (* Average Power for rapl:::MAXIMUM_TIME_WINDOW_CNT:PACKAGE0 *)
0.6767 s 0.0000 (* Average Power for rapl:::MAXIMUM_TIME_WINDOW_CNT:PACKAGE1 *)
0.6767 s 0.0012 (* Average Power for rapl:::PACKAGE_ENERGY_CNT:PACKAGE0 *)
0.6767 s 0.0012 (* Average Power for rapl:::PACKAGE_ENERGY_CNT:PACKAGE1 *)
0.6767 s 0.0009 (* Average Power for rapl:::DRAM_ENERGY_CNT:PACKAGE0 *)
0.6767 s 0.0010 (* Average Power for rapl:::DRAM_ENERGY_CNT:PACKAGE1 *)
0.6767 s 0.0000 (* Average Power for rapl:::PP0_ENERGY_CNT:PACKAGE0 *)
0.6767 s 0.0000 (* Average Power for rapl:::PP0_ENERGY_CNT:PACKAGE1 *)
0.6767 s 6855675671.1184 (* Average Power for rapl:::THERMAL_SPEC:PACKAGE0 *)
0.6767 s 6855675671.1184 (* Average Power for rapl:::THERMAL_SPEC:PACKAGE1 *)
0.6767 s 6848656580.6219 (* Average Power for rapl:::MINIMUM_POWER:PACKAGE0 *)
0.6767 s 6848656580.6219 (* Average Power for rapl:::MINIMUM_POWER:PACKAGE1 *)
0.6767 s 6862330808.7744 (* Average Power for rapl:::MAXIMUM_POWER:PACKAGE0 *)
0.6767 s 6862330808.7744 (* Average Power for rapl:::MAXIMUM_POWER:PACKAGE1 *)
0.6767 s 6778049729.5531 (* Average Power for rapl:::MAXIMUM_TIME_WINDOW:PACKAGE0 *)
0.6767 s 6778049729.5531 (* Average Power for rapl:::MAXIMUM_TIME_WINDOW:PACKAGE1 *)
0.6767 s 47.8774 (* Total Energy for rapl:::PACKAGE_ENERGY:PACKAGE0 *)
0.6767 s 70.7503 (* Average Power for rapl:::PACKAGE_ENERGY:PACKAGE0 *)
0.6767 s 50.4684 (* Total Energy for rapl:::PACKAGE_ENERGY:PACKAGE1 *)
0.6767 s 74.5791 (* Average Power for rapl:::PACKAGE_ENERGY:PACKAGE1 *)
0.6767 s 14.4544 (* Average Power for rapl:::DRAM_ENERGY:PACKAGE0 *)
0.6767 s 15.3793 (* Average Power for rapl:::DRAM_ENERGY:PACKAGE1 *)
0.6767 s 0.0000 (* Average Power for rapl:::PP0_ENERGY:PACKAGE0 *)
0.6767 s 0.0000 (* Average Power for rapl:::PP0_ENERGY:PACKAGE1 *)
Time for Classify and insert  0.676651 
Found rapl component at cid 2
Found: rapl:::THERMAL_SPEC_CNT:PACKAGE0
Found: rapl:::THERMAL_SPEC_CNT:PACKAGE1
Found: rapl:::MINIMUM_POWER_CNT:PACKAGE0
Found: rapl:::MINIMUM_POWER_CNT:PACKAGE1
Found: rapl:::MAXIMUM_POWER_CNT:PACKAGE0
Found: rapl:::MAXIMUM_POWER_CNT:PACKAGE1
Found: rapl:::MAXIMUM_TIME_WINDOW_CNT:PACKAGE0
Found: rapl:::MAXIMUM_TIME_WINDOW_CNT:PACKAGE1
Found: rapl:::PACKAGE_ENERGY_CNT:PACKAGE0
Found: rapl:::PACKAGE_ENERGY_CNT:PACKAGE1
Found: rapl:::DRAM_ENERGY_CNT:PACKAGE0
Found: rapl:::DRAM_ENERGY_CNT:PACKAGE1
Found: rapl:::PP0_ENERGY_CNT:PACKAGE0
Found: rapl:::PP0_ENERGY_CNT:PACKAGE1
Found: rapl:::THERMAL_SPEC:PACKAGE0
Found: rapl:::THERMAL_SPEC:PACKAGE1
Found: rapl:::MINIMUM_POWER:PACKAGE0
Found: rapl:::MINIMUM_POWER:PACKAGE1
Found: rapl:::MAXIMUM_POWER:PACKAGE0
Found: rapl:::MAXIMUM_POWER:PACKAGE1
Found: rapl:::MAXIMUM_TIME_WINDOW:PACKAGE0
Found: rapl:::MAXIMUM_TIME_WINDOW:PACKAGE1
Found: rapl:::PACKAGE_ENERGY:PACKAGE0
Found: rapl:::PACKAGE_ENERGY:PACKAGE1
Found: rapl:::DRAM_ENERGY:PACKAGE0
Found: rapl:::DRAM_ENERGY:PACKAGE1
Found: rapl:::PP0_ENERGY:PACKAGE0
Found: rapl:::PP0_ENERGY:PACKAGE1
Starting process_deletions
0.5539 s 0.0000 (* Average Power for rapl:::THERMAL_SPEC_CNT:PACKAGE0 *)
0.5539 s 0.0000 (* Average Power for rapl:::THERMAL_SPEC_CNT:PACKAGE1 *)
0.5539 s 0.0000 (* Average Power for rapl:::MINIMUM_POWER_CNT:PACKAGE0 *)
0.5539 s 0.0000 (* Average Power for rapl:::MINIMUM_POWER_CNT:PACKAGE1 *)
0.5539 s 0.0000 (* Average Power for rapl:::MAXIMUM_POWER_CNT:PACKAGE0 *)
0.5539 s 0.0000 (* Average Power for rapl:::MAXIMUM_POWER_CNT:PACKAGE1 *)
0.5539 s 0.0000 (* Average Power for rapl:::MAXIMUM_TIME_WINDOW_CNT:PACKAGE0 *)
0.5539 s 0.0000 (* Average Power for rapl:::MAXIMUM_TIME_WINDOW_CNT:PACKAGE1 *)
0.5539 s 0.0017 (* Average Power for rapl:::PACKAGE_ENERGY_CNT:PACKAGE0 *)
0.5539 s 0.0017 (* Average Power for rapl:::PACKAGE_ENERGY_CNT:PACKAGE1 *)
0.5539 s 0.0010 (* Average Power for rapl:::DRAM_ENERGY_CNT:PACKAGE0 *)
0.5539 s 0.0010 (* Average Power for rapl:::DRAM_ENERGY_CNT:PACKAGE1 *)
0.5539 s 0.0000 (* Average Power for rapl:::PP0_ENERGY_CNT:PACKAGE0 *)
0.5539 s 0.0000 (* Average Power for rapl:::PP0_ENERGY_CNT:PACKAGE1 *)
0.5539 s 8375166102.4871 (* Average Power for rapl:::THERMAL_SPEC:PACKAGE0 *)
0.5539 s 8375166102.4871 (* Average Power for rapl:::THERMAL_SPEC:PACKAGE1 *)
0.5539 s 8366591302.3336 (* Average Power for rapl:::MINIMUM_POWER:PACKAGE0 *)
0.5539 s 8366591302.3336 (* Average Power for rapl:::MINIMUM_POWER:PACKAGE1 *)
0.5539 s 8383296283.3733 (* Average Power for rapl:::MAXIMUM_POWER:PACKAGE0 *)
0.5539 s 8383296283.3733 (* Average Power for rapl:::MAXIMUM_POWER:PACKAGE1 *)
0.5539 s 8280335164.4935 (* Average Power for rapl:::MAXIMUM_TIME_WINDOW:PACKAGE0 *)
0.5539 s 8280335164.4935 (* Average Power for rapl:::MAXIMUM_TIME_WINDOW:PACKAGE1 *)
0.5539 s 57.1290 (* Total Energy for rapl:::PACKAGE_ENERGY:PACKAGE0 *)
0.5539 s 103.1329 (* Average Power for rapl:::PACKAGE_ENERGY:PACKAGE0 *)
0.5539 s 57.5287 (* Total Energy for rapl:::PACKAGE_ENERGY:PACKAGE1 *)
0.5539 s 103.8545 (* Average Power for rapl:::PACKAGE_ENERGY:PACKAGE1 *)
0.5539 s 14.5811 (* Average Power for rapl:::DRAM_ENERGY:PACKAGE0 *)
0.5539 s 15.6023 (* Average Power for rapl:::DRAM_ENERGY:PACKAGE1 *)
0.5539 s 0.0000 (* Average Power for rapl:::PP0_ENERGY:PACKAGE0 *)
0.5539 s 0.0000 (* Average Power for rapl:::PP0_ENERGY:PACKAGE1 *)
Time for Deletion  0.553912 
Total Time for Updating at Batch 1 is 1.258626 
Total Time for Updating Rooted Tree at iter 1 is 0.199513 with Rewire:0
Total Time for Updating  1.461145 
Time Taken for Initializing Memory 0.081379 
Highest Edge Value 10 --
Total Time for Reading Remainder Edges 19.256634 
Total Time for Reading Certificate Network 4.601553 
Total Time for Reading Update List 0.407196 
==Update Starts =======
Total Time for Initial Tree Creation  1.950425 
Found rapl component at cid 2
Found: rapl:::THERMAL_SPEC_CNT:PACKAGE0
Found: rapl:::THERMAL_SPEC_CNT:PACKAGE1
Found: rapl:::MINIMUM_POWER_CNT:PACKAGE0
Found: rapl:::MINIMUM_POWER_CNT:PACKAGE1
Found: rapl:::MAXIMUM_POWER_CNT:PACKAGE0
Found: rapl:::MAXIMUM_POWER_CNT:PACKAGE1
Found: rapl:::MAXIMUM_TIME_WINDOW_CNT:PACKAGE0
Found: rapl:::MAXIMUM_TIME_WINDOW_CNT:PACKAGE1
Found: rapl:::PACKAGE_ENERGY_CNT:PACKAGE0
Found: rapl:::PACKAGE_ENERGY_CNT:PACKAGE1
Found: rapl:::DRAM_ENERGY_CNT:PACKAGE0
Found: rapl:::DRAM_ENERGY_CNT:PACKAGE1
Found: rapl:::PP0_ENERGY_CNT:PACKAGE0
Found: rapl:::PP0_ENERGY_CNT:PACKAGE1
Found: rapl:::THERMAL_SPEC:PACKAGE0
Found: rapl:::THERMAL_SPEC:PACKAGE1
Found: rapl:::MINIMUM_POWER:PACKAGE0
Found: rapl:::MINIMUM_POWER:PACKAGE1
Found: rapl:::MAXIMUM_POWER:PACKAGE0
Found: rapl:::MAXIMUM_POWER:PACKAGE1
Found: rapl:::MAXIMUM_TIME_WINDOW:PACKAGE0
Found: rapl:::MAXIMUM_TIME_WINDOW:PACKAGE1
Found: rapl:::PACKAGE_ENERGY:PACKAGE0
Found: rapl:::PACKAGE_ENERGY:PACKAGE1
Found: rapl:::DRAM_ENERGY:PACKAGE0
Found: rapl:::DRAM_ENERGY:PACKAGE1
Found: rapl:::PP0_ENERGY:PACKAGE0
Found: rapl:::PP0_ENERGY:PACKAGE1
Starting Classify and Insert
Classify 999999 999999  
Deleted Edges: 28700 
Processed Inserts: 235590
 Unprocessed Inserts: 597
 0.6706 s 0.0000 (* Average Power for rapl:::THERMAL_SPEC_CNT:PACKAGE0 *)
0.6706 s 0.0000 (* Average Power for rapl:::THERMAL_SPEC_CNT:PACKAGE1 *)
0.6706 s 0.0000 (* Average Power for rapl:::MINIMUM_POWER_CNT:PACKAGE0 *)
0.6706 s 0.0000 (* Average Power for rapl:::MINIMUM_POWER_CNT:PACKAGE1 *)
0.6706 s 0.0000 (* Average Power for rapl:::MAXIMUM_POWER_CNT:PACKAGE0 *)
0.6706 s 0.0000 (* Average Power for rapl:::MAXIMUM_POWER_CNT:PACKAGE1 *)
0.6706 s 0.0000 (* Average Power for rapl:::MAXIMUM_TIME_WINDOW_CNT:PACKAGE0 *)
0.6706 s 0.0000 (* Average Power for rapl:::MAXIMUM_TIME_WINDOW_CNT:PACKAGE1 *)
0.6706 s 0.0012 (* Average Power for rapl:::PACKAGE_ENERGY_CNT:PACKAGE0 *)
0.6706 s 0.0015 (* Average Power for rapl:::PACKAGE_ENERGY_CNT:PACKAGE1 *)
0.6706 s 0.0009 (* Average Power for rapl:::DRAM_ENERGY_CNT:PACKAGE0 *)
0.6706 s 0.0010 (* Average Power for rapl:::DRAM_ENERGY_CNT:PACKAGE1 *)
0.6706 s 0.0000 (* Average Power for rapl:::PP0_ENERGY_CNT:PACKAGE0 *)
0.6706 s 0.0000 (* Average Power for rapl:::PP0_ENERGY_CNT:PACKAGE1 *)
0.6706 s 6917918558.1836 (* Average Power for rapl:::THERMAL_SPEC:PACKAGE0 *)
0.6706 s 6917918558.1836 (* Average Power for rapl:::THERMAL_SPEC:PACKAGE1 *)
0.6706 s 6910835741.1518 (* Average Power for rapl:::MINIMUM_POWER:PACKAGE0 *)
0.6706 s 6910835741.1518 (* Average Power for rapl:::MINIMUM_POWER:PACKAGE1 *)
0.6706 s 6924634118.0359 (* Average Power for rapl:::MAXIMUM_POWER:PACKAGE0 *)
0.6706 s 6924634118.0359 (* Average Power for rapl:::MAXIMUM_POWER:PACKAGE1 *)
0.6706 s 6839587848.3436 (* Average Power for rapl:::MAXIMUM_TIME_WINDOW:PACKAGE0 *)
0.6706 s 6839587848.3436 (* Average Power for rapl:::MAXIMUM_TIME_WINDOW:PACKAGE1 *)
0.6706 s 48.8669 (* Total Energy for rapl:::PACKAGE_ENERGY:PACKAGE0 *)
0.6706 s 72.8680 (* Average Power for rapl:::PACKAGE_ENERGY:PACKAGE0 *)
0.6706 s 61.6621 (* Total Energy for rapl:::PACKAGE_ENERGY:PACKAGE1 *)
0.6706 s 91.9477 (* Average Power for rapl:::PACKAGE_ENERGY:PACKAGE1 *)
0.6706 s 14.4766 (* Average Power for rapl:::DRAM_ENERGY:PACKAGE0 *)
0.6706 s 15.3526 (* Average Power for rapl:::DRAM_ENERGY:PACKAGE1 *)
0.6706 s 0.0000 (* Average Power for rapl:::PP0_ENERGY:PACKAGE0 *)
0.6706 s 0.0000 (* Average Power for rapl:::PP0_ENERGY:PACKAGE1 *)
Time for Classify and insert  0.670569 
Found rapl component at cid 2
Found: rapl:::THERMAL_SPEC_CNT:PACKAGE0
Found: rapl:::THERMAL_SPEC_CNT:PACKAGE1
Found: rapl:::MINIMUM_POWER_CNT:PACKAGE0
Found: rapl:::MINIMUM_POWER_CNT:PACKAGE1
Found: rapl:::MAXIMUM_POWER_CNT:PACKAGE0
Found: rapl:::MAXIMUM_POWER_CNT:PACKAGE1
Found: rapl:::MAXIMUM_TIME_WINDOW_CNT:PACKAGE0
Found: rapl:::MAXIMUM_TIME_WINDOW_CNT:PACKAGE1
Found: rapl:::PACKAGE_ENERGY_CNT:PACKAGE0
Found: rapl:::PACKAGE_ENERGY_CNT:PACKAGE1
Found: rapl:::DRAM_ENERGY_CNT:PACKAGE0
Found: rapl:::DRAM_ENERGY_CNT:PACKAGE1
Found: rapl:::PP0_ENERGY_CNT:PACKAGE0
Found: rapl:::PP0_ENERGY_CNT:PACKAGE1
Found: rapl:::THERMAL_SPEC:PACKAGE0
Found: rapl:::THERMAL_SPEC:PACKAGE1
Found: rapl:::MINIMUM_POWER:PACKAGE0
Found: rapl:::MINIMUM_POWER:PACKAGE1
Found: rapl:::MAXIMUM_POWER:PACKAGE0
Found: rapl:::MAXIMUM_POWER:PACKAGE1
Found: rapl:::MAXIMUM_TIME_WINDOW:PACKAGE0
Found: rapl:::MAXIMUM_TIME_WINDOW:PACKAGE1
Found: rapl:::PACKAGE_ENERGY:PACKAGE0
Found: rapl:::PACKAGE_ENERGY:PACKAGE1
Found: rapl:::DRAM_ENERGY:PACKAGE0
Found: rapl:::DRAM_ENERGY:PACKAGE1
Found: rapl:::PP0_ENERGY:PACKAGE0
Found: rapl:::PP0_ENERGY:PACKAGE1
Starting process_deletions
0.5411 s 0.0000 (* Average Power for rapl:::THERMAL_SPEC_CNT:PACKAGE0 *)
0.5411 s 0.0000 (* Average Power for rapl:::THERMAL_SPEC_CNT:PACKAGE1 *)
0.5411 s 0.0000 (* Average Power for rapl:::MINIMUM_POWER_CNT:PACKAGE0 *)
0.5411 s 0.0000 (* Average Power for rapl:::MINIMUM_POWER_CNT:PACKAGE1 *)
0.5411 s 0.0000 (* Average Power for rapl:::MAXIMUM_POWER_CNT:PACKAGE0 *)
0.5411 s 0.0000 (* Average Power for rapl:::MAXIMUM_POWER_CNT:PACKAGE1 *)
0.5411 s 0.0000 (* Average Power for rapl:::MAXIMUM_TIME_WINDOW_CNT:PACKAGE0 *)
0.5411 s 0.0000 (* Average Power for rapl:::MAXIMUM_TIME_WINDOW_CNT:PACKAGE1 *)
0.5411 s 0.0015 (* Average Power for rapl:::PACKAGE_ENERGY_CNT:PACKAGE0 *)
0.5411 s 0.0018 (* Average Power for rapl:::PACKAGE_ENERGY_CNT:PACKAGE1 *)
0.5411 s 0.0010 (* Average Power for rapl:::DRAM_ENERGY_CNT:PACKAGE0 *)
0.5411 s 0.0010 (* Average Power for rapl:::DRAM_ENERGY_CNT:PACKAGE1 *)
0.5411 s 0.0000 (* Average Power for rapl:::PP0_ENERGY_CNT:PACKAGE0 *)
0.5411 s 0.0000 (* Average Power for rapl:::PP0_ENERGY_CNT:PACKAGE1 *)
0.5411 s 8573286579.6992 (* Average Power for rapl:::THERMAL_SPEC:PACKAGE0 *)
0.5411 s 8573286579.6992 (* Average Power for rapl:::THERMAL_SPEC:PACKAGE1 *)
0.5411 s 8564508936.5838 (* Average Power for rapl:::MINIMUM_POWER:PACKAGE0 *)
0.5411 s 8564508936.5838 (* Average Power for rapl:::MINIMUM_POWER:PACKAGE1 *)
0.5411 s 8581609085.7641 (* Average Power for rapl:::MAXIMUM_POWER:PACKAGE0 *)
0.5411 s 8581609085.7641 (* Average Power for rapl:::MAXIMUM_POWER:PACKAGE1 *)
0.5411 s 8476212348.8014 (* Average Power for rapl:::MAXIMUM_TIME_WINDOW:PACKAGE0 *)
0.5411 s 8476212348.8014 (* Average Power for rapl:::MAXIMUM_TIME_WINDOW:PACKAGE1 *)
0.5411 s 49.8719 (* Total Energy for rapl:::PACKAGE_ENERGY:PACKAGE0 *)
0.5411 s 92.1617 (* Average Power for rapl:::PACKAGE_ENERGY:PACKAGE0 *)
0.5411 s 58.8860 (* Total Energy for rapl:::PACKAGE_ENERGY:PACKAGE1 *)
0.5411 s 108.8195 (* Average Power for rapl:::PACKAGE_ENERGY:PACKAGE1 *)
0.5411 s 14.6251 (* Average Power for rapl:::DRAM_ENERGY:PACKAGE0 *)
0.5411 s 15.5690 (* Average Power for rapl:::DRAM_ENERGY:PACKAGE1 *)
0.5411 s 0.0000 (* Average Power for rapl:::PP0_ENERGY:PACKAGE0 *)
0.5411 s 0.0000 (* Average Power for rapl:::PP0_ENERGY:PACKAGE1 *)
Time for Deletion  0.541107 
Total Time for Updating at Batch 1 is 1.243994 
Total Time for Updating Rooted Tree at iter 1 is 0.224316 with Rewire:0
Total Time for Updating  1.471051 
Time Taken for Initializing Memory 0.080840 
Highest Edge Value 10 --
Total Time for Reading Remainder Edges 19.268186 
Total Time for Reading Certificate Network 4.601699 
Total Time for Reading Update List 0.407054 
==Update Starts =======
Total Time for Initial Tree Creation  1.999567 
Found rapl component at cid 2
Found: rapl:::THERMAL_SPEC_CNT:PACKAGE0
Found: rapl:::THERMAL_SPEC_CNT:PACKAGE1
Found: rapl:::MINIMUM_POWER_CNT:PACKAGE0
Found: rapl:::MINIMUM_POWER_CNT:PACKAGE1
Found: rapl:::MAXIMUM_POWER_CNT:PACKAGE0
Found: rapl:::MAXIMUM_POWER_CNT:PACKAGE1
Found: rapl:::MAXIMUM_TIME_WINDOW_CNT:PACKAGE0
Found: rapl:::MAXIMUM_TIME_WINDOW_CNT:PACKAGE1
Found: rapl:::PACKAGE_ENERGY_CNT:PACKAGE0
Found: rapl:::PACKAGE_ENERGY_CNT:PACKAGE1
Found: rapl:::DRAM_ENERGY_CNT:PACKAGE0
Found: rapl:::DRAM_ENERGY_CNT:PACKAGE1
Found: rapl:::PP0_ENERGY_CNT:PACKAGE0
Found: rapl:::PP0_ENERGY_CNT:PACKAGE1
Found: rapl:::THERMAL_SPEC:PACKAGE0
Found: rapl:::THERMAL_SPEC:PACKAGE1
Found: rapl:::MINIMUM_POWER:PACKAGE0
Found: rapl:::MINIMUM_POWER:PACKAGE1
Found: rapl:::MAXIMUM_POWER:PACKAGE0
Found: rapl:::MAXIMUM_POWER:PACKAGE1
Found: rapl:::MAXIMUM_TIME_WINDOW:PACKAGE0
Found: rapl:::MAXIMUM_TIME_WINDOW:PACKAGE1
Found: rapl:::PACKAGE_ENERGY:PACKAGE0
Found: rapl:::PACKAGE_ENERGY:PACKAGE1
Found: rapl:::DRAM_ENERGY:PACKAGE0
Found: rapl:::DRAM_ENERGY:PACKAGE1
Found: rapl:::PP0_ENERGY:PACKAGE0
Found: rapl:::PP0_ENERGY:PACKAGE1
Starting Classify and Insert
Classify 999999 999999  
Deleted Edges: 28700 
Processed Inserts: 235675
 Unprocessed Inserts: 589
 0.6903 s 0.0000 (* Average Power for rapl:::THERMAL_SPEC_CNT:PACKAGE0 *)
0.6903 s 0.0000 (* Average Power for rapl:::THERMAL_SPEC_CNT:PACKAGE1 *)
0.6903 s 0.0000 (* Average Power for rapl:::MINIMUM_POWER_CNT:PACKAGE0 *)
0.6903 s 0.0000 (* Average Power for rapl:::MINIMUM_POWER_CNT:PACKAGE1 *)
0.6903 s 0.0000 (* Average Power for rapl:::MAXIMUM_POWER_CNT:PACKAGE0 *)
0.6903 s 0.0000 (* Average Power for rapl:::MAXIMUM_POWER_CNT:PACKAGE1 *)
0.6903 s 0.0000 (* Average Power for rapl:::MAXIMUM_TIME_WINDOW_CNT:PACKAGE0 *)
0.6903 s 0.0000 (* Average Power for rapl:::MAXIMUM_TIME_WINDOW_CNT:PACKAGE1 *)
0.6903 s 0.0013 (* Average Power for rapl:::PACKAGE_ENERGY_CNT:PACKAGE0 *)
0.6903 s 0.0014 (* Average Power for rapl:::PACKAGE_ENERGY_CNT:PACKAGE1 *)
0.6903 s 0.0009 (* Average Power for rapl:::DRAM_ENERGY_CNT:PACKAGE0 *)
0.6903 s 0.0010 (* Average Power for rapl:::DRAM_ENERGY_CNT:PACKAGE1 *)
0.6903 s 0.0000 (* Average Power for rapl:::PP0_ENERGY_CNT:PACKAGE0 *)
0.6903 s 0.0000 (* Average Power for rapl:::PP0_ENERGY_CNT:PACKAGE1 *)
0.6903 s 6720324187.9865 (* Average Power for rapl:::THERMAL_SPEC:PACKAGE0 *)
0.6903 s 6720324187.9865 (* Average Power for rapl:::THERMAL_SPEC:PACKAGE1 *)
0.6903 s 6713443675.2691 (* Average Power for rapl:::MINIMUM_POWER:PACKAGE0 *)
0.6903 s 6713443675.2691 (* Average Power for rapl:::MINIMUM_POWER:PACKAGE1 *)
0.6903 s 6726847933.3778 (* Average Power for rapl:::MAXIMUM_POWER:PACKAGE0 *)
0.6903 s 6726847933.3778 (* Average Power for rapl:::MAXIMUM_POWER:PACKAGE1 *)
0.6903 s 6644230814.0081 (* Average Power for rapl:::MAXIMUM_TIME_WINDOW:PACKAGE0 *)
0.6903 s 6644230814.0081 (* Average Power for rapl:::MAXIMUM_TIME_WINDOW:PACKAGE1 *)
0.6903 s 54.4827 (* Total Energy for rapl:::PACKAGE_ENERGY:PACKAGE0 *)
0.6903 s 78.9216 (* Average Power for rapl:::PACKAGE_ENERGY:PACKAGE0 *)
0.6903 s 60.7798 (* Total Energy for rapl:::PACKAGE_ENERGY:PACKAGE1 *)
0.6903 s 88.0434 (* Average Power for rapl:::PACKAGE_ENERGY:PACKAGE1 *)
0.6903 s 14.4623 (* Average Power for rapl:::DRAM_ENERGY:PACKAGE0 *)
0.6903 s 15.3725 (* Average Power for rapl:::DRAM_ENERGY:PACKAGE1 *)
0.6903 s 0.0000 (* Average Power for rapl:::PP0_ENERGY:PACKAGE0 *)
0.6903 s 0.0000 (* Average Power for rapl:::PP0_ENERGY:PACKAGE1 *)
Time for Classify and insert  0.690304 
Found rapl component at cid 2
Found: rapl:::THERMAL_SPEC_CNT:PACKAGE0
Found: rapl:::THERMAL_SPEC_CNT:PACKAGE1
Found: rapl:::MINIMUM_POWER_CNT:PACKAGE0
Found: rapl:::MINIMUM_POWER_CNT:PACKAGE1
Found: rapl:::MAXIMUM_POWER_CNT:PACKAGE0
Found: rapl:::MAXIMUM_POWER_CNT:PACKAGE1
Found: rapl:::MAXIMUM_TIME_WINDOW_CNT:PACKAGE0
Found: rapl:::MAXIMUM_TIME_WINDOW_CNT:PACKAGE1
Found: rapl:::PACKAGE_ENERGY_CNT:PACKAGE0
Found: rapl:::PACKAGE_ENERGY_CNT:PACKAGE1
Found: rapl:::DRAM_ENERGY_CNT:PACKAGE0
Found: rapl:::DRAM_ENERGY_CNT:PACKAGE1
Found: rapl:::PP0_ENERGY_CNT:PACKAGE0
Found: rapl:::PP0_ENERGY_CNT:PACKAGE1
Found: rapl:::THERMAL_SPEC:PACKAGE0
Found: rapl:::THERMAL_SPEC:PACKAGE1
Found: rapl:::MINIMUM_POWER:PACKAGE0
Found: rapl:::MINIMUM_POWER:PACKAGE1
Found: rapl:::MAXIMUM_POWER:PACKAGE0
Found: rapl:::MAXIMUM_POWER:PACKAGE1
Found: rapl:::MAXIMUM_TIME_WINDOW:PACKAGE0
Found: rapl:::MAXIMUM_TIME_WINDOW:PACKAGE1
Found: rapl:::PACKAGE_ENERGY:PACKAGE0
Found: rapl:::PACKAGE_ENERGY:PACKAGE1
Found: rapl:::DRAM_ENERGY:PACKAGE0
Found: rapl:::DRAM_ENERGY:PACKAGE1
Found: rapl:::PP0_ENERGY:PACKAGE0
Found: rapl:::PP0_ENERGY:PACKAGE1
Starting process_deletions
0.7039 s 0.0000 (* Average Power for rapl:::THERMAL_SPEC_CNT:PACKAGE0 *)
0.7039 s 0.0000 (* Average Power for rapl:::THERMAL_SPEC_CNT:PACKAGE1 *)
0.7039 s 0.0000 (* Average Power for rapl:::MINIMUM_POWER_CNT:PACKAGE0 *)
0.7039 s 0.0000 (* Average Power for rapl:::MINIMUM_POWER_CNT:PACKAGE1 *)
0.7039 s 0.0000 (* Average Power for rapl:::MAXIMUM_POWER_CNT:PACKAGE0 *)
0.7039 s 0.0000 (* Average Power for rapl:::MAXIMUM_POWER_CNT:PACKAGE1 *)
0.7039 s 0.0000 (* Average Power for rapl:::MAXIMUM_TIME_WINDOW_CNT:PACKAGE0 *)
0.7039 s 0.0000 (* Average Power for rapl:::MAXIMUM_TIME_WINDOW_CNT:PACKAGE1 *)
0.7039 s 0.0018 (* Average Power for rapl:::PACKAGE_ENERGY_CNT:PACKAGE0 *)
0.7039 s 0.0018 (* Average Power for rapl:::PACKAGE_ENERGY_CNT:PACKAGE1 *)
0.7039 s 0.0009 (* Average Power for rapl:::DRAM_ENERGY_CNT:PACKAGE0 *)
0.7039 s 0.0010 (* Average Power for rapl:::DRAM_ENERGY_CNT:PACKAGE1 *)
0.7039 s 0.0000 (* Average Power for rapl:::PP0_ENERGY_CNT:PACKAGE0 *)
0.7039 s 0.0000 (* Average Power for rapl:::PP0_ENERGY_CNT:PACKAGE1 *)
0.7039 s 6590509983.2630 (* Average Power for rapl:::THERMAL_SPEC:PACKAGE0 *)
0.7039 s 6590509983.2630 (* Average Power for rapl:::THERMAL_SPEC:PACKAGE1 *)
0.7039 s 6583762379.0574 (* Average Power for rapl:::MINIMUM_POWER:PACKAGE0 *)
0.7039 s 6583762379.0574 (* Average Power for rapl:::MINIMUM_POWER:PACKAGE1 *)
0.7039 s 6596907711.6950 (* Average Power for rapl:::MAXIMUM_POWER:PACKAGE0 *)
0.7039 s 6596907711.6950 (* Average Power for rapl:::MAXIMUM_POWER:PACKAGE1 *)
0.7039 s 6515886478.9742 (* Average Power for rapl:::MAXIMUM_TIME_WINDOW:PACKAGE0 *)
0.7039 s 6515886478.9742 (* Average Power for rapl:::MAXIMUM_TIME_WINDOW:PACKAGE1 *)
0.7039 s 75.1950 (* Total Energy for rapl:::PACKAGE_ENERGY:PACKAGE0 *)
0.7039 s 106.8206 (* Average Power for rapl:::PACKAGE_ENERGY:PACKAGE0 *)
0.7039 s 75.4740 (* Total Energy for rapl:::PACKAGE_ENERGY:PACKAGE1 *)
0.7039 s 107.2169 (* Average Power for rapl:::PACKAGE_ENERGY:PACKAGE1 *)
0.7039 s 14.4837 (* Average Power for rapl:::DRAM_ENERGY:PACKAGE0 *)
0.7039 s 15.6463 (* Average Power for rapl:::DRAM_ENERGY:PACKAGE1 *)
0.7039 s 0.0000 (* Average Power for rapl:::PP0_ENERGY:PACKAGE0 *)
0.7039 s 0.0000 (* Average Power for rapl:::PP0_ENERGY:PACKAGE1 *)
Time for Deletion  0.703911 
Total Time for Updating at Batch 1 is 1.424169 
Total Time for Updating Rooted Tree at iter 1 is 0.201495 with Rewire:0
Total Time for Updating  1.628993 
Time Taken for Initializing Memory 0.080805 
Highest Edge Value 10 --
Total Time for Reading Remainder Edges 19.261748 
Total Time for Reading Certificate Network 4.607172 
Total Time for Reading Update List 0.406899 
==Update Starts =======
Total Time for Initial Tree Creation  1.820600 
Found rapl component at cid 2
Found: rapl:::THERMAL_SPEC_CNT:PACKAGE0
Found: rapl:::THERMAL_SPEC_CNT:PACKAGE1
Found: rapl:::MINIMUM_POWER_CNT:PACKAGE0
Found: rapl:::MINIMUM_POWER_CNT:PACKAGE1
Found: rapl:::MAXIMUM_POWER_CNT:PACKAGE0
Found: rapl:::MAXIMUM_POWER_CNT:PACKAGE1
Found: rapl:::MAXIMUM_TIME_WINDOW_CNT:PACKAGE0
Found: rapl:::MAXIMUM_TIME_WINDOW_CNT:PACKAGE1
Found: rapl:::PACKAGE_ENERGY_CNT:PACKAGE0
Found: rapl:::PACKAGE_ENERGY_CNT:PACKAGE1
Found: rapl:::DRAM_ENERGY_CNT:PACKAGE0
Found: rapl:::DRAM_ENERGY_CNT:PACKAGE1
Found: rapl:::PP0_ENERGY_CNT:PACKAGE0
Found: rapl:::PP0_ENERGY_CNT:PACKAGE1
Found: rapl:::THERMAL_SPEC:PACKAGE0
Found: rapl:::THERMAL_SPEC:PACKAGE1
Found: rapl:::MINIMUM_POWER:PACKAGE0
Found: rapl:::MINIMUM_POWER:PACKAGE1
Found: rapl:::MAXIMUM_POWER:PACKAGE0
Found: rapl:::MAXIMUM_POWER:PACKAGE1
Found: rapl:::MAXIMUM_TIME_WINDOW:PACKAGE0
Found: rapl:::MAXIMUM_TIME_WINDOW:PACKAGE1
Found: rapl:::PACKAGE_ENERGY:PACKAGE0
Found: rapl:::PACKAGE_ENERGY:PACKAGE1
Found: rapl:::DRAM_ENERGY:PACKAGE0
Found: rapl:::DRAM_ENERGY:PACKAGE1
Found: rapl:::PP0_ENERGY:PACKAGE0
Found: rapl:::PP0_ENERGY:PACKAGE1
Starting Classify and Insert
Classify 999999 999999  
Deleted Edges: 28700 
Processed Inserts: 235586
 Unprocessed Inserts: 569
 0.6980 s 0.0000 (* Average Power for rapl:::THERMAL_SPEC_CNT:PACKAGE0 *)
0.6980 s 0.0000 (* Average Power for rapl:::THERMAL_SPEC_CNT:PACKAGE1 *)
0.6980 s 0.0000 (* Average Power for rapl:::MINIMUM_POWER_CNT:PACKAGE0 *)
0.6980 s 0.0000 (* Average Power for rapl:::MINIMUM_POWER_CNT:PACKAGE1 *)
0.6980 s 0.0000 (* Average Power for rapl:::MAXIMUM_POWER_CNT:PACKAGE0 *)
0.6980 s 0.0000 (* Average Power for rapl:::MAXIMUM_POWER_CNT:PACKAGE1 *)
0.6980 s 0.0000 (* Average Power for rapl:::MAXIMUM_TIME_WINDOW_CNT:PACKAGE0 *)
0.6980 s 0.0000 (* Average Power for rapl:::MAXIMUM_TIME_WINDOW_CNT:PACKAGE1 *)
0.6980 s 0.0009 (* Average Power for rapl:::PACKAGE_ENERGY_CNT:PACKAGE0 *)
0.6980 s 0.0012 (* Average Power for rapl:::PACKAGE_ENERGY_CNT:PACKAGE1 *)
0.6980 s 0.0009 (* Average Power for rapl:::DRAM_ENERGY_CNT:PACKAGE0 *)
0.6980 s 0.0010 (* Average Power for rapl:::DRAM_ENERGY_CNT:PACKAGE1 *)
0.6980 s 0.0000 (* Average Power for rapl:::PP0_ENERGY_CNT:PACKAGE0 *)
0.6980 s 0.0000 (* Average Power for rapl:::PP0_ENERGY_CNT:PACKAGE1 *)
0.6980 s 6646255640.9362 (* Average Power for rapl:::THERMAL_SPEC:PACKAGE0 *)
0.6980 s 6646255640.9362 (* Average Power for rapl:::THERMAL_SPEC:PACKAGE1 *)
0.6980 s 6639450962.2955 (* Average Power for rapl:::MINIMUM_POWER:PACKAGE0 *)
0.6980 s 6639450962.2955 (* Average Power for rapl:::MINIMUM_POWER:PACKAGE1 *)
0.6980 s 6652707484.3881 (* Average Power for rapl:::MAXIMUM_POWER:PACKAGE0 *)
0.6980 s 6652707484.3881 (* Average Power for rapl:::MAXIMUM_POWER:PACKAGE1 *)
0.6980 s 6571000935.6728 (* Average Power for rapl:::MAXIMUM_TIME_WINDOW:PACKAGE0 *)
0.6980 s 6571000935.6728 (* Average Power for rapl:::MAXIMUM_TIME_WINDOW:PACKAGE1 *)
0.6980 s 38.3061 (* Total Energy for rapl:::PACKAGE_ENERGY:PACKAGE0 *)
0.6980 s 54.8772 (* Average Power for rapl:::PACKAGE_ENERGY:PACKAGE0 *)
0.6980 s 52.8419 (* Total Energy for rapl:::PACKAGE_ENERGY:PACKAGE1 *)
0.6980 s 75.7011 (* Average Power for rapl:::PACKAGE_ENERGY:PACKAGE1 *)
0.6980 s 14.2983 (* Average Power for rapl:::DRAM_ENERGY:PACKAGE0 *)
0.6980 s 15.4621 (* Average Power for rapl:::DRAM_ENERGY:PACKAGE1 *)
0.6980 s 0.0000 (* Average Power for rapl:::PP0_ENERGY:PACKAGE0 *)
0.6980 s 0.0000 (* Average Power for rapl:::PP0_ENERGY:PACKAGE1 *)
Time for Classify and insert  0.697955 
Found rapl component at cid 2
Found: rapl:::THERMAL_SPEC_CNT:PACKAGE0
Found: rapl:::THERMAL_SPEC_CNT:PACKAGE1
Found: rapl:::MINIMUM_POWER_CNT:PACKAGE0
Found: rapl:::MINIMUM_POWER_CNT:PACKAGE1
Found: rapl:::MAXIMUM_POWER_CNT:PACKAGE0
Found: rapl:::MAXIMUM_POWER_CNT:PACKAGE1
Found: rapl:::MAXIMUM_TIME_WINDOW_CNT:PACKAGE0
Found: rapl:::MAXIMUM_TIME_WINDOW_CNT:PACKAGE1
Found: rapl:::PACKAGE_ENERGY_CNT:PACKAGE0
Found: rapl:::PACKAGE_ENERGY_CNT:PACKAGE1
Found: rapl:::DRAM_ENERGY_CNT:PACKAGE0
Found: rapl:::DRAM_ENERGY_CNT:PACKAGE1
Found: rapl:::PP0_ENERGY_CNT:PACKAGE0
Found: rapl:::PP0_ENERGY_CNT:PACKAGE1
Found: rapl:::THERMAL_SPEC:PACKAGE0
Found: rapl:::THERMAL_SPEC:PACKAGE1
Found: rapl:::MINIMUM_POWER:PACKAGE0
Found: rapl:::MINIMUM_POWER:PACKAGE1
Found: rapl:::MAXIMUM_POWER:PACKAGE0
Found: rapl:::MAXIMUM_POWER:PACKAGE1
Found: rapl:::MAXIMUM_TIME_WINDOW:PACKAGE0
Found: rapl:::MAXIMUM_TIME_WINDOW:PACKAGE1
Found: rapl:::PACKAGE_ENERGY:PACKAGE0
Found: rapl:::PACKAGE_ENERGY:PACKAGE1
Found: rapl:::DRAM_ENERGY:PACKAGE0
Found: rapl:::DRAM_ENERGY:PACKAGE1
Found: rapl:::PP0_ENERGY:PACKAGE0
Found: rapl:::PP0_ENERGY:PACKAGE1
Starting process_deletions
0.6611 s 0.0000 (* Average Power for rapl:::THERMAL_SPEC_CNT:PACKAGE0 *)
0.6611 s 0.0000 (* Average Power for rapl:::THERMAL_SPEC_CNT:PACKAGE1 *)
0.6611 s 0.0000 (* Average Power for rapl:::MINIMUM_POWER_CNT:PACKAGE0 *)
0.6611 s 0.0000 (* Average Power for rapl:::MINIMUM_POWER_CNT:PACKAGE1 *)
0.6611 s 0.0000 (* Average Power for rapl:::MAXIMUM_POWER_CNT:PACKAGE0 *)
0.6611 s 0.0000 (* Average Power for rapl:::MAXIMUM_POWER_CNT:PACKAGE1 *)
0.6611 s 0.0000 (* Average Power for rapl:::MAXIMUM_TIME_WINDOW_CNT:PACKAGE0 *)
0.6611 s 0.0000 (* Average Power for rapl:::MAXIMUM_TIME_WINDOW_CNT:PACKAGE1 *)
0.6611 s 0.0017 (* Average Power for rapl:::PACKAGE_ENERGY_CNT:PACKAGE0 *)
0.6611 s 0.0016 (* Average Power for rapl:::PACKAGE_ENERGY_CNT:PACKAGE1 *)
0.6611 s 0.0009 (* Average Power for rapl:::DRAM_ENERGY_CNT:PACKAGE0 *)
0.6611 s 0.0010 (* Average Power for rapl:::DRAM_ENERGY_CNT:PACKAGE1 *)
0.6611 s 0.0000 (* Average Power for rapl:::PP0_ENERGY_CNT:PACKAGE0 *)
0.6611 s 0.0000 (* Average Power for rapl:::PP0_ENERGY_CNT:PACKAGE1 *)
0.6611 s 7017202886.8578 (* Average Power for rapl:::THERMAL_SPEC:PACKAGE0 *)
0.6611 s 7017202886.8578 (* Average Power for rapl:::THERMAL_SPEC:PACKAGE1 *)
0.6611 s 7010018418.9136 (* Average Power for rapl:::MINIMUM_POWER:PACKAGE0 *)
0.6611 s 7010018418.9136 (* Average Power for rapl:::MINIMUM_POWER:PACKAGE1 *)
0.6611 s 7024014826.8346 (* Average Power for rapl:::MAXIMUM_POWER:PACKAGE0 *)
0.6611 s 7024014826.8346 (* Average Power for rapl:::MAXIMUM_POWER:PACKAGE1 *)
0.6611 s 6937747993.2224 (* Average Power for rapl:::MAXIMUM_TIME_WINDOW:PACKAGE0 *)
0.6611 s 6937747993.2224 (* Average Power for rapl:::MAXIMUM_TIME_WINDOW:PACKAGE1 *)
0.6611 s 68.5018 (* Total Energy for rapl:::PACKAGE_ENERGY:PACKAGE0 *)
0.6611 s 103.6127 (* Average Power for rapl:::PACKAGE_ENERGY:PACKAGE0 *)
0.6611 s 63.4595 (* Total Energy for rapl:::PACKAGE_ENERGY:PACKAGE1 *)
0.6611 s 95.9860 (* Average Power for rapl:::PACKAGE_ENERGY:PACKAGE1 *)
0.6611 s 14.3067 (* Average Power for rapl:::DRAM_ENERGY:PACKAGE0 *)
0.6611 s 15.6965 (* Average Power for rapl:::DRAM_ENERGY:PACKAGE1 *)
0.6611 s 0.0000 (* Average Power for rapl:::PP0_ENERGY:PACKAGE0 *)
0.6611 s 0.0000 (* Average Power for rapl:::PP0_ENERGY:PACKAGE1 *)
Time for Deletion  0.661101 
Total Time for Updating at Batch 1 is 1.395259 
Total Time for Updating Rooted Tree at iter 1 is 0.227641 with Rewire:0
Total Time for Updating  1.625685 
