Time Taken for Initializing Memory 0.080312 
Highest Edge Value 10 --
Total Time for Reading Remainder Edges 19.234776 
Total Time for Reading Certificate Network 4.600189 
Total Time for Reading Update List 0.406944 
==Update Starts =======
Total Time for Initial Tree Creation  1.835146 
Found rapl component at cid 2
Found: rapl:::THERMAL_SPEC_CNT:PACKAGE0
Found: rapl:::THERMAL_SPEC_CNT:PACKAGE1
Found: rapl:::MINIMUM_POWER_CNT:PACKAGE0
Found: rapl:::MINIMUM_POWER_CNT:PACKAGE1
Found: rapl:::MAXIMUM_POWER_CNT:PACKAGE0
Found: rapl:::MAXIMUM_POWER_CNT:PACKAGE1
Found: rapl:::MAXIMUM_TIME_WINDOW_CNT:PACKAGE0
Found: rapl:::MAXIMUM_TIME_WINDOW_CNT:PACKAGE1
Found: rapl:::PACKAGE_ENERGY_CNT:PACKAGE0
Found: rapl:::PACKAGE_ENERGY_CNT:PACKAGE1
Found: rapl:::DRAM_ENERGY_CNT:PACKAGE0
Found: rapl:::DRAM_ENERGY_CNT:PACKAGE1
Found: rapl:::PP0_ENERGY_CNT:PACKAGE0
Found: rapl:::PP0_ENERGY_CNT:PACKAGE1
Found: rapl:::THERMAL_SPEC:PACKAGE0
Found: rapl:::THERMAL_SPEC:PACKAGE1
Found: rapl:::MINIMUM_POWER:PACKAGE0
Found: rapl:::MINIMUM_POWER:PACKAGE1
Found: rapl:::MAXIMUM_POWER:PACKAGE0
Found: rapl:::MAXIMUM_POWER:PACKAGE1
Found: rapl:::MAXIMUM_TIME_WINDOW:PACKAGE0
Found: rapl:::MAXIMUM_TIME_WINDOW:PACKAGE1
Found: rapl:::PACKAGE_ENERGY:PACKAGE0
Found: rapl:::PACKAGE_ENERGY:PACKAGE1
Found: rapl:::DRAM_ENERGY:PACKAGE0
Found: rapl:::DRAM_ENERGY:PACKAGE1
Found: rapl:::PP0_ENERGY:PACKAGE0
Found: rapl:::PP0_ENERGY:PACKAGE1
Starting Classify and Insert
Classify 999999 999999  
Deleted Edges: 28700 
Processed Inserts: 235462
 Unprocessed Inserts: 728
 0.6423 s 0.0000 (* Average Power for rapl:::THERMAL_SPEC_CNT:PACKAGE0 *)
0.6423 s 0.0000 (* Average Power for rapl:::THERMAL_SPEC_CNT:PACKAGE1 *)
0.6423 s 0.0000 (* Average Power for rapl:::MINIMUM_POWER_CNT:PACKAGE0 *)
0.6423 s 0.0000 (* Average Power for rapl:::MINIMUM_POWER_CNT:PACKAGE1 *)
0.6423 s 0.0000 (* Average Power for rapl:::MAXIMUM_POWER_CNT:PACKAGE0 *)
0.6423 s 0.0000 (* Average Power for rapl:::MAXIMUM_POWER_CNT:PACKAGE1 *)
0.6423 s 0.0000 (* Average Power for rapl:::MAXIMUM_TIME_WINDOW_CNT:PACKAGE0 *)
0.6423 s 0.0000 (* Average Power for rapl:::MAXIMUM_TIME_WINDOW_CNT:PACKAGE1 *)
0.6423 s 0.0013 (* Average Power for rapl:::PACKAGE_ENERGY_CNT:PACKAGE0 *)
0.6423 s 0.0015 (* Average Power for rapl:::PACKAGE_ENERGY_CNT:PACKAGE1 *)
0.6423 s 0.0009 (* Average Power for rapl:::DRAM_ENERGY_CNT:PACKAGE0 *)
0.6423 s 0.0010 (* Average Power for rapl:::DRAM_ENERGY_CNT:PACKAGE1 *)
0.6423 s 0.0000 (* Average Power for rapl:::PP0_ENERGY_CNT:PACKAGE0 *)
0.6423 s 0.0000 (* Average Power for rapl:::PP0_ENERGY_CNT:PACKAGE1 *)
0.6423 s 7222581769.7622 (* Average Power for rapl:::THERMAL_SPEC:PACKAGE0 *)
0.6423 s 7222581769.7622 (* Average Power for rapl:::THERMAL_SPEC:PACKAGE1 *)
0.6423 s 7215187027.4359 (* Average Power for rapl:::MINIMUM_POWER:PACKAGE0 *)
0.6423 s 7215187027.4359 (* Average Power for rapl:::MINIMUM_POWER:PACKAGE1 *)
0.6423 s 7229593081.0049 (* Average Power for rapl:::MAXIMUM_POWER:PACKAGE0 *)
0.6423 s 7229593081.0049 (* Average Power for rapl:::MAXIMUM_POWER:PACKAGE1 *)
0.6423 s 7140801397.2203 (* Average Power for rapl:::MAXIMUM_TIME_WINDOW:PACKAGE0 *)
0.6423 s 7140801397.2203 (* Average Power for rapl:::MAXIMUM_TIME_WINDOW:PACKAGE1 *)
0.6423 s 49.4548 (* Total Energy for rapl:::PACKAGE_ENERGY:PACKAGE0 *)
0.6423 s 76.9925 (* Average Power for rapl:::PACKAGE_ENERGY:PACKAGE0 *)
0.6423 s 57.5018 (* Total Energy for rapl:::PACKAGE_ENERGY:PACKAGE1 *)
0.6423 s 89.5202 (* Average Power for rapl:::PACKAGE_ENERGY:PACKAGE1 *)
0.6423 s 14.4594 (* Average Power for rapl:::DRAM_ENERGY:PACKAGE0 *)
0.6423 s 15.3819 (* Average Power for rapl:::DRAM_ENERGY:PACKAGE1 *)
0.6423 s 0.0000 (* Average Power for rapl:::PP0_ENERGY:PACKAGE0 *)
0.6423 s 0.0000 (* Average Power for rapl:::PP0_ENERGY:PACKAGE1 *)
Time for Classify and insert  0.642299 
Found rapl component at cid 2
Found: rapl:::THERMAL_SPEC_CNT:PACKAGE0
Found: rapl:::THERMAL_SPEC_CNT:PACKAGE1
Found: rapl:::MINIMUM_POWER_CNT:PACKAGE0
Found: rapl:::MINIMUM_POWER_CNT:PACKAGE1
Found: rapl:::MAXIMUM_POWER_CNT:PACKAGE0
Found: rapl:::MAXIMUM_POWER_CNT:PACKAGE1
Found: rapl:::MAXIMUM_TIME_WINDOW_CNT:PACKAGE0
Found: rapl:::MAXIMUM_TIME_WINDOW_CNT:PACKAGE1
Found: rapl:::PACKAGE_ENERGY_CNT:PACKAGE0
Found: rapl:::PACKAGE_ENERGY_CNT:PACKAGE1
Found: rapl:::DRAM_ENERGY_CNT:PACKAGE0
Found: rapl:::DRAM_ENERGY_CNT:PACKAGE1
Found: rapl:::PP0_ENERGY_CNT:PACKAGE0
Found: rapl:::PP0_ENERGY_CNT:PACKAGE1
Found: rapl:::THERMAL_SPEC:PACKAGE0
Found: rapl:::THERMAL_SPEC:PACKAGE1
Found: rapl:::MINIMUM_POWER:PACKAGE0
Found: rapl:::MINIMUM_POWER:PACKAGE1
Found: rapl:::MAXIMUM_POWER:PACKAGE0
Found: rapl:::MAXIMUM_POWER:PACKAGE1
Found: rapl:::MAXIMUM_TIME_WINDOW:PACKAGE0
Found: rapl:::MAXIMUM_TIME_WINDOW:PACKAGE1
Found: rapl:::PACKAGE_ENERGY:PACKAGE0
Found: rapl:::PACKAGE_ENERGY:PACKAGE1
Found: rapl:::DRAM_ENERGY:PACKAGE0
Found: rapl:::DRAM_ENERGY:PACKAGE1
Found: rapl:::PP0_ENERGY:PACKAGE0
Found: rapl:::PP0_ENERGY:PACKAGE1
Starting process_deletions
0.4652 s 0.0000 (* Average Power for rapl:::THERMAL_SPEC_CNT:PACKAGE0 *)
0.4652 s 0.0000 (* Average Power for rapl:::THERMAL_SPEC_CNT:PACKAGE1 *)
0.4652 s 0.0000 (* Average Power for rapl:::MINIMUM_POWER_CNT:PACKAGE0 *)
0.4652 s 0.0000 (* Average Power for rapl:::MINIMUM_POWER_CNT:PACKAGE1 *)
0.4652 s 0.0000 (* Average Power for rapl:::MAXIMUM_POWER_CNT:PACKAGE0 *)
0.4652 s 0.0000 (* Average Power for rapl:::MAXIMUM_POWER_CNT:PACKAGE1 *)
0.4652 s 0.0000 (* Average Power for rapl:::MAXIMUM_TIME_WINDOW_CNT:PACKAGE0 *)
0.4652 s 0.0000 (* Average Power for rapl:::MAXIMUM_TIME_WINDOW_CNT:PACKAGE1 *)
0.4652 s 0.0017 (* Average Power for rapl:::PACKAGE_ENERGY_CNT:PACKAGE0 *)
0.4652 s 0.0018 (* Average Power for rapl:::PACKAGE_ENERGY_CNT:PACKAGE1 *)
0.4652 s 0.0010 (* Average Power for rapl:::DRAM_ENERGY_CNT:PACKAGE0 *)
0.4652 s 0.0010 (* Average Power for rapl:::DRAM_ENERGY_CNT:PACKAGE1 *)
0.4652 s 0.0000 (* Average Power for rapl:::PP0_ENERGY_CNT:PACKAGE0 *)
0.4652 s 0.0000 (* Average Power for rapl:::PP0_ENERGY_CNT:PACKAGE1 *)
0.4652 s 9973310888.4431 (* Average Power for rapl:::THERMAL_SPEC:PACKAGE0 *)
0.4652 s 9973310888.4431 (* Average Power for rapl:::THERMAL_SPEC:PACKAGE1 *)
0.4652 s 9963099849.4392 (* Average Power for rapl:::MINIMUM_POWER:PACKAGE0 *)
0.4652 s 9963099849.4392 (* Average Power for rapl:::MINIMUM_POWER:PACKAGE1 *)
0.4652 s 9982992466.1654 (* Average Power for rapl:::MAXIMUM_POWER:PACKAGE0 *)
0.4652 s 9982992466.1654 (* Average Power for rapl:::MAXIMUM_POWER:PACKAGE1 *)
0.4652 s 9860384360.7924 (* Average Power for rapl:::MAXIMUM_TIME_WINDOW:PACKAGE0 *)
0.4652 s 9860384360.7924 (* Average Power for rapl:::MAXIMUM_TIME_WINDOW:PACKAGE1 *)
0.4652 s 48.9531 (* Total Energy for rapl:::PACKAGE_ENERGY:PACKAGE0 *)
0.4652 s 105.2365 (* Average Power for rapl:::PACKAGE_ENERGY:PACKAGE0 *)
0.4652 s 51.1353 (* Total Energy for rapl:::PACKAGE_ENERGY:PACKAGE1 *)
0.4652 s 109.9277 (* Average Power for rapl:::PACKAGE_ENERGY:PACKAGE1 *)
0.4652 s 14.6801 (* Average Power for rapl:::DRAM_ENERGY:PACKAGE0 *)
0.4652 s 15.5986 (* Average Power for rapl:::DRAM_ENERGY:PACKAGE1 *)
0.4652 s 0.0000 (* Average Power for rapl:::PP0_ENERGY:PACKAGE0 *)
0.4652 s 0.0000 (* Average Power for rapl:::PP0_ENERGY:PACKAGE1 *)
Time for Deletion  0.465146 
Total Time for Updating at Batch 1 is 1.137712 
Total Time for Updating Rooted Tree at iter 1 is 0.175602 with Rewire:0
Total Time for Updating  1.316070 
Time Taken for Initializing Memory 0.080712 
Highest Edge Value 10 --
Total Time for Reading Remainder Edges 19.244413 
Total Time for Reading Certificate Network 4.606567 
Total Time for Reading Update List 0.406784 
==Update Starts =======
Total Time for Initial Tree Creation  2.085834 
Found rapl component at cid 2
Found: rapl:::THERMAL_SPEC_CNT:PACKAGE0
Found: rapl:::THERMAL_SPEC_CNT:PACKAGE1
Found: rapl:::MINIMUM_POWER_CNT:PACKAGE0
Found: rapl:::MINIMUM_POWER_CNT:PACKAGE1
Found: rapl:::MAXIMUM_POWER_CNT:PACKAGE0
Found: rapl:::MAXIMUM_POWER_CNT:PACKAGE1
Found: rapl:::MAXIMUM_TIME_WINDOW_CNT:PACKAGE0
Found: rapl:::MAXIMUM_TIME_WINDOW_CNT:PACKAGE1
Found: rapl:::PACKAGE_ENERGY_CNT:PACKAGE0
Found: rapl:::PACKAGE_ENERGY_CNT:PACKAGE1
Found: rapl:::DRAM_ENERGY_CNT:PACKAGE0
Found: rapl:::DRAM_ENERGY_CNT:PACKAGE1
Found: rapl:::PP0_ENERGY_CNT:PACKAGE0
Found: rapl:::PP0_ENERGY_CNT:PACKAGE1
Found: rapl:::THERMAL_SPEC:PACKAGE0
Found: rapl:::THERMAL_SPEC:PACKAGE1
Found: rapl:::MINIMUM_POWER:PACKAGE0
Found: rapl:::MINIMUM_POWER:PACKAGE1
Found: rapl:::MAXIMUM_POWER:PACKAGE0
Found: rapl:::MAXIMUM_POWER:PACKAGE1
Found: rapl:::MAXIMUM_TIME_WINDOW:PACKAGE0
Found: rapl:::MAXIMUM_TIME_WINDOW:PACKAGE1
Found: rapl:::PACKAGE_ENERGY:PACKAGE0
Found: rapl:::PACKAGE_ENERGY:PACKAGE1
Found: rapl:::DRAM_ENERGY:PACKAGE0
Found: rapl:::DRAM_ENERGY:PACKAGE1
Found: rapl:::PP0_ENERGY:PACKAGE0
Found: rapl:::PP0_ENERGY:PACKAGE1
Starting Classify and Insert
Classify 999999 999999  
Deleted Edges: 28700 
Processed Inserts: 235478
 Unprocessed Inserts: 687
 0.6742 s 0.0000 (* Average Power for rapl:::THERMAL_SPEC_CNT:PACKAGE0 *)
0.6742 s 0.0000 (* Average Power for rapl:::THERMAL_SPEC_CNT:PACKAGE1 *)
0.6742 s 0.0000 (* Average Power for rapl:::MINIMUM_POWER_CNT:PACKAGE0 *)
0.6742 s 0.0000 (* Average Power for rapl:::MINIMUM_POWER_CNT:PACKAGE1 *)
0.6742 s 0.0000 (* Average Power for rapl:::MAXIMUM_POWER_CNT:PACKAGE0 *)
0.6742 s 0.0000 (* Average Power for rapl:::MAXIMUM_POWER_CNT:PACKAGE1 *)
0.6742 s 0.0000 (* Average Power for rapl:::MAXIMUM_TIME_WINDOW_CNT:PACKAGE0 *)
0.6742 s 0.0000 (* Average Power for rapl:::MAXIMUM_TIME_WINDOW_CNT:PACKAGE1 *)
0.6742 s 0.0009 (* Average Power for rapl:::PACKAGE_ENERGY_CNT:PACKAGE0 *)
0.6742 s 0.0013 (* Average Power for rapl:::PACKAGE_ENERGY_CNT:PACKAGE1 *)
0.6742 s 0.0009 (* Average Power for rapl:::DRAM_ENERGY_CNT:PACKAGE0 *)
0.6742 s 0.0010 (* Average Power for rapl:::DRAM_ENERGY_CNT:PACKAGE1 *)
0.6742 s 0.0000 (* Average Power for rapl:::PP0_ENERGY_CNT:PACKAGE0 *)
0.6742 s 0.0000 (* Average Power for rapl:::PP0_ENERGY_CNT:PACKAGE1 *)
0.6742 s 6881231918.3661 (* Average Power for rapl:::THERMAL_SPEC:PACKAGE0 *)
0.6742 s 6881231918.3661 (* Average Power for rapl:::THERMAL_SPEC:PACKAGE1 *)
0.6742 s 6874186662.4527 (* Average Power for rapl:::MINIMUM_POWER:PACKAGE0 *)
0.6742 s 6874186662.4527 (* Average Power for rapl:::MINIMUM_POWER:PACKAGE1 *)
0.6742 s 6887911864.7137 (* Average Power for rapl:::MAXIMUM_POWER:PACKAGE0 *)
0.6742 s 6887911864.7137 (* Average Power for rapl:::MAXIMUM_POWER:PACKAGE1 *)
0.6742 s 6803316606.6715 (* Average Power for rapl:::MAXIMUM_TIME_WINDOW:PACKAGE0 *)
0.6742 s 6803316606.6715 (* Average Power for rapl:::MAXIMUM_TIME_WINDOW:PACKAGE1 *)
0.6742 s 36.8488 (* Total Energy for rapl:::PACKAGE_ENERGY:PACKAGE0 *)
0.6742 s 54.6558 (* Average Power for rapl:::PACKAGE_ENERGY:PACKAGE0 *)
0.6742 s 54.9958 (* Total Energy for rapl:::PACKAGE_ENERGY:PACKAGE1 *)
0.6742 s 81.5724 (* Average Power for rapl:::PACKAGE_ENERGY:PACKAGE1 *)
0.6742 s 14.4141 (* Average Power for rapl:::DRAM_ENERGY:PACKAGE0 *)
0.6742 s 15.3518 (* Average Power for rapl:::DRAM_ENERGY:PACKAGE1 *)
0.6742 s 0.0000 (* Average Power for rapl:::PP0_ENERGY:PACKAGE0 *)
0.6742 s 0.0000 (* Average Power for rapl:::PP0_ENERGY:PACKAGE1 *)
Time for Classify and insert  0.674129 
Found rapl component at cid 2
Found: rapl:::THERMAL_SPEC_CNT:PACKAGE0
Found: rapl:::THERMAL_SPEC_CNT:PACKAGE1
Found: rapl:::MINIMUM_POWER_CNT:PACKAGE0
Found: rapl:::MINIMUM_POWER_CNT:PACKAGE1
Found: rapl:::MAXIMUM_POWER_CNT:PACKAGE0
Found: rapl:::MAXIMUM_POWER_CNT:PACKAGE1
Found: rapl:::MAXIMUM_TIME_WINDOW_CNT:PACKAGE0
Found: rapl:::MAXIMUM_TIME_WINDOW_CNT:PACKAGE1
Found: rapl:::PACKAGE_ENERGY_CNT:PACKAGE0
Found: rapl:::PACKAGE_ENERGY_CNT:PACKAGE1
Found: rapl:::DRAM_ENERGY_CNT:PACKAGE0
Found: rapl:::DRAM_ENERGY_CNT:PACKAGE1
Found: rapl:::PP0_ENERGY_CNT:PACKAGE0
Found: rapl:::PP0_ENERGY_CNT:PACKAGE1
Found: rapl:::THERMAL_SPEC:PACKAGE0
Found: rapl:::THERMAL_SPEC:PACKAGE1
Found: rapl:::MINIMUM_POWER:PACKAGE0
Found: rapl:::MINIMUM_POWER:PACKAGE1
Found: rapl:::MAXIMUM_POWER:PACKAGE0
Found: rapl:::MAXIMUM_POWER:PACKAGE1
Found: rapl:::MAXIMUM_TIME_WINDOW:PACKAGE0
Found: rapl:::MAXIMUM_TIME_WINDOW:PACKAGE1
Found: rapl:::PACKAGE_ENERGY:PACKAGE0
Found: rapl:::PACKAGE_ENERGY:PACKAGE1
Found: rapl:::DRAM_ENERGY:PACKAGE0
Found: rapl:::DRAM_ENERGY:PACKAGE1
Found: rapl:::PP0_ENERGY:PACKAGE0
Found: rapl:::PP0_ENERGY:PACKAGE1
Starting process_deletions
0.5458 s 0.0000 (* Average Power for rapl:::THERMAL_SPEC_CNT:PACKAGE0 *)
0.5458 s 0.0000 (* Average Power for rapl:::THERMAL_SPEC_CNT:PACKAGE1 *)
0.5458 s 0.0000 (* Average Power for rapl:::MINIMUM_POWER_CNT:PACKAGE0 *)
0.5458 s 0.0000 (* Average Power for rapl:::MINIMUM_POWER_CNT:PACKAGE1 *)
0.5458 s 0.0000 (* Average Power for rapl:::MAXIMUM_POWER_CNT:PACKAGE0 *)
0.5458 s 0.0000 (* Average Power for rapl:::MAXIMUM_POWER_CNT:PACKAGE1 *)
0.5458 s 0.0000 (* Average Power for rapl:::MAXIMUM_TIME_WINDOW_CNT:PACKAGE0 *)
0.5458 s 0.0000 (* Average Power for rapl:::MAXIMUM_TIME_WINDOW_CNT:PACKAGE1 *)
0.5458 s 0.0017 (* Average Power for rapl:::PACKAGE_ENERGY_CNT:PACKAGE0 *)
0.5458 s 0.0018 (* Average Power for rapl:::PACKAGE_ENERGY_CNT:PACKAGE1 *)
0.5458 s 0.0009 (* Average Power for rapl:::DRAM_ENERGY_CNT:PACKAGE0 *)
0.5458 s 0.0010 (* Average Power for rapl:::DRAM_ENERGY_CNT:PACKAGE1 *)
0.5458 s 0.0000 (* Average Power for rapl:::PP0_ENERGY_CNT:PACKAGE0 *)
0.5458 s 0.0000 (* Average Power for rapl:::PP0_ENERGY_CNT:PACKAGE1 *)
0.5458 s 8499306781.5056 (* Average Power for rapl:::THERMAL_SPEC:PACKAGE0 *)
0.5458 s 8499306781.5056 (* Average Power for rapl:::THERMAL_SPEC:PACKAGE1 *)
0.5458 s 8490604881.6026 (* Average Power for rapl:::MINIMUM_POWER:PACKAGE0 *)
0.5458 s 8490604881.6026 (* Average Power for rapl:::MINIMUM_POWER:PACKAGE1 *)
0.5458 s 8507557471.7839 (* Average Power for rapl:::MAXIMUM_POWER:PACKAGE0 *)
0.5458 s 8507557471.7839 (* Average Power for rapl:::MAXIMUM_POWER:PACKAGE1 *)
0.5458 s 8403070214.4307 (* Average Power for rapl:::MAXIMUM_TIME_WINDOW:PACKAGE0 *)
0.5458 s 8403070214.4307 (* Average Power for rapl:::MAXIMUM_TIME_WINDOW:PACKAGE1 *)
0.5458 s 56.7084 (* Total Energy for rapl:::PACKAGE_ENERGY:PACKAGE0 *)
0.5458 s 103.8911 (* Average Power for rapl:::PACKAGE_ENERGY:PACKAGE0 *)
0.5458 s 60.2185 (* Total Energy for rapl:::PACKAGE_ENERGY:PACKAGE1 *)
0.5458 s 110.3216 (* Average Power for rapl:::PACKAGE_ENERGY:PACKAGE1 *)
0.5458 s 14.3496 (* Average Power for rapl:::DRAM_ENERGY:PACKAGE0 *)
0.5458 s 15.7612 (* Average Power for rapl:::DRAM_ENERGY:PACKAGE1 *)
0.5458 s 0.0000 (* Average Power for rapl:::PP0_ENERGY:PACKAGE0 *)
0.5458 s 0.0000 (* Average Power for rapl:::PP0_ENERGY:PACKAGE1 *)
Time for Deletion  0.545814 
Total Time for Updating at Batch 1 is 1.249089 
Total Time for Updating Rooted Tree at iter 1 is 0.182131 with Rewire:0
Total Time for Updating  1.434493 
Time Taken for Initializing Memory 0.080606 
Highest Edge Value 10 --
Total Time for Reading Remainder Edges 19.252965 
Total Time for Reading Certificate Network 4.598446 
Total Time for Reading Update List 0.406638 
==Update Starts =======
Total Time for Initial Tree Creation  2.012896 
Found rapl component at cid 2
Found: rapl:::THERMAL_SPEC_CNT:PACKAGE0
Found: rapl:::THERMAL_SPEC_CNT:PACKAGE1
Found: rapl:::MINIMUM_POWER_CNT:PACKAGE0
Found: rapl:::MINIMUM_POWER_CNT:PACKAGE1
Found: rapl:::MAXIMUM_POWER_CNT:PACKAGE0
Found: rapl:::MAXIMUM_POWER_CNT:PACKAGE1
Found: rapl:::MAXIMUM_TIME_WINDOW_CNT:PACKAGE0
Found: rapl:::MAXIMUM_TIME_WINDOW_CNT:PACKAGE1
Found: rapl:::PACKAGE_ENERGY_CNT:PACKAGE0
Found: rapl:::PACKAGE_ENERGY_CNT:PACKAGE1
Found: rapl:::DRAM_ENERGY_CNT:PACKAGE0
Found: rapl:::DRAM_ENERGY_CNT:PACKAGE1
Found: rapl:::PP0_ENERGY_CNT:PACKAGE0
Found: rapl:::PP0_ENERGY_CNT:PACKAGE1
Found: rapl:::THERMAL_SPEC:PACKAGE0
Found: rapl:::THERMAL_SPEC:PACKAGE1
Found: rapl:::MINIMUM_POWER:PACKAGE0
Found: rapl:::MINIMUM_POWER:PACKAGE1
Found: rapl:::MAXIMUM_POWER:PACKAGE0
Found: rapl:::MAXIMUM_POWER:PACKAGE1
Found: rapl:::MAXIMUM_TIME_WINDOW:PACKAGE0
Found: rapl:::MAXIMUM_TIME_WINDOW:PACKAGE1
Found: rapl:::PACKAGE_ENERGY:PACKAGE0
Found: rapl:::PACKAGE_ENERGY:PACKAGE1
Found: rapl:::DRAM_ENERGY:PACKAGE0
Found: rapl:::DRAM_ENERGY:PACKAGE1
Found: rapl:::PP0_ENERGY:PACKAGE0
Found: rapl:::PP0_ENERGY:PACKAGE1
Starting Classify and Insert
Classify 999999 999999  
Deleted Edges: 28700 
Processed Inserts: 235424
 Unprocessed Inserts: 647
 0.6383 s 0.0000 (* Average Power for rapl:::THERMAL_SPEC_CNT:PACKAGE0 *)
0.6383 s 0.0000 (* Average Power for rapl:::THERMAL_SPEC_CNT:PACKAGE1 *)
0.6383 s 0.0000 (* Average Power for rapl:::MINIMUM_POWER_CNT:PACKAGE0 *)
0.6383 s 0.0000 (* Average Power for rapl:::MINIMUM_POWER_CNT:PACKAGE1 *)
0.6383 s 0.0000 (* Average Power for rapl:::MAXIMUM_POWER_CNT:PACKAGE0 *)
0.6383 s 0.0000 (* Average Power for rapl:::MAXIMUM_POWER_CNT:PACKAGE1 *)
0.6383 s 0.0000 (* Average Power for rapl:::MAXIMUM_TIME_WINDOW_CNT:PACKAGE0 *)
0.6383 s 0.0000 (* Average Power for rapl:::MAXIMUM_TIME_WINDOW_CNT:PACKAGE1 *)
0.6383 s 0.0013 (* Average Power for rapl:::PACKAGE_ENERGY_CNT:PACKAGE0 *)
0.6383 s 0.0015 (* Average Power for rapl:::PACKAGE_ENERGY_CNT:PACKAGE1 *)
0.6383 s 0.0009 (* Average Power for rapl:::DRAM_ENERGY_CNT:PACKAGE0 *)
0.6383 s 0.0010 (* Average Power for rapl:::DRAM_ENERGY_CNT:PACKAGE1 *)
0.6383 s 0.0000 (* Average Power for rapl:::PP0_ENERGY_CNT:PACKAGE0 *)
0.6383 s 0.0000 (* Average Power for rapl:::PP0_ENERGY_CNT:PACKAGE1 *)
0.6383 s 7268704043.4369 (* Average Power for rapl:::THERMAL_SPEC:PACKAGE0 *)
0.6383 s 7268704043.4369 (* Average Power for rapl:::THERMAL_SPEC:PACKAGE1 *)
0.6383 s 7261262079.4466 (* Average Power for rapl:::MINIMUM_POWER:PACKAGE0 *)
0.6383 s 7261262079.4466 (* Average Power for rapl:::MINIMUM_POWER:PACKAGE1 *)
0.6383 s 7275760127.8129 (* Average Power for rapl:::MAXIMUM_POWER:PACKAGE0 *)
0.6383 s 7275760127.8129 (* Average Power for rapl:::MAXIMUM_POWER:PACKAGE1 *)
0.6383 s 7186401434.2705 (* Average Power for rapl:::MAXIMUM_TIME_WINDOW:PACKAGE0 *)
0.6383 s 7186401434.2705 (* Average Power for rapl:::MAXIMUM_TIME_WINDOW:PACKAGE1 *)
0.6383 s 50.3848 (* Total Energy for rapl:::PACKAGE_ENERGY:PACKAGE0 *)
0.6383 s 78.9412 (* Average Power for rapl:::PACKAGE_ENERGY:PACKAGE0 *)
0.6383 s 56.6404 (* Total Energy for rapl:::PACKAGE_ENERGY:PACKAGE1 *)
0.6383 s 88.7422 (* Average Power for rapl:::PACKAGE_ENERGY:PACKAGE1 *)
0.6383 s 14.4691 (* Average Power for rapl:::DRAM_ENERGY:PACKAGE0 *)
0.6383 s 15.3773 (* Average Power for rapl:::DRAM_ENERGY:PACKAGE1 *)
0.6383 s 0.0000 (* Average Power for rapl:::PP0_ENERGY:PACKAGE0 *)
0.6383 s 0.0000 (* Average Power for rapl:::PP0_ENERGY:PACKAGE1 *)
Time for Classify and insert  0.638223 
Found rapl component at cid 2
Found: rapl:::THERMAL_SPEC_CNT:PACKAGE0
Found: rapl:::THERMAL_SPEC_CNT:PACKAGE1
Found: rapl:::MINIMUM_POWER_CNT:PACKAGE0
Found: rapl:::MINIMUM_POWER_CNT:PACKAGE1
Found: rapl:::MAXIMUM_POWER_CNT:PACKAGE0
Found: rapl:::MAXIMUM_POWER_CNT:PACKAGE1
Found: rapl:::MAXIMUM_TIME_WINDOW_CNT:PACKAGE0
Found: rapl:::MAXIMUM_TIME_WINDOW_CNT:PACKAGE1
Found: rapl:::PACKAGE_ENERGY_CNT:PACKAGE0
Found: rapl:::PACKAGE_ENERGY_CNT:PACKAGE1
Found: rapl:::DRAM_ENERGY_CNT:PACKAGE0
Found: rapl:::DRAM_ENERGY_CNT:PACKAGE1
Found: rapl:::PP0_ENERGY_CNT:PACKAGE0
Found: rapl:::PP0_ENERGY_CNT:PACKAGE1
Found: rapl:::THERMAL_SPEC:PACKAGE0
Found: rapl:::THERMAL_SPEC:PACKAGE1
Found: rapl:::MINIMUM_POWER:PACKAGE0
Found: rapl:::MINIMUM_POWER:PACKAGE1
Found: rapl:::MAXIMUM_POWER:PACKAGE0
Found: rapl:::MAXIMUM_POWER:PACKAGE1
Found: rapl:::MAXIMUM_TIME_WINDOW:PACKAGE0
Found: rapl:::MAXIMUM_TIME_WINDOW:PACKAGE1
Found: rapl:::PACKAGE_ENERGY:PACKAGE0
Found: rapl:::PACKAGE_ENERGY:PACKAGE1
Found: rapl:::DRAM_ENERGY:PACKAGE0
Found: rapl:::DRAM_ENERGY:PACKAGE1
Found: rapl:::PP0_ENERGY:PACKAGE0
Found: rapl:::PP0_ENERGY:PACKAGE1
Starting process_deletions
0.4912 s 0.0000 (* Average Power for rapl:::THERMAL_SPEC_CNT:PACKAGE0 *)
0.4912 s 0.0000 (* Average Power for rapl:::THERMAL_SPEC_CNT:PACKAGE1 *)
0.4912 s 0.0000 (* Average Power for rapl:::MINIMUM_POWER_CNT:PACKAGE0 *)
0.4912 s 0.0000 (* Average Power for rapl:::MINIMUM_POWER_CNT:PACKAGE1 *)
0.4912 s 0.0000 (* Average Power for rapl:::MAXIMUM_POWER_CNT:PACKAGE0 *)
0.4912 s 0.0000 (* Average Power for rapl:::MAXIMUM_POWER_CNT:PACKAGE1 *)
0.4912 s 0.0000 (* Average Power for rapl:::MAXIMUM_TIME_WINDOW_CNT:PACKAGE0 *)
0.4912 s 0.0000 (* Average Power for rapl:::MAXIMUM_TIME_WINDOW_CNT:PACKAGE1 *)
0.4912 s 0.0016 (* Average Power for rapl:::PACKAGE_ENERGY_CNT:PACKAGE0 *)
0.4912 s 0.0018 (* Average Power for rapl:::PACKAGE_ENERGY_CNT:PACKAGE1 *)
0.4912 s 0.0010 (* Average Power for rapl:::DRAM_ENERGY_CNT:PACKAGE0 *)
0.4912 s 0.0010 (* Average Power for rapl:::DRAM_ENERGY_CNT:PACKAGE1 *)
0.4912 s 0.0000 (* Average Power for rapl:::PP0_ENERGY_CNT:PACKAGE0 *)
0.4912 s 0.0000 (* Average Power for rapl:::PP0_ENERGY_CNT:PACKAGE1 *)
0.4912 s 9445499420.8984 (* Average Power for rapl:::THERMAL_SPEC:PACKAGE0 *)
0.4912 s 9445499420.8984 (* Average Power for rapl:::THERMAL_SPEC:PACKAGE1 *)
0.4912 s 9435828774.5025 (* Average Power for rapl:::MINIMUM_POWER:PACKAGE0 *)
0.4912 s 9435828774.5025 (* Average Power for rapl:::MINIMUM_POWER:PACKAGE1 *)
0.4912 s 9454668626.3700 (* Average Power for rapl:::MAXIMUM_POWER:PACKAGE0 *)
0.4912 s 9454668626.3700 (* Average Power for rapl:::MAXIMUM_POWER:PACKAGE1 *)
0.4912 s 9338549235.2017 (* Average Power for rapl:::MAXIMUM_TIME_WINDOW:PACKAGE0 *)
0.4912 s 9338549235.2017 (* Average Power for rapl:::MAXIMUM_TIME_WINDOW:PACKAGE1 *)
0.4912 s 49.0544 (* Total Energy for rapl:::PACKAGE_ENERGY:PACKAGE0 *)
0.4912 s 99.8735 (* Average Power for rapl:::PACKAGE_ENERGY:PACKAGE0 *)
0.4912 s 52.9302 (* Total Energy for rapl:::PACKAGE_ENERGY:PACKAGE1 *)
0.4912 s 107.7644 (* Average Power for rapl:::PACKAGE_ENERGY:PACKAGE1 *)
0.4912 s 14.6673 (* Average Power for rapl:::DRAM_ENERGY:PACKAGE0 *)
0.4912 s 15.4530 (* Average Power for rapl:::DRAM_ENERGY:PACKAGE1 *)
0.4912 s 0.0000 (* Average Power for rapl:::PP0_ENERGY:PACKAGE0 *)
0.4912 s 0.0000 (* Average Power for rapl:::PP0_ENERGY:PACKAGE1 *)
Time for Deletion  0.491135 
Total Time for Updating at Batch 1 is 1.165741 
Total Time for Updating Rooted Tree at iter 1 is 0.202207 with Rewire:0
Total Time for Updating  1.370671 
Time Taken for Initializing Memory 0.079975 
Highest Edge Value 10 --
Total Time for Reading Remainder Edges 19.419535 
Total Time for Reading Certificate Network 4.602623 
Total Time for Reading Update List 0.407564 
==Update Starts =======
Total Time for Initial Tree Creation  2.092510 
Found rapl component at cid 2
Found: rapl:::THERMAL_SPEC_CNT:PACKAGE0
Found: rapl:::THERMAL_SPEC_CNT:PACKAGE1
Found: rapl:::MINIMUM_POWER_CNT:PACKAGE0
Found: rapl:::MINIMUM_POWER_CNT:PACKAGE1
Found: rapl:::MAXIMUM_POWER_CNT:PACKAGE0
Found: rapl:::MAXIMUM_POWER_CNT:PACKAGE1
Found: rapl:::MAXIMUM_TIME_WINDOW_CNT:PACKAGE0
Found: rapl:::MAXIMUM_TIME_WINDOW_CNT:PACKAGE1
Found: rapl:::PACKAGE_ENERGY_CNT:PACKAGE0
Found: rapl:::PACKAGE_ENERGY_CNT:PACKAGE1
Found: rapl:::DRAM_ENERGY_CNT:PACKAGE0
Found: rapl:::DRAM_ENERGY_CNT:PACKAGE1
Found: rapl:::PP0_ENERGY_CNT:PACKAGE0
Found: rapl:::PP0_ENERGY_CNT:PACKAGE1
Found: rapl:::THERMAL_SPEC:PACKAGE0
Found: rapl:::THERMAL_SPEC:PACKAGE1
Found: rapl:::MINIMUM_POWER:PACKAGE0
Found: rapl:::MINIMUM_POWER:PACKAGE1
Found: rapl:::MAXIMUM_POWER:PACKAGE0
Found: rapl:::MAXIMUM_POWER:PACKAGE1
Found: rapl:::MAXIMUM_TIME_WINDOW:PACKAGE0
Found: rapl:::MAXIMUM_TIME_WINDOW:PACKAGE1
Found: rapl:::PACKAGE_ENERGY:PACKAGE0
Found: rapl:::PACKAGE_ENERGY:PACKAGE1
Found: rapl:::DRAM_ENERGY:PACKAGE0
Found: rapl:::DRAM_ENERGY:PACKAGE1
Found: rapl:::PP0_ENERGY:PACKAGE0
Found: rapl:::PP0_ENERGY:PACKAGE1
Starting Classify and Insert
Classify 999999 999999  
Deleted Edges: 28700 
Processed Inserts: 235554
 Unprocessed Inserts: 629
 0.6081 s 0.0000 (* Average Power for rapl:::THERMAL_SPEC_CNT:PACKAGE0 *)
0.6081 s 0.0000 (* Average Power for rapl:::THERMAL_SPEC_CNT:PACKAGE1 *)
0.6081 s 0.0000 (* Average Power for rapl:::MINIMUM_POWER_CNT:PACKAGE0 *)
0.6081 s 0.0000 (* Average Power for rapl:::MINIMUM_POWER_CNT:PACKAGE1 *)
0.6081 s 0.0000 (* Average Power for rapl:::MAXIMUM_POWER_CNT:PACKAGE0 *)
0.6081 s 0.0000 (* Average Power for rapl:::MAXIMUM_POWER_CNT:PACKAGE1 *)
0.6081 s 0.0000 (* Average Power for rapl:::MAXIMUM_TIME_WINDOW_CNT:PACKAGE0 *)
0.6081 s 0.0000 (* Average Power for rapl:::MAXIMUM_TIME_WINDOW_CNT:PACKAGE1 *)
0.6081 s 0.0012 (* Average Power for rapl:::PACKAGE_ENERGY_CNT:PACKAGE0 *)
0.6081 s 0.0011 (* Average Power for rapl:::PACKAGE_ENERGY_CNT:PACKAGE1 *)
0.6081 s 0.0009 (* Average Power for rapl:::DRAM_ENERGY_CNT:PACKAGE0 *)
0.6081 s 0.0010 (* Average Power for rapl:::DRAM_ENERGY_CNT:PACKAGE1 *)
0.6081 s 0.0000 (* Average Power for rapl:::PP0_ENERGY_CNT:PACKAGE0 *)
0.6081 s 0.0000 (* Average Power for rapl:::PP0_ENERGY_CNT:PACKAGE1 *)
0.6081 s 7629071561.1438 (* Average Power for rapl:::THERMAL_SPEC:PACKAGE0 *)
0.6081 s 7629071561.1438 (* Average Power for rapl:::THERMAL_SPEC:PACKAGE1 *)
0.6081 s 7621260639.7611 (* Average Power for rapl:::MINIMUM_POWER:PACKAGE0 *)
0.6081 s 7621260639.7611 (* Average Power for rapl:::MINIMUM_POWER:PACKAGE1 *)
0.6081 s 7636477471.7881 (* Average Power for rapl:::MAXIMUM_POWER:PACKAGE0 *)
0.6081 s 7636477471.7881 (* Average Power for rapl:::MAXIMUM_POWER:PACKAGE1 *)
0.6081 s 7542688556.5191 (* Average Power for rapl:::MAXIMUM_TIME_WINDOW:PACKAGE0 *)
0.6081 s 7542688556.5191 (* Average Power for rapl:::MAXIMUM_TIME_WINDOW:PACKAGE1 *)
0.6081 s 43.0398 (* Total Energy for rapl:::PACKAGE_ENERGY:PACKAGE0 *)
0.6081 s 70.7765 (* Average Power for rapl:::PACKAGE_ENERGY:PACKAGE0 *)
0.6081 s 42.1441 (* Total Energy for rapl:::PACKAGE_ENERGY:PACKAGE1 *)
0.6081 s 69.3036 (* Average Power for rapl:::PACKAGE_ENERGY:PACKAGE1 *)
0.6081 s 14.4807 (* Average Power for rapl:::DRAM_ENERGY:PACKAGE0 *)
0.6081 s 15.3286 (* Average Power for rapl:::DRAM_ENERGY:PACKAGE1 *)
0.6081 s 0.0000 (* Average Power for rapl:::PP0_ENERGY:PACKAGE0 *)
0.6081 s 0.0000 (* Average Power for rapl:::PP0_ENERGY:PACKAGE1 *)
Time for Classify and insert  0.608053 
Found rapl component at cid 2
Found: rapl:::THERMAL_SPEC_CNT:PACKAGE0
Found: rapl:::THERMAL_SPEC_CNT:PACKAGE1
Found: rapl:::MINIMUM_POWER_CNT:PACKAGE0
Found: rapl:::MINIMUM_POWER_CNT:PACKAGE1
Found: rapl:::MAXIMUM_POWER_CNT:PACKAGE0
Found: rapl:::MAXIMUM_POWER_CNT:PACKAGE1
Found: rapl:::MAXIMUM_TIME_WINDOW_CNT:PACKAGE0
Found: rapl:::MAXIMUM_TIME_WINDOW_CNT:PACKAGE1
Found: rapl:::PACKAGE_ENERGY_CNT:PACKAGE0
Found: rapl:::PACKAGE_ENERGY_CNT:PACKAGE1
Found: rapl:::DRAM_ENERGY_CNT:PACKAGE0
Found: rapl:::DRAM_ENERGY_CNT:PACKAGE1
Found: rapl:::PP0_ENERGY_CNT:PACKAGE0
Found: rapl:::PP0_ENERGY_CNT:PACKAGE1
Found: rapl:::THERMAL_SPEC:PACKAGE0
Found: rapl:::THERMAL_SPEC:PACKAGE1
Found: rapl:::MINIMUM_POWER:PACKAGE0
Found: rapl:::MINIMUM_POWER:PACKAGE1
Found: rapl:::MAXIMUM_POWER:PACKAGE0
Found: rapl:::MAXIMUM_POWER:PACKAGE1
Found: rapl:::MAXIMUM_TIME_WINDOW:PACKAGE0
Found: rapl:::MAXIMUM_TIME_WINDOW:PACKAGE1
Found: rapl:::PACKAGE_ENERGY:PACKAGE0
Found: rapl:::PACKAGE_ENERGY:PACKAGE1
Found: rapl:::DRAM_ENERGY:PACKAGE0
Found: rapl:::DRAM_ENERGY:PACKAGE1
Found: rapl:::PP0_ENERGY:PACKAGE0
Found: rapl:::PP0_ENERGY:PACKAGE1
Starting process_deletions
0.4982 s 0.0000 (* Average Power for rapl:::THERMAL_SPEC_CNT:PACKAGE0 *)
0.4982 s 0.0000 (* Average Power for rapl:::THERMAL_SPEC_CNT:PACKAGE1 *)
0.4982 s 0.0000 (* Average Power for rapl:::MINIMUM_POWER_CNT:PACKAGE0 *)
0.4982 s 0.0000 (* Average Power for rapl:::MINIMUM_POWER_CNT:PACKAGE1 *)
0.4982 s 0.0000 (* Average Power for rapl:::MAXIMUM_POWER_CNT:PACKAGE0 *)
0.4982 s 0.0000 (* Average Power for rapl:::MAXIMUM_POWER_CNT:PACKAGE1 *)
0.4982 s 0.0000 (* Average Power for rapl:::MAXIMUM_TIME_WINDOW_CNT:PACKAGE0 *)
0.4982 s 0.0000 (* Average Power for rapl:::MAXIMUM_TIME_WINDOW_CNT:PACKAGE1 *)
0.4982 s 0.0017 (* Average Power for rapl:::PACKAGE_ENERGY_CNT:PACKAGE0 *)
0.4982 s 0.0018 (* Average Power for rapl:::PACKAGE_ENERGY_CNT:PACKAGE1 *)
0.4982 s 0.0009 (* Average Power for rapl:::DRAM_ENERGY_CNT:PACKAGE0 *)
0.4982 s 0.0010 (* Average Power for rapl:::DRAM_ENERGY_CNT:PACKAGE1 *)
0.4982 s 0.0000 (* Average Power for rapl:::PP0_ENERGY_CNT:PACKAGE0 *)
0.4982 s 0.0000 (* Average Power for rapl:::PP0_ENERGY_CNT:PACKAGE1 *)
0.4982 s 9312870048.3028 (* Average Power for rapl:::THERMAL_SPEC:PACKAGE0 *)
0.4982 s 9312870048.3028 (* Average Power for rapl:::THERMAL_SPEC:PACKAGE1 *)
0.4982 s 9303335192.6901 (* Average Power for rapl:::MINIMUM_POWER:PACKAGE0 *)
0.4982 s 9303335192.6901 (* Average Power for rapl:::MINIMUM_POWER:PACKAGE1 *)
0.4982 s 9321910503.9948 (* Average Power for rapl:::MAXIMUM_POWER:PACKAGE0 *)
0.4982 s 9321910503.9948 (* Average Power for rapl:::MAXIMUM_POWER:PACKAGE1 *)
0.4982 s 9207421608.0826 (* Average Power for rapl:::MAXIMUM_TIME_WINDOW:PACKAGE0 *)
0.4982 s 9207421608.0826 (* Average Power for rapl:::MAXIMUM_TIME_WINDOW:PACKAGE1 *)
0.4982 s 51.9589 (* Total Energy for rapl:::PACKAGE_ENERGY:PACKAGE0 *)
0.4982 s 104.3014 (* Average Power for rapl:::PACKAGE_ENERGY:PACKAGE0 *)
0.4982 s 54.4539 (* Total Energy for rapl:::PACKAGE_ENERGY:PACKAGE1 *)
0.4982 s 109.3098 (* Average Power for rapl:::PACKAGE_ENERGY:PACKAGE1 *)
0.4982 s 14.4702 (* Average Power for rapl:::DRAM_ENERGY:PACKAGE0 *)
0.4982 s 15.5966 (* Average Power for rapl:::DRAM_ENERGY:PACKAGE1 *)
0.4982 s 0.0000 (* Average Power for rapl:::PP0_ENERGY:PACKAGE0 *)
0.4982 s 0.0000 (* Average Power for rapl:::PP0_ENERGY:PACKAGE1 *)
Time for Deletion  0.498133 
Total Time for Updating at Batch 1 is 1.138328 
Total Time for Updating Rooted Tree at iter 1 is 0.180152 with Rewire:0
Total Time for Updating  1.321416 
