Galois Benchmark Suite v2.2.1 (r0)
Copyright (C) 2014 The University of Texas at Austin
http://iss.ices.utexas.edu/galois/

application: Boruvka's Minimum Spanning Tree Algorithm
Computes the minimum spanning forest of a graph
http://iss.ices.utexas.edu/?p=projects/galois/benchmarks/mst

INFO: CommandLine /home/users/norris/research/easy-parallel-graph/autoperf/mst/lib/Galois-2.2.1/build/power/apps/boruvka/boruvka -t=8 /home/users/norris/research/easy-parallel-graph/experiment/datasets/rmat248_G_75i_1000000.gr
INFO: Hostname arya
Found rapl component at cid 2
Found: rapl:::THERMAL_SPEC_CNT:PACKAGE0
Found: rapl:::THERMAL_SPEC_CNT:PACKAGE1
Found: rapl:::MINIMUM_POWER_CNT:PACKAGE0
Found: rapl:::MINIMUM_POWER_CNT:PACKAGE1
Found: rapl:::MAXIMUM_POWER_CNT:PACKAGE0
Found: rapl:::MAXIMUM_POWER_CNT:PACKAGE1
Found: rapl:::MAXIMUM_TIME_WINDOW_CNT:PACKAGE0
Found: rapl:::MAXIMUM_TIME_WINDOW_CNT:PACKAGE1
Found: rapl:::PACKAGE_ENERGY_CNT:PACKAGE0
Found: rapl:::PACKAGE_ENERGY_CNT:PACKAGE1
Found: rapl:::DRAM_ENERGY_CNT:PACKAGE0
Found: rapl:::DRAM_ENERGY_CNT:PACKAGE1
Found: rapl:::PP0_ENERGY_CNT:PACKAGE0
Found: rapl:::PP0_ENERGY_CNT:PACKAGE1
Found: rapl:::THERMAL_SPEC:PACKAGE0
Found: rapl:::THERMAL_SPEC:PACKAGE1
Found: rapl:::MINIMUM_POWER:PACKAGE0
Found: rapl:::MINIMUM_POWER:PACKAGE1
Found: rapl:::MAXIMUM_POWER:PACKAGE0
Found: rapl:::MAXIMUM_POWER:PACKAGE1
Found: rapl:::MAXIMUM_TIME_WINDOW:PACKAGE0
Found: rapl:::MAXIMUM_TIME_WINDOW:PACKAGE1
Found: rapl:::PACKAGE_ENERGY:PACKAGE0
Found: rapl:::PACKAGE_ENERGY:PACKAGE1
Found: rapl:::DRAM_ENERGY:PACKAGE0
Found: rapl:::DRAM_ENERGY:PACKAGE1
Found: rapl:::PP0_ENERGY:PACKAGE0
Found: rapl:::PP0_ENERGY:PACKAGE1
Nodes: 16777216 edges: 537752652 heaviest edge: 99
7.8953 s 0.0000 (* Average Power for rapl:::THERMAL_SPEC_CNT:PACKAGE0 *)
7.8953 s 0.0000 (* Average Power for rapl:::THERMAL_SPEC_CNT:PACKAGE1 *)
7.8953 s 0.0000 (* Average Power for rapl:::MINIMUM_POWER_CNT:PACKAGE0 *)
7.8953 s 0.0000 (* Average Power for rapl:::MINIMUM_POWER_CNT:PACKAGE1 *)
7.8953 s 0.0000 (* Average Power for rapl:::MAXIMUM_POWER_CNT:PACKAGE0 *)
7.8953 s 0.0000 (* Average Power for rapl:::MAXIMUM_POWER_CNT:PACKAGE1 *)
7.8953 s 0.0000 (* Average Power for rapl:::MAXIMUM_TIME_WINDOW_CNT:PACKAGE0 *)
7.8953 s 0.0000 (* Average Power for rapl:::MAXIMUM_TIME_WINDOW_CNT:PACKAGE1 *)
7.8953 s 0.0014 (* Average Power for rapl:::PACKAGE_ENERGY_CNT:PACKAGE0 *)
7.8953 s 0.0005 (* Average Power for rapl:::PACKAGE_ENERGY_CNT:PACKAGE1 *)
7.8953 s 0.0013 (* Average Power for rapl:::DRAM_ENERGY_CNT:PACKAGE0 *)
7.8953 s 0.0007 (* Average Power for rapl:::DRAM_ENERGY_CNT:PACKAGE1 *)
7.8953 s 0.0000 (* Average Power for rapl:::PP0_ENERGY_CNT:PACKAGE0 *)
7.8953 s 0.0000 (* Average Power for rapl:::PP0_ENERGY_CNT:PACKAGE1 *)
7.8953 s 587600005.6837 (* Average Power for rapl:::THERMAL_SPEC:PACKAGE0 *)
7.8953 s 587600005.6837 (* Average Power for rapl:::THERMAL_SPEC:PACKAGE1 *)
7.8953 s 586998399.3923 (* Average Power for rapl:::MINIMUM_POWER:PACKAGE0 *)
7.8953 s 586998399.3923 (* Average Power for rapl:::MINIMUM_POWER:PACKAGE1 *)
7.8953 s 588170417.5748 (* Average Power for rapl:::MAXIMUM_POWER:PACKAGE0 *)
7.8953 s 588170417.5748 (* Average Power for rapl:::MAXIMUM_POWER:PACKAGE1 *)
7.8953 s 580946685.7349 (* Average Power for rapl:::MAXIMUM_TIME_WINDOW:PACKAGE0 *)
7.8953 s 580946685.7349 (* Average Power for rapl:::MAXIMUM_TIME_WINDOW:PACKAGE1 *)
7.8953 s 656.9174 (* Total Energy for rapl:::PACKAGE_ENERGY:PACKAGE0 *)
7.8953 s 83.2031 (* Average Power for rapl:::PACKAGE_ENERGY:PACKAGE0 *)
7.8953 s 219.5022 (* Total Energy for rapl:::PACKAGE_ENERGY:PACKAGE1 *)
7.8953 s 27.8015 (* Average Power for rapl:::PACKAGE_ENERGY:PACKAGE1 *)
7.8953 s 19.9126 (* Average Power for rapl:::DRAM_ENERGY:PACKAGE0 *)
7.8953 s 11.1099 (* Average Power for rapl:::DRAM_ENERGY:PACKAGE1 *)
7.8953 s 0.0000 (* Average Power for rapl:::PP0_ENERGY:PACKAGE0 *)
7.8953 s 0.0000 (* Average Power for rapl:::PP0_ENERGY:PACKAGE1 *)
MST weight: 2.16901e+08 (216901221)
Num trees: 290333
Tree edges: 16486883
STATTYPE,LOOP,CATEGORY,n,sum,T0,T1,T2,T3,T4,T5,T6,T7
STAT,(NULL),InitializeSortTime,8,2378,2378,0,0,0,0,0,0,0
STAT,(NULL),InitializeTime,8,56734,56734,0,0,0,0,0,0,0
STAT,(NULL),LoopTime,8,10256,10256,0,0,0,0,0,0,0
STAT,(NULL),MeminfoPost,8,510,63,62,62,64,64,64,65,66
STAT,(NULL),MeminfoPre,8,0,0,0,0,0,0,0,0,0
STAT,(NULL),Rounds,8,23,23,0,0,0,0,0,0,0
STAT,(NULL),Threads,8,8,8,0,0,0,0,0,0,0
STAT,(NULL),Time,8,7895,7895,0,0,0,0,0,0,0
STAT,map_reduce,LoopTime,8,148,148,0,0,0,0,0,0,0
	Command being timed: "/home/users/norris/research/easy-parallel-graph/autoperf/mst/lib/Galois-2.2.1/build/power/apps/boruvka/boruvka -t=8 /home/users/norris/research/easy-parallel-graph/experiment/datasets/rmat248_G_75i_1000000.gr"
	User time (seconds): 159.93
	System time (seconds): 3.84
	Percent of CPU this job got: 240%
	Elapsed (wall clock) time (h:mm:ss or m:ss): 1:08.19
	Average shared text size (kbytes): 0
	Average unshared data size (kbytes): 0
	Average stack size (kbytes): 0
	Average total size (kbytes): 0
	Maximum resident set size (kbytes): 12680700
	Average resident set size (kbytes): 0
	Major (requiring I/O) page faults: 0
	Minor (reclaiming a frame) page faults: 97324
	Voluntary context switches: 1197
	Involuntary context switches: 422
	Swaps: 0
	File system inputs: 0
	File system outputs: 24
	Socket messages sent: 0
	Socket messages received: 0
	Signals delivered: 0
	Page size (bytes): 4096
	Exit status: 0
Galois Benchmark Suite v2.2.1 (r0)
Copyright (C) 2014 The University of Texas at Austin
http://iss.ices.utexas.edu/galois/

application: Boruvka's Minimum Spanning Tree Algorithm
Computes the minimum spanning forest of a graph
http://iss.ices.utexas.edu/?p=projects/galois/benchmarks/mst

INFO: CommandLine /home/users/norris/research/easy-parallel-graph/autoperf/mst/lib/Galois-2.2.1/build/power/apps/boruvka/boruvka -t=8 /home/users/norris/research/easy-parallel-graph/experiment/datasets/rmat248_G_75i_1000000.gr
INFO: Hostname arya
Found rapl component at cid 2
Found: rapl:::THERMAL_SPEC_CNT:PACKAGE0
Found: rapl:::THERMAL_SPEC_CNT:PACKAGE1
Found: rapl:::MINIMUM_POWER_CNT:PACKAGE0
Found: rapl:::MINIMUM_POWER_CNT:PACKAGE1
Found: rapl:::MAXIMUM_POWER_CNT:PACKAGE0
Found: rapl:::MAXIMUM_POWER_CNT:PACKAGE1
Found: rapl:::MAXIMUM_TIME_WINDOW_CNT:PACKAGE0
Found: rapl:::MAXIMUM_TIME_WINDOW_CNT:PACKAGE1
Found: rapl:::PACKAGE_ENERGY_CNT:PACKAGE0
Found: rapl:::PACKAGE_ENERGY_CNT:PACKAGE1
Found: rapl:::DRAM_ENERGY_CNT:PACKAGE0
Found: rapl:::DRAM_ENERGY_CNT:PACKAGE1
Found: rapl:::PP0_ENERGY_CNT:PACKAGE0
Found: rapl:::PP0_ENERGY_CNT:PACKAGE1
Found: rapl:::THERMAL_SPEC:PACKAGE0
Found: rapl:::THERMAL_SPEC:PACKAGE1
Found: rapl:::MINIMUM_POWER:PACKAGE0
Found: rapl:::MINIMUM_POWER:PACKAGE1
Found: rapl:::MAXIMUM_POWER:PACKAGE0
Found: rapl:::MAXIMUM_POWER:PACKAGE1
Found: rapl:::MAXIMUM_TIME_WINDOW:PACKAGE0
Found: rapl:::MAXIMUM_TIME_WINDOW:PACKAGE1
Found: rapl:::PACKAGE_ENERGY:PACKAGE0
Found: rapl:::PACKAGE_ENERGY:PACKAGE1
Found: rapl:::DRAM_ENERGY:PACKAGE0
Found: rapl:::DRAM_ENERGY:PACKAGE1
Found: rapl:::PP0_ENERGY:PACKAGE0
Found: rapl:::PP0_ENERGY:PACKAGE1
Nodes: 16777216 edges: 537752652 heaviest edge: 99
7.9795 s 0.0000 (* Average Power for rapl:::THERMAL_SPEC_CNT:PACKAGE0 *)
7.9795 s 0.0000 (* Average Power for rapl:::THERMAL_SPEC_CNT:PACKAGE1 *)
7.9795 s 0.0000 (* Average Power for rapl:::MINIMUM_POWER_CNT:PACKAGE0 *)
7.9795 s 0.0000 (* Average Power for rapl:::MINIMUM_POWER_CNT:PACKAGE1 *)
7.9795 s 0.0000 (* Average Power for rapl:::MAXIMUM_POWER_CNT:PACKAGE0 *)
7.9795 s 0.0000 (* Average Power for rapl:::MAXIMUM_POWER_CNT:PACKAGE1 *)
7.9795 s 0.0000 (* Average Power for rapl:::MAXIMUM_TIME_WINDOW_CNT:PACKAGE0 *)
7.9795 s 0.0000 (* Average Power for rapl:::MAXIMUM_TIME_WINDOW_CNT:PACKAGE1 *)
7.9795 s 0.0014 (* Average Power for rapl:::PACKAGE_ENERGY_CNT:PACKAGE0 *)
7.9795 s 0.0004 (* Average Power for rapl:::PACKAGE_ENERGY_CNT:PACKAGE1 *)
7.9795 s 0.0013 (* Average Power for rapl:::DRAM_ENERGY_CNT:PACKAGE0 *)
7.9795 s 0.0007 (* Average Power for rapl:::DRAM_ENERGY_CNT:PACKAGE1 *)
7.9795 s 0.0000 (* Average Power for rapl:::PP0_ENERGY_CNT:PACKAGE0 *)
7.9795 s 0.0000 (* Average Power for rapl:::PP0_ENERGY_CNT:PACKAGE1 *)
7.9795 s 581403583.6737 (* Average Power for rapl:::THERMAL_SPEC:PACKAGE0 *)
7.9795 s 581403583.6737 (* Average Power for rapl:::THERMAL_SPEC:PACKAGE1 *)
7.9795 s 580808321.5049 (* Average Power for rapl:::MINIMUM_POWER:PACKAGE0 *)
7.9795 s 580808321.5049 (* Average Power for rapl:::MINIMUM_POWER:PACKAGE1 *)
7.9795 s 581967980.3968 (* Average Power for rapl:::MAXIMUM_POWER:PACKAGE0 *)
7.9795 s 581967980.3968 (* Average Power for rapl:::MAXIMUM_POWER:PACKAGE1 *)
7.9795 s 574820425.0214 (* Average Power for rapl:::MAXIMUM_TIME_WINDOW:PACKAGE0 *)
7.9795 s 574820425.0214 (* Average Power for rapl:::MAXIMUM_TIME_WINDOW:PACKAGE1 *)
7.9795 s 668.2722 (* Total Energy for rapl:::PACKAGE_ENERGY:PACKAGE0 *)
7.9795 s 83.7487 (* Average Power for rapl:::PACKAGE_ENERGY:PACKAGE0 *)
7.9795 s 190.9344 (* Total Energy for rapl:::PACKAGE_ENERGY:PACKAGE1 *)
7.9795 s 23.9281 (* Average Power for rapl:::PACKAGE_ENERGY:PACKAGE1 *)
7.9795 s 19.9172 (* Average Power for rapl:::DRAM_ENERGY:PACKAGE0 *)
7.9795 s 10.4388 (* Average Power for rapl:::DRAM_ENERGY:PACKAGE1 *)
7.9795 s 0.0000 (* Average Power for rapl:::PP0_ENERGY:PACKAGE0 *)
7.9795 s 0.0000 (* Average Power for rapl:::PP0_ENERGY:PACKAGE1 *)
MST weight: 2.16901e+08 (216901221)
Num trees: 290333
Tree edges: 16486883
STATTYPE,LOOP,CATEGORY,n,sum,T0,T1,T2,T3,T4,T5,T6,T7
STAT,(NULL),InitializeSortTime,8,2371,2371,0,0,0,0,0,0,0
STAT,(NULL),InitializeTime,8,57244,57244,0,0,0,0,0,0,0
STAT,(NULL),LoopTime,8,10331,10331,0,0,0,0,0,0,0
STAT,(NULL),MeminfoPost,8,509,63,63,62,63,63,64,65,66
STAT,(NULL),MeminfoPre,8,0,0,0,0,0,0,0,0,0
STAT,(NULL),Rounds,8,23,23,0,0,0,0,0,0,0
STAT,(NULL),Threads,8,8,8,0,0,0,0,0,0,0
STAT,(NULL),Time,8,7979,7979,0,0,0,0,0,0,0
STAT,map_reduce,LoopTime,8,146,146,0,0,0,0,0,0,0
	Command being timed: "/home/users/norris/research/easy-parallel-graph/autoperf/mst/lib/Galois-2.2.1/build/power/apps/boruvka/boruvka -t=8 /home/users/norris/research/easy-parallel-graph/experiment/datasets/rmat248_G_75i_1000000.gr"
	User time (seconds): 158.82
	System time (seconds): 4.06
	Percent of CPU this job got: 237%
	Elapsed (wall clock) time (h:mm:ss or m:ss): 1:08.54
	Average shared text size (kbytes): 0
	Average unshared data size (kbytes): 0
	Average stack size (kbytes): 0
	Average total size (kbytes): 0
	Maximum resident set size (kbytes): 12680792
	Average resident set size (kbytes): 0
	Major (requiring I/O) page faults: 0
	Minor (reclaiming a frame) page faults: 80066
	Voluntary context switches: 1172
	Involuntary context switches: 434
	Swaps: 0
	File system inputs: 0
	File system outputs: 16
	Socket messages sent: 0
	Socket messages received: 0
	Signals delivered: 0
	Page size (bytes): 4096
	Exit status: 0
Galois Benchmark Suite v2.2.1 (r0)
Copyright (C) 2014 The University of Texas at Austin
http://iss.ices.utexas.edu/galois/

application: Boruvka's Minimum Spanning Tree Algorithm
Computes the minimum spanning forest of a graph
http://iss.ices.utexas.edu/?p=projects/galois/benchmarks/mst

INFO: CommandLine /home/users/norris/research/easy-parallel-graph/autoperf/mst/lib/Galois-2.2.1/build/power/apps/boruvka/boruvka -t=8 /home/users/norris/research/easy-parallel-graph/experiment/datasets/rmat248_G_75i_1000000.gr
INFO: Hostname arya
Found rapl component at cid 2
Found: rapl:::THERMAL_SPEC_CNT:PACKAGE0
Found: rapl:::THERMAL_SPEC_CNT:PACKAGE1
Found: rapl:::MINIMUM_POWER_CNT:PACKAGE0
Found: rapl:::MINIMUM_POWER_CNT:PACKAGE1
Found: rapl:::MAXIMUM_POWER_CNT:PACKAGE0
Found: rapl:::MAXIMUM_POWER_CNT:PACKAGE1
Found: rapl:::MAXIMUM_TIME_WINDOW_CNT:PACKAGE0
Found: rapl:::MAXIMUM_TIME_WINDOW_CNT:PACKAGE1
Found: rapl:::PACKAGE_ENERGY_CNT:PACKAGE0
Found: rapl:::PACKAGE_ENERGY_CNT:PACKAGE1
Found: rapl:::DRAM_ENERGY_CNT:PACKAGE0
Found: rapl:::DRAM_ENERGY_CNT:PACKAGE1
Found: rapl:::PP0_ENERGY_CNT:PACKAGE0
Found: rapl:::PP0_ENERGY_CNT:PACKAGE1
Found: rapl:::THERMAL_SPEC:PACKAGE0
Found: rapl:::THERMAL_SPEC:PACKAGE1
Found: rapl:::MINIMUM_POWER:PACKAGE0
Found: rapl:::MINIMUM_POWER:PACKAGE1
Found: rapl:::MAXIMUM_POWER:PACKAGE0
Found: rapl:::MAXIMUM_POWER:PACKAGE1
Found: rapl:::MAXIMUM_TIME_WINDOW:PACKAGE0
Found: rapl:::MAXIMUM_TIME_WINDOW:PACKAGE1
Found: rapl:::PACKAGE_ENERGY:PACKAGE0
Found: rapl:::PACKAGE_ENERGY:PACKAGE1
Found: rapl:::DRAM_ENERGY:PACKAGE0
Found: rapl:::DRAM_ENERGY:PACKAGE1
Found: rapl:::PP0_ENERGY:PACKAGE0
Found: rapl:::PP0_ENERGY:PACKAGE1
Nodes: 16777216 edges: 537752652 heaviest edge: 99
7.8132 s 0.0000 (* Average Power for rapl:::THERMAL_SPEC_CNT:PACKAGE0 *)
7.8132 s 0.0000 (* Average Power for rapl:::THERMAL_SPEC_CNT:PACKAGE1 *)
7.8132 s 0.0000 (* Average Power for rapl:::MINIMUM_POWER_CNT:PACKAGE0 *)
7.8132 s 0.0000 (* Average Power for rapl:::MINIMUM_POWER_CNT:PACKAGE1 *)
7.8132 s 0.0000 (* Average Power for rapl:::MAXIMUM_POWER_CNT:PACKAGE0 *)
7.8132 s 0.0000 (* Average Power for rapl:::MAXIMUM_POWER_CNT:PACKAGE1 *)
7.8132 s 0.0000 (* Average Power for rapl:::MAXIMUM_TIME_WINDOW_CNT:PACKAGE0 *)
7.8132 s 0.0000 (* Average Power for rapl:::MAXIMUM_TIME_WINDOW_CNT:PACKAGE1 *)
7.8132 s 0.0014 (* Average Power for rapl:::PACKAGE_ENERGY_CNT:PACKAGE0 *)
7.8132 s 0.0004 (* Average Power for rapl:::PACKAGE_ENERGY_CNT:PACKAGE1 *)
7.8132 s 0.0013 (* Average Power for rapl:::DRAM_ENERGY_CNT:PACKAGE0 *)
7.8132 s 0.0007 (* Average Power for rapl:::DRAM_ENERGY_CNT:PACKAGE1 *)
7.8132 s 0.0000 (* Average Power for rapl:::PP0_ENERGY_CNT:PACKAGE0 *)
7.8132 s 0.0000 (* Average Power for rapl:::PP0_ENERGY_CNT:PACKAGE1 *)
7.8132 s 593774157.0041 (* Average Power for rapl:::THERMAL_SPEC:PACKAGE0 *)
7.8132 s 593774157.0041 (* Average Power for rapl:::THERMAL_SPEC:PACKAGE1 *)
7.8132 s 593166229.3916 (* Average Power for rapl:::MINIMUM_POWER:PACKAGE0 *)
7.8132 s 593166229.3916 (* Average Power for rapl:::MINIMUM_POWER:PACKAGE1 *)
7.8132 s 594350562.4440 (* Average Power for rapl:::MAXIMUM_POWER:PACKAGE0 *)
7.8132 s 594350562.4440 (* Average Power for rapl:::MAXIMUM_POWER:PACKAGE1 *)
7.8132 s 587050927.9271 (* Average Power for rapl:::MAXIMUM_TIME_WINDOW:PACKAGE0 *)
7.8132 s 587050927.9271 (* Average Power for rapl:::MAXIMUM_TIME_WINDOW:PACKAGE1 *)
7.8132 s 653.2084 (* Total Energy for rapl:::PACKAGE_ENERGY:PACKAGE0 *)
7.8132 s 83.6026 (* Average Power for rapl:::PACKAGE_ENERGY:PACKAGE0 *)
7.8132 s 174.7328 (* Total Energy for rapl:::PACKAGE_ENERGY:PACKAGE1 *)
7.8132 s 22.3637 (* Average Power for rapl:::PACKAGE_ENERGY:PACKAGE1 *)
7.8132 s 20.0066 (* Average Power for rapl:::DRAM_ENERGY:PACKAGE0 *)
7.8132 s 10.0341 (* Average Power for rapl:::DRAM_ENERGY:PACKAGE1 *)
7.8132 s 0.0000 (* Average Power for rapl:::PP0_ENERGY:PACKAGE0 *)
7.8132 s 0.0000 (* Average Power for rapl:::PP0_ENERGY:PACKAGE1 *)
MST weight: 2.16901e+08 (216901221)
Num trees: 290333
Tree edges: 16486883
STATTYPE,LOOP,CATEGORY,n,sum,T0,T1,T2,T3,T4,T5,T6,T7
STAT,(NULL),InitializeSortTime,8,2386,2386,0,0,0,0,0,0,0
STAT,(NULL),InitializeTime,8,54267,54267,0,0,0,0,0,0,0
STAT,(NULL),LoopTime,8,10181,10181,0,0,0,0,0,0,0
STAT,(NULL),MeminfoPost,8,511,63,63,62,64,64,64,65,66
STAT,(NULL),MeminfoPre,8,0,0,0,0,0,0,0,0,0
STAT,(NULL),Rounds,8,23,23,0,0,0,0,0,0,0
STAT,(NULL),Threads,8,8,8,0,0,0,0,0,0,0
STAT,(NULL),Time,8,7813,7813,0,0,0,0,0,0,0
STAT,map_reduce,LoopTime,8,147,147,0,0,0,0,0,0,0
	Command being timed: "/home/users/norris/research/easy-parallel-graph/autoperf/mst/lib/Galois-2.2.1/build/power/apps/boruvka/boruvka -t=8 /home/users/norris/research/easy-parallel-graph/experiment/datasets/rmat248_G_75i_1000000.gr"
	User time (seconds): 156.92
	System time (seconds): 3.89
	Percent of CPU this job got: 244%
	Elapsed (wall clock) time (h:mm:ss or m:ss): 1:05.65
	Average shared text size (kbytes): 0
	Average unshared data size (kbytes): 0
	Average stack size (kbytes): 0
	Average total size (kbytes): 0
	Maximum resident set size (kbytes): 12680892
	Average resident set size (kbytes): 0
	Major (requiring I/O) page faults: 0
	Minor (reclaiming a frame) page faults: 109336
	Voluntary context switches: 1162
	Involuntary context switches: 424
	Swaps: 0
	File system inputs: 0
	File system outputs: 16
	Socket messages sent: 0
	Socket messages received: 0
	Signals delivered: 0
	Page size (bytes): 4096
	Exit status: 0
Galois Benchmark Suite v2.2.1 (r0)
Copyright (C) 2014 The University of Texas at Austin
http://iss.ices.utexas.edu/galois/

application: Boruvka's Minimum Spanning Tree Algorithm
Computes the minimum spanning forest of a graph
http://iss.ices.utexas.edu/?p=projects/galois/benchmarks/mst

INFO: CommandLine /home/users/norris/research/easy-parallel-graph/autoperf/mst/lib/Galois-2.2.1/build/power/apps/boruvka/boruvka -t=8 /home/users/norris/research/easy-parallel-graph/experiment/datasets/rmat248_G_75i_1000000.gr
INFO: Hostname arya
Found rapl component at cid 2
Found: rapl:::THERMAL_SPEC_CNT:PACKAGE0
Found: rapl:::THERMAL_SPEC_CNT:PACKAGE1
Found: rapl:::MINIMUM_POWER_CNT:PACKAGE0
Found: rapl:::MINIMUM_POWER_CNT:PACKAGE1
Found: rapl:::MAXIMUM_POWER_CNT:PACKAGE0
Found: rapl:::MAXIMUM_POWER_CNT:PACKAGE1
Found: rapl:::MAXIMUM_TIME_WINDOW_CNT:PACKAGE0
Found: rapl:::MAXIMUM_TIME_WINDOW_CNT:PACKAGE1
Found: rapl:::PACKAGE_ENERGY_CNT:PACKAGE0
Found: rapl:::PACKAGE_ENERGY_CNT:PACKAGE1
Found: rapl:::DRAM_ENERGY_CNT:PACKAGE0
Found: rapl:::DRAM_ENERGY_CNT:PACKAGE1
Found: rapl:::PP0_ENERGY_CNT:PACKAGE0
Found: rapl:::PP0_ENERGY_CNT:PACKAGE1
Found: rapl:::THERMAL_SPEC:PACKAGE0
Found: rapl:::THERMAL_SPEC:PACKAGE1
Found: rapl:::MINIMUM_POWER:PACKAGE0
Found: rapl:::MINIMUM_POWER:PACKAGE1
Found: rapl:::MAXIMUM_POWER:PACKAGE0
Found: rapl:::MAXIMUM_POWER:PACKAGE1
Found: rapl:::MAXIMUM_TIME_WINDOW:PACKAGE0
Found: rapl:::MAXIMUM_TIME_WINDOW:PACKAGE1
Found: rapl:::PACKAGE_ENERGY:PACKAGE0
Found: rapl:::PACKAGE_ENERGY:PACKAGE1
Found: rapl:::DRAM_ENERGY:PACKAGE0
Found: rapl:::DRAM_ENERGY:PACKAGE1
Found: rapl:::PP0_ENERGY:PACKAGE0
Found: rapl:::PP0_ENERGY:PACKAGE1
Nodes: 16777216 edges: 537752652 heaviest edge: 99
7.6133 s 0.0000 (* Average Power for rapl:::THERMAL_SPEC_CNT:PACKAGE0 *)
7.6133 s 0.0000 (* Average Power for rapl:::THERMAL_SPEC_CNT:PACKAGE1 *)
7.6133 s 0.0000 (* Average Power for rapl:::MINIMUM_POWER_CNT:PACKAGE0 *)
7.6133 s 0.0000 (* Average Power for rapl:::MINIMUM_POWER_CNT:PACKAGE1 *)
7.6133 s 0.0000 (* Average Power for rapl:::MAXIMUM_POWER_CNT:PACKAGE0 *)
7.6133 s 0.0000 (* Average Power for rapl:::MAXIMUM_POWER_CNT:PACKAGE1 *)
7.6133 s 0.0000 (* Average Power for rapl:::MAXIMUM_TIME_WINDOW_CNT:PACKAGE0 *)
7.6133 s 0.0000 (* Average Power for rapl:::MAXIMUM_TIME_WINDOW_CNT:PACKAGE1 *)
7.6133 s 0.0014 (* Average Power for rapl:::PACKAGE_ENERGY_CNT:PACKAGE0 *)
7.6133 s 0.0006 (* Average Power for rapl:::PACKAGE_ENERGY_CNT:PACKAGE1 *)
7.6133 s 0.0013 (* Average Power for rapl:::DRAM_ENERGY_CNT:PACKAGE0 *)
7.6133 s 0.0008 (* Average Power for rapl:::DRAM_ENERGY_CNT:PACKAGE1 *)
7.6133 s 0.0000 (* Average Power for rapl:::PP0_ENERGY_CNT:PACKAGE0 *)
7.6133 s 0.0000 (* Average Power for rapl:::PP0_ENERGY_CNT:PACKAGE1 *)
7.6133 s 609372216.9755 (* Average Power for rapl:::THERMAL_SPEC:PACKAGE0 *)
7.6133 s 609372216.9755 (* Average Power for rapl:::THERMAL_SPEC:PACKAGE1 *)
7.6133 s 608748319.5011 (* Average Power for rapl:::MINIMUM_POWER:PACKAGE0 *)
7.6133 s 608748319.5011 (* Average Power for rapl:::MINIMUM_POWER:PACKAGE1 *)
7.6133 s 609963764.2106 (* Average Power for rapl:::MAXIMUM_POWER:PACKAGE0 *)
7.6133 s 609963764.2106 (* Average Power for rapl:::MAXIMUM_POWER:PACKAGE1 *)
7.6133 s 602472373.0541 (* Average Power for rapl:::MAXIMUM_TIME_WINDOW:PACKAGE0 *)
7.6133 s 602472373.0541 (* Average Power for rapl:::MAXIMUM_TIME_WINDOW:PACKAGE1 *)
7.6133 s 638.9683 (* Total Energy for rapl:::PACKAGE_ENERGY:PACKAGE0 *)
7.6133 s 83.9284 (* Average Power for rapl:::PACKAGE_ENERGY:PACKAGE0 *)
7.6133 s 265.4255 (* Total Energy for rapl:::PACKAGE_ENERGY:PACKAGE1 *)
7.6133 s 34.8636 (* Average Power for rapl:::PACKAGE_ENERGY:PACKAGE1 *)
7.6133 s 20.0229 (* Average Power for rapl:::DRAM_ENERGY:PACKAGE0 *)
7.6133 s 12.3569 (* Average Power for rapl:::DRAM_ENERGY:PACKAGE1 *)
7.6133 s 0.0000 (* Average Power for rapl:::PP0_ENERGY:PACKAGE0 *)
7.6133 s 0.0000 (* Average Power for rapl:::PP0_ENERGY:PACKAGE1 *)
MST weight: 2.16901e+08 (216901221)
Num trees: 290333
Tree edges: 16486883
STATTYPE,LOOP,CATEGORY,n,sum,T0,T1,T2,T3,T4,T5,T6,T7
STAT,(NULL),InitializeSortTime,8,2374,2374,0,0,0,0,0,0,0
STAT,(NULL),InitializeTime,8,58313,58313,0,0,0,0,0,0,0
STAT,(NULL),LoopTime,8,9971,9971,0,0,0,0,0,0,0
STAT,(NULL),MeminfoPost,8,511,63,62,63,64,64,64,65,66
STAT,(NULL),MeminfoPre,8,0,0,0,0,0,0,0,0,0
STAT,(NULL),Rounds,8,23,23,0,0,0,0,0,0,0
STAT,(NULL),Threads,8,8,8,0,0,0,0,0,0,0
STAT,(NULL),Time,8,7613,7613,0,0,0,0,0,0,0
STAT,map_reduce,LoopTime,8,147,147,0,0,0,0,0,0,0
	Command being timed: "/home/users/norris/research/easy-parallel-graph/autoperf/mst/lib/Galois-2.2.1/build/power/apps/boruvka/boruvka -t=8 /home/users/norris/research/easy-parallel-graph/experiment/datasets/rmat248_G_75i_1000000.gr"
	User time (seconds): 158.86
	System time (seconds): 4.00
	Percent of CPU this job got: 234%
	Elapsed (wall clock) time (h:mm:ss or m:ss): 1:09.46
	Average shared text size (kbytes): 0
	Average unshared data size (kbytes): 0
	Average stack size (kbytes): 0
	Average total size (kbytes): 0
	Maximum resident set size (kbytes): 12681020
	Average resident set size (kbytes): 0
	Major (requiring I/O) page faults: 0
	Minor (reclaiming a frame) page faults: 89141
	Voluntary context switches: 1157
	Involuntary context switches: 431
	Swaps: 0
	File system inputs: 0
	File system outputs: 24
	Socket messages sent: 0
	Socket messages received: 0
	Signals delivered: 0
	Page size (bytes): 4096
	Exit status: 0
