Galois Benchmark Suite v2.2.1 (r0)
Copyright (C) 2014 The University of Texas at Austin
http://iss.ices.utexas.edu/galois/

application: Boruvka's Minimum Spanning Tree Algorithm
Computes the minimum spanning forest of a graph
http://iss.ices.utexas.edu/?p=projects/galois/benchmarks/mst

INFO: CommandLine /home/users/norris/research/easy-parallel-graph/autoperf/mst/lib/Galois-2.2.1/build/power/apps/boruvka/boruvka -t=32 /home/users/norris/research/easy-parallel-graph/experiment/datasets/rmat248_G_100i_1000000.gr
INFO: Hostname arya
Found rapl component at cid 2
Found: rapl:::THERMAL_SPEC_CNT:PACKAGE0
Found: rapl:::THERMAL_SPEC_CNT:PACKAGE1
Found: rapl:::MINIMUM_POWER_CNT:PACKAGE0
Found: rapl:::MINIMUM_POWER_CNT:PACKAGE1
Found: rapl:::MAXIMUM_POWER_CNT:PACKAGE0
Found: rapl:::MAXIMUM_POWER_CNT:PACKAGE1
Found: rapl:::MAXIMUM_TIME_WINDOW_CNT:PACKAGE0
Found: rapl:::MAXIMUM_TIME_WINDOW_CNT:PACKAGE1
Found: rapl:::PACKAGE_ENERGY_CNT:PACKAGE0
Found: rapl:::PACKAGE_ENERGY_CNT:PACKAGE1
Found: rapl:::DRAM_ENERGY_CNT:PACKAGE0
Found: rapl:::DRAM_ENERGY_CNT:PACKAGE1
Found: rapl:::PP0_ENERGY_CNT:PACKAGE0
Found: rapl:::PP0_ENERGY_CNT:PACKAGE1
Found: rapl:::THERMAL_SPEC:PACKAGE0
Found: rapl:::THERMAL_SPEC:PACKAGE1
Found: rapl:::MINIMUM_POWER:PACKAGE0
Found: rapl:::MINIMUM_POWER:PACKAGE1
Found: rapl:::MAXIMUM_POWER:PACKAGE0
Found: rapl:::MAXIMUM_POWER:PACKAGE1
Found: rapl:::MAXIMUM_TIME_WINDOW:PACKAGE0
Found: rapl:::MAXIMUM_TIME_WINDOW:PACKAGE1
Found: rapl:::PACKAGE_ENERGY:PACKAGE0
Found: rapl:::PACKAGE_ENERGY:PACKAGE1
Found: rapl:::DRAM_ENERGY:PACKAGE0
Found: rapl:::DRAM_ENERGY:PACKAGE1
Found: rapl:::PP0_ENERGY:PACKAGE0
Found: rapl:::PP0_ENERGY:PACKAGE1
Nodes: 16777216 edges: 538752488 heaviest edge: 99
2.5819 s 0.0000 (* Average Power for rapl:::THERMAL_SPEC_CNT:PACKAGE0 *)
2.5819 s 0.0000 (* Average Power for rapl:::THERMAL_SPEC_CNT:PACKAGE1 *)
2.5819 s 0.0000 (* Average Power for rapl:::MINIMUM_POWER_CNT:PACKAGE0 *)
2.5819 s 0.0000 (* Average Power for rapl:::MINIMUM_POWER_CNT:PACKAGE1 *)
2.5819 s 0.0000 (* Average Power for rapl:::MAXIMUM_POWER_CNT:PACKAGE0 *)
2.5819 s 0.0000 (* Average Power for rapl:::MAXIMUM_POWER_CNT:PACKAGE1 *)
2.5819 s 0.0000 (* Average Power for rapl:::MAXIMUM_TIME_WINDOW_CNT:PACKAGE0 *)
2.5819 s 0.0000 (* Average Power for rapl:::MAXIMUM_TIME_WINDOW_CNT:PACKAGE1 *)
2.5819 s 0.0020 (* Average Power for rapl:::PACKAGE_ENERGY_CNT:PACKAGE0 *)
2.5819 s 0.0018 (* Average Power for rapl:::PACKAGE_ENERGY_CNT:PACKAGE1 *)
2.5819 s 0.0014 (* Average Power for rapl:::DRAM_ENERGY_CNT:PACKAGE0 *)
2.5819 s 0.0014 (* Average Power for rapl:::DRAM_ENERGY_CNT:PACKAGE1 *)
2.5819 s 0.0000 (* Average Power for rapl:::PP0_ENERGY_CNT:PACKAGE0 *)
2.5819 s 0.0000 (* Average Power for rapl:::PP0_ENERGY_CNT:PACKAGE1 *)
2.5819 s 1796867454.9025 (* Average Power for rapl:::THERMAL_SPEC:PACKAGE0 *)
2.5819 s 1796867454.9025 (* Average Power for rapl:::THERMAL_SPEC:PACKAGE1 *)
2.5819 s 1795027756.5444 (* Average Power for rapl:::MINIMUM_POWER:PACKAGE0 *)
2.5819 s 1795027756.5444 (* Average Power for rapl:::MINIMUM_POWER:PACKAGE1 *)
2.5819 s 1798611761.4940 (* Average Power for rapl:::MAXIMUM_POWER:PACKAGE0 *)
2.5819 s 1798611761.4940 (* Average Power for rapl:::MAXIMUM_POWER:PACKAGE1 *)
2.5819 s 1776521753.8008 (* Average Power for rapl:::MAXIMUM_TIME_WINDOW:PACKAGE0 *)
2.5819 s 1776521753.8008 (* Average Power for rapl:::MAXIMUM_TIME_WINDOW:PACKAGE1 *)
2.5819 s 320.2086 (* Total Energy for rapl:::PACKAGE_ENERGY:PACKAGE0 *)
2.5819 s 124.0212 (* Average Power for rapl:::PACKAGE_ENERGY:PACKAGE0 *)
2.5819 s 283.9024 (* Total Energy for rapl:::PACKAGE_ENERGY:PACKAGE1 *)
2.5819 s 109.9593 (* Average Power for rapl:::PACKAGE_ENERGY:PACKAGE1 *)
2.5819 s 21.7992 (* Average Power for rapl:::DRAM_ENERGY:PACKAGE0 *)
2.5819 s 22.1153 (* Average Power for rapl:::DRAM_ENERGY:PACKAGE1 *)
2.5819 s 0.0000 (* Average Power for rapl:::PP0_ENERGY:PACKAGE0 *)
2.5819 s 0.0000 (* Average Power for rapl:::PP0_ENERGY:PACKAGE1 *)
MST weight: 2.16283e+08 (216283071)
Num trees: 281104
Tree edges: 16496112
STATTYPE,LOOP,CATEGORY,n,sum,T0,T1,T2,T3,T4,T5,T6,T7,T8,T9,T10,T11,T12,T13,T14,T15,T16,T17,T18,T19,T20,T21,T22,T23,T24,T25,T26,T27,T28,T29,T30,T31
STAT,(NULL),InitializeSortTime,32,613,613,0,0,0,0,0,0,0,0,0,0,0,0,0,0,0,0,0,0,0,0,0,0,0,0,0,0,0,0,0,0,0
STAT,(NULL),InitializeTime,32,71330,71330,0,0,0,0,0,0,0,0,0,0,0,0,0,0,0,0,0,0,0,0,0,0,0,0,0,0,0,0,0,0,0
STAT,(NULL),LoopTime,32,3173,3173,0,0,0,0,0,0,0,0,0,0,0,0,0,0,0,0,0,0,0,0,0,0,0,0,0,0,0,0,0,0,0
STAT,(NULL),MeminfoPost,32,549,17,17,17,17,17,17,17,17,17,17,17,17,17,17,17,17,17,17,17,17,17,17,17,17,17,17,17,18,18,18,18,18
STAT,(NULL),MeminfoPre,32,0,0,0,0,0,0,0,0,0,0,0,0,0,0,0,0,0,0,0,0,0,0,0,0,0,0,0,0,0,0,0,0,0
STAT,(NULL),Rounds,32,24,24,0,0,0,0,0,0,0,0,0,0,0,0,0,0,0,0,0,0,0,0,0,0,0,0,0,0,0,0,0,0,0
STAT,(NULL),Threads,32,32,32,0,0,0,0,0,0,0,0,0,0,0,0,0,0,0,0,0,0,0,0,0,0,0,0,0,0,0,0,0,0,0
STAT,(NULL),Time,32,2581,2581,0,0,0,0,0,0,0,0,0,0,0,0,0,0,0,0,0,0,0,0,0,0,0,0,0,0,0,0,0,0,0
STAT,map_reduce,LoopTime,32,128,128,0,0,0,0,0,0,0,0,0,0,0,0,0,0,0,0,0,0,0,0,0,0,0,0,0,0,0,0,0,0,0
	Command being timed: "/home/users/norris/research/easy-parallel-graph/autoperf/mst/lib/Galois-2.2.1/build/power/apps/boruvka/boruvka -t=32 /home/users/norris/research/easy-parallel-graph/experiment/datasets/rmat248_G_100i_1000000.gr"
	User time (seconds): 190.85
	System time (seconds): 20.96
	Percent of CPU this job got: 280%
	Elapsed (wall clock) time (h:mm:ss or m:ss): 1:15.49
	Average shared text size (kbytes): 0
	Average unshared data size (kbytes): 0
	Average stack size (kbytes): 0
	Average total size (kbytes): 0
	Maximum resident set size (kbytes): 12702304
	Average resident set size (kbytes): 0
	Major (requiring I/O) page faults: 0
	Minor (reclaiming a frame) page faults: 1136827
	Voluntary context switches: 3734
	Involuntary context switches: 549
	Swaps: 0
	File system inputs: 0
	File system outputs: 24
	Socket messages sent: 0
	Socket messages received: 0
	Signals delivered: 0
	Page size (bytes): 4096
	Exit status: 0
Galois Benchmark Suite v2.2.1 (r0)
Copyright (C) 2014 The University of Texas at Austin
http://iss.ices.utexas.edu/galois/

application: Boruvka's Minimum Spanning Tree Algorithm
Computes the minimum spanning forest of a graph
http://iss.ices.utexas.edu/?p=projects/galois/benchmarks/mst

INFO: CommandLine /home/users/norris/research/easy-parallel-graph/autoperf/mst/lib/Galois-2.2.1/build/power/apps/boruvka/boruvka -t=32 /home/users/norris/research/easy-parallel-graph/experiment/datasets/rmat248_G_100i_1000000.gr
INFO: Hostname arya
Found rapl component at cid 2
Found: rapl:::THERMAL_SPEC_CNT:PACKAGE0
Found: rapl:::THERMAL_SPEC_CNT:PACKAGE1
Found: rapl:::MINIMUM_POWER_CNT:PACKAGE0
Found: rapl:::MINIMUM_POWER_CNT:PACKAGE1
Found: rapl:::MAXIMUM_POWER_CNT:PACKAGE0
Found: rapl:::MAXIMUM_POWER_CNT:PACKAGE1
Found: rapl:::MAXIMUM_TIME_WINDOW_CNT:PACKAGE0
Found: rapl:::MAXIMUM_TIME_WINDOW_CNT:PACKAGE1
Found: rapl:::PACKAGE_ENERGY_CNT:PACKAGE0
Found: rapl:::PACKAGE_ENERGY_CNT:PACKAGE1
Found: rapl:::DRAM_ENERGY_CNT:PACKAGE0
Found: rapl:::DRAM_ENERGY_CNT:PACKAGE1
Found: rapl:::PP0_ENERGY_CNT:PACKAGE0
Found: rapl:::PP0_ENERGY_CNT:PACKAGE1
Found: rapl:::THERMAL_SPEC:PACKAGE0
Found: rapl:::THERMAL_SPEC:PACKAGE1
Found: rapl:::MINIMUM_POWER:PACKAGE0
Found: rapl:::MINIMUM_POWER:PACKAGE1
Found: rapl:::MAXIMUM_POWER:PACKAGE0
Found: rapl:::MAXIMUM_POWER:PACKAGE1
Found: rapl:::MAXIMUM_TIME_WINDOW:PACKAGE0
Found: rapl:::MAXIMUM_TIME_WINDOW:PACKAGE1
Found: rapl:::PACKAGE_ENERGY:PACKAGE0
Found: rapl:::PACKAGE_ENERGY:PACKAGE1
Found: rapl:::DRAM_ENERGY:PACKAGE0
Found: rapl:::DRAM_ENERGY:PACKAGE1
Found: rapl:::PP0_ENERGY:PACKAGE0
Found: rapl:::PP0_ENERGY:PACKAGE1
Nodes: 16777216 edges: 538752488 heaviest edge: 99
2.6089 s 0.0000 (* Average Power for rapl:::THERMAL_SPEC_CNT:PACKAGE0 *)
2.6089 s 0.0000 (* Average Power for rapl:::THERMAL_SPEC_CNT:PACKAGE1 *)
2.6089 s 0.0000 (* Average Power for rapl:::MINIMUM_POWER_CNT:PACKAGE0 *)
2.6089 s 0.0000 (* Average Power for rapl:::MINIMUM_POWER_CNT:PACKAGE1 *)
2.6089 s 0.0000 (* Average Power for rapl:::MAXIMUM_POWER_CNT:PACKAGE0 *)
2.6089 s 0.0000 (* Average Power for rapl:::MAXIMUM_POWER_CNT:PACKAGE1 *)
2.6089 s 0.0000 (* Average Power for rapl:::MAXIMUM_TIME_WINDOW_CNT:PACKAGE0 *)
2.6089 s 0.0000 (* Average Power for rapl:::MAXIMUM_TIME_WINDOW_CNT:PACKAGE1 *)
2.6089 s 0.0020 (* Average Power for rapl:::PACKAGE_ENERGY_CNT:PACKAGE0 *)
2.6089 s 0.0018 (* Average Power for rapl:::PACKAGE_ENERGY_CNT:PACKAGE1 *)
2.6089 s 0.0014 (* Average Power for rapl:::DRAM_ENERGY_CNT:PACKAGE0 *)
2.6089 s 0.0014 (* Average Power for rapl:::DRAM_ENERGY_CNT:PACKAGE1 *)
2.6089 s 0.0000 (* Average Power for rapl:::PP0_ENERGY_CNT:PACKAGE0 *)
2.6089 s 0.0000 (* Average Power for rapl:::PP0_ENERGY_CNT:PACKAGE1 *)
2.6089 s 1778280180.7614 (* Average Power for rapl:::THERMAL_SPEC:PACKAGE0 *)
2.6089 s 1778280180.7614 (* Average Power for rapl:::THERMAL_SPEC:PACKAGE1 *)
2.6089 s 1776459512.7317 (* Average Power for rapl:::MINIMUM_POWER:PACKAGE0 *)
2.6089 s 1776459512.7317 (* Average Power for rapl:::MINIMUM_POWER:PACKAGE1 *)
2.6089 s 1780006443.7823 (* Average Power for rapl:::MAXIMUM_POWER:PACKAGE0 *)
2.6089 s 1780006443.7823 (* Average Power for rapl:::MAXIMUM_POWER:PACKAGE1 *)
2.6089 s 1758144940.9950 (* Average Power for rapl:::MAXIMUM_TIME_WINDOW:PACKAGE0 *)
2.6089 s 1758144940.9950 (* Average Power for rapl:::MAXIMUM_TIME_WINDOW:PACKAGE1 *)
2.6089 s 321.9367 (* Total Energy for rapl:::PACKAGE_ENERGY:PACKAGE0 *)
2.6089 s 123.4007 (* Average Power for rapl:::PACKAGE_ENERGY:PACKAGE0 *)
2.6089 s 286.0702 (* Total Energy for rapl:::PACKAGE_ENERGY:PACKAGE1 *)
2.6089 s 109.6528 (* Average Power for rapl:::PACKAGE_ENERGY:PACKAGE1 *)
2.6089 s 21.3641 (* Average Power for rapl:::DRAM_ENERGY:PACKAGE0 *)
2.6089 s 22.1015 (* Average Power for rapl:::DRAM_ENERGY:PACKAGE1 *)
2.6089 s 0.0000 (* Average Power for rapl:::PP0_ENERGY:PACKAGE0 *)
2.6089 s 0.0000 (* Average Power for rapl:::PP0_ENERGY:PACKAGE1 *)
MST weight: 2.16283e+08 (216283071)
Num trees: 281104
Tree edges: 16496112
STATTYPE,LOOP,CATEGORY,n,sum,T0,T1,T2,T3,T4,T5,T6,T7,T8,T9,T10,T11,T12,T13,T14,T15,T16,T17,T18,T19,T20,T21,T22,T23,T24,T25,T26,T27,T28,T29,T30,T31
STAT,(NULL),InitializeSortTime,32,613,613,0,0,0,0,0,0,0,0,0,0,0,0,0,0,0,0,0,0,0,0,0,0,0,0,0,0,0,0,0,0,0
STAT,(NULL),InitializeTime,32,72303,72303,0,0,0,0,0,0,0,0,0,0,0,0,0,0,0,0,0,0,0,0,0,0,0,0,0,0,0,0,0,0,0
STAT,(NULL),LoopTime,32,3197,3197,0,0,0,0,0,0,0,0,0,0,0,0,0,0,0,0,0,0,0,0,0,0,0,0,0,0,0,0,0,0,0
STAT,(NULL),MeminfoPost,32,549,17,17,17,17,17,17,17,17,17,17,17,17,17,17,17,17,17,17,17,17,17,17,17,17,17,17,17,18,18,18,18,18
STAT,(NULL),MeminfoPre,32,0,0,0,0,0,0,0,0,0,0,0,0,0,0,0,0,0,0,0,0,0,0,0,0,0,0,0,0,0,0,0,0,0
STAT,(NULL),Rounds,32,24,24,0,0,0,0,0,0,0,0,0,0,0,0,0,0,0,0,0,0,0,0,0,0,0,0,0,0,0,0,0,0,0
STAT,(NULL),Threads,32,32,32,0,0,0,0,0,0,0,0,0,0,0,0,0,0,0,0,0,0,0,0,0,0,0,0,0,0,0,0,0,0,0
STAT,(NULL),Time,32,2608,2608,0,0,0,0,0,0,0,0,0,0,0,0,0,0,0,0,0,0,0,0,0,0,0,0,0,0,0,0,0,0,0
STAT,map_reduce,LoopTime,32,121,121,0,0,0,0,0,0,0,0,0,0,0,0,0,0,0,0,0,0,0,0,0,0,0,0,0,0,0,0,0,0,0
	Command being timed: "/home/users/norris/research/easy-parallel-graph/autoperf/mst/lib/Galois-2.2.1/build/power/apps/boruvka/boruvka -t=32 /home/users/norris/research/easy-parallel-graph/experiment/datasets/rmat248_G_100i_1000000.gr"
	User time (seconds): 191.58
	System time (seconds): 21.61
	Percent of CPU this job got: 278%
	Elapsed (wall clock) time (h:mm:ss or m:ss): 1:16.45
	Average shared text size (kbytes): 0
	Average unshared data size (kbytes): 0
	Average stack size (kbytes): 0
	Average total size (kbytes): 0
	Maximum resident set size (kbytes): 12702276
	Average resident set size (kbytes): 0
	Major (requiring I/O) page faults: 0
	Minor (reclaiming a frame) page faults: 1123553
	Voluntary context switches: 3148
	Involuntary context switches: 551
	Swaps: 0
	File system inputs: 0
	File system outputs: 24
	Socket messages sent: 0
	Socket messages received: 0
	Signals delivered: 0
	Page size (bytes): 4096
	Exit status: 0
Galois Benchmark Suite v2.2.1 (r0)
Copyright (C) 2014 The University of Texas at Austin
http://iss.ices.utexas.edu/galois/

application: Boruvka's Minimum Spanning Tree Algorithm
Computes the minimum spanning forest of a graph
http://iss.ices.utexas.edu/?p=projects/galois/benchmarks/mst

INFO: CommandLine /home/users/norris/research/easy-parallel-graph/autoperf/mst/lib/Galois-2.2.1/build/power/apps/boruvka/boruvka -t=32 /home/users/norris/research/easy-parallel-graph/experiment/datasets/rmat248_G_100i_1000000.gr
INFO: Hostname arya
Found rapl component at cid 2
Found: rapl:::THERMAL_SPEC_CNT:PACKAGE0
Found: rapl:::THERMAL_SPEC_CNT:PACKAGE1
Found: rapl:::MINIMUM_POWER_CNT:PACKAGE0
Found: rapl:::MINIMUM_POWER_CNT:PACKAGE1
Found: rapl:::MAXIMUM_POWER_CNT:PACKAGE0
Found: rapl:::MAXIMUM_POWER_CNT:PACKAGE1
Found: rapl:::MAXIMUM_TIME_WINDOW_CNT:PACKAGE0
Found: rapl:::MAXIMUM_TIME_WINDOW_CNT:PACKAGE1
Found: rapl:::PACKAGE_ENERGY_CNT:PACKAGE0
Found: rapl:::PACKAGE_ENERGY_CNT:PACKAGE1
Found: rapl:::DRAM_ENERGY_CNT:PACKAGE0
Found: rapl:::DRAM_ENERGY_CNT:PACKAGE1
Found: rapl:::PP0_ENERGY_CNT:PACKAGE0
Found: rapl:::PP0_ENERGY_CNT:PACKAGE1
Found: rapl:::THERMAL_SPEC:PACKAGE0
Found: rapl:::THERMAL_SPEC:PACKAGE1
Found: rapl:::MINIMUM_POWER:PACKAGE0
Found: rapl:::MINIMUM_POWER:PACKAGE1
Found: rapl:::MAXIMUM_POWER:PACKAGE0
Found: rapl:::MAXIMUM_POWER:PACKAGE1
Found: rapl:::MAXIMUM_TIME_WINDOW:PACKAGE0
Found: rapl:::MAXIMUM_TIME_WINDOW:PACKAGE1
Found: rapl:::PACKAGE_ENERGY:PACKAGE0
Found: rapl:::PACKAGE_ENERGY:PACKAGE1
Found: rapl:::DRAM_ENERGY:PACKAGE0
Found: rapl:::DRAM_ENERGY:PACKAGE1
Found: rapl:::PP0_ENERGY:PACKAGE0
Found: rapl:::PP0_ENERGY:PACKAGE1
Nodes: 16777216 edges: 538752488 heaviest edge: 99
2.5046 s 0.0000 (* Average Power for rapl:::THERMAL_SPEC_CNT:PACKAGE0 *)
2.5046 s 0.0000 (* Average Power for rapl:::THERMAL_SPEC_CNT:PACKAGE1 *)
2.5046 s 0.0000 (* Average Power for rapl:::MINIMUM_POWER_CNT:PACKAGE0 *)
2.5046 s 0.0000 (* Average Power for rapl:::MINIMUM_POWER_CNT:PACKAGE1 *)
2.5046 s 0.0000 (* Average Power for rapl:::MAXIMUM_POWER_CNT:PACKAGE0 *)
2.5046 s 0.0000 (* Average Power for rapl:::MAXIMUM_POWER_CNT:PACKAGE1 *)
2.5046 s 0.0000 (* Average Power for rapl:::MAXIMUM_TIME_WINDOW_CNT:PACKAGE0 *)
2.5046 s 0.0000 (* Average Power for rapl:::MAXIMUM_TIME_WINDOW_CNT:PACKAGE1 *)
2.5046 s 0.0020 (* Average Power for rapl:::PACKAGE_ENERGY_CNT:PACKAGE0 *)
2.5046 s 0.0018 (* Average Power for rapl:::PACKAGE_ENERGY_CNT:PACKAGE1 *)
2.5046 s 0.0014 (* Average Power for rapl:::DRAM_ENERGY_CNT:PACKAGE0 *)
2.5046 s 0.0015 (* Average Power for rapl:::DRAM_ENERGY_CNT:PACKAGE1 *)
2.5046 s 0.0000 (* Average Power for rapl:::PP0_ENERGY_CNT:PACKAGE0 *)
2.5046 s 0.0000 (* Average Power for rapl:::PP0_ENERGY_CNT:PACKAGE1 *)
2.5046 s 1852299106.9778 (* Average Power for rapl:::THERMAL_SPEC:PACKAGE0 *)
2.5046 s 1852299106.9778 (* Average Power for rapl:::THERMAL_SPEC:PACKAGE1 *)
2.5046 s 1850402655.6750 (* Average Power for rapl:::MINIMUM_POWER:PACKAGE0 *)
2.5046 s 1850402655.6750 (* Average Power for rapl:::MINIMUM_POWER:PACKAGE1 *)
2.5046 s 1854097223.7687 (* Average Power for rapl:::MAXIMUM_POWER:PACKAGE0 *)
2.5046 s 1854097223.7687 (* Average Power for rapl:::MAXIMUM_POWER:PACKAGE1 *)
2.5046 s 1831325760.3469 (* Average Power for rapl:::MAXIMUM_TIME_WINDOW:PACKAGE0 *)
2.5046 s 1831325760.3469 (* Average Power for rapl:::MAXIMUM_TIME_WINDOW:PACKAGE1 *)
2.5046 s 310.0040 (* Total Energy for rapl:::PACKAGE_ENERGY:PACKAGE0 *)
2.5046 s 123.7729 (* Average Power for rapl:::PACKAGE_ENERGY:PACKAGE0 *)
2.5046 s 277.2051 (* Total Energy for rapl:::PACKAGE_ENERGY:PACKAGE1 *)
2.5046 s 110.6775 (* Average Power for rapl:::PACKAGE_ENERGY:PACKAGE1 *)
2.5046 s 21.4164 (* Average Power for rapl:::DRAM_ENERGY:PACKAGE0 *)
2.5046 s 22.2968 (* Average Power for rapl:::DRAM_ENERGY:PACKAGE1 *)
2.5046 s 0.0000 (* Average Power for rapl:::PP0_ENERGY:PACKAGE0 *)
2.5046 s 0.0000 (* Average Power for rapl:::PP0_ENERGY:PACKAGE1 *)
MST weight: 2.16283e+08 (216283071)
Num trees: 281104
Tree edges: 16496112
STATTYPE,LOOP,CATEGORY,n,sum,T0,T1,T2,T3,T4,T5,T6,T7,T8,T9,T10,T11,T12,T13,T14,T15,T16,T17,T18,T19,T20,T21,T22,T23,T24,T25,T26,T27,T28,T29,T30,T31
STAT,(NULL),InitializeSortTime,32,613,613,0,0,0,0,0,0,0,0,0,0,0,0,0,0,0,0,0,0,0,0,0,0,0,0,0,0,0,0,0,0,0
STAT,(NULL),InitializeTime,32,54536,54536,0,0,0,0,0,0,0,0,0,0,0,0,0,0,0,0,0,0,0,0,0,0,0,0,0,0,0,0,0,0,0
STAT,(NULL),LoopTime,32,3098,3098,0,0,0,0,0,0,0,0,0,0,0,0,0,0,0,0,0,0,0,0,0,0,0,0,0,0,0,0,0,0,0
STAT,(NULL),MeminfoPost,32,550,17,17,17,17,17,17,17,17,17,17,17,17,17,17,17,17,17,17,17,17,17,17,17,17,17,17,17,18,18,18,19,18
STAT,(NULL),MeminfoPre,32,0,0,0,0,0,0,0,0,0,0,0,0,0,0,0,0,0,0,0,0,0,0,0,0,0,0,0,0,0,0,0,0,0
STAT,(NULL),Rounds,32,23,23,0,0,0,0,0,0,0,0,0,0,0,0,0,0,0,0,0,0,0,0,0,0,0,0,0,0,0,0,0,0,0
STAT,(NULL),Threads,32,32,32,0,0,0,0,0,0,0,0,0,0,0,0,0,0,0,0,0,0,0,0,0,0,0,0,0,0,0,0,0,0,0
STAT,(NULL),Time,32,2504,2504,0,0,0,0,0,0,0,0,0,0,0,0,0,0,0,0,0,0,0,0,0,0,0,0,0,0,0,0,0,0,0
STAT,map_reduce,LoopTime,32,120,120,0,0,0,0,0,0,0,0,0,0,0,0,0,0,0,0,0,0,0,0,0,0,0,0,0,0,0,0,0,0,0
	Command being timed: "/home/users/norris/research/easy-parallel-graph/autoperf/mst/lib/Galois-2.2.1/build/power/apps/boruvka/boruvka -t=32 /home/users/norris/research/easy-parallel-graph/experiment/datasets/rmat248_G_100i_1000000.gr"
	User time (seconds): 187.09
	System time (seconds): 5.01
	Percent of CPU this job got: 327%
	Elapsed (wall clock) time (h:mm:ss or m:ss): 0:58.60
	Average shared text size (kbytes): 0
	Average unshared data size (kbytes): 0
	Average stack size (kbytes): 0
	Average total size (kbytes): 0
	Maximum resident set size (kbytes): 12702292
	Average resident set size (kbytes): 0
	Major (requiring I/O) page faults: 0
	Minor (reclaiming a frame) page faults: 84217
	Voluntary context switches: 3200
	Involuntary context switches: 514
	Swaps: 0
	File system inputs: 0
	File system outputs: 32
	Socket messages sent: 0
	Socket messages received: 0
	Signals delivered: 0
	Page size (bytes): 4096
	Exit status: 0
Galois Benchmark Suite v2.2.1 (r0)
Copyright (C) 2014 The University of Texas at Austin
http://iss.ices.utexas.edu/galois/

application: Boruvka's Minimum Spanning Tree Algorithm
Computes the minimum spanning forest of a graph
http://iss.ices.utexas.edu/?p=projects/galois/benchmarks/mst

INFO: CommandLine /home/users/norris/research/easy-parallel-graph/autoperf/mst/lib/Galois-2.2.1/build/power/apps/boruvka/boruvka -t=32 /home/users/norris/research/easy-parallel-graph/experiment/datasets/rmat248_G_100i_1000000.gr
INFO: Hostname arya
Found rapl component at cid 2
Found: rapl:::THERMAL_SPEC_CNT:PACKAGE0
Found: rapl:::THERMAL_SPEC_CNT:PACKAGE1
Found: rapl:::MINIMUM_POWER_CNT:PACKAGE0
Found: rapl:::MINIMUM_POWER_CNT:PACKAGE1
Found: rapl:::MAXIMUM_POWER_CNT:PACKAGE0
Found: rapl:::MAXIMUM_POWER_CNT:PACKAGE1
Found: rapl:::MAXIMUM_TIME_WINDOW_CNT:PACKAGE0
Found: rapl:::MAXIMUM_TIME_WINDOW_CNT:PACKAGE1
Found: rapl:::PACKAGE_ENERGY_CNT:PACKAGE0
Found: rapl:::PACKAGE_ENERGY_CNT:PACKAGE1
Found: rapl:::DRAM_ENERGY_CNT:PACKAGE0
Found: rapl:::DRAM_ENERGY_CNT:PACKAGE1
Found: rapl:::PP0_ENERGY_CNT:PACKAGE0
Found: rapl:::PP0_ENERGY_CNT:PACKAGE1
Found: rapl:::THERMAL_SPEC:PACKAGE0
Found: rapl:::THERMAL_SPEC:PACKAGE1
Found: rapl:::MINIMUM_POWER:PACKAGE0
Found: rapl:::MINIMUM_POWER:PACKAGE1
Found: rapl:::MAXIMUM_POWER:PACKAGE0
Found: rapl:::MAXIMUM_POWER:PACKAGE1
Found: rapl:::MAXIMUM_TIME_WINDOW:PACKAGE0
Found: rapl:::MAXIMUM_TIME_WINDOW:PACKAGE1
Found: rapl:::PACKAGE_ENERGY:PACKAGE0
Found: rapl:::PACKAGE_ENERGY:PACKAGE1
Found: rapl:::DRAM_ENERGY:PACKAGE0
Found: rapl:::DRAM_ENERGY:PACKAGE1
Found: rapl:::PP0_ENERGY:PACKAGE0
Found: rapl:::PP0_ENERGY:PACKAGE1
Nodes: 16777216 edges: 538752488 heaviest edge: 99
2.4477 s 0.0000 (* Average Power for rapl:::THERMAL_SPEC_CNT:PACKAGE0 *)
2.4477 s 0.0000 (* Average Power for rapl:::THERMAL_SPEC_CNT:PACKAGE1 *)
2.4477 s 0.0000 (* Average Power for rapl:::MINIMUM_POWER_CNT:PACKAGE0 *)
2.4477 s 0.0000 (* Average Power for rapl:::MINIMUM_POWER_CNT:PACKAGE1 *)
2.4477 s 0.0000 (* Average Power for rapl:::MAXIMUM_POWER_CNT:PACKAGE0 *)
2.4477 s 0.0000 (* Average Power for rapl:::MAXIMUM_POWER_CNT:PACKAGE1 *)
2.4477 s 0.0000 (* Average Power for rapl:::MAXIMUM_TIME_WINDOW_CNT:PACKAGE0 *)
2.4477 s 0.0000 (* Average Power for rapl:::MAXIMUM_TIME_WINDOW_CNT:PACKAGE1 *)
2.4477 s 0.0020 (* Average Power for rapl:::PACKAGE_ENERGY_CNT:PACKAGE0 *)
2.4477 s 0.0018 (* Average Power for rapl:::PACKAGE_ENERGY_CNT:PACKAGE1 *)
2.4477 s 0.0014 (* Average Power for rapl:::DRAM_ENERGY_CNT:PACKAGE0 *)
2.4477 s 0.0015 (* Average Power for rapl:::DRAM_ENERGY_CNT:PACKAGE1 *)
2.4477 s 0.0000 (* Average Power for rapl:::PP0_ENERGY_CNT:PACKAGE0 *)
2.4477 s 0.0000 (* Average Power for rapl:::PP0_ENERGY_CNT:PACKAGE1 *)
2.4477 s 1895388149.4273 (* Average Power for rapl:::THERMAL_SPEC:PACKAGE0 *)
2.4477 s 1895388149.4273 (* Average Power for rapl:::THERMAL_SPEC:PACKAGE1 *)
2.4477 s 1893447581.9931 (* Average Power for rapl:::MINIMUM_POWER:PACKAGE0 *)
2.4477 s 1893447581.9931 (* Average Power for rapl:::MINIMUM_POWER:PACKAGE1 *)
2.4477 s 1897228094.8464 (* Average Power for rapl:::MAXIMUM_POWER:PACKAGE0 *)
2.4477 s 1897228094.8464 (* Average Power for rapl:::MAXIMUM_POWER:PACKAGE1 *)
2.4477 s 1873926911.0623 (* Average Power for rapl:::MAXIMUM_TIME_WINDOW:PACKAGE0 *)
2.4477 s 1873926911.0623 (* Average Power for rapl:::MAXIMUM_TIME_WINDOW:PACKAGE1 *)
2.4477 s 304.0255 (* Total Energy for rapl:::PACKAGE_ENERGY:PACKAGE0 *)
2.4477 s 124.2096 (* Average Power for rapl:::PACKAGE_ENERGY:PACKAGE0 *)
2.4477 s 271.4381 (* Total Energy for rapl:::PACKAGE_ENERGY:PACKAGE1 *)
2.4477 s 110.8960 (* Average Power for rapl:::PACKAGE_ENERGY:PACKAGE1 *)
2.4477 s 21.6134 (* Average Power for rapl:::DRAM_ENERGY:PACKAGE0 *)
2.4477 s 22.3588 (* Average Power for rapl:::DRAM_ENERGY:PACKAGE1 *)
2.4477 s 0.0000 (* Average Power for rapl:::PP0_ENERGY:PACKAGE0 *)
2.4477 s 0.0000 (* Average Power for rapl:::PP0_ENERGY:PACKAGE1 *)
MST weight: 2.16283e+08 (216283071)
Num trees: 281104
Tree edges: 16496112
STATTYPE,LOOP,CATEGORY,n,sum,T0,T1,T2,T3,T4,T5,T6,T7,T8,T9,T10,T11,T12,T13,T14,T15,T16,T17,T18,T19,T20,T21,T22,T23,T24,T25,T26,T27,T28,T29,T30,T31
STAT,(NULL),InitializeSortTime,32,613,613,0,0,0,0,0,0,0,0,0,0,0,0,0,0,0,0,0,0,0,0,0,0,0,0,0,0,0,0,0,0,0
STAT,(NULL),InitializeTime,32,55634,55634,0,0,0,0,0,0,0,0,0,0,0,0,0,0,0,0,0,0,0,0,0,0,0,0,0,0,0,0,0,0,0
STAT,(NULL),LoopTime,32,3042,3042,0,0,0,0,0,0,0,0,0,0,0,0,0,0,0,0,0,0,0,0,0,0,0,0,0,0,0,0,0,0,0
STAT,(NULL),MeminfoPost,32,549,17,17,17,17,17,17,17,17,17,17,17,17,17,17,17,17,17,17,17,17,17,17,17,17,17,17,17,18,18,18,18,18
STAT,(NULL),MeminfoPre,32,0,0,0,0,0,0,0,0,0,0,0,0,0,0,0,0,0,0,0,0,0,0,0,0,0,0,0,0,0,0,0,0,0
STAT,(NULL),Rounds,32,23,23,0,0,0,0,0,0,0,0,0,0,0,0,0,0,0,0,0,0,0,0,0,0,0,0,0,0,0,0,0,0,0
STAT,(NULL),Threads,32,32,32,0,0,0,0,0,0,0,0,0,0,0,0,0,0,0,0,0,0,0,0,0,0,0,0,0,0,0,0,0,0,0
STAT,(NULL),Time,32,2447,2447,0,0,0,0,0,0,0,0,0,0,0,0,0,0,0,0,0,0,0,0,0,0,0,0,0,0,0,0,0,0,0
STAT,map_reduce,LoopTime,32,122,122,0,0,0,0,0,0,0,0,0,0,0,0,0,0,0,0,0,0,0,0,0,0,0,0,0,0,0,0,0,0,0
	Command being timed: "/home/users/norris/research/easy-parallel-graph/autoperf/mst/lib/Galois-2.2.1/build/power/apps/boruvka/boruvka -t=32 /home/users/norris/research/easy-parallel-graph/experiment/datasets/rmat248_G_100i_1000000.gr"
	User time (seconds): 186.11
	System time (seconds): 5.34
	Percent of CPU this job got: 320%
	Elapsed (wall clock) time (h:mm:ss or m:ss): 0:59.65
	Average shared text size (kbytes): 0
	Average unshared data size (kbytes): 0
	Average stack size (kbytes): 0
	Average total size (kbytes): 0
	Maximum resident set size (kbytes): 12702380
	Average resident set size (kbytes): 0
	Major (requiring I/O) page faults: 0
	Minor (reclaiming a frame) page faults: 97727
	Voluntary context switches: 3303
	Involuntary context switches: 508
	Swaps: 0
	File system inputs: 0
	File system outputs: 16
	Socket messages sent: 0
	Socket messages received: 0
	Signals delivered: 0
	Page size (bytes): 4096
	Exit status: 0
