Galois Benchmark Suite v2.2.1 (r0)
Copyright (C) 2014 The University of Texas at Austin
http://iss.ices.utexas.edu/galois/

application: Boruvka's Minimum Spanning Tree Algorithm
Computes the minimum spanning forest of a graph
http://iss.ices.utexas.edu/?p=projects/galois/benchmarks/mst

INFO: CommandLine /home/users/norris/research/easy-parallel-graph/autoperf/mst/lib/Galois-2.2.1/build/power/apps/boruvka/boruvka -t=16 /home/users/norris/research/easy-parallel-graph/experiment/datasets/rmat248_G_75i_1000000.gr
INFO: Hostname arya
Found rapl component at cid 2
Found: rapl:::THERMAL_SPEC_CNT:PACKAGE0
Found: rapl:::THERMAL_SPEC_CNT:PACKAGE1
Found: rapl:::MINIMUM_POWER_CNT:PACKAGE0
Found: rapl:::MINIMUM_POWER_CNT:PACKAGE1
Found: rapl:::MAXIMUM_POWER_CNT:PACKAGE0
Found: rapl:::MAXIMUM_POWER_CNT:PACKAGE1
Found: rapl:::MAXIMUM_TIME_WINDOW_CNT:PACKAGE0
Found: rapl:::MAXIMUM_TIME_WINDOW_CNT:PACKAGE1
Found: rapl:::PACKAGE_ENERGY_CNT:PACKAGE0
Found: rapl:::PACKAGE_ENERGY_CNT:PACKAGE1
Found: rapl:::DRAM_ENERGY_CNT:PACKAGE0
Found: rapl:::DRAM_ENERGY_CNT:PACKAGE1
Found: rapl:::PP0_ENERGY_CNT:PACKAGE0
Found: rapl:::PP0_ENERGY_CNT:PACKAGE1
Found: rapl:::THERMAL_SPEC:PACKAGE0
Found: rapl:::THERMAL_SPEC:PACKAGE1
Found: rapl:::MINIMUM_POWER:PACKAGE0
Found: rapl:::MINIMUM_POWER:PACKAGE1
Found: rapl:::MAXIMUM_POWER:PACKAGE0
Found: rapl:::MAXIMUM_POWER:PACKAGE1
Found: rapl:::MAXIMUM_TIME_WINDOW:PACKAGE0
Found: rapl:::MAXIMUM_TIME_WINDOW:PACKAGE1
Found: rapl:::PACKAGE_ENERGY:PACKAGE0
Found: rapl:::PACKAGE_ENERGY:PACKAGE1
Found: rapl:::DRAM_ENERGY:PACKAGE0
Found: rapl:::DRAM_ENERGY:PACKAGE1
Found: rapl:::PP0_ENERGY:PACKAGE0
Found: rapl:::PP0_ENERGY:PACKAGE1
Nodes: 16777216 edges: 537752652 heaviest edge: 99
4.4715 s 0.0000 (* Average Power for rapl:::THERMAL_SPEC_CNT:PACKAGE0 *)
4.4715 s 0.0000 (* Average Power for rapl:::THERMAL_SPEC_CNT:PACKAGE1 *)
4.4715 s 0.0000 (* Average Power for rapl:::MINIMUM_POWER_CNT:PACKAGE0 *)
4.4715 s 0.0000 (* Average Power for rapl:::MINIMUM_POWER_CNT:PACKAGE1 *)
4.4715 s 0.0000 (* Average Power for rapl:::MAXIMUM_POWER_CNT:PACKAGE0 *)
4.4715 s 0.0000 (* Average Power for rapl:::MAXIMUM_POWER_CNT:PACKAGE1 *)
4.4715 s 0.0000 (* Average Power for rapl:::MAXIMUM_TIME_WINDOW_CNT:PACKAGE0 *)
4.4715 s 0.0000 (* Average Power for rapl:::MAXIMUM_TIME_WINDOW_CNT:PACKAGE1 *)
4.4715 s 0.0019 (* Average Power for rapl:::PACKAGE_ENERGY_CNT:PACKAGE0 *)
4.4715 s 0.0004 (* Average Power for rapl:::PACKAGE_ENERGY_CNT:PACKAGE1 *)
4.4715 s 0.0015 (* Average Power for rapl:::DRAM_ENERGY_CNT:PACKAGE0 *)
4.4715 s 0.0007 (* Average Power for rapl:::DRAM_ENERGY_CNT:PACKAGE1 *)
4.4715 s 0.0000 (* Average Power for rapl:::PP0_ENERGY_CNT:PACKAGE0 *)
4.4715 s 0.0000 (* Average Power for rapl:::PP0_ENERGY_CNT:PACKAGE1 *)
4.4715 s 1037521137.6929 (* Average Power for rapl:::THERMAL_SPEC:PACKAGE0 *)
4.4715 s 1037521137.6929 (* Average Power for rapl:::THERMAL_SPEC:PACKAGE1 *)
4.4715 s 1036458885.7564 (* Average Power for rapl:::MINIMUM_POWER:PACKAGE0 *)
4.4715 s 1036458885.7564 (* Average Power for rapl:::MINIMUM_POWER:PACKAGE1 *)
4.4715 s 1038528309.8993 (* Average Power for rapl:::MAXIMUM_POWER:PACKAGE0 *)
4.4715 s 1038528309.8993 (* Average Power for rapl:::MAXIMUM_POWER:PACKAGE1 *)
4.4715 s 1025773418.1287 (* Average Power for rapl:::MAXIMUM_TIME_WINDOW:PACKAGE0 *)
4.4715 s 1025773418.1287 (* Average Power for rapl:::MAXIMUM_TIME_WINDOW:PACKAGE1 *)
4.4715 s 522.6957 (* Total Energy for rapl:::PACKAGE_ENERGY:PACKAGE0 *)
4.4715 s 116.8942 (* Average Power for rapl:::PACKAGE_ENERGY:PACKAGE0 *)
4.4715 s 105.1456 (* Total Energy for rapl:::PACKAGE_ENERGY:PACKAGE1 *)
4.4715 s 23.5145 (* Average Power for rapl:::PACKAGE_ENERGY:PACKAGE1 *)
4.4715 s 22.8439 (* Average Power for rapl:::DRAM_ENERGY:PACKAGE0 *)
4.4715 s 10.4938 (* Average Power for rapl:::DRAM_ENERGY:PACKAGE1 *)
4.4715 s 0.0000 (* Average Power for rapl:::PP0_ENERGY:PACKAGE0 *)
4.4715 s 0.0000 (* Average Power for rapl:::PP0_ENERGY:PACKAGE1 *)
MST weight: 2.16901e+08 (216901221)
Num trees: 290333
Tree edges: 16486883
STATTYPE,LOOP,CATEGORY,n,sum,T0,T1,T2,T3,T4,T5,T6,T7,T8,T9,T10,T11,T12,T13,T14,T15
STAT,(NULL),InitializeSortTime,16,1227,1227,0,0,0,0,0,0,0,0,0,0,0,0,0,0,0
STAT,(NULL),InitializeTime,16,53275,53275,0,0,0,0,0,0,0,0,0,0,0,0,0,0,0
STAT,(NULL),LoopTime,16,5680,5680,0,0,0,0,0,0,0,0,0,0,0,0,0,0,0
STAT,(NULL),MeminfoPost,16,530,33,33,33,33,33,33,33,33,33,33,33,33,33,33,34,34
STAT,(NULL),MeminfoPre,16,0,0,0,0,0,0,0,0,0,0,0,0,0,0,0,0,0
STAT,(NULL),Rounds,16,24,24,0,0,0,0,0,0,0,0,0,0,0,0,0,0,0
STAT,(NULL),Threads,16,16,16,0,0,0,0,0,0,0,0,0,0,0,0,0,0,0
STAT,(NULL),Time,16,4471,4471,0,0,0,0,0,0,0,0,0,0,0,0,0,0,0
STAT,map_reduce,LoopTime,16,133,133,0,0,0,0,0,0,0,0,0,0,0,0,0,0,0
	Command being timed: "/home/users/norris/research/easy-parallel-graph/autoperf/mst/lib/Galois-2.2.1/build/power/apps/boruvka/boruvka -t=16 /home/users/norris/research/easy-parallel-graph/experiment/datasets/rmat248_G_75i_1000000.gr"
	User time (seconds): 170.55
	System time (seconds): 5.16
	Percent of CPU this job got: 292%
	Elapsed (wall clock) time (h:mm:ss or m:ss): 0:59.98
	Average shared text size (kbytes): 0
	Average unshared data size (kbytes): 0
	Average stack size (kbytes): 0
	Average total size (kbytes): 0
	Maximum resident set size (kbytes): 12679600
	Average resident set size (kbytes): 0
	Major (requiring I/O) page faults: 0
	Minor (reclaiming a frame) page faults: 105195
	Voluntary context switches: 1662
	Involuntary context switches: 452
	Swaps: 0
	File system inputs: 0
	File system outputs: 24
	Socket messages sent: 0
	Socket messages received: 0
	Signals delivered: 0
	Page size (bytes): 4096
	Exit status: 0
Galois Benchmark Suite v2.2.1 (r0)
Copyright (C) 2014 The University of Texas at Austin
http://iss.ices.utexas.edu/galois/

application: Boruvka's Minimum Spanning Tree Algorithm
Computes the minimum spanning forest of a graph
http://iss.ices.utexas.edu/?p=projects/galois/benchmarks/mst

INFO: CommandLine /home/users/norris/research/easy-parallel-graph/autoperf/mst/lib/Galois-2.2.1/build/power/apps/boruvka/boruvka -t=16 /home/users/norris/research/easy-parallel-graph/experiment/datasets/rmat248_G_75i_1000000.gr
INFO: Hostname arya
Found rapl component at cid 2
Found: rapl:::THERMAL_SPEC_CNT:PACKAGE0
Found: rapl:::THERMAL_SPEC_CNT:PACKAGE1
Found: rapl:::MINIMUM_POWER_CNT:PACKAGE0
Found: rapl:::MINIMUM_POWER_CNT:PACKAGE1
Found: rapl:::MAXIMUM_POWER_CNT:PACKAGE0
Found: rapl:::MAXIMUM_POWER_CNT:PACKAGE1
Found: rapl:::MAXIMUM_TIME_WINDOW_CNT:PACKAGE0
Found: rapl:::MAXIMUM_TIME_WINDOW_CNT:PACKAGE1
Found: rapl:::PACKAGE_ENERGY_CNT:PACKAGE0
Found: rapl:::PACKAGE_ENERGY_CNT:PACKAGE1
Found: rapl:::DRAM_ENERGY_CNT:PACKAGE0
Found: rapl:::DRAM_ENERGY_CNT:PACKAGE1
Found: rapl:::PP0_ENERGY_CNT:PACKAGE0
Found: rapl:::PP0_ENERGY_CNT:PACKAGE1
Found: rapl:::THERMAL_SPEC:PACKAGE0
Found: rapl:::THERMAL_SPEC:PACKAGE1
Found: rapl:::MINIMUM_POWER:PACKAGE0
Found: rapl:::MINIMUM_POWER:PACKAGE1
Found: rapl:::MAXIMUM_POWER:PACKAGE0
Found: rapl:::MAXIMUM_POWER:PACKAGE1
Found: rapl:::MAXIMUM_TIME_WINDOW:PACKAGE0
Found: rapl:::MAXIMUM_TIME_WINDOW:PACKAGE1
Found: rapl:::PACKAGE_ENERGY:PACKAGE0
Found: rapl:::PACKAGE_ENERGY:PACKAGE1
Found: rapl:::DRAM_ENERGY:PACKAGE0
Found: rapl:::DRAM_ENERGY:PACKAGE1
Found: rapl:::PP0_ENERGY:PACKAGE0
Found: rapl:::PP0_ENERGY:PACKAGE1
Nodes: 16777216 edges: 537752652 heaviest edge: 99
4.5931 s 0.0000 (* Average Power for rapl:::THERMAL_SPEC_CNT:PACKAGE0 *)
4.5931 s 0.0000 (* Average Power for rapl:::THERMAL_SPEC_CNT:PACKAGE1 *)
4.5931 s 0.0000 (* Average Power for rapl:::MINIMUM_POWER_CNT:PACKAGE0 *)
4.5931 s 0.0000 (* Average Power for rapl:::MINIMUM_POWER_CNT:PACKAGE1 *)
4.5931 s 0.0000 (* Average Power for rapl:::MAXIMUM_POWER_CNT:PACKAGE0 *)
4.5931 s 0.0000 (* Average Power for rapl:::MAXIMUM_POWER_CNT:PACKAGE1 *)
4.5931 s 0.0000 (* Average Power for rapl:::MAXIMUM_TIME_WINDOW_CNT:PACKAGE0 *)
4.5931 s 0.0000 (* Average Power for rapl:::MAXIMUM_TIME_WINDOW_CNT:PACKAGE1 *)
4.5931 s 0.0019 (* Average Power for rapl:::PACKAGE_ENERGY_CNT:PACKAGE0 *)
4.5931 s 0.0004 (* Average Power for rapl:::PACKAGE_ENERGY_CNT:PACKAGE1 *)
4.5931 s 0.0015 (* Average Power for rapl:::DRAM_ENERGY_CNT:PACKAGE0 *)
4.5931 s 0.0007 (* Average Power for rapl:::DRAM_ENERGY_CNT:PACKAGE1 *)
4.5931 s 0.0000 (* Average Power for rapl:::PP0_ENERGY_CNT:PACKAGE0 *)
4.5931 s 0.0000 (* Average Power for rapl:::PP0_ENERGY_CNT:PACKAGE1 *)
4.5931 s 1010059784.6744 (* Average Power for rapl:::THERMAL_SPEC:PACKAGE0 *)
4.5931 s 1010059784.6744 (* Average Power for rapl:::THERMAL_SPEC:PACKAGE1 *)
4.5931 s 1009025648.6715 (* Average Power for rapl:::MINIMUM_POWER:PACKAGE0 *)
4.5931 s 1009025648.6715 (* Average Power for rapl:::MINIMUM_POWER:PACKAGE1 *)
4.5931 s 1011040298.8105 (* Average Power for rapl:::MAXIMUM_POWER:PACKAGE0 *)
4.5931 s 1011040298.8105 (* Average Power for rapl:::MAXIMUM_POWER:PACKAGE1 *)
4.5931 s 998623006.5093 (* Average Power for rapl:::MAXIMUM_TIME_WINDOW:PACKAGE0 *)
4.5931 s 998623006.5093 (* Average Power for rapl:::MAXIMUM_TIME_WINDOW:PACKAGE1 *)
4.5931 s 533.4860 (* Total Energy for rapl:::PACKAGE_ENERGY:PACKAGE0 *)
4.5931 s 116.1494 (* Average Power for rapl:::PACKAGE_ENERGY:PACKAGE0 *)
4.5931 s 112.1209 (* Total Energy for rapl:::PACKAGE_ENERGY:PACKAGE1 *)
4.5931 s 24.4107 (* Average Power for rapl:::PACKAGE_ENERGY:PACKAGE1 *)
4.5931 s 22.3901 (* Average Power for rapl:::DRAM_ENERGY:PACKAGE0 *)
4.5931 s 10.7163 (* Average Power for rapl:::DRAM_ENERGY:PACKAGE1 *)
4.5931 s 0.0000 (* Average Power for rapl:::PP0_ENERGY:PACKAGE0 *)
4.5931 s 0.0000 (* Average Power for rapl:::PP0_ENERGY:PACKAGE1 *)
MST weight: 2.16901e+08 (216901221)
Num trees: 290333
Tree edges: 16486883
STATTYPE,LOOP,CATEGORY,n,sum,T0,T1,T2,T3,T4,T5,T6,T7,T8,T9,T10,T11,T12,T13,T14,T15
STAT,(NULL),InitializeSortTime,16,1217,1217,0,0,0,0,0,0,0,0,0,0,0,0,0,0,0
STAT,(NULL),InitializeTime,16,56002,56002,0,0,0,0,0,0,0,0,0,0,0,0,0,0,0
STAT,(NULL),LoopTime,16,5791,5791,0,0,0,0,0,0,0,0,0,0,0,0,0,0,0
STAT,(NULL),MeminfoPost,16,530,33,33,33,33,33,33,33,33,33,33,33,33,33,33,34,34
STAT,(NULL),MeminfoPre,16,0,0,0,0,0,0,0,0,0,0,0,0,0,0,0,0,0
STAT,(NULL),Rounds,16,24,24,0,0,0,0,0,0,0,0,0,0,0,0,0,0,0
STAT,(NULL),Threads,16,16,16,0,0,0,0,0,0,0,0,0,0,0,0,0,0,0
STAT,(NULL),Time,16,4593,4593,0,0,0,0,0,0,0,0,0,0,0,0,0,0,0
STAT,map_reduce,LoopTime,16,133,133,0,0,0,0,0,0,0,0,0,0,0,0,0,0,0
	Command being timed: "/home/users/norris/research/easy-parallel-graph/autoperf/mst/lib/Galois-2.2.1/build/power/apps/boruvka/boruvka -t=16 /home/users/norris/research/easy-parallel-graph/experiment/datasets/rmat248_G_75i_1000000.gr"
	User time (seconds): 174.66
	System time (seconds): 5.28
	Percent of CPU this job got: 286%
	Elapsed (wall clock) time (h:mm:ss or m:ss): 1:02.80
	Average shared text size (kbytes): 0
	Average unshared data size (kbytes): 0
	Average stack size (kbytes): 0
	Average total size (kbytes): 0
	Maximum resident set size (kbytes): 12680764
	Average resident set size (kbytes): 0
	Major (requiring I/O) page faults: 0
	Minor (reclaiming a frame) page faults: 95261
	Voluntary context switches: 1625
	Involuntary context switches: 473
	Swaps: 0
	File system inputs: 0
	File system outputs: 16
	Socket messages sent: 0
	Socket messages received: 0
	Signals delivered: 0
	Page size (bytes): 4096
	Exit status: 0
Galois Benchmark Suite v2.2.1 (r0)
Copyright (C) 2014 The University of Texas at Austin
http://iss.ices.utexas.edu/galois/

application: Boruvka's Minimum Spanning Tree Algorithm
Computes the minimum spanning forest of a graph
http://iss.ices.utexas.edu/?p=projects/galois/benchmarks/mst

INFO: CommandLine /home/users/norris/research/easy-parallel-graph/autoperf/mst/lib/Galois-2.2.1/build/power/apps/boruvka/boruvka -t=16 /home/users/norris/research/easy-parallel-graph/experiment/datasets/rmat248_G_75i_1000000.gr
INFO: Hostname arya
Found rapl component at cid 2
Found: rapl:::THERMAL_SPEC_CNT:PACKAGE0
Found: rapl:::THERMAL_SPEC_CNT:PACKAGE1
Found: rapl:::MINIMUM_POWER_CNT:PACKAGE0
Found: rapl:::MINIMUM_POWER_CNT:PACKAGE1
Found: rapl:::MAXIMUM_POWER_CNT:PACKAGE0
Found: rapl:::MAXIMUM_POWER_CNT:PACKAGE1
Found: rapl:::MAXIMUM_TIME_WINDOW_CNT:PACKAGE0
Found: rapl:::MAXIMUM_TIME_WINDOW_CNT:PACKAGE1
Found: rapl:::PACKAGE_ENERGY_CNT:PACKAGE0
Found: rapl:::PACKAGE_ENERGY_CNT:PACKAGE1
Found: rapl:::DRAM_ENERGY_CNT:PACKAGE0
Found: rapl:::DRAM_ENERGY_CNT:PACKAGE1
Found: rapl:::PP0_ENERGY_CNT:PACKAGE0
Found: rapl:::PP0_ENERGY_CNT:PACKAGE1
Found: rapl:::THERMAL_SPEC:PACKAGE0
Found: rapl:::THERMAL_SPEC:PACKAGE1
Found: rapl:::MINIMUM_POWER:PACKAGE0
Found: rapl:::MINIMUM_POWER:PACKAGE1
Found: rapl:::MAXIMUM_POWER:PACKAGE0
Found: rapl:::MAXIMUM_POWER:PACKAGE1
Found: rapl:::MAXIMUM_TIME_WINDOW:PACKAGE0
Found: rapl:::MAXIMUM_TIME_WINDOW:PACKAGE1
Found: rapl:::PACKAGE_ENERGY:PACKAGE0
Found: rapl:::PACKAGE_ENERGY:PACKAGE1
Found: rapl:::DRAM_ENERGY:PACKAGE0
Found: rapl:::DRAM_ENERGY:PACKAGE1
Found: rapl:::PP0_ENERGY:PACKAGE0
Found: rapl:::PP0_ENERGY:PACKAGE1
Nodes: 16777216 edges: 537752652 heaviest edge: 99
4.5509 s 0.0000 (* Average Power for rapl:::THERMAL_SPEC_CNT:PACKAGE0 *)
4.5509 s 0.0000 (* Average Power for rapl:::THERMAL_SPEC_CNT:PACKAGE1 *)
4.5509 s 0.0000 (* Average Power for rapl:::MINIMUM_POWER_CNT:PACKAGE0 *)
4.5509 s 0.0000 (* Average Power for rapl:::MINIMUM_POWER_CNT:PACKAGE1 *)
4.5509 s 0.0000 (* Average Power for rapl:::MAXIMUM_POWER_CNT:PACKAGE0 *)
4.5509 s 0.0000 (* Average Power for rapl:::MAXIMUM_POWER_CNT:PACKAGE1 *)
4.5509 s 0.0000 (* Average Power for rapl:::MAXIMUM_TIME_WINDOW_CNT:PACKAGE0 *)
4.5509 s 0.0000 (* Average Power for rapl:::MAXIMUM_TIME_WINDOW_CNT:PACKAGE1 *)
4.5509 s 0.0019 (* Average Power for rapl:::PACKAGE_ENERGY_CNT:PACKAGE0 *)
4.5509 s 0.0004 (* Average Power for rapl:::PACKAGE_ENERGY_CNT:PACKAGE1 *)
4.5509 s 0.0015 (* Average Power for rapl:::DRAM_ENERGY_CNT:PACKAGE0 *)
4.5509 s 0.0007 (* Average Power for rapl:::DRAM_ENERGY_CNT:PACKAGE1 *)
4.5509 s 0.0000 (* Average Power for rapl:::PP0_ENERGY_CNT:PACKAGE0 *)
4.5509 s 0.0000 (* Average Power for rapl:::PP0_ENERGY_CNT:PACKAGE1 *)
4.5509 s 1019427975.4497 (* Average Power for rapl:::THERMAL_SPEC:PACKAGE0 *)
4.5509 s 1019427975.4497 (* Average Power for rapl:::THERMAL_SPEC:PACKAGE1 *)
4.5509 s 1018384247.9519 (* Average Power for rapl:::MINIMUM_POWER:PACKAGE0 *)
4.5509 s 1018384247.9519 (* Average Power for rapl:::MINIMUM_POWER:PACKAGE1 *)
4.5509 s 1020417583.7440 (* Average Power for rapl:::MAXIMUM_POWER:PACKAGE0 *)
4.5509 s 1020417583.7440 (* Average Power for rapl:::MAXIMUM_POWER:PACKAGE1 *)
4.5509 s 1007885122.4548 (* Average Power for rapl:::MAXIMUM_TIME_WINDOW:PACKAGE0 *)
4.5509 s 1007885122.4548 (* Average Power for rapl:::MAXIMUM_TIME_WINDOW:PACKAGE1 *)
4.5509 s 529.2841 (* Total Energy for rapl:::PACKAGE_ENERGY:PACKAGE0 *)
4.5509 s 116.3034 (* Average Power for rapl:::PACKAGE_ENERGY:PACKAGE0 *)
4.5509 s 120.4963 (* Total Energy for rapl:::PACKAGE_ENERGY:PACKAGE1 *)
4.5509 s 26.4775 (* Average Power for rapl:::PACKAGE_ENERGY:PACKAGE1 *)
4.5509 s 22.3578 (* Average Power for rapl:::DRAM_ENERGY:PACKAGE0 *)
4.5509 s 11.0737 (* Average Power for rapl:::DRAM_ENERGY:PACKAGE1 *)
4.5509 s 0.0000 (* Average Power for rapl:::PP0_ENERGY:PACKAGE0 *)
4.5509 s 0.0000 (* Average Power for rapl:::PP0_ENERGY:PACKAGE1 *)
MST weight: 2.16901e+08 (216901221)
Num trees: 290333
Tree edges: 16486883
STATTYPE,LOOP,CATEGORY,n,sum,T0,T1,T2,T3,T4,T5,T6,T7,T8,T9,T10,T11,T12,T13,T14,T15
STAT,(NULL),InitializeSortTime,16,1234,1234,0,0,0,0,0,0,0,0,0,0,0,0,0,0,0
STAT,(NULL),InitializeTime,16,56902,56902,0,0,0,0,0,0,0,0,0,0,0,0,0,0,0
STAT,(NULL),LoopTime,16,5767,5767,0,0,0,0,0,0,0,0,0,0,0,0,0,0,0
STAT,(NULL),MeminfoPost,16,530,33,33,33,33,33,33,33,33,33,33,33,33,33,33,34,34
STAT,(NULL),MeminfoPre,16,0,0,0,0,0,0,0,0,0,0,0,0,0,0,0,0,0
STAT,(NULL),Rounds,16,24,24,0,0,0,0,0,0,0,0,0,0,0,0,0,0,0
STAT,(NULL),Threads,16,16,16,0,0,0,0,0,0,0,0,0,0,0,0,0,0,0
STAT,(NULL),Time,16,4550,4550,0,0,0,0,0,0,0,0,0,0,0,0,0,0,0
STAT,map_reduce,LoopTime,16,133,133,0,0,0,0,0,0,0,0,0,0,0,0,0,0,0
	Command being timed: "/home/users/norris/research/easy-parallel-graph/autoperf/mst/lib/Galois-2.2.1/build/power/apps/boruvka/boruvka -t=16 /home/users/norris/research/easy-parallel-graph/experiment/datasets/rmat248_G_75i_1000000.gr"
	User time (seconds): 175.37
	System time (seconds): 5.08
	Percent of CPU this job got: 283%
	Elapsed (wall clock) time (h:mm:ss or m:ss): 1:03.69
	Average shared text size (kbytes): 0
	Average unshared data size (kbytes): 0
	Average stack size (kbytes): 0
	Average total size (kbytes): 0
	Maximum resident set size (kbytes): 12679752
	Average resident set size (kbytes): 0
	Major (requiring I/O) page faults: 0
	Minor (reclaiming a frame) page faults: 106360
	Voluntary context switches: 1605
	Involuntary context switches: 486
	Swaps: 0
	File system inputs: 0
	File system outputs: 16
	Socket messages sent: 0
	Socket messages received: 0
	Signals delivered: 0
	Page size (bytes): 4096
	Exit status: 0
Galois Benchmark Suite v2.2.1 (r0)
Copyright (C) 2014 The University of Texas at Austin
http://iss.ices.utexas.edu/galois/

application: Boruvka's Minimum Spanning Tree Algorithm
Computes the minimum spanning forest of a graph
http://iss.ices.utexas.edu/?p=projects/galois/benchmarks/mst

INFO: CommandLine /home/users/norris/research/easy-parallel-graph/autoperf/mst/lib/Galois-2.2.1/build/power/apps/boruvka/boruvka -t=16 /home/users/norris/research/easy-parallel-graph/experiment/datasets/rmat248_G_75i_1000000.gr
INFO: Hostname arya
Found rapl component at cid 2
Found: rapl:::THERMAL_SPEC_CNT:PACKAGE0
Found: rapl:::THERMAL_SPEC_CNT:PACKAGE1
Found: rapl:::MINIMUM_POWER_CNT:PACKAGE0
Found: rapl:::MINIMUM_POWER_CNT:PACKAGE1
Found: rapl:::MAXIMUM_POWER_CNT:PACKAGE0
Found: rapl:::MAXIMUM_POWER_CNT:PACKAGE1
Found: rapl:::MAXIMUM_TIME_WINDOW_CNT:PACKAGE0
Found: rapl:::MAXIMUM_TIME_WINDOW_CNT:PACKAGE1
Found: rapl:::PACKAGE_ENERGY_CNT:PACKAGE0
Found: rapl:::PACKAGE_ENERGY_CNT:PACKAGE1
Found: rapl:::DRAM_ENERGY_CNT:PACKAGE0
Found: rapl:::DRAM_ENERGY_CNT:PACKAGE1
Found: rapl:::PP0_ENERGY_CNT:PACKAGE0
Found: rapl:::PP0_ENERGY_CNT:PACKAGE1
Found: rapl:::THERMAL_SPEC:PACKAGE0
Found: rapl:::THERMAL_SPEC:PACKAGE1
Found: rapl:::MINIMUM_POWER:PACKAGE0
Found: rapl:::MINIMUM_POWER:PACKAGE1
Found: rapl:::MAXIMUM_POWER:PACKAGE0
Found: rapl:::MAXIMUM_POWER:PACKAGE1
Found: rapl:::MAXIMUM_TIME_WINDOW:PACKAGE0
Found: rapl:::MAXIMUM_TIME_WINDOW:PACKAGE1
Found: rapl:::PACKAGE_ENERGY:PACKAGE0
Found: rapl:::PACKAGE_ENERGY:PACKAGE1
Found: rapl:::DRAM_ENERGY:PACKAGE0
Found: rapl:::DRAM_ENERGY:PACKAGE1
Found: rapl:::PP0_ENERGY:PACKAGE0
Found: rapl:::PP0_ENERGY:PACKAGE1
Nodes: 16777216 edges: 537752652 heaviest edge: 99
4.2559 s 0.0000 (* Average Power for rapl:::THERMAL_SPEC_CNT:PACKAGE0 *)
4.2559 s 0.0000 (* Average Power for rapl:::THERMAL_SPEC_CNT:PACKAGE1 *)
4.2559 s 0.0000 (* Average Power for rapl:::MINIMUM_POWER_CNT:PACKAGE0 *)
4.2559 s 0.0000 (* Average Power for rapl:::MINIMUM_POWER_CNT:PACKAGE1 *)
4.2559 s 0.0000 (* Average Power for rapl:::MAXIMUM_POWER_CNT:PACKAGE0 *)
4.2559 s 0.0000 (* Average Power for rapl:::MAXIMUM_POWER_CNT:PACKAGE1 *)
4.2559 s 0.0000 (* Average Power for rapl:::MAXIMUM_TIME_WINDOW_CNT:PACKAGE0 *)
4.2559 s 0.0000 (* Average Power for rapl:::MAXIMUM_TIME_WINDOW_CNT:PACKAGE1 *)
4.2559 s 0.0019 (* Average Power for rapl:::PACKAGE_ENERGY_CNT:PACKAGE0 *)
4.2559 s 0.0007 (* Average Power for rapl:::PACKAGE_ENERGY_CNT:PACKAGE1 *)
4.2559 s 0.0015 (* Average Power for rapl:::DRAM_ENERGY_CNT:PACKAGE0 *)
4.2559 s 0.0009 (* Average Power for rapl:::DRAM_ENERGY_CNT:PACKAGE1 *)
4.2559 s 0.0000 (* Average Power for rapl:::PP0_ENERGY_CNT:PACKAGE0 *)
4.2559 s 0.0000 (* Average Power for rapl:::PP0_ENERGY_CNT:PACKAGE1 *)
4.2559 s 1090076973.7769 (* Average Power for rapl:::THERMAL_SPEC:PACKAGE0 *)
4.2559 s 1090076973.7769 (* Average Power for rapl:::THERMAL_SPEC:PACKAGE1 *)
4.2559 s 1088960913.2609 (* Average Power for rapl:::MINIMUM_POWER:PACKAGE0 *)
4.2559 s 1088960913.2609 (* Average Power for rapl:::MINIMUM_POWER:PACKAGE1 *)
4.2559 s 1091135164.4884 (* Average Power for rapl:::MAXIMUM_POWER:PACKAGE0 *)
4.2559 s 1091135164.4884 (* Average Power for rapl:::MAXIMUM_POWER:PACKAGE1 *)
4.2559 s 1077734171.1813 (* Average Power for rapl:::MAXIMUM_TIME_WINDOW:PACKAGE0 *)
4.2559 s 1077734171.1813 (* Average Power for rapl:::MAXIMUM_TIME_WINDOW:PACKAGE1 *)
4.2559 s 495.3394 (* Total Energy for rapl:::PACKAGE_ENERGY:PACKAGE0 *)
4.2559 s 116.3877 (* Average Power for rapl:::PACKAGE_ENERGY:PACKAGE0 *)
4.2559 s 170.5043 (* Total Energy for rapl:::PACKAGE_ENERGY:PACKAGE1 *)
4.2559 s 40.0626 (* Average Power for rapl:::PACKAGE_ENERGY:PACKAGE1 *)
4.2559 s 22.1822 (* Average Power for rapl:::DRAM_ENERGY:PACKAGE0 *)
4.2559 s 13.4759 (* Average Power for rapl:::DRAM_ENERGY:PACKAGE1 *)
4.2559 s 0.0000 (* Average Power for rapl:::PP0_ENERGY:PACKAGE0 *)
4.2559 s 0.0000 (* Average Power for rapl:::PP0_ENERGY:PACKAGE1 *)
MST weight: 2.16901e+08 (216901221)
Num trees: 290333
Tree edges: 16486883
STATTYPE,LOOP,CATEGORY,n,sum,T0,T1,T2,T3,T4,T5,T6,T7,T8,T9,T10,T11,T12,T13,T14,T15
STAT,(NULL),InitializeSortTime,16,1229,1229,0,0,0,0,0,0,0,0,0,0,0,0,0,0,0
STAT,(NULL),InitializeTime,16,56285,56285,0,0,0,0,0,0,0,0,0,0,0,0,0,0,0
STAT,(NULL),LoopTime,16,5465,5465,0,0,0,0,0,0,0,0,0,0,0,0,0,0,0
STAT,(NULL),MeminfoPost,16,530,33,33,33,33,33,33,33,33,33,33,33,33,33,33,34,34
STAT,(NULL),MeminfoPre,16,0,0,0,0,0,0,0,0,0,0,0,0,0,0,0,0,0
STAT,(NULL),Rounds,16,23,23,0,0,0,0,0,0,0,0,0,0,0,0,0,0,0
STAT,(NULL),Threads,16,16,16,0,0,0,0,0,0,0,0,0,0,0,0,0,0,0
STAT,(NULL),Time,16,4255,4255,0,0,0,0,0,0,0,0,0,0,0,0,0,0,0
STAT,map_reduce,LoopTime,16,133,133,0,0,0,0,0,0,0,0,0,0,0,0,0,0,0
	Command being timed: "/home/users/norris/research/easy-parallel-graph/autoperf/mst/lib/Galois-2.2.1/build/power/apps/boruvka/boruvka -t=16 /home/users/norris/research/easy-parallel-graph/experiment/datasets/rmat248_G_75i_1000000.gr"
	User time (seconds): 168.73
	System time (seconds): 5.11
	Percent of CPU this job got: 277%
	Elapsed (wall clock) time (h:mm:ss or m:ss): 1:02.70
	Average shared text size (kbytes): 0
	Average unshared data size (kbytes): 0
	Average stack size (kbytes): 0
	Average total size (kbytes): 0
	Maximum resident set size (kbytes): 12680716
	Average resident set size (kbytes): 0
	Major (requiring I/O) page faults: 0
	Minor (reclaiming a frame) page faults: 84431
	Voluntary context switches: 1561
	Involuntary context switches: 466
	Swaps: 0
	File system inputs: 0
	File system outputs: 16
	Socket messages sent: 0
	Socket messages received: 0
	Signals delivered: 0
	Page size (bytes): 4096
	Exit status: 0
