Galois Benchmark Suite v2.2.1 (r0)
Copyright (C) 2014 The University of Texas at Austin
http://iss.ices.utexas.edu/galois/

application: Boruvka's Minimum Spanning Tree Algorithm
Computes the minimum spanning forest of a graph
http://iss.ices.utexas.edu/?p=projects/galois/benchmarks/mst

INFO: CommandLine /home/users/norris/research/easy-parallel-graph/autoperf/mst/lib/Galois-2.2.1/build/power/apps/boruvka/boruvka -t=2 /home/users/norris/research/easy-parallel-graph/experiment/datasets/rmat248_G_100i_1000000.gr
INFO: Hostname arya
Found rapl component at cid 2
Found: rapl:::THERMAL_SPEC_CNT:PACKAGE0
Found: rapl:::THERMAL_SPEC_CNT:PACKAGE1
Found: rapl:::MINIMUM_POWER_CNT:PACKAGE0
Found: rapl:::MINIMUM_POWER_CNT:PACKAGE1
Found: rapl:::MAXIMUM_POWER_CNT:PACKAGE0
Found: rapl:::MAXIMUM_POWER_CNT:PACKAGE1
Found: rapl:::MAXIMUM_TIME_WINDOW_CNT:PACKAGE0
Found: rapl:::MAXIMUM_TIME_WINDOW_CNT:PACKAGE1
Found: rapl:::PACKAGE_ENERGY_CNT:PACKAGE0
Found: rapl:::PACKAGE_ENERGY_CNT:PACKAGE1
Found: rapl:::DRAM_ENERGY_CNT:PACKAGE0
Found: rapl:::DRAM_ENERGY_CNT:PACKAGE1
Found: rapl:::PP0_ENERGY_CNT:PACKAGE0
Found: rapl:::PP0_ENERGY_CNT:PACKAGE1
Found: rapl:::THERMAL_SPEC:PACKAGE0
Found: rapl:::THERMAL_SPEC:PACKAGE1
Found: rapl:::MINIMUM_POWER:PACKAGE0
Found: rapl:::MINIMUM_POWER:PACKAGE1
Found: rapl:::MAXIMUM_POWER:PACKAGE0
Found: rapl:::MAXIMUM_POWER:PACKAGE1
Found: rapl:::MAXIMUM_TIME_WINDOW:PACKAGE0
Found: rapl:::MAXIMUM_TIME_WINDOW:PACKAGE1
Found: rapl:::PACKAGE_ENERGY:PACKAGE0
Found: rapl:::PACKAGE_ENERGY:PACKAGE1
Found: rapl:::DRAM_ENERGY:PACKAGE0
Found: rapl:::DRAM_ENERGY:PACKAGE1
Found: rapl:::PP0_ENERGY:PACKAGE0
Found: rapl:::PP0_ENERGY:PACKAGE1
Nodes: 16777216 edges: 538752488 heaviest edge: 99
31.1071 s 0.0000 (* Average Power for rapl:::THERMAL_SPEC_CNT:PACKAGE0 *)
31.1071 s 0.0000 (* Average Power for rapl:::THERMAL_SPEC_CNT:PACKAGE1 *)
31.1071 s 0.0000 (* Average Power for rapl:::MINIMUM_POWER_CNT:PACKAGE0 *)
31.1071 s 0.0000 (* Average Power for rapl:::MINIMUM_POWER_CNT:PACKAGE1 *)
31.1071 s 0.0000 (* Average Power for rapl:::MAXIMUM_POWER_CNT:PACKAGE0 *)
31.1071 s 0.0000 (* Average Power for rapl:::MAXIMUM_POWER_CNT:PACKAGE1 *)
31.1071 s 0.0000 (* Average Power for rapl:::MAXIMUM_TIME_WINDOW_CNT:PACKAGE0 *)
31.1071 s 0.0000 (* Average Power for rapl:::MAXIMUM_TIME_WINDOW_CNT:PACKAGE1 *)
31.1071 s 0.0009 (* Average Power for rapl:::PACKAGE_ENERGY_CNT:PACKAGE0 *)
31.1071 s 0.0004 (* Average Power for rapl:::PACKAGE_ENERGY_CNT:PACKAGE1 *)
31.1071 s 0.0011 (* Average Power for rapl:::DRAM_ENERGY_CNT:PACKAGE0 *)
31.1071 s 0.0006 (* Average Power for rapl:::DRAM_ENERGY_CNT:PACKAGE1 *)
31.1071 s 0.0000 (* Average Power for rapl:::PP0_ENERGY_CNT:PACKAGE0 *)
31.1071 s 0.0000 (* Average Power for rapl:::PP0_ENERGY_CNT:PACKAGE1 *)
31.1071 s 149139888.9815 (* Average Power for rapl:::THERMAL_SPEC:PACKAGE0 *)
31.1071 s 149139888.9815 (* Average Power for rapl:::THERMAL_SPEC:PACKAGE1 *)
31.1071 s 148987194.1302 (* Average Power for rapl:::MINIMUM_POWER:PACKAGE0 *)
31.1071 s 148987194.1302 (* Average Power for rapl:::MINIMUM_POWER:PACKAGE1 *)
31.1071 s 149284666.3220 (* Average Power for rapl:::MAXIMUM_POWER:PACKAGE0 *)
31.1071 s 149284666.3220 (* Average Power for rapl:::MAXIMUM_POWER:PACKAGE1 *)
31.1071 s 147451197.0330 (* Average Power for rapl:::MAXIMUM_TIME_WINDOW:PACKAGE0 *)
31.1071 s 147451197.0330 (* Average Power for rapl:::MAXIMUM_TIME_WINDOW:PACKAGE1 *)
31.1071 s 1787.1596 (* Total Energy for rapl:::PACKAGE_ENERGY:PACKAGE0 *)
31.1071 s 57.4519 (* Average Power for rapl:::PACKAGE_ENERGY:PACKAGE0 *)
31.1071 s 779.8036 (* Total Energy for rapl:::PACKAGE_ENERGY:PACKAGE1 *)
31.1071 s 25.0684 (* Average Power for rapl:::PACKAGE_ENERGY:PACKAGE1 *)
31.1071 s 16.4774 (* Average Power for rapl:::DRAM_ENERGY:PACKAGE0 *)
31.1071 s 8.4294 (* Average Power for rapl:::DRAM_ENERGY:PACKAGE1 *)
31.1071 s 0.0000 (* Average Power for rapl:::PP0_ENERGY:PACKAGE0 *)
31.1071 s 0.0000 (* Average Power for rapl:::PP0_ENERGY:PACKAGE1 *)
MST weight: 2.16283e+08 (216283071)
Num trees: 281104
Tree edges: 16496112
STATTYPE,LOOP,CATEGORY,n,sum,T0,T1
STAT,(NULL),InitializeSortTime,2,7707,7707,0
STAT,(NULL),InitializeTime,2,85030,85030,0
STAT,(NULL),LoopTime,2,38807,38807,0
STAT,(NULL),MeminfoPost,2,497,244,253
STAT,(NULL),MeminfoPre,2,0,0,0
STAT,(NULL),Rounds,2,23,23,0
STAT,(NULL),Threads,2,2,2,0
STAT,(NULL),Time,2,31107,31107,0
STAT,map_reduce,LoopTime,2,252,252,0
	Command being timed: "/home/users/norris/research/easy-parallel-graph/autoperf/mst/lib/Galois-2.2.1/build/power/apps/boruvka/boruvka -t=2 /home/users/norris/research/easy-parallel-graph/experiment/datasets/rmat248_G_100i_1000000.gr"
	User time (seconds): 151.08
	System time (seconds): 31.81
	Percent of CPU this job got: 142%
	Elapsed (wall clock) time (h:mm:ss or m:ss): 2:08.17
	Average shared text size (kbytes): 0
	Average unshared data size (kbytes): 0
	Average stack size (kbytes): 0
	Average total size (kbytes): 0
	Maximum resident set size (kbytes): 12697624
	Average resident set size (kbytes): 0
	Major (requiring I/O) page faults: 0
	Minor (reclaiming a frame) page faults: 2912990
	Voluntary context switches: 861
	Involuntary context switches: 548
	Swaps: 0
	File system inputs: 0
	File system outputs: 24
	Socket messages sent: 0
	Socket messages received: 0
	Signals delivered: 0
	Page size (bytes): 4096
	Exit status: 0
Galois Benchmark Suite v2.2.1 (r0)
Copyright (C) 2014 The University of Texas at Austin
http://iss.ices.utexas.edu/galois/

application: Boruvka's Minimum Spanning Tree Algorithm
Computes the minimum spanning forest of a graph
http://iss.ices.utexas.edu/?p=projects/galois/benchmarks/mst

INFO: CommandLine /home/users/norris/research/easy-parallel-graph/autoperf/mst/lib/Galois-2.2.1/build/power/apps/boruvka/boruvka -t=2 /home/users/norris/research/easy-parallel-graph/experiment/datasets/rmat248_G_100i_1000000.gr
INFO: Hostname arya
Found rapl component at cid 2
Found: rapl:::THERMAL_SPEC_CNT:PACKAGE0
Found: rapl:::THERMAL_SPEC_CNT:PACKAGE1
Found: rapl:::MINIMUM_POWER_CNT:PACKAGE0
Found: rapl:::MINIMUM_POWER_CNT:PACKAGE1
Found: rapl:::MAXIMUM_POWER_CNT:PACKAGE0
Found: rapl:::MAXIMUM_POWER_CNT:PACKAGE1
Found: rapl:::MAXIMUM_TIME_WINDOW_CNT:PACKAGE0
Found: rapl:::MAXIMUM_TIME_WINDOW_CNT:PACKAGE1
Found: rapl:::PACKAGE_ENERGY_CNT:PACKAGE0
Found: rapl:::PACKAGE_ENERGY_CNT:PACKAGE1
Found: rapl:::DRAM_ENERGY_CNT:PACKAGE0
Found: rapl:::DRAM_ENERGY_CNT:PACKAGE1
Found: rapl:::PP0_ENERGY_CNT:PACKAGE0
Found: rapl:::PP0_ENERGY_CNT:PACKAGE1
Found: rapl:::THERMAL_SPEC:PACKAGE0
Found: rapl:::THERMAL_SPEC:PACKAGE1
Found: rapl:::MINIMUM_POWER:PACKAGE0
Found: rapl:::MINIMUM_POWER:PACKAGE1
Found: rapl:::MAXIMUM_POWER:PACKAGE0
Found: rapl:::MAXIMUM_POWER:PACKAGE1
Found: rapl:::MAXIMUM_TIME_WINDOW:PACKAGE0
Found: rapl:::MAXIMUM_TIME_WINDOW:PACKAGE1
Found: rapl:::PACKAGE_ENERGY:PACKAGE0
Found: rapl:::PACKAGE_ENERGY:PACKAGE1
Found: rapl:::DRAM_ENERGY:PACKAGE0
Found: rapl:::DRAM_ENERGY:PACKAGE1
Found: rapl:::PP0_ENERGY:PACKAGE0
Found: rapl:::PP0_ENERGY:PACKAGE1
Nodes: 16777216 edges: 538752488 heaviest edge: 99
30.3668 s 0.0000 (* Average Power for rapl:::THERMAL_SPEC_CNT:PACKAGE0 *)
30.3668 s 0.0000 (* Average Power for rapl:::THERMAL_SPEC_CNT:PACKAGE1 *)
30.3668 s 0.0000 (* Average Power for rapl:::MINIMUM_POWER_CNT:PACKAGE0 *)
30.3668 s 0.0000 (* Average Power for rapl:::MINIMUM_POWER_CNT:PACKAGE1 *)
30.3668 s 0.0000 (* Average Power for rapl:::MAXIMUM_POWER_CNT:PACKAGE0 *)
30.3668 s 0.0000 (* Average Power for rapl:::MAXIMUM_POWER_CNT:PACKAGE1 *)
30.3668 s 0.0000 (* Average Power for rapl:::MAXIMUM_TIME_WINDOW_CNT:PACKAGE0 *)
30.3668 s 0.0000 (* Average Power for rapl:::MAXIMUM_TIME_WINDOW_CNT:PACKAGE1 *)
30.3668 s 0.0009 (* Average Power for rapl:::PACKAGE_ENERGY_CNT:PACKAGE0 *)
30.3668 s 0.0004 (* Average Power for rapl:::PACKAGE_ENERGY_CNT:PACKAGE1 *)
30.3668 s 0.0011 (* Average Power for rapl:::DRAM_ENERGY_CNT:PACKAGE0 *)
30.3668 s 0.0006 (* Average Power for rapl:::DRAM_ENERGY_CNT:PACKAGE1 *)
30.3668 s 0.0000 (* Average Power for rapl:::PP0_ENERGY_CNT:PACKAGE0 *)
30.3668 s 0.0000 (* Average Power for rapl:::PP0_ENERGY_CNT:PACKAGE1 *)
30.3668 s 152775373.3603 (* Average Power for rapl:::THERMAL_SPEC:PACKAGE0 *)
30.3668 s 152775373.3603 (* Average Power for rapl:::THERMAL_SPEC:PACKAGE1 *)
30.3668 s 152618956.3677 (* Average Power for rapl:::MINIMUM_POWER:PACKAGE0 *)
30.3668 s 152618956.3677 (* Average Power for rapl:::MINIMUM_POWER:PACKAGE1 *)
30.3668 s 152923679.8423 (* Average Power for rapl:::MAXIMUM_POWER:PACKAGE0 *)
30.3668 s 152923679.8423 (* Average Power for rapl:::MAXIMUM_POWER:PACKAGE1 *)
30.3668 s 151045517.2858 (* Average Power for rapl:::MAXIMUM_TIME_WINDOW:PACKAGE0 *)
30.3668 s 151045517.2858 (* Average Power for rapl:::MAXIMUM_TIME_WINDOW:PACKAGE1 *)
30.3668 s 1744.8574 (* Total Energy for rapl:::PACKAGE_ENERGY:PACKAGE0 *)
30.3668 s 57.4593 (* Average Power for rapl:::PACKAGE_ENERGY:PACKAGE0 *)
30.3668 s 792.9369 (* Total Energy for rapl:::PACKAGE_ENERGY:PACKAGE1 *)
30.3668 s 26.1119 (* Average Power for rapl:::PACKAGE_ENERGY:PACKAGE1 *)
30.3668 s 16.5114 (* Average Power for rapl:::DRAM_ENERGY:PACKAGE0 *)
30.3668 s 8.7094 (* Average Power for rapl:::DRAM_ENERGY:PACKAGE1 *)
30.3668 s 0.0000 (* Average Power for rapl:::PP0_ENERGY:PACKAGE0 *)
30.3668 s 0.0000 (* Average Power for rapl:::PP0_ENERGY:PACKAGE1 *)
MST weight: 2.16283e+08 (216283071)
Num trees: 281104
Tree edges: 16496112
STATTYPE,LOOP,CATEGORY,n,sum,T0,T1
STAT,(NULL),InitializeSortTime,2,7704,7704,0
STAT,(NULL),InitializeTime,2,83796,83796,0
STAT,(NULL),LoopTime,2,38062,38062,0
STAT,(NULL),MeminfoPost,2,497,244,253
STAT,(NULL),MeminfoPre,2,0,0,0
STAT,(NULL),Rounds,2,23,23,0
STAT,(NULL),Threads,2,2,2,0
STAT,(NULL),Time,2,30366,30366,0
STAT,map_reduce,LoopTime,2,269,269,0
	Command being timed: "/home/users/norris/research/easy-parallel-graph/autoperf/mst/lib/Galois-2.2.1/build/power/apps/boruvka/boruvka -t=2 /home/users/norris/research/easy-parallel-graph/experiment/datasets/rmat248_G_100i_1000000.gr"
	User time (seconds): 148.98
	System time (seconds): 31.25
	Percent of CPU this job got: 142%
	Elapsed (wall clock) time (h:mm:ss or m:ss): 2:06.27
	Average shared text size (kbytes): 0
	Average unshared data size (kbytes): 0
	Average stack size (kbytes): 0
	Average total size (kbytes): 0
	Maximum resident set size (kbytes): 12697644
	Average resident set size (kbytes): 0
	Major (requiring I/O) page faults: 0
	Minor (reclaiming a frame) page faults: 3005701
	Voluntary context switches: 792
	Involuntary context switches: 548
	Swaps: 0
	File system inputs: 0
	File system outputs: 24
	Socket messages sent: 0
	Socket messages received: 0
	Signals delivered: 0
	Page size (bytes): 4096
	Exit status: 0
Galois Benchmark Suite v2.2.1 (r0)
Copyright (C) 2014 The University of Texas at Austin
http://iss.ices.utexas.edu/galois/

application: Boruvka's Minimum Spanning Tree Algorithm
Computes the minimum spanning forest of a graph
http://iss.ices.utexas.edu/?p=projects/galois/benchmarks/mst

INFO: CommandLine /home/users/norris/research/easy-parallel-graph/autoperf/mst/lib/Galois-2.2.1/build/power/apps/boruvka/boruvka -t=2 /home/users/norris/research/easy-parallel-graph/experiment/datasets/rmat248_G_100i_1000000.gr
INFO: Hostname arya
Found rapl component at cid 2
Found: rapl:::THERMAL_SPEC_CNT:PACKAGE0
Found: rapl:::THERMAL_SPEC_CNT:PACKAGE1
Found: rapl:::MINIMUM_POWER_CNT:PACKAGE0
Found: rapl:::MINIMUM_POWER_CNT:PACKAGE1
Found: rapl:::MAXIMUM_POWER_CNT:PACKAGE0
Found: rapl:::MAXIMUM_POWER_CNT:PACKAGE1
Found: rapl:::MAXIMUM_TIME_WINDOW_CNT:PACKAGE0
Found: rapl:::MAXIMUM_TIME_WINDOW_CNT:PACKAGE1
Found: rapl:::PACKAGE_ENERGY_CNT:PACKAGE0
Found: rapl:::PACKAGE_ENERGY_CNT:PACKAGE1
Found: rapl:::DRAM_ENERGY_CNT:PACKAGE0
Found: rapl:::DRAM_ENERGY_CNT:PACKAGE1
Found: rapl:::PP0_ENERGY_CNT:PACKAGE0
Found: rapl:::PP0_ENERGY_CNT:PACKAGE1
Found: rapl:::THERMAL_SPEC:PACKAGE0
Found: rapl:::THERMAL_SPEC:PACKAGE1
Found: rapl:::MINIMUM_POWER:PACKAGE0
Found: rapl:::MINIMUM_POWER:PACKAGE1
Found: rapl:::MAXIMUM_POWER:PACKAGE0
Found: rapl:::MAXIMUM_POWER:PACKAGE1
Found: rapl:::MAXIMUM_TIME_WINDOW:PACKAGE0
Found: rapl:::MAXIMUM_TIME_WINDOW:PACKAGE1
Found: rapl:::PACKAGE_ENERGY:PACKAGE0
Found: rapl:::PACKAGE_ENERGY:PACKAGE1
Found: rapl:::DRAM_ENERGY:PACKAGE0
Found: rapl:::DRAM_ENERGY:PACKAGE1
Found: rapl:::PP0_ENERGY:PACKAGE0
Found: rapl:::PP0_ENERGY:PACKAGE1
Nodes: 16777216 edges: 538752488 heaviest edge: 99
27.2714 s 0.0000 (* Average Power for rapl:::THERMAL_SPEC_CNT:PACKAGE0 *)
27.2714 s 0.0000 (* Average Power for rapl:::THERMAL_SPEC_CNT:PACKAGE1 *)
27.2714 s 0.0000 (* Average Power for rapl:::MINIMUM_POWER_CNT:PACKAGE0 *)
27.2714 s 0.0000 (* Average Power for rapl:::MINIMUM_POWER_CNT:PACKAGE1 *)
27.2714 s 0.0000 (* Average Power for rapl:::MAXIMUM_POWER_CNT:PACKAGE0 *)
27.2714 s 0.0000 (* Average Power for rapl:::MAXIMUM_POWER_CNT:PACKAGE1 *)
27.2714 s 0.0000 (* Average Power for rapl:::MAXIMUM_TIME_WINDOW_CNT:PACKAGE0 *)
27.2714 s 0.0000 (* Average Power for rapl:::MAXIMUM_TIME_WINDOW_CNT:PACKAGE1 *)
27.2714 s 0.0009 (* Average Power for rapl:::PACKAGE_ENERGY_CNT:PACKAGE0 *)
27.2714 s 0.0004 (* Average Power for rapl:::PACKAGE_ENERGY_CNT:PACKAGE1 *)
27.2714 s 0.0011 (* Average Power for rapl:::DRAM_ENERGY_CNT:PACKAGE0 *)
27.2714 s 0.0006 (* Average Power for rapl:::DRAM_ENERGY_CNT:PACKAGE1 *)
27.2714 s 0.0000 (* Average Power for rapl:::PP0_ENERGY_CNT:PACKAGE0 *)
27.2714 s 0.0000 (* Average Power for rapl:::PP0_ENERGY_CNT:PACKAGE1 *)
27.2714 s 170116221.7911 (* Average Power for rapl:::THERMAL_SPEC:PACKAGE0 *)
27.2714 s 170116221.7911 (* Average Power for rapl:::THERMAL_SPEC:PACKAGE1 *)
27.2714 s 169942050.6061 (* Average Power for rapl:::MINIMUM_POWER:PACKAGE0 *)
27.2714 s 169942050.6061 (* Average Power for rapl:::MINIMUM_POWER:PACKAGE1 *)
27.2714 s 170281361.8776 (* Average Power for rapl:::MAXIMUM_POWER:PACKAGE0 *)
27.2714 s 170281361.8776 (* Average Power for rapl:::MAXIMUM_POWER:PACKAGE1 *)
27.2714 s 168190017.5006 (* Average Power for rapl:::MAXIMUM_TIME_WINDOW:PACKAGE0 *)
27.2714 s 168190017.5006 (* Average Power for rapl:::MAXIMUM_TIME_WINDOW:PACKAGE1 *)
27.2714 s 1567.1504 (* Total Energy for rapl:::PACKAGE_ENERGY:PACKAGE0 *)
27.2714 s 57.4650 (* Average Power for rapl:::PACKAGE_ENERGY:PACKAGE0 *)
27.2714 s 694.8146 (* Total Energy for rapl:::PACKAGE_ENERGY:PACKAGE1 *)
27.2714 s 25.4778 (* Average Power for rapl:::PACKAGE_ENERGY:PACKAGE1 *)
27.2714 s 16.6635 (* Average Power for rapl:::DRAM_ENERGY:PACKAGE0 *)
27.2714 s 8.4613 (* Average Power for rapl:::DRAM_ENERGY:PACKAGE1 *)
27.2714 s 0.0000 (* Average Power for rapl:::PP0_ENERGY:PACKAGE0 *)
27.2714 s 0.0000 (* Average Power for rapl:::PP0_ENERGY:PACKAGE1 *)
MST weight: 2.16283e+08 (216283071)
Num trees: 281104
Tree edges: 16496112
STATTYPE,LOOP,CATEGORY,n,sum,T0,T1
STAT,(NULL),InitializeSortTime,2,7655,7655,0
STAT,(NULL),InitializeTime,2,61513,61513,0
STAT,(NULL),LoopTime,2,34917,34917,0
STAT,(NULL),MeminfoPost,2,497,244,253
STAT,(NULL),MeminfoPre,2,0,0,0
STAT,(NULL),Rounds,2,23,23,0
STAT,(NULL),Threads,2,2,2,0
STAT,(NULL),Time,2,27271,27271,0
STAT,map_reduce,LoopTime,2,228,228,0
	Command being timed: "/home/users/norris/research/easy-parallel-graph/autoperf/mst/lib/Galois-2.2.1/build/power/apps/boruvka/boruvka -t=2 /home/users/norris/research/easy-parallel-graph/experiment/datasets/rmat248_G_100i_1000000.gr"
	User time (seconds): 143.08
	System time (seconds): 3.99
	Percent of CPU this job got: 146%
	Elapsed (wall clock) time (h:mm:ss or m:ss): 1:40.07
	Average shared text size (kbytes): 0
	Average unshared data size (kbytes): 0
	Average stack size (kbytes): 0
	Average total size (kbytes): 0
	Maximum resident set size (kbytes): 12699472
	Average resident set size (kbytes): 0
	Major (requiring I/O) page faults: 0
	Minor (reclaiming a frame) page faults: 95585
	Voluntary context switches: 793
	Involuntary context switches: 462
	Swaps: 0
	File system inputs: 0
	File system outputs: 24
	Socket messages sent: 0
	Socket messages received: 0
	Signals delivered: 0
	Page size (bytes): 4096
	Exit status: 0
Galois Benchmark Suite v2.2.1 (r0)
Copyright (C) 2014 The University of Texas at Austin
http://iss.ices.utexas.edu/galois/

application: Boruvka's Minimum Spanning Tree Algorithm
Computes the minimum spanning forest of a graph
http://iss.ices.utexas.edu/?p=projects/galois/benchmarks/mst

INFO: CommandLine /home/users/norris/research/easy-parallel-graph/autoperf/mst/lib/Galois-2.2.1/build/power/apps/boruvka/boruvka -t=2 /home/users/norris/research/easy-parallel-graph/experiment/datasets/rmat248_G_100i_1000000.gr
INFO: Hostname arya
Found rapl component at cid 2
Found: rapl:::THERMAL_SPEC_CNT:PACKAGE0
Found: rapl:::THERMAL_SPEC_CNT:PACKAGE1
Found: rapl:::MINIMUM_POWER_CNT:PACKAGE0
Found: rapl:::MINIMUM_POWER_CNT:PACKAGE1
Found: rapl:::MAXIMUM_POWER_CNT:PACKAGE0
Found: rapl:::MAXIMUM_POWER_CNT:PACKAGE1
Found: rapl:::MAXIMUM_TIME_WINDOW_CNT:PACKAGE0
Found: rapl:::MAXIMUM_TIME_WINDOW_CNT:PACKAGE1
Found: rapl:::PACKAGE_ENERGY_CNT:PACKAGE0
Found: rapl:::PACKAGE_ENERGY_CNT:PACKAGE1
Found: rapl:::DRAM_ENERGY_CNT:PACKAGE0
Found: rapl:::DRAM_ENERGY_CNT:PACKAGE1
Found: rapl:::PP0_ENERGY_CNT:PACKAGE0
Found: rapl:::PP0_ENERGY_CNT:PACKAGE1
Found: rapl:::THERMAL_SPEC:PACKAGE0
Found: rapl:::THERMAL_SPEC:PACKAGE1
Found: rapl:::MINIMUM_POWER:PACKAGE0
Found: rapl:::MINIMUM_POWER:PACKAGE1
Found: rapl:::MAXIMUM_POWER:PACKAGE0
Found: rapl:::MAXIMUM_POWER:PACKAGE1
Found: rapl:::MAXIMUM_TIME_WINDOW:PACKAGE0
Found: rapl:::MAXIMUM_TIME_WINDOW:PACKAGE1
Found: rapl:::PACKAGE_ENERGY:PACKAGE0
Found: rapl:::PACKAGE_ENERGY:PACKAGE1
Found: rapl:::DRAM_ENERGY:PACKAGE0
Found: rapl:::DRAM_ENERGY:PACKAGE1
Found: rapl:::PP0_ENERGY:PACKAGE0
Found: rapl:::PP0_ENERGY:PACKAGE1
Nodes: 16777216 edges: 538752488 heaviest edge: 99
28.3654 s 0.0000 (* Average Power for rapl:::THERMAL_SPEC_CNT:PACKAGE0 *)
28.3654 s 0.0000 (* Average Power for rapl:::THERMAL_SPEC_CNT:PACKAGE1 *)
28.3654 s 0.0000 (* Average Power for rapl:::MINIMUM_POWER_CNT:PACKAGE0 *)
28.3654 s 0.0000 (* Average Power for rapl:::MINIMUM_POWER_CNT:PACKAGE1 *)
28.3654 s 0.0000 (* Average Power for rapl:::MAXIMUM_POWER_CNT:PACKAGE0 *)
28.3654 s 0.0000 (* Average Power for rapl:::MAXIMUM_POWER_CNT:PACKAGE1 *)
28.3654 s 0.0000 (* Average Power for rapl:::MAXIMUM_TIME_WINDOW_CNT:PACKAGE0 *)
28.3654 s 0.0000 (* Average Power for rapl:::MAXIMUM_TIME_WINDOW_CNT:PACKAGE1 *)
28.3654 s 0.0009 (* Average Power for rapl:::PACKAGE_ENERGY_CNT:PACKAGE0 *)
28.3654 s 0.0004 (* Average Power for rapl:::PACKAGE_ENERGY_CNT:PACKAGE1 *)
28.3654 s 0.0011 (* Average Power for rapl:::DRAM_ENERGY_CNT:PACKAGE0 *)
28.3654 s 0.0006 (* Average Power for rapl:::DRAM_ENERGY_CNT:PACKAGE1 *)
28.3654 s 0.0000 (* Average Power for rapl:::PP0_ENERGY_CNT:PACKAGE0 *)
28.3654 s 0.0000 (* Average Power for rapl:::PP0_ENERGY_CNT:PACKAGE1 *)
28.3654 s 163555231.8248 (* Average Power for rapl:::THERMAL_SPEC:PACKAGE0 *)
28.3654 s 163555231.8248 (* Average Power for rapl:::THERMAL_SPEC:PACKAGE1 *)
28.3654 s 163387778.0203 (* Average Power for rapl:::MINIMUM_POWER:PACKAGE0 *)
28.3654 s 163387778.0203 (* Average Power for rapl:::MINIMUM_POWER:PACKAGE1 *)
28.3654 s 163714002.8394 (* Average Power for rapl:::MAXIMUM_POWER:PACKAGE0 *)
28.3654 s 163714002.8394 (* Average Power for rapl:::MAXIMUM_POWER:PACKAGE1 *)
28.3654 s 161703316.7872 (* Average Power for rapl:::MAXIMUM_TIME_WINDOW:PACKAGE0 *)
28.3654 s 161703316.7872 (* Average Power for rapl:::MAXIMUM_TIME_WINDOW:PACKAGE1 *)
28.3654 s 1627.8666 (* Total Energy for rapl:::PACKAGE_ENERGY:PACKAGE0 *)
28.3654 s 57.3892 (* Average Power for rapl:::PACKAGE_ENERGY:PACKAGE0 *)
28.3654 s 750.5211 (* Total Energy for rapl:::PACKAGE_ENERGY:PACKAGE1 *)
28.3654 s 26.4591 (* Average Power for rapl:::PACKAGE_ENERGY:PACKAGE1 *)
28.3654 s 16.6492 (* Average Power for rapl:::DRAM_ENERGY:PACKAGE0 *)
28.3654 s 8.9358 (* Average Power for rapl:::DRAM_ENERGY:PACKAGE1 *)
28.3654 s 0.0000 (* Average Power for rapl:::PP0_ENERGY:PACKAGE0 *)
28.3654 s 0.0000 (* Average Power for rapl:::PP0_ENERGY:PACKAGE1 *)
MST weight: 2.16283e+08 (216283071)
Num trees: 281104
Tree edges: 16496112
STATTYPE,LOOP,CATEGORY,n,sum,T0,T1
STAT,(NULL),InitializeSortTime,2,7651,7651,0
STAT,(NULL),InitializeTime,2,64521,64521,0
STAT,(NULL),LoopTime,2,36009,36009,0
STAT,(NULL),MeminfoPost,2,496,244,252
STAT,(NULL),MeminfoPre,2,0,0,0
STAT,(NULL),Rounds,2,24,24,0
STAT,(NULL),Threads,2,2,2,0
STAT,(NULL),Time,2,28365,28365,0
STAT,map_reduce,LoopTime,2,232,232,0
	Command being timed: "/home/users/norris/research/easy-parallel-graph/autoperf/mst/lib/Galois-2.2.1/build/power/apps/boruvka/boruvka -t=2 /home/users/norris/research/easy-parallel-graph/experiment/datasets/rmat248_G_100i_1000000.gr"
	User time (seconds): 148.72
	System time (seconds): 3.92
	Percent of CPU this job got: 146%
	Elapsed (wall clock) time (h:mm:ss or m:ss): 1:44.39
	Average shared text size (kbytes): 0
	Average unshared data size (kbytes): 0
	Average stack size (kbytes): 0
	Average total size (kbytes): 0
	Maximum resident set size (kbytes): 12699464
	Average resident set size (kbytes): 0
	Major (requiring I/O) page faults: 0
	Minor (reclaiming a frame) page faults: 112973
	Voluntary context switches: 772
	Involuntary context switches: 473
	Swaps: 0
	File system inputs: 0
	File system outputs: 16
	Socket messages sent: 0
	Socket messages received: 0
	Signals delivered: 0
	Page size (bytes): 4096
	Exit status: 0
