Galois Benchmark Suite v2.2.1 (r0)
Copyright (C) 2014 The University of Texas at Austin
http://iss.ices.utexas.edu/galois/

application: Boruvka's Minimum Spanning Tree Algorithm
Computes the minimum spanning forest of a graph
http://iss.ices.utexas.edu/?p=projects/galois/benchmarks/mst

INFO: CommandLine /home/users/norris/research/easy-parallel-graph/autoperf/mst/lib/Galois-2.2.1/build/power/apps/boruvka/boruvka -t=8 /home/users/norris/research/easy-parallel-graph/experiment/datasets/rmat248_ER_100i_1000000.gr
INFO: Hostname arya
Found rapl component at cid 2
Found: rapl:::THERMAL_SPEC_CNT:PACKAGE0
Found: rapl:::THERMAL_SPEC_CNT:PACKAGE1
Found: rapl:::MINIMUM_POWER_CNT:PACKAGE0
Found: rapl:::MINIMUM_POWER_CNT:PACKAGE1
Found: rapl:::MAXIMUM_POWER_CNT:PACKAGE0
Found: rapl:::MAXIMUM_POWER_CNT:PACKAGE1
Found: rapl:::MAXIMUM_TIME_WINDOW_CNT:PACKAGE0
Found: rapl:::MAXIMUM_TIME_WINDOW_CNT:PACKAGE1
Found: rapl:::PACKAGE_ENERGY_CNT:PACKAGE0
Found: rapl:::PACKAGE_ENERGY_CNT:PACKAGE1
Found: rapl:::DRAM_ENERGY_CNT:PACKAGE0
Found: rapl:::DRAM_ENERGY_CNT:PACKAGE1
Found: rapl:::PP0_ENERGY_CNT:PACKAGE0
Found: rapl:::PP0_ENERGY_CNT:PACKAGE1
Found: rapl:::THERMAL_SPEC:PACKAGE0
Found: rapl:::THERMAL_SPEC:PACKAGE1
Found: rapl:::MINIMUM_POWER:PACKAGE0
Found: rapl:::MINIMUM_POWER:PACKAGE1
Found: rapl:::MAXIMUM_POWER:PACKAGE0
Found: rapl:::MAXIMUM_POWER:PACKAGE1
Found: rapl:::MAXIMUM_TIME_WINDOW:PACKAGE0
Found: rapl:::MAXIMUM_TIME_WINDOW:PACKAGE1
Found: rapl:::PACKAGE_ENERGY:PACKAGE0
Found: rapl:::PACKAGE_ENERGY:PACKAGE1
Found: rapl:::DRAM_ENERGY:PACKAGE0
Found: rapl:::DRAM_ENERGY:PACKAGE1
Found: rapl:::PP0_ENERGY:PACKAGE0
Found: rapl:::PP0_ENERGY:PACKAGE1
Nodes: 16777214 edges: 19471772 heaviest edge: 99
0.9628 s 0.0000 (* Average Power for rapl:::THERMAL_SPEC_CNT:PACKAGE0 *)
0.9628 s 0.0000 (* Average Power for rapl:::THERMAL_SPEC_CNT:PACKAGE1 *)
0.9628 s 0.0000 (* Average Power for rapl:::MINIMUM_POWER_CNT:PACKAGE0 *)
0.9628 s 0.0000 (* Average Power for rapl:::MINIMUM_POWER_CNT:PACKAGE1 *)
0.9628 s 0.0000 (* Average Power for rapl:::MAXIMUM_POWER_CNT:PACKAGE0 *)
0.9628 s 0.0000 (* Average Power for rapl:::MAXIMUM_POWER_CNT:PACKAGE1 *)
0.9628 s 0.0000 (* Average Power for rapl:::MAXIMUM_TIME_WINDOW_CNT:PACKAGE0 *)
0.9628 s 0.0000 (* Average Power for rapl:::MAXIMUM_TIME_WINDOW_CNT:PACKAGE1 *)
0.9628 s 0.0015 (* Average Power for rapl:::PACKAGE_ENERGY_CNT:PACKAGE0 *)
0.9628 s 0.0010 (* Average Power for rapl:::PACKAGE_ENERGY_CNT:PACKAGE1 *)
0.9628 s 0.0012 (* Average Power for rapl:::DRAM_ENERGY_CNT:PACKAGE0 *)
0.9628 s 0.0009 (* Average Power for rapl:::DRAM_ENERGY_CNT:PACKAGE1 *)
0.9628 s 0.0000 (* Average Power for rapl:::PP0_ENERGY_CNT:PACKAGE0 *)
0.9628 s 0.0000 (* Average Power for rapl:::PP0_ENERGY_CNT:PACKAGE1 *)
0.9628 s 4818542727.4740 (* Average Power for rapl:::THERMAL_SPEC:PACKAGE0 *)
0.9628 s 4818542727.4740 (* Average Power for rapl:::THERMAL_SPEC:PACKAGE1 *)
0.9628 s 4813609327.8956 (* Average Power for rapl:::MINIMUM_POWER:PACKAGE0 *)
0.9628 s 4813609327.8956 (* Average Power for rapl:::MINIMUM_POWER:PACKAGE1 *)
0.9628 s 4823220321.1484 (* Average Power for rapl:::MAXIMUM_POWER:PACKAGE0 *)
0.9628 s 4823220321.1484 (* Average Power for rapl:::MAXIMUM_POWER:PACKAGE1 *)
0.9628 s 4763982982.5070 (* Average Power for rapl:::MAXIMUM_TIME_WINDOW:PACKAGE0 *)
0.9628 s 4763982982.5070 (* Average Power for rapl:::MAXIMUM_TIME_WINDOW:PACKAGE1 *)
0.9628 s 88.6238 (* Total Energy for rapl:::PACKAGE_ENERGY:PACKAGE0 *)
0.9628 s 92.0478 (* Average Power for rapl:::PACKAGE_ENERGY:PACKAGE0 *)
0.9628 s 58.3512 (* Total Energy for rapl:::PACKAGE_ENERGY:PACKAGE1 *)
0.9628 s 60.6056 (* Average Power for rapl:::PACKAGE_ENERGY:PACKAGE1 *)
0.9628 s 17.7748 (* Average Power for rapl:::DRAM_ENERGY:PACKAGE0 *)
0.9628 s 14.3591 (* Average Power for rapl:::DRAM_ENERGY:PACKAGE1 *)
0.9628 s 0.0000 (* Average Power for rapl:::PP0_ENERGY:PACKAGE0 *)
0.9628 s 0.0000 (* Average Power for rapl:::PP0_ENERGY:PACKAGE1 *)
MST weight: 2.35538e+08 (235538104)
Num trees: 11789377
Tree edges: 4987837
STATTYPE,LOOP,CATEGORY,n,sum,T0,T1,T2,T3,T4,T5,T6,T7
STAT,(NULL),InitializeSortTime,8,259,259,0,0,0,0,0,0,0
STAT,(NULL),InitializeTime,8,2213,2213,0,0,0,0,0,0,0
STAT,(NULL),LoopTime,8,1217,1217,0,0,0,0,0,0,0
STAT,(NULL),MeminfoPost,8,168,9,21,23,23,23,23,23,23
STAT,(NULL),MeminfoPre,8,0,0,0,0,0,0,0,0,0
STAT,(NULL),Rounds,8,25,25,0,0,0,0,0,0,0
STAT,(NULL),Threads,8,8,8,0,0,0,0,0,0,0
STAT,(NULL),Time,8,962,962,0,0,0,0,0,0,0
STAT,map_reduce,LoopTime,8,31,31,0,0,0,0,0,0,0
	Command being timed: "/home/users/norris/research/easy-parallel-graph/autoperf/mst/lib/Galois-2.2.1/build/power/apps/boruvka/boruvka -t=8 /home/users/norris/research/easy-parallel-graph/experiment/datasets/rmat248_ER_100i_1000000.gr"
	User time (seconds): 14.12
	System time (seconds): 0.74
	Percent of CPU this job got: 370%
	Elapsed (wall clock) time (h:mm:ss or m:ss): 0:04.01
	Average shared text size (kbytes): 0
	Average unshared data size (kbytes): 0
	Average stack size (kbytes): 0
	Average total size (kbytes): 0
	Maximum resident set size (kbytes): 2567976
	Average resident set size (kbytes): 0
	Major (requiring I/O) page faults: 0
	Minor (reclaiming a frame) page faults: 35576
	Voluntary context switches: 1160
	Involuntary context switches: 198
	Swaps: 0
	File system inputs: 0
	File system outputs: 16
	Socket messages sent: 0
	Socket messages received: 0
	Signals delivered: 0
	Page size (bytes): 4096
	Exit status: 0
Galois Benchmark Suite v2.2.1 (r0)
Copyright (C) 2014 The University of Texas at Austin
http://iss.ices.utexas.edu/galois/

application: Boruvka's Minimum Spanning Tree Algorithm
Computes the minimum spanning forest of a graph
http://iss.ices.utexas.edu/?p=projects/galois/benchmarks/mst

INFO: CommandLine /home/users/norris/research/easy-parallel-graph/autoperf/mst/lib/Galois-2.2.1/build/power/apps/boruvka/boruvka -t=8 /home/users/norris/research/easy-parallel-graph/experiment/datasets/rmat248_ER_100i_1000000.gr
INFO: Hostname arya
Found rapl component at cid 2
Found: rapl:::THERMAL_SPEC_CNT:PACKAGE0
Found: rapl:::THERMAL_SPEC_CNT:PACKAGE1
Found: rapl:::MINIMUM_POWER_CNT:PACKAGE0
Found: rapl:::MINIMUM_POWER_CNT:PACKAGE1
Found: rapl:::MAXIMUM_POWER_CNT:PACKAGE0
Found: rapl:::MAXIMUM_POWER_CNT:PACKAGE1
Found: rapl:::MAXIMUM_TIME_WINDOW_CNT:PACKAGE0
Found: rapl:::MAXIMUM_TIME_WINDOW_CNT:PACKAGE1
Found: rapl:::PACKAGE_ENERGY_CNT:PACKAGE0
Found: rapl:::PACKAGE_ENERGY_CNT:PACKAGE1
Found: rapl:::DRAM_ENERGY_CNT:PACKAGE0
Found: rapl:::DRAM_ENERGY_CNT:PACKAGE1
Found: rapl:::PP0_ENERGY_CNT:PACKAGE0
Found: rapl:::PP0_ENERGY_CNT:PACKAGE1
Found: rapl:::THERMAL_SPEC:PACKAGE0
Found: rapl:::THERMAL_SPEC:PACKAGE1
Found: rapl:::MINIMUM_POWER:PACKAGE0
Found: rapl:::MINIMUM_POWER:PACKAGE1
Found: rapl:::MAXIMUM_POWER:PACKAGE0
Found: rapl:::MAXIMUM_POWER:PACKAGE1
Found: rapl:::MAXIMUM_TIME_WINDOW:PACKAGE0
Found: rapl:::MAXIMUM_TIME_WINDOW:PACKAGE1
Found: rapl:::PACKAGE_ENERGY:PACKAGE0
Found: rapl:::PACKAGE_ENERGY:PACKAGE1
Found: rapl:::DRAM_ENERGY:PACKAGE0
Found: rapl:::DRAM_ENERGY:PACKAGE1
Found: rapl:::PP0_ENERGY:PACKAGE0
Found: rapl:::PP0_ENERGY:PACKAGE1
Nodes: 16777214 edges: 19471772 heaviest edge: 99
0.9692 s 0.0000 (* Average Power for rapl:::THERMAL_SPEC_CNT:PACKAGE0 *)
0.9692 s 0.0000 (* Average Power for rapl:::THERMAL_SPEC_CNT:PACKAGE1 *)
0.9692 s 0.0000 (* Average Power for rapl:::MINIMUM_POWER_CNT:PACKAGE0 *)
0.9692 s 0.0000 (* Average Power for rapl:::MINIMUM_POWER_CNT:PACKAGE1 *)
0.9692 s 0.0000 (* Average Power for rapl:::MAXIMUM_POWER_CNT:PACKAGE0 *)
0.9692 s 0.0000 (* Average Power for rapl:::MAXIMUM_POWER_CNT:PACKAGE1 *)
0.9692 s 0.0000 (* Average Power for rapl:::MAXIMUM_TIME_WINDOW_CNT:PACKAGE0 *)
0.9692 s 0.0000 (* Average Power for rapl:::MAXIMUM_TIME_WINDOW_CNT:PACKAGE1 *)
0.9692 s 0.0015 (* Average Power for rapl:::PACKAGE_ENERGY_CNT:PACKAGE0 *)
0.9692 s 0.0012 (* Average Power for rapl:::PACKAGE_ENERGY_CNT:PACKAGE1 *)
0.9692 s 0.0012 (* Average Power for rapl:::DRAM_ENERGY_CNT:PACKAGE0 *)
0.9692 s 0.0010 (* Average Power for rapl:::DRAM_ENERGY_CNT:PACKAGE1 *)
0.9692 s 0.0000 (* Average Power for rapl:::PP0_ENERGY_CNT:PACKAGE0 *)
0.9692 s 0.0000 (* Average Power for rapl:::PP0_ENERGY_CNT:PACKAGE1 *)
0.9692 s 4786668189.1895 (* Average Power for rapl:::THERMAL_SPEC:PACKAGE0 *)
0.9692 s 4786668189.1895 (* Average Power for rapl:::THERMAL_SPEC:PACKAGE1 *)
0.9692 s 4781767423.9246 (* Average Power for rapl:::MINIMUM_POWER:PACKAGE0 *)
0.9692 s 4781767423.9246 (* Average Power for rapl:::MINIMUM_POWER:PACKAGE1 *)
0.9692 s 4791314840.7000 (* Average Power for rapl:::MAXIMUM_POWER:PACKAGE0 *)
0.9692 s 4791314840.7000 (* Average Power for rapl:::MAXIMUM_POWER:PACKAGE1 *)
0.9692 s 4732469355.5557 (* Average Power for rapl:::MAXIMUM_TIME_WINDOW:PACKAGE0 *)
0.9692 s 4732469355.5557 (* Average Power for rapl:::MAXIMUM_TIME_WINDOW:PACKAGE1 *)
0.9692 s 89.2568 (* Total Energy for rapl:::PACKAGE_ENERGY:PACKAGE0 *)
0.9692 s 92.0919 (* Average Power for rapl:::PACKAGE_ENERGY:PACKAGE0 *)
0.9692 s 69.8854 (* Total Energy for rapl:::PACKAGE_ENERGY:PACKAGE1 *)
0.9692 s 72.1053 (* Average Power for rapl:::PACKAGE_ENERGY:PACKAGE1 *)
0.9692 s 17.8068 (* Average Power for rapl:::DRAM_ENERGY:PACKAGE0 *)
0.9692 s 14.4984 (* Average Power for rapl:::DRAM_ENERGY:PACKAGE1 *)
0.9692 s 0.0000 (* Average Power for rapl:::PP0_ENERGY:PACKAGE0 *)
0.9692 s 0.0000 (* Average Power for rapl:::PP0_ENERGY:PACKAGE1 *)
MST weight: 2.35538e+08 (235538104)
Num trees: 11789377
Tree edges: 4987837
STATTYPE,LOOP,CATEGORY,n,sum,T0,T1,T2,T3,T4,T5,T6,T7
STAT,(NULL),InitializeSortTime,8,259,259,0,0,0,0,0,0,0
STAT,(NULL),InitializeTime,8,2233,2233,0,0,0,0,0,0,0
STAT,(NULL),LoopTime,8,1220,1220,0,0,0,0,0,0,0
STAT,(NULL),MeminfoPost,8,168,9,21,23,23,23,23,23,23
STAT,(NULL),MeminfoPre,8,0,0,0,0,0,0,0,0,0
STAT,(NULL),Rounds,8,25,25,0,0,0,0,0,0,0
STAT,(NULL),Threads,8,8,8,0,0,0,0,0,0,0
STAT,(NULL),Time,8,969,969,0,0,0,0,0,0,0
STAT,map_reduce,LoopTime,8,30,30,0,0,0,0,0,0,0
	Command being timed: "/home/users/norris/research/easy-parallel-graph/autoperf/mst/lib/Galois-2.2.1/build/power/apps/boruvka/boruvka -t=8 /home/users/norris/research/easy-parallel-graph/experiment/datasets/rmat248_ER_100i_1000000.gr"
	User time (seconds): 14.18
	System time (seconds): 0.68
	Percent of CPU this job got: 368%
	Elapsed (wall clock) time (h:mm:ss or m:ss): 0:04.03
	Average shared text size (kbytes): 0
	Average unshared data size (kbytes): 0
	Average stack size (kbytes): 0
	Average total size (kbytes): 0
	Maximum resident set size (kbytes): 2558824
	Average resident set size (kbytes): 0
	Major (requiring I/O) page faults: 0
	Minor (reclaiming a frame) page faults: 35091
	Voluntary context switches: 1119
	Involuntary context switches: 192
	Swaps: 0
	File system inputs: 0
	File system outputs: 8
	Socket messages sent: 0
	Socket messages received: 0
	Signals delivered: 0
	Page size (bytes): 4096
	Exit status: 0
Galois Benchmark Suite v2.2.1 (r0)
Copyright (C) 2014 The University of Texas at Austin
http://iss.ices.utexas.edu/galois/

application: Boruvka's Minimum Spanning Tree Algorithm
Computes the minimum spanning forest of a graph
http://iss.ices.utexas.edu/?p=projects/galois/benchmarks/mst

INFO: CommandLine /home/users/norris/research/easy-parallel-graph/autoperf/mst/lib/Galois-2.2.1/build/power/apps/boruvka/boruvka -t=8 /home/users/norris/research/easy-parallel-graph/experiment/datasets/rmat248_ER_100i_1000000.gr
INFO: Hostname arya
Found rapl component at cid 2
Found: rapl:::THERMAL_SPEC_CNT:PACKAGE0
Found: rapl:::THERMAL_SPEC_CNT:PACKAGE1
Found: rapl:::MINIMUM_POWER_CNT:PACKAGE0
Found: rapl:::MINIMUM_POWER_CNT:PACKAGE1
Found: rapl:::MAXIMUM_POWER_CNT:PACKAGE0
Found: rapl:::MAXIMUM_POWER_CNT:PACKAGE1
Found: rapl:::MAXIMUM_TIME_WINDOW_CNT:PACKAGE0
Found: rapl:::MAXIMUM_TIME_WINDOW_CNT:PACKAGE1
Found: rapl:::PACKAGE_ENERGY_CNT:PACKAGE0
Found: rapl:::PACKAGE_ENERGY_CNT:PACKAGE1
Found: rapl:::DRAM_ENERGY_CNT:PACKAGE0
Found: rapl:::DRAM_ENERGY_CNT:PACKAGE1
Found: rapl:::PP0_ENERGY_CNT:PACKAGE0
Found: rapl:::PP0_ENERGY_CNT:PACKAGE1
Found: rapl:::THERMAL_SPEC:PACKAGE0
Found: rapl:::THERMAL_SPEC:PACKAGE1
Found: rapl:::MINIMUM_POWER:PACKAGE0
Found: rapl:::MINIMUM_POWER:PACKAGE1
Found: rapl:::MAXIMUM_POWER:PACKAGE0
Found: rapl:::MAXIMUM_POWER:PACKAGE1
Found: rapl:::MAXIMUM_TIME_WINDOW:PACKAGE0
Found: rapl:::MAXIMUM_TIME_WINDOW:PACKAGE1
Found: rapl:::PACKAGE_ENERGY:PACKAGE0
Found: rapl:::PACKAGE_ENERGY:PACKAGE1
Found: rapl:::DRAM_ENERGY:PACKAGE0
Found: rapl:::DRAM_ENERGY:PACKAGE1
Found: rapl:::PP0_ENERGY:PACKAGE0
Found: rapl:::PP0_ENERGY:PACKAGE1
Nodes: 16777214 edges: 19471772 heaviest edge: 99
0.9557 s 0.0000 (* Average Power for rapl:::THERMAL_SPEC_CNT:PACKAGE0 *)
0.9557 s 0.0000 (* Average Power for rapl:::THERMAL_SPEC_CNT:PACKAGE1 *)
0.9557 s 0.0000 (* Average Power for rapl:::MINIMUM_POWER_CNT:PACKAGE0 *)
0.9557 s 0.0000 (* Average Power for rapl:::MINIMUM_POWER_CNT:PACKAGE1 *)
0.9557 s 0.0000 (* Average Power for rapl:::MAXIMUM_POWER_CNT:PACKAGE0 *)
0.9557 s 0.0000 (* Average Power for rapl:::MAXIMUM_POWER_CNT:PACKAGE1 *)
0.9557 s 0.0000 (* Average Power for rapl:::MAXIMUM_TIME_WINDOW_CNT:PACKAGE0 *)
0.9557 s 0.0000 (* Average Power for rapl:::MAXIMUM_TIME_WINDOW_CNT:PACKAGE1 *)
0.9557 s 0.0015 (* Average Power for rapl:::PACKAGE_ENERGY_CNT:PACKAGE0 *)
0.9557 s 0.0012 (* Average Power for rapl:::PACKAGE_ENERGY_CNT:PACKAGE1 *)
0.9557 s 0.0012 (* Average Power for rapl:::DRAM_ENERGY_CNT:PACKAGE0 *)
0.9557 s 0.0010 (* Average Power for rapl:::DRAM_ENERGY_CNT:PACKAGE1 *)
0.9557 s 0.0000 (* Average Power for rapl:::PP0_ENERGY_CNT:PACKAGE0 *)
0.9557 s 0.0000 (* Average Power for rapl:::PP0_ENERGY_CNT:PACKAGE1 *)
0.9557 s 4854365684.3047 (* Average Power for rapl:::THERMAL_SPEC:PACKAGE0 *)
0.9557 s 4854365684.3047 (* Average Power for rapl:::THERMAL_SPEC:PACKAGE1 *)
0.9557 s 4849395607.8781 (* Average Power for rapl:::MINIMUM_POWER:PACKAGE0 *)
0.9557 s 4849395607.8781 (* Average Power for rapl:::MINIMUM_POWER:PACKAGE1 *)
0.9557 s 4859078053.0647 (* Average Power for rapl:::MAXIMUM_POWER:PACKAGE0 *)
0.9557 s 4859078053.0647 (* Average Power for rapl:::MAXIMUM_POWER:PACKAGE1 *)
0.9557 s 4799400320.5647 (* Average Power for rapl:::MAXIMUM_TIME_WINDOW:PACKAGE0 *)
0.9557 s 4799400320.5647 (* Average Power for rapl:::MAXIMUM_TIME_WINDOW:PACKAGE1 *)
0.9557 s 86.1661 (* Total Energy for rapl:::PACKAGE_ENERGY:PACKAGE0 *)
0.9557 s 90.1605 (* Average Power for rapl:::PACKAGE_ENERGY:PACKAGE0 *)
0.9557 s 69.6874 (* Total Energy for rapl:::PACKAGE_ENERGY:PACKAGE1 *)
0.9557 s 72.9179 (* Average Power for rapl:::PACKAGE_ENERGY:PACKAGE1 *)
0.9557 s 17.8049 (* Average Power for rapl:::DRAM_ENERGY:PACKAGE0 *)
0.9557 s 14.5028 (* Average Power for rapl:::DRAM_ENERGY:PACKAGE1 *)
0.9557 s 0.0000 (* Average Power for rapl:::PP0_ENERGY:PACKAGE0 *)
0.9557 s 0.0000 (* Average Power for rapl:::PP0_ENERGY:PACKAGE1 *)
MST weight: 2.35538e+08 (235538104)
Num trees: 11789377
Tree edges: 4987837
STATTYPE,LOOP,CATEGORY,n,sum,T0,T1,T2,T3,T4,T5,T6,T7
STAT,(NULL),InitializeSortTime,8,260,260,0,0,0,0,0,0,0
STAT,(NULL),InitializeTime,8,2235,2235,0,0,0,0,0,0,0
STAT,(NULL),LoopTime,8,1211,1211,0,0,0,0,0,0,0
STAT,(NULL),MeminfoPost,8,168,9,21,23,23,23,23,23,23
STAT,(NULL),MeminfoPre,8,0,0,0,0,0,0,0,0,0
STAT,(NULL),Rounds,8,25,25,0,0,0,0,0,0,0
STAT,(NULL),Threads,8,8,8,0,0,0,0,0,0,0
STAT,(NULL),Time,8,955,955,0,0,0,0,0,0,0
STAT,map_reduce,LoopTime,8,31,31,0,0,0,0,0,0,0
	Command being timed: "/home/users/norris/research/easy-parallel-graph/autoperf/mst/lib/Galois-2.2.1/build/power/apps/boruvka/boruvka -t=8 /home/users/norris/research/easy-parallel-graph/experiment/datasets/rmat248_ER_100i_1000000.gr"
	User time (seconds): 14.10
	System time (seconds): 0.76
	Percent of CPU this job got: 369%
	Elapsed (wall clock) time (h:mm:ss or m:ss): 0:04.02
	Average shared text size (kbytes): 0
	Average unshared data size (kbytes): 0
	Average stack size (kbytes): 0
	Average total size (kbytes): 0
	Maximum resident set size (kbytes): 2559836
	Average resident set size (kbytes): 0
	Major (requiring I/O) page faults: 0
	Minor (reclaiming a frame) page faults: 52566
	Voluntary context switches: 1132
	Involuntary context switches: 194
	Swaps: 0
	File system inputs: 0
	File system outputs: 8
	Socket messages sent: 0
	Socket messages received: 0
	Signals delivered: 0
	Page size (bytes): 4096
	Exit status: 0
Galois Benchmark Suite v2.2.1 (r0)
Copyright (C) 2014 The University of Texas at Austin
http://iss.ices.utexas.edu/galois/

application: Boruvka's Minimum Spanning Tree Algorithm
Computes the minimum spanning forest of a graph
http://iss.ices.utexas.edu/?p=projects/galois/benchmarks/mst

INFO: CommandLine /home/users/norris/research/easy-parallel-graph/autoperf/mst/lib/Galois-2.2.1/build/power/apps/boruvka/boruvka -t=8 /home/users/norris/research/easy-parallel-graph/experiment/datasets/rmat248_ER_100i_1000000.gr
INFO: Hostname arya
Found rapl component at cid 2
Found: rapl:::THERMAL_SPEC_CNT:PACKAGE0
Found: rapl:::THERMAL_SPEC_CNT:PACKAGE1
Found: rapl:::MINIMUM_POWER_CNT:PACKAGE0
Found: rapl:::MINIMUM_POWER_CNT:PACKAGE1
Found: rapl:::MAXIMUM_POWER_CNT:PACKAGE0
Found: rapl:::MAXIMUM_POWER_CNT:PACKAGE1
Found: rapl:::MAXIMUM_TIME_WINDOW_CNT:PACKAGE0
Found: rapl:::MAXIMUM_TIME_WINDOW_CNT:PACKAGE1
Found: rapl:::PACKAGE_ENERGY_CNT:PACKAGE0
Found: rapl:::PACKAGE_ENERGY_CNT:PACKAGE1
Found: rapl:::DRAM_ENERGY_CNT:PACKAGE0
Found: rapl:::DRAM_ENERGY_CNT:PACKAGE1
Found: rapl:::PP0_ENERGY_CNT:PACKAGE0
Found: rapl:::PP0_ENERGY_CNT:PACKAGE1
Found: rapl:::THERMAL_SPEC:PACKAGE0
Found: rapl:::THERMAL_SPEC:PACKAGE1
Found: rapl:::MINIMUM_POWER:PACKAGE0
Found: rapl:::MINIMUM_POWER:PACKAGE1
Found: rapl:::MAXIMUM_POWER:PACKAGE0
Found: rapl:::MAXIMUM_POWER:PACKAGE1
Found: rapl:::MAXIMUM_TIME_WINDOW:PACKAGE0
Found: rapl:::MAXIMUM_TIME_WINDOW:PACKAGE1
Found: rapl:::PACKAGE_ENERGY:PACKAGE0
Found: rapl:::PACKAGE_ENERGY:PACKAGE1
Found: rapl:::DRAM_ENERGY:PACKAGE0
Found: rapl:::DRAM_ENERGY:PACKAGE1
Found: rapl:::PP0_ENERGY:PACKAGE0
Found: rapl:::PP0_ENERGY:PACKAGE1
Nodes: 16777214 edges: 19471772 heaviest edge: 99
0.9606 s 0.0000 (* Average Power for rapl:::THERMAL_SPEC_CNT:PACKAGE0 *)
0.9606 s 0.0000 (* Average Power for rapl:::THERMAL_SPEC_CNT:PACKAGE1 *)
0.9606 s 0.0000 (* Average Power for rapl:::MINIMUM_POWER_CNT:PACKAGE0 *)
0.9606 s 0.0000 (* Average Power for rapl:::MINIMUM_POWER_CNT:PACKAGE1 *)
0.9606 s 0.0000 (* Average Power for rapl:::MAXIMUM_POWER_CNT:PACKAGE0 *)
0.9606 s 0.0000 (* Average Power for rapl:::MAXIMUM_POWER_CNT:PACKAGE1 *)
0.9606 s 0.0000 (* Average Power for rapl:::MAXIMUM_TIME_WINDOW_CNT:PACKAGE0 *)
0.9606 s 0.0000 (* Average Power for rapl:::MAXIMUM_TIME_WINDOW_CNT:PACKAGE1 *)
0.9606 s 0.0015 (* Average Power for rapl:::PACKAGE_ENERGY_CNT:PACKAGE0 *)
0.9606 s 0.0012 (* Average Power for rapl:::PACKAGE_ENERGY_CNT:PACKAGE1 *)
0.9606 s 0.0012 (* Average Power for rapl:::DRAM_ENERGY_CNT:PACKAGE0 *)
0.9606 s 0.0009 (* Average Power for rapl:::DRAM_ENERGY_CNT:PACKAGE1 *)
0.9606 s 0.0000 (* Average Power for rapl:::PP0_ENERGY_CNT:PACKAGE0 *)
0.9606 s 0.0000 (* Average Power for rapl:::PP0_ENERGY_CNT:PACKAGE1 *)
0.9606 s 4829779020.8230 (* Average Power for rapl:::THERMAL_SPEC:PACKAGE0 *)
0.9606 s 4829779020.8230 (* Average Power for rapl:::THERMAL_SPEC:PACKAGE1 *)
0.9606 s 4824834117.1181 (* Average Power for rapl:::MINIMUM_POWER:PACKAGE0 *)
0.9606 s 4824834117.1181 (* Average Power for rapl:::MINIMUM_POWER:PACKAGE1 *)
0.9606 s 4834467522.1135 (* Average Power for rapl:::MAXIMUM_POWER:PACKAGE0 *)
0.9606 s 4834467522.1135 (* Average Power for rapl:::MAXIMUM_POWER:PACKAGE1 *)
0.9606 s 4775092048.7389 (* Average Power for rapl:::MAXIMUM_TIME_WINDOW:PACKAGE0 *)
0.9606 s 4775092048.7389 (* Average Power for rapl:::MAXIMUM_TIME_WINDOW:PACKAGE1 *)
0.9606 s 88.5260 (* Total Energy for rapl:::PACKAGE_ENERGY:PACKAGE0 *)
0.9606 s 92.1606 (* Average Power for rapl:::PACKAGE_ENERGY:PACKAGE0 *)
0.9606 s 71.7350 (* Total Energy for rapl:::PACKAGE_ENERGY:PACKAGE1 *)
0.9606 s 74.6802 (* Average Power for rapl:::PACKAGE_ENERGY:PACKAGE1 *)
0.9606 s 17.7559 (* Average Power for rapl:::DRAM_ENERGY:PACKAGE0 *)
0.9606 s 14.3096 (* Average Power for rapl:::DRAM_ENERGY:PACKAGE1 *)
0.9606 s 0.0000 (* Average Power for rapl:::PP0_ENERGY:PACKAGE0 *)
0.9606 s 0.0000 (* Average Power for rapl:::PP0_ENERGY:PACKAGE1 *)
MST weight: 2.35538e+08 (235538104)
Num trees: 11789377
Tree edges: 4987837
STATTYPE,LOOP,CATEGORY,n,sum,T0,T1,T2,T3,T4,T5,T6,T7
STAT,(NULL),InitializeSortTime,8,259,259,0,0,0,0,0,0,0
STAT,(NULL),InitializeTime,8,2140,2140,0,0,0,0,0,0,0
STAT,(NULL),LoopTime,8,1212,1212,0,0,0,0,0,0,0
STAT,(NULL),MeminfoPost,8,168,9,21,23,23,23,23,23,23
STAT,(NULL),MeminfoPre,8,0,0,0,0,0,0,0,0,0
STAT,(NULL),Rounds,8,26,26,0,0,0,0,0,0,0
STAT,(NULL),Threads,8,8,8,0,0,0,0,0,0,0
STAT,(NULL),Time,8,960,960,0,0,0,0,0,0,0
STAT,map_reduce,LoopTime,8,31,31,0,0,0,0,0,0,0
	Command being timed: "/home/users/norris/research/easy-parallel-graph/autoperf/mst/lib/Galois-2.2.1/build/power/apps/boruvka/boruvka -t=8 /home/users/norris/research/easy-parallel-graph/experiment/datasets/rmat248_ER_100i_1000000.gr"
	User time (seconds): 14.08
	System time (seconds): 0.63
	Percent of CPU this job got: 373%
	Elapsed (wall clock) time (h:mm:ss or m:ss): 0:03.94
	Average shared text size (kbytes): 0
	Average unshared data size (kbytes): 0
	Average stack size (kbytes): 0
	Average total size (kbytes): 0
	Maximum resident set size (kbytes): 2559892
	Average resident set size (kbytes): 0
	Major (requiring I/O) page faults: 0
	Minor (reclaiming a frame) page faults: 37118
	Voluntary context switches: 1473
	Involuntary context switches: 143
	Swaps: 0
	File system inputs: 0
	File system outputs: 16
	Socket messages sent: 0
	Socket messages received: 0
	Signals delivered: 0
	Page size (bytes): 4096
	Exit status: 0
