Galois Benchmark Suite v2.2.1 (r0)
Copyright (C) 2014 The University of Texas at Austin
http://iss.ices.utexas.edu/galois/

application: Boruvka's Minimum Spanning Tree Algorithm
Computes the minimum spanning forest of a graph
http://iss.ices.utexas.edu/?p=projects/galois/benchmarks/mst

INFO: CommandLine /home/users/norris/research/easy-parallel-graph/autoperf/mst/lib/Galois-2.2.1/build/power/apps/boruvka/boruvka -t=2 /home/users/norris/research/easy-parallel-graph/experiment/datasets/rmat248_G_75i_1000000.gr
INFO: Hostname arya
Found rapl component at cid 2
Found: rapl:::THERMAL_SPEC_CNT:PACKAGE0
Found: rapl:::THERMAL_SPEC_CNT:PACKAGE1
Found: rapl:::MINIMUM_POWER_CNT:PACKAGE0
Found: rapl:::MINIMUM_POWER_CNT:PACKAGE1
Found: rapl:::MAXIMUM_POWER_CNT:PACKAGE0
Found: rapl:::MAXIMUM_POWER_CNT:PACKAGE1
Found: rapl:::MAXIMUM_TIME_WINDOW_CNT:PACKAGE0
Found: rapl:::MAXIMUM_TIME_WINDOW_CNT:PACKAGE1
Found: rapl:::PACKAGE_ENERGY_CNT:PACKAGE0
Found: rapl:::PACKAGE_ENERGY_CNT:PACKAGE1
Found: rapl:::DRAM_ENERGY_CNT:PACKAGE0
Found: rapl:::DRAM_ENERGY_CNT:PACKAGE1
Found: rapl:::PP0_ENERGY_CNT:PACKAGE0
Found: rapl:::PP0_ENERGY_CNT:PACKAGE1
Found: rapl:::THERMAL_SPEC:PACKAGE0
Found: rapl:::THERMAL_SPEC:PACKAGE1
Found: rapl:::MINIMUM_POWER:PACKAGE0
Found: rapl:::MINIMUM_POWER:PACKAGE1
Found: rapl:::MAXIMUM_POWER:PACKAGE0
Found: rapl:::MAXIMUM_POWER:PACKAGE1
Found: rapl:::MAXIMUM_TIME_WINDOW:PACKAGE0
Found: rapl:::MAXIMUM_TIME_WINDOW:PACKAGE1
Found: rapl:::PACKAGE_ENERGY:PACKAGE0
Found: rapl:::PACKAGE_ENERGY:PACKAGE1
Found: rapl:::DRAM_ENERGY:PACKAGE0
Found: rapl:::DRAM_ENERGY:PACKAGE1
Found: rapl:::PP0_ENERGY:PACKAGE0
Found: rapl:::PP0_ENERGY:PACKAGE1
Nodes: 16777216 edges: 537752652 heaviest edge: 99
27.5399 s 0.0000 (* Average Power for rapl:::THERMAL_SPEC_CNT:PACKAGE0 *)
27.5399 s 0.0000 (* Average Power for rapl:::THERMAL_SPEC_CNT:PACKAGE1 *)
27.5399 s 0.0000 (* Average Power for rapl:::MINIMUM_POWER_CNT:PACKAGE0 *)
27.5399 s 0.0000 (* Average Power for rapl:::MINIMUM_POWER_CNT:PACKAGE1 *)
27.5399 s 0.0000 (* Average Power for rapl:::MAXIMUM_POWER_CNT:PACKAGE0 *)
27.5399 s 0.0000 (* Average Power for rapl:::MAXIMUM_POWER_CNT:PACKAGE1 *)
27.5399 s 0.0000 (* Average Power for rapl:::MAXIMUM_TIME_WINDOW_CNT:PACKAGE0 *)
27.5399 s 0.0000 (* Average Power for rapl:::MAXIMUM_TIME_WINDOW_CNT:PACKAGE1 *)
27.5399 s 0.0009 (* Average Power for rapl:::PACKAGE_ENERGY_CNT:PACKAGE0 *)
27.5399 s 0.0004 (* Average Power for rapl:::PACKAGE_ENERGY_CNT:PACKAGE1 *)
27.5399 s 0.0011 (* Average Power for rapl:::DRAM_ENERGY_CNT:PACKAGE0 *)
27.5399 s 0.0006 (* Average Power for rapl:::DRAM_ENERGY_CNT:PACKAGE1 *)
27.5399 s 0.0000 (* Average Power for rapl:::PP0_ENERGY_CNT:PACKAGE0 *)
27.5399 s 0.0000 (* Average Power for rapl:::PP0_ENERGY_CNT:PACKAGE1 *)
27.5399 s 168457826.2996 (* Average Power for rapl:::THERMAL_SPEC:PACKAGE0 *)
27.5399 s 168457826.2996 (* Average Power for rapl:::THERMAL_SPEC:PACKAGE1 *)
27.5399 s 168285353.0403 (* Average Power for rapl:::MINIMUM_POWER:PACKAGE0 *)
27.5399 s 168285353.0403 (* Average Power for rapl:::MINIMUM_POWER:PACKAGE1 *)
27.5399 s 168621356.5010 (* Average Power for rapl:::MAXIMUM_POWER:PACKAGE0 *)
27.5399 s 168621356.5010 (* Average Power for rapl:::MAXIMUM_POWER:PACKAGE1 *)
27.5399 s 166550399.8098 (* Average Power for rapl:::MAXIMUM_TIME_WINDOW:PACKAGE0 *)
27.5399 s 166550399.8098 (* Average Power for rapl:::MAXIMUM_TIME_WINDOW:PACKAGE1 *)
27.5399 s 1589.4158 (* Total Energy for rapl:::PACKAGE_ENERGY:PACKAGE0 *)
27.5399 s 57.7133 (* Average Power for rapl:::PACKAGE_ENERGY:PACKAGE0 *)
27.5399 s 728.9556 (* Total Energy for rapl:::PACKAGE_ENERGY:PACKAGE1 *)
27.5399 s 26.4691 (* Average Power for rapl:::PACKAGE_ENERGY:PACKAGE1 *)
27.5399 s 16.6283 (* Average Power for rapl:::DRAM_ENERGY:PACKAGE0 *)
27.5399 s 8.8163 (* Average Power for rapl:::DRAM_ENERGY:PACKAGE1 *)
27.5399 s 0.0000 (* Average Power for rapl:::PP0_ENERGY:PACKAGE0 *)
27.5399 s 0.0000 (* Average Power for rapl:::PP0_ENERGY:PACKAGE1 *)
MST weight: 2.16901e+08 (216901221)
Num trees: 290333
Tree edges: 16486883
STATTYPE,LOOP,CATEGORY,n,sum,T0,T1
STAT,(NULL),InitializeSortTime,2,7631,7631,0
STAT,(NULL),InitializeTime,2,64219,64219,0
STAT,(NULL),LoopTime,2,35165,35165,0
STAT,(NULL),MeminfoPost,2,496,244,252
STAT,(NULL),MeminfoPre,2,0,0,0
STAT,(NULL),Rounds,2,23,23,0
STAT,(NULL),Threads,2,2,2,0
STAT,(NULL),Time,2,27539,27539,0
STAT,map_reduce,LoopTime,2,230,230,0
	Command being timed: "/home/users/norris/research/easy-parallel-graph/autoperf/mst/lib/Galois-2.2.1/build/power/apps/boruvka/boruvka -t=2 /home/users/norris/research/easy-parallel-graph/experiment/datasets/rmat248_G_75i_1000000.gr"
	User time (seconds): 146.48
	System time (seconds): 4.13
	Percent of CPU this job got: 145%
	Elapsed (wall clock) time (h:mm:ss or m:ss): 1:43.24
	Average shared text size (kbytes): 0
	Average unshared data size (kbytes): 0
	Average stack size (kbytes): 0
	Average total size (kbytes): 0
	Maximum resident set size (kbytes): 12680912
	Average resident set size (kbytes): 0
	Major (requiring I/O) page faults: 0
	Minor (reclaiming a frame) page faults: 76244
	Voluntary context switches: 776
	Involuntary context switches: 473
	Swaps: 0
	File system inputs: 0
	File system outputs: 24
	Socket messages sent: 0
	Socket messages received: 0
	Signals delivered: 0
	Page size (bytes): 4096
	Exit status: 0
Galois Benchmark Suite v2.2.1 (r0)
Copyright (C) 2014 The University of Texas at Austin
http://iss.ices.utexas.edu/galois/

application: Boruvka's Minimum Spanning Tree Algorithm
Computes the minimum spanning forest of a graph
http://iss.ices.utexas.edu/?p=projects/galois/benchmarks/mst

INFO: CommandLine /home/users/norris/research/easy-parallel-graph/autoperf/mst/lib/Galois-2.2.1/build/power/apps/boruvka/boruvka -t=2 /home/users/norris/research/easy-parallel-graph/experiment/datasets/rmat248_G_75i_1000000.gr
INFO: Hostname arya
Found rapl component at cid 2
Found: rapl:::THERMAL_SPEC_CNT:PACKAGE0
Found: rapl:::THERMAL_SPEC_CNT:PACKAGE1
Found: rapl:::MINIMUM_POWER_CNT:PACKAGE0
Found: rapl:::MINIMUM_POWER_CNT:PACKAGE1
Found: rapl:::MAXIMUM_POWER_CNT:PACKAGE0
Found: rapl:::MAXIMUM_POWER_CNT:PACKAGE1
Found: rapl:::MAXIMUM_TIME_WINDOW_CNT:PACKAGE0
Found: rapl:::MAXIMUM_TIME_WINDOW_CNT:PACKAGE1
Found: rapl:::PACKAGE_ENERGY_CNT:PACKAGE0
Found: rapl:::PACKAGE_ENERGY_CNT:PACKAGE1
Found: rapl:::DRAM_ENERGY_CNT:PACKAGE0
Found: rapl:::DRAM_ENERGY_CNT:PACKAGE1
Found: rapl:::PP0_ENERGY_CNT:PACKAGE0
Found: rapl:::PP0_ENERGY_CNT:PACKAGE1
Found: rapl:::THERMAL_SPEC:PACKAGE0
Found: rapl:::THERMAL_SPEC:PACKAGE1
Found: rapl:::MINIMUM_POWER:PACKAGE0
Found: rapl:::MINIMUM_POWER:PACKAGE1
Found: rapl:::MAXIMUM_POWER:PACKAGE0
Found: rapl:::MAXIMUM_POWER:PACKAGE1
Found: rapl:::MAXIMUM_TIME_WINDOW:PACKAGE0
Found: rapl:::MAXIMUM_TIME_WINDOW:PACKAGE1
Found: rapl:::PACKAGE_ENERGY:PACKAGE0
Found: rapl:::PACKAGE_ENERGY:PACKAGE1
Found: rapl:::DRAM_ENERGY:PACKAGE0
Found: rapl:::DRAM_ENERGY:PACKAGE1
Found: rapl:::PP0_ENERGY:PACKAGE0
Found: rapl:::PP0_ENERGY:PACKAGE1
Nodes: 16777216 edges: 537752652 heaviest edge: 99
27.2632 s 0.0000 (* Average Power for rapl:::THERMAL_SPEC_CNT:PACKAGE0 *)
27.2632 s 0.0000 (* Average Power for rapl:::THERMAL_SPEC_CNT:PACKAGE1 *)
27.2632 s 0.0000 (* Average Power for rapl:::MINIMUM_POWER_CNT:PACKAGE0 *)
27.2632 s 0.0000 (* Average Power for rapl:::MINIMUM_POWER_CNT:PACKAGE1 *)
27.2632 s 0.0000 (* Average Power for rapl:::MAXIMUM_POWER_CNT:PACKAGE0 *)
27.2632 s 0.0000 (* Average Power for rapl:::MAXIMUM_POWER_CNT:PACKAGE1 *)
27.2632 s 0.0000 (* Average Power for rapl:::MAXIMUM_TIME_WINDOW_CNT:PACKAGE0 *)
27.2632 s 0.0000 (* Average Power for rapl:::MAXIMUM_TIME_WINDOW_CNT:PACKAGE1 *)
27.2632 s 0.0009 (* Average Power for rapl:::PACKAGE_ENERGY_CNT:PACKAGE0 *)
27.2632 s 0.0005 (* Average Power for rapl:::PACKAGE_ENERGY_CNT:PACKAGE1 *)
27.2632 s 0.0011 (* Average Power for rapl:::DRAM_ENERGY_CNT:PACKAGE0 *)
27.2632 s 0.0006 (* Average Power for rapl:::DRAM_ENERGY_CNT:PACKAGE1 *)
27.2632 s 0.0000 (* Average Power for rapl:::PP0_ENERGY_CNT:PACKAGE0 *)
27.2632 s 0.0000 (* Average Power for rapl:::PP0_ENERGY_CNT:PACKAGE1 *)
27.2632 s 170167174.8661 (* Average Power for rapl:::THERMAL_SPEC:PACKAGE0 *)
27.2632 s 170167174.8661 (* Average Power for rapl:::THERMAL_SPEC:PACKAGE1 *)
27.2632 s 169992951.5135 (* Average Power for rapl:::MINIMUM_POWER:PACKAGE0 *)
27.2632 s 169992951.5135 (* Average Power for rapl:::MINIMUM_POWER:PACKAGE1 *)
27.2632 s 170332364.4152 (* Average Power for rapl:::MAXIMUM_POWER:PACKAGE0 *)
27.2632 s 170332364.4152 (* Average Power for rapl:::MAXIMUM_POWER:PACKAGE1 *)
27.2632 s 168240393.6404 (* Average Power for rapl:::MAXIMUM_TIME_WINDOW:PACKAGE0 *)
27.2632 s 168240393.6404 (* Average Power for rapl:::MAXIMUM_TIME_WINDOW:PACKAGE1 *)
27.2632 s 1564.3081 (* Total Energy for rapl:::PACKAGE_ENERGY:PACKAGE0 *)
27.2632 s 57.3780 (* Average Power for rapl:::PACKAGE_ENERGY:PACKAGE0 *)
27.2632 s 764.0479 (* Total Energy for rapl:::PACKAGE_ENERGY:PACKAGE1 *)
27.2632 s 28.0249 (* Average Power for rapl:::PACKAGE_ENERGY:PACKAGE1 *)
27.2632 s 16.6304 (* Average Power for rapl:::DRAM_ENERGY:PACKAGE0 *)
27.2632 s 9.1325 (* Average Power for rapl:::DRAM_ENERGY:PACKAGE1 *)
27.2632 s 0.0000 (* Average Power for rapl:::PP0_ENERGY:PACKAGE0 *)
27.2632 s 0.0000 (* Average Power for rapl:::PP0_ENERGY:PACKAGE1 *)
MST weight: 2.16901e+08 (216901221)
Num trees: 290333
Tree edges: 16486883
STATTYPE,LOOP,CATEGORY,n,sum,T0,T1
STAT,(NULL),InitializeSortTime,2,7633,7633,0
STAT,(NULL),InitializeTime,2,60780,60780,0
STAT,(NULL),LoopTime,2,34885,34885,0
STAT,(NULL),MeminfoPost,2,496,244,252
STAT,(NULL),MeminfoPre,2,0,0,0
STAT,(NULL),Rounds,2,23,23,0
STAT,(NULL),Threads,2,2,2,0
STAT,(NULL),Time,2,27263,27263,0
STAT,map_reduce,LoopTime,2,230,230,0
	Command being timed: "/home/users/norris/research/easy-parallel-graph/autoperf/mst/lib/Galois-2.2.1/build/power/apps/boruvka/boruvka -t=2 /home/users/norris/research/easy-parallel-graph/experiment/datasets/rmat248_G_75i_1000000.gr"
	User time (seconds): 142.81
	System time (seconds): 3.66
	Percent of CPU this job got: 147%
	Elapsed (wall clock) time (h:mm:ss or m:ss): 1:39.48
	Average shared text size (kbytes): 0
	Average unshared data size (kbytes): 0
	Average stack size (kbytes): 0
	Average total size (kbytes): 0
	Maximum resident set size (kbytes): 12679820
	Average resident set size (kbytes): 0
	Major (requiring I/O) page faults: 0
	Minor (reclaiming a frame) page faults: 128049
	Voluntary context switches: 772
	Involuntary context switches: 461
	Swaps: 0
	File system inputs: 0
	File system outputs: 16
	Socket messages sent: 0
	Socket messages received: 0
	Signals delivered: 0
	Page size (bytes): 4096
	Exit status: 0
Galois Benchmark Suite v2.2.1 (r0)
Copyright (C) 2014 The University of Texas at Austin
http://iss.ices.utexas.edu/galois/

application: Boruvka's Minimum Spanning Tree Algorithm
Computes the minimum spanning forest of a graph
http://iss.ices.utexas.edu/?p=projects/galois/benchmarks/mst

INFO: CommandLine /home/users/norris/research/easy-parallel-graph/autoperf/mst/lib/Galois-2.2.1/build/power/apps/boruvka/boruvka -t=2 /home/users/norris/research/easy-parallel-graph/experiment/datasets/rmat248_G_75i_1000000.gr
INFO: Hostname arya
Found rapl component at cid 2
Found: rapl:::THERMAL_SPEC_CNT:PACKAGE0
Found: rapl:::THERMAL_SPEC_CNT:PACKAGE1
Found: rapl:::MINIMUM_POWER_CNT:PACKAGE0
Found: rapl:::MINIMUM_POWER_CNT:PACKAGE1
Found: rapl:::MAXIMUM_POWER_CNT:PACKAGE0
Found: rapl:::MAXIMUM_POWER_CNT:PACKAGE1
Found: rapl:::MAXIMUM_TIME_WINDOW_CNT:PACKAGE0
Found: rapl:::MAXIMUM_TIME_WINDOW_CNT:PACKAGE1
Found: rapl:::PACKAGE_ENERGY_CNT:PACKAGE0
Found: rapl:::PACKAGE_ENERGY_CNT:PACKAGE1
Found: rapl:::DRAM_ENERGY_CNT:PACKAGE0
Found: rapl:::DRAM_ENERGY_CNT:PACKAGE1
Found: rapl:::PP0_ENERGY_CNT:PACKAGE0
Found: rapl:::PP0_ENERGY_CNT:PACKAGE1
Found: rapl:::THERMAL_SPEC:PACKAGE0
Found: rapl:::THERMAL_SPEC:PACKAGE1
Found: rapl:::MINIMUM_POWER:PACKAGE0
Found: rapl:::MINIMUM_POWER:PACKAGE1
Found: rapl:::MAXIMUM_POWER:PACKAGE0
Found: rapl:::MAXIMUM_POWER:PACKAGE1
Found: rapl:::MAXIMUM_TIME_WINDOW:PACKAGE0
Found: rapl:::MAXIMUM_TIME_WINDOW:PACKAGE1
Found: rapl:::PACKAGE_ENERGY:PACKAGE0
Found: rapl:::PACKAGE_ENERGY:PACKAGE1
Found: rapl:::DRAM_ENERGY:PACKAGE0
Found: rapl:::DRAM_ENERGY:PACKAGE1
Found: rapl:::PP0_ENERGY:PACKAGE0
Found: rapl:::PP0_ENERGY:PACKAGE1
Nodes: 16777216 edges: 537752652 heaviest edge: 99
27.0213 s 0.0000 (* Average Power for rapl:::THERMAL_SPEC_CNT:PACKAGE0 *)
27.0213 s 0.0000 (* Average Power for rapl:::THERMAL_SPEC_CNT:PACKAGE1 *)
27.0213 s 0.0000 (* Average Power for rapl:::MINIMUM_POWER_CNT:PACKAGE0 *)
27.0213 s 0.0000 (* Average Power for rapl:::MINIMUM_POWER_CNT:PACKAGE1 *)
27.0213 s 0.0000 (* Average Power for rapl:::MAXIMUM_POWER_CNT:PACKAGE0 *)
27.0213 s 0.0000 (* Average Power for rapl:::MAXIMUM_POWER_CNT:PACKAGE1 *)
27.0213 s 0.0000 (* Average Power for rapl:::MAXIMUM_TIME_WINDOW_CNT:PACKAGE0 *)
27.0213 s 0.0000 (* Average Power for rapl:::MAXIMUM_TIME_WINDOW_CNT:PACKAGE1 *)
27.0213 s 0.0009 (* Average Power for rapl:::PACKAGE_ENERGY_CNT:PACKAGE0 *)
27.0213 s 0.0004 (* Average Power for rapl:::PACKAGE_ENERGY_CNT:PACKAGE1 *)
27.0213 s 0.0011 (* Average Power for rapl:::DRAM_ENERGY_CNT:PACKAGE0 *)
27.0213 s 0.0006 (* Average Power for rapl:::DRAM_ENERGY_CNT:PACKAGE1 *)
27.0213 s 0.0000 (* Average Power for rapl:::PP0_ENERGY_CNT:PACKAGE0 *)
27.0213 s 0.0000 (* Average Power for rapl:::PP0_ENERGY_CNT:PACKAGE1 *)
27.0213 s 171690589.9122 (* Average Power for rapl:::THERMAL_SPEC:PACKAGE0 *)
27.0213 s 171690589.9122 (* Average Power for rapl:::THERMAL_SPEC:PACKAGE1 *)
27.0213 s 171514806.8318 (* Average Power for rapl:::MINIMUM_POWER:PACKAGE0 *)
27.0213 s 171514806.8318 (* Average Power for rapl:::MINIMUM_POWER:PACKAGE1 *)
27.0213 s 171857258.3144 (* Average Power for rapl:::MAXIMUM_POWER:PACKAGE0 *)
27.0213 s 171857258.3144 (* Average Power for rapl:::MAXIMUM_POWER:PACKAGE1 *)
27.0213 s 169746559.2522 (* Average Power for rapl:::MAXIMUM_TIME_WINDOW:PACKAGE0 *)
27.0213 s 169746559.2522 (* Average Power for rapl:::MAXIMUM_TIME_WINDOW:PACKAGE1 *)
27.0213 s 1555.4559 (* Total Energy for rapl:::PACKAGE_ENERGY:PACKAGE0 *)
27.0213 s 57.5640 (* Average Power for rapl:::PACKAGE_ENERGY:PACKAGE0 *)
27.0213 s 738.9347 (* Total Energy for rapl:::PACKAGE_ENERGY:PACKAGE1 *)
27.0213 s 27.3464 (* Average Power for rapl:::PACKAGE_ENERGY:PACKAGE1 *)
27.0213 s 16.6655 (* Average Power for rapl:::DRAM_ENERGY:PACKAGE0 *)
27.0213 s 9.0831 (* Average Power for rapl:::DRAM_ENERGY:PACKAGE1 *)
27.0213 s 0.0000 (* Average Power for rapl:::PP0_ENERGY:PACKAGE0 *)
27.0213 s 0.0000 (* Average Power for rapl:::PP0_ENERGY:PACKAGE1 *)
MST weight: 2.16901e+08 (216901221)
Num trees: 290333
Tree edges: 16486883
STATTYPE,LOOP,CATEGORY,n,sum,T0,T1
STAT,(NULL),InitializeSortTime,2,7635,7635,0
STAT,(NULL),InitializeTime,2,63743,63743,0
STAT,(NULL),LoopTime,2,34647,34647,0
STAT,(NULL),MeminfoPost,2,496,243,253
STAT,(NULL),MeminfoPre,2,0,0,0
STAT,(NULL),Rounds,2,23,23,0
STAT,(NULL),Threads,2,2,2,0
STAT,(NULL),Time,2,27021,27021,0
STAT,map_reduce,LoopTime,2,230,230,0
	Command being timed: "/home/users/norris/research/easy-parallel-graph/autoperf/mst/lib/Galois-2.2.1/build/power/apps/boruvka/boruvka -t=2 /home/users/norris/research/easy-parallel-graph/experiment/datasets/rmat248_G_75i_1000000.gr"
	User time (seconds): 144.98
	System time (seconds): 4.13
	Percent of CPU this job got: 145%
	Elapsed (wall clock) time (h:mm:ss or m:ss): 1:42.23
	Average shared text size (kbytes): 0
	Average unshared data size (kbytes): 0
	Average stack size (kbytes): 0
	Average total size (kbytes): 0
	Maximum resident set size (kbytes): 12680988
	Average resident set size (kbytes): 0
	Major (requiring I/O) page faults: 0
	Minor (reclaiming a frame) page faults: 108772
	Voluntary context switches: 767
	Involuntary context switches: 475
	Swaps: 0
	File system inputs: 0
	File system outputs: 16
	Socket messages sent: 0
	Socket messages received: 0
	Signals delivered: 0
	Page size (bytes): 4096
	Exit status: 0
Galois Benchmark Suite v2.2.1 (r0)
Copyright (C) 2014 The University of Texas at Austin
http://iss.ices.utexas.edu/galois/

application: Boruvka's Minimum Spanning Tree Algorithm
Computes the minimum spanning forest of a graph
http://iss.ices.utexas.edu/?p=projects/galois/benchmarks/mst

INFO: CommandLine /home/users/norris/research/easy-parallel-graph/autoperf/mst/lib/Galois-2.2.1/build/power/apps/boruvka/boruvka -t=2 /home/users/norris/research/easy-parallel-graph/experiment/datasets/rmat248_G_75i_1000000.gr
INFO: Hostname arya
Found rapl component at cid 2
Found: rapl:::THERMAL_SPEC_CNT:PACKAGE0
Found: rapl:::THERMAL_SPEC_CNT:PACKAGE1
Found: rapl:::MINIMUM_POWER_CNT:PACKAGE0
Found: rapl:::MINIMUM_POWER_CNT:PACKAGE1
Found: rapl:::MAXIMUM_POWER_CNT:PACKAGE0
Found: rapl:::MAXIMUM_POWER_CNT:PACKAGE1
Found: rapl:::MAXIMUM_TIME_WINDOW_CNT:PACKAGE0
Found: rapl:::MAXIMUM_TIME_WINDOW_CNT:PACKAGE1
Found: rapl:::PACKAGE_ENERGY_CNT:PACKAGE0
Found: rapl:::PACKAGE_ENERGY_CNT:PACKAGE1
Found: rapl:::DRAM_ENERGY_CNT:PACKAGE0
Found: rapl:::DRAM_ENERGY_CNT:PACKAGE1
Found: rapl:::PP0_ENERGY_CNT:PACKAGE0
Found: rapl:::PP0_ENERGY_CNT:PACKAGE1
Found: rapl:::THERMAL_SPEC:PACKAGE0
Found: rapl:::THERMAL_SPEC:PACKAGE1
Found: rapl:::MINIMUM_POWER:PACKAGE0
Found: rapl:::MINIMUM_POWER:PACKAGE1
Found: rapl:::MAXIMUM_POWER:PACKAGE0
Found: rapl:::MAXIMUM_POWER:PACKAGE1
Found: rapl:::MAXIMUM_TIME_WINDOW:PACKAGE0
Found: rapl:::MAXIMUM_TIME_WINDOW:PACKAGE1
Found: rapl:::PACKAGE_ENERGY:PACKAGE0
Found: rapl:::PACKAGE_ENERGY:PACKAGE1
Found: rapl:::DRAM_ENERGY:PACKAGE0
Found: rapl:::DRAM_ENERGY:PACKAGE1
Found: rapl:::PP0_ENERGY:PACKAGE0
Found: rapl:::PP0_ENERGY:PACKAGE1
Nodes: 16777216 edges: 537752652 heaviest edge: 99
26.7310 s 0.0000 (* Average Power for rapl:::THERMAL_SPEC_CNT:PACKAGE0 *)
26.7310 s 0.0000 (* Average Power for rapl:::THERMAL_SPEC_CNT:PACKAGE1 *)
26.7310 s 0.0000 (* Average Power for rapl:::MINIMUM_POWER_CNT:PACKAGE0 *)
26.7310 s 0.0000 (* Average Power for rapl:::MINIMUM_POWER_CNT:PACKAGE1 *)
26.7310 s 0.0000 (* Average Power for rapl:::MAXIMUM_POWER_CNT:PACKAGE0 *)
26.7310 s 0.0000 (* Average Power for rapl:::MAXIMUM_POWER_CNT:PACKAGE1 *)
26.7310 s 0.0000 (* Average Power for rapl:::MAXIMUM_TIME_WINDOW_CNT:PACKAGE0 *)
26.7310 s 0.0000 (* Average Power for rapl:::MAXIMUM_TIME_WINDOW_CNT:PACKAGE1 *)
26.7310 s 0.0009 (* Average Power for rapl:::PACKAGE_ENERGY_CNT:PACKAGE0 *)
26.7310 s 0.0005 (* Average Power for rapl:::PACKAGE_ENERGY_CNT:PACKAGE1 *)
26.7310 s 0.0011 (* Average Power for rapl:::DRAM_ENERGY_CNT:PACKAGE0 *)
26.7310 s 0.0006 (* Average Power for rapl:::DRAM_ENERGY_CNT:PACKAGE1 *)
26.7310 s 0.0000 (* Average Power for rapl:::PP0_ENERGY_CNT:PACKAGE0 *)
26.7310 s 0.0000 (* Average Power for rapl:::PP0_ENERGY_CNT:PACKAGE1 *)
26.7310 s 173555286.3473 (* Average Power for rapl:::THERMAL_SPEC:PACKAGE0 *)
26.7310 s 173555286.3473 (* Average Power for rapl:::THERMAL_SPEC:PACKAGE1 *)
26.7310 s 173377594.1227 (* Average Power for rapl:::MINIMUM_POWER:PACKAGE0 *)
26.7310 s 173377594.1227 (* Average Power for rapl:::MINIMUM_POWER:PACKAGE1 *)
26.7310 s 173723764.9010 (* Average Power for rapl:::MAXIMUM_POWER:PACKAGE0 *)
26.7310 s 173723764.9010 (* Average Power for rapl:::MAXIMUM_POWER:PACKAGE1 *)
26.7310 s 171590141.9673 (* Average Power for rapl:::MAXIMUM_TIME_WINDOW:PACKAGE0 *)
26.7310 s 171590141.9673 (* Average Power for rapl:::MAXIMUM_TIME_WINDOW:PACKAGE1 *)
26.7310 s 1538.8152 (* Total Energy for rapl:::PACKAGE_ENERGY:PACKAGE0 *)
26.7310 s 57.5667 (* Average Power for rapl:::PACKAGE_ENERGY:PACKAGE0 *)
26.7310 s 776.8317 (* Total Energy for rapl:::PACKAGE_ENERGY:PACKAGE1 *)
26.7310 s 29.0611 (* Average Power for rapl:::PACKAGE_ENERGY:PACKAGE1 *)
26.7310 s 16.6744 (* Average Power for rapl:::DRAM_ENERGY:PACKAGE0 *)
26.7310 s 9.3671 (* Average Power for rapl:::DRAM_ENERGY:PACKAGE1 *)
26.7310 s 0.0000 (* Average Power for rapl:::PP0_ENERGY:PACKAGE0 *)
26.7310 s 0.0000 (* Average Power for rapl:::PP0_ENERGY:PACKAGE1 *)
MST weight: 2.16901e+08 (216901221)
Num trees: 290333
Tree edges: 16486883
STATTYPE,LOOP,CATEGORY,n,sum,T0,T1
STAT,(NULL),InitializeSortTime,2,7633,7633,0
STAT,(NULL),InitializeTime,2,61883,61883,0
STAT,(NULL),LoopTime,2,34359,34359,0
STAT,(NULL),MeminfoPost,2,496,243,253
STAT,(NULL),MeminfoPre,2,0,0,0
STAT,(NULL),Rounds,2,23,23,0
STAT,(NULL),Threads,2,2,2,0
STAT,(NULL),Time,2,26730,26730,0
STAT,map_reduce,LoopTime,2,230,230,0
	Command being timed: "/home/users/norris/research/easy-parallel-graph/autoperf/mst/lib/Galois-2.2.1/build/power/apps/boruvka/boruvka -t=2 /home/users/norris/research/easy-parallel-graph/experiment/datasets/rmat248_G_75i_1000000.gr"
	User time (seconds): 142.74
	System time (seconds): 4.11
	Percent of CPU this job got: 146%
	Elapsed (wall clock) time (h:mm:ss or m:ss): 1:40.16
	Average shared text size (kbytes): 0
	Average unshared data size (kbytes): 0
	Average stack size (kbytes): 0
	Average total size (kbytes): 0
	Maximum resident set size (kbytes): 12680864
	Average resident set size (kbytes): 0
	Major (requiring I/O) page faults: 0
	Minor (reclaiming a frame) page faults: 94530
	Voluntary context switches: 786
	Involuntary context switches: 470
	Swaps: 0
	File system inputs: 0
	File system outputs: 16
	Socket messages sent: 0
	Socket messages received: 0
	Signals delivered: 0
	Page size (bytes): 4096
	Exit status: 0
