Highest Edge Value 10 --
Time Taken for Initializing Memory 0.357846 
Total Time for Reading Remainder Edges 79.454629 
Total Time for Reading Certificate Network 18.972394 
Total Time for Reading Update List 0.448029 
Found rapl component at cid 2
Found: rapl:::THERMAL_SPEC_CNT:PACKAGE0
Found: rapl:::THERMAL_SPEC_CNT:PACKAGE1
Found: rapl:::MINIMUM_POWER_CNT:PACKAGE0
Found: rapl:::MINIMUM_POWER_CNT:PACKAGE1
Found: rapl:::MAXIMUM_POWER_CNT:PACKAGE0
Found: rapl:::MAXIMUM_POWER_CNT:PACKAGE1
Found: rapl:::MAXIMUM_TIME_WINDOW_CNT:PACKAGE0
Found: rapl:::MAXIMUM_TIME_WINDOW_CNT:PACKAGE1
Found: rapl:::PACKAGE_ENERGY_CNT:PACKAGE0
Found: rapl:::PACKAGE_ENERGY_CNT:PACKAGE1
Found: rapl:::DRAM_ENERGY_CNT:PACKAGE0
Found: rapl:::DRAM_ENERGY_CNT:PACKAGE1
Found: rapl:::PP0_ENERGY_CNT:PACKAGE0
Found: rapl:::PP0_ENERGY_CNT:PACKAGE1
Found: rapl:::THERMAL_SPEC:PACKAGE0
Found: rapl:::THERMAL_SPEC:PACKAGE1
Found: rapl:::MINIMUM_POWER:PACKAGE0
Found: rapl:::MINIMUM_POWER:PACKAGE1
Found: rapl:::MAXIMUM_POWER:PACKAGE0
Found: rapl:::MAXIMUM_POWER:PACKAGE1
Found: rapl:::MAXIMUM_TIME_WINDOW:PACKAGE0
Found: rapl:::MAXIMUM_TIME_WINDOW:PACKAGE1
Found: rapl:::PACKAGE_ENERGY:PACKAGE0
Found: rapl:::PACKAGE_ENERGY:PACKAGE1
Found: rapl:::DRAM_ENERGY:PACKAGE0
Found: rapl:::DRAM_ENERGY:PACKAGE1
Found: rapl:::PP0_ENERGY:PACKAGE0
Found: rapl:::PP0_ENERGY:PACKAGE1
Starting creation of rooted tree
0.0649 s 0.0000 (* Average Power for rapl:::THERMAL_SPEC_CNT:PACKAGE0 *)
0.0649 s 0.0000 (* Average Power for rapl:::THERMAL_SPEC_CNT:PACKAGE1 *)
0.0649 s 0.0000 (* Average Power for rapl:::MINIMUM_POWER_CNT:PACKAGE0 *)
0.0649 s 0.0000 (* Average Power for rapl:::MINIMUM_POWER_CNT:PACKAGE1 *)
0.0649 s 0.0000 (* Average Power for rapl:::MAXIMUM_POWER_CNT:PACKAGE0 *)
0.0649 s 0.0000 (* Average Power for rapl:::MAXIMUM_POWER_CNT:PACKAGE1 *)
0.0649 s 0.0000 (* Average Power for rapl:::MAXIMUM_TIME_WINDOW_CNT:PACKAGE0 *)
0.0649 s 0.0000 (* Average Power for rapl:::MAXIMUM_TIME_WINDOW_CNT:PACKAGE1 *)
0.0649 s 0.0011 (* Average Power for rapl:::PACKAGE_ENERGY_CNT:PACKAGE0 *)
0.0649 s 0.0017 (* Average Power for rapl:::PACKAGE_ENERGY_CNT:PACKAGE1 *)
0.0649 s 0.0010 (* Average Power for rapl:::DRAM_ENERGY_CNT:PACKAGE0 *)
0.0649 s 0.0016 (* Average Power for rapl:::DRAM_ENERGY_CNT:PACKAGE1 *)
0.0649 s 0.0000 (* Average Power for rapl:::PP0_ENERGY_CNT:PACKAGE0 *)
0.0649 s 0.0000 (* Average Power for rapl:::PP0_ENERGY_CNT:PACKAGE1 *)
0.0649 s 71444333671.4530 (* Average Power for rapl:::THERMAL_SPEC:PACKAGE0 *)
0.0649 s 71444333671.4530 (* Average Power for rapl:::THERMAL_SPEC:PACKAGE1 *)
0.0649 s 71371186360.0046 (* Average Power for rapl:::MINIMUM_POWER:PACKAGE0 *)
0.0649 s 71371186360.0046 (* Average Power for rapl:::MINIMUM_POWER:PACKAGE1 *)
0.0649 s 71513688159.3447 (* Average Power for rapl:::MAXIMUM_POWER:PACKAGE0 *)
0.0649 s 71513688159.3447 (* Average Power for rapl:::MAXIMUM_POWER:PACKAGE1 *)
0.0649 s 70635378590.0278 (* Average Power for rapl:::MAXIMUM_TIME_WINDOW:PACKAGE0 *)
0.0649 s 70635378590.0278 (* Average Power for rapl:::MAXIMUM_TIME_WINDOW:PACKAGE1 *)
0.0649 s 4.2759 (* Total Energy for rapl:::PACKAGE_ENERGY:PACKAGE0 *)
0.0649 s 65.8486 (* Average Power for rapl:::PACKAGE_ENERGY:PACKAGE0 *)
0.0649 s 6.8950 (* Total Energy for rapl:::PACKAGE_ENERGY:PACKAGE1 *)
0.0649 s 106.1809 (* Average Power for rapl:::PACKAGE_ENERGY:PACKAGE1 *)
0.0649 s 15.6099 (* Average Power for rapl:::DRAM_ENERGY:PACKAGE0 *)
0.0649 s 23.7814 (* Average Power for rapl:::DRAM_ENERGY:PACKAGE1 *)
0.0649 s 0.0000 (* Average Power for rapl:::PP0_ENERGY:PACKAGE0 *)
0.0649 s 0.0000 (* Average Power for rapl:::PP0_ENERGY:PACKAGE1 *)
Total Time for Obtaining Degrees of Vertices  0.064899 
==Update Starts =======
root111=0
root=8355585
Max height=208
Total Time for Creating Initial Rooted Tree at iter 1 is 7.192394 with Type:1
Found rapl component at cid 2
Found: rapl:::THERMAL_SPEC_CNT:PACKAGE0
Found: rapl:::THERMAL_SPEC_CNT:PACKAGE1
Found: rapl:::MINIMUM_POWER_CNT:PACKAGE0
Found: rapl:::MINIMUM_POWER_CNT:PACKAGE1
Found: rapl:::MAXIMUM_POWER_CNT:PACKAGE0
Found: rapl:::MAXIMUM_POWER_CNT:PACKAGE1
Found: rapl:::MAXIMUM_TIME_WINDOW_CNT:PACKAGE0
Found: rapl:::MAXIMUM_TIME_WINDOW_CNT:PACKAGE1
Found: rapl:::PACKAGE_ENERGY_CNT:PACKAGE0
Found: rapl:::PACKAGE_ENERGY_CNT:PACKAGE1
Found: rapl:::DRAM_ENERGY_CNT:PACKAGE0
Found: rapl:::DRAM_ENERGY_CNT:PACKAGE1
Found: rapl:::PP0_ENERGY_CNT:PACKAGE0
Found: rapl:::PP0_ENERGY_CNT:PACKAGE1
Found: rapl:::THERMAL_SPEC:PACKAGE0
Found: rapl:::THERMAL_SPEC:PACKAGE1
Found: rapl:::MINIMUM_POWER:PACKAGE0
Found: rapl:::MINIMUM_POWER:PACKAGE1
Found: rapl:::MAXIMUM_POWER:PACKAGE0
Found: rapl:::MAXIMUM_POWER:PACKAGE1
Found: rapl:::MAXIMUM_TIME_WINDOW:PACKAGE0
Found: rapl:::MAXIMUM_TIME_WINDOW:PACKAGE1
Found: rapl:::PACKAGE_ENERGY:PACKAGE0
Found: rapl:::PACKAGE_ENERGY:PACKAGE1
Found: rapl:::DRAM_ENERGY:PACKAGE0
Found: rapl:::DRAM_ENERGY:PACKAGE1
Found: rapl:::PP0_ENERGY:PACKAGE0
Found: rapl:::PP0_ENERGY:PACKAGE1
Starting Classify and Insert
Classify 999999 999999  
Time for insertion Flag  0.516480
Deleted Edges: 30874 
Processed Inserts: 161649
 Unprocessed Inserts: 0
 0.5254 s 0.0000 (* Average Power for rapl:::THERMAL_SPEC_CNT:PACKAGE0 *)
0.5254 s 0.0000 (* Average Power for rapl:::THERMAL_SPEC_CNT:PACKAGE1 *)
0.5254 s 0.0000 (* Average Power for rapl:::MINIMUM_POWER_CNT:PACKAGE0 *)
0.5254 s 0.0000 (* Average Power for rapl:::MINIMUM_POWER_CNT:PACKAGE1 *)
0.5254 s 0.0000 (* Average Power for rapl:::MAXIMUM_POWER_CNT:PACKAGE0 *)
0.5254 s 0.0000 (* Average Power for rapl:::MAXIMUM_POWER_CNT:PACKAGE1 *)
0.5254 s 0.0000 (* Average Power for rapl:::MAXIMUM_TIME_WINDOW_CNT:PACKAGE0 *)
0.5254 s 0.0000 (* Average Power for rapl:::MAXIMUM_TIME_WINDOW_CNT:PACKAGE1 *)
0.5254 s 0.0005 (* Average Power for rapl:::PACKAGE_ENERGY_CNT:PACKAGE0 *)
0.5254 s 0.0010 (* Average Power for rapl:::PACKAGE_ENERGY_CNT:PACKAGE1 *)
0.5254 s 0.0007 (* Average Power for rapl:::DRAM_ENERGY_CNT:PACKAGE0 *)
0.5254 s 0.0010 (* Average Power for rapl:::DRAM_ENERGY_CNT:PACKAGE1 *)
0.5254 s 0.0000 (* Average Power for rapl:::PP0_ENERGY_CNT:PACKAGE0 *)
0.5254 s 0.0000 (* Average Power for rapl:::PP0_ENERGY_CNT:PACKAGE1 *)
0.5254 s 8829710149.5734 (* Average Power for rapl:::THERMAL_SPEC:PACKAGE0 *)
0.5254 s 8829710149.5734 (* Average Power for rapl:::THERMAL_SPEC:PACKAGE1 *)
0.5254 s 8820669970.6660 (* Average Power for rapl:::MINIMUM_POWER:PACKAGE0 *)
0.5254 s 8820669970.6660 (* Average Power for rapl:::MINIMUM_POWER:PACKAGE1 *)
0.5254 s 8838281578.4634 (* Average Power for rapl:::MAXIMUM_POWER:PACKAGE0 *)
0.5254 s 8838281578.4634 (* Average Power for rapl:::MAXIMUM_POWER:PACKAGE1 *)
0.5254 s 8729732467.2864 (* Average Power for rapl:::MAXIMUM_TIME_WINDOW:PACKAGE0 *)
0.5254 s 8729732467.2864 (* Average Power for rapl:::MAXIMUM_TIME_WINDOW:PACKAGE1 *)
0.5254 s 16.2346 (* Total Energy for rapl:::PACKAGE_ENERGY:PACKAGE0 *)
0.5254 s 30.8984 (* Average Power for rapl:::PACKAGE_ENERGY:PACKAGE0 *)
0.5254 s 31.1802 (* Total Energy for rapl:::PACKAGE_ENERGY:PACKAGE1 *)
0.5254 s 59.3433 (* Average Power for rapl:::PACKAGE_ENERGY:PACKAGE1 *)
0.5254 s 11.0689 (* Average Power for rapl:::DRAM_ENERGY:PACKAGE0 *)
0.5254 s 15.6616 (* Average Power for rapl:::DRAM_ENERGY:PACKAGE1 *)
0.5254 s 0.0000 (* Average Power for rapl:::PP0_ENERGY:PACKAGE0 *)
0.5254 s 0.0000 (* Average Power for rapl:::PP0_ENERGY:PACKAGE1 *)
Time for Classify and insert  0.525327 
Found rapl component at cid 2
Found: rapl:::THERMAL_SPEC_CNT:PACKAGE0
Found: rapl:::THERMAL_SPEC_CNT:PACKAGE1
Found: rapl:::MINIMUM_POWER_CNT:PACKAGE0
Found: rapl:::MINIMUM_POWER_CNT:PACKAGE1
Found: rapl:::MAXIMUM_POWER_CNT:PACKAGE0
Found: rapl:::MAXIMUM_POWER_CNT:PACKAGE1
Found: rapl:::MAXIMUM_TIME_WINDOW_CNT:PACKAGE0
Found: rapl:::MAXIMUM_TIME_WINDOW_CNT:PACKAGE1
Found: rapl:::PACKAGE_ENERGY_CNT:PACKAGE0
Found: rapl:::PACKAGE_ENERGY_CNT:PACKAGE1
Found: rapl:::DRAM_ENERGY_CNT:PACKAGE0
Found: rapl:::DRAM_ENERGY_CNT:PACKAGE1
Found: rapl:::PP0_ENERGY_CNT:PACKAGE0
Found: rapl:::PP0_ENERGY_CNT:PACKAGE1
Found: rapl:::THERMAL_SPEC:PACKAGE0
Found: rapl:::THERMAL_SPEC:PACKAGE1
Found: rapl:::MINIMUM_POWER:PACKAGE0
Found: rapl:::MINIMUM_POWER:PACKAGE1
Found: rapl:::MAXIMUM_POWER:PACKAGE0
Found: rapl:::MAXIMUM_POWER:PACKAGE1
Found: rapl:::MAXIMUM_TIME_WINDOW:PACKAGE0
Found: rapl:::MAXIMUM_TIME_WINDOW:PACKAGE1
Found: rapl:::PACKAGE_ENERGY:PACKAGE0
Found: rapl:::PACKAGE_ENERGY:PACKAGE1
Found: rapl:::DRAM_ENERGY:PACKAGE0
Found: rapl:::DRAM_ENERGY:PACKAGE1
Found: rapl:::PP0_ENERGY:PACKAGE0
Found: rapl:::PP0_ENERGY:PACKAGE1
Starting process_deletions
done updating maXE 
1.6872 s 0.0000 (* Average Power for rapl:::THERMAL_SPEC_CNT:PACKAGE0 *)
1.6872 s 0.0000 (* Average Power for rapl:::THERMAL_SPEC_CNT:PACKAGE1 *)
1.6872 s 0.0000 (* Average Power for rapl:::MINIMUM_POWER_CNT:PACKAGE0 *)
1.6872 s 0.0000 (* Average Power for rapl:::MINIMUM_POWER_CNT:PACKAGE1 *)
1.6872 s 0.0000 (* Average Power for rapl:::MAXIMUM_POWER_CNT:PACKAGE0 *)
1.6872 s 0.0000 (* Average Power for rapl:::MAXIMUM_POWER_CNT:PACKAGE1 *)
1.6872 s 0.0000 (* Average Power for rapl:::MAXIMUM_TIME_WINDOW_CNT:PACKAGE0 *)
1.6872 s 0.0000 (* Average Power for rapl:::MAXIMUM_TIME_WINDOW_CNT:PACKAGE1 *)
1.6872 s 0.0010 (* Average Power for rapl:::PACKAGE_ENERGY_CNT:PACKAGE0 *)
1.6872 s 0.0012 (* Average Power for rapl:::PACKAGE_ENERGY_CNT:PACKAGE1 *)
1.6872 s 0.0010 (* Average Power for rapl:::DRAM_ENERGY_CNT:PACKAGE0 *)
1.6872 s 0.0010 (* Average Power for rapl:::DRAM_ENERGY_CNT:PACKAGE1 *)
1.6872 s 0.0000 (* Average Power for rapl:::PP0_ENERGY_CNT:PACKAGE0 *)
1.6872 s 0.0000 (* Average Power for rapl:::PP0_ENERGY_CNT:PACKAGE1 *)
1.6872 s 2749685753.8379 (* Average Power for rapl:::THERMAL_SPEC:PACKAGE0 *)
1.6872 s 2749685753.8379 (* Average Power for rapl:::THERMAL_SPEC:PACKAGE1 *)
1.6872 s 2746870525.3952 (* Average Power for rapl:::MINIMUM_POWER:PACKAGE0 *)
1.6872 s 2746870525.3952 (* Average Power for rapl:::MINIMUM_POWER:PACKAGE1 *)
1.6872 s 2752355007.4724 (* Average Power for rapl:::MAXIMUM_POWER:PACKAGE0 *)
1.6872 s 2752355007.4724 (* Average Power for rapl:::MAXIMUM_POWER:PACKAGE1 *)
1.6872 s 2718551412.6161 (* Average Power for rapl:::MAXIMUM_TIME_WINDOW:PACKAGE0 *)
1.6872 s 2718551412.6161 (* Average Power for rapl:::MAXIMUM_TIME_WINDOW:PACKAGE1 *)
1.6872 s 97.9073 (* Total Energy for rapl:::PACKAGE_ENERGY:PACKAGE0 *)
1.6872 s 58.0290 (* Average Power for rapl:::PACKAGE_ENERGY:PACKAGE0 *)
1.6872 s 121.0690 (* Total Energy for rapl:::PACKAGE_ENERGY:PACKAGE1 *)
1.6872 s 71.7568 (* Average Power for rapl:::PACKAGE_ENERGY:PACKAGE1 *)
1.6872 s 14.5430 (* Average Power for rapl:::DRAM_ENERGY:PACKAGE0 *)
1.6872 s 15.9055 (* Average Power for rapl:::DRAM_ENERGY:PACKAGE1 *)
1.6872 s 0.0000 (* Average Power for rapl:::PP0_ENERGY:PACKAGE0 *)
1.6872 s 0.0000 (* Average Power for rapl:::PP0_ENERGY:PACKAGE1 *)
Time for Deletion  1.687185 
Total Time for Updating at Batch 1 is 2.213571 
=======
Total Time for Updating  9.587244 
	Command being timed: "/home/users/norris/research/easy-parallel-graph/autoperf/mst/lib/xpscode/MST_May5/a.out /home/users/norris/research/easy-parallel-graph/experiment/datasets/rmat248_G.diff /home/users/norris/research/easy-parallel-graph/experiment/datasets/rmat248_G.cert /home/users/norris/research/easy-parallel-graph/experiment/datasets/CE/rmat24/rmat24g1m75 100 16777216 1000000 8"
	User time (seconds): 120.96
	System time (seconds): 2.92
	Percent of CPU this job got: 111%
	Elapsed (wall clock) time (h:mm:ss or m:ss): 1:50.92
	Average shared text size (kbytes): 0
	Average unshared data size (kbytes): 0
	Average stack size (kbytes): 0
	Average total size (kbytes): 0
	Maximum resident set size (kbytes): 2810440
	Average resident set size (kbytes): 0
	Major (requiring I/O) page faults: 0
	Minor (reclaiming a frame) page faults: 504531
	Voluntary context switches: 487
	Involuntary context switches: 150
	Swaps: 0
	File system inputs: 0
	File system outputs: 24
	Socket messages sent: 0
	Socket messages received: 0
	Signals delivered: 0
	Page size (bytes): 4096
	Exit status: 0
Highest Edge Value 10 --
Time Taken for Initializing Memory 0.350853 
Total Time for Reading Remainder Edges 79.696268 
Total Time for Reading Certificate Network 19.115459 
Total Time for Reading Update List 0.449189 
Found rapl component at cid 2
Found: rapl:::THERMAL_SPEC_CNT:PACKAGE0
Found: rapl:::THERMAL_SPEC_CNT:PACKAGE1
Found: rapl:::MINIMUM_POWER_CNT:PACKAGE0
Found: rapl:::MINIMUM_POWER_CNT:PACKAGE1
Found: rapl:::MAXIMUM_POWER_CNT:PACKAGE0
Found: rapl:::MAXIMUM_POWER_CNT:PACKAGE1
Found: rapl:::MAXIMUM_TIME_WINDOW_CNT:PACKAGE0
Found: rapl:::MAXIMUM_TIME_WINDOW_CNT:PACKAGE1
Found: rapl:::PACKAGE_ENERGY_CNT:PACKAGE0
Found: rapl:::PACKAGE_ENERGY_CNT:PACKAGE1
Found: rapl:::DRAM_ENERGY_CNT:PACKAGE0
Found: rapl:::DRAM_ENERGY_CNT:PACKAGE1
Found: rapl:::PP0_ENERGY_CNT:PACKAGE0
Found: rapl:::PP0_ENERGY_CNT:PACKAGE1
Found: rapl:::THERMAL_SPEC:PACKAGE0
Found: rapl:::THERMAL_SPEC:PACKAGE1
Found: rapl:::MINIMUM_POWER:PACKAGE0
Found: rapl:::MINIMUM_POWER:PACKAGE1
Found: rapl:::MAXIMUM_POWER:PACKAGE0
Found: rapl:::MAXIMUM_POWER:PACKAGE1
Found: rapl:::MAXIMUM_TIME_WINDOW:PACKAGE0
Found: rapl:::MAXIMUM_TIME_WINDOW:PACKAGE1
Found: rapl:::PACKAGE_ENERGY:PACKAGE0
Found: rapl:::PACKAGE_ENERGY:PACKAGE1
Found: rapl:::DRAM_ENERGY:PACKAGE0
Found: rapl:::DRAM_ENERGY:PACKAGE1
Found: rapl:::PP0_ENERGY:PACKAGE0
Found: rapl:::PP0_ENERGY:PACKAGE1
Starting creation of rooted tree
0.0754 s 0.0000 (* Average Power for rapl:::THERMAL_SPEC_CNT:PACKAGE0 *)
0.0754 s 0.0000 (* Average Power for rapl:::THERMAL_SPEC_CNT:PACKAGE1 *)
0.0754 s 0.0000 (* Average Power for rapl:::MINIMUM_POWER_CNT:PACKAGE0 *)
0.0754 s 0.0000 (* Average Power for rapl:::MINIMUM_POWER_CNT:PACKAGE1 *)
0.0754 s 0.0000 (* Average Power for rapl:::MAXIMUM_POWER_CNT:PACKAGE0 *)
0.0754 s 0.0000 (* Average Power for rapl:::MAXIMUM_POWER_CNT:PACKAGE1 *)
0.0754 s 0.0000 (* Average Power for rapl:::MAXIMUM_TIME_WINDOW_CNT:PACKAGE0 *)
0.0754 s 0.0000 (* Average Power for rapl:::MAXIMUM_TIME_WINDOW_CNT:PACKAGE1 *)
0.0754 s 0.0013 (* Average Power for rapl:::PACKAGE_ENERGY_CNT:PACKAGE0 *)
0.0754 s 0.0014 (* Average Power for rapl:::PACKAGE_ENERGY_CNT:PACKAGE1 *)
0.0754 s 0.0010 (* Average Power for rapl:::DRAM_ENERGY_CNT:PACKAGE0 *)
0.0754 s 0.0015 (* Average Power for rapl:::DRAM_ENERGY_CNT:PACKAGE1 *)
0.0754 s 0.0000 (* Average Power for rapl:::PP0_ENERGY_CNT:PACKAGE0 *)
0.0754 s 0.0000 (* Average Power for rapl:::PP0_ENERGY_CNT:PACKAGE1 *)
0.0754 s 61497493058.8848 (* Average Power for rapl:::THERMAL_SPEC:PACKAGE0 *)
0.0754 s 61497493058.8848 (* Average Power for rapl:::THERMAL_SPEC:PACKAGE1 *)
0.0754 s 61434529685.2077 (* Average Power for rapl:::MINIMUM_POWER:PACKAGE0 *)
0.0754 s 61434529685.2077 (* Average Power for rapl:::MINIMUM_POWER:PACKAGE1 *)
0.0754 s 61557191665.0380 (* Average Power for rapl:::MAXIMUM_POWER:PACKAGE0 *)
0.0754 s 61557191665.0380 (* Average Power for rapl:::MAXIMUM_POWER:PACKAGE1 *)
0.0754 s 60801164785.5515 (* Average Power for rapl:::MAXIMUM_TIME_WINDOW:PACKAGE0 *)
0.0754 s 60801164785.5515 (* Average Power for rapl:::MAXIMUM_TIME_WINDOW:PACKAGE1 *)
0.0754 s 6.1932 (* Total Energy for rapl:::PACKAGE_ENERGY:PACKAGE0 *)
0.0754 s 82.0952 (* Average Power for rapl:::PACKAGE_ENERGY:PACKAGE0 *)
0.0754 s 6.4499 (* Total Energy for rapl:::PACKAGE_ENERGY:PACKAGE1 *)
0.0754 s 85.4982 (* Average Power for rapl:::PACKAGE_ENERGY:PACKAGE1 *)
0.0754 s 15.5315 (* Average Power for rapl:::DRAM_ENERGY:PACKAGE0 *)
0.0754 s 23.5772 (* Average Power for rapl:::DRAM_ENERGY:PACKAGE1 *)
0.0754 s 0.0000 (* Average Power for rapl:::PP0_ENERGY:PACKAGE0 *)
0.0754 s 0.0000 (* Average Power for rapl:::PP0_ENERGY:PACKAGE1 *)
Total Time for Obtaining Degrees of Vertices  0.075383 
==Update Starts =======
root111=0
root=8355585
Max height=208
Total Time for Creating Initial Rooted Tree at iter 1 is 9.801166 with Type:1
Found rapl component at cid 2
Found: rapl:::THERMAL_SPEC_CNT:PACKAGE0
Found: rapl:::THERMAL_SPEC_CNT:PACKAGE1
Found: rapl:::MINIMUM_POWER_CNT:PACKAGE0
Found: rapl:::MINIMUM_POWER_CNT:PACKAGE1
Found: rapl:::MAXIMUM_POWER_CNT:PACKAGE0
Found: rapl:::MAXIMUM_POWER_CNT:PACKAGE1
Found: rapl:::MAXIMUM_TIME_WINDOW_CNT:PACKAGE0
Found: rapl:::MAXIMUM_TIME_WINDOW_CNT:PACKAGE1
Found: rapl:::PACKAGE_ENERGY_CNT:PACKAGE0
Found: rapl:::PACKAGE_ENERGY_CNT:PACKAGE1
Found: rapl:::DRAM_ENERGY_CNT:PACKAGE0
Found: rapl:::DRAM_ENERGY_CNT:PACKAGE1
Found: rapl:::PP0_ENERGY_CNT:PACKAGE0
Found: rapl:::PP0_ENERGY_CNT:PACKAGE1
Found: rapl:::THERMAL_SPEC:PACKAGE0
Found: rapl:::THERMAL_SPEC:PACKAGE1
Found: rapl:::MINIMUM_POWER:PACKAGE0
Found: rapl:::MINIMUM_POWER:PACKAGE1
Found: rapl:::MAXIMUM_POWER:PACKAGE0
Found: rapl:::MAXIMUM_POWER:PACKAGE1
Found: rapl:::MAXIMUM_TIME_WINDOW:PACKAGE0
Found: rapl:::MAXIMUM_TIME_WINDOW:PACKAGE1
Found: rapl:::PACKAGE_ENERGY:PACKAGE0
Found: rapl:::PACKAGE_ENERGY:PACKAGE1
Found: rapl:::DRAM_ENERGY:PACKAGE0
Found: rapl:::DRAM_ENERGY:PACKAGE1
Found: rapl:::PP0_ENERGY:PACKAGE0
Found: rapl:::PP0_ENERGY:PACKAGE1
Starting Classify and Insert
Classify 999999 999999  
Time for insertion Flag  0.609532
Deleted Edges: 30874 
Processed Inserts: 161649
 Unprocessed Inserts: 0
 0.6182 s 0.0000 (* Average Power for rapl:::THERMAL_SPEC_CNT:PACKAGE0 *)
0.6182 s 0.0000 (* Average Power for rapl:::THERMAL_SPEC_CNT:PACKAGE1 *)
0.6182 s 0.0000 (* Average Power for rapl:::MINIMUM_POWER_CNT:PACKAGE0 *)
0.6182 s 0.0000 (* Average Power for rapl:::MINIMUM_POWER_CNT:PACKAGE1 *)
0.6182 s 0.0000 (* Average Power for rapl:::MAXIMUM_POWER_CNT:PACKAGE0 *)
0.6182 s 0.0000 (* Average Power for rapl:::MAXIMUM_POWER_CNT:PACKAGE1 *)
0.6182 s 0.0000 (* Average Power for rapl:::MAXIMUM_TIME_WINDOW_CNT:PACKAGE0 *)
0.6182 s 0.0000 (* Average Power for rapl:::MAXIMUM_TIME_WINDOW_CNT:PACKAGE1 *)
0.6182 s 0.0005 (* Average Power for rapl:::PACKAGE_ENERGY_CNT:PACKAGE0 *)
0.6182 s 0.0009 (* Average Power for rapl:::PACKAGE_ENERGY_CNT:PACKAGE1 *)
0.6182 s 0.0007 (* Average Power for rapl:::DRAM_ENERGY_CNT:PACKAGE0 *)
0.6182 s 0.0010 (* Average Power for rapl:::DRAM_ENERGY_CNT:PACKAGE1 *)
0.6182 s 0.0000 (* Average Power for rapl:::PP0_ENERGY_CNT:PACKAGE0 *)
0.6182 s 0.0000 (* Average Power for rapl:::PP0_ENERGY_CNT:PACKAGE1 *)
0.6182 s 7504841493.5653 (* Average Power for rapl:::THERMAL_SPEC:PACKAGE0 *)
0.6182 s 7504841493.5653 (* Average Power for rapl:::THERMAL_SPEC:PACKAGE1 *)
0.6182 s 7497157763.4514 (* Average Power for rapl:::MINIMUM_POWER:PACKAGE0 *)
0.6182 s 7497157763.4514 (* Average Power for rapl:::MINIMUM_POWER:PACKAGE1 *)
0.6182 s 7512126808.0437 (* Average Power for rapl:::MAXIMUM_POWER:PACKAGE0 *)
0.6182 s 7512126808.0437 (* Average Power for rapl:::MAXIMUM_POWER:PACKAGE1 *)
0.6182 s 7419865130.1573 (* Average Power for rapl:::MAXIMUM_TIME_WINDOW:PACKAGE0 *)
0.6182 s 7419865130.1573 (* Average Power for rapl:::MAXIMUM_TIME_WINDOW:PACKAGE1 *)
0.6182 s 17.7947 (* Total Energy for rapl:::PACKAGE_ENERGY:PACKAGE0 *)
0.6182 s 28.7858 (* Average Power for rapl:::PACKAGE_ENERGY:PACKAGE0 *)
0.6182 s 34.4186 (* Total Energy for rapl:::PACKAGE_ENERGY:PACKAGE1 *)
0.6182 s 55.6777 (* Average Power for rapl:::PACKAGE_ENERGY:PACKAGE1 *)
0.6182 s 11.3503 (* Average Power for rapl:::DRAM_ENERGY:PACKAGE0 *)
0.6182 s 15.1083 (* Average Power for rapl:::DRAM_ENERGY:PACKAGE1 *)
0.6182 s 0.0000 (* Average Power for rapl:::PP0_ENERGY:PACKAGE0 *)
0.6182 s 0.0000 (* Average Power for rapl:::PP0_ENERGY:PACKAGE1 *)
Time for Classify and insert  0.618089 
Found rapl component at cid 2
Found: rapl:::THERMAL_SPEC_CNT:PACKAGE0
Found: rapl:::THERMAL_SPEC_CNT:PACKAGE1
Found: rapl:::MINIMUM_POWER_CNT:PACKAGE0
Found: rapl:::MINIMUM_POWER_CNT:PACKAGE1
Found: rapl:::MAXIMUM_POWER_CNT:PACKAGE0
Found: rapl:::MAXIMUM_POWER_CNT:PACKAGE1
Found: rapl:::MAXIMUM_TIME_WINDOW_CNT:PACKAGE0
Found: rapl:::MAXIMUM_TIME_WINDOW_CNT:PACKAGE1
Found: rapl:::PACKAGE_ENERGY_CNT:PACKAGE0
Found: rapl:::PACKAGE_ENERGY_CNT:PACKAGE1
Found: rapl:::DRAM_ENERGY_CNT:PACKAGE0
Found: rapl:::DRAM_ENERGY_CNT:PACKAGE1
Found: rapl:::PP0_ENERGY_CNT:PACKAGE0
Found: rapl:::PP0_ENERGY_CNT:PACKAGE1
Found: rapl:::THERMAL_SPEC:PACKAGE0
Found: rapl:::THERMAL_SPEC:PACKAGE1
Found: rapl:::MINIMUM_POWER:PACKAGE0
Found: rapl:::MINIMUM_POWER:PACKAGE1
Found: rapl:::MAXIMUM_POWER:PACKAGE0
Found: rapl:::MAXIMUM_POWER:PACKAGE1
Found: rapl:::MAXIMUM_TIME_WINDOW:PACKAGE0
Found: rapl:::MAXIMUM_TIME_WINDOW:PACKAGE1
Found: rapl:::PACKAGE_ENERGY:PACKAGE0
Found: rapl:::PACKAGE_ENERGY:PACKAGE1
Found: rapl:::DRAM_ENERGY:PACKAGE0
Found: rapl:::DRAM_ENERGY:PACKAGE1
Found: rapl:::PP0_ENERGY:PACKAGE0
Found: rapl:::PP0_ENERGY:PACKAGE1
Starting process_deletions
done updating maXE 
1.7828 s 0.0000 (* Average Power for rapl:::THERMAL_SPEC_CNT:PACKAGE0 *)
1.7828 s 0.0000 (* Average Power for rapl:::THERMAL_SPEC_CNT:PACKAGE1 *)
1.7828 s 0.0000 (* Average Power for rapl:::MINIMUM_POWER_CNT:PACKAGE0 *)
1.7828 s 0.0000 (* Average Power for rapl:::MINIMUM_POWER_CNT:PACKAGE1 *)
1.7828 s 0.0000 (* Average Power for rapl:::MAXIMUM_POWER_CNT:PACKAGE0 *)
1.7828 s 0.0000 (* Average Power for rapl:::MAXIMUM_POWER_CNT:PACKAGE1 *)
1.7828 s 0.0000 (* Average Power for rapl:::MAXIMUM_TIME_WINDOW_CNT:PACKAGE0 *)
1.7828 s 0.0000 (* Average Power for rapl:::MAXIMUM_TIME_WINDOW_CNT:PACKAGE1 *)
1.7828 s 0.0009 (* Average Power for rapl:::PACKAGE_ENERGY_CNT:PACKAGE0 *)
1.7828 s 0.0012 (* Average Power for rapl:::PACKAGE_ENERGY_CNT:PACKAGE1 *)
1.7828 s 0.0010 (* Average Power for rapl:::DRAM_ENERGY_CNT:PACKAGE0 *)
1.7828 s 0.0010 (* Average Power for rapl:::DRAM_ENERGY_CNT:PACKAGE1 *)
1.7828 s 0.0000 (* Average Power for rapl:::PP0_ENERGY_CNT:PACKAGE0 *)
1.7828 s 0.0000 (* Average Power for rapl:::PP0_ENERGY_CNT:PACKAGE1 *)
1.7828 s 2602193192.2702 (* Average Power for rapl:::THERMAL_SPEC:PACKAGE0 *)
1.7828 s 2602193192.2702 (* Average Power for rapl:::THERMAL_SPEC:PACKAGE1 *)
1.7828 s 2599528972.0850 (* Average Power for rapl:::MINIMUM_POWER:PACKAGE0 *)
1.7828 s 2599528972.0850 (* Average Power for rapl:::MINIMUM_POWER:PACKAGE1 *)
1.7828 s 2604719267.7050 (* Average Power for rapl:::MAXIMUM_POWER:PACKAGE0 *)
1.7828 s 2604719267.7050 (* Average Power for rapl:::MAXIMUM_POWER:PACKAGE1 *)
1.7828 s 2572728890.5186 (* Average Power for rapl:::MAXIMUM_TIME_WINDOW:PACKAGE0 *)
1.7828 s 2572728890.5186 (* Average Power for rapl:::MAXIMUM_TIME_WINDOW:PACKAGE1 *)
1.7828 s 102.5975 (* Total Energy for rapl:::PACKAGE_ENERGY:PACKAGE0 *)
1.7828 s 57.5471 (* Average Power for rapl:::PACKAGE_ENERGY:PACKAGE0 *)
1.7828 s 128.1495 (* Total Energy for rapl:::PACKAGE_ENERGY:PACKAGE1 *)
1.7828 s 71.8792 (* Average Power for rapl:::PACKAGE_ENERGY:PACKAGE1 *)
1.7828 s 15.2310 (* Average Power for rapl:::DRAM_ENERGY:PACKAGE0 *)
1.7828 s 15.0531 (* Average Power for rapl:::DRAM_ENERGY:PACKAGE1 *)
1.7828 s 0.0000 (* Average Power for rapl:::PP0_ENERGY:PACKAGE0 *)
1.7828 s 0.0000 (* Average Power for rapl:::PP0_ENERGY:PACKAGE1 *)
Time for Deletion  1.782816 
Total Time for Updating at Batch 1 is 2.401929 
=======
Total Time for Updating  12.421729 
	Command being timed: "/home/users/norris/research/easy-parallel-graph/autoperf/mst/lib/xpscode/MST_May5/a.out /home/users/norris/research/easy-parallel-graph/experiment/datasets/rmat248_G.diff /home/users/norris/research/easy-parallel-graph/experiment/datasets/rmat248_G.cert /home/users/norris/research/easy-parallel-graph/experiment/datasets/CE/rmat24/rmat24g1m75 100 16777216 1000000 8"
	User time (seconds): 124.01
	System time (seconds): 3.84
	Percent of CPU this job got: 111%
	Elapsed (wall clock) time (h:mm:ss or m:ss): 1:54.21
	Average shared text size (kbytes): 0
	Average unshared data size (kbytes): 0
	Average stack size (kbytes): 0
	Average total size (kbytes): 0
	Maximum resident set size (kbytes): 2812264
	Average resident set size (kbytes): 0
	Major (requiring I/O) page faults: 0
	Minor (reclaiming a frame) page faults: 861294
	Voluntary context switches: 516
	Involuntary context switches: 149
	Swaps: 0
	File system inputs: 0
	File system outputs: 32
	Socket messages sent: 0
	Socket messages received: 0
	Signals delivered: 0
	Page size (bytes): 4096
	Exit status: 0
Command terminated by signal 11
	Command being timed: "/home/users/norris/research/easy-parallel-graph/autoperf/mst/lib/xpscode/MST_May5/a.out /home/users/norris/research/easy-parallel-graph/experiment/datasets/rmat248_G.diff /home/users/norris/research/easy-parallel-graph/experiment/datasets/rmat248_G.cert /home/users/norris/research/easy-parallel-graph/experiment/datasets/CE/rmat24/rmat24g1m75 100 16777216 8"
	User time (seconds): 0.00
	System time (seconds): 0.00
	Percent of CPU this job got: 0%
	Elapsed (wall clock) time (h:mm:ss or m:ss): 0:00.09
	Average shared text size (kbytes): 0
	Average unshared data size (kbytes): 0
	Average stack size (kbytes): 0
	Average total size (kbytes): 0
	Maximum resident set size (kbytes): 4844
	Average resident set size (kbytes): 0
	Major (requiring I/O) page faults: 0
	Minor (reclaiming a frame) page faults: 340
	Voluntary context switches: 3
	Involuntary context switches: 1
	Swaps: 0
	File system inputs: 0
	File system outputs: 0
	Socket messages sent: 0
	Socket messages received: 0
	Signals delivered: 0
	Page size (bytes): 4096
	Exit status: 0
Command terminated by signal 11
	Command being timed: "/home/users/norris/research/easy-parallel-graph/autoperf/mst/lib/xpscode/MST_May5/a.out /home/users/norris/research/easy-parallel-graph/experiment/datasets/rmat248_G.diff /home/users/norris/research/easy-parallel-graph/experiment/datasets/rmat248_G.cert /home/users/norris/research/easy-parallel-graph/experiment/datasets/CE/rmat24/rmat24g1m75 100 16777216 8"
	User time (seconds): 0.00
	System time (seconds): 0.00
	Percent of CPU this job got: 0%
	Elapsed (wall clock) time (h:mm:ss or m:ss): 0:00.09
	Average shared text size (kbytes): 0
	Average unshared data size (kbytes): 0
	Average stack size (kbytes): 0
	Average total size (kbytes): 0
	Maximum resident set size (kbytes): 4784
	Average resident set size (kbytes): 0
	Major (requiring I/O) page faults: 0
	Minor (reclaiming a frame) page faults: 335
	Voluntary context switches: 3
	Involuntary context switches: 1
	Swaps: 0
	File system inputs: 0
	File system outputs: 0
	Socket messages sent: 0
	Socket messages received: 0
	Signals delivered: 0
	Page size (bytes): 4096
	Exit status: 0
