Highest Edge Value 10 --
Time Taken for Initializing Memory 0.367670 
Total Time for Reading Remainder Edges 78.926458 
Total Time for Reading Certificate Network 18.890070 
Total Time for Reading Update List 0.435560 
Found rapl component at cid 2
Found: rapl:::THERMAL_SPEC_CNT:PACKAGE0
Found: rapl:::THERMAL_SPEC_CNT:PACKAGE1
Found: rapl:::MINIMUM_POWER_CNT:PACKAGE0
Found: rapl:::MINIMUM_POWER_CNT:PACKAGE1
Found: rapl:::MAXIMUM_POWER_CNT:PACKAGE0
Found: rapl:::MAXIMUM_POWER_CNT:PACKAGE1
Found: rapl:::MAXIMUM_TIME_WINDOW_CNT:PACKAGE0
Found: rapl:::MAXIMUM_TIME_WINDOW_CNT:PACKAGE1
Found: rapl:::PACKAGE_ENERGY_CNT:PACKAGE0
Found: rapl:::PACKAGE_ENERGY_CNT:PACKAGE1
Found: rapl:::DRAM_ENERGY_CNT:PACKAGE0
Found: rapl:::DRAM_ENERGY_CNT:PACKAGE1
Found: rapl:::PP0_ENERGY_CNT:PACKAGE0
Found: rapl:::PP0_ENERGY_CNT:PACKAGE1
Found: rapl:::THERMAL_SPEC:PACKAGE0
Found: rapl:::THERMAL_SPEC:PACKAGE1
Found: rapl:::MINIMUM_POWER:PACKAGE0
Found: rapl:::MINIMUM_POWER:PACKAGE1
Found: rapl:::MAXIMUM_POWER:PACKAGE0
Found: rapl:::MAXIMUM_POWER:PACKAGE1
Found: rapl:::MAXIMUM_TIME_WINDOW:PACKAGE0
Found: rapl:::MAXIMUM_TIME_WINDOW:PACKAGE1
Found: rapl:::PACKAGE_ENERGY:PACKAGE0
Found: rapl:::PACKAGE_ENERGY:PACKAGE1
Found: rapl:::DRAM_ENERGY:PACKAGE0
Found: rapl:::DRAM_ENERGY:PACKAGE1
Found: rapl:::PP0_ENERGY:PACKAGE0
Found: rapl:::PP0_ENERGY:PACKAGE1
Starting creation of rooted tree
0.1751 s 0.0000 (* Average Power for rapl:::THERMAL_SPEC_CNT:PACKAGE0 *)
0.1751 s 0.0000 (* Average Power for rapl:::THERMAL_SPEC_CNT:PACKAGE1 *)
0.1751 s 0.0000 (* Average Power for rapl:::MINIMUM_POWER_CNT:PACKAGE0 *)
0.1751 s 0.0000 (* Average Power for rapl:::MINIMUM_POWER_CNT:PACKAGE1 *)
0.1751 s 0.0000 (* Average Power for rapl:::MAXIMUM_POWER_CNT:PACKAGE0 *)
0.1751 s 0.0000 (* Average Power for rapl:::MAXIMUM_POWER_CNT:PACKAGE1 *)
0.1751 s 0.0000 (* Average Power for rapl:::MAXIMUM_TIME_WINDOW_CNT:PACKAGE0 *)
0.1751 s 0.0000 (* Average Power for rapl:::MAXIMUM_TIME_WINDOW_CNT:PACKAGE1 *)
0.1751 s 0.0014 (* Average Power for rapl:::PACKAGE_ENERGY_CNT:PACKAGE0 *)
0.1751 s 0.0012 (* Average Power for rapl:::PACKAGE_ENERGY_CNT:PACKAGE1 *)
0.1751 s 0.0012 (* Average Power for rapl:::DRAM_ENERGY_CNT:PACKAGE0 *)
0.1751 s 0.0010 (* Average Power for rapl:::DRAM_ENERGY_CNT:PACKAGE1 *)
0.1751 s 0.0000 (* Average Power for rapl:::PP0_ENERGY_CNT:PACKAGE0 *)
0.1751 s 0.0000 (* Average Power for rapl:::PP0_ENERGY_CNT:PACKAGE1 *)
0.1751 s 26489968980.2130 (* Average Power for rapl:::THERMAL_SPEC:PACKAGE0 *)
0.1751 s 26489968980.2130 (* Average Power for rapl:::THERMAL_SPEC:PACKAGE1 *)
0.1751 s 26462847584.9717 (* Average Power for rapl:::MINIMUM_POWER:PACKAGE0 *)
0.1751 s 26462847584.9717 (* Average Power for rapl:::MINIMUM_POWER:PACKAGE1 *)
0.1751 s 26515684080.8862 (* Average Power for rapl:::MAXIMUM_POWER:PACKAGE0 *)
0.1751 s 26515684080.8862 (* Average Power for rapl:::MAXIMUM_POWER:PACKAGE1 *)
0.1751 s 26190026438.7669 (* Average Power for rapl:::MAXIMUM_TIME_WINDOW:PACKAGE0 *)
0.1751 s 26190026438.7669 (* Average Power for rapl:::MAXIMUM_TIME_WINDOW:PACKAGE1 *)
0.1751 s 14.8499 (* Total Energy for rapl:::PACKAGE_ENERGY:PACKAGE0 *)
0.1751 s 84.7912 (* Average Power for rapl:::PACKAGE_ENERGY:PACKAGE0 *)
0.1751 s 12.7797 (* Total Energy for rapl:::PACKAGE_ENERGY:PACKAGE1 *)
0.1751 s 72.9709 (* Average Power for rapl:::PACKAGE_ENERGY:PACKAGE1 *)
0.1751 s 17.5814 (* Average Power for rapl:::DRAM_ENERGY:PACKAGE0 *)
0.1751 s 15.5608 (* Average Power for rapl:::DRAM_ENERGY:PACKAGE1 *)
0.1751 s 0.0000 (* Average Power for rapl:::PP0_ENERGY:PACKAGE0 *)
0.1751 s 0.0000 (* Average Power for rapl:::PP0_ENERGY:PACKAGE1 *)
Total Time for Obtaining Degrees of Vertices  0.175102 
==Update Starts =======
root111=0
root=8355585
Max height=208
Total Time for Creating Initial Rooted Tree at iter 1 is 9.234849 with Type:1
Found rapl component at cid 2
Found: rapl:::THERMAL_SPEC_CNT:PACKAGE0
Found: rapl:::THERMAL_SPEC_CNT:PACKAGE1
Found: rapl:::MINIMUM_POWER_CNT:PACKAGE0
Found: rapl:::MINIMUM_POWER_CNT:PACKAGE1
Found: rapl:::MAXIMUM_POWER_CNT:PACKAGE0
Found: rapl:::MAXIMUM_POWER_CNT:PACKAGE1
Found: rapl:::MAXIMUM_TIME_WINDOW_CNT:PACKAGE0
Found: rapl:::MAXIMUM_TIME_WINDOW_CNT:PACKAGE1
Found: rapl:::PACKAGE_ENERGY_CNT:PACKAGE0
Found: rapl:::PACKAGE_ENERGY_CNT:PACKAGE1
Found: rapl:::DRAM_ENERGY_CNT:PACKAGE0
Found: rapl:::DRAM_ENERGY_CNT:PACKAGE1
Found: rapl:::PP0_ENERGY_CNT:PACKAGE0
Found: rapl:::PP0_ENERGY_CNT:PACKAGE1
Found: rapl:::THERMAL_SPEC:PACKAGE0
Found: rapl:::THERMAL_SPEC:PACKAGE1
Found: rapl:::MINIMUM_POWER:PACKAGE0
Found: rapl:::MINIMUM_POWER:PACKAGE1
Found: rapl:::MAXIMUM_POWER:PACKAGE0
Found: rapl:::MAXIMUM_POWER:PACKAGE1
Found: rapl:::MAXIMUM_TIME_WINDOW:PACKAGE0
Found: rapl:::MAXIMUM_TIME_WINDOW:PACKAGE1
Found: rapl:::PACKAGE_ENERGY:PACKAGE0
Found: rapl:::PACKAGE_ENERGY:PACKAGE1
Found: rapl:::DRAM_ENERGY:PACKAGE0
Found: rapl:::DRAM_ENERGY:PACKAGE1
Found: rapl:::PP0_ENERGY:PACKAGE0
Found: rapl:::PP0_ENERGY:PACKAGE1
Starting Classify and Insert
Classify 999999 999999  
Time for insertion Flag  0.897426
Deleted Edges: 0 
Processed Inserts: 211810
 Unprocessed Inserts: 0
 0.9060 s 0.0000 (* Average Power for rapl:::THERMAL_SPEC_CNT:PACKAGE0 *)
0.9060 s 0.0000 (* Average Power for rapl:::THERMAL_SPEC_CNT:PACKAGE1 *)
0.9060 s 0.0000 (* Average Power for rapl:::MINIMUM_POWER_CNT:PACKAGE0 *)
0.9060 s 0.0000 (* Average Power for rapl:::MINIMUM_POWER_CNT:PACKAGE1 *)
0.9060 s 0.0000 (* Average Power for rapl:::MAXIMUM_POWER_CNT:PACKAGE0 *)
0.9060 s 0.0000 (* Average Power for rapl:::MAXIMUM_POWER_CNT:PACKAGE1 *)
0.9060 s 0.0000 (* Average Power for rapl:::MAXIMUM_TIME_WINDOW_CNT:PACKAGE0 *)
0.9060 s 0.0000 (* Average Power for rapl:::MAXIMUM_TIME_WINDOW_CNT:PACKAGE1 *)
0.9060 s 0.0008 (* Average Power for rapl:::PACKAGE_ENERGY_CNT:PACKAGE0 *)
0.9060 s 0.0007 (* Average Power for rapl:::PACKAGE_ENERGY_CNT:PACKAGE1 *)
0.9060 s 0.0009 (* Average Power for rapl:::DRAM_ENERGY_CNT:PACKAGE0 *)
0.9060 s 0.0009 (* Average Power for rapl:::DRAM_ENERGY_CNT:PACKAGE1 *)
0.9060 s 0.0000 (* Average Power for rapl:::PP0_ENERGY_CNT:PACKAGE0 *)
0.9060 s 0.0000 (* Average Power for rapl:::PP0_ENERGY_CNT:PACKAGE1 *)
0.9060 s 5120544480.2280 (* Average Power for rapl:::THERMAL_SPEC:PACKAGE0 *)
0.9060 s 5120544480.2280 (* Average Power for rapl:::THERMAL_SPEC:PACKAGE1 *)
0.9060 s 5115301880.2535 (* Average Power for rapl:::MINIMUM_POWER:PACKAGE0 *)
0.9060 s 5115301880.2535 (* Average Power for rapl:::MINIMUM_POWER:PACKAGE1 *)
0.9060 s 5125515241.6852 (* Average Power for rapl:::MAXIMUM_POWER:PACKAGE0 *)
0.9060 s 5125515241.6852 (* Average Power for rapl:::MAXIMUM_POWER:PACKAGE1 *)
0.9060 s 5062565207.9180 (* Average Power for rapl:::MAXIMUM_TIME_WINDOW:PACKAGE0 *)
0.9060 s 5062565207.9180 (* Average Power for rapl:::MAXIMUM_TIME_WINDOW:PACKAGE1 *)
0.9060 s 43.3845 (* Total Energy for rapl:::PACKAGE_ENERGY:PACKAGE0 *)
0.9060 s 47.8848 (* Average Power for rapl:::PACKAGE_ENERGY:PACKAGE0 *)
0.9060 s 37.0038 (* Total Energy for rapl:::PACKAGE_ENERGY:PACKAGE1 *)
0.9060 s 40.8422 (* Average Power for rapl:::PACKAGE_ENERGY:PACKAGE1 *)
0.9060 s 14.4448 (* Average Power for rapl:::DRAM_ENERGY:PACKAGE0 *)
0.9060 s 13.7329 (* Average Power for rapl:::DRAM_ENERGY:PACKAGE1 *)
0.9060 s 0.0000 (* Average Power for rapl:::PP0_ENERGY:PACKAGE0 *)
0.9060 s 0.0000 (* Average Power for rapl:::PP0_ENERGY:PACKAGE1 *)
Time for Classify and insert  0.905930 
Found rapl component at cid 2
Found: rapl:::THERMAL_SPEC_CNT:PACKAGE0
Found: rapl:::THERMAL_SPEC_CNT:PACKAGE1
Found: rapl:::MINIMUM_POWER_CNT:PACKAGE0
Found: rapl:::MINIMUM_POWER_CNT:PACKAGE1
Found: rapl:::MAXIMUM_POWER_CNT:PACKAGE0
Found: rapl:::MAXIMUM_POWER_CNT:PACKAGE1
Found: rapl:::MAXIMUM_TIME_WINDOW_CNT:PACKAGE0
Found: rapl:::MAXIMUM_TIME_WINDOW_CNT:PACKAGE1
Found: rapl:::PACKAGE_ENERGY_CNT:PACKAGE0
Found: rapl:::PACKAGE_ENERGY_CNT:PACKAGE1
Found: rapl:::DRAM_ENERGY_CNT:PACKAGE0
Found: rapl:::DRAM_ENERGY_CNT:PACKAGE1
Found: rapl:::PP0_ENERGY_CNT:PACKAGE0
Found: rapl:::PP0_ENERGY_CNT:PACKAGE1
Found: rapl:::THERMAL_SPEC:PACKAGE0
Found: rapl:::THERMAL_SPEC:PACKAGE1
Found: rapl:::MINIMUM_POWER:PACKAGE0
Found: rapl:::MINIMUM_POWER:PACKAGE1
Found: rapl:::MAXIMUM_POWER:PACKAGE0
Found: rapl:::MAXIMUM_POWER:PACKAGE1
Found: rapl:::MAXIMUM_TIME_WINDOW:PACKAGE0
Found: rapl:::MAXIMUM_TIME_WINDOW:PACKAGE1
Found: rapl:::PACKAGE_ENERGY:PACKAGE0
Found: rapl:::PACKAGE_ENERGY:PACKAGE1
Found: rapl:::DRAM_ENERGY:PACKAGE0
Found: rapl:::DRAM_ENERGY:PACKAGE1
Found: rapl:::PP0_ENERGY:PACKAGE0
Found: rapl:::PP0_ENERGY:PACKAGE1
Starting process_deletions
0.0000 s 0.0416 (* Average Power for rapl:::THERMAL_SPEC_CNT:PACKAGE0 *)
0.0000 s 0.0416 (* Average Power for rapl:::THERMAL_SPEC_CNT:PACKAGE1 *)
0.0000 s 0.0198 (* Average Power for rapl:::MINIMUM_POWER_CNT:PACKAGE0 *)
0.0000 s 0.0198 (* Average Power for rapl:::MINIMUM_POWER_CNT:PACKAGE1 *)
0.0000 s 0.0832 (* Average Power for rapl:::MAXIMUM_POWER_CNT:PACKAGE0 *)
0.0000 s 0.0832 (* Average Power for rapl:::MAXIMUM_POWER_CNT:PACKAGE1 *)
0.0000 s 0.0017 (* Average Power for rapl:::MAXIMUM_TIME_WINDOW_CNT:PACKAGE0 *)
0.0000 s 0.0017 (* Average Power for rapl:::MAXIMUM_TIME_WINDOW_CNT:PACKAGE1 *)
0.0000 s 0.0000 (* Average Power for rapl:::PACKAGE_ENERGY_CNT:PACKAGE0 *)
0.0000 s 0.0000 (* Average Power for rapl:::PACKAGE_ENERGY_CNT:PACKAGE1 *)
0.0000 s 0.0000 (* Average Power for rapl:::DRAM_ENERGY_CNT:PACKAGE0 *)
0.0000 s 0.0000 (* Average Power for rapl:::DRAM_ENERGY_CNT:PACKAGE1 *)
0.0000 s 0.0000 (* Average Power for rapl:::PP0_ENERGY_CNT:PACKAGE0 *)
0.0000 s 0.0000 (* Average Power for rapl:::PP0_ENERGY_CNT:PACKAGE1 *)
0.0000 s 166295281042265.4375 (* Average Power for rapl:::THERMAL_SPEC:PACKAGE0 *)
0.0000 s 166295281042265.4375 (* Average Power for rapl:::THERMAL_SPEC:PACKAGE1 *)
0.0000 s 166125021875587.0938 (* Average Power for rapl:::MINIMUM_POWER:PACKAGE0 *)
0.0000 s 166125021875587.0938 (* Average Power for rapl:::MINIMUM_POWER:PACKAGE1 *)
0.0000 s 166456711955856.7500 (* Average Power for rapl:::MAXIMUM_POWER:PACKAGE0 *)
0.0000 s 166456711955856.7500 (* Average Power for rapl:::MAXIMUM_POWER:PACKAGE1 *)
0.0000 s 164412340776704.2500 (* Average Power for rapl:::MAXIMUM_TIME_WINDOW:PACKAGE0 *)
0.0000 s 164412340776704.2500 (* Average Power for rapl:::MAXIMUM_TIME_WINDOW:PACKAGE1 *)
0.0000 s 0.0000 (* Total Energy for rapl:::PACKAGE_ENERGY:PACKAGE0 *)
0.0000 s 0.0000 (* Average Power for rapl:::PACKAGE_ENERGY:PACKAGE0 *)
0.0000 s 0.0000 (* Total Energy for rapl:::PACKAGE_ENERGY:PACKAGE1 *)
0.0000 s 0.0000 (* Average Power for rapl:::PACKAGE_ENERGY:PACKAGE1 *)
0.0000 s 0.0000 (* Average Power for rapl:::DRAM_ENERGY:PACKAGE0 *)
0.0000 s 0.0000 (* Average Power for rapl:::DRAM_ENERGY:PACKAGE1 *)
0.0000 s 0.0000 (* Average Power for rapl:::PP0_ENERGY:PACKAGE0 *)
0.0000 s 0.0000 (* Average Power for rapl:::PP0_ENERGY:PACKAGE1 *)
Time for Deletion  0.000000 
Total Time for Updating at Batch 1 is 0.906846 
=======
Total Time for Updating  10.419211 
	Command being timed: "/home/users/norris/research/easy-parallel-graph/autoperf/mst/lib/xpscode/MST_May5/a.out /home/users/norris/research/easy-parallel-graph/experiment/datasets/rmat248_G.diff /home/users/norris/research/easy-parallel-graph/experiment/datasets/rmat248_G.cert /home/users/norris/research/easy-parallel-graph/experiment/datasets/CE/rmat24/rmat24g1m100 100 16777216 1000000 2"
	User time (seconds): 107.98
	System time (seconds): 3.78
	Percent of CPU this job got: 100%
	Elapsed (wall clock) time (h:mm:ss or m:ss): 1:50.98
	Average shared text size (kbytes): 0
	Average unshared data size (kbytes): 0
	Average stack size (kbytes): 0
	Average total size (kbytes): 0
	Maximum resident set size (kbytes): 2812652
	Average resident set size (kbytes): 0
	Major (requiring I/O) page faults: 0
	Minor (reclaiming a frame) page faults: 734512
	Voluntary context switches: 8
	Involuntary context switches: 120
	Swaps: 0
	File system inputs: 0
	File system outputs: 24
	Socket messages sent: 0
	Socket messages received: 0
	Signals delivered: 0
	Page size (bytes): 4096
	Exit status: 0
Highest Edge Value 10 --
Time Taken for Initializing Memory 0.372420 
Total Time for Reading Remainder Edges 78.869491 
Total Time for Reading Certificate Network 18.921839 
Total Time for Reading Update List 0.440653 
Found rapl component at cid 2
Found: rapl:::THERMAL_SPEC_CNT:PACKAGE0
Found: rapl:::THERMAL_SPEC_CNT:PACKAGE1
Found: rapl:::MINIMUM_POWER_CNT:PACKAGE0
Found: rapl:::MINIMUM_POWER_CNT:PACKAGE1
Found: rapl:::MAXIMUM_POWER_CNT:PACKAGE0
Found: rapl:::MAXIMUM_POWER_CNT:PACKAGE1
Found: rapl:::MAXIMUM_TIME_WINDOW_CNT:PACKAGE0
Found: rapl:::MAXIMUM_TIME_WINDOW_CNT:PACKAGE1
Found: rapl:::PACKAGE_ENERGY_CNT:PACKAGE0
Found: rapl:::PACKAGE_ENERGY_CNT:PACKAGE1
Found: rapl:::DRAM_ENERGY_CNT:PACKAGE0
Found: rapl:::DRAM_ENERGY_CNT:PACKAGE1
Found: rapl:::PP0_ENERGY_CNT:PACKAGE0
Found: rapl:::PP0_ENERGY_CNT:PACKAGE1
Found: rapl:::THERMAL_SPEC:PACKAGE0
Found: rapl:::THERMAL_SPEC:PACKAGE1
Found: rapl:::MINIMUM_POWER:PACKAGE0
Found: rapl:::MINIMUM_POWER:PACKAGE1
Found: rapl:::MAXIMUM_POWER:PACKAGE0
Found: rapl:::MAXIMUM_POWER:PACKAGE1
Found: rapl:::MAXIMUM_TIME_WINDOW:PACKAGE0
Found: rapl:::MAXIMUM_TIME_WINDOW:PACKAGE1
Found: rapl:::PACKAGE_ENERGY:PACKAGE0
Found: rapl:::PACKAGE_ENERGY:PACKAGE1
Found: rapl:::DRAM_ENERGY:PACKAGE0
Found: rapl:::DRAM_ENERGY:PACKAGE1
Found: rapl:::PP0_ENERGY:PACKAGE0
Found: rapl:::PP0_ENERGY:PACKAGE1
Starting creation of rooted tree
0.2017 s 0.0000 (* Average Power for rapl:::THERMAL_SPEC_CNT:PACKAGE0 *)
0.2017 s 0.0000 (* Average Power for rapl:::THERMAL_SPEC_CNT:PACKAGE1 *)
0.2017 s 0.0000 (* Average Power for rapl:::MINIMUM_POWER_CNT:PACKAGE0 *)
0.2017 s 0.0000 (* Average Power for rapl:::MINIMUM_POWER_CNT:PACKAGE1 *)
0.2017 s 0.0000 (* Average Power for rapl:::MAXIMUM_POWER_CNT:PACKAGE0 *)
0.2017 s 0.0000 (* Average Power for rapl:::MAXIMUM_POWER_CNT:PACKAGE1 *)
0.2017 s 0.0000 (* Average Power for rapl:::MAXIMUM_TIME_WINDOW_CNT:PACKAGE0 *)
0.2017 s 0.0000 (* Average Power for rapl:::MAXIMUM_TIME_WINDOW_CNT:PACKAGE1 *)
0.2017 s 0.0012 (* Average Power for rapl:::PACKAGE_ENERGY_CNT:PACKAGE0 *)
0.2017 s 0.0014 (* Average Power for rapl:::PACKAGE_ENERGY_CNT:PACKAGE1 *)
0.2017 s 0.0010 (* Average Power for rapl:::DRAM_ENERGY_CNT:PACKAGE0 *)
0.2017 s 0.0012 (* Average Power for rapl:::DRAM_ENERGY_CNT:PACKAGE1 *)
0.2017 s 0.0000 (* Average Power for rapl:::PP0_ENERGY_CNT:PACKAGE0 *)
0.2017 s 0.0000 (* Average Power for rapl:::PP0_ENERGY_CNT:PACKAGE1 *)
0.2017 s 23003719968.1702 (* Average Power for rapl:::THERMAL_SPEC:PACKAGE0 *)
0.2017 s 23003719968.1702 (* Average Power for rapl:::THERMAL_SPEC:PACKAGE1 *)
0.2017 s 22980167921.6675 (* Average Power for rapl:::MINIMUM_POWER:PACKAGE0 *)
0.2017 s 22980167921.6675 (* Average Power for rapl:::MINIMUM_POWER:PACKAGE1 *)
0.2017 s 23026050797.4468 (* Average Power for rapl:::MAXIMUM_POWER:PACKAGE0 *)
0.2017 s 23026050797.4468 (* Average Power for rapl:::MAXIMUM_POWER:PACKAGE1 *)
0.2017 s 22743251779.8110 (* Average Power for rapl:::MAXIMUM_TIME_WINDOW:PACKAGE0 *)
0.2017 s 22743251779.8110 (* Average Power for rapl:::MAXIMUM_TIME_WINDOW:PACKAGE1 *)
0.2017 s 14.9424 (* Total Energy for rapl:::PACKAGE_ENERGY:PACKAGE0 *)
0.2017 s 74.0912 (* Average Power for rapl:::PACKAGE_ENERGY:PACKAGE0 *)
0.2017 s 17.2402 (* Total Energy for rapl:::PACKAGE_ENERGY:PACKAGE1 *)
0.2017 s 85.4847 (* Average Power for rapl:::PACKAGE_ENERGY:PACKAGE1 *)
0.2017 s 14.9694 (* Average Power for rapl:::DRAM_ENERGY:PACKAGE0 *)
0.2017 s 18.0859 (* Average Power for rapl:::DRAM_ENERGY:PACKAGE1 *)
0.2017 s 0.0000 (* Average Power for rapl:::PP0_ENERGY:PACKAGE0 *)
0.2017 s 0.0000 (* Average Power for rapl:::PP0_ENERGY:PACKAGE1 *)
Total Time for Obtaining Degrees of Vertices  0.201641 
==Update Starts =======
root111=0
root=8355585
Max height=208
Total Time for Creating Initial Rooted Tree at iter 1 is 9.151102 with Type:1
Found rapl component at cid 2
Found: rapl:::THERMAL_SPEC_CNT:PACKAGE0
Found: rapl:::THERMAL_SPEC_CNT:PACKAGE1
Found: rapl:::MINIMUM_POWER_CNT:PACKAGE0
Found: rapl:::MINIMUM_POWER_CNT:PACKAGE1
Found: rapl:::MAXIMUM_POWER_CNT:PACKAGE0
Found: rapl:::MAXIMUM_POWER_CNT:PACKAGE1
Found: rapl:::MAXIMUM_TIME_WINDOW_CNT:PACKAGE0
Found: rapl:::MAXIMUM_TIME_WINDOW_CNT:PACKAGE1
Found: rapl:::PACKAGE_ENERGY_CNT:PACKAGE0
Found: rapl:::PACKAGE_ENERGY_CNT:PACKAGE1
Found: rapl:::DRAM_ENERGY_CNT:PACKAGE0
Found: rapl:::DRAM_ENERGY_CNT:PACKAGE1
Found: rapl:::PP0_ENERGY_CNT:PACKAGE0
Found: rapl:::PP0_ENERGY_CNT:PACKAGE1
Found: rapl:::THERMAL_SPEC:PACKAGE0
Found: rapl:::THERMAL_SPEC:PACKAGE1
Found: rapl:::MINIMUM_POWER:PACKAGE0
Found: rapl:::MINIMUM_POWER:PACKAGE1
Found: rapl:::MAXIMUM_POWER:PACKAGE0
Found: rapl:::MAXIMUM_POWER:PACKAGE1
Found: rapl:::MAXIMUM_TIME_WINDOW:PACKAGE0
Found: rapl:::MAXIMUM_TIME_WINDOW:PACKAGE1
Found: rapl:::PACKAGE_ENERGY:PACKAGE0
Found: rapl:::PACKAGE_ENERGY:PACKAGE1
Found: rapl:::DRAM_ENERGY:PACKAGE0
Found: rapl:::DRAM_ENERGY:PACKAGE1
Found: rapl:::PP0_ENERGY:PACKAGE0
Found: rapl:::PP0_ENERGY:PACKAGE1
Starting Classify and Insert
Classify 999999 999999  
Time for insertion Flag  0.952039
Deleted Edges: 0 
Processed Inserts: 211810
 Unprocessed Inserts: 0
 0.9606 s 0.0000 (* Average Power for rapl:::THERMAL_SPEC_CNT:PACKAGE0 *)
0.9606 s 0.0000 (* Average Power for rapl:::THERMAL_SPEC_CNT:PACKAGE1 *)
0.9606 s 0.0000 (* Average Power for rapl:::MINIMUM_POWER_CNT:PACKAGE0 *)
0.9606 s 0.0000 (* Average Power for rapl:::MINIMUM_POWER_CNT:PACKAGE1 *)
0.9606 s 0.0000 (* Average Power for rapl:::MAXIMUM_POWER_CNT:PACKAGE0 *)
0.9606 s 0.0000 (* Average Power for rapl:::MAXIMUM_POWER_CNT:PACKAGE1 *)
0.9606 s 0.0000 (* Average Power for rapl:::MAXIMUM_TIME_WINDOW_CNT:PACKAGE0 *)
0.9606 s 0.0000 (* Average Power for rapl:::MAXIMUM_TIME_WINDOW_CNT:PACKAGE1 *)
0.9606 s 0.0005 (* Average Power for rapl:::PACKAGE_ENERGY_CNT:PACKAGE0 *)
0.9606 s 0.0008 (* Average Power for rapl:::PACKAGE_ENERGY_CNT:PACKAGE1 *)
0.9606 s 0.0008 (* Average Power for rapl:::DRAM_ENERGY_CNT:PACKAGE0 *)
0.9606 s 0.0010 (* Average Power for rapl:::DRAM_ENERGY_CNT:PACKAGE1 *)
0.9606 s 0.0000 (* Average Power for rapl:::PP0_ENERGY_CNT:PACKAGE0 *)
0.9606 s 0.0000 (* Average Power for rapl:::PP0_ENERGY_CNT:PACKAGE1 *)
0.9606 s 4829404242.3031 (* Average Power for rapl:::THERMAL_SPEC:PACKAGE0 *)
0.9606 s 4829404242.3031 (* Average Power for rapl:::THERMAL_SPEC:PACKAGE1 *)
0.9606 s 4824459722.3102 (* Average Power for rapl:::MINIMUM_POWER:PACKAGE0 *)
0.9606 s 4824459722.3102 (* Average Power for rapl:::MINIMUM_POWER:PACKAGE1 *)
0.9606 s 4834092379.7779 (* Average Power for rapl:::MAXIMUM_POWER:PACKAGE0 *)
0.9606 s 4834092379.7779 (* Average Power for rapl:::MAXIMUM_POWER:PACKAGE1 *)
0.9606 s 4774721513.7884 (* Average Power for rapl:::MAXIMUM_TIME_WINDOW:PACKAGE0 *)
0.9606 s 4774721513.7884 (* Average Power for rapl:::MAXIMUM_TIME_WINDOW:PACKAGE1 *)
0.9606 s 31.3264 (* Total Energy for rapl:::PACKAGE_ENERGY:PACKAGE0 *)
0.9606 s 32.6100 (* Average Power for rapl:::PACKAGE_ENERGY:PACKAGE0 *)
0.9606 s 49.1827 (* Total Energy for rapl:::PACKAGE_ENERGY:PACKAGE1 *)
0.9606 s 51.1980 (* Average Power for rapl:::PACKAGE_ENERGY:PACKAGE1 *)
0.9606 s 11.9923 (* Average Power for rapl:::DRAM_ENERGY:PACKAGE0 *)
0.9606 s 15.0124 (* Average Power for rapl:::DRAM_ENERGY:PACKAGE1 *)
0.9606 s 0.0000 (* Average Power for rapl:::PP0_ENERGY:PACKAGE0 *)
0.9606 s 0.0000 (* Average Power for rapl:::PP0_ENERGY:PACKAGE1 *)
Time for Classify and insert  0.960553 
Found rapl component at cid 2
Found: rapl:::THERMAL_SPEC_CNT:PACKAGE0
Found: rapl:::THERMAL_SPEC_CNT:PACKAGE1
Found: rapl:::MINIMUM_POWER_CNT:PACKAGE0
Found: rapl:::MINIMUM_POWER_CNT:PACKAGE1
Found: rapl:::MAXIMUM_POWER_CNT:PACKAGE0
Found: rapl:::MAXIMUM_POWER_CNT:PACKAGE1
Found: rapl:::MAXIMUM_TIME_WINDOW_CNT:PACKAGE0
Found: rapl:::MAXIMUM_TIME_WINDOW_CNT:PACKAGE1
Found: rapl:::PACKAGE_ENERGY_CNT:PACKAGE0
Found: rapl:::PACKAGE_ENERGY_CNT:PACKAGE1
Found: rapl:::DRAM_ENERGY_CNT:PACKAGE0
Found: rapl:::DRAM_ENERGY_CNT:PACKAGE1
Found: rapl:::PP0_ENERGY_CNT:PACKAGE0
Found: rapl:::PP0_ENERGY_CNT:PACKAGE1
Found: rapl:::THERMAL_SPEC:PACKAGE0
Found: rapl:::THERMAL_SPEC:PACKAGE1
Found: rapl:::MINIMUM_POWER:PACKAGE0
Found: rapl:::MINIMUM_POWER:PACKAGE1
Found: rapl:::MAXIMUM_POWER:PACKAGE0
Found: rapl:::MAXIMUM_POWER:PACKAGE1
Found: rapl:::MAXIMUM_TIME_WINDOW:PACKAGE0
Found: rapl:::MAXIMUM_TIME_WINDOW:PACKAGE1
Found: rapl:::PACKAGE_ENERGY:PACKAGE0
Found: rapl:::PACKAGE_ENERGY:PACKAGE1
Found: rapl:::DRAM_ENERGY:PACKAGE0
Found: rapl:::DRAM_ENERGY:PACKAGE1
Found: rapl:::PP0_ENERGY:PACKAGE0
Found: rapl:::PP0_ENERGY:PACKAGE1
Starting process_deletions
0.0000 s 0.0420 (* Average Power for rapl:::THERMAL_SPEC_CNT:PACKAGE0 *)
0.0000 s 0.0420 (* Average Power for rapl:::THERMAL_SPEC_CNT:PACKAGE1 *)
0.0000 s 0.0200 (* Average Power for rapl:::MINIMUM_POWER_CNT:PACKAGE0 *)
0.0000 s 0.0200 (* Average Power for rapl:::MINIMUM_POWER_CNT:PACKAGE1 *)
0.0000 s 0.0840 (* Average Power for rapl:::MAXIMUM_POWER_CNT:PACKAGE0 *)
0.0000 s 0.0840 (* Average Power for rapl:::MAXIMUM_POWER_CNT:PACKAGE1 *)
0.0000 s 0.0017 (* Average Power for rapl:::MAXIMUM_TIME_WINDOW_CNT:PACKAGE0 *)
0.0000 s 0.0017 (* Average Power for rapl:::MAXIMUM_TIME_WINDOW_CNT:PACKAGE1 *)
0.0000 s 0.0000 (* Average Power for rapl:::PACKAGE_ENERGY_CNT:PACKAGE0 *)
0.0000 s 0.0000 (* Average Power for rapl:::PACKAGE_ENERGY_CNT:PACKAGE1 *)
0.0000 s 0.0000 (* Average Power for rapl:::DRAM_ENERGY_CNT:PACKAGE0 *)
0.0000 s 0.0000 (* Average Power for rapl:::DRAM_ENERGY_CNT:PACKAGE1 *)
0.0000 s 0.0000 (* Average Power for rapl:::PP0_ENERGY_CNT:PACKAGE0 *)
0.0000 s 0.0000 (* Average Power for rapl:::PP0_ENERGY_CNT:PACKAGE1 *)
0.0000 s 168005567846640.1562 (* Average Power for rapl:::THERMAL_SPEC:PACKAGE0 *)
0.0000 s 168005567846640.1562 (* Average Power for rapl:::THERMAL_SPEC:PACKAGE1 *)
0.0000 s 167833557626027.6875 (* Average Power for rapl:::MINIMUM_POWER:PACKAGE0 *)
0.0000 s 167833557626027.6875 (* Average Power for rapl:::MINIMUM_POWER:PACKAGE1 *)
0.0000 s 168168659018776.3750 (* Average Power for rapl:::MAXIMUM_POWER:PACKAGE0 *)
0.0000 s 168168659018776.3750 (* Average Power for rapl:::MAXIMUM_POWER:PACKAGE1 *)
0.0000 s 166103262221644.6250 (* Average Power for rapl:::MAXIMUM_TIME_WINDOW:PACKAGE0 *)
0.0000 s 166103262221644.6250 (* Average Power for rapl:::MAXIMUM_TIME_WINDOW:PACKAGE1 *)
0.0000 s 0.0000 (* Total Energy for rapl:::PACKAGE_ENERGY:PACKAGE0 *)
0.0000 s 0.0000 (* Average Power for rapl:::PACKAGE_ENERGY:PACKAGE0 *)
0.0000 s 0.0000 (* Total Energy for rapl:::PACKAGE_ENERGY:PACKAGE1 *)
0.0000 s 0.0000 (* Average Power for rapl:::PACKAGE_ENERGY:PACKAGE1 *)
0.0000 s 0.0000 (* Average Power for rapl:::DRAM_ENERGY:PACKAGE0 *)
0.0000 s 0.0000 (* Average Power for rapl:::DRAM_ENERGY:PACKAGE1 *)
0.0000 s 0.0000 (* Average Power for rapl:::PP0_ENERGY:PACKAGE0 *)
0.0000 s 0.0000 (* Average Power for rapl:::PP0_ENERGY:PACKAGE1 *)
Time for Deletion  0.000000 
Total Time for Updating at Batch 1 is 0.961482 
=======
Total Time for Updating  10.392472 
	Command being timed: "/home/users/norris/research/easy-parallel-graph/autoperf/mst/lib/xpscode/MST_May5/a.out /home/users/norris/research/easy-parallel-graph/experiment/datasets/rmat248_G.diff /home/users/norris/research/easy-parallel-graph/experiment/datasets/rmat248_G.cert /home/users/norris/research/easy-parallel-graph/experiment/datasets/CE/rmat24/rmat24g1m100 100 16777216 1000000 2"
	User time (seconds): 108.05
	System time (seconds): 3.83
	Percent of CPU this job got: 100%
	Elapsed (wall clock) time (h:mm:ss or m:ss): 1:51.09
	Average shared text size (kbytes): 0
	Average unshared data size (kbytes): 0
	Average stack size (kbytes): 0
	Average total size (kbytes): 0
	Maximum resident set size (kbytes): 2813732
	Average resident set size (kbytes): 0
	Major (requiring I/O) page faults: 0
	Minor (reclaiming a frame) page faults: 741953
	Voluntary context switches: 6
	Involuntary context switches: 121
	Swaps: 0
	File system inputs: 0
	File system outputs: 32
	Socket messages sent: 0
	Socket messages received: 0
	Signals delivered: 0
	Page size (bytes): 4096
	Exit status: 0
Command terminated by signal 11
	Command being timed: "/home/users/norris/research/easy-parallel-graph/autoperf/mst/lib/xpscode/MST_May5/a.out /home/users/norris/research/easy-parallel-graph/experiment/datasets/rmat248_G.diff /home/users/norris/research/easy-parallel-graph/experiment/datasets/rmat248_G.cert /home/users/norris/research/easy-parallel-graph/experiment/datasets/CE/rmat24/rmat24g1m100 100 16777216 2"
	User time (seconds): 0.00
	System time (seconds): 0.00
	Percent of CPU this job got: 0%
	Elapsed (wall clock) time (h:mm:ss or m:ss): 0:00.09
	Average shared text size (kbytes): 0
	Average unshared data size (kbytes): 0
	Average stack size (kbytes): 0
	Average total size (kbytes): 0
	Maximum resident set size (kbytes): 4836
	Average resident set size (kbytes): 0
	Major (requiring I/O) page faults: 0
	Minor (reclaiming a frame) page faults: 337
	Voluntary context switches: 3
	Involuntary context switches: 1
	Swaps: 0
	File system inputs: 0
	File system outputs: 0
	Socket messages sent: 0
	Socket messages received: 0
	Signals delivered: 0
	Page size (bytes): 4096
	Exit status: 0
Command terminated by signal 11
	Command being timed: "/home/users/norris/research/easy-parallel-graph/autoperf/mst/lib/xpscode/MST_May5/a.out /home/users/norris/research/easy-parallel-graph/experiment/datasets/rmat248_G.diff /home/users/norris/research/easy-parallel-graph/experiment/datasets/rmat248_G.cert /home/users/norris/research/easy-parallel-graph/experiment/datasets/CE/rmat24/rmat24g1m100 100 16777216 2"
	User time (seconds): 0.00
	System time (seconds): 0.00
	Percent of CPU this job got: 0%
	Elapsed (wall clock) time (h:mm:ss or m:ss): 0:00.08
	Average shared text size (kbytes): 0
	Average unshared data size (kbytes): 0
	Average stack size (kbytes): 0
	Average total size (kbytes): 0
	Maximum resident set size (kbytes): 4744
	Average resident set size (kbytes): 0
	Major (requiring I/O) page faults: 0
	Minor (reclaiming a frame) page faults: 336
	Voluntary context switches: 3
	Involuntary context switches: 1
	Swaps: 0
	File system inputs: 0
	File system outputs: 0
	Socket messages sent: 0
	Socket messages received: 0
	Signals delivered: 0
	Page size (bytes): 4096
	Exit status: 0
