Highest Edge Value 10 --
Time Taken for Initializing Memory 0.351931 
Total Time for Reading Remainder Edges 80.604599 
Total Time for Reading Certificate Network 18.913636 
Total Time for Reading Update List 0.448371 
Found rapl component at cid 2
Found: rapl:::THERMAL_SPEC_CNT:PACKAGE0
Found: rapl:::THERMAL_SPEC_CNT:PACKAGE1
Found: rapl:::MINIMUM_POWER_CNT:PACKAGE0
Found: rapl:::MINIMUM_POWER_CNT:PACKAGE1
Found: rapl:::MAXIMUM_POWER_CNT:PACKAGE0
Found: rapl:::MAXIMUM_POWER_CNT:PACKAGE1
Found: rapl:::MAXIMUM_TIME_WINDOW_CNT:PACKAGE0
Found: rapl:::MAXIMUM_TIME_WINDOW_CNT:PACKAGE1
Found: rapl:::PACKAGE_ENERGY_CNT:PACKAGE0
Found: rapl:::PACKAGE_ENERGY_CNT:PACKAGE1
Found: rapl:::DRAM_ENERGY_CNT:PACKAGE0
Found: rapl:::DRAM_ENERGY_CNT:PACKAGE1
Found: rapl:::PP0_ENERGY_CNT:PACKAGE0
Found: rapl:::PP0_ENERGY_CNT:PACKAGE1
Found: rapl:::THERMAL_SPEC:PACKAGE0
Found: rapl:::THERMAL_SPEC:PACKAGE1
Found: rapl:::MINIMUM_POWER:PACKAGE0
Found: rapl:::MINIMUM_POWER:PACKAGE1
Found: rapl:::MAXIMUM_POWER:PACKAGE0
Found: rapl:::MAXIMUM_POWER:PACKAGE1
Found: rapl:::MAXIMUM_TIME_WINDOW:PACKAGE0
Found: rapl:::MAXIMUM_TIME_WINDOW:PACKAGE1
Found: rapl:::PACKAGE_ENERGY:PACKAGE0
Found: rapl:::PACKAGE_ENERGY:PACKAGE1
Found: rapl:::DRAM_ENERGY:PACKAGE0
Found: rapl:::DRAM_ENERGY:PACKAGE1
Found: rapl:::PP0_ENERGY:PACKAGE0
Found: rapl:::PP0_ENERGY:PACKAGE1
Starting creation of rooted tree
0.0668 s 0.0000 (* Average Power for rapl:::THERMAL_SPEC_CNT:PACKAGE0 *)
0.0668 s 0.0000 (* Average Power for rapl:::THERMAL_SPEC_CNT:PACKAGE1 *)
0.0668 s 0.0000 (* Average Power for rapl:::MINIMUM_POWER_CNT:PACKAGE0 *)
0.0668 s 0.0000 (* Average Power for rapl:::MINIMUM_POWER_CNT:PACKAGE1 *)
0.0668 s 0.0000 (* Average Power for rapl:::MAXIMUM_POWER_CNT:PACKAGE0 *)
0.0668 s 0.0000 (* Average Power for rapl:::MAXIMUM_POWER_CNT:PACKAGE1 *)
0.0668 s 0.0000 (* Average Power for rapl:::MAXIMUM_TIME_WINDOW_CNT:PACKAGE0 *)
0.0668 s 0.0000 (* Average Power for rapl:::MAXIMUM_TIME_WINDOW_CNT:PACKAGE1 *)
0.0668 s 0.0014 (* Average Power for rapl:::PACKAGE_ENERGY_CNT:PACKAGE0 *)
0.0668 s 0.0018 (* Average Power for rapl:::PACKAGE_ENERGY_CNT:PACKAGE1 *)
0.0668 s 0.0011 (* Average Power for rapl:::DRAM_ENERGY_CNT:PACKAGE0 *)
0.0668 s 0.0016 (* Average Power for rapl:::DRAM_ENERGY_CNT:PACKAGE1 *)
0.0668 s 0.0000 (* Average Power for rapl:::PP0_ENERGY_CNT:PACKAGE0 *)
0.0668 s 0.0000 (* Average Power for rapl:::PP0_ENERGY_CNT:PACKAGE1 *)
0.0668 s 69419380696.2935 (* Average Power for rapl:::THERMAL_SPEC:PACKAGE0 *)
0.0668 s 69419380696.2935 (* Average Power for rapl:::THERMAL_SPEC:PACKAGE1 *)
0.0668 s 69348306605.4678 (* Average Power for rapl:::MINIMUM_POWER:PACKAGE0 *)
0.0668 s 69348306605.4678 (* Average Power for rapl:::MINIMUM_POWER:PACKAGE1 *)
0.0668 s 69486769463.8912 (* Average Power for rapl:::MAXIMUM_POWER:PACKAGE0 *)
0.0668 s 69486769463.8912 (* Average Power for rapl:::MAXIMUM_POWER:PACKAGE1 *)
0.0668 s 68633353899.2363 (* Average Power for rapl:::MAXIMUM_TIME_WINDOW:PACKAGE0 *)
0.0668 s 68633353899.2363 (* Average Power for rapl:::MAXIMUM_TIME_WINDOW:PACKAGE1 *)
0.0668 s 5.8218 (* Total Energy for rapl:::PACKAGE_ENERGY:PACKAGE0 *)
0.0668 s 87.1140 (* Average Power for rapl:::PACKAGE_ENERGY:PACKAGE0 *)
0.0668 s 7.4866 (* Total Energy for rapl:::PACKAGE_ENERGY:PACKAGE1 *)
0.0668 s 112.0248 (* Average Power for rapl:::PACKAGE_ENERGY:PACKAGE1 *)
0.0668 s 16.4465 (* Average Power for rapl:::DRAM_ENERGY:PACKAGE0 *)
0.0668 s 24.4969 (* Average Power for rapl:::DRAM_ENERGY:PACKAGE1 *)
0.0668 s 0.0000 (* Average Power for rapl:::PP0_ENERGY:PACKAGE0 *)
0.0668 s 0.0000 (* Average Power for rapl:::PP0_ENERGY:PACKAGE1 *)
Total Time for Obtaining Degrees of Vertices  0.066792 
==Update Starts =======
root111=0
root=8355585
Max height=208
Total Time for Creating Initial Rooted Tree at iter 1 is 7.193936 with Type:1
Found rapl component at cid 2
Found: rapl:::THERMAL_SPEC_CNT:PACKAGE0
Found: rapl:::THERMAL_SPEC_CNT:PACKAGE1
Found: rapl:::MINIMUM_POWER_CNT:PACKAGE0
Found: rapl:::MINIMUM_POWER_CNT:PACKAGE1
Found: rapl:::MAXIMUM_POWER_CNT:PACKAGE0
Found: rapl:::MAXIMUM_POWER_CNT:PACKAGE1
Found: rapl:::MAXIMUM_TIME_WINDOW_CNT:PACKAGE0
Found: rapl:::MAXIMUM_TIME_WINDOW_CNT:PACKAGE1
Found: rapl:::PACKAGE_ENERGY_CNT:PACKAGE0
Found: rapl:::PACKAGE_ENERGY_CNT:PACKAGE1
Found: rapl:::DRAM_ENERGY_CNT:PACKAGE0
Found: rapl:::DRAM_ENERGY_CNT:PACKAGE1
Found: rapl:::PP0_ENERGY_CNT:PACKAGE0
Found: rapl:::PP0_ENERGY_CNT:PACKAGE1
Found: rapl:::THERMAL_SPEC:PACKAGE0
Found: rapl:::THERMAL_SPEC:PACKAGE1
Found: rapl:::MINIMUM_POWER:PACKAGE0
Found: rapl:::MINIMUM_POWER:PACKAGE1
Found: rapl:::MAXIMUM_POWER:PACKAGE0
Found: rapl:::MAXIMUM_POWER:PACKAGE1
Found: rapl:::MAXIMUM_TIME_WINDOW:PACKAGE0
Found: rapl:::MAXIMUM_TIME_WINDOW:PACKAGE1
Found: rapl:::PACKAGE_ENERGY:PACKAGE0
Found: rapl:::PACKAGE_ENERGY:PACKAGE1
Found: rapl:::DRAM_ENERGY:PACKAGE0
Found: rapl:::DRAM_ENERGY:PACKAGE1
Found: rapl:::PP0_ENERGY:PACKAGE0
Found: rapl:::PP0_ENERGY:PACKAGE1
Starting Classify and Insert
Classify 999999 999999  
Time for insertion Flag  0.456875
Deleted Edges: 30874 
Processed Inserts: 161649
 Unprocessed Inserts: 0
 0.4653 s 0.0000 (* Average Power for rapl:::THERMAL_SPEC_CNT:PACKAGE0 *)
0.4653 s 0.0000 (* Average Power for rapl:::THERMAL_SPEC_CNT:PACKAGE1 *)
0.4653 s 0.0000 (* Average Power for rapl:::MINIMUM_POWER_CNT:PACKAGE0 *)
0.4653 s 0.0000 (* Average Power for rapl:::MINIMUM_POWER_CNT:PACKAGE1 *)
0.4653 s 0.0000 (* Average Power for rapl:::MAXIMUM_POWER_CNT:PACKAGE0 *)
0.4653 s 0.0000 (* Average Power for rapl:::MAXIMUM_POWER_CNT:PACKAGE1 *)
0.4653 s 0.0000 (* Average Power for rapl:::MAXIMUM_TIME_WINDOW_CNT:PACKAGE0 *)
0.4653 s 0.0000 (* Average Power for rapl:::MAXIMUM_TIME_WINDOW_CNT:PACKAGE1 *)
0.4653 s 0.0009 (* Average Power for rapl:::PACKAGE_ENERGY_CNT:PACKAGE0 *)
0.4653 s 0.0011 (* Average Power for rapl:::PACKAGE_ENERGY_CNT:PACKAGE1 *)
0.4653 s 0.0009 (* Average Power for rapl:::DRAM_ENERGY_CNT:PACKAGE0 *)
0.4653 s 0.0010 (* Average Power for rapl:::DRAM_ENERGY_CNT:PACKAGE1 *)
0.4653 s 0.0000 (* Average Power for rapl:::PP0_ENERGY_CNT:PACKAGE0 *)
0.4653 s 0.0000 (* Average Power for rapl:::PP0_ENERGY_CNT:PACKAGE1 *)
0.4653 s 9970573124.5169 (* Average Power for rapl:::THERMAL_SPEC:PACKAGE0 *)
0.4653 s 9970573124.5169 (* Average Power for rapl:::THERMAL_SPEC:PACKAGE1 *)
0.4653 s 9960364888.5355 (* Average Power for rapl:::MINIMUM_POWER:PACKAGE0 *)
0.4653 s 9960364888.5355 (* Average Power for rapl:::MINIMUM_POWER:PACKAGE1 *)
0.4653 s 9980252044.5586 (* Average Power for rapl:::MAXIMUM_POWER:PACKAGE0 *)
0.4653 s 9980252044.5586 (* Average Power for rapl:::MAXIMUM_POWER:PACKAGE1 *)
0.4653 s 9857677596.2181 (* Average Power for rapl:::MAXIMUM_TIME_WINDOW:PACKAGE0 *)
0.4653 s 9857677596.2181 (* Average Power for rapl:::MAXIMUM_TIME_WINDOW:PACKAGE1 *)
0.4653 s 26.9491 (* Total Energy for rapl:::PACKAGE_ENERGY:PACKAGE0 *)
0.4653 s 57.9177 (* Average Power for rapl:::PACKAGE_ENERGY:PACKAGE0 *)
0.4653 s 31.4333 (* Total Energy for rapl:::PACKAGE_ENERGY:PACKAGE1 *)
0.4653 s 67.5549 (* Average Power for rapl:::PACKAGE_ENERGY:PACKAGE1 *)
0.4653 s 14.3783 (* Average Power for rapl:::DRAM_ENERGY:PACKAGE0 *)
0.4653 s 15.6950 (* Average Power for rapl:::DRAM_ENERGY:PACKAGE1 *)
0.4653 s 0.0000 (* Average Power for rapl:::PP0_ENERGY:PACKAGE0 *)
0.4653 s 0.0000 (* Average Power for rapl:::PP0_ENERGY:PACKAGE1 *)
Time for Classify and insert  0.465234 
Found rapl component at cid 2
Found: rapl:::THERMAL_SPEC_CNT:PACKAGE0
Found: rapl:::THERMAL_SPEC_CNT:PACKAGE1
Found: rapl:::MINIMUM_POWER_CNT:PACKAGE0
Found: rapl:::MINIMUM_POWER_CNT:PACKAGE1
Found: rapl:::MAXIMUM_POWER_CNT:PACKAGE0
Found: rapl:::MAXIMUM_POWER_CNT:PACKAGE1
Found: rapl:::MAXIMUM_TIME_WINDOW_CNT:PACKAGE0
Found: rapl:::MAXIMUM_TIME_WINDOW_CNT:PACKAGE1
Found: rapl:::PACKAGE_ENERGY_CNT:PACKAGE0
Found: rapl:::PACKAGE_ENERGY_CNT:PACKAGE1
Found: rapl:::DRAM_ENERGY_CNT:PACKAGE0
Found: rapl:::DRAM_ENERGY_CNT:PACKAGE1
Found: rapl:::PP0_ENERGY_CNT:PACKAGE0
Found: rapl:::PP0_ENERGY_CNT:PACKAGE1
Found: rapl:::THERMAL_SPEC:PACKAGE0
Found: rapl:::THERMAL_SPEC:PACKAGE1
Found: rapl:::MINIMUM_POWER:PACKAGE0
Found: rapl:::MINIMUM_POWER:PACKAGE1
Found: rapl:::MAXIMUM_POWER:PACKAGE0
Found: rapl:::MAXIMUM_POWER:PACKAGE1
Found: rapl:::MAXIMUM_TIME_WINDOW:PACKAGE0
Found: rapl:::MAXIMUM_TIME_WINDOW:PACKAGE1
Found: rapl:::PACKAGE_ENERGY:PACKAGE0
Found: rapl:::PACKAGE_ENERGY:PACKAGE1
Found: rapl:::DRAM_ENERGY:PACKAGE0
Found: rapl:::DRAM_ENERGY:PACKAGE1
Found: rapl:::PP0_ENERGY:PACKAGE0
Found: rapl:::PP0_ENERGY:PACKAGE1
Starting process_deletions
done updating maXE 
1.3666 s 0.0000 (* Average Power for rapl:::THERMAL_SPEC_CNT:PACKAGE0 *)
1.3666 s 0.0000 (* Average Power for rapl:::THERMAL_SPEC_CNT:PACKAGE1 *)
1.3666 s 0.0000 (* Average Power for rapl:::MINIMUM_POWER_CNT:PACKAGE0 *)
1.3666 s 0.0000 (* Average Power for rapl:::MINIMUM_POWER_CNT:PACKAGE1 *)
1.3666 s 0.0000 (* Average Power for rapl:::MAXIMUM_POWER_CNT:PACKAGE0 *)
1.3666 s 0.0000 (* Average Power for rapl:::MAXIMUM_POWER_CNT:PACKAGE1 *)
1.3666 s 0.0000 (* Average Power for rapl:::MAXIMUM_TIME_WINDOW_CNT:PACKAGE0 *)
1.3666 s 0.0000 (* Average Power for rapl:::MAXIMUM_TIME_WINDOW_CNT:PACKAGE1 *)
1.3666 s 0.0016 (* Average Power for rapl:::PACKAGE_ENERGY_CNT:PACKAGE0 *)
1.3666 s 0.0018 (* Average Power for rapl:::PACKAGE_ENERGY_CNT:PACKAGE1 *)
1.3666 s 0.0010 (* Average Power for rapl:::DRAM_ENERGY_CNT:PACKAGE0 *)
1.3666 s 0.0011 (* Average Power for rapl:::DRAM_ENERGY_CNT:PACKAGE1 *)
1.3666 s 0.0000 (* Average Power for rapl:::PP0_ENERGY_CNT:PACKAGE0 *)
1.3666 s 0.0000 (* Average Power for rapl:::PP0_ENERGY_CNT:PACKAGE1 *)
1.3666 s 3394770473.4757 (* Average Power for rapl:::THERMAL_SPEC:PACKAGE0 *)
1.3666 s 3394770473.4757 (* Average Power for rapl:::THERMAL_SPEC:PACKAGE1 *)
1.3666 s 3391294783.7974 (* Average Power for rapl:::MINIMUM_POWER:PACKAGE0 *)
1.3666 s 3391294783.7974 (* Average Power for rapl:::MINIMUM_POWER:PACKAGE1 *)
1.3666 s 3398065942.2078 (* Average Power for rapl:::MAXIMUM_POWER:PACKAGE0 *)
1.3666 s 3398065942.2078 (* Average Power for rapl:::MAXIMUM_POWER:PACKAGE1 *)
1.3666 s 3356331920.2181 (* Average Power for rapl:::MAXIMUM_TIME_WINDOW:PACKAGE0 *)
1.3666 s 3356331920.2181 (* Average Power for rapl:::MAXIMUM_TIME_WINDOW:PACKAGE1 *)
1.3666 s 129.8800 (* Total Energy for rapl:::PACKAGE_ENERGY:PACKAGE0 *)
1.3666 s 95.0385 (* Average Power for rapl:::PACKAGE_ENERGY:PACKAGE0 *)
1.3666 s 149.4565 (* Total Energy for rapl:::PACKAGE_ENERGY:PACKAGE1 *)
1.3666 s 109.3634 (* Average Power for rapl:::PACKAGE_ENERGY:PACKAGE1 *)
1.3666 s 14.6651 (* Average Power for rapl:::DRAM_ENERGY:PACKAGE0 *)
1.3666 s 16.2304 (* Average Power for rapl:::DRAM_ENERGY:PACKAGE1 *)
1.3666 s 0.0000 (* Average Power for rapl:::PP0_ENERGY:PACKAGE0 *)
1.3666 s 0.0000 (* Average Power for rapl:::PP0_ENERGY:PACKAGE1 *)
Time for Deletion  1.366579 
Total Time for Updating at Batch 1 is 1.832730 
=======
Total Time for Updating  9.186571 
	Command being timed: "/home/users/norris/research/easy-parallel-graph/autoperf/mst/lib/xpscode/MST_May5/a.out /home/users/norris/research/easy-parallel-graph/experiment/datasets/rmat248_G.diff /home/users/norris/research/easy-parallel-graph/experiment/datasets/rmat248_G.cert /home/users/norris/research/easy-parallel-graph/experiment/datasets/CE/rmat24/rmat24g1m75 100 16777216 1000000 32"
	User time (seconds): 154.80
	System time (seconds): 2.79
	Percent of CPU this job got: 141%
	Elapsed (wall clock) time (h:mm:ss or m:ss): 1:51.59
	Average shared text size (kbytes): 0
	Average unshared data size (kbytes): 0
	Average stack size (kbytes): 0
	Average total size (kbytes): 0
	Maximum resident set size (kbytes): 2812672
	Average resident set size (kbytes): 0
	Major (requiring I/O) page faults: 0
	Minor (reclaiming a frame) page faults: 216446
	Voluntary context switches: 964
	Involuntary context switches: 224
	Swaps: 0
	File system inputs: 0
	File system outputs: 24
	Socket messages sent: 0
	Socket messages received: 0
	Signals delivered: 0
	Page size (bytes): 4096
	Exit status: 0
Highest Edge Value 10 --
Time Taken for Initializing Memory 0.354223 
Total Time for Reading Remainder Edges 79.688333 
Total Time for Reading Certificate Network 18.975264 
Total Time for Reading Update List 0.447685 
Found rapl component at cid 2
Found: rapl:::THERMAL_SPEC_CNT:PACKAGE0
Found: rapl:::THERMAL_SPEC_CNT:PACKAGE1
Found: rapl:::MINIMUM_POWER_CNT:PACKAGE0
Found: rapl:::MINIMUM_POWER_CNT:PACKAGE1
Found: rapl:::MAXIMUM_POWER_CNT:PACKAGE0
Found: rapl:::MAXIMUM_POWER_CNT:PACKAGE1
Found: rapl:::MAXIMUM_TIME_WINDOW_CNT:PACKAGE0
Found: rapl:::MAXIMUM_TIME_WINDOW_CNT:PACKAGE1
Found: rapl:::PACKAGE_ENERGY_CNT:PACKAGE0
Found: rapl:::PACKAGE_ENERGY_CNT:PACKAGE1
Found: rapl:::DRAM_ENERGY_CNT:PACKAGE0
Found: rapl:::DRAM_ENERGY_CNT:PACKAGE1
Found: rapl:::PP0_ENERGY_CNT:PACKAGE0
Found: rapl:::PP0_ENERGY_CNT:PACKAGE1
Found: rapl:::THERMAL_SPEC:PACKAGE0
Found: rapl:::THERMAL_SPEC:PACKAGE1
Found: rapl:::MINIMUM_POWER:PACKAGE0
Found: rapl:::MINIMUM_POWER:PACKAGE1
Found: rapl:::MAXIMUM_POWER:PACKAGE0
Found: rapl:::MAXIMUM_POWER:PACKAGE1
Found: rapl:::MAXIMUM_TIME_WINDOW:PACKAGE0
Found: rapl:::MAXIMUM_TIME_WINDOW:PACKAGE1
Found: rapl:::PACKAGE_ENERGY:PACKAGE0
Found: rapl:::PACKAGE_ENERGY:PACKAGE1
Found: rapl:::DRAM_ENERGY:PACKAGE0
Found: rapl:::DRAM_ENERGY:PACKAGE1
Found: rapl:::PP0_ENERGY:PACKAGE0
Found: rapl:::PP0_ENERGY:PACKAGE1
Starting creation of rooted tree
0.0987 s 0.0000 (* Average Power for rapl:::THERMAL_SPEC_CNT:PACKAGE0 *)
0.0987 s 0.0000 (* Average Power for rapl:::THERMAL_SPEC_CNT:PACKAGE1 *)
0.0987 s 0.0000 (* Average Power for rapl:::MINIMUM_POWER_CNT:PACKAGE0 *)
0.0987 s 0.0000 (* Average Power for rapl:::MINIMUM_POWER_CNT:PACKAGE1 *)
0.0987 s 0.0000 (* Average Power for rapl:::MAXIMUM_POWER_CNT:PACKAGE0 *)
0.0987 s 0.0000 (* Average Power for rapl:::MAXIMUM_POWER_CNT:PACKAGE1 *)
0.0987 s 0.0000 (* Average Power for rapl:::MAXIMUM_TIME_WINDOW_CNT:PACKAGE0 *)
0.0987 s 0.0000 (* Average Power for rapl:::MAXIMUM_TIME_WINDOW_CNT:PACKAGE1 *)
0.0987 s 0.0014 (* Average Power for rapl:::PACKAGE_ENERGY_CNT:PACKAGE0 *)
0.0987 s 0.0013 (* Average Power for rapl:::PACKAGE_ENERGY_CNT:PACKAGE1 *)
0.0987 s 0.0010 (* Average Power for rapl:::DRAM_ENERGY_CNT:PACKAGE0 *)
0.0987 s 0.0014 (* Average Power for rapl:::DRAM_ENERGY_CNT:PACKAGE1 *)
0.0987 s 0.0000 (* Average Power for rapl:::PP0_ENERGY_CNT:PACKAGE0 *)
0.0987 s 0.0000 (* Average Power for rapl:::PP0_ENERGY_CNT:PACKAGE1 *)
0.0987 s 47010770568.5026 (* Average Power for rapl:::THERMAL_SPEC:PACKAGE0 *)
0.0987 s 47010770568.5026 (* Average Power for rapl:::THERMAL_SPEC:PACKAGE1 *)
0.0987 s 46962639229.0459 (* Average Power for rapl:::MINIMUM_POWER:PACKAGE0 *)
0.0987 s 46962639229.0459 (* Average Power for rapl:::MINIMUM_POWER:PACKAGE1 *)
0.0987 s 47056406208.8764 (* Average Power for rapl:::MAXIMUM_POWER:PACKAGE0 *)
0.0987 s 47056406208.8764 (* Average Power for rapl:::MAXIMUM_POWER:PACKAGE1 *)
0.0987 s 46478473606.9551 (* Average Power for rapl:::MAXIMUM_TIME_WINDOW:PACKAGE0 *)
0.0987 s 46478473606.9551 (* Average Power for rapl:::MAXIMUM_TIME_WINDOW:PACKAGE1 *)
0.0987 s 8.3948 (* Total Energy for rapl:::PACKAGE_ENERGY:PACKAGE0 *)
0.0987 s 85.0655 (* Average Power for rapl:::PACKAGE_ENERGY:PACKAGE0 *)
0.0987 s 8.1127 (* Total Energy for rapl:::PACKAGE_ENERGY:PACKAGE1 *)
0.0987 s 82.2069 (* Average Power for rapl:::PACKAGE_ENERGY:PACKAGE1 *)
0.0987 s 15.3052 (* Average Power for rapl:::DRAM_ENERGY:PACKAGE0 *)
0.0987 s 20.9777 (* Average Power for rapl:::DRAM_ENERGY:PACKAGE1 *)
0.0987 s 0.0000 (* Average Power for rapl:::PP0_ENERGY:PACKAGE0 *)
0.0987 s 0.0000 (* Average Power for rapl:::PP0_ENERGY:PACKAGE1 *)
Total Time for Obtaining Degrees of Vertices  0.098649 
==Update Starts =======
root111=0
root=8355585
Max height=208
Total Time for Creating Initial Rooted Tree at iter 1 is 7.063654 with Type:1
Found rapl component at cid 2
Found: rapl:::THERMAL_SPEC_CNT:PACKAGE0
Found: rapl:::THERMAL_SPEC_CNT:PACKAGE1
Found: rapl:::MINIMUM_POWER_CNT:PACKAGE0
Found: rapl:::MINIMUM_POWER_CNT:PACKAGE1
Found: rapl:::MAXIMUM_POWER_CNT:PACKAGE0
Found: rapl:::MAXIMUM_POWER_CNT:PACKAGE1
Found: rapl:::MAXIMUM_TIME_WINDOW_CNT:PACKAGE0
Found: rapl:::MAXIMUM_TIME_WINDOW_CNT:PACKAGE1
Found: rapl:::PACKAGE_ENERGY_CNT:PACKAGE0
Found: rapl:::PACKAGE_ENERGY_CNT:PACKAGE1
Found: rapl:::DRAM_ENERGY_CNT:PACKAGE0
Found: rapl:::DRAM_ENERGY_CNT:PACKAGE1
Found: rapl:::PP0_ENERGY_CNT:PACKAGE0
Found: rapl:::PP0_ENERGY_CNT:PACKAGE1
Found: rapl:::THERMAL_SPEC:PACKAGE0
Found: rapl:::THERMAL_SPEC:PACKAGE1
Found: rapl:::MINIMUM_POWER:PACKAGE0
Found: rapl:::MINIMUM_POWER:PACKAGE1
Found: rapl:::MAXIMUM_POWER:PACKAGE0
Found: rapl:::MAXIMUM_POWER:PACKAGE1
Found: rapl:::MAXIMUM_TIME_WINDOW:PACKAGE0
Found: rapl:::MAXIMUM_TIME_WINDOW:PACKAGE1
Found: rapl:::PACKAGE_ENERGY:PACKAGE0
Found: rapl:::PACKAGE_ENERGY:PACKAGE1
Found: rapl:::DRAM_ENERGY:PACKAGE0
Found: rapl:::DRAM_ENERGY:PACKAGE1
Found: rapl:::PP0_ENERGY:PACKAGE0
Found: rapl:::PP0_ENERGY:PACKAGE1
Starting Classify and Insert
Classify 999999 999999  
Time for insertion Flag  0.457799
Deleted Edges: 30874 
Processed Inserts: 161649
 Unprocessed Inserts: 1
 0.4663 s 0.0000 (* Average Power for rapl:::THERMAL_SPEC_CNT:PACKAGE0 *)
0.4663 s 0.0000 (* Average Power for rapl:::THERMAL_SPEC_CNT:PACKAGE1 *)
0.4663 s 0.0000 (* Average Power for rapl:::MINIMUM_POWER_CNT:PACKAGE0 *)
0.4663 s 0.0000 (* Average Power for rapl:::MINIMUM_POWER_CNT:PACKAGE1 *)
0.4663 s 0.0000 (* Average Power for rapl:::MAXIMUM_POWER_CNT:PACKAGE0 *)
0.4663 s 0.0000 (* Average Power for rapl:::MAXIMUM_POWER_CNT:PACKAGE1 *)
0.4663 s 0.0000 (* Average Power for rapl:::MAXIMUM_TIME_WINDOW_CNT:PACKAGE0 *)
0.4663 s 0.0000 (* Average Power for rapl:::MAXIMUM_TIME_WINDOW_CNT:PACKAGE1 *)
0.4663 s 0.0010 (* Average Power for rapl:::PACKAGE_ENERGY_CNT:PACKAGE0 *)
0.4663 s 0.0010 (* Average Power for rapl:::PACKAGE_ENERGY_CNT:PACKAGE1 *)
0.4663 s 0.0009 (* Average Power for rapl:::DRAM_ENERGY_CNT:PACKAGE0 *)
0.4663 s 0.0010 (* Average Power for rapl:::DRAM_ENERGY_CNT:PACKAGE1 *)
0.4663 s 0.0000 (* Average Power for rapl:::PP0_ENERGY_CNT:PACKAGE0 *)
0.4663 s 0.0000 (* Average Power for rapl:::PP0_ENERGY_CNT:PACKAGE1 *)
0.4663 s 9948237814.0513 (* Average Power for rapl:::THERMAL_SPEC:PACKAGE0 *)
0.4663 s 9948237814.0513 (* Average Power for rapl:::THERMAL_SPEC:PACKAGE1 *)
0.4663 s 9938052445.7743 (* Average Power for rapl:::MINIMUM_POWER:PACKAGE0 *)
0.4663 s 9938052445.7743 (* Average Power for rapl:::MINIMUM_POWER:PACKAGE1 *)
0.4663 s 9957895052.1213 (* Average Power for rapl:::MAXIMUM_POWER:PACKAGE0 *)
0.4663 s 9957895052.1213 (* Average Power for rapl:::MAXIMUM_POWER:PACKAGE1 *)
0.4663 s 9835595185.6252 (* Average Power for rapl:::MAXIMUM_TIME_WINDOW:PACKAGE0 *)
0.4663 s 9835595185.6252 (* Average Power for rapl:::MAXIMUM_TIME_WINDOW:PACKAGE1 *)
0.4663 s 27.3108 (* Total Energy for rapl:::PACKAGE_ENERGY:PACKAGE0 *)
0.4663 s 58.5636 (* Average Power for rapl:::PACKAGE_ENERGY:PACKAGE0 *)
0.4663 s 29.5776 (* Total Energy for rapl:::PACKAGE_ENERGY:PACKAGE1 *)
0.4663 s 63.4243 (* Average Power for rapl:::PACKAGE_ENERGY:PACKAGE1 *)
0.4663 s 14.4429 (* Average Power for rapl:::DRAM_ENERGY:PACKAGE0 *)
0.4663 s 15.7117 (* Average Power for rapl:::DRAM_ENERGY:PACKAGE1 *)
0.4663 s 0.0000 (* Average Power for rapl:::PP0_ENERGY:PACKAGE0 *)
0.4663 s 0.0000 (* Average Power for rapl:::PP0_ENERGY:PACKAGE1 *)
Time for Classify and insert  0.466280 
Found rapl component at cid 2
Found: rapl:::THERMAL_SPEC_CNT:PACKAGE0
Found: rapl:::THERMAL_SPEC_CNT:PACKAGE1
Found: rapl:::MINIMUM_POWER_CNT:PACKAGE0
Found: rapl:::MINIMUM_POWER_CNT:PACKAGE1
Found: rapl:::MAXIMUM_POWER_CNT:PACKAGE0
Found: rapl:::MAXIMUM_POWER_CNT:PACKAGE1
Found: rapl:::MAXIMUM_TIME_WINDOW_CNT:PACKAGE0
Found: rapl:::MAXIMUM_TIME_WINDOW_CNT:PACKAGE1
Found: rapl:::PACKAGE_ENERGY_CNT:PACKAGE0
Found: rapl:::PACKAGE_ENERGY_CNT:PACKAGE1
Found: rapl:::DRAM_ENERGY_CNT:PACKAGE0
Found: rapl:::DRAM_ENERGY_CNT:PACKAGE1
Found: rapl:::PP0_ENERGY_CNT:PACKAGE0
Found: rapl:::PP0_ENERGY_CNT:PACKAGE1
Found: rapl:::THERMAL_SPEC:PACKAGE0
Found: rapl:::THERMAL_SPEC:PACKAGE1
Found: rapl:::MINIMUM_POWER:PACKAGE0
Found: rapl:::MINIMUM_POWER:PACKAGE1
Found: rapl:::MAXIMUM_POWER:PACKAGE0
Found: rapl:::MAXIMUM_POWER:PACKAGE1
Found: rapl:::MAXIMUM_TIME_WINDOW:PACKAGE0
Found: rapl:::MAXIMUM_TIME_WINDOW:PACKAGE1
Found: rapl:::PACKAGE_ENERGY:PACKAGE0
Found: rapl:::PACKAGE_ENERGY:PACKAGE1
Found: rapl:::DRAM_ENERGY:PACKAGE0
Found: rapl:::DRAM_ENERGY:PACKAGE1
Found: rapl:::PP0_ENERGY:PACKAGE0
Found: rapl:::PP0_ENERGY:PACKAGE1
Starting process_deletions
done updating maXE 
1.3438 s 0.0000 (* Average Power for rapl:::THERMAL_SPEC_CNT:PACKAGE0 *)
1.3438 s 0.0000 (* Average Power for rapl:::THERMAL_SPEC_CNT:PACKAGE1 *)
1.3438 s 0.0000 (* Average Power for rapl:::MINIMUM_POWER_CNT:PACKAGE0 *)
1.3438 s 0.0000 (* Average Power for rapl:::MINIMUM_POWER_CNT:PACKAGE1 *)
1.3438 s 0.0000 (* Average Power for rapl:::MAXIMUM_POWER_CNT:PACKAGE0 *)
1.3438 s 0.0000 (* Average Power for rapl:::MAXIMUM_POWER_CNT:PACKAGE1 *)
1.3438 s 0.0000 (* Average Power for rapl:::MAXIMUM_TIME_WINDOW_CNT:PACKAGE0 *)
1.3438 s 0.0000 (* Average Power for rapl:::MAXIMUM_TIME_WINDOW_CNT:PACKAGE1 *)
1.3438 s 0.0015 (* Average Power for rapl:::PACKAGE_ENERGY_CNT:PACKAGE0 *)
1.3438 s 0.0018 (* Average Power for rapl:::PACKAGE_ENERGY_CNT:PACKAGE1 *)
1.3438 s 0.0010 (* Average Power for rapl:::DRAM_ENERGY_CNT:PACKAGE0 *)
1.3438 s 0.0011 (* Average Power for rapl:::DRAM_ENERGY_CNT:PACKAGE1 *)
1.3438 s 0.0000 (* Average Power for rapl:::PP0_ENERGY_CNT:PACKAGE0 *)
1.3438 s 0.0000 (* Average Power for rapl:::PP0_ENERGY_CNT:PACKAGE1 *)
1.3438 s 3452368705.5473 (* Average Power for rapl:::THERMAL_SPEC:PACKAGE0 *)
1.3438 s 3452368705.5473 (* Average Power for rapl:::THERMAL_SPEC:PACKAGE1 *)
1.3438 s 3448834044.7007 (* Average Power for rapl:::MINIMUM_POWER:PACKAGE0 *)
1.3438 s 3448834044.7007 (* Average Power for rapl:::MINIMUM_POWER:PACKAGE1 *)
1.3438 s 3455720087.6834 (* Average Power for rapl:::MAXIMUM_POWER:PACKAGE0 *)
1.3438 s 3455720087.6834 (* Average Power for rapl:::MAXIMUM_POWER:PACKAGE1 *)
1.3438 s 3413277974.8513 (* Average Power for rapl:::MAXIMUM_TIME_WINDOW:PACKAGE0 *)
1.3438 s 3413277974.8513 (* Average Power for rapl:::MAXIMUM_TIME_WINDOW:PACKAGE1 *)
1.3438 s 120.6539 (* Total Energy for rapl:::PACKAGE_ENERGY:PACKAGE0 *)
1.3438 s 89.7853 (* Average Power for rapl:::PACKAGE_ENERGY:PACKAGE0 *)
1.3438 s 145.4134 (* Total Energy for rapl:::PACKAGE_ENERGY:PACKAGE1 *)
1.3438 s 108.2103 (* Average Power for rapl:::PACKAGE_ENERGY:PACKAGE1 *)
1.3438 s 14.5459 (* Average Power for rapl:::DRAM_ENERGY:PACKAGE0 *)
1.3438 s 16.4293 (* Average Power for rapl:::DRAM_ENERGY:PACKAGE1 *)
1.3438 s 0.0000 (* Average Power for rapl:::PP0_ENERGY:PACKAGE0 *)
1.3438 s 0.0000 (* Average Power for rapl:::PP0_ENERGY:PACKAGE1 *)
Time for Deletion  1.343780 
Total Time for Updating at Batch 1 is 1.811091 
=======
Total Time for Updating  9.042444 
	Command being timed: "/home/users/norris/research/easy-parallel-graph/autoperf/mst/lib/xpscode/MST_May5/a.out /home/users/norris/research/easy-parallel-graph/experiment/datasets/rmat248_G.diff /home/users/norris/research/easy-parallel-graph/experiment/datasets/rmat248_G.cert /home/users/norris/research/easy-parallel-graph/experiment/datasets/CE/rmat24/rmat24g1m75 100 16777216 1000000 32"
	User time (seconds): 152.69
	System time (seconds): 3.02
	Percent of CPU this job got: 140%
	Elapsed (wall clock) time (h:mm:ss or m:ss): 1:50.52
	Average shared text size (kbytes): 0
	Average unshared data size (kbytes): 0
	Average stack size (kbytes): 0
	Average total size (kbytes): 0
	Maximum resident set size (kbytes): 2812724
	Average resident set size (kbytes): 0
	Major (requiring I/O) page faults: 0
	Minor (reclaiming a frame) page faults: 212675
	Voluntary context switches: 954
	Involuntary context switches: 231
	Swaps: 0
	File system inputs: 0
	File system outputs: 32
	Socket messages sent: 0
	Socket messages received: 0
	Signals delivered: 0
	Page size (bytes): 4096
	Exit status: 0
