Highest Edge Value 10 --
Time Taken for Initializing Memory 0.369986 
Total Time for Reading Remainder Edges 78.917721 
Total Time for Reading Certificate Network 18.995825 
Total Time for Reading Update List 0.365786 
Found rapl component at cid 2
Found: rapl:::THERMAL_SPEC_CNT:PACKAGE0
Found: rapl:::THERMAL_SPEC_CNT:PACKAGE1
Found: rapl:::MINIMUM_POWER_CNT:PACKAGE0
Found: rapl:::MINIMUM_POWER_CNT:PACKAGE1
Found: rapl:::MAXIMUM_POWER_CNT:PACKAGE0
Found: rapl:::MAXIMUM_POWER_CNT:PACKAGE1
Found: rapl:::MAXIMUM_TIME_WINDOW_CNT:PACKAGE0
Found: rapl:::MAXIMUM_TIME_WINDOW_CNT:PACKAGE1
Found: rapl:::PACKAGE_ENERGY_CNT:PACKAGE0
Found: rapl:::PACKAGE_ENERGY_CNT:PACKAGE1
Found: rapl:::DRAM_ENERGY_CNT:PACKAGE0
Found: rapl:::DRAM_ENERGY_CNT:PACKAGE1
Found: rapl:::PP0_ENERGY_CNT:PACKAGE0
Found: rapl:::PP0_ENERGY_CNT:PACKAGE1
Found: rapl:::THERMAL_SPEC:PACKAGE0
Found: rapl:::THERMAL_SPEC:PACKAGE1
Found: rapl:::MINIMUM_POWER:PACKAGE0
Found: rapl:::MINIMUM_POWER:PACKAGE1
Found: rapl:::MAXIMUM_POWER:PACKAGE0
Found: rapl:::MAXIMUM_POWER:PACKAGE1
Found: rapl:::MAXIMUM_TIME_WINDOW:PACKAGE0
Found: rapl:::MAXIMUM_TIME_WINDOW:PACKAGE1
Found: rapl:::PACKAGE_ENERGY:PACKAGE0
Found: rapl:::PACKAGE_ENERGY:PACKAGE1
Found: rapl:::DRAM_ENERGY:PACKAGE0
Found: rapl:::DRAM_ENERGY:PACKAGE1
Found: rapl:::PP0_ENERGY:PACKAGE0
Found: rapl:::PP0_ENERGY:PACKAGE1
Starting creation of rooted tree
0.0916 s 0.0000 (* Average Power for rapl:::THERMAL_SPEC_CNT:PACKAGE0 *)
0.0916 s 0.0000 (* Average Power for rapl:::THERMAL_SPEC_CNT:PACKAGE1 *)
0.0916 s 0.0000 (* Average Power for rapl:::MINIMUM_POWER_CNT:PACKAGE0 *)
0.0916 s 0.0000 (* Average Power for rapl:::MINIMUM_POWER_CNT:PACKAGE1 *)
0.0916 s 0.0000 (* Average Power for rapl:::MAXIMUM_POWER_CNT:PACKAGE0 *)
0.0916 s 0.0000 (* Average Power for rapl:::MAXIMUM_POWER_CNT:PACKAGE1 *)
0.0916 s 0.0000 (* Average Power for rapl:::MAXIMUM_TIME_WINDOW_CNT:PACKAGE0 *)
0.0916 s 0.0000 (* Average Power for rapl:::MAXIMUM_TIME_WINDOW_CNT:PACKAGE1 *)
0.0916 s 0.0014 (* Average Power for rapl:::PACKAGE_ENERGY_CNT:PACKAGE0 *)
0.0916 s 0.0017 (* Average Power for rapl:::PACKAGE_ENERGY_CNT:PACKAGE1 *)
0.0916 s 0.0010 (* Average Power for rapl:::DRAM_ENERGY_CNT:PACKAGE0 *)
0.0916 s 0.0014 (* Average Power for rapl:::DRAM_ENERGY_CNT:PACKAGE1 *)
0.0916 s 0.0000 (* Average Power for rapl:::PP0_ENERGY_CNT:PACKAGE0 *)
0.0916 s 0.0000 (* Average Power for rapl:::PP0_ENERGY_CNT:PACKAGE1 *)
0.0916 s 50674600625.9438 (* Average Power for rapl:::THERMAL_SPEC:PACKAGE0 *)
0.0916 s 50674600625.9438 (* Average Power for rapl:::THERMAL_SPEC:PACKAGE1 *)
0.0916 s 50622718123.8051 (* Average Power for rapl:::MINIMUM_POWER:PACKAGE0 *)
0.0916 s 50622718123.8051 (* Average Power for rapl:::MINIMUM_POWER:PACKAGE1 *)
0.0916 s 50723792924.2679 (* Average Power for rapl:::MAXIMUM_POWER:PACKAGE0 *)
0.0916 s 50723792924.2679 (* Average Power for rapl:::MAXIMUM_POWER:PACKAGE1 *)
0.0916 s 50100818583.7728 (* Average Power for rapl:::MAXIMUM_TIME_WINDOW:PACKAGE0 *)
0.0916 s 50100818583.7728 (* Average Power for rapl:::MAXIMUM_TIME_WINDOW:PACKAGE1 *)
0.0916 s 7.7347 (* Total Energy for rapl:::PACKAGE_ENERGY:PACKAGE0 *)
0.0916 s 84.4857 (* Average Power for rapl:::PACKAGE_ENERGY:PACKAGE0 *)
0.0916 s 9.4315 (* Total Energy for rapl:::PACKAGE_ENERGY:PACKAGE1 *)
0.0916 s 103.0187 (* Average Power for rapl:::PACKAGE_ENERGY:PACKAGE1 *)
0.0916 s 15.6713 (* Average Power for rapl:::DRAM_ENERGY:PACKAGE0 *)
0.0916 s 21.7299 (* Average Power for rapl:::DRAM_ENERGY:PACKAGE1 *)
0.0916 s 0.0000 (* Average Power for rapl:::PP0_ENERGY:PACKAGE0 *)
0.0916 s 0.0000 (* Average Power for rapl:::PP0_ENERGY:PACKAGE1 *)
Total Time for Obtaining Degrees of Vertices  0.091512 
==Update Starts =======
root111=0
root=12736759
Max height=1711
Total Time for Creating Initial Rooted Tree at iter 1 is 8.677401 with Type:1
Found rapl component at cid 2
Found: rapl:::THERMAL_SPEC_CNT:PACKAGE0
Found: rapl:::THERMAL_SPEC_CNT:PACKAGE1
Found: rapl:::MINIMUM_POWER_CNT:PACKAGE0
Found: rapl:::MINIMUM_POWER_CNT:PACKAGE1
Found: rapl:::MAXIMUM_POWER_CNT:PACKAGE0
Found: rapl:::MAXIMUM_POWER_CNT:PACKAGE1
Found: rapl:::MAXIMUM_TIME_WINDOW_CNT:PACKAGE0
Found: rapl:::MAXIMUM_TIME_WINDOW_CNT:PACKAGE1
Found: rapl:::PACKAGE_ENERGY_CNT:PACKAGE0
Found: rapl:::PACKAGE_ENERGY_CNT:PACKAGE1
Found: rapl:::DRAM_ENERGY_CNT:PACKAGE0
Found: rapl:::DRAM_ENERGY_CNT:PACKAGE1
Found: rapl:::PP0_ENERGY_CNT:PACKAGE0
Found: rapl:::PP0_ENERGY_CNT:PACKAGE1
Found: rapl:::THERMAL_SPEC:PACKAGE0
Found: rapl:::THERMAL_SPEC:PACKAGE1
Found: rapl:::MINIMUM_POWER:PACKAGE0
Found: rapl:::MINIMUM_POWER:PACKAGE1
Found: rapl:::MAXIMUM_POWER:PACKAGE0
Found: rapl:::MAXIMUM_POWER:PACKAGE1
Found: rapl:::MAXIMUM_TIME_WINDOW:PACKAGE0
Found: rapl:::MAXIMUM_TIME_WINDOW:PACKAGE1
Found: rapl:::PACKAGE_ENERGY:PACKAGE0
Found: rapl:::PACKAGE_ENERGY:PACKAGE1
Found: rapl:::DRAM_ENERGY:PACKAGE0
Found: rapl:::DRAM_ENERGY:PACKAGE1
Found: rapl:::PP0_ENERGY:PACKAGE0
Found: rapl:::PP0_ENERGY:PACKAGE1
Starting Classify and Insert
Classify 999999 999999  
Time for insertion Flag  0.145460
Deleted Edges: 0 
Processed Inserts: 963
 Unprocessed Inserts: 0
 0.1542 s 0.0000 (* Average Power for rapl:::THERMAL_SPEC_CNT:PACKAGE0 *)
0.1542 s 0.0000 (* Average Power for rapl:::THERMAL_SPEC_CNT:PACKAGE1 *)
0.1542 s 0.0000 (* Average Power for rapl:::MINIMUM_POWER_CNT:PACKAGE0 *)
0.1542 s 0.0000 (* Average Power for rapl:::MINIMUM_POWER_CNT:PACKAGE1 *)
0.1542 s 0.0000 (* Average Power for rapl:::MAXIMUM_POWER_CNT:PACKAGE0 *)
0.1542 s 0.0000 (* Average Power for rapl:::MAXIMUM_POWER_CNT:PACKAGE1 *)
0.1542 s 0.0000 (* Average Power for rapl:::MAXIMUM_TIME_WINDOW_CNT:PACKAGE0 *)
0.1542 s 0.0000 (* Average Power for rapl:::MAXIMUM_TIME_WINDOW_CNT:PACKAGE1 *)
0.1542 s 0.0018 (* Average Power for rapl:::PACKAGE_ENERGY_CNT:PACKAGE0 *)
0.1542 s 0.0018 (* Average Power for rapl:::PACKAGE_ENERGY_CNT:PACKAGE1 *)
0.1542 s 0.0010 (* Average Power for rapl:::DRAM_ENERGY_CNT:PACKAGE0 *)
0.1542 s 0.0010 (* Average Power for rapl:::DRAM_ENERGY_CNT:PACKAGE1 *)
0.1542 s 0.0000 (* Average Power for rapl:::PP0_ENERGY_CNT:PACKAGE0 *)
0.1542 s 0.0000 (* Average Power for rapl:::PP0_ENERGY_CNT:PACKAGE1 *)
0.1542 s 30094215480.4076 (* Average Power for rapl:::THERMAL_SPEC:PACKAGE0 *)
0.1542 s 30094215480.4076 (* Average Power for rapl:::THERMAL_SPEC:PACKAGE1 *)
0.1542 s 30063403926.3009 (* Average Power for rapl:::MINIMUM_POWER:PACKAGE0 *)
0.1542 s 30063403926.3009 (* Average Power for rapl:::MINIMUM_POWER:PACKAGE1 *)
0.1542 s 30123429398.3755 (* Average Power for rapl:::MAXIMUM_POWER:PACKAGE0 *)
0.1542 s 30123429398.3755 (* Average Power for rapl:::MAXIMUM_POWER:PACKAGE1 *)
0.1542 s 29753462515.3603 (* Average Power for rapl:::MAXIMUM_TIME_WINDOW:PACKAGE0 *)
0.1542 s 29753462515.3603 (* Average Power for rapl:::MAXIMUM_TIME_WINDOW:PACKAGE1 *)
0.1542 s 16.7688 (* Total Energy for rapl:::PACKAGE_ENERGY:PACKAGE0 *)
0.1542 s 108.7757 (* Average Power for rapl:::PACKAGE_ENERGY:PACKAGE0 *)
0.1542 s 16.5023 (* Total Energy for rapl:::PACKAGE_ENERGY:PACKAGE1 *)
0.1542 s 107.0471 (* Average Power for rapl:::PACKAGE_ENERGY:PACKAGE1 *)
0.1542 s 14.6323 (* Average Power for rapl:::DRAM_ENERGY:PACKAGE0 *)
0.1542 s 14.6141 (* Average Power for rapl:::DRAM_ENERGY:PACKAGE1 *)
0.1542 s 0.0000 (* Average Power for rapl:::PP0_ENERGY:PACKAGE0 *)
0.1542 s 0.0000 (* Average Power for rapl:::PP0_ENERGY:PACKAGE1 *)
Time for Classify and insert  0.154094 
Found rapl component at cid 2
Found: rapl:::THERMAL_SPEC_CNT:PACKAGE0
Found: rapl:::THERMAL_SPEC_CNT:PACKAGE1
Found: rapl:::MINIMUM_POWER_CNT:PACKAGE0
Found: rapl:::MINIMUM_POWER_CNT:PACKAGE1
Found: rapl:::MAXIMUM_POWER_CNT:PACKAGE0
Found: rapl:::MAXIMUM_POWER_CNT:PACKAGE1
Found: rapl:::MAXIMUM_TIME_WINDOW_CNT:PACKAGE0
Found: rapl:::MAXIMUM_TIME_WINDOW_CNT:PACKAGE1
Found: rapl:::PACKAGE_ENERGY_CNT:PACKAGE0
Found: rapl:::PACKAGE_ENERGY_CNT:PACKAGE1
Found: rapl:::DRAM_ENERGY_CNT:PACKAGE0
Found: rapl:::DRAM_ENERGY_CNT:PACKAGE1
Found: rapl:::PP0_ENERGY_CNT:PACKAGE0
Found: rapl:::PP0_ENERGY_CNT:PACKAGE1
Found: rapl:::THERMAL_SPEC:PACKAGE0
Found: rapl:::THERMAL_SPEC:PACKAGE1
Found: rapl:::MINIMUM_POWER:PACKAGE0
Found: rapl:::MINIMUM_POWER:PACKAGE1
Found: rapl:::MAXIMUM_POWER:PACKAGE0
Found: rapl:::MAXIMUM_POWER:PACKAGE1
Found: rapl:::MAXIMUM_TIME_WINDOW:PACKAGE0
Found: rapl:::MAXIMUM_TIME_WINDOW:PACKAGE1
Found: rapl:::PACKAGE_ENERGY:PACKAGE0
Found: rapl:::PACKAGE_ENERGY:PACKAGE1
Found: rapl:::DRAM_ENERGY:PACKAGE0
Found: rapl:::DRAM_ENERGY:PACKAGE1
Found: rapl:::PP0_ENERGY:PACKAGE0
Found: rapl:::PP0_ENERGY:PACKAGE1
Starting process_deletions
0.0000 s 0.0546 (* Average Power for rapl:::THERMAL_SPEC_CNT:PACKAGE0 *)
0.0000 s 0.0546 (* Average Power for rapl:::THERMAL_SPEC_CNT:PACKAGE1 *)
0.0000 s 0.0260 (* Average Power for rapl:::MINIMUM_POWER_CNT:PACKAGE0 *)
0.0000 s 0.0260 (* Average Power for rapl:::MINIMUM_POWER_CNT:PACKAGE1 *)
0.0000 s 0.1092 (* Average Power for rapl:::MAXIMUM_POWER_CNT:PACKAGE0 *)
0.0000 s 0.1092 (* Average Power for rapl:::MAXIMUM_POWER_CNT:PACKAGE1 *)
0.0000 s 0.0022 (* Average Power for rapl:::MAXIMUM_TIME_WINDOW_CNT:PACKAGE0 *)
0.0000 s 0.0022 (* Average Power for rapl:::MAXIMUM_TIME_WINDOW_CNT:PACKAGE1 *)
0.0000 s 0.0000 (* Average Power for rapl:::PACKAGE_ENERGY_CNT:PACKAGE0 *)
0.0000 s 0.0000 (* Average Power for rapl:::PACKAGE_ENERGY_CNT:PACKAGE1 *)
0.0000 s 0.0000 (* Average Power for rapl:::DRAM_ENERGY_CNT:PACKAGE0 *)
0.0000 s 0.0000 (* Average Power for rapl:::DRAM_ENERGY_CNT:PACKAGE1 *)
0.0000 s 0.0000 (* Average Power for rapl:::PP0_ENERGY_CNT:PACKAGE0 *)
0.0000 s 0.0000 (* Average Power for rapl:::PP0_ENERGY_CNT:PACKAGE1 *)
0.0000 s 218371652177788.7188 (* Average Power for rapl:::THERMAL_SPEC:PACKAGE0 *)
0.0000 s 218371652177788.7188 (* Average Power for rapl:::THERMAL_SPEC:PACKAGE1 *)
0.0000 s 218148075325259.0312 (* Average Power for rapl:::MINIMUM_POWER:PACKAGE0 *)
0.0000 s 218148075325259.0312 (* Average Power for rapl:::MINIMUM_POWER:PACKAGE1 *)
0.0000 s 218583636156483.4688 (* Average Power for rapl:::MAXIMUM_POWER:PACKAGE0 *)
0.0000 s 218583636156483.4688 (* Average Power for rapl:::MAXIMUM_POWER:PACKAGE1 *)
0.0000 s 215899057801294.1875 (* Average Power for rapl:::MAXIMUM_TIME_WINDOW:PACKAGE0 *)
0.0000 s 215899057801294.1875 (* Average Power for rapl:::MAXIMUM_TIME_WINDOW:PACKAGE1 *)
0.0000 s 0.0000 (* Total Energy for rapl:::PACKAGE_ENERGY:PACKAGE0 *)
0.0000 s 0.0000 (* Average Power for rapl:::PACKAGE_ENERGY:PACKAGE0 *)
0.0000 s 0.0000 (* Total Energy for rapl:::PACKAGE_ENERGY:PACKAGE1 *)
0.0000 s 0.0000 (* Average Power for rapl:::PACKAGE_ENERGY:PACKAGE1 *)
0.0000 s 0.0000 (* Average Power for rapl:::DRAM_ENERGY:PACKAGE0 *)
0.0000 s 0.0000 (* Average Power for rapl:::DRAM_ENERGY:PACKAGE1 *)
0.0000 s 0.0000 (* Average Power for rapl:::PP0_ENERGY:PACKAGE0 *)
0.0000 s 0.0000 (* Average Power for rapl:::PP0_ENERGY:PACKAGE1 *)
Time for Deletion  0.000000 
Total Time for Updating at Batch 1 is 0.154904 
=======
Total Time for Updating  9.029152 
	Command being timed: "/home/users/norris/research/easy-parallel-graph/autoperf/mst/lib/xpscode/MST_May5/a.out /home/users/norris/research/easy-parallel-graph/experiment/datasets/rmat248_ER.diff /home/users/norris/research/easy-parallel-graph/experiment/datasets/rmat248_ER.cert /home/users/norris/research/easy-parallel-graph/experiment/datasets/CE/rmat24/rmat24e1m100 100 16777216 1000000 64"
	User time (seconds): 118.64
	System time (seconds): 3.19
	Percent of CPU this job got: 112%
	Elapsed (wall clock) time (h:mm:ss or m:ss): 1:48.70
	Average shared text size (kbytes): 0
	Average unshared data size (kbytes): 0
	Average stack size (kbytes): 0
	Average total size (kbytes): 0
	Maximum resident set size (kbytes): 2782228
	Average resident set size (kbytes): 0
	Major (requiring I/O) page faults: 0
	Minor (reclaiming a frame) page faults: 405104
	Voluntary context switches: 619
	Involuntary context switches: 171
	Swaps: 0
	File system inputs: 0
	File system outputs: 24
	Socket messages sent: 0
	Socket messages received: 0
	Signals delivered: 0
	Page size (bytes): 4096
	Exit status: 0
Highest Edge Value 10 --
Time Taken for Initializing Memory 0.369666 
Total Time for Reading Remainder Edges 78.992299 
Total Time for Reading Certificate Network 19.056831 
Total Time for Reading Update List 0.362579 
Found rapl component at cid 2
Found: rapl:::THERMAL_SPEC_CNT:PACKAGE0
Found: rapl:::THERMAL_SPEC_CNT:PACKAGE1
Found: rapl:::MINIMUM_POWER_CNT:PACKAGE0
Found: rapl:::MINIMUM_POWER_CNT:PACKAGE1
Found: rapl:::MAXIMUM_POWER_CNT:PACKAGE0
Found: rapl:::MAXIMUM_POWER_CNT:PACKAGE1
Found: rapl:::MAXIMUM_TIME_WINDOW_CNT:PACKAGE0
Found: rapl:::MAXIMUM_TIME_WINDOW_CNT:PACKAGE1
Found: rapl:::PACKAGE_ENERGY_CNT:PACKAGE0
Found: rapl:::PACKAGE_ENERGY_CNT:PACKAGE1
Found: rapl:::DRAM_ENERGY_CNT:PACKAGE0
Found: rapl:::DRAM_ENERGY_CNT:PACKAGE1
Found: rapl:::PP0_ENERGY_CNT:PACKAGE0
Found: rapl:::PP0_ENERGY_CNT:PACKAGE1
Found: rapl:::THERMAL_SPEC:PACKAGE0
Found: rapl:::THERMAL_SPEC:PACKAGE1
Found: rapl:::MINIMUM_POWER:PACKAGE0
Found: rapl:::MINIMUM_POWER:PACKAGE1
Found: rapl:::MAXIMUM_POWER:PACKAGE0
Found: rapl:::MAXIMUM_POWER:PACKAGE1
Found: rapl:::MAXIMUM_TIME_WINDOW:PACKAGE0
Found: rapl:::MAXIMUM_TIME_WINDOW:PACKAGE1
Found: rapl:::PACKAGE_ENERGY:PACKAGE0
Found: rapl:::PACKAGE_ENERGY:PACKAGE1
Found: rapl:::DRAM_ENERGY:PACKAGE0
Found: rapl:::DRAM_ENERGY:PACKAGE1
Found: rapl:::PP0_ENERGY:PACKAGE0
Found: rapl:::PP0_ENERGY:PACKAGE1
Starting creation of rooted tree
0.0699 s 0.0000 (* Average Power for rapl:::THERMAL_SPEC_CNT:PACKAGE0 *)
0.0699 s 0.0000 (* Average Power for rapl:::THERMAL_SPEC_CNT:PACKAGE1 *)
0.0699 s 0.0000 (* Average Power for rapl:::MINIMUM_POWER_CNT:PACKAGE0 *)
0.0699 s 0.0000 (* Average Power for rapl:::MINIMUM_POWER_CNT:PACKAGE1 *)
0.0699 s 0.0000 (* Average Power for rapl:::MAXIMUM_POWER_CNT:PACKAGE0 *)
0.0699 s 0.0000 (* Average Power for rapl:::MAXIMUM_POWER_CNT:PACKAGE1 *)
0.0699 s 0.0000 (* Average Power for rapl:::MAXIMUM_TIME_WINDOW_CNT:PACKAGE0 *)
0.0699 s 0.0000 (* Average Power for rapl:::MAXIMUM_TIME_WINDOW_CNT:PACKAGE1 *)
0.0699 s 0.0013 (* Average Power for rapl:::PACKAGE_ENERGY_CNT:PACKAGE0 *)
0.0699 s 0.0018 (* Average Power for rapl:::PACKAGE_ENERGY_CNT:PACKAGE1 *)
0.0699 s 0.0011 (* Average Power for rapl:::DRAM_ENERGY_CNT:PACKAGE0 *)
0.0699 s 0.0015 (* Average Power for rapl:::DRAM_ENERGY_CNT:PACKAGE1 *)
0.0699 s 0.0000 (* Average Power for rapl:::PP0_ENERGY_CNT:PACKAGE0 *)
0.0699 s 0.0000 (* Average Power for rapl:::PP0_ENERGY_CNT:PACKAGE1 *)
0.0699 s 66358402218.9726 (* Average Power for rapl:::THERMAL_SPEC:PACKAGE0 *)
0.0699 s 66358402218.9726 (* Average Power for rapl:::THERMAL_SPEC:PACKAGE1 *)
0.0699 s 66290462069.4199 (* Average Power for rapl:::MINIMUM_POWER:PACKAGE0 *)
0.0699 s 66290462069.4199 (* Average Power for rapl:::MINIMUM_POWER:PACKAGE1 *)
0.0699 s 66422819545.9558 (* Average Power for rapl:::MAXIMUM_POWER:PACKAGE0 *)
0.0699 s 66422819545.9558 (* Average Power for rapl:::MAXIMUM_POWER:PACKAGE1 *)
0.0699 s 65607034490.9572 (* Average Power for rapl:::MAXIMUM_TIME_WINDOW:PACKAGE0 *)
0.0699 s 65607034490.9572 (* Average Power for rapl:::MAXIMUM_TIME_WINDOW:PACKAGE1 *)
0.0699 s 5.6562 (* Total Energy for rapl:::PACKAGE_ENERGY:PACKAGE0 *)
0.0699 s 80.9043 (* Average Power for rapl:::PACKAGE_ENERGY:PACKAGE0 *)
0.0699 s 7.8314 (* Total Energy for rapl:::PACKAGE_ENERGY:PACKAGE1 *)
0.0699 s 112.0160 (* Average Power for rapl:::PACKAGE_ENERGY:PACKAGE1 *)
0.0699 s 16.2859 (* Average Power for rapl:::DRAM_ENERGY:PACKAGE0 *)
0.0699 s 23.3128 (* Average Power for rapl:::DRAM_ENERGY:PACKAGE1 *)
0.0699 s 0.0000 (* Average Power for rapl:::PP0_ENERGY:PACKAGE0 *)
0.0699 s 0.0000 (* Average Power for rapl:::PP0_ENERGY:PACKAGE1 *)
Total Time for Obtaining Degrees of Vertices  0.069850 
==Update Starts =======
root111=0
root=12736759
Max height=1711
Total Time for Creating Initial Rooted Tree at iter 1 is 8.059614 with Type:1
Found rapl component at cid 2
Found: rapl:::THERMAL_SPEC_CNT:PACKAGE0
Found: rapl:::THERMAL_SPEC_CNT:PACKAGE1
Found: rapl:::MINIMUM_POWER_CNT:PACKAGE0
Found: rapl:::MINIMUM_POWER_CNT:PACKAGE1
Found: rapl:::MAXIMUM_POWER_CNT:PACKAGE0
Found: rapl:::MAXIMUM_POWER_CNT:PACKAGE1
Found: rapl:::MAXIMUM_TIME_WINDOW_CNT:PACKAGE0
Found: rapl:::MAXIMUM_TIME_WINDOW_CNT:PACKAGE1
Found: rapl:::PACKAGE_ENERGY_CNT:PACKAGE0
Found: rapl:::PACKAGE_ENERGY_CNT:PACKAGE1
Found: rapl:::DRAM_ENERGY_CNT:PACKAGE0
Found: rapl:::DRAM_ENERGY_CNT:PACKAGE1
Found: rapl:::PP0_ENERGY_CNT:PACKAGE0
Found: rapl:::PP0_ENERGY_CNT:PACKAGE1
Found: rapl:::THERMAL_SPEC:PACKAGE0
Found: rapl:::THERMAL_SPEC:PACKAGE1
Found: rapl:::MINIMUM_POWER:PACKAGE0
Found: rapl:::MINIMUM_POWER:PACKAGE1
Found: rapl:::MAXIMUM_POWER:PACKAGE0
Found: rapl:::MAXIMUM_POWER:PACKAGE1
Found: rapl:::MAXIMUM_TIME_WINDOW:PACKAGE0
Found: rapl:::MAXIMUM_TIME_WINDOW:PACKAGE1
Found: rapl:::PACKAGE_ENERGY:PACKAGE0
Found: rapl:::PACKAGE_ENERGY:PACKAGE1
Found: rapl:::DRAM_ENERGY:PACKAGE0
Found: rapl:::DRAM_ENERGY:PACKAGE1
Found: rapl:::PP0_ENERGY:PACKAGE0
Found: rapl:::PP0_ENERGY:PACKAGE1
Starting Classify and Insert
Classify 999999 999999  
Time for insertion Flag  0.134390
Deleted Edges: 0 
Processed Inserts: 963
 Unprocessed Inserts: 0
 0.1427 s 0.0000 (* Average Power for rapl:::THERMAL_SPEC_CNT:PACKAGE0 *)
0.1427 s 0.0000 (* Average Power for rapl:::THERMAL_SPEC_CNT:PACKAGE1 *)
0.1427 s 0.0000 (* Average Power for rapl:::MINIMUM_POWER_CNT:PACKAGE0 *)
0.1427 s 0.0000 (* Average Power for rapl:::MINIMUM_POWER_CNT:PACKAGE1 *)
0.1427 s 0.0000 (* Average Power for rapl:::MAXIMUM_POWER_CNT:PACKAGE0 *)
0.1427 s 0.0000 (* Average Power for rapl:::MAXIMUM_POWER_CNT:PACKAGE1 *)
0.1427 s 0.0000 (* Average Power for rapl:::MAXIMUM_TIME_WINDOW_CNT:PACKAGE0 *)
0.1427 s 0.0000 (* Average Power for rapl:::MAXIMUM_TIME_WINDOW_CNT:PACKAGE1 *)
0.1427 s 0.0018 (* Average Power for rapl:::PACKAGE_ENERGY_CNT:PACKAGE0 *)
0.1427 s 0.0018 (* Average Power for rapl:::PACKAGE_ENERGY_CNT:PACKAGE1 *)
0.1427 s 0.0010 (* Average Power for rapl:::DRAM_ENERGY_CNT:PACKAGE0 *)
0.1427 s 0.0010 (* Average Power for rapl:::DRAM_ENERGY_CNT:PACKAGE1 *)
0.1427 s 0.0000 (* Average Power for rapl:::PP0_ENERGY_CNT:PACKAGE0 *)
0.1427 s 0.0000 (* Average Power for rapl:::PP0_ENERGY_CNT:PACKAGE1 *)
0.1427 s 32518698985.8740 (* Average Power for rapl:::THERMAL_SPEC:PACKAGE0 *)
0.1427 s 32518698985.8740 (* Average Power for rapl:::THERMAL_SPEC:PACKAGE1 *)
0.1427 s 32485405157.2332 (* Average Power for rapl:::MINIMUM_POWER:PACKAGE0 *)
0.1427 s 32485405157.2332 (* Average Power for rapl:::MINIMUM_POWER:PACKAGE1 *)
0.1427 s 32550266467.8446 (* Average Power for rapl:::MAXIMUM_POWER:PACKAGE0 *)
0.1427 s 32550266467.8446 (* Average Power for rapl:::MAXIMUM_POWER:PACKAGE1 *)
0.1427 s 32150493903.2018 (* Average Power for rapl:::MAXIMUM_TIME_WINDOW:PACKAGE0 *)
0.1427 s 32150493903.2018 (* Average Power for rapl:::MAXIMUM_TIME_WINDOW:PACKAGE1 *)
0.1427 s 15.5896 (* Total Energy for rapl:::PACKAGE_ENERGY:PACKAGE0 *)
0.1427 s 109.2736 (* Average Power for rapl:::PACKAGE_ENERGY:PACKAGE0 *)
0.1427 s 15.6927 (* Total Energy for rapl:::PACKAGE_ENERGY:PACKAGE1 *)
0.1427 s 109.9962 (* Average Power for rapl:::PACKAGE_ENERGY:PACKAGE1 *)
0.1427 s 14.7028 (* Average Power for rapl:::DRAM_ENERGY:PACKAGE0 *)
0.1427 s 15.0594 (* Average Power for rapl:::DRAM_ENERGY:PACKAGE1 *)
0.1427 s 0.0000 (* Average Power for rapl:::PP0_ENERGY:PACKAGE0 *)
0.1427 s 0.0000 (* Average Power for rapl:::PP0_ENERGY:PACKAGE1 *)
Time for Classify and insert  0.142601 
Found rapl component at cid 2
Found: rapl:::THERMAL_SPEC_CNT:PACKAGE0
Found: rapl:::THERMAL_SPEC_CNT:PACKAGE1
Found: rapl:::MINIMUM_POWER_CNT:PACKAGE0
Found: rapl:::MINIMUM_POWER_CNT:PACKAGE1
Found: rapl:::MAXIMUM_POWER_CNT:PACKAGE0
Found: rapl:::MAXIMUM_POWER_CNT:PACKAGE1
Found: rapl:::MAXIMUM_TIME_WINDOW_CNT:PACKAGE0
Found: rapl:::MAXIMUM_TIME_WINDOW_CNT:PACKAGE1
Found: rapl:::PACKAGE_ENERGY_CNT:PACKAGE0
Found: rapl:::PACKAGE_ENERGY_CNT:PACKAGE1
Found: rapl:::DRAM_ENERGY_CNT:PACKAGE0
Found: rapl:::DRAM_ENERGY_CNT:PACKAGE1
Found: rapl:::PP0_ENERGY_CNT:PACKAGE0
Found: rapl:::PP0_ENERGY_CNT:PACKAGE1
Found: rapl:::THERMAL_SPEC:PACKAGE0
Found: rapl:::THERMAL_SPEC:PACKAGE1
Found: rapl:::MINIMUM_POWER:PACKAGE0
Found: rapl:::MINIMUM_POWER:PACKAGE1
Found: rapl:::MAXIMUM_POWER:PACKAGE0
Found: rapl:::MAXIMUM_POWER:PACKAGE1
Found: rapl:::MAXIMUM_TIME_WINDOW:PACKAGE0
Found: rapl:::MAXIMUM_TIME_WINDOW:PACKAGE1
Found: rapl:::PACKAGE_ENERGY:PACKAGE0
Found: rapl:::PACKAGE_ENERGY:PACKAGE1
Found: rapl:::DRAM_ENERGY:PACKAGE0
Found: rapl:::DRAM_ENERGY:PACKAGE1
Found: rapl:::PP0_ENERGY:PACKAGE0
Found: rapl:::PP0_ENERGY:PACKAGE1
Starting process_deletions
0.0000 s 0.0520 (* Average Power for rapl:::THERMAL_SPEC_CNT:PACKAGE0 *)
0.0000 s 0.0520 (* Average Power for rapl:::THERMAL_SPEC_CNT:PACKAGE1 *)
0.0000 s 0.0247 (* Average Power for rapl:::MINIMUM_POWER_CNT:PACKAGE0 *)
0.0000 s 0.0247 (* Average Power for rapl:::MINIMUM_POWER_CNT:PACKAGE1 *)
0.0000 s 0.1039 (* Average Power for rapl:::MAXIMUM_POWER_CNT:PACKAGE0 *)
0.0000 s 0.1039 (* Average Power for rapl:::MAXIMUM_POWER_CNT:PACKAGE1 *)
0.0000 s 0.0021 (* Average Power for rapl:::MAXIMUM_TIME_WINDOW_CNT:PACKAGE0 *)
0.0000 s 0.0021 (* Average Power for rapl:::MAXIMUM_TIME_WINDOW_CNT:PACKAGE1 *)
0.0000 s 0.0000 (* Average Power for rapl:::PACKAGE_ENERGY_CNT:PACKAGE0 *)
0.0000 s 0.0000 (* Average Power for rapl:::PACKAGE_ENERGY_CNT:PACKAGE1 *)
0.0000 s 0.0000 (* Average Power for rapl:::DRAM_ENERGY_CNT:PACKAGE0 *)
0.0000 s 0.0000 (* Average Power for rapl:::DRAM_ENERGY_CNT:PACKAGE1 *)
0.0000 s 0.0000 (* Average Power for rapl:::PP0_ENERGY_CNT:PACKAGE0 *)
0.0000 s 0.0000 (* Average Power for rapl:::PP0_ENERGY_CNT:PACKAGE1 *)
0.0000 s 207863513173400.2812 (* Average Power for rapl:::THERMAL_SPEC:PACKAGE0 *)
0.0000 s 207863513173400.2812 (* Average Power for rapl:::THERMAL_SPEC:PACKAGE1 *)
0.0000 s 207650694936382.8438 (* Average Power for rapl:::MINIMUM_POWER:PACKAGE0 *)
0.0000 s 207650694936382.8438 (* Average Power for rapl:::MINIMUM_POWER:PACKAGE1 *)
0.0000 s 208065296390720.5000 (* Average Power for rapl:::MAXIMUM_POWER:PACKAGE0 *)
0.0000 s 208065296390720.5000 (* Average Power for rapl:::MAXIMUM_POWER:PACKAGE1 *)
0.0000 s 205509901115125.8750 (* Average Power for rapl:::MAXIMUM_TIME_WINDOW:PACKAGE0 *)
0.0000 s 205509901115125.8750 (* Average Power for rapl:::MAXIMUM_TIME_WINDOW:PACKAGE1 *)
0.0000 s 0.0000 (* Total Energy for rapl:::PACKAGE_ENERGY:PACKAGE0 *)
0.0000 s 0.0000 (* Average Power for rapl:::PACKAGE_ENERGY:PACKAGE0 *)
0.0000 s 0.0000 (* Total Energy for rapl:::PACKAGE_ENERGY:PACKAGE1 *)
0.0000 s 0.0000 (* Average Power for rapl:::PACKAGE_ENERGY:PACKAGE1 *)
0.0000 s 0.0000 (* Average Power for rapl:::DRAM_ENERGY:PACKAGE0 *)
0.0000 s 0.0000 (* Average Power for rapl:::DRAM_ENERGY:PACKAGE1 *)
0.0000 s 0.0000 (* Average Power for rapl:::PP0_ENERGY:PACKAGE0 *)
0.0000 s 0.0000 (* Average Power for rapl:::PP0_ENERGY:PACKAGE1 *)
Time for Deletion  0.000000 
Total Time for Updating at Batch 1 is 0.143392 
=======
Total Time for Updating  8.370986 
	Command being timed: "/home/users/norris/research/easy-parallel-graph/autoperf/mst/lib/xpscode/MST_May5/a.out /home/users/norris/research/easy-parallel-graph/experiment/datasets/rmat248_ER.diff /home/users/norris/research/easy-parallel-graph/experiment/datasets/rmat248_ER.cert /home/users/norris/research/easy-parallel-graph/experiment/datasets/CE/rmat24/rmat24e1m100 100 16777216 1000000 64"
	User time (seconds): 117.20
	System time (seconds): 3.45
	Percent of CPU this job got: 111%
	Elapsed (wall clock) time (h:mm:ss or m:ss): 1:48.11
	Average shared text size (kbytes): 0
	Average unshared data size (kbytes): 0
	Average stack size (kbytes): 0
	Average total size (kbytes): 0
	Maximum resident set size (kbytes): 2783940
	Average resident set size (kbytes): 0
	Major (requiring I/O) page faults: 0
	Minor (reclaiming a frame) page faults: 784023
	Voluntary context switches: 608
	Involuntary context switches: 150
	Swaps: 0
	File system inputs: 0
	File system outputs: 32
	Socket messages sent: 0
	Socket messages received: 0
	Signals delivered: 0
	Page size (bytes): 4096
	Exit status: 0
